[2024-04-05T16:09:18.860+0000] {taskinstance.py:1165} INFO - Dependencies all met for <TaskInstance: parallel_dag.load_a scheduled__2024-04-03T00:00:00+00:00 [queued]>
[2024-04-05T16:09:18.981+0000] {taskinstance.py:1165} INFO - Dependencies all met for <TaskInstance: parallel_dag.load_a scheduled__2024-04-03T00:00:00+00:00 [queued]>
[2024-04-05T16:09:18.994+0000] {taskinstance.py:1362} INFO - 
--------------------------------------------------------------------------------
[2024-04-05T16:09:19.005+0000] {taskinstance.py:1363} INFO - Starting attempt 1 of 1
[2024-04-05T16:09:19.010+0000] {taskinstance.py:1364} INFO - 
--------------------------------------------------------------------------------
[2024-04-05T16:09:19.722+0000] {taskinstance.py:1383} INFO - Executing <Task(BashOperator): load_a> on 2024-04-03 00:00:00+00:00
[2024-04-05T16:09:19.778+0000] {standard_task_runner.py:55} INFO - Started process 3255 to run task
[2024-04-05T16:09:19.825+0000] {standard_task_runner.py:82} INFO - Running: ['***', 'tasks', 'run', 'parallel_dag', 'load_a', 'scheduled__2024-04-03T00:00:00+00:00', '--job-id', '113', '--raw', '--subdir', 'DAGS_FOLDER/parallel_dag.py', '--cfg-path', '/tmp/tmp38cbczi4']
[2024-04-05T16:09:19.830+0000] {standard_task_runner.py:83} INFO - Job 113: Subtask load_a
[2024-04-05T16:09:21.169+0000] {task_command.py:376} INFO - Running <TaskInstance: parallel_dag.load_a scheduled__2024-04-03T00:00:00+00:00 [running]> on host a868c0c748e3
[2024-04-05T16:09:23.062+0000] {taskinstance.py:1592} INFO - Exporting the following env vars:
AIRFLOW_CTX_DAG_OWNER=***
AIRFLOW_CTX_DAG_ID=parallel_dag
AIRFLOW_CTX_TASK_ID=load_a
AIRFLOW_CTX_EXECUTION_DATE=2024-04-03T00:00:00+00:00
AIRFLOW_CTX_TRY_NUMBER=1
AIRFLOW_CTX_DAG_RUN_ID=scheduled__2024-04-03T00:00:00+00:00
[2024-04-05T16:09:23.079+0000] {subprocess.py:63} INFO - Tmp dir root location: 
 /tmp
[2024-04-05T16:09:23.088+0000] {subprocess.py:75} INFO - Running command: ['/bin/bash', '-c', 'sleep 1']
[2024-04-05T16:09:23.180+0000] {subprocess.py:86} INFO - Output:
[2024-04-05T16:09:24.211+0000] {subprocess.py:97} INFO - Command exited with return code 0
[2024-04-05T16:09:24.439+0000] {taskinstance.py:1406} INFO - Marking task as SUCCESS. dag_id=parallel_dag, task_id=load_a, execution_date=20240403T000000, start_date=20240405T160918, end_date=20240405T160924
[2024-04-05T16:09:28.053+0000] {local_task_job.py:164} INFO - Task exited with return code 0
[2024-04-05T16:09:29.158+0000] {local_task_job.py:273} INFO - 1 downstream tasks scheduled from follow-on schedule check
