[2024-04-11T15:16:51.696+0000] {taskinstance.py:1165} INFO - Dependencies all met for <TaskInstance: parallel_dag.extract_a scheduled__2024-04-10T00:00:00+00:00 [queued]>
[2024-04-11T15:16:53.129+0000] {taskinstance.py:1165} INFO - Dependencies all met for <TaskInstance: parallel_dag.extract_a scheduled__2024-04-10T00:00:00+00:00 [queued]>
[2024-04-11T15:16:53.177+0000] {taskinstance.py:1362} INFO - 
--------------------------------------------------------------------------------
[2024-04-11T15:16:53.229+0000] {taskinstance.py:1363} INFO - Starting attempt 1 of 1
[2024-04-11T15:16:53.277+0000] {taskinstance.py:1364} INFO - 
--------------------------------------------------------------------------------
[2024-04-11T15:16:59.302+0000] {taskinstance.py:1383} INFO - Executing <Task(BashOperator): extract_a> on 2024-04-10 00:00:00+00:00
[2024-04-11T15:17:00.024+0000] {standard_task_runner.py:55} INFO - Started process 16257 to run task
[2024-04-11T15:17:01.076+0000] {standard_task_runner.py:82} INFO - Running: ['***', 'tasks', 'run', 'parallel_dag', 'extract_a', 'scheduled__2024-04-10T00:00:00+00:00', '--job-id', '190', '--raw', '--subdir', 'DAGS_FOLDER/parallel_dag.py', '--cfg-path', '/tmp/tmpoeh8amqm']
[2024-04-11T15:17:01.186+0000] {standard_task_runner.py:83} INFO - Job 190: Subtask extract_a
[2024-04-11T15:17:08.595+0000] {task_command.py:376} INFO - Running <TaskInstance: parallel_dag.extract_a scheduled__2024-04-10T00:00:00+00:00 [running]> on host a868c0c748e3
[2024-04-11T15:17:13.204+0000] {taskinstance.py:1592} INFO - Exporting the following env vars:
AIRFLOW_CTX_DAG_OWNER=***
AIRFLOW_CTX_DAG_ID=parallel_dag
AIRFLOW_CTX_TASK_ID=extract_a
AIRFLOW_CTX_EXECUTION_DATE=2024-04-10T00:00:00+00:00
AIRFLOW_CTX_TRY_NUMBER=1
AIRFLOW_CTX_DAG_RUN_ID=scheduled__2024-04-10T00:00:00+00:00
[2024-04-11T15:17:13.332+0000] {subprocess.py:63} INFO - Tmp dir root location: 
 /tmp
[2024-04-11T15:17:13.349+0000] {subprocess.py:75} INFO - Running command: ['/bin/bash', '-c', 'sleep 1']
[2024-04-11T15:17:13.774+0000] {subprocess.py:86} INFO - Output:
[2024-04-11T15:17:15.154+0000] {subprocess.py:97} INFO - Command exited with return code 0
[2024-04-11T15:17:15.945+0000] {taskinstance.py:1159} INFO - Dependencies not met for <TaskInstance: parallel_dag.extract_a scheduled__2024-04-10T00:00:00+00:00 [running]>, dependency 'Task Instance State' FAILED: Task is in the 'running' state.
[2024-04-11T15:17:16.457+0000] {taskinstance.py:1159} INFO - Dependencies not met for <TaskInstance: parallel_dag.extract_a scheduled__2024-04-10T00:00:00+00:00 [running]>, dependency 'Task Instance Not Running' FAILED: Task is in the running state
[2024-04-11T15:17:16.546+0000] {taskinstance.py:1406} INFO - Marking task as SUCCESS. dag_id=parallel_dag, task_id=extract_a, execution_date=20240410T000000, start_date=20240411T151651, end_date=20240411T151716
[2024-04-11T15:17:16.546+0000] {local_task_job.py:103} INFO - Task is not able to be run
[2024-04-11T15:17:17.605+0000] {local_task_job.py:164} INFO - Task exited with return code 0
[2024-04-11T15:17:18.546+0000] {local_task_job.py:273} INFO - 1 downstream tasks scheduled from follow-on schedule check
