[2024-04-06T05:27:17.777+0000] {taskinstance.py:1165} INFO - Dependencies all met for <TaskInstance: example_bash_operator.this_will_skip scheduled__2024-04-05T00:00:00+00:00 [queued]>
[2024-04-06T05:27:18.011+0000] {taskinstance.py:1165} INFO - Dependencies all met for <TaskInstance: example_bash_operator.this_will_skip scheduled__2024-04-05T00:00:00+00:00 [queued]>
[2024-04-06T05:27:18.032+0000] {taskinstance.py:1362} INFO - 
--------------------------------------------------------------------------------
[2024-04-06T05:27:18.033+0000] {taskinstance.py:1363} INFO - Starting attempt 1 of 1
[2024-04-06T05:27:18.034+0000] {taskinstance.py:1364} INFO - 
--------------------------------------------------------------------------------
[2024-04-06T05:27:18.395+0000] {taskinstance.py:1383} INFO - Executing <Task(BashOperator): this_will_skip> on 2024-04-05 00:00:00+00:00
[2024-04-06T05:27:18.473+0000] {standard_task_runner.py:55} INFO - Started process 5189 to run task
[2024-04-06T05:27:18.642+0000] {standard_task_runner.py:82} INFO - Running: ['***', 'tasks', 'run', 'example_bash_operator', 'this_will_skip', 'scheduled__2024-04-05T00:00:00+00:00', '--job-id', '124', '--raw', '--subdir', '/home/***/.local/lib/python3.7/site-packages/***/example_dags/example_bash_operator.py', '--cfg-path', '/tmp/tmpjs09zw7z']
[2024-04-06T05:27:18.662+0000] {standard_task_runner.py:83} INFO - Job 124: Subtask this_will_skip
[2024-04-06T05:27:20.709+0000] {task_command.py:376} INFO - Running <TaskInstance: example_bash_operator.this_will_skip scheduled__2024-04-05T00:00:00+00:00 [running]> on host a868c0c748e3
[2024-04-06T05:27:21.552+0000] {taskinstance.py:1592} INFO - Exporting the following env vars:
AIRFLOW_CTX_DAG_OWNER=***
AIRFLOW_CTX_DAG_ID=example_bash_operator
AIRFLOW_CTX_TASK_ID=this_will_skip
AIRFLOW_CTX_EXECUTION_DATE=2024-04-05T00:00:00+00:00
AIRFLOW_CTX_TRY_NUMBER=1
AIRFLOW_CTX_DAG_RUN_ID=scheduled__2024-04-05T00:00:00+00:00
[2024-04-06T05:27:21.568+0000] {subprocess.py:63} INFO - Tmp dir root location: 
 /tmp
[2024-04-06T05:27:21.579+0000] {subprocess.py:75} INFO - Running command: ['/bin/bash', '-c', 'echo "hello world"; exit 99;']
[2024-04-06T05:27:21.848+0000] {subprocess.py:86} INFO - Output:
[2024-04-06T05:27:21.864+0000] {subprocess.py:93} INFO - hello world
[2024-04-06T05:27:21.877+0000] {subprocess.py:97} INFO - Command exited with return code 99
[2024-04-06T05:27:21.890+0000] {taskinstance.py:1481} INFO - Bash command returned exit code 99. Skipping.
[2024-04-06T05:27:21.993+0000] {taskinstance.py:1406} INFO - Marking task as SKIPPED. dag_id=example_bash_operator, task_id=this_will_skip, execution_date=20240405T000000, start_date=20240406T052717, end_date=20240406T052721
[2024-04-06T05:27:22.206+0000] {local_task_job.py:164} INFO - Task exited with return code 0
[2024-04-06T05:27:22.685+0000] {local_task_job.py:273} INFO - 0 downstream tasks scheduled from follow-on schedule check
