[2024-04-16T04:14:40.317+0000] {processor.py:154} INFO - Started process (PID=23762) to work on /opt/airflow/dags/consumer_2.py
[2024-04-16T04:14:40.408+0000] {processor.py:756} INFO - Processing file /opt/airflow/dags/consumer_2.py for tasks to queue
[2024-04-16T04:14:40.518+0000] {logging_mixin.py:120} INFO - [2024-04-16T04:14:40.515+0000] {dagbag.py:537} INFO - Filling up the DagBag from /opt/airflow/dags/consumer_2.py
[2024-04-16T04:14:41.613+0000] {processor.py:766} INFO - DAG(s) dict_keys(['consumer']) retrieved from /opt/airflow/dags/consumer_2.py
[2024-04-16T04:14:44.977+0000] {logging_mixin.py:120} INFO - [2024-04-16T04:14:44.976+0000] {dag.py:2585} INFO - Sync 1 DAGs
[2024-04-16T04:14:45.282+0000] {logging_mixin.py:120} INFO - [2024-04-16T04:14:45.282+0000] {dag.py:3340} INFO - Setting next_dagrun for consumer to None, run_after=None
[2024-04-16T04:14:45.721+0000] {processor.py:176} INFO - Processing /opt/airflow/dags/consumer_2.py took 5.724 seconds
[2024-04-16T10:10:46.985+0000] {processor.py:154} INFO - Started process (PID=23929) to work on /opt/airflow/dags/consumer_2.py
[2024-04-16T10:10:47.042+0000] {processor.py:756} INFO - Processing file /opt/airflow/dags/consumer_2.py for tasks to queue
[2024-04-16T10:10:47.149+0000] {logging_mixin.py:120} INFO - [2024-04-16T10:10:47.148+0000] {dagbag.py:537} INFO - Filling up the DagBag from /opt/airflow/dags/consumer_2.py
[2024-04-16T10:10:50.743+0000] {processor.py:766} INFO - DAG(s) dict_keys(['consumer']) retrieved from /opt/airflow/dags/consumer_2.py
[2024-04-16T10:10:56.673+0000] {logging_mixin.py:120} INFO - [2024-04-16T10:10:56.618+0000] {dag.py:2585} INFO - Sync 1 DAGs
[2024-04-16T10:11:01.638+0000] {logging_mixin.py:120} INFO - [2024-04-16T10:11:01.637+0000] {dag.py:3340} INFO - Setting next_dagrun for consumer to None, run_after=None
[2024-04-16T10:11:04.582+0000] {processor.py:176} INFO - Processing /opt/airflow/dags/consumer_2.py took 18.077 seconds
[2024-04-16T10:22:57.565+0000] {processor.py:154} INFO - Started process (PID=48) to work on /opt/airflow/dags/consumer_2.py
[2024-04-16T10:22:57.573+0000] {processor.py:756} INFO - Processing file /opt/airflow/dags/consumer_2.py for tasks to queue
[2024-04-16T10:22:57.578+0000] {logging_mixin.py:120} INFO - [2024-04-16T10:22:57.577+0000] {dagbag.py:537} INFO - Filling up the DagBag from /opt/airflow/dags/consumer_2.py
[2024-04-16T10:22:57.789+0000] {processor.py:766} INFO - DAG(s) dict_keys(['consumer']) retrieved from /opt/airflow/dags/consumer_2.py
[2024-04-16T10:22:58.268+0000] {logging_mixin.py:120} INFO - [2024-04-16T10:22:58.268+0000] {dag.py:2585} INFO - Sync 1 DAGs
[2024-04-16T10:22:58.364+0000] {logging_mixin.py:120} INFO - [2024-04-16T10:22:58.364+0000] {dag.py:3340} INFO - Setting next_dagrun for consumer to None, run_after=None
[2024-04-16T10:22:58.547+0000] {processor.py:176} INFO - Processing /opt/airflow/dags/consumer_2.py took 1.001 seconds
[2024-04-16T10:23:31.462+0000] {processor.py:154} INFO - Started process (PID=116) to work on /opt/airflow/dags/consumer_2.py
[2024-04-16T10:23:31.472+0000] {processor.py:756} INFO - Processing file /opt/airflow/dags/consumer_2.py for tasks to queue
[2024-04-16T10:23:31.474+0000] {logging_mixin.py:120} INFO - [2024-04-16T10:23:31.474+0000] {dagbag.py:537} INFO - Filling up the DagBag from /opt/airflow/dags/consumer_2.py
[2024-04-16T10:23:31.651+0000] {processor.py:766} INFO - DAG(s) dict_keys(['consumer']) retrieved from /opt/airflow/dags/consumer_2.py
[2024-04-16T10:23:31.882+0000] {logging_mixin.py:120} INFO - [2024-04-16T10:23:31.881+0000] {dag.py:2585} INFO - Sync 1 DAGs
[2024-04-16T10:23:31.969+0000] {logging_mixin.py:120} INFO - [2024-04-16T10:23:31.969+0000] {dag.py:3340} INFO - Setting next_dagrun for consumer to None, run_after=None
[2024-04-16T10:23:32.076+0000] {processor.py:176} INFO - Processing /opt/airflow/dags/consumer_2.py took 0.628 seconds
[2024-04-16T10:24:05.018+0000] {processor.py:154} INFO - Started process (PID=174) to work on /opt/airflow/dags/consumer_2.py
[2024-04-16T10:24:05.021+0000] {processor.py:756} INFO - Processing file /opt/airflow/dags/consumer_2.py for tasks to queue
[2024-04-16T10:24:05.025+0000] {logging_mixin.py:120} INFO - [2024-04-16T10:24:05.024+0000] {dagbag.py:537} INFO - Filling up the DagBag from /opt/airflow/dags/consumer_2.py
[2024-04-16T10:24:05.076+0000] {processor.py:766} INFO - DAG(s) dict_keys(['consumer']) retrieved from /opt/airflow/dags/consumer_2.py
[2024-04-16T10:24:05.234+0000] {logging_mixin.py:120} INFO - [2024-04-16T10:24:05.234+0000] {dag.py:2585} INFO - Sync 1 DAGs
[2024-04-16T10:24:05.275+0000] {logging_mixin.py:120} INFO - [2024-04-16T10:24:05.275+0000] {dag.py:3340} INFO - Setting next_dagrun for consumer to None, run_after=None
[2024-04-16T10:24:05.342+0000] {processor.py:176} INFO - Processing /opt/airflow/dags/consumer_2.py took 0.344 seconds
[2024-04-16T10:24:55.143+0000] {processor.py:154} INFO - Started process (PID=251) to work on /opt/airflow/dags/consumer_2.py
[2024-04-16T10:24:55.145+0000] {processor.py:756} INFO - Processing file /opt/airflow/dags/consumer_2.py for tasks to queue
[2024-04-16T10:24:55.147+0000] {logging_mixin.py:120} INFO - [2024-04-16T10:24:55.146+0000] {dagbag.py:537} INFO - Filling up the DagBag from /opt/airflow/dags/consumer_2.py
[2024-04-16T10:24:55.183+0000] {processor.py:766} INFO - DAG(s) dict_keys(['consumer']) retrieved from /opt/airflow/dags/consumer_2.py
[2024-04-16T10:24:55.259+0000] {logging_mixin.py:120} INFO - [2024-04-16T10:24:55.259+0000] {dag.py:2585} INFO - Sync 1 DAGs
[2024-04-16T10:24:55.301+0000] {logging_mixin.py:120} INFO - [2024-04-16T10:24:55.301+0000] {dag.py:3340} INFO - Setting next_dagrun for consumer to None, run_after=None
[2024-04-16T10:24:55.344+0000] {processor.py:176} INFO - Processing /opt/airflow/dags/consumer_2.py took 0.207 seconds
[2024-04-16T10:25:26.144+0000] {processor.py:154} INFO - Started process (PID=326) to work on /opt/airflow/dags/consumer_2.py
[2024-04-16T10:25:26.146+0000] {processor.py:756} INFO - Processing file /opt/airflow/dags/consumer_2.py for tasks to queue
[2024-04-16T10:25:26.148+0000] {logging_mixin.py:120} INFO - [2024-04-16T10:25:26.148+0000] {dagbag.py:537} INFO - Filling up the DagBag from /opt/airflow/dags/consumer_2.py
[2024-04-16T10:25:26.188+0000] {processor.py:766} INFO - DAG(s) dict_keys(['consumer']) retrieved from /opt/airflow/dags/consumer_2.py
[2024-04-16T10:25:26.334+0000] {logging_mixin.py:120} INFO - [2024-04-16T10:25:26.334+0000] {dag.py:2585} INFO - Sync 1 DAGs
[2024-04-16T10:25:26.395+0000] {logging_mixin.py:120} INFO - [2024-04-16T10:25:26.394+0000] {dag.py:3340} INFO - Setting next_dagrun for consumer to None, run_after=None
[2024-04-16T10:25:26.446+0000] {processor.py:176} INFO - Processing /opt/airflow/dags/consumer_2.py took 0.308 seconds
[2024-04-16T10:26:02.039+0000] {processor.py:154} INFO - Started process (PID=401) to work on /opt/airflow/dags/consumer_2.py
[2024-04-16T10:26:02.050+0000] {processor.py:756} INFO - Processing file /opt/airflow/dags/consumer_2.py for tasks to queue
[2024-04-16T10:26:02.058+0000] {logging_mixin.py:120} INFO - [2024-04-16T10:26:02.057+0000] {dagbag.py:537} INFO - Filling up the DagBag from /opt/airflow/dags/consumer_2.py
[2024-04-16T10:26:02.289+0000] {processor.py:766} INFO - DAG(s) dict_keys(['consumer']) retrieved from /opt/airflow/dags/consumer_2.py
[2024-04-16T10:26:02.839+0000] {logging_mixin.py:120} INFO - [2024-04-16T10:26:02.838+0000] {dag.py:2585} INFO - Sync 1 DAGs
[2024-04-16T10:26:03.313+0000] {logging_mixin.py:120} INFO - [2024-04-16T10:26:03.312+0000] {dag.py:3340} INFO - Setting next_dagrun for consumer to None, run_after=None
[2024-04-16T10:26:03.666+0000] {processor.py:176} INFO - Processing /opt/airflow/dags/consumer_2.py took 1.659 seconds
[2024-04-16T10:26:34.298+0000] {processor.py:154} INFO - Started process (PID=470) to work on /opt/airflow/dags/consumer_2.py
[2024-04-16T10:26:34.301+0000] {processor.py:756} INFO - Processing file /opt/airflow/dags/consumer_2.py for tasks to queue
[2024-04-16T10:26:34.303+0000] {logging_mixin.py:120} INFO - [2024-04-16T10:26:34.303+0000] {dagbag.py:537} INFO - Filling up the DagBag from /opt/airflow/dags/consumer_2.py
[2024-04-16T10:26:34.343+0000] {processor.py:766} INFO - DAG(s) dict_keys(['consumer']) retrieved from /opt/airflow/dags/consumer_2.py
[2024-04-16T10:26:34.387+0000] {logging_mixin.py:120} INFO - [2024-04-16T10:26:34.387+0000] {dag.py:2585} INFO - Sync 1 DAGs
[2024-04-16T10:26:34.431+0000] {logging_mixin.py:120} INFO - [2024-04-16T10:26:34.431+0000] {dag.py:3340} INFO - Setting next_dagrun for consumer to None, run_after=None
[2024-04-16T10:26:34.486+0000] {processor.py:176} INFO - Processing /opt/airflow/dags/consumer_2.py took 0.195 seconds
[2024-04-16T10:27:05.557+0000] {processor.py:154} INFO - Started process (PID=531) to work on /opt/airflow/dags/consumer_2.py
[2024-04-16T10:27:05.560+0000] {processor.py:756} INFO - Processing file /opt/airflow/dags/consumer_2.py for tasks to queue
[2024-04-16T10:27:05.562+0000] {logging_mixin.py:120} INFO - [2024-04-16T10:27:05.562+0000] {dagbag.py:537} INFO - Filling up the DagBag from /opt/airflow/dags/consumer_2.py
[2024-04-16T10:27:05.596+0000] {processor.py:766} INFO - DAG(s) dict_keys(['consumer']) retrieved from /opt/airflow/dags/consumer_2.py
[2024-04-16T10:27:05.717+0000] {logging_mixin.py:120} INFO - [2024-04-16T10:27:05.717+0000] {dag.py:2585} INFO - Sync 1 DAGs
[2024-04-16T10:27:05.751+0000] {logging_mixin.py:120} INFO - [2024-04-16T10:27:05.751+0000] {dag.py:3340} INFO - Setting next_dagrun for consumer to None, run_after=None
[2024-04-16T10:27:05.846+0000] {processor.py:176} INFO - Processing /opt/airflow/dags/consumer_2.py took 0.296 seconds
[2024-04-16T10:27:36.519+0000] {processor.py:154} INFO - Started process (PID=605) to work on /opt/airflow/dags/consumer_2.py
[2024-04-16T10:27:36.522+0000] {processor.py:756} INFO - Processing file /opt/airflow/dags/consumer_2.py for tasks to queue
[2024-04-16T10:27:36.524+0000] {logging_mixin.py:120} INFO - [2024-04-16T10:27:36.524+0000] {dagbag.py:537} INFO - Filling up the DagBag from /opt/airflow/dags/consumer_2.py
[2024-04-16T10:27:36.559+0000] {processor.py:766} INFO - DAG(s) dict_keys(['consumer']) retrieved from /opt/airflow/dags/consumer_2.py
[2024-04-16T10:27:36.653+0000] {logging_mixin.py:120} INFO - [2024-04-16T10:27:36.653+0000] {dag.py:2585} INFO - Sync 1 DAGs
[2024-04-16T10:27:36.711+0000] {logging_mixin.py:120} INFO - [2024-04-16T10:27:36.711+0000] {dag.py:3340} INFO - Setting next_dagrun for consumer to None, run_after=None
[2024-04-16T10:27:36.760+0000] {processor.py:176} INFO - Processing /opt/airflow/dags/consumer_2.py took 0.246 seconds
[2024-04-16T10:28:16.317+0000] {processor.py:154} INFO - Started process (PID=681) to work on /opt/airflow/dags/consumer_2.py
[2024-04-16T10:28:16.366+0000] {processor.py:756} INFO - Processing file /opt/airflow/dags/consumer_2.py for tasks to queue
[2024-04-16T10:28:16.402+0000] {logging_mixin.py:120} INFO - [2024-04-16T10:28:16.400+0000] {dagbag.py:537} INFO - Filling up the DagBag from /opt/airflow/dags/consumer_2.py
[2024-04-16T10:28:17.066+0000] {processor.py:766} INFO - DAG(s) dict_keys(['consumer']) retrieved from /opt/airflow/dags/consumer_2.py
[2024-04-16T13:04:04.934+0000] {logging_mixin.py:120} INFO - [2024-04-16T13:04:04.916+0000] {dag.py:2585} INFO - Sync 1 DAGs
[2024-04-16T13:04:05.393+0000] {logging_mixin.py:120} INFO - [2024-04-16T13:04:05.393+0000] {dag.py:3340} INFO - Setting next_dagrun for consumer to None, run_after=None
[2024-04-16T13:04:05.820+0000] {processor.py:176} INFO - Processing /opt/airflow/dags/consumer_2.py took 46.594 seconds
[2024-04-16T13:04:12.054+0000] {processor.py:154} INFO - Started process (PID=713) to work on /opt/airflow/dags/consumer_2.py
[2024-04-16T13:04:12.056+0000] {processor.py:756} INFO - Processing file /opt/airflow/dags/consumer_2.py for tasks to queue
[2024-04-16T13:04:12.060+0000] {logging_mixin.py:120} INFO - [2024-04-16T13:04:12.059+0000] {dagbag.py:537} INFO - Filling up the DagBag from /opt/airflow/dags/consumer_2.py
[2024-04-16T13:04:12.114+0000] {processor.py:766} INFO - DAG(s) dict_keys(['consumer']) retrieved from /opt/airflow/dags/consumer_2.py
[2024-04-16T13:04:12.222+0000] {logging_mixin.py:120} INFO - [2024-04-16T13:04:12.221+0000] {dag.py:2585} INFO - Sync 1 DAGs
[2024-04-16T13:04:12.292+0000] {logging_mixin.py:120} INFO - [2024-04-16T13:04:12.292+0000] {dag.py:3340} INFO - Setting next_dagrun for consumer to None, run_after=None
[2024-04-16T13:04:12.354+0000] {processor.py:176} INFO - Processing /opt/airflow/dags/consumer_2.py took 0.317 seconds
[2024-04-16T13:04:43.915+0000] {processor.py:154} INFO - Started process (PID=782) to work on /opt/airflow/dags/consumer_2.py
[2024-04-16T13:04:43.919+0000] {processor.py:756} INFO - Processing file /opt/airflow/dags/consumer_2.py for tasks to queue
[2024-04-16T13:04:43.924+0000] {logging_mixin.py:120} INFO - [2024-04-16T13:04:43.924+0000] {dagbag.py:537} INFO - Filling up the DagBag from /opt/airflow/dags/consumer_2.py
[2024-04-16T13:04:43.978+0000] {processor.py:766} INFO - DAG(s) dict_keys(['consumer']) retrieved from /opt/airflow/dags/consumer_2.py
[2024-04-16T13:04:44.042+0000] {logging_mixin.py:120} INFO - [2024-04-16T13:04:44.041+0000] {dag.py:2585} INFO - Sync 1 DAGs
[2024-04-16T13:04:44.110+0000] {logging_mixin.py:120} INFO - [2024-04-16T13:04:44.110+0000] {dag.py:3340} INFO - Setting next_dagrun for consumer to None, run_after=None
[2024-04-16T13:04:44.179+0000] {processor.py:176} INFO - Processing /opt/airflow/dags/consumer_2.py took 0.273 seconds
[2024-04-16T13:05:14.429+0000] {processor.py:154} INFO - Started process (PID=858) to work on /opt/airflow/dags/consumer_2.py
[2024-04-16T13:05:14.431+0000] {processor.py:756} INFO - Processing file /opt/airflow/dags/consumer_2.py for tasks to queue
[2024-04-16T13:05:14.433+0000] {logging_mixin.py:120} INFO - [2024-04-16T13:05:14.433+0000] {dagbag.py:537} INFO - Filling up the DagBag from /opt/airflow/dags/consumer_2.py
[2024-04-16T13:05:14.470+0000] {processor.py:766} INFO - DAG(s) dict_keys(['consumer']) retrieved from /opt/airflow/dags/consumer_2.py
[2024-04-16T13:05:14.611+0000] {logging_mixin.py:120} INFO - [2024-04-16T13:05:14.611+0000] {dag.py:2585} INFO - Sync 1 DAGs
[2024-04-16T13:05:14.652+0000] {logging_mixin.py:120} INFO - [2024-04-16T13:05:14.652+0000] {dag.py:3340} INFO - Setting next_dagrun for consumer to None, run_after=None
[2024-04-16T13:05:14.712+0000] {processor.py:176} INFO - Processing /opt/airflow/dags/consumer_2.py took 0.289 seconds
[2024-04-16T13:05:45.340+0000] {processor.py:154} INFO - Started process (PID=936) to work on /opt/airflow/dags/consumer_2.py
[2024-04-16T13:05:45.343+0000] {processor.py:756} INFO - Processing file /opt/airflow/dags/consumer_2.py for tasks to queue
[2024-04-16T13:05:45.346+0000] {logging_mixin.py:120} INFO - [2024-04-16T13:05:45.346+0000] {dagbag.py:537} INFO - Filling up the DagBag from /opt/airflow/dags/consumer_2.py
[2024-04-16T13:05:45.399+0000] {processor.py:766} INFO - DAG(s) dict_keys(['consumer']) retrieved from /opt/airflow/dags/consumer_2.py
[2024-04-16T13:05:45.555+0000] {logging_mixin.py:120} INFO - [2024-04-16T13:05:45.554+0000] {dag.py:2585} INFO - Sync 1 DAGs
[2024-04-16T13:05:45.607+0000] {logging_mixin.py:120} INFO - [2024-04-16T13:05:45.607+0000] {dag.py:3340} INFO - Setting next_dagrun for consumer to None, run_after=None
[2024-04-16T13:05:45.651+0000] {processor.py:176} INFO - Processing /opt/airflow/dags/consumer_2.py took 0.320 seconds
[2024-04-16T13:06:16.169+0000] {processor.py:154} INFO - Started process (PID=1005) to work on /opt/airflow/dags/consumer_2.py
[2024-04-16T13:06:16.174+0000] {processor.py:756} INFO - Processing file /opt/airflow/dags/consumer_2.py for tasks to queue
[2024-04-16T13:06:16.179+0000] {logging_mixin.py:120} INFO - [2024-04-16T13:06:16.178+0000] {dagbag.py:537} INFO - Filling up the DagBag from /opt/airflow/dags/consumer_2.py
[2024-04-16T13:06:16.308+0000] {processor.py:766} INFO - DAG(s) dict_keys(['consumer']) retrieved from /opt/airflow/dags/consumer_2.py
[2024-04-16T13:06:17.031+0000] {logging_mixin.py:120} INFO - [2024-04-16T13:06:17.030+0000] {dag.py:2585} INFO - Sync 1 DAGs
[2024-04-16T13:06:17.219+0000] {logging_mixin.py:120} INFO - [2024-04-16T13:06:17.218+0000] {dag.py:3340} INFO - Setting next_dagrun for consumer to None, run_after=None
[2024-04-16T13:06:17.361+0000] {processor.py:176} INFO - Processing /opt/airflow/dags/consumer_2.py took 1.208 seconds
[2024-04-16T13:06:47.709+0000] {processor.py:154} INFO - Started process (PID=1073) to work on /opt/airflow/dags/consumer_2.py
[2024-04-16T13:06:47.711+0000] {processor.py:756} INFO - Processing file /opt/airflow/dags/consumer_2.py for tasks to queue
[2024-04-16T13:06:47.715+0000] {logging_mixin.py:120} INFO - [2024-04-16T13:06:47.714+0000] {dagbag.py:537} INFO - Filling up the DagBag from /opt/airflow/dags/consumer_2.py
[2024-04-16T13:06:47.753+0000] {processor.py:766} INFO - DAG(s) dict_keys(['consumer']) retrieved from /opt/airflow/dags/consumer_2.py
[2024-04-16T13:06:47.892+0000] {logging_mixin.py:120} INFO - [2024-04-16T13:06:47.891+0000] {dag.py:2585} INFO - Sync 1 DAGs
[2024-04-16T13:06:47.928+0000] {logging_mixin.py:120} INFO - [2024-04-16T13:06:47.928+0000] {dag.py:3340} INFO - Setting next_dagrun for consumer to None, run_after=None
[2024-04-16T13:06:47.974+0000] {processor.py:176} INFO - Processing /opt/airflow/dags/consumer_2.py took 0.274 seconds
[2024-04-16T13:07:18.129+0000] {processor.py:154} INFO - Started process (PID=1142) to work on /opt/airflow/dags/consumer_2.py
[2024-04-16T13:07:18.131+0000] {processor.py:756} INFO - Processing file /opt/airflow/dags/consumer_2.py for tasks to queue
[2024-04-16T13:07:18.133+0000] {logging_mixin.py:120} INFO - [2024-04-16T13:07:18.132+0000] {dagbag.py:537} INFO - Filling up the DagBag from /opt/airflow/dags/consumer_2.py
[2024-04-16T13:07:18.167+0000] {processor.py:766} INFO - DAG(s) dict_keys(['consumer']) retrieved from /opt/airflow/dags/consumer_2.py
[2024-04-16T13:07:18.233+0000] {logging_mixin.py:120} INFO - [2024-04-16T13:07:18.233+0000] {dag.py:2585} INFO - Sync 1 DAGs
[2024-04-16T13:07:18.271+0000] {logging_mixin.py:120} INFO - [2024-04-16T13:07:18.271+0000] {dag.py:3340} INFO - Setting next_dagrun for consumer to None, run_after=None
[2024-04-16T13:07:18.320+0000] {processor.py:176} INFO - Processing /opt/airflow/dags/consumer_2.py took 0.196 seconds
[2024-04-16T13:07:49.092+0000] {processor.py:154} INFO - Started process (PID=1220) to work on /opt/airflow/dags/consumer_2.py
[2024-04-16T13:07:49.094+0000] {processor.py:756} INFO - Processing file /opt/airflow/dags/consumer_2.py for tasks to queue
[2024-04-16T13:07:49.095+0000] {logging_mixin.py:120} INFO - [2024-04-16T13:07:49.095+0000] {dagbag.py:537} INFO - Filling up the DagBag from /opt/airflow/dags/consumer_2.py
[2024-04-16T13:07:49.137+0000] {processor.py:766} INFO - DAG(s) dict_keys(['consumer']) retrieved from /opt/airflow/dags/consumer_2.py
[2024-04-16T13:07:49.182+0000] {logging_mixin.py:120} INFO - [2024-04-16T13:07:49.181+0000] {dag.py:2585} INFO - Sync 1 DAGs
[2024-04-16T13:07:49.230+0000] {logging_mixin.py:120} INFO - [2024-04-16T13:07:49.229+0000] {dag.py:3340} INFO - Setting next_dagrun for consumer to None, run_after=None
[2024-04-16T13:07:49.285+0000] {processor.py:176} INFO - Processing /opt/airflow/dags/consumer_2.py took 0.203 seconds
[2024-04-16T13:08:20.204+0000] {processor.py:154} INFO - Started process (PID=1289) to work on /opt/airflow/dags/consumer_2.py
[2024-04-16T13:08:20.206+0000] {processor.py:756} INFO - Processing file /opt/airflow/dags/consumer_2.py for tasks to queue
[2024-04-16T13:08:20.208+0000] {logging_mixin.py:120} INFO - [2024-04-16T13:08:20.208+0000] {dagbag.py:537} INFO - Filling up the DagBag from /opt/airflow/dags/consumer_2.py
[2024-04-16T13:08:20.253+0000] {processor.py:766} INFO - DAG(s) dict_keys(['consumer']) retrieved from /opt/airflow/dags/consumer_2.py
[2024-04-16T13:08:20.405+0000] {logging_mixin.py:120} INFO - [2024-04-16T13:08:20.405+0000] {dag.py:2585} INFO - Sync 1 DAGs
[2024-04-16T13:08:20.467+0000] {logging_mixin.py:120} INFO - [2024-04-16T13:08:20.466+0000] {dag.py:3340} INFO - Setting next_dagrun for consumer to None, run_after=None
[2024-04-16T13:08:20.511+0000] {processor.py:176} INFO - Processing /opt/airflow/dags/consumer_2.py took 0.316 seconds
[2024-04-16T13:08:50.786+0000] {processor.py:154} INFO - Started process (PID=1367) to work on /opt/airflow/dags/consumer_2.py
[2024-04-16T13:08:50.790+0000] {processor.py:756} INFO - Processing file /opt/airflow/dags/consumer_2.py for tasks to queue
[2024-04-16T13:08:50.792+0000] {logging_mixin.py:120} INFO - [2024-04-16T13:08:50.791+0000] {dagbag.py:537} INFO - Filling up the DagBag from /opt/airflow/dags/consumer_2.py
[2024-04-16T13:08:50.828+0000] {processor.py:766} INFO - DAG(s) dict_keys(['consumer']) retrieved from /opt/airflow/dags/consumer_2.py
[2024-04-16T13:08:50.901+0000] {logging_mixin.py:120} INFO - [2024-04-16T13:08:50.901+0000] {dag.py:2585} INFO - Sync 1 DAGs
[2024-04-16T13:08:50.944+0000] {logging_mixin.py:120} INFO - [2024-04-16T13:08:50.944+0000] {dag.py:3340} INFO - Setting next_dagrun for consumer to None, run_after=None
[2024-04-16T13:08:50.996+0000] {processor.py:176} INFO - Processing /opt/airflow/dags/consumer_2.py took 0.220 seconds
[2024-04-16T13:09:21.446+0000] {processor.py:154} INFO - Started process (PID=1437) to work on /opt/airflow/dags/consumer_2.py
[2024-04-16T13:09:21.448+0000] {processor.py:756} INFO - Processing file /opt/airflow/dags/consumer_2.py for tasks to queue
[2024-04-16T13:09:21.451+0000] {logging_mixin.py:120} INFO - [2024-04-16T13:09:21.450+0000] {dagbag.py:537} INFO - Filling up the DagBag from /opt/airflow/dags/consumer_2.py
[2024-04-16T13:09:21.528+0000] {processor.py:766} INFO - DAG(s) dict_keys(['consumer']) retrieved from /opt/airflow/dags/consumer_2.py
[2024-04-16T13:09:21.812+0000] {logging_mixin.py:120} INFO - [2024-04-16T13:09:21.812+0000] {dag.py:2585} INFO - Sync 1 DAGs
[2024-04-16T13:09:21.975+0000] {logging_mixin.py:120} INFO - [2024-04-16T13:09:21.975+0000] {dag.py:3340} INFO - Setting next_dagrun for consumer to None, run_after=None
[2024-04-16T13:09:22.123+0000] {processor.py:176} INFO - Processing /opt/airflow/dags/consumer_2.py took 0.692 seconds
[2024-04-16T13:09:52.438+0000] {processor.py:154} INFO - Started process (PID=1517) to work on /opt/airflow/dags/consumer_2.py
[2024-04-16T13:09:52.440+0000] {processor.py:756} INFO - Processing file /opt/airflow/dags/consumer_2.py for tasks to queue
[2024-04-16T13:09:52.441+0000] {logging_mixin.py:120} INFO - [2024-04-16T13:09:52.441+0000] {dagbag.py:537} INFO - Filling up the DagBag from /opt/airflow/dags/consumer_2.py
[2024-04-16T13:09:52.474+0000] {processor.py:766} INFO - DAG(s) dict_keys(['consumer']) retrieved from /opt/airflow/dags/consumer_2.py
[2024-04-16T13:09:52.596+0000] {logging_mixin.py:120} INFO - [2024-04-16T13:09:52.596+0000] {dag.py:2585} INFO - Sync 1 DAGs
[2024-04-16T13:09:52.629+0000] {logging_mixin.py:120} INFO - [2024-04-16T13:09:52.628+0000] {dag.py:3340} INFO - Setting next_dagrun for consumer to None, run_after=None
[2024-04-16T13:09:52.675+0000] {processor.py:176} INFO - Processing /opt/airflow/dags/consumer_2.py took 0.243 seconds
[2024-04-16T13:10:23.286+0000] {processor.py:154} INFO - Started process (PID=1586) to work on /opt/airflow/dags/consumer_2.py
[2024-04-16T13:10:23.287+0000] {processor.py:756} INFO - Processing file /opt/airflow/dags/consumer_2.py for tasks to queue
[2024-04-16T13:10:23.289+0000] {logging_mixin.py:120} INFO - [2024-04-16T13:10:23.289+0000] {dagbag.py:537} INFO - Filling up the DagBag from /opt/airflow/dags/consumer_2.py
[2024-04-16T13:10:23.337+0000] {processor.py:766} INFO - DAG(s) dict_keys(['consumer']) retrieved from /opt/airflow/dags/consumer_2.py
[2024-04-16T13:10:23.425+0000] {logging_mixin.py:120} INFO - [2024-04-16T13:10:23.425+0000] {dag.py:2585} INFO - Sync 1 DAGs
[2024-04-16T13:10:23.481+0000] {logging_mixin.py:120} INFO - [2024-04-16T13:10:23.481+0000] {dag.py:3340} INFO - Setting next_dagrun for consumer to None, run_after=None
[2024-04-16T13:10:23.532+0000] {processor.py:176} INFO - Processing /opt/airflow/dags/consumer_2.py took 0.256 seconds
[2024-04-16T13:10:53.797+0000] {processor.py:154} INFO - Started process (PID=1664) to work on /opt/airflow/dags/consumer_2.py
[2024-04-16T13:10:53.804+0000] {processor.py:756} INFO - Processing file /opt/airflow/dags/consumer_2.py for tasks to queue
[2024-04-16T13:10:53.808+0000] {logging_mixin.py:120} INFO - [2024-04-16T13:10:53.808+0000] {dagbag.py:537} INFO - Filling up the DagBag from /opt/airflow/dags/consumer_2.py
[2024-04-16T13:10:53.946+0000] {processor.py:766} INFO - DAG(s) dict_keys(['consumer']) retrieved from /opt/airflow/dags/consumer_2.py
[2024-04-16T13:10:54.095+0000] {logging_mixin.py:120} INFO - [2024-04-16T13:10:54.094+0000] {dag.py:2585} INFO - Sync 1 DAGs
[2024-04-16T13:10:54.178+0000] {logging_mixin.py:120} INFO - [2024-04-16T13:10:54.176+0000] {dag.py:3340} INFO - Setting next_dagrun for consumer to None, run_after=None
[2024-04-16T13:10:54.292+0000] {processor.py:176} INFO - Processing /opt/airflow/dags/consumer_2.py took 0.520 seconds
[2024-04-16T13:11:24.781+0000] {processor.py:154} INFO - Started process (PID=1733) to work on /opt/airflow/dags/consumer_2.py
[2024-04-16T13:11:24.783+0000] {processor.py:756} INFO - Processing file /opt/airflow/dags/consumer_2.py for tasks to queue
[2024-04-16T13:11:24.785+0000] {logging_mixin.py:120} INFO - [2024-04-16T13:11:24.785+0000] {dagbag.py:537} INFO - Filling up the DagBag from /opt/airflow/dags/consumer_2.py
[2024-04-16T13:11:24.830+0000] {processor.py:766} INFO - DAG(s) dict_keys(['consumer']) retrieved from /opt/airflow/dags/consumer_2.py
[2024-04-16T13:11:25.011+0000] {logging_mixin.py:120} INFO - [2024-04-16T13:11:25.011+0000] {dag.py:2585} INFO - Sync 1 DAGs
[2024-04-16T13:11:25.063+0000] {logging_mixin.py:120} INFO - [2024-04-16T13:11:25.062+0000] {dag.py:3340} INFO - Setting next_dagrun for consumer to None, run_after=None
[2024-04-16T13:11:25.112+0000] {processor.py:176} INFO - Processing /opt/airflow/dags/consumer_2.py took 0.340 seconds
[2024-04-16T13:11:55.712+0000] {processor.py:154} INFO - Started process (PID=1808) to work on /opt/airflow/dags/consumer_2.py
[2024-04-16T13:11:55.721+0000] {processor.py:756} INFO - Processing file /opt/airflow/dags/consumer_2.py for tasks to queue
[2024-04-16T13:11:55.727+0000] {logging_mixin.py:120} INFO - [2024-04-16T13:11:55.726+0000] {dagbag.py:537} INFO - Filling up the DagBag from /opt/airflow/dags/consumer_2.py
[2024-04-16T13:11:55.827+0000] {processor.py:766} INFO - DAG(s) dict_keys(['consumer']) retrieved from /opt/airflow/dags/consumer_2.py
[2024-04-16T13:11:56.022+0000] {logging_mixin.py:120} INFO - [2024-04-16T13:11:56.021+0000] {dag.py:2585} INFO - Sync 1 DAGs
[2024-04-16T13:11:56.120+0000] {logging_mixin.py:120} INFO - [2024-04-16T13:11:56.120+0000] {dag.py:3340} INFO - Setting next_dagrun for consumer to None, run_after=None
[2024-04-16T13:11:56.221+0000] {processor.py:176} INFO - Processing /opt/airflow/dags/consumer_2.py took 0.540 seconds
[2024-04-16T13:12:26.448+0000] {processor.py:154} INFO - Started process (PID=1877) to work on /opt/airflow/dags/consumer_2.py
[2024-04-16T13:12:26.450+0000] {processor.py:756} INFO - Processing file /opt/airflow/dags/consumer_2.py for tasks to queue
[2024-04-16T13:12:26.452+0000] {logging_mixin.py:120} INFO - [2024-04-16T13:12:26.452+0000] {dagbag.py:537} INFO - Filling up the DagBag from /opt/airflow/dags/consumer_2.py
[2024-04-16T13:12:26.490+0000] {processor.py:766} INFO - DAG(s) dict_keys(['consumer']) retrieved from /opt/airflow/dags/consumer_2.py
[2024-04-16T13:12:26.532+0000] {logging_mixin.py:120} INFO - [2024-04-16T13:12:26.532+0000] {dag.py:2585} INFO - Sync 1 DAGs
[2024-04-16T13:12:26.587+0000] {logging_mixin.py:120} INFO - [2024-04-16T13:12:26.587+0000] {dag.py:3340} INFO - Setting next_dagrun for consumer to None, run_after=None
[2024-04-16T13:12:26.641+0000] {processor.py:176} INFO - Processing /opt/airflow/dags/consumer_2.py took 0.198 seconds
[2024-04-16T13:12:56.777+0000] {processor.py:154} INFO - Started process (PID=1947) to work on /opt/airflow/dags/consumer_2.py
[2024-04-16T13:12:56.779+0000] {processor.py:756} INFO - Processing file /opt/airflow/dags/consumer_2.py for tasks to queue
[2024-04-16T13:12:56.782+0000] {logging_mixin.py:120} INFO - [2024-04-16T13:12:56.782+0000] {dagbag.py:537} INFO - Filling up the DagBag from /opt/airflow/dags/consumer_2.py
[2024-04-16T13:12:56.821+0000] {processor.py:766} INFO - DAG(s) dict_keys(['consumer']) retrieved from /opt/airflow/dags/consumer_2.py
[2024-04-16T13:12:56.950+0000] {logging_mixin.py:120} INFO - [2024-04-16T13:12:56.950+0000] {dag.py:2585} INFO - Sync 1 DAGs
[2024-04-16T13:12:56.994+0000] {logging_mixin.py:120} INFO - [2024-04-16T13:12:56.994+0000] {dag.py:3340} INFO - Setting next_dagrun for consumer to None, run_after=None
[2024-04-16T13:12:57.069+0000] {processor.py:176} INFO - Processing /opt/airflow/dags/consumer_2.py took 0.298 seconds
[2024-04-16T13:13:27.555+0000] {processor.py:154} INFO - Started process (PID=2026) to work on /opt/airflow/dags/consumer_2.py
[2024-04-16T13:13:27.557+0000] {processor.py:756} INFO - Processing file /opt/airflow/dags/consumer_2.py for tasks to queue
[2024-04-16T13:13:27.559+0000] {logging_mixin.py:120} INFO - [2024-04-16T13:13:27.559+0000] {dagbag.py:537} INFO - Filling up the DagBag from /opt/airflow/dags/consumer_2.py
[2024-04-16T13:13:27.594+0000] {processor.py:766} INFO - DAG(s) dict_keys(['consumer']) retrieved from /opt/airflow/dags/consumer_2.py
[2024-04-16T13:13:27.656+0000] {logging_mixin.py:120} INFO - [2024-04-16T13:13:27.655+0000] {dag.py:2585} INFO - Sync 1 DAGs
[2024-04-16T13:13:27.695+0000] {logging_mixin.py:120} INFO - [2024-04-16T13:13:27.695+0000] {dag.py:3340} INFO - Setting next_dagrun for consumer to None, run_after=None
[2024-04-16T13:13:27.740+0000] {processor.py:176} INFO - Processing /opt/airflow/dags/consumer_2.py took 0.193 seconds
[2024-04-16T13:13:58.198+0000] {processor.py:154} INFO - Started process (PID=2096) to work on /opt/airflow/dags/consumer_2.py
[2024-04-16T13:13:58.200+0000] {processor.py:756} INFO - Processing file /opt/airflow/dags/consumer_2.py for tasks to queue
[2024-04-16T13:13:58.202+0000] {logging_mixin.py:120} INFO - [2024-04-16T13:13:58.202+0000] {dagbag.py:537} INFO - Filling up the DagBag from /opt/airflow/dags/consumer_2.py
[2024-04-16T13:13:58.242+0000] {processor.py:766} INFO - DAG(s) dict_keys(['consumer']) retrieved from /opt/airflow/dags/consumer_2.py
[2024-04-16T13:13:58.288+0000] {logging_mixin.py:120} INFO - [2024-04-16T13:13:58.287+0000] {dag.py:2585} INFO - Sync 1 DAGs
[2024-04-16T13:13:58.338+0000] {logging_mixin.py:120} INFO - [2024-04-16T13:13:58.338+0000] {dag.py:3340} INFO - Setting next_dagrun for consumer to None, run_after=None
[2024-04-16T13:13:58.386+0000] {processor.py:176} INFO - Processing /opt/airflow/dags/consumer_2.py took 0.196 seconds
[2024-04-16T13:14:29.156+0000] {processor.py:154} INFO - Started process (PID=2174) to work on /opt/airflow/dags/consumer_2.py
[2024-04-16T13:14:29.158+0000] {processor.py:756} INFO - Processing file /opt/airflow/dags/consumer_2.py for tasks to queue
[2024-04-16T13:14:29.160+0000] {logging_mixin.py:120} INFO - [2024-04-16T13:14:29.159+0000] {dagbag.py:537} INFO - Filling up the DagBag from /opt/airflow/dags/consumer_2.py
[2024-04-16T13:14:29.192+0000] {processor.py:766} INFO - DAG(s) dict_keys(['consumer']) retrieved from /opt/airflow/dags/consumer_2.py
[2024-04-16T13:14:29.331+0000] {logging_mixin.py:120} INFO - [2024-04-16T13:14:29.331+0000] {dag.py:2585} INFO - Sync 1 DAGs
[2024-04-16T13:14:29.383+0000] {logging_mixin.py:120} INFO - [2024-04-16T13:14:29.382+0000] {dag.py:3340} INFO - Setting next_dagrun for consumer to None, run_after=None
[2024-04-16T13:14:29.441+0000] {processor.py:176} INFO - Processing /opt/airflow/dags/consumer_2.py took 0.293 seconds
[2024-04-16T13:15:00.070+0000] {processor.py:154} INFO - Started process (PID=2242) to work on /opt/airflow/dags/consumer_2.py
[2024-04-16T13:15:00.072+0000] {processor.py:756} INFO - Processing file /opt/airflow/dags/consumer_2.py for tasks to queue
[2024-04-16T13:15:00.077+0000] {logging_mixin.py:120} INFO - [2024-04-16T13:15:00.076+0000] {dagbag.py:537} INFO - Filling up the DagBag from /opt/airflow/dags/consumer_2.py
[2024-04-16T13:15:00.123+0000] {processor.py:766} INFO - DAG(s) dict_keys(['consumer']) retrieved from /opt/airflow/dags/consumer_2.py
[2024-04-16T13:15:00.217+0000] {logging_mixin.py:120} INFO - [2024-04-16T13:15:00.216+0000] {dag.py:2585} INFO - Sync 1 DAGs
[2024-04-16T13:15:00.276+0000] {logging_mixin.py:120} INFO - [2024-04-16T13:15:00.276+0000] {dag.py:3340} INFO - Setting next_dagrun for consumer to None, run_after=None
[2024-04-16T13:15:00.350+0000] {processor.py:176} INFO - Processing /opt/airflow/dags/consumer_2.py took 0.287 seconds
[2024-04-16T13:15:30.488+0000] {processor.py:154} INFO - Started process (PID=2320) to work on /opt/airflow/dags/consumer_2.py
[2024-04-16T13:15:30.490+0000] {processor.py:756} INFO - Processing file /opt/airflow/dags/consumer_2.py for tasks to queue
[2024-04-16T13:15:30.492+0000] {logging_mixin.py:120} INFO - [2024-04-16T13:15:30.492+0000] {dagbag.py:537} INFO - Filling up the DagBag from /opt/airflow/dags/consumer_2.py
[2024-04-16T13:15:30.533+0000] {processor.py:766} INFO - DAG(s) dict_keys(['consumer']) retrieved from /opt/airflow/dags/consumer_2.py
[2024-04-16T13:15:30.579+0000] {logging_mixin.py:120} INFO - [2024-04-16T13:15:30.579+0000] {dag.py:2585} INFO - Sync 1 DAGs
[2024-04-16T13:15:30.625+0000] {logging_mixin.py:120} INFO - [2024-04-16T13:15:30.625+0000] {dag.py:3340} INFO - Setting next_dagrun for consumer to None, run_after=None
[2024-04-16T13:15:30.685+0000] {processor.py:176} INFO - Processing /opt/airflow/dags/consumer_2.py took 0.209 seconds
[2024-04-16T13:16:01.122+0000] {processor.py:154} INFO - Started process (PID=2398) to work on /opt/airflow/dags/consumer_2.py
[2024-04-16T13:16:01.125+0000] {processor.py:756} INFO - Processing file /opt/airflow/dags/consumer_2.py for tasks to queue
[2024-04-16T13:16:01.127+0000] {logging_mixin.py:120} INFO - [2024-04-16T13:16:01.127+0000] {dagbag.py:537} INFO - Filling up the DagBag from /opt/airflow/dags/consumer_2.py
[2024-04-16T13:16:01.187+0000] {processor.py:766} INFO - DAG(s) dict_keys(['consumer']) retrieved from /opt/airflow/dags/consumer_2.py
[2024-04-16T13:16:01.311+0000] {logging_mixin.py:120} INFO - [2024-04-16T13:16:01.311+0000] {dag.py:2585} INFO - Sync 1 DAGs
[2024-04-16T13:16:01.354+0000] {logging_mixin.py:120} INFO - [2024-04-16T13:16:01.353+0000] {dag.py:3340} INFO - Setting next_dagrun for consumer to None, run_after=None
[2024-04-16T13:16:01.400+0000] {processor.py:176} INFO - Processing /opt/airflow/dags/consumer_2.py took 0.290 seconds
[2024-04-16T13:16:32.178+0000] {processor.py:154} INFO - Started process (PID=2467) to work on /opt/airflow/dags/consumer_2.py
[2024-04-16T13:16:32.181+0000] {processor.py:756} INFO - Processing file /opt/airflow/dags/consumer_2.py for tasks to queue
[2024-04-16T13:16:32.182+0000] {logging_mixin.py:120} INFO - [2024-04-16T13:16:32.182+0000] {dagbag.py:537} INFO - Filling up the DagBag from /opt/airflow/dags/consumer_2.py
[2024-04-16T13:16:32.231+0000] {processor.py:766} INFO - DAG(s) dict_keys(['consumer']) retrieved from /opt/airflow/dags/consumer_2.py
[2024-04-16T13:16:32.310+0000] {logging_mixin.py:120} INFO - [2024-04-16T13:16:32.310+0000] {dag.py:2585} INFO - Sync 1 DAGs
[2024-04-16T13:16:32.360+0000] {logging_mixin.py:120} INFO - [2024-04-16T13:16:32.360+0000] {dag.py:3340} INFO - Setting next_dagrun for consumer to None, run_after=None
[2024-04-16T13:16:32.416+0000] {processor.py:176} INFO - Processing /opt/airflow/dags/consumer_2.py took 0.245 seconds
[2024-04-16T13:17:02.483+0000] {processor.py:154} INFO - Started process (PID=2545) to work on /opt/airflow/dags/consumer_2.py
[2024-04-16T13:17:02.485+0000] {processor.py:756} INFO - Processing file /opt/airflow/dags/consumer_2.py for tasks to queue
[2024-04-16T13:17:02.487+0000] {logging_mixin.py:120} INFO - [2024-04-16T13:17:02.487+0000] {dagbag.py:537} INFO - Filling up the DagBag from /opt/airflow/dags/consumer_2.py
[2024-04-16T13:17:02.531+0000] {processor.py:766} INFO - DAG(s) dict_keys(['consumer']) retrieved from /opt/airflow/dags/consumer_2.py
[2024-04-16T13:17:02.577+0000] {logging_mixin.py:120} INFO - [2024-04-16T13:17:02.577+0000] {dag.py:2585} INFO - Sync 1 DAGs
[2024-04-16T13:17:02.619+0000] {logging_mixin.py:120} INFO - [2024-04-16T13:17:02.619+0000] {dag.py:3340} INFO - Setting next_dagrun for consumer to None, run_after=None
[2024-04-16T13:17:02.666+0000] {processor.py:176} INFO - Processing /opt/airflow/dags/consumer_2.py took 0.190 seconds
[2024-04-16T13:17:34.204+0000] {processor.py:154} INFO - Started process (PID=2614) to work on /opt/airflow/dags/consumer_2.py
[2024-04-16T13:17:34.213+0000] {processor.py:756} INFO - Processing file /opt/airflow/dags/consumer_2.py for tasks to queue
[2024-04-16T13:17:34.216+0000] {logging_mixin.py:120} INFO - [2024-04-16T13:17:34.215+0000] {dagbag.py:537} INFO - Filling up the DagBag from /opt/airflow/dags/consumer_2.py
[2024-04-16T13:17:34.335+0000] {processor.py:766} INFO - DAG(s) dict_keys(['consumer']) retrieved from /opt/airflow/dags/consumer_2.py
[2024-04-16T13:17:34.481+0000] {logging_mixin.py:120} INFO - [2024-04-16T13:17:34.481+0000] {dag.py:2585} INFO - Sync 1 DAGs
[2024-04-16T13:17:34.520+0000] {logging_mixin.py:120} INFO - [2024-04-16T13:17:34.520+0000] {dag.py:3340} INFO - Setting next_dagrun for consumer to None, run_after=None
[2024-04-16T13:17:34.590+0000] {processor.py:176} INFO - Processing /opt/airflow/dags/consumer_2.py took 0.405 seconds
[2024-04-16T13:18:05.524+0000] {processor.py:154} INFO - Started process (PID=2690) to work on /opt/airflow/dags/consumer_2.py
[2024-04-16T13:18:05.526+0000] {processor.py:756} INFO - Processing file /opt/airflow/dags/consumer_2.py for tasks to queue
[2024-04-16T13:18:05.528+0000] {logging_mixin.py:120} INFO - [2024-04-16T13:18:05.528+0000] {dagbag.py:537} INFO - Filling up the DagBag from /opt/airflow/dags/consumer_2.py
[2024-04-16T13:18:05.567+0000] {processor.py:766} INFO - DAG(s) dict_keys(['consumer']) retrieved from /opt/airflow/dags/consumer_2.py
[2024-04-16T13:18:05.646+0000] {logging_mixin.py:120} INFO - [2024-04-16T13:18:05.646+0000] {dag.py:2585} INFO - Sync 1 DAGs
[2024-04-16T13:18:05.683+0000] {logging_mixin.py:120} INFO - [2024-04-16T13:18:05.683+0000] {dag.py:3340} INFO - Setting next_dagrun for consumer to None, run_after=None
[2024-04-16T13:18:05.731+0000] {processor.py:176} INFO - Processing /opt/airflow/dags/consumer_2.py took 0.214 seconds
[2024-04-16T13:18:35.805+0000] {processor.py:154} INFO - Started process (PID=2765) to work on /opt/airflow/dags/consumer_2.py
[2024-04-16T13:18:35.807+0000] {processor.py:756} INFO - Processing file /opt/airflow/dags/consumer_2.py for tasks to queue
[2024-04-16T13:18:35.809+0000] {logging_mixin.py:120} INFO - [2024-04-16T13:18:35.809+0000] {dagbag.py:537} INFO - Filling up the DagBag from /opt/airflow/dags/consumer_2.py
[2024-04-16T13:18:35.847+0000] {processor.py:766} INFO - DAG(s) dict_keys(['consumer']) retrieved from /opt/airflow/dags/consumer_2.py
[2024-04-16T13:18:35.902+0000] {logging_mixin.py:120} INFO - [2024-04-16T13:18:35.902+0000] {dag.py:2585} INFO - Sync 1 DAGs
[2024-04-16T13:18:35.954+0000] {logging_mixin.py:120} INFO - [2024-04-16T13:18:35.953+0000] {dag.py:3340} INFO - Setting next_dagrun for consumer to None, run_after=None
[2024-04-16T13:18:36.015+0000] {processor.py:176} INFO - Processing /opt/airflow/dags/consumer_2.py took 0.216 seconds
[2024-04-16T13:19:06.454+0000] {processor.py:154} INFO - Started process (PID=2834) to work on /opt/airflow/dags/consumer_2.py
[2024-04-16T13:19:06.456+0000] {processor.py:756} INFO - Processing file /opt/airflow/dags/consumer_2.py for tasks to queue
[2024-04-16T13:19:06.458+0000] {logging_mixin.py:120} INFO - [2024-04-16T13:19:06.458+0000] {dagbag.py:537} INFO - Filling up the DagBag from /opt/airflow/dags/consumer_2.py
[2024-04-16T13:19:06.492+0000] {processor.py:766} INFO - DAG(s) dict_keys(['consumer']) retrieved from /opt/airflow/dags/consumer_2.py
[2024-04-16T13:19:06.625+0000] {logging_mixin.py:120} INFO - [2024-04-16T13:19:06.625+0000] {dag.py:2585} INFO - Sync 1 DAGs
[2024-04-16T13:19:06.663+0000] {logging_mixin.py:120} INFO - [2024-04-16T13:19:06.663+0000] {dag.py:3340} INFO - Setting next_dagrun for consumer to None, run_after=None
[2024-04-16T13:19:06.711+0000] {processor.py:176} INFO - Processing /opt/airflow/dags/consumer_2.py took 0.266 seconds
[2024-04-16T13:19:36.963+0000] {processor.py:154} INFO - Started process (PID=2911) to work on /opt/airflow/dags/consumer_2.py
[2024-04-16T13:19:36.967+0000] {processor.py:756} INFO - Processing file /opt/airflow/dags/consumer_2.py for tasks to queue
[2024-04-16T13:19:36.970+0000] {logging_mixin.py:120} INFO - [2024-04-16T13:19:36.969+0000] {dagbag.py:537} INFO - Filling up the DagBag from /opt/airflow/dags/consumer_2.py
[2024-04-16T13:19:37.007+0000] {processor.py:766} INFO - DAG(s) dict_keys(['consumer']) retrieved from /opt/airflow/dags/consumer_2.py
[2024-04-16T13:19:37.077+0000] {logging_mixin.py:120} INFO - [2024-04-16T13:19:37.077+0000] {dag.py:2585} INFO - Sync 1 DAGs
[2024-04-16T13:19:37.120+0000] {logging_mixin.py:120} INFO - [2024-04-16T13:19:37.120+0000] {dag.py:3340} INFO - Setting next_dagrun for consumer to None, run_after=None
[2024-04-16T13:19:37.168+0000] {processor.py:176} INFO - Processing /opt/airflow/dags/consumer_2.py took 0.217 seconds
[2024-04-16T13:20:07.552+0000] {processor.py:154} INFO - Started process (PID=2979) to work on /opt/airflow/dags/consumer_2.py
[2024-04-16T13:20:07.555+0000] {processor.py:756} INFO - Processing file /opt/airflow/dags/consumer_2.py for tasks to queue
[2024-04-16T13:20:07.557+0000] {logging_mixin.py:120} INFO - [2024-04-16T13:20:07.557+0000] {dagbag.py:537} INFO - Filling up the DagBag from /opt/airflow/dags/consumer_2.py
[2024-04-16T13:20:07.592+0000] {processor.py:766} INFO - DAG(s) dict_keys(['consumer']) retrieved from /opt/airflow/dags/consumer_2.py
[2024-04-16T13:20:07.640+0000] {logging_mixin.py:120} INFO - [2024-04-16T13:20:07.640+0000] {dag.py:2585} INFO - Sync 1 DAGs
[2024-04-16T13:20:07.685+0000] {logging_mixin.py:120} INFO - [2024-04-16T13:20:07.685+0000] {dag.py:3340} INFO - Setting next_dagrun for consumer to None, run_after=None
[2024-04-16T13:20:07.728+0000] {processor.py:176} INFO - Processing /opt/airflow/dags/consumer_2.py took 0.184 seconds
[2024-04-16T13:20:38.068+0000] {processor.py:154} INFO - Started process (PID=3056) to work on /opt/airflow/dags/consumer_2.py
[2024-04-16T13:20:38.070+0000] {processor.py:756} INFO - Processing file /opt/airflow/dags/consumer_2.py for tasks to queue
[2024-04-16T13:20:38.083+0000] {logging_mixin.py:120} INFO - [2024-04-16T13:20:38.082+0000] {dagbag.py:537} INFO - Filling up the DagBag from /opt/airflow/dags/consumer_2.py
[2024-04-16T13:20:38.142+0000] {processor.py:766} INFO - DAG(s) dict_keys(['consumer']) retrieved from /opt/airflow/dags/consumer_2.py
[2024-04-16T13:20:38.315+0000] {logging_mixin.py:120} INFO - [2024-04-16T13:20:38.315+0000] {dag.py:2585} INFO - Sync 1 DAGs
[2024-04-16T13:20:38.355+0000] {logging_mixin.py:120} INFO - [2024-04-16T13:20:38.355+0000] {dag.py:3340} INFO - Setting next_dagrun for consumer to None, run_after=None
[2024-04-16T13:20:38.398+0000] {processor.py:176} INFO - Processing /opt/airflow/dags/consumer_2.py took 0.337 seconds
[2024-04-16T13:21:08.944+0000] {processor.py:154} INFO - Started process (PID=3125) to work on /opt/airflow/dags/consumer_2.py
[2024-04-16T13:21:08.945+0000] {processor.py:756} INFO - Processing file /opt/airflow/dags/consumer_2.py for tasks to queue
[2024-04-16T13:21:08.947+0000] {logging_mixin.py:120} INFO - [2024-04-16T13:21:08.947+0000] {dagbag.py:537} INFO - Filling up the DagBag from /opt/airflow/dags/consumer_2.py
[2024-04-16T13:21:08.984+0000] {processor.py:766} INFO - DAG(s) dict_keys(['consumer']) retrieved from /opt/airflow/dags/consumer_2.py
[2024-04-16T13:21:09.055+0000] {logging_mixin.py:120} INFO - [2024-04-16T13:21:09.055+0000] {dag.py:2585} INFO - Sync 1 DAGs
[2024-04-16T13:21:09.103+0000] {logging_mixin.py:120} INFO - [2024-04-16T13:21:09.103+0000] {dag.py:3340} INFO - Setting next_dagrun for consumer to None, run_after=None
[2024-04-16T13:21:09.169+0000] {processor.py:176} INFO - Processing /opt/airflow/dags/consumer_2.py took 0.232 seconds
[2024-04-16T13:21:39.401+0000] {processor.py:154} INFO - Started process (PID=3195) to work on /opt/airflow/dags/consumer_2.py
[2024-04-16T13:21:39.404+0000] {processor.py:756} INFO - Processing file /opt/airflow/dags/consumer_2.py for tasks to queue
[2024-04-16T13:21:39.406+0000] {logging_mixin.py:120} INFO - [2024-04-16T13:21:39.405+0000] {dagbag.py:537} INFO - Filling up the DagBag from /opt/airflow/dags/consumer_2.py
[2024-04-16T13:21:39.445+0000] {processor.py:766} INFO - DAG(s) dict_keys(['consumer']) retrieved from /opt/airflow/dags/consumer_2.py
[2024-04-16T13:21:39.493+0000] {logging_mixin.py:120} INFO - [2024-04-16T13:21:39.492+0000] {dag.py:2585} INFO - Sync 1 DAGs
[2024-04-16T13:21:39.543+0000] {logging_mixin.py:120} INFO - [2024-04-16T13:21:39.543+0000] {dag.py:3340} INFO - Setting next_dagrun for consumer to None, run_after=None
[2024-04-16T13:21:39.590+0000] {processor.py:176} INFO - Processing /opt/airflow/dags/consumer_2.py took 0.195 seconds
[2024-04-16T13:22:09.854+0000] {processor.py:154} INFO - Started process (PID=3273) to work on /opt/airflow/dags/consumer_2.py
[2024-04-16T13:22:09.856+0000] {processor.py:756} INFO - Processing file /opt/airflow/dags/consumer_2.py for tasks to queue
[2024-04-16T13:22:09.857+0000] {logging_mixin.py:120} INFO - [2024-04-16T13:22:09.857+0000] {dagbag.py:537} INFO - Filling up the DagBag from /opt/airflow/dags/consumer_2.py
[2024-04-16T13:22:09.891+0000] {processor.py:766} INFO - DAG(s) dict_keys(['consumer']) retrieved from /opt/airflow/dags/consumer_2.py
[2024-04-16T13:22:10.014+0000] {logging_mixin.py:120} INFO - [2024-04-16T13:22:10.013+0000] {dag.py:2585} INFO - Sync 1 DAGs
[2024-04-16T13:22:10.049+0000] {logging_mixin.py:120} INFO - [2024-04-16T13:22:10.049+0000] {dag.py:3340} INFO - Setting next_dagrun for consumer to None, run_after=None
[2024-04-16T13:22:10.099+0000] {processor.py:176} INFO - Processing /opt/airflow/dags/consumer_2.py took 0.251 seconds
[2024-04-16T13:22:40.546+0000] {processor.py:154} INFO - Started process (PID=3342) to work on /opt/airflow/dags/consumer_2.py
[2024-04-16T13:22:40.548+0000] {processor.py:756} INFO - Processing file /opt/airflow/dags/consumer_2.py for tasks to queue
[2024-04-16T13:22:40.550+0000] {logging_mixin.py:120} INFO - [2024-04-16T13:22:40.550+0000] {dagbag.py:537} INFO - Filling up the DagBag from /opt/airflow/dags/consumer_2.py
[2024-04-16T13:22:40.591+0000] {processor.py:766} INFO - DAG(s) dict_keys(['consumer']) retrieved from /opt/airflow/dags/consumer_2.py
[2024-04-16T13:22:40.665+0000] {logging_mixin.py:120} INFO - [2024-04-16T13:22:40.664+0000] {dag.py:2585} INFO - Sync 1 DAGs
[2024-04-16T13:22:40.707+0000] {logging_mixin.py:120} INFO - [2024-04-16T13:22:40.706+0000] {dag.py:3340} INFO - Setting next_dagrun for consumer to None, run_after=None
[2024-04-16T13:22:40.758+0000] {processor.py:176} INFO - Processing /opt/airflow/dags/consumer_2.py took 0.222 seconds
[2024-04-16T13:23:11.469+0000] {processor.py:154} INFO - Started process (PID=3420) to work on /opt/airflow/dags/consumer_2.py
[2024-04-16T13:23:11.471+0000] {processor.py:756} INFO - Processing file /opt/airflow/dags/consumer_2.py for tasks to queue
[2024-04-16T13:23:11.473+0000] {logging_mixin.py:120} INFO - [2024-04-16T13:23:11.473+0000] {dagbag.py:537} INFO - Filling up the DagBag from /opt/airflow/dags/consumer_2.py
[2024-04-16T13:23:11.511+0000] {processor.py:766} INFO - DAG(s) dict_keys(['consumer']) retrieved from /opt/airflow/dags/consumer_2.py
[2024-04-16T13:23:11.557+0000] {logging_mixin.py:120} INFO - [2024-04-16T13:23:11.557+0000] {dag.py:2585} INFO - Sync 1 DAGs
[2024-04-16T13:23:11.605+0000] {logging_mixin.py:120} INFO - [2024-04-16T13:23:11.605+0000] {dag.py:3340} INFO - Setting next_dagrun for consumer to None, run_after=None
[2024-04-16T13:23:11.659+0000] {processor.py:176} INFO - Processing /opt/airflow/dags/consumer_2.py took 0.196 seconds
[2024-04-16T13:23:42.359+0000] {processor.py:154} INFO - Started process (PID=3489) to work on /opt/airflow/dags/consumer_2.py
[2024-04-16T13:23:42.363+0000] {processor.py:756} INFO - Processing file /opt/airflow/dags/consumer_2.py for tasks to queue
[2024-04-16T13:23:42.368+0000] {logging_mixin.py:120} INFO - [2024-04-16T13:23:42.367+0000] {dagbag.py:537} INFO - Filling up the DagBag from /opt/airflow/dags/consumer_2.py
[2024-04-16T13:23:42.414+0000] {processor.py:766} INFO - DAG(s) dict_keys(['consumer']) retrieved from /opt/airflow/dags/consumer_2.py
[2024-04-16T13:23:42.561+0000] {logging_mixin.py:120} INFO - [2024-04-16T13:23:42.561+0000] {dag.py:2585} INFO - Sync 1 DAGs
[2024-04-16T13:23:42.613+0000] {logging_mixin.py:120} INFO - [2024-04-16T13:23:42.613+0000] {dag.py:3340} INFO - Setting next_dagrun for consumer to None, run_after=None
[2024-04-16T13:23:42.657+0000] {processor.py:176} INFO - Processing /opt/airflow/dags/consumer_2.py took 0.309 seconds
[2024-04-16T13:24:13.303+0000] {processor.py:154} INFO - Started process (PID=3568) to work on /opt/airflow/dags/consumer_2.py
[2024-04-16T13:24:13.312+0000] {processor.py:756} INFO - Processing file /opt/airflow/dags/consumer_2.py for tasks to queue
[2024-04-16T13:24:13.315+0000] {logging_mixin.py:120} INFO - [2024-04-16T13:24:13.314+0000] {dagbag.py:537} INFO - Filling up the DagBag from /opt/airflow/dags/consumer_2.py
[2024-04-16T13:24:13.379+0000] {processor.py:766} INFO - DAG(s) dict_keys(['consumer']) retrieved from /opt/airflow/dags/consumer_2.py
[2024-04-16T13:24:13.522+0000] {logging_mixin.py:120} INFO - [2024-04-16T13:24:13.522+0000] {dag.py:2585} INFO - Sync 1 DAGs
[2024-04-16T13:24:13.580+0000] {logging_mixin.py:120} INFO - [2024-04-16T13:24:13.579+0000] {dag.py:3340} INFO - Setting next_dagrun for consumer to None, run_after=None
[2024-04-16T13:24:13.628+0000] {processor.py:176} INFO - Processing /opt/airflow/dags/consumer_2.py took 0.330 seconds
[2024-04-16T13:24:44.445+0000] {processor.py:154} INFO - Started process (PID=3637) to work on /opt/airflow/dags/consumer_2.py
[2024-04-16T13:24:44.448+0000] {processor.py:756} INFO - Processing file /opt/airflow/dags/consumer_2.py for tasks to queue
[2024-04-16T13:24:44.450+0000] {logging_mixin.py:120} INFO - [2024-04-16T13:24:44.449+0000] {dagbag.py:537} INFO - Filling up the DagBag from /opt/airflow/dags/consumer_2.py
[2024-04-16T13:24:44.488+0000] {processor.py:766} INFO - DAG(s) dict_keys(['consumer']) retrieved from /opt/airflow/dags/consumer_2.py
[2024-04-16T13:24:44.540+0000] {logging_mixin.py:120} INFO - [2024-04-16T13:24:44.540+0000] {dag.py:2585} INFO - Sync 1 DAGs
[2024-04-16T13:24:44.601+0000] {logging_mixin.py:120} INFO - [2024-04-16T13:24:44.601+0000] {dag.py:3340} INFO - Setting next_dagrun for consumer to None, run_after=None
[2024-04-16T13:24:44.674+0000] {processor.py:176} INFO - Processing /opt/airflow/dags/consumer_2.py took 0.236 seconds
[2024-04-16T13:25:15.138+0000] {processor.py:154} INFO - Started process (PID=3715) to work on /opt/airflow/dags/consumer_2.py
[2024-04-16T13:25:15.140+0000] {processor.py:756} INFO - Processing file /opt/airflow/dags/consumer_2.py for tasks to queue
[2024-04-16T13:25:15.156+0000] {logging_mixin.py:120} INFO - [2024-04-16T13:25:15.156+0000] {dagbag.py:537} INFO - Filling up the DagBag from /opt/airflow/dags/consumer_2.py
[2024-04-16T13:25:15.212+0000] {processor.py:766} INFO - DAG(s) dict_keys(['consumer']) retrieved from /opt/airflow/dags/consumer_2.py
[2024-04-16T13:25:15.390+0000] {logging_mixin.py:120} INFO - [2024-04-16T13:25:15.390+0000] {dag.py:2585} INFO - Sync 1 DAGs
[2024-04-16T13:25:15.438+0000] {logging_mixin.py:120} INFO - [2024-04-16T13:25:15.438+0000] {dag.py:3340} INFO - Setting next_dagrun for consumer to None, run_after=None
[2024-04-16T13:25:15.497+0000] {processor.py:176} INFO - Processing /opt/airflow/dags/consumer_2.py took 0.366 seconds
[2024-04-16T13:25:45.659+0000] {processor.py:154} INFO - Started process (PID=3784) to work on /opt/airflow/dags/consumer_2.py
[2024-04-16T13:25:45.661+0000] {processor.py:756} INFO - Processing file /opt/airflow/dags/consumer_2.py for tasks to queue
[2024-04-16T13:25:45.663+0000] {logging_mixin.py:120} INFO - [2024-04-16T13:25:45.662+0000] {dagbag.py:537} INFO - Filling up the DagBag from /opt/airflow/dags/consumer_2.py
[2024-04-16T13:25:45.701+0000] {processor.py:766} INFO - DAG(s) dict_keys(['consumer']) retrieved from /opt/airflow/dags/consumer_2.py
[2024-04-16T13:25:45.768+0000] {logging_mixin.py:120} INFO - [2024-04-16T13:25:45.768+0000] {dag.py:2585} INFO - Sync 1 DAGs
[2024-04-16T13:25:45.810+0000] {logging_mixin.py:120} INFO - [2024-04-16T13:25:45.810+0000] {dag.py:3340} INFO - Setting next_dagrun for consumer to None, run_after=None
[2024-04-16T13:25:45.859+0000] {processor.py:176} INFO - Processing /opt/airflow/dags/consumer_2.py took 0.205 seconds
[2024-04-16T13:26:16.056+0000] {processor.py:154} INFO - Started process (PID=3862) to work on /opt/airflow/dags/consumer_2.py
[2024-04-16T13:26:16.066+0000] {processor.py:756} INFO - Processing file /opt/airflow/dags/consumer_2.py for tasks to queue
[2024-04-16T13:26:16.068+0000] {logging_mixin.py:120} INFO - [2024-04-16T13:26:16.068+0000] {dagbag.py:537} INFO - Filling up the DagBag from /opt/airflow/dags/consumer_2.py
[2024-04-16T13:26:16.143+0000] {processor.py:766} INFO - DAG(s) dict_keys(['consumer']) retrieved from /opt/airflow/dags/consumer_2.py
[2024-04-16T13:26:16.245+0000] {logging_mixin.py:120} INFO - [2024-04-16T13:26:16.244+0000] {dag.py:2585} INFO - Sync 1 DAGs
[2024-04-16T13:26:16.302+0000] {logging_mixin.py:120} INFO - [2024-04-16T13:26:16.302+0000] {dag.py:3340} INFO - Setting next_dagrun for consumer to None, run_after=None
[2024-04-16T13:26:16.354+0000] {processor.py:176} INFO - Processing /opt/airflow/dags/consumer_2.py took 0.304 seconds
[2024-04-16T13:26:47.285+0000] {processor.py:154} INFO - Started process (PID=3932) to work on /opt/airflow/dags/consumer_2.py
[2024-04-16T13:26:47.287+0000] {processor.py:756} INFO - Processing file /opt/airflow/dags/consumer_2.py for tasks to queue
[2024-04-16T13:26:47.288+0000] {logging_mixin.py:120} INFO - [2024-04-16T13:26:47.288+0000] {dagbag.py:537} INFO - Filling up the DagBag from /opt/airflow/dags/consumer_2.py
[2024-04-16T13:26:47.320+0000] {processor.py:766} INFO - DAG(s) dict_keys(['consumer']) retrieved from /opt/airflow/dags/consumer_2.py
[2024-04-16T13:26:47.441+0000] {logging_mixin.py:120} INFO - [2024-04-16T13:26:47.440+0000] {dag.py:2585} INFO - Sync 1 DAGs
[2024-04-16T13:26:47.474+0000] {logging_mixin.py:120} INFO - [2024-04-16T13:26:47.474+0000] {dag.py:3340} INFO - Setting next_dagrun for consumer to None, run_after=None
[2024-04-16T13:26:47.522+0000] {processor.py:176} INFO - Processing /opt/airflow/dags/consumer_2.py took 0.243 seconds
[2024-04-16T13:27:18.281+0000] {processor.py:154} INFO - Started process (PID=4010) to work on /opt/airflow/dags/consumer_2.py
[2024-04-16T13:27:18.283+0000] {processor.py:756} INFO - Processing file /opt/airflow/dags/consumer_2.py for tasks to queue
[2024-04-16T13:27:18.286+0000] {logging_mixin.py:120} INFO - [2024-04-16T13:27:18.286+0000] {dagbag.py:537} INFO - Filling up the DagBag from /opt/airflow/dags/consumer_2.py
[2024-04-16T13:27:18.329+0000] {processor.py:766} INFO - DAG(s) dict_keys(['consumer']) retrieved from /opt/airflow/dags/consumer_2.py
[2024-04-16T13:27:18.395+0000] {logging_mixin.py:120} INFO - [2024-04-16T13:27:18.394+0000] {dag.py:2585} INFO - Sync 1 DAGs
[2024-04-16T13:27:18.441+0000] {logging_mixin.py:120} INFO - [2024-04-16T13:27:18.441+0000] {dag.py:3340} INFO - Setting next_dagrun for consumer to None, run_after=None
[2024-04-16T13:27:18.506+0000] {processor.py:176} INFO - Processing /opt/airflow/dags/consumer_2.py took 0.241 seconds
[2024-04-16T13:27:49.058+0000] {processor.py:154} INFO - Started process (PID=4079) to work on /opt/airflow/dags/consumer_2.py
[2024-04-16T13:27:49.065+0000] {processor.py:756} INFO - Processing file /opt/airflow/dags/consumer_2.py for tasks to queue
[2024-04-16T13:27:49.068+0000] {logging_mixin.py:120} INFO - [2024-04-16T13:27:49.068+0000] {dagbag.py:537} INFO - Filling up the DagBag from /opt/airflow/dags/consumer_2.py
[2024-04-16T13:27:49.114+0000] {processor.py:766} INFO - DAG(s) dict_keys(['consumer']) retrieved from /opt/airflow/dags/consumer_2.py
[2024-04-16T13:27:49.170+0000] {logging_mixin.py:120} INFO - [2024-04-16T13:27:49.169+0000] {dag.py:2585} INFO - Sync 1 DAGs
[2024-04-16T13:27:49.220+0000] {logging_mixin.py:120} INFO - [2024-04-16T13:27:49.220+0000] {dag.py:3340} INFO - Setting next_dagrun for consumer to None, run_after=None
[2024-04-16T13:27:49.285+0000] {processor.py:176} INFO - Processing /opt/airflow/dags/consumer_2.py took 0.233 seconds
[2024-04-16T13:28:20.324+0000] {processor.py:154} INFO - Started process (PID=4157) to work on /opt/airflow/dags/consumer_2.py
[2024-04-16T13:28:20.326+0000] {processor.py:756} INFO - Processing file /opt/airflow/dags/consumer_2.py for tasks to queue
[2024-04-16T13:28:20.328+0000] {logging_mixin.py:120} INFO - [2024-04-16T13:28:20.327+0000] {dagbag.py:537} INFO - Filling up the DagBag from /opt/airflow/dags/consumer_2.py
[2024-04-16T13:28:20.373+0000] {processor.py:766} INFO - DAG(s) dict_keys(['consumer']) retrieved from /opt/airflow/dags/consumer_2.py
[2024-04-16T13:28:20.530+0000] {logging_mixin.py:120} INFO - [2024-04-16T13:28:20.529+0000] {dag.py:2585} INFO - Sync 1 DAGs
[2024-04-16T13:28:20.579+0000] {logging_mixin.py:120} INFO - [2024-04-16T13:28:20.578+0000] {dag.py:3340} INFO - Setting next_dagrun for consumer to None, run_after=None
[2024-04-16T13:28:20.637+0000] {processor.py:176} INFO - Processing /opt/airflow/dags/consumer_2.py took 0.318 seconds
[2024-04-16T13:28:50.841+0000] {processor.py:154} INFO - Started process (PID=4227) to work on /opt/airflow/dags/consumer_2.py
[2024-04-16T13:28:50.843+0000] {processor.py:756} INFO - Processing file /opt/airflow/dags/consumer_2.py for tasks to queue
[2024-04-16T13:28:50.845+0000] {logging_mixin.py:120} INFO - [2024-04-16T13:28:50.844+0000] {dagbag.py:537} INFO - Filling up the DagBag from /opt/airflow/dags/consumer_2.py
[2024-04-16T13:28:50.887+0000] {processor.py:766} INFO - DAG(s) dict_keys(['consumer']) retrieved from /opt/airflow/dags/consumer_2.py
[2024-04-16T13:28:50.957+0000] {logging_mixin.py:120} INFO - [2024-04-16T13:28:50.957+0000] {dag.py:2585} INFO - Sync 1 DAGs
[2024-04-16T13:28:51.001+0000] {logging_mixin.py:120} INFO - [2024-04-16T13:28:51.001+0000] {dag.py:3340} INFO - Setting next_dagrun for consumer to None, run_after=None
[2024-04-16T13:28:51.068+0000] {processor.py:176} INFO - Processing /opt/airflow/dags/consumer_2.py took 0.235 seconds
[2024-04-16T13:29:21.808+0000] {processor.py:154} INFO - Started process (PID=4306) to work on /opt/airflow/dags/consumer_2.py
[2024-04-16T13:29:21.816+0000] {processor.py:756} INFO - Processing file /opt/airflow/dags/consumer_2.py for tasks to queue
[2024-04-16T13:29:21.830+0000] {logging_mixin.py:120} INFO - [2024-04-16T13:29:21.830+0000] {dagbag.py:537} INFO - Filling up the DagBag from /opt/airflow/dags/consumer_2.py
[2024-04-16T13:29:21.902+0000] {processor.py:766} INFO - DAG(s) dict_keys(['consumer']) retrieved from /opt/airflow/dags/consumer_2.py
[2024-04-16T13:29:21.958+0000] {logging_mixin.py:120} INFO - [2024-04-16T13:29:21.958+0000] {dag.py:2585} INFO - Sync 1 DAGs
[2024-04-16T13:29:22.041+0000] {logging_mixin.py:120} INFO - [2024-04-16T13:29:22.041+0000] {dag.py:3340} INFO - Setting next_dagrun for consumer to None, run_after=None
[2024-04-16T13:29:22.112+0000] {processor.py:176} INFO - Processing /opt/airflow/dags/consumer_2.py took 0.357 seconds
[2024-04-16T13:29:52.885+0000] {processor.py:154} INFO - Started process (PID=4377) to work on /opt/airflow/dags/consumer_2.py
[2024-04-16T13:29:52.887+0000] {processor.py:756} INFO - Processing file /opt/airflow/dags/consumer_2.py for tasks to queue
[2024-04-16T13:29:52.889+0000] {logging_mixin.py:120} INFO - [2024-04-16T13:29:52.889+0000] {dagbag.py:537} INFO - Filling up the DagBag from /opt/airflow/dags/consumer_2.py
[2024-04-16T13:29:52.929+0000] {processor.py:766} INFO - DAG(s) dict_keys(['consumer']) retrieved from /opt/airflow/dags/consumer_2.py
[2024-04-16T13:29:53.053+0000] {logging_mixin.py:120} INFO - [2024-04-16T13:29:53.053+0000] {dag.py:2585} INFO - Sync 1 DAGs
[2024-04-16T13:29:53.092+0000] {logging_mixin.py:120} INFO - [2024-04-16T13:29:53.092+0000] {dag.py:3340} INFO - Setting next_dagrun for consumer to None, run_after=None
[2024-04-16T13:29:53.138+0000] {processor.py:176} INFO - Processing /opt/airflow/dags/consumer_2.py took 0.260 seconds
[2024-04-16T13:30:23.218+0000] {processor.py:154} INFO - Started process (PID=4455) to work on /opt/airflow/dags/consumer_2.py
[2024-04-16T13:30:23.225+0000] {processor.py:756} INFO - Processing file /opt/airflow/dags/consumer_2.py for tasks to queue
[2024-04-16T13:30:23.228+0000] {logging_mixin.py:120} INFO - [2024-04-16T13:30:23.227+0000] {dagbag.py:537} INFO - Filling up the DagBag from /opt/airflow/dags/consumer_2.py
[2024-04-16T13:30:23.287+0000] {processor.py:766} INFO - DAG(s) dict_keys(['consumer']) retrieved from /opt/airflow/dags/consumer_2.py
[2024-04-16T13:30:23.356+0000] {logging_mixin.py:120} INFO - [2024-04-16T13:30:23.356+0000] {dag.py:2585} INFO - Sync 1 DAGs
[2024-04-16T13:30:23.401+0000] {logging_mixin.py:120} INFO - [2024-04-16T13:30:23.401+0000] {dag.py:3340} INFO - Setting next_dagrun for consumer to None, run_after=None
[2024-04-16T13:30:23.463+0000] {processor.py:176} INFO - Processing /opt/airflow/dags/consumer_2.py took 0.256 seconds
[2024-04-16T13:30:54.481+0000] {processor.py:154} INFO - Started process (PID=4533) to work on /opt/airflow/dags/consumer_2.py
[2024-04-16T13:30:54.484+0000] {processor.py:756} INFO - Processing file /opt/airflow/dags/consumer_2.py for tasks to queue
[2024-04-16T13:30:54.487+0000] {logging_mixin.py:120} INFO - [2024-04-16T13:30:54.486+0000] {dagbag.py:537} INFO - Filling up the DagBag from /opt/airflow/dags/consumer_2.py
[2024-04-16T13:30:54.532+0000] {processor.py:766} INFO - DAG(s) dict_keys(['consumer']) retrieved from /opt/airflow/dags/consumer_2.py
[2024-04-16T13:30:54.579+0000] {logging_mixin.py:120} INFO - [2024-04-16T13:30:54.579+0000] {dag.py:2585} INFO - Sync 1 DAGs
[2024-04-16T13:30:54.625+0000] {logging_mixin.py:120} INFO - [2024-04-16T13:30:54.625+0000] {dag.py:3340} INFO - Setting next_dagrun for consumer to None, run_after=None
[2024-04-16T13:30:54.669+0000] {processor.py:176} INFO - Processing /opt/airflow/dags/consumer_2.py took 0.198 seconds
[2024-04-16T14:08:45.913+0000] {processor.py:154} INFO - Started process (PID=4584) to work on /opt/airflow/dags/consumer_2.py
[2024-04-16T14:08:45.938+0000] {processor.py:756} INFO - Processing file /opt/airflow/dags/consumer_2.py for tasks to queue
[2024-04-16T14:08:46.029+0000] {logging_mixin.py:120} INFO - [2024-04-16T14:08:45.973+0000] {dagbag.py:537} INFO - Filling up the DagBag from /opt/airflow/dags/consumer_2.py
[2024-04-16T14:08:47.517+0000] {processor.py:766} INFO - DAG(s) dict_keys(['consumer']) retrieved from /opt/airflow/dags/consumer_2.py
