[2024-04-16T04:14:46.328+0000] {processor.py:154} INFO - Started process (PID=23764) to work on /opt/airflow/dags/producer.py
[2024-04-16T04:14:46.351+0000] {processor.py:756} INFO - Processing file /opt/airflow/dags/producer.py for tasks to queue
[2024-04-16T04:14:46.397+0000] {logging_mixin.py:120} INFO - [2024-04-16T04:14:46.382+0000] {dagbag.py:537} INFO - Filling up the DagBag from /opt/airflow/dags/producer.py
[2024-04-16T04:14:48.264+0000] {processor.py:766} INFO - DAG(s) dict_keys(['producer']) retrieved from /opt/airflow/dags/producer.py
[2024-04-16T04:14:53.064+0000] {logging_mixin.py:120} INFO - [2024-04-16T04:14:53.063+0000] {dag.py:2585} INFO - Sync 1 DAGs
[2024-04-16T04:14:55.179+0000] {logging_mixin.py:120} INFO - [2024-04-16T04:14:55.158+0000] {dag.py:3340} INFO - Setting next_dagrun for producer to 2024-04-15T00:00:00+00:00, run_after=2024-04-16T00:00:00+00:00
[2024-04-16T09:51:21.704+0000] {processor.py:176} INFO - Processing /opt/airflow/dags/producer.py took 52.325 seconds
[2024-04-16T10:11:07.469+0000] {processor.py:154} INFO - Started process (PID=23938) to work on /opt/airflow/dags/producer.py
[2024-04-16T10:11:07.553+0000] {processor.py:756} INFO - Processing file /opt/airflow/dags/producer.py for tasks to queue
[2024-04-16T10:11:07.646+0000] {logging_mixin.py:120} INFO - [2024-04-16T10:11:07.645+0000] {dagbag.py:537} INFO - Filling up the DagBag from /opt/airflow/dags/producer.py
[2024-04-16T10:11:12.216+0000] {processor.py:766} INFO - DAG(s) dict_keys(['producer']) retrieved from /opt/airflow/dags/producer.py
[2024-04-16T10:11:26.606+0000] {logging_mixin.py:120} INFO - [2024-04-16T10:11:26.605+0000] {dag.py:2585} INFO - Sync 1 DAGs
[2024-04-16T10:11:31.408+0000] {logging_mixin.py:120} INFO - [2024-04-16T10:11:31.406+0000] {dag.py:3340} INFO - Setting next_dagrun for producer to 2024-04-15T00:00:00+00:00, run_after=2024-04-16T00:00:00+00:00
[2024-04-16T10:11:35.574+0000] {processor.py:176} INFO - Processing /opt/airflow/dags/producer.py took 28.557 seconds
[2024-04-16T10:22:58.687+0000] {processor.py:154} INFO - Started process (PID=50) to work on /opt/airflow/dags/producer.py
[2024-04-16T10:22:58.704+0000] {processor.py:756} INFO - Processing file /opt/airflow/dags/producer.py for tasks to queue
[2024-04-16T10:22:58.707+0000] {logging_mixin.py:120} INFO - [2024-04-16T10:22:58.706+0000] {dagbag.py:537} INFO - Filling up the DagBag from /opt/airflow/dags/producer.py
[2024-04-16T10:22:58.967+0000] {processor.py:766} INFO - DAG(s) dict_keys(['producer']) retrieved from /opt/airflow/dags/producer.py
[2024-04-16T10:22:59.074+0000] {logging_mixin.py:120} INFO - [2024-04-16T10:22:59.073+0000] {dag.py:2585} INFO - Sync 1 DAGs
[2024-04-16T10:22:59.221+0000] {logging_mixin.py:120} INFO - [2024-04-16T10:22:59.221+0000] {dag.py:3340} INFO - Setting next_dagrun for producer to 2024-04-15T00:00:00+00:00, run_after=2024-04-16T00:00:00+00:00
[2024-04-16T10:22:59.505+0000] {processor.py:176} INFO - Processing /opt/airflow/dags/producer.py took 0.834 seconds
[2024-04-16T10:23:32.211+0000] {processor.py:154} INFO - Started process (PID=118) to work on /opt/airflow/dags/producer.py
[2024-04-16T10:23:32.219+0000] {processor.py:756} INFO - Processing file /opt/airflow/dags/producer.py for tasks to queue
[2024-04-16T10:23:32.221+0000] {logging_mixin.py:120} INFO - [2024-04-16T10:23:32.221+0000] {dagbag.py:537} INFO - Filling up the DagBag from /opt/airflow/dags/producer.py
[2024-04-16T10:23:32.350+0000] {processor.py:766} INFO - DAG(s) dict_keys(['producer']) retrieved from /opt/airflow/dags/producer.py
[2024-04-16T10:23:32.889+0000] {logging_mixin.py:120} INFO - [2024-04-16T10:23:32.888+0000] {dag.py:2585} INFO - Sync 1 DAGs
[2024-04-16T10:23:33.005+0000] {logging_mixin.py:120} INFO - [2024-04-16T10:23:33.005+0000] {dag.py:3340} INFO - Setting next_dagrun for producer to 2024-04-15T00:00:00+00:00, run_after=2024-04-16T00:00:00+00:00
[2024-04-16T10:23:33.111+0000] {processor.py:176} INFO - Processing /opt/airflow/dags/producer.py took 0.921 seconds
[2024-04-16T10:24:05.397+0000] {processor.py:154} INFO - Started process (PID=176) to work on /opt/airflow/dags/producer.py
[2024-04-16T10:24:05.399+0000] {processor.py:756} INFO - Processing file /opt/airflow/dags/producer.py for tasks to queue
[2024-04-16T10:24:05.401+0000] {logging_mixin.py:120} INFO - [2024-04-16T10:24:05.401+0000] {dagbag.py:537} INFO - Filling up the DagBag from /opt/airflow/dags/producer.py
[2024-04-16T10:24:05.438+0000] {processor.py:766} INFO - DAG(s) dict_keys(['producer']) retrieved from /opt/airflow/dags/producer.py
[2024-04-16T10:24:05.513+0000] {logging_mixin.py:120} INFO - [2024-04-16T10:24:05.512+0000] {dag.py:2585} INFO - Sync 1 DAGs
[2024-04-16T10:24:05.563+0000] {logging_mixin.py:120} INFO - [2024-04-16T10:24:05.563+0000] {dag.py:3340} INFO - Setting next_dagrun for producer to 2024-04-15T00:00:00+00:00, run_after=2024-04-16T00:00:00+00:00
[2024-04-16T10:24:05.603+0000] {processor.py:176} INFO - Processing /opt/airflow/dags/producer.py took 0.213 seconds
[2024-04-16T10:24:55.390+0000] {processor.py:154} INFO - Started process (PID=253) to work on /opt/airflow/dags/producer.py
[2024-04-16T10:24:55.392+0000] {processor.py:756} INFO - Processing file /opt/airflow/dags/producer.py for tasks to queue
[2024-04-16T10:24:55.394+0000] {logging_mixin.py:120} INFO - [2024-04-16T10:24:55.394+0000] {dagbag.py:537} INFO - Filling up the DagBag from /opt/airflow/dags/producer.py
[2024-04-16T10:24:55.430+0000] {processor.py:766} INFO - DAG(s) dict_keys(['producer']) retrieved from /opt/airflow/dags/producer.py
[2024-04-16T10:24:55.569+0000] {logging_mixin.py:120} INFO - [2024-04-16T10:24:55.568+0000] {dag.py:2585} INFO - Sync 1 DAGs
[2024-04-16T10:24:55.608+0000] {logging_mixin.py:120} INFO - [2024-04-16T10:24:55.608+0000] {dag.py:3340} INFO - Setting next_dagrun for producer to 2024-04-15T00:00:00+00:00, run_after=2024-04-16T00:00:00+00:00
[2024-04-16T10:24:55.644+0000] {processor.py:176} INFO - Processing /opt/airflow/dags/producer.py took 0.259 seconds
[2024-04-16T10:25:26.504+0000] {processor.py:154} INFO - Started process (PID=328) to work on /opt/airflow/dags/producer.py
[2024-04-16T10:25:26.506+0000] {processor.py:756} INFO - Processing file /opt/airflow/dags/producer.py for tasks to queue
[2024-04-16T10:25:26.508+0000] {logging_mixin.py:120} INFO - [2024-04-16T10:25:26.508+0000] {dagbag.py:537} INFO - Filling up the DagBag from /opt/airflow/dags/producer.py
[2024-04-16T10:25:26.551+0000] {processor.py:766} INFO - DAG(s) dict_keys(['producer']) retrieved from /opt/airflow/dags/producer.py
[2024-04-16T10:25:26.600+0000] {logging_mixin.py:120} INFO - [2024-04-16T10:25:26.600+0000] {dag.py:2585} INFO - Sync 1 DAGs
[2024-04-16T10:25:26.659+0000] {logging_mixin.py:120} INFO - [2024-04-16T10:25:26.659+0000] {dag.py:3340} INFO - Setting next_dagrun for producer to 2024-04-15T00:00:00+00:00, run_after=2024-04-16T00:00:00+00:00
[2024-04-16T10:25:26.749+0000] {processor.py:176} INFO - Processing /opt/airflow/dags/producer.py took 0.253 seconds
[2024-04-16T10:26:04.124+0000] {processor.py:154} INFO - Started process (PID=403) to work on /opt/airflow/dags/producer.py
[2024-04-16T10:26:04.164+0000] {processor.py:756} INFO - Processing file /opt/airflow/dags/producer.py for tasks to queue
[2024-04-16T10:26:04.186+0000] {logging_mixin.py:120} INFO - [2024-04-16T10:26:04.185+0000] {dagbag.py:537} INFO - Filling up the DagBag from /opt/airflow/dags/producer.py
[2024-04-16T10:26:04.635+0000] {processor.py:766} INFO - DAG(s) dict_keys(['producer']) retrieved from /opt/airflow/dags/producer.py
[2024-04-16T10:26:07.114+0000] {logging_mixin.py:120} INFO - [2024-04-16T10:26:07.114+0000] {dag.py:2585} INFO - Sync 1 DAGs
[2024-04-16T10:26:07.176+0000] {logging_mixin.py:120} INFO - [2024-04-16T10:26:07.176+0000] {dag.py:3340} INFO - Setting next_dagrun for producer to 2024-04-15T00:00:00+00:00, run_after=2024-04-16T00:00:00+00:00
[2024-04-16T10:26:07.249+0000] {processor.py:176} INFO - Processing /opt/airflow/dags/producer.py took 3.262 seconds
[2024-04-16T10:26:37.557+0000] {processor.py:154} INFO - Started process (PID=472) to work on /opt/airflow/dags/producer.py
[2024-04-16T10:26:37.559+0000] {processor.py:756} INFO - Processing file /opt/airflow/dags/producer.py for tasks to queue
[2024-04-16T10:26:37.561+0000] {logging_mixin.py:120} INFO - [2024-04-16T10:26:37.561+0000] {dagbag.py:537} INFO - Filling up the DagBag from /opt/airflow/dags/producer.py
[2024-04-16T10:26:37.597+0000] {processor.py:766} INFO - DAG(s) dict_keys(['producer']) retrieved from /opt/airflow/dags/producer.py
[2024-04-16T10:26:37.656+0000] {logging_mixin.py:120} INFO - [2024-04-16T10:26:37.656+0000] {dag.py:2585} INFO - Sync 1 DAGs
[2024-04-16T10:26:37.696+0000] {logging_mixin.py:120} INFO - [2024-04-16T10:26:37.695+0000] {dag.py:3340} INFO - Setting next_dagrun for producer to 2024-04-15T00:00:00+00:00, run_after=2024-04-16T00:00:00+00:00
[2024-04-16T10:26:37.728+0000] {processor.py:176} INFO - Processing /opt/airflow/dags/producer.py took 0.177 seconds
[2024-04-16T10:27:07.941+0000] {processor.py:154} INFO - Started process (PID=533) to work on /opt/airflow/dags/producer.py
[2024-04-16T10:27:07.944+0000] {processor.py:756} INFO - Processing file /opt/airflow/dags/producer.py for tasks to queue
[2024-04-16T10:27:07.946+0000] {logging_mixin.py:120} INFO - [2024-04-16T10:27:07.946+0000] {dagbag.py:537} INFO - Filling up the DagBag from /opt/airflow/dags/producer.py
[2024-04-16T10:27:07.988+0000] {processor.py:766} INFO - DAG(s) dict_keys(['producer']) retrieved from /opt/airflow/dags/producer.py
[2024-04-16T10:27:08.103+0000] {logging_mixin.py:120} INFO - [2024-04-16T10:27:08.103+0000] {dag.py:2585} INFO - Sync 1 DAGs
[2024-04-16T10:27:08.155+0000] {logging_mixin.py:120} INFO - [2024-04-16T10:27:08.155+0000] {dag.py:3340} INFO - Setting next_dagrun for producer to 2024-04-15T00:00:00+00:00, run_after=2024-04-16T00:00:00+00:00
[2024-04-16T10:27:08.196+0000] {processor.py:176} INFO - Processing /opt/airflow/dags/producer.py took 0.265 seconds
[2024-04-16T10:27:38.375+0000] {processor.py:154} INFO - Started process (PID=611) to work on /opt/airflow/dags/producer.py
[2024-04-16T10:27:38.378+0000] {processor.py:756} INFO - Processing file /opt/airflow/dags/producer.py for tasks to queue
[2024-04-16T10:27:38.381+0000] {logging_mixin.py:120} INFO - [2024-04-16T10:27:38.381+0000] {dagbag.py:537} INFO - Filling up the DagBag from /opt/airflow/dags/producer.py
[2024-04-16T10:27:38.431+0000] {processor.py:766} INFO - DAG(s) dict_keys(['producer']) retrieved from /opt/airflow/dags/producer.py
[2024-04-16T10:27:38.568+0000] {logging_mixin.py:120} INFO - [2024-04-16T10:27:38.567+0000] {dag.py:2585} INFO - Sync 1 DAGs
[2024-04-16T10:27:38.608+0000] {logging_mixin.py:120} INFO - [2024-04-16T10:27:38.608+0000] {dag.py:3340} INFO - Setting next_dagrun for producer to 2024-04-15T00:00:00+00:00, run_after=2024-04-16T00:00:00+00:00
[2024-04-16T10:27:38.660+0000] {processor.py:176} INFO - Processing /opt/airflow/dags/producer.py took 0.294 seconds
[2024-04-16T13:04:06.213+0000] {processor.py:154} INFO - Started process (PID=690) to work on /opt/airflow/dags/producer.py
[2024-04-16T13:04:06.220+0000] {processor.py:756} INFO - Processing file /opt/airflow/dags/producer.py for tasks to queue
[2024-04-16T13:04:06.229+0000] {logging_mixin.py:120} INFO - [2024-04-16T13:04:06.229+0000] {dagbag.py:537} INFO - Filling up the DagBag from /opt/airflow/dags/producer.py
[2024-04-16T13:04:06.397+0000] {processor.py:766} INFO - DAG(s) dict_keys(['producer']) retrieved from /opt/airflow/dags/producer.py
[2024-04-16T13:04:06.689+0000] {logging_mixin.py:120} INFO - [2024-04-16T13:04:06.689+0000] {dag.py:2585} INFO - Sync 1 DAGs
[2024-04-16T13:04:06.836+0000] {logging_mixin.py:120} INFO - [2024-04-16T13:04:06.835+0000] {dag.py:3340} INFO - Setting next_dagrun for producer to 2024-04-15T00:00:00+00:00, run_after=2024-04-16T00:00:00+00:00
[2024-04-16T13:04:06.914+0000] {processor.py:176} INFO - Processing /opt/airflow/dags/producer.py took 0.719 seconds
[2024-04-16T13:04:37.288+0000] {processor.py:154} INFO - Started process (PID=761) to work on /opt/airflow/dags/producer.py
[2024-04-16T13:04:37.291+0000] {processor.py:756} INFO - Processing file /opt/airflow/dags/producer.py for tasks to queue
[2024-04-16T13:04:37.297+0000] {logging_mixin.py:120} INFO - [2024-04-16T13:04:37.295+0000] {dagbag.py:537} INFO - Filling up the DagBag from /opt/airflow/dags/producer.py
[2024-04-16T13:04:37.356+0000] {processor.py:766} INFO - DAG(s) dict_keys(['producer']) retrieved from /opt/airflow/dags/producer.py
[2024-04-16T13:04:37.590+0000] {logging_mixin.py:120} INFO - [2024-04-16T13:04:37.590+0000] {dag.py:2585} INFO - Sync 1 DAGs
[2024-04-16T13:04:37.634+0000] {logging_mixin.py:120} INFO - [2024-04-16T13:04:37.634+0000] {dag.py:3340} INFO - Setting next_dagrun for producer to 2024-04-15T00:00:00+00:00, run_after=2024-04-16T00:00:00+00:00
[2024-04-16T13:04:37.690+0000] {processor.py:176} INFO - Processing /opt/airflow/dags/producer.py took 0.412 seconds
[2024-04-16T13:05:07.997+0000] {processor.py:154} INFO - Started process (PID=830) to work on /opt/airflow/dags/producer.py
[2024-04-16T13:05:07.999+0000] {processor.py:756} INFO - Processing file /opt/airflow/dags/producer.py for tasks to queue
[2024-04-16T13:05:08.002+0000] {logging_mixin.py:120} INFO - [2024-04-16T13:05:08.002+0000] {dagbag.py:537} INFO - Filling up the DagBag from /opt/airflow/dags/producer.py
[2024-04-16T13:05:08.040+0000] {processor.py:766} INFO - DAG(s) dict_keys(['producer']) retrieved from /opt/airflow/dags/producer.py
[2024-04-16T13:05:08.083+0000] {logging_mixin.py:120} INFO - [2024-04-16T13:05:08.082+0000] {dag.py:2585} INFO - Sync 1 DAGs
[2024-04-16T13:05:08.127+0000] {logging_mixin.py:120} INFO - [2024-04-16T13:05:08.127+0000] {dag.py:3340} INFO - Setting next_dagrun for producer to 2024-04-15T00:00:00+00:00, run_after=2024-04-16T00:00:00+00:00
[2024-04-16T13:05:08.165+0000] {processor.py:176} INFO - Processing /opt/airflow/dags/producer.py took 0.174 seconds
[2024-04-16T13:05:38.285+0000] {processor.py:154} INFO - Started process (PID=909) to work on /opt/airflow/dags/producer.py
[2024-04-16T13:05:38.288+0000] {processor.py:756} INFO - Processing file /opt/airflow/dags/producer.py for tasks to queue
[2024-04-16T13:05:38.290+0000] {logging_mixin.py:120} INFO - [2024-04-16T13:05:38.290+0000] {dagbag.py:537} INFO - Filling up the DagBag from /opt/airflow/dags/producer.py
[2024-04-16T13:05:38.334+0000] {processor.py:766} INFO - DAG(s) dict_keys(['producer']) retrieved from /opt/airflow/dags/producer.py
[2024-04-16T13:05:38.468+0000] {logging_mixin.py:120} INFO - [2024-04-16T13:05:38.468+0000] {dag.py:2585} INFO - Sync 1 DAGs
[2024-04-16T13:05:38.511+0000] {logging_mixin.py:120} INFO - [2024-04-16T13:05:38.511+0000] {dag.py:3340} INFO - Setting next_dagrun for producer to 2024-04-15T00:00:00+00:00, run_after=2024-04-16T00:00:00+00:00
[2024-04-16T13:05:38.548+0000] {processor.py:176} INFO - Processing /opt/airflow/dags/producer.py took 0.269 seconds
[2024-04-16T13:06:09.123+0000] {processor.py:154} INFO - Started process (PID=986) to work on /opt/airflow/dags/producer.py
[2024-04-16T13:06:09.138+0000] {processor.py:756} INFO - Processing file /opt/airflow/dags/producer.py for tasks to queue
[2024-04-16T13:06:09.143+0000] {logging_mixin.py:120} INFO - [2024-04-16T13:06:09.143+0000] {dagbag.py:537} INFO - Filling up the DagBag from /opt/airflow/dags/producer.py
[2024-04-16T13:06:09.221+0000] {processor.py:766} INFO - DAG(s) dict_keys(['producer']) retrieved from /opt/airflow/dags/producer.py
[2024-04-16T13:06:09.373+0000] {logging_mixin.py:120} INFO - [2024-04-16T13:06:09.373+0000] {dag.py:2585} INFO - Sync 1 DAGs
[2024-04-16T13:06:09.440+0000] {logging_mixin.py:120} INFO - [2024-04-16T13:06:09.440+0000] {dag.py:3340} INFO - Setting next_dagrun for producer to 2024-04-15T00:00:00+00:00, run_after=2024-04-16T00:00:00+00:00
[2024-04-16T13:06:09.494+0000] {processor.py:176} INFO - Processing /opt/airflow/dags/producer.py took 0.379 seconds
[2024-04-16T13:06:40.354+0000] {processor.py:154} INFO - Started process (PID=1054) to work on /opt/airflow/dags/producer.py
[2024-04-16T13:06:40.356+0000] {processor.py:756} INFO - Processing file /opt/airflow/dags/producer.py for tasks to queue
[2024-04-16T13:06:40.358+0000] {logging_mixin.py:120} INFO - [2024-04-16T13:06:40.358+0000] {dagbag.py:537} INFO - Filling up the DagBag from /opt/airflow/dags/producer.py
[2024-04-16T13:06:40.426+0000] {processor.py:766} INFO - DAG(s) dict_keys(['producer']) retrieved from /opt/airflow/dags/producer.py
[2024-04-16T13:06:40.685+0000] {logging_mixin.py:120} INFO - [2024-04-16T13:06:40.685+0000] {dag.py:2585} INFO - Sync 1 DAGs
[2024-04-16T13:06:40.769+0000] {logging_mixin.py:120} INFO - [2024-04-16T13:06:40.769+0000] {dag.py:3340} INFO - Setting next_dagrun for producer to 2024-04-15T00:00:00+00:00, run_after=2024-04-16T00:00:00+00:00
[2024-04-16T13:06:40.853+0000] {processor.py:176} INFO - Processing /opt/airflow/dags/producer.py took 0.517 seconds
[2024-04-16T13:07:10.979+0000] {processor.py:154} INFO - Started process (PID=1125) to work on /opt/airflow/dags/producer.py
[2024-04-16T13:07:10.981+0000] {processor.py:756} INFO - Processing file /opt/airflow/dags/producer.py for tasks to queue
[2024-04-16T13:07:10.983+0000] {logging_mixin.py:120} INFO - [2024-04-16T13:07:10.983+0000] {dagbag.py:537} INFO - Filling up the DagBag from /opt/airflow/dags/producer.py
[2024-04-16T13:07:11.018+0000] {processor.py:766} INFO - DAG(s) dict_keys(['producer']) retrieved from /opt/airflow/dags/producer.py
[2024-04-16T13:07:11.087+0000] {logging_mixin.py:120} INFO - [2024-04-16T13:07:11.086+0000] {dag.py:2585} INFO - Sync 1 DAGs
[2024-04-16T13:07:11.129+0000] {logging_mixin.py:120} INFO - [2024-04-16T13:07:11.129+0000] {dag.py:3340} INFO - Setting next_dagrun for producer to 2024-04-15T00:00:00+00:00, run_after=2024-04-16T00:00:00+00:00
[2024-04-16T13:07:11.168+0000] {processor.py:176} INFO - Processing /opt/airflow/dags/producer.py took 0.195 seconds
[2024-04-16T13:07:41.537+0000] {processor.py:154} INFO - Started process (PID=1194) to work on /opt/airflow/dags/producer.py
[2024-04-16T13:07:41.539+0000] {processor.py:756} INFO - Processing file /opt/airflow/dags/producer.py for tasks to queue
[2024-04-16T13:07:41.542+0000] {logging_mixin.py:120} INFO - [2024-04-16T13:07:41.542+0000] {dagbag.py:537} INFO - Filling up the DagBag from /opt/airflow/dags/producer.py
[2024-04-16T13:07:41.591+0000] {processor.py:766} INFO - DAG(s) dict_keys(['producer']) retrieved from /opt/airflow/dags/producer.py
[2024-04-16T13:07:41.734+0000] {logging_mixin.py:120} INFO - [2024-04-16T13:07:41.733+0000] {dag.py:2585} INFO - Sync 1 DAGs
[2024-04-16T13:07:41.783+0000] {logging_mixin.py:120} INFO - [2024-04-16T13:07:41.783+0000] {dag.py:3340} INFO - Setting next_dagrun for producer to 2024-04-15T00:00:00+00:00, run_after=2024-04-16T00:00:00+00:00
[2024-04-16T13:07:41.819+0000] {processor.py:176} INFO - Processing /opt/airflow/dags/producer.py took 0.293 seconds
[2024-04-16T13:08:12.438+0000] {processor.py:154} INFO - Started process (PID=1272) to work on /opt/airflow/dags/producer.py
[2024-04-16T13:08:12.444+0000] {processor.py:756} INFO - Processing file /opt/airflow/dags/producer.py for tasks to queue
[2024-04-16T13:08:12.449+0000] {logging_mixin.py:120} INFO - [2024-04-16T13:08:12.448+0000] {dagbag.py:537} INFO - Filling up the DagBag from /opt/airflow/dags/producer.py
[2024-04-16T13:08:12.535+0000] {processor.py:766} INFO - DAG(s) dict_keys(['producer']) retrieved from /opt/airflow/dags/producer.py
[2024-04-16T13:08:12.589+0000] {logging_mixin.py:120} INFO - [2024-04-16T13:08:12.589+0000] {dag.py:2585} INFO - Sync 1 DAGs
[2024-04-16T13:08:12.643+0000] {logging_mixin.py:120} INFO - [2024-04-16T13:08:12.643+0000] {dag.py:3340} INFO - Setting next_dagrun for producer to 2024-04-15T00:00:00+00:00, run_after=2024-04-16T00:00:00+00:00
[2024-04-16T13:08:12.716+0000] {processor.py:176} INFO - Processing /opt/airflow/dags/producer.py took 0.301 seconds
[2024-04-16T13:08:42.941+0000] {processor.py:154} INFO - Started process (PID=1341) to work on /opt/airflow/dags/producer.py
[2024-04-16T13:08:42.951+0000] {processor.py:756} INFO - Processing file /opt/airflow/dags/producer.py for tasks to queue
[2024-04-16T13:08:42.958+0000] {logging_mixin.py:120} INFO - [2024-04-16T13:08:42.957+0000] {dagbag.py:537} INFO - Filling up the DagBag from /opt/airflow/dags/producer.py
[2024-04-16T13:08:43.049+0000] {processor.py:766} INFO - DAG(s) dict_keys(['producer']) retrieved from /opt/airflow/dags/producer.py
[2024-04-16T13:08:43.219+0000] {logging_mixin.py:120} INFO - [2024-04-16T13:08:43.219+0000] {dag.py:2585} INFO - Sync 1 DAGs
[2024-04-16T13:08:43.295+0000] {logging_mixin.py:120} INFO - [2024-04-16T13:08:43.295+0000] {dag.py:3340} INFO - Setting next_dagrun for producer to 2024-04-15T00:00:00+00:00, run_after=2024-04-16T00:00:00+00:00
[2024-04-16T13:08:43.361+0000] {processor.py:176} INFO - Processing /opt/airflow/dags/producer.py took 0.441 seconds
[2024-04-16T13:09:13.620+0000] {processor.py:154} INFO - Started process (PID=1420) to work on /opt/airflow/dags/producer.py
[2024-04-16T13:09:13.623+0000] {processor.py:756} INFO - Processing file /opt/airflow/dags/producer.py for tasks to queue
[2024-04-16T13:09:13.625+0000] {logging_mixin.py:120} INFO - [2024-04-16T13:09:13.625+0000] {dagbag.py:537} INFO - Filling up the DagBag from /opt/airflow/dags/producer.py
[2024-04-16T13:09:13.693+0000] {processor.py:766} INFO - DAG(s) dict_keys(['producer']) retrieved from /opt/airflow/dags/producer.py
[2024-04-16T13:09:13.789+0000] {logging_mixin.py:120} INFO - [2024-04-16T13:09:13.789+0000] {dag.py:2585} INFO - Sync 1 DAGs
[2024-04-16T13:09:13.842+0000] {logging_mixin.py:120} INFO - [2024-04-16T13:09:13.842+0000] {dag.py:3340} INFO - Setting next_dagrun for producer to 2024-04-15T00:00:00+00:00, run_after=2024-04-16T00:00:00+00:00
[2024-04-16T13:09:13.877+0000] {processor.py:176} INFO - Processing /opt/airflow/dags/producer.py took 0.271 seconds
[2024-04-16T13:09:45.314+0000] {processor.py:154} INFO - Started process (PID=1491) to work on /opt/airflow/dags/producer.py
[2024-04-16T13:09:45.316+0000] {processor.py:756} INFO - Processing file /opt/airflow/dags/producer.py for tasks to queue
[2024-04-16T13:09:45.318+0000] {logging_mixin.py:120} INFO - [2024-04-16T13:09:45.318+0000] {dagbag.py:537} INFO - Filling up the DagBag from /opt/airflow/dags/producer.py
[2024-04-16T13:09:45.365+0000] {processor.py:766} INFO - DAG(s) dict_keys(['producer']) retrieved from /opt/airflow/dags/producer.py
[2024-04-16T13:09:45.512+0000] {logging_mixin.py:120} INFO - [2024-04-16T13:09:45.512+0000] {dag.py:2585} INFO - Sync 1 DAGs
[2024-04-16T13:09:45.566+0000] {logging_mixin.py:120} INFO - [2024-04-16T13:09:45.566+0000] {dag.py:3340} INFO - Setting next_dagrun for producer to 2024-04-15T00:00:00+00:00, run_after=2024-04-16T00:00:00+00:00
[2024-04-16T13:09:45.614+0000] {processor.py:176} INFO - Processing /opt/airflow/dags/producer.py took 0.309 seconds
[2024-04-16T13:10:15.718+0000] {processor.py:154} INFO - Started process (PID=1569) to work on /opt/airflow/dags/producer.py
[2024-04-16T13:10:15.731+0000] {processor.py:756} INFO - Processing file /opt/airflow/dags/producer.py for tasks to queue
[2024-04-16T13:10:15.737+0000] {logging_mixin.py:120} INFO - [2024-04-16T13:10:15.737+0000] {dagbag.py:537} INFO - Filling up the DagBag from /opt/airflow/dags/producer.py
[2024-04-16T13:10:15.894+0000] {processor.py:766} INFO - DAG(s) dict_keys(['producer']) retrieved from /opt/airflow/dags/producer.py
[2024-04-16T13:10:16.015+0000] {logging_mixin.py:120} INFO - [2024-04-16T13:10:16.014+0000] {dag.py:2585} INFO - Sync 1 DAGs
[2024-04-16T13:10:16.071+0000] {logging_mixin.py:120} INFO - [2024-04-16T13:10:16.071+0000] {dag.py:3340} INFO - Setting next_dagrun for producer to 2024-04-15T00:00:00+00:00, run_after=2024-04-16T00:00:00+00:00
[2024-04-16T13:10:16.126+0000] {processor.py:176} INFO - Processing /opt/airflow/dags/producer.py took 0.417 seconds
[2024-04-16T13:10:46.566+0000] {processor.py:154} INFO - Started process (PID=1639) to work on /opt/airflow/dags/producer.py
[2024-04-16T13:10:46.568+0000] {processor.py:756} INFO - Processing file /opt/airflow/dags/producer.py for tasks to queue
[2024-04-16T13:10:46.570+0000] {logging_mixin.py:120} INFO - [2024-04-16T13:10:46.569+0000] {dagbag.py:537} INFO - Filling up the DagBag from /opt/airflow/dags/producer.py
[2024-04-16T13:10:46.617+0000] {processor.py:766} INFO - DAG(s) dict_keys(['producer']) retrieved from /opt/airflow/dags/producer.py
[2024-04-16T13:10:46.793+0000] {logging_mixin.py:120} INFO - [2024-04-16T13:10:46.793+0000] {dag.py:2585} INFO - Sync 1 DAGs
[2024-04-16T13:10:46.841+0000] {logging_mixin.py:120} INFO - [2024-04-16T13:10:46.841+0000] {dag.py:3340} INFO - Setting next_dagrun for producer to 2024-04-15T00:00:00+00:00, run_after=2024-04-16T00:00:00+00:00
[2024-04-16T13:10:46.884+0000] {processor.py:176} INFO - Processing /opt/airflow/dags/producer.py took 0.326 seconds
[2024-04-16T13:11:17.221+0000] {processor.py:154} INFO - Started process (PID=1707) to work on /opt/airflow/dags/producer.py
[2024-04-16T13:11:17.232+0000] {processor.py:756} INFO - Processing file /opt/airflow/dags/producer.py for tasks to queue
[2024-04-16T13:11:17.234+0000] {logging_mixin.py:120} INFO - [2024-04-16T13:11:17.234+0000] {dagbag.py:537} INFO - Filling up the DagBag from /opt/airflow/dags/producer.py
[2024-04-16T13:11:17.327+0000] {processor.py:766} INFO - DAG(s) dict_keys(['producer']) retrieved from /opt/airflow/dags/producer.py
[2024-04-16T13:11:17.480+0000] {logging_mixin.py:120} INFO - [2024-04-16T13:11:17.480+0000] {dag.py:2585} INFO - Sync 1 DAGs
[2024-04-16T13:11:17.658+0000] {logging_mixin.py:120} INFO - [2024-04-16T13:11:17.658+0000] {dag.py:3340} INFO - Setting next_dagrun for producer to 2024-04-15T00:00:00+00:00, run_after=2024-04-16T00:00:00+00:00
[2024-04-16T13:11:17.768+0000] {processor.py:176} INFO - Processing /opt/airflow/dags/producer.py took 0.557 seconds
[2024-04-16T13:11:48.074+0000] {processor.py:154} INFO - Started process (PID=1786) to work on /opt/airflow/dags/producer.py
[2024-04-16T13:11:48.076+0000] {processor.py:756} INFO - Processing file /opt/airflow/dags/producer.py for tasks to queue
[2024-04-16T13:11:48.078+0000] {logging_mixin.py:120} INFO - [2024-04-16T13:11:48.078+0000] {dagbag.py:537} INFO - Filling up the DagBag from /opt/airflow/dags/producer.py
[2024-04-16T13:11:48.119+0000] {processor.py:766} INFO - DAG(s) dict_keys(['producer']) retrieved from /opt/airflow/dags/producer.py
[2024-04-16T13:11:48.263+0000] {logging_mixin.py:120} INFO - [2024-04-16T13:11:48.262+0000] {dag.py:2585} INFO - Sync 1 DAGs
[2024-04-16T13:11:48.305+0000] {logging_mixin.py:120} INFO - [2024-04-16T13:11:48.304+0000] {dag.py:3340} INFO - Setting next_dagrun for producer to 2024-04-15T00:00:00+00:00, run_after=2024-04-16T00:00:00+00:00
[2024-04-16T13:11:48.343+0000] {processor.py:176} INFO - Processing /opt/airflow/dags/producer.py took 0.275 seconds
[2024-04-16T13:12:18.474+0000] {processor.py:154} INFO - Started process (PID=1853) to work on /opt/airflow/dags/producer.py
[2024-04-16T13:12:18.476+0000] {processor.py:756} INFO - Processing file /opt/airflow/dags/producer.py for tasks to queue
[2024-04-16T13:12:18.477+0000] {logging_mixin.py:120} INFO - [2024-04-16T13:12:18.477+0000] {dagbag.py:537} INFO - Filling up the DagBag from /opt/airflow/dags/producer.py
[2024-04-16T13:12:18.513+0000] {processor.py:766} INFO - DAG(s) dict_keys(['producer']) retrieved from /opt/airflow/dags/producer.py
[2024-04-16T13:12:18.584+0000] {logging_mixin.py:120} INFO - [2024-04-16T13:12:18.583+0000] {dag.py:2585} INFO - Sync 1 DAGs
[2024-04-16T13:12:18.692+0000] {logging_mixin.py:120} INFO - [2024-04-16T13:12:18.692+0000] {dag.py:3340} INFO - Setting next_dagrun for producer to 2024-04-15T00:00:00+00:00, run_after=2024-04-16T00:00:00+00:00
[2024-04-16T13:12:18.735+0000] {processor.py:176} INFO - Processing /opt/airflow/dags/producer.py took 0.266 seconds
[2024-04-16T13:12:49.107+0000] {processor.py:154} INFO - Started process (PID=1927) to work on /opt/airflow/dags/producer.py
[2024-04-16T13:12:49.110+0000] {processor.py:756} INFO - Processing file /opt/airflow/dags/producer.py for tasks to queue
[2024-04-16T13:12:49.115+0000] {logging_mixin.py:120} INFO - [2024-04-16T13:12:49.115+0000] {dagbag.py:537} INFO - Filling up the DagBag from /opt/airflow/dags/producer.py
[2024-04-16T13:12:49.184+0000] {processor.py:766} INFO - DAG(s) dict_keys(['producer']) retrieved from /opt/airflow/dags/producer.py
[2024-04-16T13:12:49.450+0000] {logging_mixin.py:120} INFO - [2024-04-16T13:12:49.450+0000] {dag.py:2585} INFO - Sync 1 DAGs
[2024-04-16T13:12:49.514+0000] {logging_mixin.py:120} INFO - [2024-04-16T13:12:49.513+0000] {dag.py:3340} INFO - Setting next_dagrun for producer to 2024-04-15T00:00:00+00:00, run_after=2024-04-16T00:00:00+00:00
[2024-04-16T13:12:49.600+0000] {processor.py:176} INFO - Processing /opt/airflow/dags/producer.py took 0.504 seconds
[2024-04-16T13:13:20.223+0000] {processor.py:154} INFO - Started process (PID=1996) to work on /opt/airflow/dags/producer.py
[2024-04-16T13:13:20.226+0000] {processor.py:756} INFO - Processing file /opt/airflow/dags/producer.py for tasks to queue
[2024-04-16T13:13:20.228+0000] {logging_mixin.py:120} INFO - [2024-04-16T13:13:20.227+0000] {dagbag.py:537} INFO - Filling up the DagBag from /opt/airflow/dags/producer.py
[2024-04-16T13:13:20.266+0000] {processor.py:766} INFO - DAG(s) dict_keys(['producer']) retrieved from /opt/airflow/dags/producer.py
[2024-04-16T13:13:20.310+0000] {logging_mixin.py:120} INFO - [2024-04-16T13:13:20.309+0000] {dag.py:2585} INFO - Sync 1 DAGs
[2024-04-16T13:13:20.361+0000] {logging_mixin.py:120} INFO - [2024-04-16T13:13:20.361+0000] {dag.py:3340} INFO - Setting next_dagrun for producer to 2024-04-15T00:00:00+00:00, run_after=2024-04-16T00:00:00+00:00
[2024-04-16T13:13:20.403+0000] {processor.py:176} INFO - Processing /opt/airflow/dags/producer.py took 0.189 seconds
[2024-04-16T13:13:50.911+0000] {processor.py:154} INFO - Started process (PID=2072) to work on /opt/airflow/dags/producer.py
[2024-04-16T13:13:50.914+0000] {processor.py:756} INFO - Processing file /opt/airflow/dags/producer.py for tasks to queue
[2024-04-16T13:13:50.917+0000] {logging_mixin.py:120} INFO - [2024-04-16T13:13:50.917+0000] {dagbag.py:537} INFO - Filling up the DagBag from /opt/airflow/dags/producer.py
[2024-04-16T13:13:50.986+0000] {processor.py:766} INFO - DAG(s) dict_keys(['producer']) retrieved from /opt/airflow/dags/producer.py
[2024-04-16T13:13:51.198+0000] {logging_mixin.py:120} INFO - [2024-04-16T13:13:51.197+0000] {dag.py:2585} INFO - Sync 1 DAGs
[2024-04-16T13:13:51.244+0000] {logging_mixin.py:120} INFO - [2024-04-16T13:13:51.244+0000] {dag.py:3340} INFO - Setting next_dagrun for producer to 2024-04-15T00:00:00+00:00, run_after=2024-04-16T00:00:00+00:00
[2024-04-16T13:13:51.301+0000] {processor.py:176} INFO - Processing /opt/airflow/dags/producer.py took 0.413 seconds
[2024-04-16T13:14:21.461+0000] {processor.py:154} INFO - Started process (PID=2140) to work on /opt/airflow/dags/producer.py
[2024-04-16T13:14:21.466+0000] {processor.py:756} INFO - Processing file /opt/airflow/dags/producer.py for tasks to queue
[2024-04-16T13:14:21.472+0000] {logging_mixin.py:120} INFO - [2024-04-16T13:14:21.472+0000] {dagbag.py:537} INFO - Filling up the DagBag from /opt/airflow/dags/producer.py
[2024-04-16T13:14:21.611+0000] {processor.py:766} INFO - DAG(s) dict_keys(['producer']) retrieved from /opt/airflow/dags/producer.py
[2024-04-16T13:14:21.787+0000] {logging_mixin.py:120} INFO - [2024-04-16T13:14:21.785+0000] {dag.py:2585} INFO - Sync 1 DAGs
[2024-04-16T13:14:21.906+0000] {logging_mixin.py:120} INFO - [2024-04-16T13:14:21.906+0000] {dag.py:3340} INFO - Setting next_dagrun for producer to 2024-04-15T00:00:00+00:00, run_after=2024-04-16T00:00:00+00:00
[2024-04-16T13:14:22.038+0000] {processor.py:176} INFO - Processing /opt/airflow/dags/producer.py took 0.591 seconds
[2024-04-16T13:14:52.986+0000] {processor.py:154} INFO - Started process (PID=2216) to work on /opt/airflow/dags/producer.py
[2024-04-16T13:14:52.990+0000] {processor.py:756} INFO - Processing file /opt/airflow/dags/producer.py for tasks to queue
[2024-04-16T13:14:52.991+0000] {logging_mixin.py:120} INFO - [2024-04-16T13:14:52.991+0000] {dagbag.py:537} INFO - Filling up the DagBag from /opt/airflow/dags/producer.py
[2024-04-16T13:14:53.034+0000] {processor.py:766} INFO - DAG(s) dict_keys(['producer']) retrieved from /opt/airflow/dags/producer.py
[2024-04-16T13:14:53.080+0000] {logging_mixin.py:120} INFO - [2024-04-16T13:14:53.079+0000] {dag.py:2585} INFO - Sync 1 DAGs
[2024-04-16T13:14:53.129+0000] {logging_mixin.py:120} INFO - [2024-04-16T13:14:53.129+0000] {dag.py:3340} INFO - Setting next_dagrun for producer to 2024-04-15T00:00:00+00:00, run_after=2024-04-16T00:00:00+00:00
[2024-04-16T13:14:53.176+0000] {processor.py:176} INFO - Processing /opt/airflow/dags/producer.py took 0.197 seconds
[2024-04-16T13:15:23.477+0000] {processor.py:154} INFO - Started process (PID=2286) to work on /opt/airflow/dags/producer.py
[2024-04-16T13:15:23.480+0000] {processor.py:756} INFO - Processing file /opt/airflow/dags/producer.py for tasks to queue
[2024-04-16T13:15:23.482+0000] {logging_mixin.py:120} INFO - [2024-04-16T13:15:23.481+0000] {dagbag.py:537} INFO - Filling up the DagBag from /opt/airflow/dags/producer.py
[2024-04-16T13:15:23.550+0000] {processor.py:766} INFO - DAG(s) dict_keys(['producer']) retrieved from /opt/airflow/dags/producer.py
[2024-04-16T13:15:23.699+0000] {logging_mixin.py:120} INFO - [2024-04-16T13:15:23.698+0000] {dag.py:2585} INFO - Sync 1 DAGs
[2024-04-16T13:15:23.739+0000] {logging_mixin.py:120} INFO - [2024-04-16T13:15:23.739+0000] {dag.py:3340} INFO - Setting next_dagrun for producer to 2024-04-15T00:00:00+00:00, run_after=2024-04-16T00:00:00+00:00
[2024-04-16T13:15:23.797+0000] {processor.py:176} INFO - Processing /opt/airflow/dags/producer.py took 0.327 seconds
[2024-04-16T13:15:54.079+0000] {processor.py:154} INFO - Started process (PID=2364) to work on /opt/airflow/dags/producer.py
[2024-04-16T13:15:54.082+0000] {processor.py:756} INFO - Processing file /opt/airflow/dags/producer.py for tasks to queue
[2024-04-16T13:15:54.085+0000] {logging_mixin.py:120} INFO - [2024-04-16T13:15:54.085+0000] {dagbag.py:537} INFO - Filling up the DagBag from /opt/airflow/dags/producer.py
[2024-04-16T13:15:54.238+0000] {processor.py:766} INFO - DAG(s) dict_keys(['producer']) retrieved from /opt/airflow/dags/producer.py
[2024-04-16T13:15:54.322+0000] {logging_mixin.py:120} INFO - [2024-04-16T13:15:54.322+0000] {dag.py:2585} INFO - Sync 1 DAGs
[2024-04-16T13:15:54.374+0000] {logging_mixin.py:120} INFO - [2024-04-16T13:15:54.374+0000] {dag.py:3340} INFO - Setting next_dagrun for producer to 2024-04-15T00:00:00+00:00, run_after=2024-04-16T00:00:00+00:00
[2024-04-16T13:15:54.435+0000] {processor.py:176} INFO - Processing /opt/airflow/dags/producer.py took 0.366 seconds
[2024-04-16T13:16:24.553+0000] {processor.py:154} INFO - Started process (PID=2439) to work on /opt/airflow/dags/producer.py
[2024-04-16T13:16:24.556+0000] {processor.py:756} INFO - Processing file /opt/airflow/dags/producer.py for tasks to queue
[2024-04-16T13:16:24.558+0000] {logging_mixin.py:120} INFO - [2024-04-16T13:16:24.558+0000] {dagbag.py:537} INFO - Filling up the DagBag from /opt/airflow/dags/producer.py
[2024-04-16T13:16:24.598+0000] {processor.py:766} INFO - DAG(s) dict_keys(['producer']) retrieved from /opt/airflow/dags/producer.py
[2024-04-16T13:16:24.638+0000] {logging_mixin.py:120} INFO - [2024-04-16T13:16:24.637+0000] {dag.py:2585} INFO - Sync 1 DAGs
[2024-04-16T13:16:24.683+0000] {logging_mixin.py:120} INFO - [2024-04-16T13:16:24.683+0000] {dag.py:3340} INFO - Setting next_dagrun for producer to 2024-04-15T00:00:00+00:00, run_after=2024-04-16T00:00:00+00:00
[2024-04-16T13:16:24.719+0000] {processor.py:176} INFO - Processing /opt/airflow/dags/producer.py took 0.172 seconds
[2024-04-16T13:16:54.820+0000] {processor.py:154} INFO - Started process (PID=2510) to work on /opt/airflow/dags/producer.py
[2024-04-16T13:16:54.823+0000] {processor.py:756} INFO - Processing file /opt/airflow/dags/producer.py for tasks to queue
[2024-04-16T13:16:54.827+0000] {logging_mixin.py:120} INFO - [2024-04-16T13:16:54.827+0000] {dagbag.py:537} INFO - Filling up the DagBag from /opt/airflow/dags/producer.py
[2024-04-16T13:16:54.880+0000] {processor.py:766} INFO - DAG(s) dict_keys(['producer']) retrieved from /opt/airflow/dags/producer.py
[2024-04-16T13:16:55.073+0000] {logging_mixin.py:120} INFO - [2024-04-16T13:16:55.073+0000] {dag.py:2585} INFO - Sync 1 DAGs
[2024-04-16T13:16:55.142+0000] {logging_mixin.py:120} INFO - [2024-04-16T13:16:55.141+0000] {dag.py:3340} INFO - Setting next_dagrun for producer to 2024-04-15T00:00:00+00:00, run_after=2024-04-16T00:00:00+00:00
[2024-04-16T13:16:55.193+0000] {processor.py:176} INFO - Processing /opt/airflow/dags/producer.py took 0.381 seconds
[2024-04-16T13:17:25.421+0000] {processor.py:154} INFO - Started process (PID=2588) to work on /opt/airflow/dags/producer.py
[2024-04-16T13:17:25.424+0000] {processor.py:756} INFO - Processing file /opt/airflow/dags/producer.py for tasks to queue
[2024-04-16T13:17:25.427+0000] {logging_mixin.py:120} INFO - [2024-04-16T13:17:25.427+0000] {dagbag.py:537} INFO - Filling up the DagBag from /opt/airflow/dags/producer.py
[2024-04-16T13:17:25.466+0000] {processor.py:766} INFO - DAG(s) dict_keys(['producer']) retrieved from /opt/airflow/dags/producer.py
[2024-04-16T13:17:25.504+0000] {logging_mixin.py:120} INFO - [2024-04-16T13:17:25.504+0000] {dag.py:2585} INFO - Sync 1 DAGs
[2024-04-16T13:17:25.549+0000] {logging_mixin.py:120} INFO - [2024-04-16T13:17:25.549+0000] {dag.py:3340} INFO - Setting next_dagrun for producer to 2024-04-15T00:00:00+00:00, run_after=2024-04-16T00:00:00+00:00
[2024-04-16T13:17:25.582+0000] {processor.py:176} INFO - Processing /opt/airflow/dags/producer.py took 0.166 seconds
[2024-04-16T13:17:55.690+0000] {processor.py:154} INFO - Started process (PID=2655) to work on /opt/airflow/dags/producer.py
[2024-04-16T13:17:55.697+0000] {processor.py:756} INFO - Processing file /opt/airflow/dags/producer.py for tasks to queue
[2024-04-16T13:17:55.702+0000] {logging_mixin.py:120} INFO - [2024-04-16T13:17:55.701+0000] {dagbag.py:537} INFO - Filling up the DagBag from /opt/airflow/dags/producer.py
[2024-04-16T13:17:55.771+0000] {processor.py:766} INFO - DAG(s) dict_keys(['producer']) retrieved from /opt/airflow/dags/producer.py
[2024-04-16T13:17:55.921+0000] {logging_mixin.py:120} INFO - [2024-04-16T13:17:55.920+0000] {dag.py:2585} INFO - Sync 1 DAGs
[2024-04-16T13:17:55.957+0000] {logging_mixin.py:120} INFO - [2024-04-16T13:17:55.956+0000] {dag.py:3340} INFO - Setting next_dagrun for producer to 2024-04-15T00:00:00+00:00, run_after=2024-04-16T00:00:00+00:00
[2024-04-16T13:17:55.993+0000] {processor.py:176} INFO - Processing /opt/airflow/dags/producer.py took 0.322 seconds
[2024-04-16T13:18:26.109+0000] {processor.py:154} INFO - Started process (PID=2733) to work on /opt/airflow/dags/producer.py
[2024-04-16T13:18:26.112+0000] {processor.py:756} INFO - Processing file /opt/airflow/dags/producer.py for tasks to queue
[2024-04-16T13:18:26.115+0000] {logging_mixin.py:120} INFO - [2024-04-16T13:18:26.115+0000] {dagbag.py:537} INFO - Filling up the DagBag from /opt/airflow/dags/producer.py
[2024-04-16T13:18:26.175+0000] {processor.py:766} INFO - DAG(s) dict_keys(['producer']) retrieved from /opt/airflow/dags/producer.py
[2024-04-16T13:18:26.252+0000] {logging_mixin.py:120} INFO - [2024-04-16T13:18:26.251+0000] {dag.py:2585} INFO - Sync 1 DAGs
[2024-04-16T13:18:26.292+0000] {logging_mixin.py:120} INFO - [2024-04-16T13:18:26.292+0000] {dag.py:3340} INFO - Setting next_dagrun for producer to 2024-04-15T00:00:00+00:00, run_after=2024-04-16T00:00:00+00:00
[2024-04-16T13:18:26.332+0000] {processor.py:176} INFO - Processing /opt/airflow/dags/producer.py took 0.232 seconds
[2024-04-16T13:18:56.766+0000] {processor.py:154} INFO - Started process (PID=2803) to work on /opt/airflow/dags/producer.py
[2024-04-16T13:18:56.769+0000] {processor.py:756} INFO - Processing file /opt/airflow/dags/producer.py for tasks to queue
[2024-04-16T13:18:56.771+0000] {logging_mixin.py:120} INFO - [2024-04-16T13:18:56.771+0000] {dagbag.py:537} INFO - Filling up the DagBag from /opt/airflow/dags/producer.py
[2024-04-16T13:18:56.817+0000] {processor.py:766} INFO - DAG(s) dict_keys(['producer']) retrieved from /opt/airflow/dags/producer.py
[2024-04-16T13:18:56.962+0000] {logging_mixin.py:120} INFO - [2024-04-16T13:18:56.962+0000] {dag.py:2585} INFO - Sync 1 DAGs
[2024-04-16T13:18:57.023+0000] {logging_mixin.py:120} INFO - [2024-04-16T13:18:57.022+0000] {dag.py:3340} INFO - Setting next_dagrun for producer to 2024-04-15T00:00:00+00:00, run_after=2024-04-16T00:00:00+00:00
[2024-04-16T13:18:57.075+0000] {processor.py:176} INFO - Processing /opt/airflow/dags/producer.py took 0.317 seconds
[2024-04-16T13:19:27.346+0000] {processor.py:154} INFO - Started process (PID=2880) to work on /opt/airflow/dags/producer.py
[2024-04-16T13:19:27.348+0000] {processor.py:756} INFO - Processing file /opt/airflow/dags/producer.py for tasks to queue
[2024-04-16T13:19:27.350+0000] {logging_mixin.py:120} INFO - [2024-04-16T13:19:27.350+0000] {dagbag.py:537} INFO - Filling up the DagBag from /opt/airflow/dags/producer.py
[2024-04-16T13:19:27.386+0000] {processor.py:766} INFO - DAG(s) dict_keys(['producer']) retrieved from /opt/airflow/dags/producer.py
[2024-04-16T13:19:27.447+0000] {logging_mixin.py:120} INFO - [2024-04-16T13:19:27.447+0000] {dag.py:2585} INFO - Sync 1 DAGs
[2024-04-16T13:19:27.488+0000] {logging_mixin.py:120} INFO - [2024-04-16T13:19:27.488+0000] {dag.py:3340} INFO - Setting next_dagrun for producer to 2024-04-15T00:00:00+00:00, run_after=2024-04-16T00:00:00+00:00
[2024-04-16T13:19:27.520+0000] {processor.py:176} INFO - Processing /opt/airflow/dags/producer.py took 0.180 seconds
[2024-04-16T13:19:57.607+0000] {processor.py:154} INFO - Started process (PID=2948) to work on /opt/airflow/dags/producer.py
[2024-04-16T13:19:57.610+0000] {processor.py:756} INFO - Processing file /opt/airflow/dags/producer.py for tasks to queue
[2024-04-16T13:19:57.611+0000] {logging_mixin.py:120} INFO - [2024-04-16T13:19:57.611+0000] {dagbag.py:537} INFO - Filling up the DagBag from /opt/airflow/dags/producer.py
[2024-04-16T13:19:57.654+0000] {processor.py:766} INFO - DAG(s) dict_keys(['producer']) retrieved from /opt/airflow/dags/producer.py
[2024-04-16T13:19:57.773+0000] {logging_mixin.py:120} INFO - [2024-04-16T13:19:57.773+0000] {dag.py:2585} INFO - Sync 1 DAGs
[2024-04-16T13:19:57.811+0000] {logging_mixin.py:120} INFO - [2024-04-16T13:19:57.811+0000] {dag.py:3340} INFO - Setting next_dagrun for producer to 2024-04-15T00:00:00+00:00, run_after=2024-04-16T00:00:00+00:00
[2024-04-16T13:19:57.851+0000] {processor.py:176} INFO - Processing /opt/airflow/dags/producer.py took 0.249 seconds
[2024-04-16T13:20:28.754+0000] {processor.py:154} INFO - Started process (PID=3027) to work on /opt/airflow/dags/producer.py
[2024-04-16T13:20:28.757+0000] {processor.py:756} INFO - Processing file /opt/airflow/dags/producer.py for tasks to queue
[2024-04-16T13:20:28.760+0000] {logging_mixin.py:120} INFO - [2024-04-16T13:20:28.760+0000] {dagbag.py:537} INFO - Filling up the DagBag from /opt/airflow/dags/producer.py
[2024-04-16T13:20:28.844+0000] {processor.py:766} INFO - DAG(s) dict_keys(['producer']) retrieved from /opt/airflow/dags/producer.py
[2024-04-16T13:20:28.933+0000] {logging_mixin.py:120} INFO - [2024-04-16T13:20:28.933+0000] {dag.py:2585} INFO - Sync 1 DAGs
[2024-04-16T13:20:28.992+0000] {logging_mixin.py:120} INFO - [2024-04-16T13:20:28.992+0000] {dag.py:3340} INFO - Setting next_dagrun for producer to 2024-04-15T00:00:00+00:00, run_after=2024-04-16T00:00:00+00:00
[2024-04-16T13:20:29.035+0000] {processor.py:176} INFO - Processing /opt/airflow/dags/producer.py took 0.291 seconds
[2024-04-16T13:20:59.257+0000] {processor.py:154} INFO - Started process (PID=3096) to work on /opt/airflow/dags/producer.py
[2024-04-16T13:20:59.260+0000] {processor.py:756} INFO - Processing file /opt/airflow/dags/producer.py for tasks to queue
[2024-04-16T13:20:59.262+0000] {logging_mixin.py:120} INFO - [2024-04-16T13:20:59.262+0000] {dagbag.py:537} INFO - Filling up the DagBag from /opt/airflow/dags/producer.py
[2024-04-16T13:20:59.304+0000] {processor.py:766} INFO - DAG(s) dict_keys(['producer']) retrieved from /opt/airflow/dags/producer.py
[2024-04-16T13:20:59.452+0000] {logging_mixin.py:120} INFO - [2024-04-16T13:20:59.451+0000] {dag.py:2585} INFO - Sync 1 DAGs
[2024-04-16T13:20:59.492+0000] {logging_mixin.py:120} INFO - [2024-04-16T13:20:59.492+0000] {dag.py:3340} INFO - Setting next_dagrun for producer to 2024-04-15T00:00:00+00:00, run_after=2024-04-16T00:00:00+00:00
[2024-04-16T13:20:59.541+0000] {processor.py:176} INFO - Processing /opt/airflow/dags/producer.py took 0.293 seconds
[2024-04-16T13:21:30.439+0000] {processor.py:154} INFO - Started process (PID=3175) to work on /opt/airflow/dags/producer.py
[2024-04-16T13:21:30.442+0000] {processor.py:756} INFO - Processing file /opt/airflow/dags/producer.py for tasks to queue
[2024-04-16T13:21:30.446+0000] {logging_mixin.py:120} INFO - [2024-04-16T13:21:30.445+0000] {dagbag.py:537} INFO - Filling up the DagBag from /opt/airflow/dags/producer.py
[2024-04-16T13:21:30.510+0000] {processor.py:766} INFO - DAG(s) dict_keys(['producer']) retrieved from /opt/airflow/dags/producer.py
[2024-04-16T13:21:30.770+0000] {logging_mixin.py:120} INFO - [2024-04-16T13:21:30.769+0000] {dag.py:2585} INFO - Sync 1 DAGs
[2024-04-16T13:21:30.838+0000] {logging_mixin.py:120} INFO - [2024-04-16T13:21:30.838+0000] {dag.py:3340} INFO - Setting next_dagrun for producer to 2024-04-15T00:00:00+00:00, run_after=2024-04-16T00:00:00+00:00
[2024-04-16T13:21:30.870+0000] {processor.py:176} INFO - Processing /opt/airflow/dags/producer.py took 0.438 seconds
[2024-04-16T13:22:01.770+0000] {processor.py:154} INFO - Started process (PID=3243) to work on /opt/airflow/dags/producer.py
[2024-04-16T13:22:01.775+0000] {processor.py:756} INFO - Processing file /opt/airflow/dags/producer.py for tasks to queue
[2024-04-16T13:22:01.778+0000] {logging_mixin.py:120} INFO - [2024-04-16T13:22:01.777+0000] {dagbag.py:537} INFO - Filling up the DagBag from /opt/airflow/dags/producer.py
[2024-04-16T13:22:01.886+0000] {processor.py:766} INFO - DAG(s) dict_keys(['producer']) retrieved from /opt/airflow/dags/producer.py
[2024-04-16T13:22:02.098+0000] {logging_mixin.py:120} INFO - [2024-04-16T13:22:02.097+0000] {dag.py:2585} INFO - Sync 1 DAGs
[2024-04-16T13:22:02.171+0000] {logging_mixin.py:120} INFO - [2024-04-16T13:22:02.170+0000] {dag.py:3340} INFO - Setting next_dagrun for producer to 2024-04-15T00:00:00+00:00, run_after=2024-04-16T00:00:00+00:00
[2024-04-16T13:22:02.185+0000] {processor.py:176} INFO - Processing /opt/airflow/dags/producer.py took 0.456 seconds
[2024-04-16T13:22:33.529+0000] {processor.py:154} INFO - Started process (PID=3325) to work on /opt/airflow/dags/producer.py
[2024-04-16T13:22:33.532+0000] {processor.py:756} INFO - Processing file /opt/airflow/dags/producer.py for tasks to queue
[2024-04-16T13:22:33.535+0000] {logging_mixin.py:120} INFO - [2024-04-16T13:22:33.534+0000] {dagbag.py:537} INFO - Filling up the DagBag from /opt/airflow/dags/producer.py
[2024-04-16T13:22:33.587+0000] {processor.py:766} INFO - DAG(s) dict_keys(['producer']) retrieved from /opt/airflow/dags/producer.py
[2024-04-16T13:22:33.633+0000] {logging_mixin.py:120} INFO - [2024-04-16T13:22:33.633+0000] {dag.py:2585} INFO - Sync 1 DAGs
[2024-04-16T13:22:33.686+0000] {logging_mixin.py:120} INFO - [2024-04-16T13:22:33.686+0000] {dag.py:3340} INFO - Setting next_dagrun for producer to 2024-04-15T00:00:00+00:00, run_after=2024-04-16T00:00:00+00:00
[2024-04-16T13:22:33.717+0000] {processor.py:176} INFO - Processing /opt/airflow/dags/producer.py took 0.198 seconds
[2024-04-16T13:23:04.110+0000] {processor.py:154} INFO - Started process (PID=3394) to work on /opt/airflow/dags/producer.py
[2024-04-16T13:23:04.115+0000] {processor.py:756} INFO - Processing file /opt/airflow/dags/producer.py for tasks to queue
[2024-04-16T13:23:04.116+0000] {logging_mixin.py:120} INFO - [2024-04-16T13:23:04.116+0000] {dagbag.py:537} INFO - Filling up the DagBag from /opt/airflow/dags/producer.py
[2024-04-16T13:23:04.152+0000] {processor.py:766} INFO - DAG(s) dict_keys(['producer']) retrieved from /opt/airflow/dags/producer.py
[2024-04-16T13:23:04.299+0000] {logging_mixin.py:120} INFO - [2024-04-16T13:23:04.298+0000] {dag.py:2585} INFO - Sync 1 DAGs
[2024-04-16T13:23:04.364+0000] {logging_mixin.py:120} INFO - [2024-04-16T13:23:04.363+0000] {dag.py:3340} INFO - Setting next_dagrun for producer to 2024-04-15T00:00:00+00:00, run_after=2024-04-16T00:00:00+00:00
[2024-04-16T13:23:04.404+0000] {processor.py:176} INFO - Processing /opt/airflow/dags/producer.py took 0.300 seconds
[2024-04-16T13:23:35.589+0000] {processor.py:154} INFO - Started process (PID=3470) to work on /opt/airflow/dags/producer.py
[2024-04-16T13:23:35.596+0000] {processor.py:756} INFO - Processing file /opt/airflow/dags/producer.py for tasks to queue
[2024-04-16T13:23:35.613+0000] {logging_mixin.py:120} INFO - [2024-04-16T13:23:35.612+0000] {dagbag.py:537} INFO - Filling up the DagBag from /opt/airflow/dags/producer.py
[2024-04-16T13:23:35.688+0000] {processor.py:766} INFO - DAG(s) dict_keys(['producer']) retrieved from /opt/airflow/dags/producer.py
[2024-04-16T13:23:35.804+0000] {logging_mixin.py:120} INFO - [2024-04-16T13:23:35.803+0000] {dag.py:2585} INFO - Sync 1 DAGs
[2024-04-16T13:23:36.014+0000] {logging_mixin.py:120} INFO - [2024-04-16T13:23:36.013+0000] {dag.py:3340} INFO - Setting next_dagrun for producer to 2024-04-15T00:00:00+00:00, run_after=2024-04-16T00:00:00+00:00
[2024-04-16T13:23:36.157+0000] {processor.py:176} INFO - Processing /opt/airflow/dags/producer.py took 0.618 seconds
[2024-04-16T13:24:06.496+0000] {processor.py:154} INFO - Started process (PID=3541) to work on /opt/airflow/dags/producer.py
[2024-04-16T13:24:06.498+0000] {processor.py:756} INFO - Processing file /opt/airflow/dags/producer.py for tasks to queue
[2024-04-16T13:24:06.499+0000] {logging_mixin.py:120} INFO - [2024-04-16T13:24:06.499+0000] {dagbag.py:537} INFO - Filling up the DagBag from /opt/airflow/dags/producer.py
[2024-04-16T13:24:06.537+0000] {processor.py:766} INFO - DAG(s) dict_keys(['producer']) retrieved from /opt/airflow/dags/producer.py
[2024-04-16T13:24:06.665+0000] {logging_mixin.py:120} INFO - [2024-04-16T13:24:06.665+0000] {dag.py:2585} INFO - Sync 1 DAGs
[2024-04-16T13:24:06.708+0000] {logging_mixin.py:120} INFO - [2024-04-16T13:24:06.707+0000] {dag.py:3340} INFO - Setting next_dagrun for producer to 2024-04-15T00:00:00+00:00, run_after=2024-04-16T00:00:00+00:00
[2024-04-16T13:24:06.773+0000] {processor.py:176} INFO - Processing /opt/airflow/dags/producer.py took 0.285 seconds
[2024-04-16T13:24:36.898+0000] {processor.py:154} INFO - Started process (PID=3618) to work on /opt/airflow/dags/producer.py
[2024-04-16T13:24:36.901+0000] {processor.py:756} INFO - Processing file /opt/airflow/dags/producer.py for tasks to queue
[2024-04-16T13:24:36.918+0000] {logging_mixin.py:120} INFO - [2024-04-16T13:24:36.918+0000] {dagbag.py:537} INFO - Filling up the DagBag from /opt/airflow/dags/producer.py
[2024-04-16T13:24:36.995+0000] {processor.py:766} INFO - DAG(s) dict_keys(['producer']) retrieved from /opt/airflow/dags/producer.py
[2024-04-16T13:24:37.209+0000] {logging_mixin.py:120} INFO - [2024-04-16T13:24:37.209+0000] {dag.py:2585} INFO - Sync 1 DAGs
[2024-04-16T13:24:37.343+0000] {logging_mixin.py:120} INFO - [2024-04-16T13:24:37.342+0000] {dag.py:3340} INFO - Setting next_dagrun for producer to 2024-04-15T00:00:00+00:00, run_after=2024-04-16T00:00:00+00:00
[2024-04-16T13:24:37.441+0000] {processor.py:176} INFO - Processing /opt/airflow/dags/producer.py took 0.549 seconds
[2024-04-16T13:25:07.981+0000] {processor.py:154} INFO - Started process (PID=3688) to work on /opt/airflow/dags/producer.py
[2024-04-16T13:25:07.983+0000] {processor.py:756} INFO - Processing file /opt/airflow/dags/producer.py for tasks to queue
[2024-04-16T13:25:07.985+0000] {logging_mixin.py:120} INFO - [2024-04-16T13:25:07.984+0000] {dagbag.py:537} INFO - Filling up the DagBag from /opt/airflow/dags/producer.py
[2024-04-16T13:25:08.023+0000] {processor.py:766} INFO - DAG(s) dict_keys(['producer']) retrieved from /opt/airflow/dags/producer.py
[2024-04-16T13:25:08.158+0000] {logging_mixin.py:120} INFO - [2024-04-16T13:25:08.158+0000] {dag.py:2585} INFO - Sync 1 DAGs
[2024-04-16T13:25:08.208+0000] {logging_mixin.py:120} INFO - [2024-04-16T13:25:08.207+0000] {dag.py:3340} INFO - Setting next_dagrun for producer to 2024-04-15T00:00:00+00:00, run_after=2024-04-16T00:00:00+00:00
[2024-04-16T13:25:08.245+0000] {processor.py:176} INFO - Processing /opt/airflow/dags/producer.py took 0.273 seconds
[2024-04-16T13:25:38.461+0000] {processor.py:154} INFO - Started process (PID=3767) to work on /opt/airflow/dags/producer.py
[2024-04-16T13:25:38.469+0000] {processor.py:756} INFO - Processing file /opt/airflow/dags/producer.py for tasks to queue
[2024-04-16T13:25:38.472+0000] {logging_mixin.py:120} INFO - [2024-04-16T13:25:38.472+0000] {dagbag.py:537} INFO - Filling up the DagBag from /opt/airflow/dags/producer.py
[2024-04-16T13:25:38.589+0000] {processor.py:766} INFO - DAG(s) dict_keys(['producer']) retrieved from /opt/airflow/dags/producer.py
[2024-04-16T13:25:38.633+0000] {logging_mixin.py:120} INFO - [2024-04-16T13:25:38.633+0000] {dag.py:2585} INFO - Sync 1 DAGs
[2024-04-16T13:25:38.684+0000] {logging_mixin.py:120} INFO - [2024-04-16T13:25:38.684+0000] {dag.py:3340} INFO - Setting next_dagrun for producer to 2024-04-15T00:00:00+00:00, run_after=2024-04-16T00:00:00+00:00
[2024-04-16T13:25:38.755+0000] {processor.py:176} INFO - Processing /opt/airflow/dags/producer.py took 0.307 seconds
[2024-04-16T13:26:08.944+0000] {processor.py:154} INFO - Started process (PID=3836) to work on /opt/airflow/dags/producer.py
[2024-04-16T13:26:08.946+0000] {processor.py:756} INFO - Processing file /opt/airflow/dags/producer.py for tasks to queue
[2024-04-16T13:26:08.948+0000] {logging_mixin.py:120} INFO - [2024-04-16T13:26:08.948+0000] {dagbag.py:537} INFO - Filling up the DagBag from /opt/airflow/dags/producer.py
[2024-04-16T13:26:08.996+0000] {processor.py:766} INFO - DAG(s) dict_keys(['producer']) retrieved from /opt/airflow/dags/producer.py
[2024-04-16T13:26:09.117+0000] {logging_mixin.py:120} INFO - [2024-04-16T13:26:09.116+0000] {dag.py:2585} INFO - Sync 1 DAGs
[2024-04-16T13:26:09.151+0000] {logging_mixin.py:120} INFO - [2024-04-16T13:26:09.151+0000] {dag.py:3340} INFO - Setting next_dagrun for producer to 2024-04-15T00:00:00+00:00, run_after=2024-04-16T00:00:00+00:00
[2024-04-16T13:26:09.184+0000] {processor.py:176} INFO - Processing /opt/airflow/dags/producer.py took 0.246 seconds
[2024-04-16T13:26:39.315+0000] {processor.py:154} INFO - Started process (PID=3915) to work on /opt/airflow/dags/producer.py
[2024-04-16T13:26:39.317+0000] {processor.py:756} INFO - Processing file /opt/airflow/dags/producer.py for tasks to queue
[2024-04-16T13:26:39.319+0000] {logging_mixin.py:120} INFO - [2024-04-16T13:26:39.319+0000] {dagbag.py:537} INFO - Filling up the DagBag from /opt/airflow/dags/producer.py
[2024-04-16T13:26:39.359+0000] {processor.py:766} INFO - DAG(s) dict_keys(['producer']) retrieved from /opt/airflow/dags/producer.py
[2024-04-16T13:26:39.401+0000] {logging_mixin.py:120} INFO - [2024-04-16T13:26:39.401+0000] {dag.py:2585} INFO - Sync 1 DAGs
[2024-04-16T13:26:39.478+0000] {logging_mixin.py:120} INFO - [2024-04-16T13:26:39.478+0000] {dag.py:3340} INFO - Setting next_dagrun for producer to 2024-04-15T00:00:00+00:00, run_after=2024-04-16T00:00:00+00:00
[2024-04-16T13:26:39.592+0000] {processor.py:176} INFO - Processing /opt/airflow/dags/producer.py took 0.282 seconds
[2024-04-16T13:27:10.414+0000] {processor.py:154} INFO - Started process (PID=3984) to work on /opt/airflow/dags/producer.py
[2024-04-16T13:27:10.417+0000] {processor.py:756} INFO - Processing file /opt/airflow/dags/producer.py for tasks to queue
[2024-04-16T13:27:10.420+0000] {logging_mixin.py:120} INFO - [2024-04-16T13:27:10.419+0000] {dagbag.py:537} INFO - Filling up the DagBag from /opt/airflow/dags/producer.py
[2024-04-16T13:27:10.470+0000] {processor.py:766} INFO - DAG(s) dict_keys(['producer']) retrieved from /opt/airflow/dags/producer.py
[2024-04-16T13:27:10.586+0000] {logging_mixin.py:120} INFO - [2024-04-16T13:27:10.586+0000] {dag.py:2585} INFO - Sync 1 DAGs
[2024-04-16T13:27:10.632+0000] {logging_mixin.py:120} INFO - [2024-04-16T13:27:10.631+0000] {dag.py:3340} INFO - Setting next_dagrun for producer to 2024-04-15T00:00:00+00:00, run_after=2024-04-16T00:00:00+00:00
[2024-04-16T13:27:10.669+0000] {processor.py:176} INFO - Processing /opt/airflow/dags/producer.py took 0.265 seconds
[2024-04-16T13:27:41.053+0000] {processor.py:154} INFO - Started process (PID=4062) to work on /opt/airflow/dags/producer.py
[2024-04-16T13:27:41.058+0000] {processor.py:756} INFO - Processing file /opt/airflow/dags/producer.py for tasks to queue
[2024-04-16T13:27:41.061+0000] {logging_mixin.py:120} INFO - [2024-04-16T13:27:41.061+0000] {dagbag.py:537} INFO - Filling up the DagBag from /opt/airflow/dags/producer.py
[2024-04-16T13:27:41.107+0000] {processor.py:766} INFO - DAG(s) dict_keys(['producer']) retrieved from /opt/airflow/dags/producer.py
[2024-04-16T13:27:41.204+0000] {logging_mixin.py:120} INFO - [2024-04-16T13:27:41.204+0000] {dag.py:2585} INFO - Sync 1 DAGs
[2024-04-16T13:27:41.247+0000] {logging_mixin.py:120} INFO - [2024-04-16T13:27:41.246+0000] {dag.py:3340} INFO - Setting next_dagrun for producer to 2024-04-15T00:00:00+00:00, run_after=2024-04-16T00:00:00+00:00
[2024-04-16T13:27:41.290+0000] {processor.py:176} INFO - Processing /opt/airflow/dags/producer.py took 0.245 seconds
[2024-04-16T13:28:11.436+0000] {processor.py:154} INFO - Started process (PID=4131) to work on /opt/airflow/dags/producer.py
[2024-04-16T13:28:11.440+0000] {processor.py:756} INFO - Processing file /opt/airflow/dags/producer.py for tasks to queue
[2024-04-16T13:28:11.445+0000] {logging_mixin.py:120} INFO - [2024-04-16T13:28:11.442+0000] {dagbag.py:537} INFO - Filling up the DagBag from /opt/airflow/dags/producer.py
[2024-04-16T13:28:11.483+0000] {processor.py:766} INFO - DAG(s) dict_keys(['producer']) retrieved from /opt/airflow/dags/producer.py
[2024-04-16T13:28:11.524+0000] {logging_mixin.py:120} INFO - [2024-04-16T13:28:11.524+0000] {dag.py:2585} INFO - Sync 1 DAGs
[2024-04-16T13:28:11.566+0000] {logging_mixin.py:120} INFO - [2024-04-16T13:28:11.566+0000] {dag.py:3340} INFO - Setting next_dagrun for producer to 2024-04-15T00:00:00+00:00, run_after=2024-04-16T00:00:00+00:00
[2024-04-16T13:28:11.606+0000] {processor.py:176} INFO - Processing /opt/airflow/dags/producer.py took 0.179 seconds
[2024-04-16T13:28:42.409+0000] {processor.py:154} INFO - Started process (PID=4210) to work on /opt/airflow/dags/producer.py
[2024-04-16T13:28:42.413+0000] {processor.py:756} INFO - Processing file /opt/airflow/dags/producer.py for tasks to queue
[2024-04-16T13:28:42.415+0000] {logging_mixin.py:120} INFO - [2024-04-16T13:28:42.414+0000] {dagbag.py:537} INFO - Filling up the DagBag from /opt/airflow/dags/producer.py
[2024-04-16T13:28:42.512+0000] {processor.py:766} INFO - DAG(s) dict_keys(['producer']) retrieved from /opt/airflow/dags/producer.py
[2024-04-16T13:28:42.674+0000] {logging_mixin.py:120} INFO - [2024-04-16T13:28:42.673+0000] {dag.py:2585} INFO - Sync 1 DAGs
[2024-04-16T13:28:42.717+0000] {logging_mixin.py:120} INFO - [2024-04-16T13:28:42.717+0000] {dag.py:3340} INFO - Setting next_dagrun for producer to 2024-04-15T00:00:00+00:00, run_after=2024-04-16T00:00:00+00:00
[2024-04-16T13:28:42.762+0000] {processor.py:176} INFO - Processing /opt/airflow/dags/producer.py took 0.369 seconds
[2024-04-16T13:29:13.207+0000] {processor.py:154} INFO - Started process (PID=4280) to work on /opt/airflow/dags/producer.py
[2024-04-16T13:29:13.209+0000] {processor.py:756} INFO - Processing file /opt/airflow/dags/producer.py for tasks to queue
[2024-04-16T13:29:13.211+0000] {logging_mixin.py:120} INFO - [2024-04-16T13:29:13.211+0000] {dagbag.py:537} INFO - Filling up the DagBag from /opt/airflow/dags/producer.py
[2024-04-16T13:29:13.252+0000] {processor.py:766} INFO - DAG(s) dict_keys(['producer']) retrieved from /opt/airflow/dags/producer.py
[2024-04-16T13:29:13.315+0000] {logging_mixin.py:120} INFO - [2024-04-16T13:29:13.315+0000] {dag.py:2585} INFO - Sync 1 DAGs
[2024-04-16T13:29:13.354+0000] {logging_mixin.py:120} INFO - [2024-04-16T13:29:13.354+0000] {dag.py:3340} INFO - Setting next_dagrun for producer to 2024-04-15T00:00:00+00:00, run_after=2024-04-16T00:00:00+00:00
[2024-04-16T13:29:13.391+0000] {processor.py:176} INFO - Processing /opt/airflow/dags/producer.py took 0.190 seconds
[2024-04-16T13:29:43.736+0000] {processor.py:154} INFO - Started process (PID=4360) to work on /opt/airflow/dags/producer.py
[2024-04-16T13:29:43.739+0000] {processor.py:756} INFO - Processing file /opt/airflow/dags/producer.py for tasks to queue
[2024-04-16T13:29:43.741+0000] {logging_mixin.py:120} INFO - [2024-04-16T13:29:43.741+0000] {dagbag.py:537} INFO - Filling up the DagBag from /opt/airflow/dags/producer.py
[2024-04-16T13:29:43.782+0000] {processor.py:766} INFO - DAG(s) dict_keys(['producer']) retrieved from /opt/airflow/dags/producer.py
[2024-04-16T13:29:43.827+0000] {logging_mixin.py:120} INFO - [2024-04-16T13:29:43.827+0000] {dag.py:2585} INFO - Sync 1 DAGs
[2024-04-16T13:29:43.874+0000] {logging_mixin.py:120} INFO - [2024-04-16T13:29:43.874+0000] {dag.py:3340} INFO - Setting next_dagrun for producer to 2024-04-15T00:00:00+00:00, run_after=2024-04-16T00:00:00+00:00
[2024-04-16T13:29:43.908+0000] {processor.py:176} INFO - Processing /opt/airflow/dags/producer.py took 0.178 seconds
[2024-04-16T13:30:14.364+0000] {processor.py:154} INFO - Started process (PID=4429) to work on /opt/airflow/dags/producer.py
[2024-04-16T13:30:14.367+0000] {processor.py:756} INFO - Processing file /opt/airflow/dags/producer.py for tasks to queue
[2024-04-16T13:30:14.370+0000] {logging_mixin.py:120} INFO - [2024-04-16T13:30:14.369+0000] {dagbag.py:537} INFO - Filling up the DagBag from /opt/airflow/dags/producer.py
[2024-04-16T13:30:14.408+0000] {processor.py:766} INFO - DAG(s) dict_keys(['producer']) retrieved from /opt/airflow/dags/producer.py
[2024-04-16T13:30:14.536+0000] {logging_mixin.py:120} INFO - [2024-04-16T13:30:14.535+0000] {dag.py:2585} INFO - Sync 1 DAGs
[2024-04-16T13:30:14.575+0000] {logging_mixin.py:120} INFO - [2024-04-16T13:30:14.575+0000] {dag.py:3340} INFO - Setting next_dagrun for producer to 2024-04-15T00:00:00+00:00, run_after=2024-04-16T00:00:00+00:00
[2024-04-16T13:30:14.610+0000] {processor.py:176} INFO - Processing /opt/airflow/dags/producer.py took 0.254 seconds
[2024-04-16T13:30:45.107+0000] {processor.py:154} INFO - Started process (PID=4507) to work on /opt/airflow/dags/producer.py
[2024-04-16T13:30:45.110+0000] {processor.py:756} INFO - Processing file /opt/airflow/dags/producer.py for tasks to queue
[2024-04-16T13:30:45.114+0000] {logging_mixin.py:120} INFO - [2024-04-16T13:30:45.113+0000] {dagbag.py:537} INFO - Filling up the DagBag from /opt/airflow/dags/producer.py
[2024-04-16T13:30:45.188+0000] {processor.py:766} INFO - DAG(s) dict_keys(['producer']) retrieved from /opt/airflow/dags/producer.py
[2024-04-16T13:30:45.365+0000] {logging_mixin.py:120} INFO - [2024-04-16T13:30:45.364+0000] {dag.py:2585} INFO - Sync 1 DAGs
[2024-04-16T13:30:45.466+0000] {logging_mixin.py:120} INFO - [2024-04-16T13:30:45.466+0000] {dag.py:3340} INFO - Setting next_dagrun for producer to 2024-04-15T00:00:00+00:00, run_after=2024-04-16T00:00:00+00:00
[2024-04-16T13:30:45.506+0000] {processor.py:176} INFO - Processing /opt/airflow/dags/producer.py took 0.415 seconds
[2024-04-16T14:08:51.447+0000] {processor.py:154} INFO - Started process (PID=4585) to work on /opt/airflow/dags/producer.py
[2024-04-16T14:08:51.509+0000] {processor.py:756} INFO - Processing file /opt/airflow/dags/producer.py for tasks to queue
[2024-04-16T14:08:51.540+0000] {logging_mixin.py:120} INFO - [2024-04-16T14:08:51.538+0000] {dagbag.py:537} INFO - Filling up the DagBag from /opt/airflow/dags/producer.py
[2024-04-16T14:08:53.628+0000] {processor.py:766} INFO - DAG(s) dict_keys(['producer']) retrieved from /opt/airflow/dags/producer.py
[2024-04-16T14:08:54.323+0000] {logging_mixin.py:120} INFO - [2024-04-16T14:08:54.322+0000] {dag.py:2585} INFO - Sync 1 DAGs
[2024-04-16T14:08:54.418+0000] {logging_mixin.py:120} INFO - [2024-04-16T14:08:54.418+0000] {dag.py:3340} INFO - Setting next_dagrun for producer to 2024-04-15T00:00:00+00:00, run_after=2024-04-16T00:00:00+00:00
[2024-04-16T14:08:54.878+0000] {processor.py:176} INFO - Processing /opt/airflow/dags/producer.py took 3.714 seconds
