[2024-04-15T15:40:34.151+0000] {processor.py:154} INFO - Started process (PID=18879) to work on /opt/airflow/dags/subdags/subdags_downloads.py
[2024-04-15T15:40:34.162+0000] {processor.py:756} INFO - Processing file /opt/airflow/dags/subdags/subdags_downloads.py for tasks to queue
[2024-04-15T15:40:34.164+0000] {logging_mixin.py:120} INFO - [2024-04-15T15:40:34.164+0000] {dagbag.py:537} INFO - Filling up the DagBag from /opt/airflow/dags/subdags/subdags_downloads.py
[2024-04-15T15:40:34.237+0000] {processor.py:768} WARNING - No viable dags retrieved from /opt/airflow/dags/subdags/subdags_downloads.py
[2024-04-15T15:40:34.438+0000] {processor.py:176} INFO - Processing /opt/airflow/dags/subdags/subdags_downloads.py took 0.306 seconds
[2024-04-15T15:41:04.899+0000] {processor.py:154} INFO - Started process (PID=18947) to work on /opt/airflow/dags/subdags/subdags_downloads.py
[2024-04-15T15:41:04.907+0000] {processor.py:756} INFO - Processing file /opt/airflow/dags/subdags/subdags_downloads.py for tasks to queue
[2024-04-15T15:41:04.912+0000] {logging_mixin.py:120} INFO - [2024-04-15T15:41:04.912+0000] {dagbag.py:537} INFO - Filling up the DagBag from /opt/airflow/dags/subdags/subdags_downloads.py
[2024-04-15T15:41:04.940+0000] {processor.py:768} WARNING - No viable dags retrieved from /opt/airflow/dags/subdags/subdags_downloads.py
[2024-04-15T15:41:05.099+0000] {processor.py:176} INFO - Processing /opt/airflow/dags/subdags/subdags_downloads.py took 0.211 seconds
[2024-04-15T15:41:35.616+0000] {processor.py:154} INFO - Started process (PID=19017) to work on /opt/airflow/dags/subdags/subdags_downloads.py
[2024-04-15T15:41:35.619+0000] {processor.py:756} INFO - Processing file /opt/airflow/dags/subdags/subdags_downloads.py for tasks to queue
[2024-04-15T15:41:35.620+0000] {logging_mixin.py:120} INFO - [2024-04-15T15:41:35.620+0000] {dagbag.py:537} INFO - Filling up the DagBag from /opt/airflow/dags/subdags/subdags_downloads.py
[2024-04-15T15:41:35.635+0000] {processor.py:768} WARNING - No viable dags retrieved from /opt/airflow/dags/subdags/subdags_downloads.py
[2024-04-15T15:41:35.666+0000] {processor.py:176} INFO - Processing /opt/airflow/dags/subdags/subdags_downloads.py took 0.055 seconds
[2024-04-15T15:42:05.761+0000] {processor.py:154} INFO - Started process (PID=19093) to work on /opt/airflow/dags/subdags/subdags_downloads.py
[2024-04-15T15:42:05.764+0000] {processor.py:756} INFO - Processing file /opt/airflow/dags/subdags/subdags_downloads.py for tasks to queue
[2024-04-15T15:42:05.766+0000] {logging_mixin.py:120} INFO - [2024-04-15T15:42:05.766+0000] {dagbag.py:537} INFO - Filling up the DagBag from /opt/airflow/dags/subdags/subdags_downloads.py
[2024-04-15T15:42:05.779+0000] {processor.py:768} WARNING - No viable dags retrieved from /opt/airflow/dags/subdags/subdags_downloads.py
[2024-04-15T15:42:05.808+0000] {processor.py:176} INFO - Processing /opt/airflow/dags/subdags/subdags_downloads.py took 0.052 seconds
[2024-04-15T15:42:36.857+0000] {processor.py:154} INFO - Started process (PID=19164) to work on /opt/airflow/dags/subdags/subdags_downloads.py
[2024-04-15T15:42:36.860+0000] {processor.py:756} INFO - Processing file /opt/airflow/dags/subdags/subdags_downloads.py for tasks to queue
[2024-04-15T15:42:36.862+0000] {logging_mixin.py:120} INFO - [2024-04-15T15:42:36.862+0000] {dagbag.py:537} INFO - Filling up the DagBag from /opt/airflow/dags/subdags/subdags_downloads.py
[2024-04-15T15:42:36.877+0000] {processor.py:768} WARNING - No viable dags retrieved from /opt/airflow/dags/subdags/subdags_downloads.py
[2024-04-15T15:42:36.908+0000] {processor.py:176} INFO - Processing /opt/airflow/dags/subdags/subdags_downloads.py took 0.059 seconds
[2024-04-15T15:43:08.035+0000] {processor.py:154} INFO - Started process (PID=19237) to work on /opt/airflow/dags/subdags/subdags_downloads.py
[2024-04-15T15:43:08.038+0000] {processor.py:756} INFO - Processing file /opt/airflow/dags/subdags/subdags_downloads.py for tasks to queue
[2024-04-15T15:43:08.041+0000] {logging_mixin.py:120} INFO - [2024-04-15T15:43:08.041+0000] {dagbag.py:537} INFO - Filling up the DagBag from /opt/airflow/dags/subdags/subdags_downloads.py
[2024-04-15T15:43:08.070+0000] {processor.py:768} WARNING - No viable dags retrieved from /opt/airflow/dags/subdags/subdags_downloads.py
[2024-04-15T15:43:08.098+0000] {processor.py:176} INFO - Processing /opt/airflow/dags/subdags/subdags_downloads.py took 0.072 seconds
[2024-04-15T15:43:38.961+0000] {processor.py:154} INFO - Started process (PID=19306) to work on /opt/airflow/dags/subdags/subdags_downloads.py
[2024-04-15T15:43:38.964+0000] {processor.py:756} INFO - Processing file /opt/airflow/dags/subdags/subdags_downloads.py for tasks to queue
[2024-04-15T15:43:38.966+0000] {logging_mixin.py:120} INFO - [2024-04-15T15:43:38.966+0000] {dagbag.py:537} INFO - Filling up the DagBag from /opt/airflow/dags/subdags/subdags_downloads.py
[2024-04-15T15:43:38.992+0000] {processor.py:768} WARNING - No viable dags retrieved from /opt/airflow/dags/subdags/subdags_downloads.py
[2024-04-15T15:43:39.019+0000] {processor.py:176} INFO - Processing /opt/airflow/dags/subdags/subdags_downloads.py took 0.068 seconds
[2024-04-15T15:44:09.591+0000] {processor.py:154} INFO - Started process (PID=19383) to work on /opt/airflow/dags/subdags/subdags_downloads.py
[2024-04-15T15:44:09.593+0000] {processor.py:756} INFO - Processing file /opt/airflow/dags/subdags/subdags_downloads.py for tasks to queue
[2024-04-15T15:44:09.595+0000] {logging_mixin.py:120} INFO - [2024-04-15T15:44:09.595+0000] {dagbag.py:537} INFO - Filling up the DagBag from /opt/airflow/dags/subdags/subdags_downloads.py
[2024-04-15T15:44:09.608+0000] {processor.py:768} WARNING - No viable dags retrieved from /opt/airflow/dags/subdags/subdags_downloads.py
[2024-04-15T15:44:09.633+0000] {processor.py:176} INFO - Processing /opt/airflow/dags/subdags/subdags_downloads.py took 0.048 seconds
[2024-04-15T15:44:40.170+0000] {processor.py:154} INFO - Started process (PID=19460) to work on /opt/airflow/dags/subdags/subdags_downloads.py
[2024-04-15T15:44:40.172+0000] {processor.py:756} INFO - Processing file /opt/airflow/dags/subdags/subdags_downloads.py for tasks to queue
[2024-04-15T15:44:40.174+0000] {logging_mixin.py:120} INFO - [2024-04-15T15:44:40.174+0000] {dagbag.py:537} INFO - Filling up the DagBag from /opt/airflow/dags/subdags/subdags_downloads.py
[2024-04-15T15:44:40.186+0000] {processor.py:768} WARNING - No viable dags retrieved from /opt/airflow/dags/subdags/subdags_downloads.py
[2024-04-15T15:44:40.215+0000] {processor.py:176} INFO - Processing /opt/airflow/dags/subdags/subdags_downloads.py took 0.051 seconds
[2024-04-15T15:45:10.847+0000] {processor.py:154} INFO - Started process (PID=19530) to work on /opt/airflow/dags/subdags/subdags_downloads.py
[2024-04-15T15:45:10.849+0000] {processor.py:756} INFO - Processing file /opt/airflow/dags/subdags/subdags_downloads.py for tasks to queue
[2024-04-15T15:45:10.851+0000] {logging_mixin.py:120} INFO - [2024-04-15T15:45:10.851+0000] {dagbag.py:537} INFO - Filling up the DagBag from /opt/airflow/dags/subdags/subdags_downloads.py
[2024-04-15T15:45:10.864+0000] {processor.py:768} WARNING - No viable dags retrieved from /opt/airflow/dags/subdags/subdags_downloads.py
[2024-04-15T15:45:10.890+0000] {processor.py:176} INFO - Processing /opt/airflow/dags/subdags/subdags_downloads.py took 0.048 seconds
[2024-04-15T15:45:41.108+0000] {processor.py:154} INFO - Started process (PID=19608) to work on /opt/airflow/dags/subdags/subdags_downloads.py
[2024-04-15T15:45:41.111+0000] {processor.py:756} INFO - Processing file /opt/airflow/dags/subdags/subdags_downloads.py for tasks to queue
[2024-04-15T15:45:41.113+0000] {logging_mixin.py:120} INFO - [2024-04-15T15:45:41.112+0000] {dagbag.py:537} INFO - Filling up the DagBag from /opt/airflow/dags/subdags/subdags_downloads.py
[2024-04-15T15:45:41.125+0000] {processor.py:768} WARNING - No viable dags retrieved from /opt/airflow/dags/subdags/subdags_downloads.py
[2024-04-15T15:45:41.153+0000] {processor.py:176} INFO - Processing /opt/airflow/dags/subdags/subdags_downloads.py took 0.053 seconds
[2024-04-15T15:46:11.464+0000] {processor.py:154} INFO - Started process (PID=19677) to work on /opt/airflow/dags/subdags/subdags_downloads.py
[2024-04-15T15:46:11.467+0000] {processor.py:756} INFO - Processing file /opt/airflow/dags/subdags/subdags_downloads.py for tasks to queue
[2024-04-15T15:46:11.468+0000] {logging_mixin.py:120} INFO - [2024-04-15T15:46:11.468+0000] {dagbag.py:537} INFO - Filling up the DagBag from /opt/airflow/dags/subdags/subdags_downloads.py
[2024-04-15T15:46:11.482+0000] {processor.py:768} WARNING - No viable dags retrieved from /opt/airflow/dags/subdags/subdags_downloads.py
[2024-04-15T15:46:11.508+0000] {processor.py:176} INFO - Processing /opt/airflow/dags/subdags/subdags_downloads.py took 0.053 seconds
[2024-04-15T15:46:41.928+0000] {processor.py:154} INFO - Started process (PID=19755) to work on /opt/airflow/dags/subdags/subdags_downloads.py
[2024-04-15T15:46:41.931+0000] {processor.py:756} INFO - Processing file /opt/airflow/dags/subdags/subdags_downloads.py for tasks to queue
[2024-04-15T15:46:41.932+0000] {logging_mixin.py:120} INFO - [2024-04-15T15:46:41.932+0000] {dagbag.py:537} INFO - Filling up the DagBag from /opt/airflow/dags/subdags/subdags_downloads.py
[2024-04-15T15:46:41.947+0000] {processor.py:768} WARNING - No viable dags retrieved from /opt/airflow/dags/subdags/subdags_downloads.py
[2024-04-15T15:46:41.977+0000] {processor.py:176} INFO - Processing /opt/airflow/dags/subdags/subdags_downloads.py took 0.060 seconds
[2024-04-15T15:47:12.154+0000] {processor.py:154} INFO - Started process (PID=19825) to work on /opt/airflow/dags/subdags/subdags_downloads.py
[2024-04-15T15:47:12.157+0000] {processor.py:756} INFO - Processing file /opt/airflow/dags/subdags/subdags_downloads.py for tasks to queue
[2024-04-15T15:47:12.159+0000] {logging_mixin.py:120} INFO - [2024-04-15T15:47:12.158+0000] {dagbag.py:537} INFO - Filling up the DagBag from /opt/airflow/dags/subdags/subdags_downloads.py
[2024-04-15T15:47:12.172+0000] {processor.py:768} WARNING - No viable dags retrieved from /opt/airflow/dags/subdags/subdags_downloads.py
[2024-04-15T15:47:12.202+0000] {processor.py:176} INFO - Processing /opt/airflow/dags/subdags/subdags_downloads.py took 0.054 seconds
[2024-04-15T15:47:42.501+0000] {processor.py:154} INFO - Started process (PID=19904) to work on /opt/airflow/dags/subdags/subdags_downloads.py
[2024-04-15T15:47:42.503+0000] {processor.py:756} INFO - Processing file /opt/airflow/dags/subdags/subdags_downloads.py for tasks to queue
[2024-04-15T15:47:42.505+0000] {logging_mixin.py:120} INFO - [2024-04-15T15:47:42.505+0000] {dagbag.py:537} INFO - Filling up the DagBag from /opt/airflow/dags/subdags/subdags_downloads.py
[2024-04-15T15:47:42.517+0000] {processor.py:768} WARNING - No viable dags retrieved from /opt/airflow/dags/subdags/subdags_downloads.py
[2024-04-15T15:47:42.547+0000] {processor.py:176} INFO - Processing /opt/airflow/dags/subdags/subdags_downloads.py took 0.053 seconds
[2024-04-15T15:48:13.325+0000] {processor.py:154} INFO - Started process (PID=19972) to work on /opt/airflow/dags/subdags/subdags_downloads.py
[2024-04-15T15:48:13.330+0000] {processor.py:756} INFO - Processing file /opt/airflow/dags/subdags/subdags_downloads.py for tasks to queue
[2024-04-15T15:48:13.333+0000] {logging_mixin.py:120} INFO - [2024-04-15T15:48:13.332+0000] {dagbag.py:537} INFO - Filling up the DagBag from /opt/airflow/dags/subdags/subdags_downloads.py
[2024-04-15T15:48:13.360+0000] {processor.py:768} WARNING - No viable dags retrieved from /opt/airflow/dags/subdags/subdags_downloads.py
[2024-04-15T15:48:13.409+0000] {processor.py:176} INFO - Processing /opt/airflow/dags/subdags/subdags_downloads.py took 0.096 seconds
[2024-04-15T15:48:43.550+0000] {processor.py:154} INFO - Started process (PID=20051) to work on /opt/airflow/dags/subdags/subdags_downloads.py
[2024-04-15T15:48:43.552+0000] {processor.py:756} INFO - Processing file /opt/airflow/dags/subdags/subdags_downloads.py for tasks to queue
[2024-04-15T15:48:43.554+0000] {logging_mixin.py:120} INFO - [2024-04-15T15:48:43.554+0000] {dagbag.py:537} INFO - Filling up the DagBag from /opt/airflow/dags/subdags/subdags_downloads.py
[2024-04-15T15:48:43.568+0000] {processor.py:768} WARNING - No viable dags retrieved from /opt/airflow/dags/subdags/subdags_downloads.py
[2024-04-15T15:48:43.592+0000] {processor.py:176} INFO - Processing /opt/airflow/dags/subdags/subdags_downloads.py took 0.047 seconds
[2024-04-15T15:49:14.078+0000] {processor.py:154} INFO - Started process (PID=20127) to work on /opt/airflow/dags/subdags/subdags_downloads.py
[2024-04-15T15:49:14.080+0000] {processor.py:756} INFO - Processing file /opt/airflow/dags/subdags/subdags_downloads.py for tasks to queue
[2024-04-15T15:49:14.083+0000] {logging_mixin.py:120} INFO - [2024-04-15T15:49:14.082+0000] {dagbag.py:537} INFO - Filling up the DagBag from /opt/airflow/dags/subdags/subdags_downloads.py
[2024-04-15T15:49:14.100+0000] {processor.py:768} WARNING - No viable dags retrieved from /opt/airflow/dags/subdags/subdags_downloads.py
[2024-04-15T15:49:14.131+0000] {processor.py:176} INFO - Processing /opt/airflow/dags/subdags/subdags_downloads.py took 0.064 seconds
[2024-04-15T15:49:44.800+0000] {processor.py:154} INFO - Started process (PID=20194) to work on /opt/airflow/dags/subdags/subdags_downloads.py
[2024-04-15T15:49:44.802+0000] {processor.py:756} INFO - Processing file /opt/airflow/dags/subdags/subdags_downloads.py for tasks to queue
[2024-04-15T15:49:44.804+0000] {logging_mixin.py:120} INFO - [2024-04-15T15:49:44.804+0000] {dagbag.py:537} INFO - Filling up the DagBag from /opt/airflow/dags/subdags/subdags_downloads.py
[2024-04-15T15:49:44.820+0000] {processor.py:768} WARNING - No viable dags retrieved from /opt/airflow/dags/subdags/subdags_downloads.py
[2024-04-15T15:49:44.850+0000] {processor.py:176} INFO - Processing /opt/airflow/dags/subdags/subdags_downloads.py took 0.057 seconds
[2024-04-15T15:50:15.672+0000] {processor.py:154} INFO - Started process (PID=20273) to work on /opt/airflow/dags/subdags/subdags_downloads.py
[2024-04-15T15:50:15.674+0000] {processor.py:756} INFO - Processing file /opt/airflow/dags/subdags/subdags_downloads.py for tasks to queue
[2024-04-15T15:50:15.676+0000] {logging_mixin.py:120} INFO - [2024-04-15T15:50:15.676+0000] {dagbag.py:537} INFO - Filling up the DagBag from /opt/airflow/dags/subdags/subdags_downloads.py
[2024-04-15T15:50:15.689+0000] {processor.py:768} WARNING - No viable dags retrieved from /opt/airflow/dags/subdags/subdags_downloads.py
[2024-04-15T15:50:15.715+0000] {processor.py:176} INFO - Processing /opt/airflow/dags/subdags/subdags_downloads.py took 0.055 seconds
[2024-04-15T15:50:46.267+0000] {processor.py:154} INFO - Started process (PID=20342) to work on /opt/airflow/dags/subdags/subdags_downloads.py
[2024-04-15T15:50:46.269+0000] {processor.py:756} INFO - Processing file /opt/airflow/dags/subdags/subdags_downloads.py for tasks to queue
[2024-04-15T15:50:46.271+0000] {logging_mixin.py:120} INFO - [2024-04-15T15:50:46.270+0000] {dagbag.py:537} INFO - Filling up the DagBag from /opt/airflow/dags/subdags/subdags_downloads.py
[2024-04-15T15:50:46.289+0000] {processor.py:768} WARNING - No viable dags retrieved from /opt/airflow/dags/subdags/subdags_downloads.py
[2024-04-15T15:50:46.316+0000] {processor.py:176} INFO - Processing /opt/airflow/dags/subdags/subdags_downloads.py took 0.058 seconds
[2024-04-15T15:51:17.129+0000] {processor.py:154} INFO - Started process (PID=20420) to work on /opt/airflow/dags/subdags/subdags_downloads.py
[2024-04-15T15:51:17.131+0000] {processor.py:756} INFO - Processing file /opt/airflow/dags/subdags/subdags_downloads.py for tasks to queue
[2024-04-15T15:51:17.133+0000] {logging_mixin.py:120} INFO - [2024-04-15T15:51:17.133+0000] {dagbag.py:537} INFO - Filling up the DagBag from /opt/airflow/dags/subdags/subdags_downloads.py
[2024-04-15T15:51:17.149+0000] {processor.py:768} WARNING - No viable dags retrieved from /opt/airflow/dags/subdags/subdags_downloads.py
[2024-04-15T15:51:17.174+0000] {processor.py:176} INFO - Processing /opt/airflow/dags/subdags/subdags_downloads.py took 0.051 seconds
[2024-04-15T15:51:47.946+0000] {processor.py:154} INFO - Started process (PID=20491) to work on /opt/airflow/dags/subdags/subdags_downloads.py
[2024-04-15T15:51:47.951+0000] {processor.py:756} INFO - Processing file /opt/airflow/dags/subdags/subdags_downloads.py for tasks to queue
[2024-04-15T15:51:47.954+0000] {logging_mixin.py:120} INFO - [2024-04-15T15:51:47.953+0000] {dagbag.py:537} INFO - Filling up the DagBag from /opt/airflow/dags/subdags/subdags_downloads.py
[2024-04-15T15:51:47.973+0000] {processor.py:768} WARNING - No viable dags retrieved from /opt/airflow/dags/subdags/subdags_downloads.py
[2024-04-15T15:51:48.007+0000] {processor.py:176} INFO - Processing /opt/airflow/dags/subdags/subdags_downloads.py took 0.071 seconds
[2024-04-15T15:52:18.224+0000] {processor.py:154} INFO - Started process (PID=20569) to work on /opt/airflow/dags/subdags/subdags_downloads.py
[2024-04-15T15:52:18.231+0000] {processor.py:756} INFO - Processing file /opt/airflow/dags/subdags/subdags_downloads.py for tasks to queue
[2024-04-15T15:52:18.234+0000] {logging_mixin.py:120} INFO - [2024-04-15T15:52:18.234+0000] {dagbag.py:537} INFO - Filling up the DagBag from /opt/airflow/dags/subdags/subdags_downloads.py
[2024-04-15T15:52:18.248+0000] {processor.py:768} WARNING - No viable dags retrieved from /opt/airflow/dags/subdags/subdags_downloads.py
[2024-04-15T15:52:18.277+0000] {processor.py:176} INFO - Processing /opt/airflow/dags/subdags/subdags_downloads.py took 0.058 seconds
[2024-04-15T15:52:48.904+0000] {processor.py:154} INFO - Started process (PID=20648) to work on /opt/airflow/dags/subdags/subdags_downloads.py
[2024-04-15T15:52:48.907+0000] {processor.py:756} INFO - Processing file /opt/airflow/dags/subdags/subdags_downloads.py for tasks to queue
[2024-04-15T15:52:48.908+0000] {logging_mixin.py:120} INFO - [2024-04-15T15:52:48.908+0000] {dagbag.py:537} INFO - Filling up the DagBag from /opt/airflow/dags/subdags/subdags_downloads.py
[2024-04-15T15:52:48.921+0000] {processor.py:768} WARNING - No viable dags retrieved from /opt/airflow/dags/subdags/subdags_downloads.py
[2024-04-15T15:52:48.950+0000] {processor.py:176} INFO - Processing /opt/airflow/dags/subdags/subdags_downloads.py took 0.055 seconds
[2024-04-15T15:53:19.103+0000] {processor.py:154} INFO - Started process (PID=20716) to work on /opt/airflow/dags/subdags/subdags_downloads.py
[2024-04-15T15:53:19.105+0000] {processor.py:756} INFO - Processing file /opt/airflow/dags/subdags/subdags_downloads.py for tasks to queue
[2024-04-15T15:53:19.107+0000] {logging_mixin.py:120} INFO - [2024-04-15T15:53:19.107+0000] {dagbag.py:537} INFO - Filling up the DagBag from /opt/airflow/dags/subdags/subdags_downloads.py
[2024-04-15T15:53:19.120+0000] {processor.py:768} WARNING - No viable dags retrieved from /opt/airflow/dags/subdags/subdags_downloads.py
[2024-04-15T15:53:19.143+0000] {processor.py:176} INFO - Processing /opt/airflow/dags/subdags/subdags_downloads.py took 0.048 seconds
[2024-04-15T15:53:49.406+0000] {processor.py:154} INFO - Started process (PID=20795) to work on /opt/airflow/dags/subdags/subdags_downloads.py
[2024-04-15T15:53:49.408+0000] {processor.py:756} INFO - Processing file /opt/airflow/dags/subdags/subdags_downloads.py for tasks to queue
[2024-04-15T15:53:49.410+0000] {logging_mixin.py:120} INFO - [2024-04-15T15:53:49.410+0000] {dagbag.py:537} INFO - Filling up the DagBag from /opt/airflow/dags/subdags/subdags_downloads.py
[2024-04-15T15:53:49.422+0000] {processor.py:768} WARNING - No viable dags retrieved from /opt/airflow/dags/subdags/subdags_downloads.py
[2024-04-15T15:53:49.446+0000] {processor.py:176} INFO - Processing /opt/airflow/dags/subdags/subdags_downloads.py took 0.045 seconds
[2024-04-15T15:54:20.219+0000] {processor.py:154} INFO - Started process (PID=20864) to work on /opt/airflow/dags/subdags/subdags_downloads.py
[2024-04-15T15:54:20.223+0000] {processor.py:756} INFO - Processing file /opt/airflow/dags/subdags/subdags_downloads.py for tasks to queue
[2024-04-15T15:54:20.226+0000] {logging_mixin.py:120} INFO - [2024-04-15T15:54:20.226+0000] {dagbag.py:537} INFO - Filling up the DagBag from /opt/airflow/dags/subdags/subdags_downloads.py
[2024-04-15T15:54:20.241+0000] {processor.py:768} WARNING - No viable dags retrieved from /opt/airflow/dags/subdags/subdags_downloads.py
[2024-04-15T15:54:20.270+0000] {processor.py:176} INFO - Processing /opt/airflow/dags/subdags/subdags_downloads.py took 0.060 seconds
[2024-04-15T15:54:51.041+0000] {processor.py:154} INFO - Started process (PID=20942) to work on /opt/airflow/dags/subdags/subdags_downloads.py
[2024-04-15T15:54:51.043+0000] {processor.py:756} INFO - Processing file /opt/airflow/dags/subdags/subdags_downloads.py for tasks to queue
[2024-04-15T15:54:51.045+0000] {logging_mixin.py:120} INFO - [2024-04-15T15:54:51.044+0000] {dagbag.py:537} INFO - Filling up the DagBag from /opt/airflow/dags/subdags/subdags_downloads.py
[2024-04-15T15:54:51.057+0000] {processor.py:768} WARNING - No viable dags retrieved from /opt/airflow/dags/subdags/subdags_downloads.py
[2024-04-15T15:54:51.081+0000] {processor.py:176} INFO - Processing /opt/airflow/dags/subdags/subdags_downloads.py took 0.045 seconds
[2024-04-15T15:55:21.515+0000] {processor.py:154} INFO - Started process (PID=21011) to work on /opt/airflow/dags/subdags/subdags_downloads.py
[2024-04-15T15:55:21.521+0000] {processor.py:756} INFO - Processing file /opt/airflow/dags/subdags/subdags_downloads.py for tasks to queue
[2024-04-15T15:55:21.528+0000] {logging_mixin.py:120} INFO - [2024-04-15T15:55:21.527+0000] {dagbag.py:537} INFO - Filling up the DagBag from /opt/airflow/dags/subdags/subdags_downloads.py
[2024-04-15T15:55:21.558+0000] {processor.py:768} WARNING - No viable dags retrieved from /opt/airflow/dags/subdags/subdags_downloads.py
[2024-04-15T15:55:21.599+0000] {processor.py:176} INFO - Processing /opt/airflow/dags/subdags/subdags_downloads.py took 0.094 seconds
[2024-04-15T15:55:52.092+0000] {processor.py:154} INFO - Started process (PID=21090) to work on /opt/airflow/dags/subdags/subdags_downloads.py
[2024-04-15T15:55:52.095+0000] {processor.py:756} INFO - Processing file /opt/airflow/dags/subdags/subdags_downloads.py for tasks to queue
[2024-04-15T15:55:52.098+0000] {logging_mixin.py:120} INFO - [2024-04-15T15:55:52.098+0000] {dagbag.py:537} INFO - Filling up the DagBag from /opt/airflow/dags/subdags/subdags_downloads.py
[2024-04-15T15:55:52.110+0000] {processor.py:768} WARNING - No viable dags retrieved from /opt/airflow/dags/subdags/subdags_downloads.py
[2024-04-15T15:55:52.136+0000] {processor.py:176} INFO - Processing /opt/airflow/dags/subdags/subdags_downloads.py took 0.050 seconds
[2024-04-15T15:56:22.333+0000] {processor.py:154} INFO - Started process (PID=21158) to work on /opt/airflow/dags/subdags/subdags_downloads.py
[2024-04-15T15:56:22.335+0000] {processor.py:756} INFO - Processing file /opt/airflow/dags/subdags/subdags_downloads.py for tasks to queue
[2024-04-15T15:56:22.337+0000] {logging_mixin.py:120} INFO - [2024-04-15T15:56:22.337+0000] {dagbag.py:537} INFO - Filling up the DagBag from /opt/airflow/dags/subdags/subdags_downloads.py
[2024-04-15T15:56:22.350+0000] {processor.py:768} WARNING - No viable dags retrieved from /opt/airflow/dags/subdags/subdags_downloads.py
[2024-04-15T15:56:22.381+0000] {processor.py:176} INFO - Processing /opt/airflow/dags/subdags/subdags_downloads.py took 0.054 seconds
[2024-04-15T15:56:53.193+0000] {processor.py:154} INFO - Started process (PID=21235) to work on /opt/airflow/dags/subdags/subdags_downloads.py
[2024-04-15T15:56:53.195+0000] {processor.py:756} INFO - Processing file /opt/airflow/dags/subdags/subdags_downloads.py for tasks to queue
[2024-04-15T15:56:53.196+0000] {logging_mixin.py:120} INFO - [2024-04-15T15:56:53.196+0000] {dagbag.py:537} INFO - Filling up the DagBag from /opt/airflow/dags/subdags/subdags_downloads.py
[2024-04-15T15:56:53.212+0000] {processor.py:768} WARNING - No viable dags retrieved from /opt/airflow/dags/subdags/subdags_downloads.py
[2024-04-15T15:56:53.236+0000] {processor.py:176} INFO - Processing /opt/airflow/dags/subdags/subdags_downloads.py took 0.049 seconds
[2024-04-15T15:57:23.363+0000] {processor.py:154} INFO - Started process (PID=21315) to work on /opt/airflow/dags/subdags/subdags_downloads.py
[2024-04-15T15:57:23.365+0000] {processor.py:756} INFO - Processing file /opt/airflow/dags/subdags/subdags_downloads.py for tasks to queue
[2024-04-15T15:57:23.367+0000] {logging_mixin.py:120} INFO - [2024-04-15T15:57:23.367+0000] {dagbag.py:537} INFO - Filling up the DagBag from /opt/airflow/dags/subdags/subdags_downloads.py
[2024-04-15T15:57:23.379+0000] {processor.py:768} WARNING - No viable dags retrieved from /opt/airflow/dags/subdags/subdags_downloads.py
[2024-04-15T15:57:23.405+0000] {processor.py:176} INFO - Processing /opt/airflow/dags/subdags/subdags_downloads.py took 0.048 seconds
[2024-04-15T15:57:53.586+0000] {processor.py:154} INFO - Started process (PID=21384) to work on /opt/airflow/dags/subdags/subdags_downloads.py
[2024-04-15T15:57:53.588+0000] {processor.py:756} INFO - Processing file /opt/airflow/dags/subdags/subdags_downloads.py for tasks to queue
[2024-04-15T15:57:53.590+0000] {logging_mixin.py:120} INFO - [2024-04-15T15:57:53.590+0000] {dagbag.py:537} INFO - Filling up the DagBag from /opt/airflow/dags/subdags/subdags_downloads.py
[2024-04-15T15:57:53.600+0000] {processor.py:768} WARNING - No viable dags retrieved from /opt/airflow/dags/subdags/subdags_downloads.py
[2024-04-15T15:57:53.624+0000] {processor.py:176} INFO - Processing /opt/airflow/dags/subdags/subdags_downloads.py took 0.049 seconds
[2024-04-15T15:58:24.433+0000] {processor.py:154} INFO - Started process (PID=21462) to work on /opt/airflow/dags/subdags/subdags_downloads.py
[2024-04-15T15:58:24.436+0000] {processor.py:756} INFO - Processing file /opt/airflow/dags/subdags/subdags_downloads.py for tasks to queue
[2024-04-15T15:58:24.438+0000] {logging_mixin.py:120} INFO - [2024-04-15T15:58:24.438+0000] {dagbag.py:537} INFO - Filling up the DagBag from /opt/airflow/dags/subdags/subdags_downloads.py
[2024-04-15T15:58:24.450+0000] {processor.py:768} WARNING - No viable dags retrieved from /opt/airflow/dags/subdags/subdags_downloads.py
[2024-04-15T15:58:24.470+0000] {processor.py:176} INFO - Processing /opt/airflow/dags/subdags/subdags_downloads.py took 0.045 seconds
[2024-04-15T15:58:55.405+0000] {processor.py:154} INFO - Started process (PID=21531) to work on /opt/airflow/dags/subdags/subdags_downloads.py
[2024-04-15T15:58:55.407+0000] {processor.py:756} INFO - Processing file /opt/airflow/dags/subdags/subdags_downloads.py for tasks to queue
[2024-04-15T15:58:55.408+0000] {logging_mixin.py:120} INFO - [2024-04-15T15:58:55.408+0000] {dagbag.py:537} INFO - Filling up the DagBag from /opt/airflow/dags/subdags/subdags_downloads.py
[2024-04-15T15:58:55.429+0000] {processor.py:768} WARNING - No viable dags retrieved from /opt/airflow/dags/subdags/subdags_downloads.py
[2024-04-15T15:58:55.455+0000] {processor.py:176} INFO - Processing /opt/airflow/dags/subdags/subdags_downloads.py took 0.056 seconds
[2024-04-15T15:59:25.600+0000] {processor.py:154} INFO - Started process (PID=21610) to work on /opt/airflow/dags/subdags/subdags_downloads.py
[2024-04-15T15:59:25.607+0000] {processor.py:756} INFO - Processing file /opt/airflow/dags/subdags/subdags_downloads.py for tasks to queue
[2024-04-15T15:59:25.613+0000] {logging_mixin.py:120} INFO - [2024-04-15T15:59:25.613+0000] {dagbag.py:537} INFO - Filling up the DagBag from /opt/airflow/dags/subdags/subdags_downloads.py
[2024-04-15T15:59:25.628+0000] {processor.py:768} WARNING - No viable dags retrieved from /opt/airflow/dags/subdags/subdags_downloads.py
[2024-04-15T15:59:25.652+0000] {processor.py:176} INFO - Processing /opt/airflow/dags/subdags/subdags_downloads.py took 0.058 seconds
[2024-04-15T15:59:56.528+0000] {processor.py:154} INFO - Started process (PID=21688) to work on /opt/airflow/dags/subdags/subdags_downloads.py
[2024-04-15T15:59:56.536+0000] {processor.py:756} INFO - Processing file /opt/airflow/dags/subdags/subdags_downloads.py for tasks to queue
[2024-04-15T15:59:56.544+0000] {logging_mixin.py:120} INFO - [2024-04-15T15:59:56.543+0000] {dagbag.py:537} INFO - Filling up the DagBag from /opt/airflow/dags/subdags/subdags_downloads.py
[2024-04-15T15:59:56.571+0000] {processor.py:768} WARNING - No viable dags retrieved from /opt/airflow/dags/subdags/subdags_downloads.py
[2024-04-15T15:59:56.606+0000] {processor.py:176} INFO - Processing /opt/airflow/dags/subdags/subdags_downloads.py took 0.095 seconds
[2024-04-15T16:00:26.768+0000] {processor.py:154} INFO - Started process (PID=21757) to work on /opt/airflow/dags/subdags/subdags_downloads.py
[2024-04-15T16:00:26.770+0000] {processor.py:756} INFO - Processing file /opt/airflow/dags/subdags/subdags_downloads.py for tasks to queue
[2024-04-15T16:00:26.773+0000] {logging_mixin.py:120} INFO - [2024-04-15T16:00:26.772+0000] {dagbag.py:537} INFO - Filling up the DagBag from /opt/airflow/dags/subdags/subdags_downloads.py
[2024-04-15T16:00:26.786+0000] {processor.py:768} WARNING - No viable dags retrieved from /opt/airflow/dags/subdags/subdags_downloads.py
[2024-04-15T16:00:26.811+0000] {processor.py:176} INFO - Processing /opt/airflow/dags/subdags/subdags_downloads.py took 0.049 seconds
[2024-04-15T16:00:56.983+0000] {processor.py:154} INFO - Started process (PID=21835) to work on /opt/airflow/dags/subdags/subdags_downloads.py
[2024-04-15T16:00:56.985+0000] {processor.py:756} INFO - Processing file /opt/airflow/dags/subdags/subdags_downloads.py for tasks to queue
[2024-04-15T16:00:56.988+0000] {logging_mixin.py:120} INFO - [2024-04-15T16:00:56.987+0000] {dagbag.py:537} INFO - Filling up the DagBag from /opt/airflow/dags/subdags/subdags_downloads.py
[2024-04-15T16:00:57.004+0000] {processor.py:768} WARNING - No viable dags retrieved from /opt/airflow/dags/subdags/subdags_downloads.py
[2024-04-15T16:00:57.031+0000] {processor.py:176} INFO - Processing /opt/airflow/dags/subdags/subdags_downloads.py took 0.055 seconds
[2024-04-15T16:01:27.499+0000] {processor.py:154} INFO - Started process (PID=21902) to work on /opt/airflow/dags/subdags/subdags_downloads.py
[2024-04-15T16:01:27.502+0000] {processor.py:756} INFO - Processing file /opt/airflow/dags/subdags/subdags_downloads.py for tasks to queue
[2024-04-15T16:01:27.505+0000] {logging_mixin.py:120} INFO - [2024-04-15T16:01:27.504+0000] {dagbag.py:537} INFO - Filling up the DagBag from /opt/airflow/dags/subdags/subdags_downloads.py
[2024-04-15T16:01:27.518+0000] {processor.py:768} WARNING - No viable dags retrieved from /opt/airflow/dags/subdags/subdags_downloads.py
[2024-04-15T16:01:27.545+0000] {processor.py:176} INFO - Processing /opt/airflow/dags/subdags/subdags_downloads.py took 0.053 seconds
[2024-04-15T16:01:58.079+0000] {processor.py:154} INFO - Started process (PID=21977) to work on /opt/airflow/dags/subdags/subdags_downloads.py
[2024-04-15T16:01:58.087+0000] {processor.py:756} INFO - Processing file /opt/airflow/dags/subdags/subdags_downloads.py for tasks to queue
[2024-04-15T16:01:58.090+0000] {logging_mixin.py:120} INFO - [2024-04-15T16:01:58.090+0000] {dagbag.py:537} INFO - Filling up the DagBag from /opt/airflow/dags/subdags/subdags_downloads.py
[2024-04-15T16:01:58.123+0000] {processor.py:768} WARNING - No viable dags retrieved from /opt/airflow/dags/subdags/subdags_downloads.py
[2024-04-15T16:01:58.163+0000] {processor.py:176} INFO - Processing /opt/airflow/dags/subdags/subdags_downloads.py took 0.108 seconds
[2024-04-15T16:02:28.616+0000] {processor.py:154} INFO - Started process (PID=22046) to work on /opt/airflow/dags/subdags/subdags_downloads.py
[2024-04-15T16:02:28.618+0000] {processor.py:756} INFO - Processing file /opt/airflow/dags/subdags/subdags_downloads.py for tasks to queue
[2024-04-15T16:02:28.620+0000] {logging_mixin.py:120} INFO - [2024-04-15T16:02:28.620+0000] {dagbag.py:537} INFO - Filling up the DagBag from /opt/airflow/dags/subdags/subdags_downloads.py
[2024-04-15T16:02:28.633+0000] {processor.py:768} WARNING - No viable dags retrieved from /opt/airflow/dags/subdags/subdags_downloads.py
[2024-04-15T16:02:28.657+0000] {processor.py:176} INFO - Processing /opt/airflow/dags/subdags/subdags_downloads.py took 0.047 seconds
[2024-04-15T16:02:59.587+0000] {processor.py:154} INFO - Started process (PID=22125) to work on /opt/airflow/dags/subdags/subdags_downloads.py
[2024-04-15T16:02:59.595+0000] {processor.py:756} INFO - Processing file /opt/airflow/dags/subdags/subdags_downloads.py for tasks to queue
[2024-04-15T16:02:59.601+0000] {logging_mixin.py:120} INFO - [2024-04-15T16:02:59.600+0000] {dagbag.py:537} INFO - Filling up the DagBag from /opt/airflow/dags/subdags/subdags_downloads.py
[2024-04-15T16:02:59.628+0000] {processor.py:768} WARNING - No viable dags retrieved from /opt/airflow/dags/subdags/subdags_downloads.py
[2024-04-15T16:02:59.658+0000] {processor.py:176} INFO - Processing /opt/airflow/dags/subdags/subdags_downloads.py took 0.077 seconds
[2024-04-15T16:03:30.372+0000] {processor.py:154} INFO - Started process (PID=22195) to work on /opt/airflow/dags/subdags/subdags_downloads.py
[2024-04-15T16:03:30.375+0000] {processor.py:756} INFO - Processing file /opt/airflow/dags/subdags/subdags_downloads.py for tasks to queue
[2024-04-15T16:03:30.377+0000] {logging_mixin.py:120} INFO - [2024-04-15T16:03:30.376+0000] {dagbag.py:537} INFO - Filling up the DagBag from /opt/airflow/dags/subdags/subdags_downloads.py
[2024-04-15T16:03:30.390+0000] {processor.py:768} WARNING - No viable dags retrieved from /opt/airflow/dags/subdags/subdags_downloads.py
[2024-04-15T16:03:30.416+0000] {processor.py:176} INFO - Processing /opt/airflow/dags/subdags/subdags_downloads.py took 0.053 seconds
[2024-04-15T16:04:00.710+0000] {processor.py:154} INFO - Started process (PID=22273) to work on /opt/airflow/dags/subdags/subdags_downloads.py
[2024-04-15T16:04:00.715+0000] {processor.py:756} INFO - Processing file /opt/airflow/dags/subdags/subdags_downloads.py for tasks to queue
[2024-04-15T16:04:00.717+0000] {logging_mixin.py:120} INFO - [2024-04-15T16:04:00.717+0000] {dagbag.py:537} INFO - Filling up the DagBag from /opt/airflow/dags/subdags/subdags_downloads.py
[2024-04-15T16:04:00.732+0000] {processor.py:768} WARNING - No viable dags retrieved from /opt/airflow/dags/subdags/subdags_downloads.py
[2024-04-15T16:04:00.760+0000] {processor.py:176} INFO - Processing /opt/airflow/dags/subdags/subdags_downloads.py took 0.057 seconds
[2024-04-15T16:04:31.688+0000] {processor.py:154} INFO - Started process (PID=22341) to work on /opt/airflow/dags/subdags/subdags_downloads.py
[2024-04-15T16:04:31.692+0000] {processor.py:756} INFO - Processing file /opt/airflow/dags/subdags/subdags_downloads.py for tasks to queue
[2024-04-15T16:04:31.694+0000] {logging_mixin.py:120} INFO - [2024-04-15T16:04:31.694+0000] {dagbag.py:537} INFO - Filling up the DagBag from /opt/airflow/dags/subdags/subdags_downloads.py
[2024-04-15T16:04:31.709+0000] {processor.py:768} WARNING - No viable dags retrieved from /opt/airflow/dags/subdags/subdags_downloads.py
[2024-04-15T16:04:31.738+0000] {processor.py:176} INFO - Processing /opt/airflow/dags/subdags/subdags_downloads.py took 0.056 seconds
[2024-04-15T16:05:02.370+0000] {processor.py:154} INFO - Started process (PID=22420) to work on /opt/airflow/dags/subdags/subdags_downloads.py
[2024-04-15T16:05:02.373+0000] {processor.py:756} INFO - Processing file /opt/airflow/dags/subdags/subdags_downloads.py for tasks to queue
[2024-04-15T16:05:02.375+0000] {logging_mixin.py:120} INFO - [2024-04-15T16:05:02.375+0000] {dagbag.py:537} INFO - Filling up the DagBag from /opt/airflow/dags/subdags/subdags_downloads.py
[2024-04-15T16:05:02.386+0000] {processor.py:768} WARNING - No viable dags retrieved from /opt/airflow/dags/subdags/subdags_downloads.py
[2024-04-15T16:05:02.409+0000] {processor.py:176} INFO - Processing /opt/airflow/dags/subdags/subdags_downloads.py took 0.045 seconds
[2024-04-15T16:05:32.515+0000] {processor.py:154} INFO - Started process (PID=22490) to work on /opt/airflow/dags/subdags/subdags_downloads.py
[2024-04-15T16:05:32.518+0000] {processor.py:756} INFO - Processing file /opt/airflow/dags/subdags/subdags_downloads.py for tasks to queue
[2024-04-15T16:05:32.520+0000] {logging_mixin.py:120} INFO - [2024-04-15T16:05:32.520+0000] {dagbag.py:537} INFO - Filling up the DagBag from /opt/airflow/dags/subdags/subdags_downloads.py
[2024-04-15T16:05:32.534+0000] {processor.py:768} WARNING - No viable dags retrieved from /opt/airflow/dags/subdags/subdags_downloads.py
[2024-04-15T16:05:32.562+0000] {processor.py:176} INFO - Processing /opt/airflow/dags/subdags/subdags_downloads.py took 0.054 seconds
[2024-04-15T16:06:02.837+0000] {processor.py:154} INFO - Started process (PID=22567) to work on /opt/airflow/dags/subdags/subdags_downloads.py
[2024-04-15T16:06:02.839+0000] {processor.py:756} INFO - Processing file /opt/airflow/dags/subdags/subdags_downloads.py for tasks to queue
[2024-04-15T16:06:02.840+0000] {logging_mixin.py:120} INFO - [2024-04-15T16:06:02.840+0000] {dagbag.py:537} INFO - Filling up the DagBag from /opt/airflow/dags/subdags/subdags_downloads.py
[2024-04-15T16:06:02.853+0000] {processor.py:768} WARNING - No viable dags retrieved from /opt/airflow/dags/subdags/subdags_downloads.py
[2024-04-15T16:06:02.881+0000] {processor.py:176} INFO - Processing /opt/airflow/dags/subdags/subdags_downloads.py took 0.050 seconds
[2024-04-15T16:06:33.016+0000] {processor.py:154} INFO - Started process (PID=22646) to work on /opt/airflow/dags/subdags/subdags_downloads.py
[2024-04-15T16:06:33.018+0000] {processor.py:756} INFO - Processing file /opt/airflow/dags/subdags/subdags_downloads.py for tasks to queue
[2024-04-15T16:06:33.020+0000] {logging_mixin.py:120} INFO - [2024-04-15T16:06:33.020+0000] {dagbag.py:537} INFO - Filling up the DagBag from /opt/airflow/dags/subdags/subdags_downloads.py
[2024-04-15T16:06:33.034+0000] {processor.py:768} WARNING - No viable dags retrieved from /opt/airflow/dags/subdags/subdags_downloads.py
[2024-04-15T16:06:33.062+0000] {processor.py:176} INFO - Processing /opt/airflow/dags/subdags/subdags_downloads.py took 0.051 seconds
[2024-04-15T16:07:03.181+0000] {processor.py:154} INFO - Started process (PID=22715) to work on /opt/airflow/dags/subdags/subdags_downloads.py
[2024-04-15T16:07:03.184+0000] {processor.py:756} INFO - Processing file /opt/airflow/dags/subdags/subdags_downloads.py for tasks to queue
[2024-04-15T16:07:03.186+0000] {logging_mixin.py:120} INFO - [2024-04-15T16:07:03.186+0000] {dagbag.py:537} INFO - Filling up the DagBag from /opt/airflow/dags/subdags/subdags_downloads.py
[2024-04-15T16:07:03.197+0000] {processor.py:768} WARNING - No viable dags retrieved from /opt/airflow/dags/subdags/subdags_downloads.py
[2024-04-15T16:07:03.220+0000] {processor.py:176} INFO - Processing /opt/airflow/dags/subdags/subdags_downloads.py took 0.045 seconds
[2024-04-15T16:07:33.704+0000] {processor.py:154} INFO - Started process (PID=22792) to work on /opt/airflow/dags/subdags/subdags_downloads.py
[2024-04-15T16:07:33.707+0000] {processor.py:756} INFO - Processing file /opt/airflow/dags/subdags/subdags_downloads.py for tasks to queue
[2024-04-15T16:07:33.709+0000] {logging_mixin.py:120} INFO - [2024-04-15T16:07:33.709+0000] {dagbag.py:537} INFO - Filling up the DagBag from /opt/airflow/dags/subdags/subdags_downloads.py
[2024-04-15T16:07:33.724+0000] {processor.py:768} WARNING - No viable dags retrieved from /opt/airflow/dags/subdags/subdags_downloads.py
[2024-04-15T16:07:33.747+0000] {processor.py:176} INFO - Processing /opt/airflow/dags/subdags/subdags_downloads.py took 0.051 seconds
[2024-04-15T16:08:03.925+0000] {processor.py:154} INFO - Started process (PID=22860) to work on /opt/airflow/dags/subdags/subdags_downloads.py
[2024-04-15T16:08:03.927+0000] {processor.py:756} INFO - Processing file /opt/airflow/dags/subdags/subdags_downloads.py for tasks to queue
[2024-04-15T16:08:03.929+0000] {logging_mixin.py:120} INFO - [2024-04-15T16:08:03.929+0000] {dagbag.py:537} INFO - Filling up the DagBag from /opt/airflow/dags/subdags/subdags_downloads.py
[2024-04-15T16:08:03.940+0000] {processor.py:768} WARNING - No viable dags retrieved from /opt/airflow/dags/subdags/subdags_downloads.py
[2024-04-15T16:08:03.964+0000] {processor.py:176} INFO - Processing /opt/airflow/dags/subdags/subdags_downloads.py took 0.045 seconds
[2024-04-15T16:08:34.797+0000] {processor.py:154} INFO - Started process (PID=22939) to work on /opt/airflow/dags/subdags/subdags_downloads.py
[2024-04-15T16:08:34.800+0000] {processor.py:756} INFO - Processing file /opt/airflow/dags/subdags/subdags_downloads.py for tasks to queue
[2024-04-15T16:08:34.803+0000] {logging_mixin.py:120} INFO - [2024-04-15T16:08:34.803+0000] {dagbag.py:537} INFO - Filling up the DagBag from /opt/airflow/dags/subdags/subdags_downloads.py
[2024-04-15T16:08:34.817+0000] {processor.py:768} WARNING - No viable dags retrieved from /opt/airflow/dags/subdags/subdags_downloads.py
[2024-04-15T16:08:34.858+0000] {processor.py:176} INFO - Processing /opt/airflow/dags/subdags/subdags_downloads.py took 0.068 seconds
[2024-04-15T16:09:04.969+0000] {processor.py:154} INFO - Started process (PID=23007) to work on /opt/airflow/dags/subdags/subdags_downloads.py
[2024-04-15T16:09:04.972+0000] {processor.py:756} INFO - Processing file /opt/airflow/dags/subdags/subdags_downloads.py for tasks to queue
[2024-04-15T16:09:04.974+0000] {logging_mixin.py:120} INFO - [2024-04-15T16:09:04.974+0000] {dagbag.py:537} INFO - Filling up the DagBag from /opt/airflow/dags/subdags/subdags_downloads.py
[2024-04-15T16:09:04.990+0000] {processor.py:768} WARNING - No viable dags retrieved from /opt/airflow/dags/subdags/subdags_downloads.py
[2024-04-15T16:09:05.018+0000] {processor.py:176} INFO - Processing /opt/airflow/dags/subdags/subdags_downloads.py took 0.056 seconds
[2024-04-15T16:09:35.659+0000] {processor.py:154} INFO - Started process (PID=23083) to work on /opt/airflow/dags/subdags/subdags_downloads.py
[2024-04-15T16:09:35.661+0000] {processor.py:756} INFO - Processing file /opt/airflow/dags/subdags/subdags_downloads.py for tasks to queue
[2024-04-15T16:09:35.666+0000] {logging_mixin.py:120} INFO - [2024-04-15T16:09:35.665+0000] {dagbag.py:537} INFO - Filling up the DagBag from /opt/airflow/dags/subdags/subdags_downloads.py
[2024-04-15T16:09:35.681+0000] {processor.py:768} WARNING - No viable dags retrieved from /opt/airflow/dags/subdags/subdags_downloads.py
[2024-04-15T16:09:35.711+0000] {processor.py:176} INFO - Processing /opt/airflow/dags/subdags/subdags_downloads.py took 0.066 seconds
[2024-04-15T16:10:05.819+0000] {processor.py:154} INFO - Started process (PID=23152) to work on /opt/airflow/dags/subdags/subdags_downloads.py
[2024-04-15T16:10:05.821+0000] {processor.py:756} INFO - Processing file /opt/airflow/dags/subdags/subdags_downloads.py for tasks to queue
[2024-04-15T16:10:05.822+0000] {logging_mixin.py:120} INFO - [2024-04-15T16:10:05.822+0000] {dagbag.py:537} INFO - Filling up the DagBag from /opt/airflow/dags/subdags/subdags_downloads.py
[2024-04-15T16:10:05.835+0000] {processor.py:768} WARNING - No viable dags retrieved from /opt/airflow/dags/subdags/subdags_downloads.py
[2024-04-15T16:10:05.863+0000] {processor.py:176} INFO - Processing /opt/airflow/dags/subdags/subdags_downloads.py took 0.050 seconds
[2024-04-15T16:10:36.531+0000] {processor.py:154} INFO - Started process (PID=23231) to work on /opt/airflow/dags/subdags/subdags_downloads.py
[2024-04-15T16:10:36.533+0000] {processor.py:756} INFO - Processing file /opt/airflow/dags/subdags/subdags_downloads.py for tasks to queue
[2024-04-15T16:10:36.534+0000] {logging_mixin.py:120} INFO - [2024-04-15T16:10:36.534+0000] {dagbag.py:537} INFO - Filling up the DagBag from /opt/airflow/dags/subdags/subdags_downloads.py
[2024-04-15T16:10:36.546+0000] {processor.py:768} WARNING - No viable dags retrieved from /opt/airflow/dags/subdags/subdags_downloads.py
[2024-04-15T16:10:36.569+0000] {processor.py:176} INFO - Processing /opt/airflow/dags/subdags/subdags_downloads.py took 0.044 seconds
[2024-04-15T16:11:07.430+0000] {processor.py:154} INFO - Started process (PID=23309) to work on /opt/airflow/dags/subdags/subdags_downloads.py
[2024-04-15T16:11:07.432+0000] {processor.py:756} INFO - Processing file /opt/airflow/dags/subdags/subdags_downloads.py for tasks to queue
[2024-04-15T16:11:07.434+0000] {logging_mixin.py:120} INFO - [2024-04-15T16:11:07.434+0000] {dagbag.py:537} INFO - Filling up the DagBag from /opt/airflow/dags/subdags/subdags_downloads.py
[2024-04-15T16:11:07.446+0000] {processor.py:768} WARNING - No viable dags retrieved from /opt/airflow/dags/subdags/subdags_downloads.py
[2024-04-15T16:11:07.472+0000] {processor.py:176} INFO - Processing /opt/airflow/dags/subdags/subdags_downloads.py took 0.048 seconds
[2024-04-15T16:11:37.666+0000] {processor.py:154} INFO - Started process (PID=23378) to work on /opt/airflow/dags/subdags/subdags_downloads.py
[2024-04-15T16:11:37.668+0000] {processor.py:756} INFO - Processing file /opt/airflow/dags/subdags/subdags_downloads.py for tasks to queue
[2024-04-15T16:11:37.670+0000] {logging_mixin.py:120} INFO - [2024-04-15T16:11:37.669+0000] {dagbag.py:537} INFO - Filling up the DagBag from /opt/airflow/dags/subdags/subdags_downloads.py
[2024-04-15T16:11:37.681+0000] {processor.py:768} WARNING - No viable dags retrieved from /opt/airflow/dags/subdags/subdags_downloads.py
[2024-04-15T16:11:37.705+0000] {processor.py:176} INFO - Processing /opt/airflow/dags/subdags/subdags_downloads.py took 0.045 seconds
[2024-04-15T16:12:08.024+0000] {processor.py:154} INFO - Started process (PID=23455) to work on /opt/airflow/dags/subdags/subdags_downloads.py
[2024-04-15T16:12:08.026+0000] {processor.py:756} INFO - Processing file /opt/airflow/dags/subdags/subdags_downloads.py for tasks to queue
[2024-04-15T16:12:08.028+0000] {logging_mixin.py:120} INFO - [2024-04-15T16:12:08.027+0000] {dagbag.py:537} INFO - Filling up the DagBag from /opt/airflow/dags/subdags/subdags_downloads.py
[2024-04-15T16:12:08.043+0000] {processor.py:768} WARNING - No viable dags retrieved from /opt/airflow/dags/subdags/subdags_downloads.py
[2024-04-15T16:12:08.071+0000] {processor.py:176} INFO - Processing /opt/airflow/dags/subdags/subdags_downloads.py took 0.054 seconds
[2024-04-15T16:12:38.440+0000] {processor.py:154} INFO - Started process (PID=23525) to work on /opt/airflow/dags/subdags/subdags_downloads.py
[2024-04-15T16:12:38.443+0000] {processor.py:756} INFO - Processing file /opt/airflow/dags/subdags/subdags_downloads.py for tasks to queue
[2024-04-15T16:12:38.445+0000] {logging_mixin.py:120} INFO - [2024-04-15T16:12:38.445+0000] {dagbag.py:537} INFO - Filling up the DagBag from /opt/airflow/dags/subdags/subdags_downloads.py
[2024-04-15T16:12:38.459+0000] {processor.py:768} WARNING - No viable dags retrieved from /opt/airflow/dags/subdags/subdags_downloads.py
[2024-04-15T16:12:38.482+0000] {processor.py:176} INFO - Processing /opt/airflow/dags/subdags/subdags_downloads.py took 0.048 seconds
[2024-04-15T16:13:08.592+0000] {processor.py:154} INFO - Started process (PID=23600) to work on /opt/airflow/dags/subdags/subdags_downloads.py
[2024-04-15T16:13:08.595+0000] {processor.py:756} INFO - Processing file /opt/airflow/dags/subdags/subdags_downloads.py for tasks to queue
[2024-04-15T16:13:08.598+0000] {logging_mixin.py:120} INFO - [2024-04-15T16:13:08.598+0000] {dagbag.py:537} INFO - Filling up the DagBag from /opt/airflow/dags/subdags/subdags_downloads.py
[2024-04-15T16:13:08.621+0000] {processor.py:768} WARNING - No viable dags retrieved from /opt/airflow/dags/subdags/subdags_downloads.py
[2024-04-15T16:13:08.651+0000] {processor.py:176} INFO - Processing /opt/airflow/dags/subdags/subdags_downloads.py took 0.072 seconds
[2024-04-15T16:13:38.855+0000] {processor.py:154} INFO - Started process (PID=23669) to work on /opt/airflow/dags/subdags/subdags_downloads.py
[2024-04-15T16:13:38.870+0000] {processor.py:756} INFO - Processing file /opt/airflow/dags/subdags/subdags_downloads.py for tasks to queue
[2024-04-15T16:13:38.882+0000] {logging_mixin.py:120} INFO - [2024-04-15T16:13:38.881+0000] {dagbag.py:537} INFO - Filling up the DagBag from /opt/airflow/dags/subdags/subdags_downloads.py
[2024-04-15T16:13:38.968+0000] {processor.py:768} WARNING - No viable dags retrieved from /opt/airflow/dags/subdags/subdags_downloads.py
[2024-04-15T16:13:39.154+0000] {processor.py:176} INFO - Processing /opt/airflow/dags/subdags/subdags_downloads.py took 0.341 seconds
[2024-04-15T16:20:18.114+0000] {processor.py:154} INFO - Started process (PID=23685) to work on /opt/airflow/dags/subdags/subdags_downloads.py
[2024-04-15T16:20:18.122+0000] {processor.py:756} INFO - Processing file /opt/airflow/dags/subdags/subdags_downloads.py for tasks to queue
[2024-04-15T16:20:18.125+0000] {logging_mixin.py:120} INFO - [2024-04-15T16:20:18.125+0000] {dagbag.py:537} INFO - Filling up the DagBag from /opt/airflow/dags/subdags/subdags_downloads.py
[2024-04-15T16:20:18.144+0000] {processor.py:768} WARNING - No viable dags retrieved from /opt/airflow/dags/subdags/subdags_downloads.py
[2024-04-15T16:20:18.208+0000] {processor.py:176} INFO - Processing /opt/airflow/dags/subdags/subdags_downloads.py took 0.120 seconds
