[2024-04-08T16:08:31.659+0000] {taskinstance.py:1165} INFO - Dependencies all met for <TaskInstance: parallel_dag.transform scheduled__2024-04-06T00:00:00+00:00 [queued]>
[2024-04-08T16:08:31.679+0000] {taskinstance.py:1165} INFO - Dependencies all met for <TaskInstance: parallel_dag.transform scheduled__2024-04-06T00:00:00+00:00 [queued]>
[2024-04-08T16:08:31.680+0000] {taskinstance.py:1362} INFO - 
--------------------------------------------------------------------------------
[2024-04-08T16:08:31.681+0000] {taskinstance.py:1363} INFO - Starting attempt 1 of 1
[2024-04-08T16:08:31.682+0000] {taskinstance.py:1364} INFO - 
--------------------------------------------------------------------------------
[2024-04-08T16:08:31.699+0000] {taskinstance.py:1383} INFO - Executing <Task(BashOperator): transform> on 2024-04-06 00:00:00+00:00
[2024-04-08T16:08:31.708+0000] {standard_task_runner.py:55} INFO - Started process 7183 to run task
[2024-04-08T16:08:31.715+0000] {standard_task_runner.py:82} INFO - Running: ['***', 'tasks', 'run', 'parallel_dag', 'transform', 'scheduled__2024-04-06T00:00:00+00:00', '--job-id', '158', '--raw', '--subdir', 'DAGS_FOLDER/parallel_dag.py', '--cfg-path', '/tmp/tmpe3pdjme9']
[2024-04-08T16:08:31.716+0000] {standard_task_runner.py:83} INFO - Job 158: Subtask transform
[2024-04-08T16:08:31.815+0000] {task_command.py:376} INFO - Running <TaskInstance: parallel_dag.transform scheduled__2024-04-06T00:00:00+00:00 [running]> on host a40666380f7f
[2024-04-08T16:08:31.925+0000] {taskinstance.py:1592} INFO - Exporting the following env vars:
AIRFLOW_CTX_DAG_OWNER=***
AIRFLOW_CTX_DAG_ID=parallel_dag
AIRFLOW_CTX_TASK_ID=transform
AIRFLOW_CTX_EXECUTION_DATE=2024-04-06T00:00:00+00:00
AIRFLOW_CTX_TRY_NUMBER=1
AIRFLOW_CTX_DAG_RUN_ID=scheduled__2024-04-06T00:00:00+00:00
[2024-04-08T16:08:31.928+0000] {subprocess.py:63} INFO - Tmp dir root location: 
 /tmp
[2024-04-08T16:08:31.930+0000] {subprocess.py:75} INFO - Running command: ['/bin/bash', '-c', 'sleep 20']
[2024-04-08T16:08:31.952+0000] {subprocess.py:86} INFO - Output:
[2024-04-08T16:08:51.934+0000] {subprocess.py:97} INFO - Command exited with return code 0
[2024-04-08T16:08:52.008+0000] {taskinstance.py:1406} INFO - Marking task as SUCCESS. dag_id=parallel_dag, task_id=transform, execution_date=20240406T000000, start_date=20240408T160831, end_date=20240408T160852
[2024-04-08T16:08:52.051+0000] {local_task_job.py:164} INFO - Task exited with return code 0
[2024-04-08T16:08:52.081+0000] {local_task_job.py:273} INFO - 0 downstream tasks scheduled from follow-on schedule check
