[2024-03-29T04:20:18.369+0000] {taskinstance.py:1165} INFO - Dependencies all met for <TaskInstance: example_bash_operator.also_run_this scheduled__2024-03-28T00:00:00+00:00 [queued]>
[2024-03-29T04:20:19.086+0000] {taskinstance.py:1165} INFO - Dependencies all met for <TaskInstance: example_bash_operator.also_run_this scheduled__2024-03-28T00:00:00+00:00 [queued]>
[2024-03-29T04:20:19.123+0000] {taskinstance.py:1362} INFO - 
--------------------------------------------------------------------------------
[2024-03-29T04:20:19.136+0000] {taskinstance.py:1363} INFO - Starting attempt 1 of 1
[2024-03-29T04:20:19.147+0000] {taskinstance.py:1364} INFO - 
--------------------------------------------------------------------------------
[2024-03-29T04:20:19.761+0000] {taskinstance.py:1383} INFO - Executing <Task(BashOperator): also_run_this> on 2024-03-28 00:00:00+00:00
[2024-03-29T04:20:19.870+0000] {standard_task_runner.py:55} INFO - Started process 4248 to run task
[2024-03-29T04:20:20.057+0000] {standard_task_runner.py:82} INFO - Running: ['***', 'tasks', 'run', 'example_bash_operator', 'also_run_this', 'scheduled__2024-03-28T00:00:00+00:00', '--job-id', '37', '--raw', '--subdir', '/home/***/.local/lib/python3.7/site-packages/***/example_dags/example_bash_operator.py', '--cfg-path', '/tmp/tmp36k7trqc']
[2024-03-29T04:20:20.107+0000] {standard_task_runner.py:83} INFO - Job 37: Subtask also_run_this
[2024-03-29T04:20:23.421+0000] {task_command.py:376} INFO - Running <TaskInstance: example_bash_operator.also_run_this scheduled__2024-03-28T00:00:00+00:00 [running]> on host 0245ea477832
[2024-03-29T04:20:26.359+0000] {taskinstance.py:1592} INFO - Exporting the following env vars:
AIRFLOW_CTX_DAG_OWNER=***
AIRFLOW_CTX_DAG_ID=example_bash_operator
AIRFLOW_CTX_TASK_ID=also_run_this
AIRFLOW_CTX_EXECUTION_DATE=2024-03-28T00:00:00+00:00
AIRFLOW_CTX_TRY_NUMBER=1
AIRFLOW_CTX_DAG_RUN_ID=scheduled__2024-03-28T00:00:00+00:00
[2024-03-29T04:20:26.380+0000] {subprocess.py:63} INFO - Tmp dir root location: 
 /tmp
[2024-03-29T04:20:26.395+0000] {subprocess.py:75} INFO - Running command: ['/bin/bash', '-c', 'echo "ti_key=example_bash_operator__also_run_this__20240328"']
[2024-03-29T04:20:26.753+0000] {subprocess.py:86} INFO - Output:
[2024-03-29T04:20:26.808+0000] {subprocess.py:93} INFO - ti_key=example_bash_operator__also_run_this__20240328
[2024-03-29T04:20:26.825+0000] {subprocess.py:97} INFO - Command exited with return code 0
[2024-03-29T04:20:27.608+0000] {taskinstance.py:1406} INFO - Marking task as SUCCESS. dag_id=example_bash_operator, task_id=also_run_this, execution_date=20240328T000000, start_date=20240329T042018, end_date=20240329T042027
[2024-03-29T04:20:28.864+0000] {local_task_job.py:164} INFO - Task exited with return code 0
[2024-03-29T04:20:29.437+0000] {local_task_job.py:273} INFO - 0 downstream tasks scheduled from follow-on schedule check
