[2024-04-03T14:10:08.431+0000] {taskinstance.py:1165} INFO - Dependencies all met for <TaskInstance: parallel_dag.load_a scheduled__2024-04-02T00:00:00+00:00 [queued]>
[2024-04-03T14:10:08.477+0000] {taskinstance.py:1165} INFO - Dependencies all met for <TaskInstance: parallel_dag.load_a scheduled__2024-04-02T00:00:00+00:00 [queued]>
[2024-04-03T14:10:08.480+0000] {taskinstance.py:1362} INFO - 
--------------------------------------------------------------------------------
[2024-04-03T14:10:08.481+0000] {taskinstance.py:1363} INFO - Starting attempt 1 of 1
[2024-04-03T14:10:08.483+0000] {taskinstance.py:1364} INFO - 
--------------------------------------------------------------------------------
[2024-04-03T14:10:08.529+0000] {taskinstance.py:1383} INFO - Executing <Task(BashOperator): load_a> on 2024-04-02 00:00:00+00:00
[2024-04-03T14:10:08.544+0000] {standard_task_runner.py:55} INFO - Started process 964 to run task
[2024-04-03T14:10:08.561+0000] {standard_task_runner.py:82} INFO - Running: ['***', 'tasks', 'run', 'parallel_dag', 'load_a', 'scheduled__2024-04-02T00:00:00+00:00', '--job-id', '88', '--raw', '--subdir', 'DAGS_FOLDER/parallel_dag.py', '--cfg-path', '/tmp/tmp0frpt8zk']
[2024-04-03T14:10:08.563+0000] {standard_task_runner.py:83} INFO - Job 88: Subtask load_a
[2024-04-03T14:10:08.752+0000] {task_command.py:376} INFO - Running <TaskInstance: parallel_dag.load_a scheduled__2024-04-02T00:00:00+00:00 [running]> on host a868c0c748e3
[2024-04-03T14:10:09.043+0000] {taskinstance.py:1592} INFO - Exporting the following env vars:
AIRFLOW_CTX_DAG_OWNER=***
AIRFLOW_CTX_DAG_ID=parallel_dag
AIRFLOW_CTX_TASK_ID=load_a
AIRFLOW_CTX_EXECUTION_DATE=2024-04-02T00:00:00+00:00
AIRFLOW_CTX_TRY_NUMBER=1
AIRFLOW_CTX_DAG_RUN_ID=scheduled__2024-04-02T00:00:00+00:00
[2024-04-03T14:10:09.055+0000] {subprocess.py:63} INFO - Tmp dir root location: 
 /tmp
[2024-04-03T14:10:09.057+0000] {subprocess.py:75} INFO - Running command: ['/bin/bash', '-c', 'sleep 1']
[2024-04-03T14:10:09.094+0000] {subprocess.py:86} INFO - Output:
[2024-04-03T14:10:10.109+0000] {subprocess.py:97} INFO - Command exited with return code 0
[2024-04-03T14:10:10.178+0000] {taskinstance.py:1406} INFO - Marking task as SUCCESS. dag_id=parallel_dag, task_id=load_a, execution_date=20240402T000000, start_date=20240403T141008, end_date=20240403T141010
[2024-04-03T14:10:10.271+0000] {local_task_job.py:164} INFO - Task exited with return code 0
[2024-04-03T14:10:10.357+0000] {local_task_job.py:273} INFO - 1 downstream tasks scheduled from follow-on schedule check
