[2024-03-24T08:54:48.204+0000] {taskinstance.py:1165} INFO - Dependencies all met for <TaskInstance: example_bash_operator.also_run_this manual__2024-03-24T08:54:41.613216+00:00 [queued]>
[2024-03-24T08:54:48.503+0000] {taskinstance.py:1165} INFO - Dependencies all met for <TaskInstance: example_bash_operator.also_run_this manual__2024-03-24T08:54:41.613216+00:00 [queued]>
[2024-03-24T08:54:48.506+0000] {taskinstance.py:1362} INFO - 
--------------------------------------------------------------------------------
[2024-03-24T08:54:48.509+0000] {taskinstance.py:1363} INFO - Starting attempt 1 of 1
[2024-03-24T08:54:48.516+0000] {taskinstance.py:1364} INFO - 
--------------------------------------------------------------------------------
[2024-03-24T08:54:48.817+0000] {taskinstance.py:1383} INFO - Executing <Task(BashOperator): also_run_this> on 2024-03-24 08:54:41.613216+00:00
[2024-03-24T08:54:48.829+0000] {standard_task_runner.py:55} INFO - Started process 1109 to run task
[2024-03-24T08:54:48.865+0000] {standard_task_runner.py:82} INFO - Running: ['***', 'tasks', 'run', 'example_bash_operator', 'also_run_this', 'manual__2024-03-24T08:54:41.613216+00:00', '--job-id', '12', '--raw', '--subdir', '/home/***/.local/lib/python3.7/site-packages/***/example_dags/example_bash_operator.py', '--cfg-path', '/tmp/tmpc98wd39c']
[2024-03-24T08:54:48.869+0000] {standard_task_runner.py:83} INFO - Job 12: Subtask also_run_this
[2024-03-24T08:54:49.266+0000] {task_command.py:376} INFO - Running <TaskInstance: example_bash_operator.also_run_this manual__2024-03-24T08:54:41.613216+00:00 [running]> on host 0245ea477832
[2024-03-24T08:54:50.175+0000] {taskinstance.py:1592} INFO - Exporting the following env vars:
AIRFLOW_CTX_DAG_OWNER=***
AIRFLOW_CTX_DAG_ID=example_bash_operator
AIRFLOW_CTX_TASK_ID=also_run_this
AIRFLOW_CTX_EXECUTION_DATE=2024-03-24T08:54:41.613216+00:00
AIRFLOW_CTX_TRY_NUMBER=1
AIRFLOW_CTX_DAG_RUN_ID=manual__2024-03-24T08:54:41.613216+00:00
[2024-03-24T08:54:50.181+0000] {subprocess.py:63} INFO - Tmp dir root location: 
 /tmp
[2024-03-24T08:54:50.186+0000] {subprocess.py:75} INFO - Running command: ['/bin/bash', '-c', 'echo "ti_key=example_bash_operator__also_run_this__20240324"']
[2024-03-24T08:54:50.304+0000] {subprocess.py:86} INFO - Output:
[2024-03-24T08:54:50.328+0000] {subprocess.py:93} INFO - ti_key=example_bash_operator__also_run_this__20240324
[2024-03-24T08:54:50.329+0000] {subprocess.py:97} INFO - Command exited with return code 0
[2024-03-24T08:54:50.700+0000] {taskinstance.py:1406} INFO - Marking task as SUCCESS. dag_id=example_bash_operator, task_id=also_run_this, execution_date=20240324T085441, start_date=20240324T085448, end_date=20240324T085450
[2024-03-24T08:54:51.036+0000] {local_task_job.py:164} INFO - Task exited with return code 0
[2024-03-24T08:54:51.204+0000] {local_task_job.py:273} INFO - 0 downstream tasks scheduled from follow-on schedule check
