[2024-03-29T04:20:33.750+0000] {taskinstance.py:1165} INFO - Dependencies all met for <TaskInstance: example_bash_operator.run_after_loop scheduled__2024-03-28T00:00:00+00:00 [queued]>
[2024-03-29T04:20:33.972+0000] {taskinstance.py:1165} INFO - Dependencies all met for <TaskInstance: example_bash_operator.run_after_loop scheduled__2024-03-28T00:00:00+00:00 [queued]>
[2024-03-29T04:20:33.979+0000] {taskinstance.py:1362} INFO - 
--------------------------------------------------------------------------------
[2024-03-29T04:20:33.983+0000] {taskinstance.py:1363} INFO - Starting attempt 1 of 1
[2024-03-29T04:20:33.994+0000] {taskinstance.py:1364} INFO - 
--------------------------------------------------------------------------------
[2024-03-29T04:20:34.472+0000] {taskinstance.py:1383} INFO - Executing <Task(BashOperator): run_after_loop> on 2024-03-28 00:00:00+00:00
[2024-03-29T04:20:34.578+0000] {standard_task_runner.py:55} INFO - Started process 4252 to run task
[2024-03-29T04:20:34.721+0000] {standard_task_runner.py:82} INFO - Running: ['***', 'tasks', 'run', 'example_bash_operator', 'run_after_loop', 'scheduled__2024-03-28T00:00:00+00:00', '--job-id', '39', '--raw', '--subdir', '/home/***/.local/lib/python3.7/site-packages/***/example_dags/example_bash_operator.py', '--cfg-path', '/tmp/tmpahkjrv12']
[2024-03-29T04:20:34.736+0000] {standard_task_runner.py:83} INFO - Job 39: Subtask run_after_loop
[2024-03-29T04:20:35.575+0000] {task_command.py:376} INFO - Running <TaskInstance: example_bash_operator.run_after_loop scheduled__2024-03-28T00:00:00+00:00 [running]> on host 0245ea477832
[2024-03-29T04:20:36.551+0000] {taskinstance.py:1592} INFO - Exporting the following env vars:
AIRFLOW_CTX_DAG_OWNER=***
AIRFLOW_CTX_DAG_ID=example_bash_operator
AIRFLOW_CTX_TASK_ID=run_after_loop
AIRFLOW_CTX_EXECUTION_DATE=2024-03-28T00:00:00+00:00
AIRFLOW_CTX_TRY_NUMBER=1
AIRFLOW_CTX_DAG_RUN_ID=scheduled__2024-03-28T00:00:00+00:00
[2024-03-29T04:20:36.558+0000] {subprocess.py:63} INFO - Tmp dir root location: 
 /tmp
[2024-03-29T04:20:36.566+0000] {subprocess.py:75} INFO - Running command: ['/bin/bash', '-c', 'echo 1']
[2024-03-29T04:20:36.854+0000] {subprocess.py:86} INFO - Output:
[2024-03-29T04:20:36.876+0000] {subprocess.py:93} INFO - 1
[2024-03-29T04:20:36.886+0000] {subprocess.py:97} INFO - Command exited with return code 0
[2024-03-29T04:20:37.235+0000] {taskinstance.py:1406} INFO - Marking task as SUCCESS. dag_id=example_bash_operator, task_id=run_after_loop, execution_date=20240328T000000, start_date=20240329T042033, end_date=20240329T042037
[2024-03-29T04:20:37.518+0000] {local_task_job.py:164} INFO - Task exited with return code 0
[2024-03-29T04:20:38.332+0000] {local_task_job.py:273} INFO - 0 downstream tasks scheduled from follow-on schedule check
