[2024-04-16T04:14:33.623+0000] {processor.py:154} INFO - Started process (PID=23760) to work on /opt/airflow/dags/subdags/subdags_downloads.py
[2024-04-16T04:14:33.730+0000] {processor.py:756} INFO - Processing file /opt/airflow/dags/subdags/subdags_downloads.py for tasks to queue
[2024-04-16T04:14:33.785+0000] {logging_mixin.py:120} INFO - [2024-04-16T04:14:33.779+0000] {dagbag.py:537} INFO - Filling up the DagBag from /opt/airflow/dags/subdags/subdags_downloads.py
[2024-04-16T04:14:34.165+0000] {processor.py:768} WARNING - No viable dags retrieved from /opt/airflow/dags/subdags/subdags_downloads.py
[2024-04-16T04:14:34.738+0000] {processor.py:176} INFO - Processing /opt/airflow/dags/subdags/subdags_downloads.py took 1.585 seconds
[2024-04-16T10:10:38.142+0000] {processor.py:154} INFO - Started process (PID=23925) to work on /opt/airflow/dags/subdags/subdags_downloads.py
[2024-04-16T10:10:38.259+0000] {processor.py:756} INFO - Processing file /opt/airflow/dags/subdags/subdags_downloads.py for tasks to queue
[2024-04-16T10:10:38.393+0000] {logging_mixin.py:120} INFO - [2024-04-16T10:10:38.354+0000] {dagbag.py:537} INFO - Filling up the DagBag from /opt/airflow/dags/subdags/subdags_downloads.py
[2024-04-16T10:10:39.236+0000] {processor.py:768} WARNING - No viable dags retrieved from /opt/airflow/dags/subdags/subdags_downloads.py
[2024-04-16T10:10:40.247+0000] {processor.py:176} INFO - Processing /opt/airflow/dags/subdags/subdags_downloads.py took 2.674 seconds
[2024-04-16T10:22:57.255+0000] {processor.py:154} INFO - Started process (PID=46) to work on /opt/airflow/dags/subdags/subdags_downloads.py
[2024-04-16T10:22:57.267+0000] {processor.py:756} INFO - Processing file /opt/airflow/dags/subdags/subdags_downloads.py for tasks to queue
[2024-04-16T10:22:57.270+0000] {logging_mixin.py:120} INFO - [2024-04-16T10:22:57.269+0000] {dagbag.py:537} INFO - Filling up the DagBag from /opt/airflow/dags/subdags/subdags_downloads.py
[2024-04-16T10:22:57.290+0000] {processor.py:768} WARNING - No viable dags retrieved from /opt/airflow/dags/subdags/subdags_downloads.py
[2024-04-16T10:22:57.422+0000] {processor.py:176} INFO - Processing /opt/airflow/dags/subdags/subdags_downloads.py took 0.189 seconds
[2024-04-16T10:23:30.529+0000] {processor.py:154} INFO - Started process (PID=114) to work on /opt/airflow/dags/subdags/subdags_downloads.py
[2024-04-16T10:23:30.537+0000] {processor.py:756} INFO - Processing file /opt/airflow/dags/subdags/subdags_downloads.py for tasks to queue
[2024-04-16T10:23:30.541+0000] {logging_mixin.py:120} INFO - [2024-04-16T10:23:30.541+0000] {dagbag.py:537} INFO - Filling up the DagBag from /opt/airflow/dags/subdags/subdags_downloads.py
[2024-04-16T10:23:30.631+0000] {processor.py:768} WARNING - No viable dags retrieved from /opt/airflow/dags/subdags/subdags_downloads.py
[2024-04-16T10:23:30.759+0000] {processor.py:176} INFO - Processing /opt/airflow/dags/subdags/subdags_downloads.py took 0.269 seconds
[2024-04-16T10:24:04.883+0000] {processor.py:154} INFO - Started process (PID=172) to work on /opt/airflow/dags/subdags/subdags_downloads.py
[2024-04-16T10:24:04.886+0000] {processor.py:756} INFO - Processing file /opt/airflow/dags/subdags/subdags_downloads.py for tasks to queue
[2024-04-16T10:24:04.888+0000] {logging_mixin.py:120} INFO - [2024-04-16T10:24:04.888+0000] {dagbag.py:537} INFO - Filling up the DagBag from /opt/airflow/dags/subdags/subdags_downloads.py
[2024-04-16T10:24:04.906+0000] {processor.py:768} WARNING - No viable dags retrieved from /opt/airflow/dags/subdags/subdags_downloads.py
[2024-04-16T10:24:04.950+0000] {processor.py:176} INFO - Processing /opt/airflow/dags/subdags/subdags_downloads.py took 0.074 seconds
[2024-04-16T10:24:55.050+0000] {processor.py:154} INFO - Started process (PID=249) to work on /opt/airflow/dags/subdags/subdags_downloads.py
[2024-04-16T10:24:55.052+0000] {processor.py:756} INFO - Processing file /opt/airflow/dags/subdags/subdags_downloads.py for tasks to queue
[2024-04-16T10:24:55.054+0000] {logging_mixin.py:120} INFO - [2024-04-16T10:24:55.054+0000] {dagbag.py:537} INFO - Filling up the DagBag from /opt/airflow/dags/subdags/subdags_downloads.py
[2024-04-16T10:24:55.069+0000] {processor.py:768} WARNING - No viable dags retrieved from /opt/airflow/dags/subdags/subdags_downloads.py
[2024-04-16T10:24:55.096+0000] {processor.py:176} INFO - Processing /opt/airflow/dags/subdags/subdags_downloads.py took 0.053 seconds
[2024-04-16T10:25:25.855+0000] {processor.py:154} INFO - Started process (PID=324) to work on /opt/airflow/dags/subdags/subdags_downloads.py
[2024-04-16T10:25:25.857+0000] {processor.py:756} INFO - Processing file /opt/airflow/dags/subdags/subdags_downloads.py for tasks to queue
[2024-04-16T10:25:25.859+0000] {logging_mixin.py:120} INFO - [2024-04-16T10:25:25.859+0000] {dagbag.py:537} INFO - Filling up the DagBag from /opt/airflow/dags/subdags/subdags_downloads.py
[2024-04-16T10:25:25.873+0000] {processor.py:768} WARNING - No viable dags retrieved from /opt/airflow/dags/subdags/subdags_downloads.py
[2024-04-16T10:25:25.897+0000] {processor.py:176} INFO - Processing /opt/airflow/dags/subdags/subdags_downloads.py took 0.049 seconds
[2024-04-16T10:26:01.563+0000] {processor.py:154} INFO - Started process (PID=399) to work on /opt/airflow/dags/subdags/subdags_downloads.py
[2024-04-16T10:26:01.574+0000] {processor.py:756} INFO - Processing file /opt/airflow/dags/subdags/subdags_downloads.py for tasks to queue
[2024-04-16T10:26:01.582+0000] {logging_mixin.py:120} INFO - [2024-04-16T10:26:01.580+0000] {dagbag.py:537} INFO - Filling up the DagBag from /opt/airflow/dags/subdags/subdags_downloads.py
[2024-04-16T10:26:01.637+0000] {processor.py:768} WARNING - No viable dags retrieved from /opt/airflow/dags/subdags/subdags_downloads.py
[2024-04-16T10:26:01.747+0000] {processor.py:176} INFO - Processing /opt/airflow/dags/subdags/subdags_downloads.py took 0.207 seconds
[2024-04-16T10:26:32.181+0000] {processor.py:154} INFO - Started process (PID=459) to work on /opt/airflow/dags/subdags/subdags_downloads.py
[2024-04-16T10:26:32.183+0000] {processor.py:756} INFO - Processing file /opt/airflow/dags/subdags/subdags_downloads.py for tasks to queue
[2024-04-16T10:26:32.185+0000] {logging_mixin.py:120} INFO - [2024-04-16T10:26:32.185+0000] {dagbag.py:537} INFO - Filling up the DagBag from /opt/airflow/dags/subdags/subdags_downloads.py
[2024-04-16T10:26:32.198+0000] {processor.py:768} WARNING - No viable dags retrieved from /opt/airflow/dags/subdags/subdags_downloads.py
[2024-04-16T10:26:32.226+0000] {processor.py:176} INFO - Processing /opt/airflow/dags/subdags/subdags_downloads.py took 0.054 seconds
[2024-04-16T10:27:04.747+0000] {processor.py:154} INFO - Started process (PID=524) to work on /opt/airflow/dags/subdags/subdags_downloads.py
[2024-04-16T10:27:04.749+0000] {processor.py:756} INFO - Processing file /opt/airflow/dags/subdags/subdags_downloads.py for tasks to queue
[2024-04-16T10:27:04.750+0000] {logging_mixin.py:120} INFO - [2024-04-16T10:27:04.750+0000] {dagbag.py:537} INFO - Filling up the DagBag from /opt/airflow/dags/subdags/subdags_downloads.py
[2024-04-16T10:27:04.761+0000] {processor.py:768} WARNING - No viable dags retrieved from /opt/airflow/dags/subdags/subdags_downloads.py
[2024-04-16T10:27:04.785+0000] {processor.py:176} INFO - Processing /opt/airflow/dags/subdags/subdags_downloads.py took 0.045 seconds
[2024-04-16T10:27:35.500+0000] {processor.py:154} INFO - Started process (PID=598) to work on /opt/airflow/dags/subdags/subdags_downloads.py
[2024-04-16T10:27:35.503+0000] {processor.py:756} INFO - Processing file /opt/airflow/dags/subdags/subdags_downloads.py for tasks to queue
[2024-04-16T10:27:35.505+0000] {logging_mixin.py:120} INFO - [2024-04-16T10:27:35.505+0000] {dagbag.py:537} INFO - Filling up the DagBag from /opt/airflow/dags/subdags/subdags_downloads.py
[2024-04-16T10:27:35.518+0000] {processor.py:768} WARNING - No viable dags retrieved from /opt/airflow/dags/subdags/subdags_downloads.py
[2024-04-16T10:27:35.545+0000] {processor.py:176} INFO - Processing /opt/airflow/dags/subdags/subdags_downloads.py took 0.054 seconds
[2024-04-16T10:28:07.226+0000] {processor.py:154} INFO - Started process (PID=661) to work on /opt/airflow/dags/subdags/subdags_downloads.py
[2024-04-16T10:28:07.252+0000] {processor.py:756} INFO - Processing file /opt/airflow/dags/subdags/subdags_downloads.py for tasks to queue
[2024-04-16T10:28:07.256+0000] {logging_mixin.py:120} INFO - [2024-04-16T10:28:07.256+0000] {dagbag.py:537} INFO - Filling up the DagBag from /opt/airflow/dags/subdags/subdags_downloads.py
[2024-04-16T10:28:07.277+0000] {processor.py:768} WARNING - No viable dags retrieved from /opt/airflow/dags/subdags/subdags_downloads.py
[2024-04-16T10:28:07.321+0000] {processor.py:176} INFO - Processing /opt/airflow/dags/subdags/subdags_downloads.py took 0.105 seconds
[2024-04-16T13:04:11.610+0000] {processor.py:154} INFO - Started process (PID=711) to work on /opt/airflow/dags/subdags/subdags_downloads.py
[2024-04-16T13:04:11.613+0000] {processor.py:756} INFO - Processing file /opt/airflow/dags/subdags/subdags_downloads.py for tasks to queue
[2024-04-16T13:04:11.616+0000] {logging_mixin.py:120} INFO - [2024-04-16T13:04:11.615+0000] {dagbag.py:537} INFO - Filling up the DagBag from /opt/airflow/dags/subdags/subdags_downloads.py
[2024-04-16T13:04:11.631+0000] {processor.py:768} WARNING - No viable dags retrieved from /opt/airflow/dags/subdags/subdags_downloads.py
[2024-04-16T13:04:11.663+0000] {processor.py:176} INFO - Processing /opt/airflow/dags/subdags/subdags_downloads.py took 0.061 seconds
[2024-04-16T13:04:42.320+0000] {processor.py:154} INFO - Started process (PID=774) to work on /opt/airflow/dags/subdags/subdags_downloads.py
[2024-04-16T13:04:42.324+0000] {processor.py:756} INFO - Processing file /opt/airflow/dags/subdags/subdags_downloads.py for tasks to queue
[2024-04-16T13:04:42.328+0000] {logging_mixin.py:120} INFO - [2024-04-16T13:04:42.327+0000] {dagbag.py:537} INFO - Filling up the DagBag from /opt/airflow/dags/subdags/subdags_downloads.py
[2024-04-16T13:04:42.350+0000] {processor.py:768} WARNING - No viable dags retrieved from /opt/airflow/dags/subdags/subdags_downloads.py
[2024-04-16T13:04:42.392+0000] {processor.py:176} INFO - Processing /opt/airflow/dags/subdags/subdags_downloads.py took 0.083 seconds
[2024-04-16T13:05:12.614+0000] {processor.py:154} INFO - Started process (PID=852) to work on /opt/airflow/dags/subdags/subdags_downloads.py
[2024-04-16T13:05:12.616+0000] {processor.py:756} INFO - Processing file /opt/airflow/dags/subdags/subdags_downloads.py for tasks to queue
[2024-04-16T13:05:12.618+0000] {logging_mixin.py:120} INFO - [2024-04-16T13:05:12.618+0000] {dagbag.py:537} INFO - Filling up the DagBag from /opt/airflow/dags/subdags/subdags_downloads.py
[2024-04-16T13:05:12.631+0000] {processor.py:768} WARNING - No viable dags retrieved from /opt/airflow/dags/subdags/subdags_downloads.py
[2024-04-16T13:05:12.658+0000] {processor.py:176} INFO - Processing /opt/airflow/dags/subdags/subdags_downloads.py took 0.051 seconds
[2024-04-16T13:05:43.136+0000] {processor.py:154} INFO - Started process (PID=921) to work on /opt/airflow/dags/subdags/subdags_downloads.py
[2024-04-16T13:05:43.139+0000] {processor.py:756} INFO - Processing file /opt/airflow/dags/subdags/subdags_downloads.py for tasks to queue
[2024-04-16T13:05:43.141+0000] {logging_mixin.py:120} INFO - [2024-04-16T13:05:43.141+0000] {dagbag.py:537} INFO - Filling up the DagBag from /opt/airflow/dags/subdags/subdags_downloads.py
[2024-04-16T13:05:43.161+0000] {processor.py:768} WARNING - No viable dags retrieved from /opt/airflow/dags/subdags/subdags_downloads.py
[2024-04-16T13:05:43.209+0000] {processor.py:176} INFO - Processing /opt/airflow/dags/subdags/subdags_downloads.py took 0.081 seconds
[2024-04-16T13:06:13.651+0000] {processor.py:154} INFO - Started process (PID=1000) to work on /opt/airflow/dags/subdags/subdags_downloads.py
[2024-04-16T13:06:13.654+0000] {processor.py:756} INFO - Processing file /opt/airflow/dags/subdags/subdags_downloads.py for tasks to queue
[2024-04-16T13:06:13.655+0000] {logging_mixin.py:120} INFO - [2024-04-16T13:06:13.655+0000] {dagbag.py:537} INFO - Filling up the DagBag from /opt/airflow/dags/subdags/subdags_downloads.py
[2024-04-16T13:06:13.679+0000] {processor.py:768} WARNING - No viable dags retrieved from /opt/airflow/dags/subdags/subdags_downloads.py
[2024-04-16T13:06:13.707+0000] {processor.py:176} INFO - Processing /opt/airflow/dags/subdags/subdags_downloads.py took 0.063 seconds
[2024-04-16T13:06:44.223+0000] {processor.py:154} INFO - Started process (PID=1068) to work on /opt/airflow/dags/subdags/subdags_downloads.py
[2024-04-16T13:06:44.226+0000] {processor.py:756} INFO - Processing file /opt/airflow/dags/subdags/subdags_downloads.py for tasks to queue
[2024-04-16T13:06:44.229+0000] {logging_mixin.py:120} INFO - [2024-04-16T13:06:44.229+0000] {dagbag.py:537} INFO - Filling up the DagBag from /opt/airflow/dags/subdags/subdags_downloads.py
[2024-04-16T13:06:44.252+0000] {processor.py:768} WARNING - No viable dags retrieved from /opt/airflow/dags/subdags/subdags_downloads.py
[2024-04-16T13:06:44.313+0000] {processor.py:176} INFO - Processing /opt/airflow/dags/subdags/subdags_downloads.py took 0.107 seconds
[2024-04-16T13:07:14.585+0000] {processor.py:154} INFO - Started process (PID=1137) to work on /opt/airflow/dags/subdags/subdags_downloads.py
[2024-04-16T13:07:14.588+0000] {processor.py:756} INFO - Processing file /opt/airflow/dags/subdags/subdags_downloads.py for tasks to queue
[2024-04-16T13:07:14.590+0000] {logging_mixin.py:120} INFO - [2024-04-16T13:07:14.590+0000] {dagbag.py:537} INFO - Filling up the DagBag from /opt/airflow/dags/subdags/subdags_downloads.py
[2024-04-16T13:07:14.605+0000] {processor.py:768} WARNING - No viable dags retrieved from /opt/airflow/dags/subdags/subdags_downloads.py
[2024-04-16T13:07:14.631+0000] {processor.py:176} INFO - Processing /opt/airflow/dags/subdags/subdags_downloads.py took 0.054 seconds
[2024-04-16T13:07:45.352+0000] {processor.py:154} INFO - Started process (PID=1214) to work on /opt/airflow/dags/subdags/subdags_downloads.py
[2024-04-16T13:07:45.354+0000] {processor.py:756} INFO - Processing file /opt/airflow/dags/subdags/subdags_downloads.py for tasks to queue
[2024-04-16T13:07:45.356+0000] {logging_mixin.py:120} INFO - [2024-04-16T13:07:45.356+0000] {dagbag.py:537} INFO - Filling up the DagBag from /opt/airflow/dags/subdags/subdags_downloads.py
[2024-04-16T13:07:45.379+0000] {processor.py:768} WARNING - No viable dags retrieved from /opt/airflow/dags/subdags/subdags_downloads.py
[2024-04-16T13:07:45.428+0000] {processor.py:176} INFO - Processing /opt/airflow/dags/subdags/subdags_downloads.py took 0.084 seconds
[2024-04-16T13:08:16.467+0000] {processor.py:154} INFO - Started process (PID=1283) to work on /opt/airflow/dags/subdags/subdags_downloads.py
[2024-04-16T13:08:16.470+0000] {processor.py:756} INFO - Processing file /opt/airflow/dags/subdags/subdags_downloads.py for tasks to queue
[2024-04-16T13:08:16.472+0000] {logging_mixin.py:120} INFO - [2024-04-16T13:08:16.472+0000] {dagbag.py:537} INFO - Filling up the DagBag from /opt/airflow/dags/subdags/subdags_downloads.py
[2024-04-16T13:08:16.485+0000] {processor.py:768} WARNING - No viable dags retrieved from /opt/airflow/dags/subdags/subdags_downloads.py
[2024-04-16T13:08:16.529+0000] {processor.py:176} INFO - Processing /opt/airflow/dags/subdags/subdags_downloads.py took 0.069 seconds
[2024-04-16T13:08:46.658+0000] {processor.py:154} INFO - Started process (PID=1360) to work on /opt/airflow/dags/subdags/subdags_downloads.py
[2024-04-16T13:08:46.661+0000] {processor.py:756} INFO - Processing file /opt/airflow/dags/subdags/subdags_downloads.py for tasks to queue
[2024-04-16T13:08:46.664+0000] {logging_mixin.py:120} INFO - [2024-04-16T13:08:46.663+0000] {dagbag.py:537} INFO - Filling up the DagBag from /opt/airflow/dags/subdags/subdags_downloads.py
[2024-04-16T13:08:46.685+0000] {processor.py:768} WARNING - No viable dags retrieved from /opt/airflow/dags/subdags/subdags_downloads.py
[2024-04-16T13:08:46.727+0000] {processor.py:176} INFO - Processing /opt/airflow/dags/subdags/subdags_downloads.py took 0.086 seconds
[2024-04-16T13:09:16.967+0000] {processor.py:154} INFO - Started process (PID=1430) to work on /opt/airflow/dags/subdags/subdags_downloads.py
[2024-04-16T13:09:16.970+0000] {processor.py:756} INFO - Processing file /opt/airflow/dags/subdags/subdags_downloads.py for tasks to queue
[2024-04-16T13:09:16.972+0000] {logging_mixin.py:120} INFO - [2024-04-16T13:09:16.972+0000] {dagbag.py:537} INFO - Filling up the DagBag from /opt/airflow/dags/subdags/subdags_downloads.py
[2024-04-16T13:09:16.986+0000] {processor.py:768} WARNING - No viable dags retrieved from /opt/airflow/dags/subdags/subdags_downloads.py
[2024-04-16T13:09:17.025+0000] {processor.py:176} INFO - Processing /opt/airflow/dags/subdags/subdags_downloads.py took 0.068 seconds
[2024-04-16T13:09:48.203+0000] {processor.py:154} INFO - Started process (PID=1502) to work on /opt/airflow/dags/subdags/subdags_downloads.py
[2024-04-16T13:09:48.205+0000] {processor.py:756} INFO - Processing file /opt/airflow/dags/subdags/subdags_downloads.py for tasks to queue
[2024-04-16T13:09:48.207+0000] {logging_mixin.py:120} INFO - [2024-04-16T13:09:48.207+0000] {dagbag.py:537} INFO - Filling up the DagBag from /opt/airflow/dags/subdags/subdags_downloads.py
[2024-04-16T13:09:48.220+0000] {processor.py:768} WARNING - No viable dags retrieved from /opt/airflow/dags/subdags/subdags_downloads.py
[2024-04-16T13:09:48.250+0000] {processor.py:176} INFO - Processing /opt/airflow/dags/subdags/subdags_downloads.py took 0.055 seconds
[2024-04-16T13:10:18.671+0000] {processor.py:154} INFO - Started process (PID=1580) to work on /opt/airflow/dags/subdags/subdags_downloads.py
[2024-04-16T13:10:18.673+0000] {processor.py:756} INFO - Processing file /opt/airflow/dags/subdags/subdags_downloads.py for tasks to queue
[2024-04-16T13:10:18.675+0000] {logging_mixin.py:120} INFO - [2024-04-16T13:10:18.675+0000] {dagbag.py:537} INFO - Filling up the DagBag from /opt/airflow/dags/subdags/subdags_downloads.py
[2024-04-16T13:10:18.686+0000] {processor.py:768} WARNING - No viable dags retrieved from /opt/airflow/dags/subdags/subdags_downloads.py
[2024-04-16T13:10:18.714+0000] {processor.py:176} INFO - Processing /opt/airflow/dags/subdags/subdags_downloads.py took 0.048 seconds
[2024-04-16T13:10:48.922+0000] {processor.py:154} INFO - Started process (PID=1649) to work on /opt/airflow/dags/subdags/subdags_downloads.py
[2024-04-16T13:10:48.924+0000] {processor.py:756} INFO - Processing file /opt/airflow/dags/subdags/subdags_downloads.py for tasks to queue
[2024-04-16T13:10:48.926+0000] {logging_mixin.py:120} INFO - [2024-04-16T13:10:48.926+0000] {dagbag.py:537} INFO - Filling up the DagBag from /opt/airflow/dags/subdags/subdags_downloads.py
[2024-04-16T13:10:48.939+0000] {processor.py:768} WARNING - No viable dags retrieved from /opt/airflow/dags/subdags/subdags_downloads.py
[2024-04-16T13:10:48.967+0000] {processor.py:176} INFO - Processing /opt/airflow/dags/subdags/subdags_downloads.py took 0.053 seconds
[2024-04-16T13:11:19.910+0000] {processor.py:154} INFO - Started process (PID=1726) to work on /opt/airflow/dags/subdags/subdags_downloads.py
[2024-04-16T13:11:19.912+0000] {processor.py:756} INFO - Processing file /opt/airflow/dags/subdags/subdags_downloads.py for tasks to queue
[2024-04-16T13:11:19.914+0000] {logging_mixin.py:120} INFO - [2024-04-16T13:11:19.914+0000] {dagbag.py:537} INFO - Filling up the DagBag from /opt/airflow/dags/subdags/subdags_downloads.py
[2024-04-16T13:11:19.926+0000] {processor.py:768} WARNING - No viable dags retrieved from /opt/airflow/dags/subdags/subdags_downloads.py
[2024-04-16T13:11:19.951+0000] {processor.py:176} INFO - Processing /opt/airflow/dags/subdags/subdags_downloads.py took 0.047 seconds
[2024-04-16T13:11:50.180+0000] {processor.py:154} INFO - Started process (PID=1794) to work on /opt/airflow/dags/subdags/subdags_downloads.py
[2024-04-16T13:11:50.183+0000] {processor.py:756} INFO - Processing file /opt/airflow/dags/subdags/subdags_downloads.py for tasks to queue
[2024-04-16T13:11:50.185+0000] {logging_mixin.py:120} INFO - [2024-04-16T13:11:50.184+0000] {dagbag.py:537} INFO - Filling up the DagBag from /opt/airflow/dags/subdags/subdags_downloads.py
[2024-04-16T13:11:50.196+0000] {processor.py:768} WARNING - No viable dags retrieved from /opt/airflow/dags/subdags/subdags_downloads.py
[2024-04-16T13:11:50.220+0000] {processor.py:176} INFO - Processing /opt/airflow/dags/subdags/subdags_downloads.py took 0.057 seconds
[2024-04-16T13:12:20.914+0000] {processor.py:154} INFO - Started process (PID=1862) to work on /opt/airflow/dags/subdags/subdags_downloads.py
[2024-04-16T13:12:20.928+0000] {processor.py:756} INFO - Processing file /opt/airflow/dags/subdags/subdags_downloads.py for tasks to queue
[2024-04-16T13:12:20.931+0000] {logging_mixin.py:120} INFO - [2024-04-16T13:12:20.931+0000] {dagbag.py:537} INFO - Filling up the DagBag from /opt/airflow/dags/subdags/subdags_downloads.py
[2024-04-16T13:12:20.988+0000] {processor.py:768} WARNING - No viable dags retrieved from /opt/airflow/dags/subdags/subdags_downloads.py
[2024-04-16T13:12:21.062+0000] {processor.py:176} INFO - Processing /opt/airflow/dags/subdags/subdags_downloads.py took 0.169 seconds
[2024-04-16T13:12:51.849+0000] {processor.py:154} INFO - Started process (PID=1940) to work on /opt/airflow/dags/subdags/subdags_downloads.py
[2024-04-16T13:12:51.851+0000] {processor.py:756} INFO - Processing file /opt/airflow/dags/subdags/subdags_downloads.py for tasks to queue
[2024-04-16T13:12:51.853+0000] {logging_mixin.py:120} INFO - [2024-04-16T13:12:51.853+0000] {dagbag.py:537} INFO - Filling up the DagBag from /opt/airflow/dags/subdags/subdags_downloads.py
[2024-04-16T13:12:51.866+0000] {processor.py:768} WARNING - No viable dags retrieved from /opt/airflow/dags/subdags/subdags_downloads.py
[2024-04-16T13:12:51.888+0000] {processor.py:176} INFO - Processing /opt/airflow/dags/subdags/subdags_downloads.py took 0.045 seconds
[2024-04-16T13:13:22.817+0000] {processor.py:154} INFO - Started process (PID=2009) to work on /opt/airflow/dags/subdags/subdags_downloads.py
[2024-04-16T13:13:22.819+0000] {processor.py:756} INFO - Processing file /opt/airflow/dags/subdags/subdags_downloads.py for tasks to queue
[2024-04-16T13:13:22.821+0000] {logging_mixin.py:120} INFO - [2024-04-16T13:13:22.821+0000] {dagbag.py:537} INFO - Filling up the DagBag from /opt/airflow/dags/subdags/subdags_downloads.py
[2024-04-16T13:13:22.833+0000] {processor.py:768} WARNING - No viable dags retrieved from /opt/airflow/dags/subdags/subdags_downloads.py
[2024-04-16T13:13:22.861+0000] {processor.py:176} INFO - Processing /opt/airflow/dags/subdags/subdags_downloads.py took 0.050 seconds
[2024-04-16T13:13:53.566+0000] {processor.py:154} INFO - Started process (PID=2086) to work on /opt/airflow/dags/subdags/subdags_downloads.py
[2024-04-16T13:13:53.569+0000] {processor.py:756} INFO - Processing file /opt/airflow/dags/subdags/subdags_downloads.py for tasks to queue
[2024-04-16T13:13:53.573+0000] {logging_mixin.py:120} INFO - [2024-04-16T13:13:53.572+0000] {dagbag.py:537} INFO - Filling up the DagBag from /opt/airflow/dags/subdags/subdags_downloads.py
[2024-04-16T13:13:53.590+0000] {processor.py:768} WARNING - No viable dags retrieved from /opt/airflow/dags/subdags/subdags_downloads.py
[2024-04-16T13:13:53.622+0000] {processor.py:176} INFO - Processing /opt/airflow/dags/subdags/subdags_downloads.py took 0.064 seconds
[2024-04-16T13:14:24.450+0000] {processor.py:154} INFO - Started process (PID=2154) to work on /opt/airflow/dags/subdags/subdags_downloads.py
[2024-04-16T13:14:24.453+0000] {processor.py:756} INFO - Processing file /opt/airflow/dags/subdags/subdags_downloads.py for tasks to queue
[2024-04-16T13:14:24.456+0000] {logging_mixin.py:120} INFO - [2024-04-16T13:14:24.456+0000] {dagbag.py:537} INFO - Filling up the DagBag from /opt/airflow/dags/subdags/subdags_downloads.py
[2024-04-16T13:14:24.468+0000] {processor.py:768} WARNING - No viable dags retrieved from /opt/airflow/dags/subdags/subdags_downloads.py
[2024-04-16T13:14:24.494+0000] {processor.py:176} INFO - Processing /opt/airflow/dags/subdags/subdags_downloads.py took 0.057 seconds
[2024-04-16T13:14:54.598+0000] {processor.py:154} INFO - Started process (PID=2228) to work on /opt/airflow/dags/subdags/subdags_downloads.py
[2024-04-16T13:14:54.601+0000] {processor.py:756} INFO - Processing file /opt/airflow/dags/subdags/subdags_downloads.py for tasks to queue
[2024-04-16T13:14:54.603+0000] {logging_mixin.py:120} INFO - [2024-04-16T13:14:54.603+0000] {dagbag.py:537} INFO - Filling up the DagBag from /opt/airflow/dags/subdags/subdags_downloads.py
[2024-04-16T13:14:54.619+0000] {processor.py:768} WARNING - No viable dags retrieved from /opt/airflow/dags/subdags/subdags_downloads.py
[2024-04-16T13:14:54.643+0000] {processor.py:176} INFO - Processing /opt/airflow/dags/subdags/subdags_downloads.py took 0.054 seconds
[2024-04-16T13:15:24.961+0000] {processor.py:154} INFO - Started process (PID=2306) to work on /opt/airflow/dags/subdags/subdags_downloads.py
[2024-04-16T13:15:24.963+0000] {processor.py:756} INFO - Processing file /opt/airflow/dags/subdags/subdags_downloads.py for tasks to queue
[2024-04-16T13:15:24.964+0000] {logging_mixin.py:120} INFO - [2024-04-16T13:15:24.964+0000] {dagbag.py:537} INFO - Filling up the DagBag from /opt/airflow/dags/subdags/subdags_downloads.py
[2024-04-16T13:15:24.977+0000] {processor.py:768} WARNING - No viable dags retrieved from /opt/airflow/dags/subdags/subdags_downloads.py
[2024-04-16T13:15:25.003+0000] {processor.py:176} INFO - Processing /opt/airflow/dags/subdags/subdags_downloads.py took 0.048 seconds
[2024-04-16T13:15:55.226+0000] {processor.py:154} INFO - Started process (PID=2373) to work on /opt/airflow/dags/subdags/subdags_downloads.py
[2024-04-16T13:15:55.228+0000] {processor.py:756} INFO - Processing file /opt/airflow/dags/subdags/subdags_downloads.py for tasks to queue
[2024-04-16T13:15:55.230+0000] {logging_mixin.py:120} INFO - [2024-04-16T13:15:55.230+0000] {dagbag.py:537} INFO - Filling up the DagBag from /opt/airflow/dags/subdags/subdags_downloads.py
[2024-04-16T13:15:55.242+0000] {processor.py:768} WARNING - No viable dags retrieved from /opt/airflow/dags/subdags/subdags_downloads.py
[2024-04-16T13:15:55.281+0000] {processor.py:176} INFO - Processing /opt/airflow/dags/subdags/subdags_downloads.py took 0.061 seconds
[2024-04-16T13:16:25.620+0000] {processor.py:154} INFO - Started process (PID=2451) to work on /opt/airflow/dags/subdags/subdags_downloads.py
[2024-04-16T13:16:25.622+0000] {processor.py:756} INFO - Processing file /opt/airflow/dags/subdags/subdags_downloads.py for tasks to queue
[2024-04-16T13:16:25.624+0000] {logging_mixin.py:120} INFO - [2024-04-16T13:16:25.623+0000] {dagbag.py:537} INFO - Filling up the DagBag from /opt/airflow/dags/subdags/subdags_downloads.py
[2024-04-16T13:16:25.636+0000] {processor.py:768} WARNING - No viable dags retrieved from /opt/airflow/dags/subdags/subdags_downloads.py
[2024-04-16T13:16:25.662+0000] {processor.py:176} INFO - Processing /opt/airflow/dags/subdags/subdags_downloads.py took 0.047 seconds
[2024-04-16T13:16:56.623+0000] {processor.py:154} INFO - Started process (PID=2519) to work on /opt/airflow/dags/subdags/subdags_downloads.py
[2024-04-16T13:16:56.635+0000] {processor.py:756} INFO - Processing file /opt/airflow/dags/subdags/subdags_downloads.py for tasks to queue
[2024-04-16T13:16:56.645+0000] {logging_mixin.py:120} INFO - [2024-04-16T13:16:56.645+0000] {dagbag.py:537} INFO - Filling up the DagBag from /opt/airflow/dags/subdags/subdags_downloads.py
[2024-04-16T13:16:56.694+0000] {processor.py:768} WARNING - No viable dags retrieved from /opt/airflow/dags/subdags/subdags_downloads.py
[2024-04-16T13:16:56.735+0000] {processor.py:176} INFO - Processing /opt/airflow/dags/subdags/subdags_downloads.py took 0.120 seconds
[2024-04-16T13:17:27.649+0000] {processor.py:154} INFO - Started process (PID=2597) to work on /opt/airflow/dags/subdags/subdags_downloads.py
[2024-04-16T13:17:27.651+0000] {processor.py:756} INFO - Processing file /opt/airflow/dags/subdags/subdags_downloads.py for tasks to queue
[2024-04-16T13:17:27.654+0000] {logging_mixin.py:120} INFO - [2024-04-16T13:17:27.653+0000] {dagbag.py:537} INFO - Filling up the DagBag from /opt/airflow/dags/subdags/subdags_downloads.py
[2024-04-16T13:17:27.670+0000] {processor.py:768} WARNING - No viable dags retrieved from /opt/airflow/dags/subdags/subdags_downloads.py
[2024-04-16T13:17:27.700+0000] {processor.py:176} INFO - Processing /opt/airflow/dags/subdags/subdags_downloads.py took 0.061 seconds
[2024-04-16T13:17:58.127+0000] {processor.py:154} INFO - Started process (PID=2666) to work on /opt/airflow/dags/subdags/subdags_downloads.py
[2024-04-16T13:17:58.130+0000] {processor.py:756} INFO - Processing file /opt/airflow/dags/subdags/subdags_downloads.py for tasks to queue
[2024-04-16T13:17:58.133+0000] {logging_mixin.py:120} INFO - [2024-04-16T13:17:58.133+0000] {dagbag.py:537} INFO - Filling up the DagBag from /opt/airflow/dags/subdags/subdags_downloads.py
[2024-04-16T13:17:58.151+0000] {processor.py:768} WARNING - No viable dags retrieved from /opt/airflow/dags/subdags/subdags_downloads.py
[2024-04-16T13:17:58.192+0000] {processor.py:176} INFO - Processing /opt/airflow/dags/subdags/subdags_downloads.py took 0.073 seconds
[2024-04-16T13:18:28.360+0000] {processor.py:154} INFO - Started process (PID=2744) to work on /opt/airflow/dags/subdags/subdags_downloads.py
[2024-04-16T13:18:28.362+0000] {processor.py:756} INFO - Processing file /opt/airflow/dags/subdags/subdags_downloads.py for tasks to queue
[2024-04-16T13:18:28.364+0000] {logging_mixin.py:120} INFO - [2024-04-16T13:18:28.363+0000] {dagbag.py:537} INFO - Filling up the DagBag from /opt/airflow/dags/subdags/subdags_downloads.py
[2024-04-16T13:18:28.379+0000] {processor.py:768} WARNING - No viable dags retrieved from /opt/airflow/dags/subdags/subdags_downloads.py
[2024-04-16T13:18:28.406+0000] {processor.py:176} INFO - Processing /opt/airflow/dags/subdags/subdags_downloads.py took 0.053 seconds
[2024-04-16T13:18:59.207+0000] {processor.py:154} INFO - Started process (PID=2814) to work on /opt/airflow/dags/subdags/subdags_downloads.py
[2024-04-16T13:18:59.210+0000] {processor.py:756} INFO - Processing file /opt/airflow/dags/subdags/subdags_downloads.py for tasks to queue
[2024-04-16T13:18:59.213+0000] {logging_mixin.py:120} INFO - [2024-04-16T13:18:59.212+0000] {dagbag.py:537} INFO - Filling up the DagBag from /opt/airflow/dags/subdags/subdags_downloads.py
[2024-04-16T13:18:59.233+0000] {processor.py:768} WARNING - No viable dags retrieved from /opt/airflow/dags/subdags/subdags_downloads.py
[2024-04-16T13:18:59.272+0000] {processor.py:176} INFO - Processing /opt/airflow/dags/subdags/subdags_downloads.py took 0.074 seconds
[2024-04-16T13:19:29.616+0000] {processor.py:154} INFO - Started process (PID=2891) to work on /opt/airflow/dags/subdags/subdags_downloads.py
[2024-04-16T13:19:29.619+0000] {processor.py:756} INFO - Processing file /opt/airflow/dags/subdags/subdags_downloads.py for tasks to queue
[2024-04-16T13:19:29.621+0000] {logging_mixin.py:120} INFO - [2024-04-16T13:19:29.621+0000] {dagbag.py:537} INFO - Filling up the DagBag from /opt/airflow/dags/subdags/subdags_downloads.py
[2024-04-16T13:19:29.642+0000] {processor.py:768} WARNING - No viable dags retrieved from /opt/airflow/dags/subdags/subdags_downloads.py
[2024-04-16T13:19:29.674+0000] {processor.py:176} INFO - Processing /opt/airflow/dags/subdags/subdags_downloads.py took 0.067 seconds
[2024-04-16T13:19:59.874+0000] {processor.py:154} INFO - Started process (PID=2960) to work on /opt/airflow/dags/subdags/subdags_downloads.py
[2024-04-16T13:19:59.877+0000] {processor.py:756} INFO - Processing file /opt/airflow/dags/subdags/subdags_downloads.py for tasks to queue
[2024-04-16T13:19:59.878+0000] {logging_mixin.py:120} INFO - [2024-04-16T13:19:59.878+0000] {dagbag.py:537} INFO - Filling up the DagBag from /opt/airflow/dags/subdags/subdags_downloads.py
[2024-04-16T13:19:59.891+0000] {processor.py:768} WARNING - No viable dags retrieved from /opt/airflow/dags/subdags/subdags_downloads.py
[2024-04-16T13:19:59.917+0000] {processor.py:176} INFO - Processing /opt/airflow/dags/subdags/subdags_downloads.py took 0.048 seconds
[2024-04-16T13:20:30.177+0000] {processor.py:154} INFO - Started process (PID=3038) to work on /opt/airflow/dags/subdags/subdags_downloads.py
[2024-04-16T13:20:30.180+0000] {processor.py:756} INFO - Processing file /opt/airflow/dags/subdags/subdags_downloads.py for tasks to queue
[2024-04-16T13:20:30.183+0000] {logging_mixin.py:120} INFO - [2024-04-16T13:20:30.183+0000] {dagbag.py:537} INFO - Filling up the DagBag from /opt/airflow/dags/subdags/subdags_downloads.py
[2024-04-16T13:20:30.200+0000] {processor.py:768} WARNING - No viable dags retrieved from /opt/airflow/dags/subdags/subdags_downloads.py
[2024-04-16T13:20:30.229+0000] {processor.py:176} INFO - Processing /opt/airflow/dags/subdags/subdags_downloads.py took 0.058 seconds
[2024-04-16T13:21:00.501+0000] {processor.py:154} INFO - Started process (PID=3107) to work on /opt/airflow/dags/subdags/subdags_downloads.py
[2024-04-16T13:21:00.507+0000] {processor.py:756} INFO - Processing file /opt/airflow/dags/subdags/subdags_downloads.py for tasks to queue
[2024-04-16T13:21:00.509+0000] {logging_mixin.py:120} INFO - [2024-04-16T13:21:00.509+0000] {dagbag.py:537} INFO - Filling up the DagBag from /opt/airflow/dags/subdags/subdags_downloads.py
[2024-04-16T13:21:00.526+0000] {processor.py:768} WARNING - No viable dags retrieved from /opt/airflow/dags/subdags/subdags_downloads.py
[2024-04-16T13:21:00.563+0000] {processor.py:176} INFO - Processing /opt/airflow/dags/subdags/subdags_downloads.py took 0.068 seconds
[2024-04-16T13:21:32.290+0000] {processor.py:154} INFO - Started process (PID=3185) to work on /opt/airflow/dags/subdags/subdags_downloads.py
[2024-04-16T13:21:32.293+0000] {processor.py:756} INFO - Processing file /opt/airflow/dags/subdags/subdags_downloads.py for tasks to queue
[2024-04-16T13:21:32.295+0000] {logging_mixin.py:120} INFO - [2024-04-16T13:21:32.295+0000] {dagbag.py:537} INFO - Filling up the DagBag from /opt/airflow/dags/subdags/subdags_downloads.py
[2024-04-16T13:21:32.312+0000] {processor.py:768} WARNING - No viable dags retrieved from /opt/airflow/dags/subdags/subdags_downloads.py
[2024-04-16T13:21:32.341+0000] {processor.py:176} INFO - Processing /opt/airflow/dags/subdags/subdags_downloads.py took 0.060 seconds
[2024-04-16T13:22:02.636+0000] {processor.py:154} INFO - Started process (PID=3248) to work on /opt/airflow/dags/subdags/subdags_downloads.py
[2024-04-16T13:22:02.637+0000] {processor.py:756} INFO - Processing file /opt/airflow/dags/subdags/subdags_downloads.py for tasks to queue
[2024-04-16T13:22:02.640+0000] {logging_mixin.py:120} INFO - [2024-04-16T13:22:02.639+0000] {dagbag.py:537} INFO - Filling up the DagBag from /opt/airflow/dags/subdags/subdags_downloads.py
[2024-04-16T13:22:02.653+0000] {processor.py:768} WARNING - No viable dags retrieved from /opt/airflow/dags/subdags/subdags_downloads.py
[2024-04-16T13:22:02.692+0000] {processor.py:176} INFO - Processing /opt/airflow/dags/subdags/subdags_downloads.py took 0.063 seconds
[2024-04-16T13:22:33.023+0000] {processor.py:154} INFO - Started process (PID=3323) to work on /opt/airflow/dags/subdags/subdags_downloads.py
[2024-04-16T13:22:33.026+0000] {processor.py:756} INFO - Processing file /opt/airflow/dags/subdags/subdags_downloads.py for tasks to queue
[2024-04-16T13:22:33.029+0000] {logging_mixin.py:120} INFO - [2024-04-16T13:22:33.028+0000] {dagbag.py:537} INFO - Filling up the DagBag from /opt/airflow/dags/subdags/subdags_downloads.py
[2024-04-16T13:22:33.047+0000] {processor.py:768} WARNING - No viable dags retrieved from /opt/airflow/dags/subdags/subdags_downloads.py
[2024-04-16T13:22:33.086+0000] {processor.py:176} INFO - Processing /opt/airflow/dags/subdags/subdags_downloads.py took 0.069 seconds
[2024-04-16T13:23:03.999+0000] {processor.py:154} INFO - Started process (PID=3392) to work on /opt/airflow/dags/subdags/subdags_downloads.py
[2024-04-16T13:23:04.001+0000] {processor.py:756} INFO - Processing file /opt/airflow/dags/subdags/subdags_downloads.py for tasks to queue
[2024-04-16T13:23:04.002+0000] {logging_mixin.py:120} INFO - [2024-04-16T13:23:04.002+0000] {dagbag.py:537} INFO - Filling up the DagBag from /opt/airflow/dags/subdags/subdags_downloads.py
[2024-04-16T13:23:04.014+0000] {processor.py:768} WARNING - No viable dags retrieved from /opt/airflow/dags/subdags/subdags_downloads.py
[2024-04-16T13:23:04.037+0000] {processor.py:176} INFO - Processing /opt/airflow/dags/subdags/subdags_downloads.py took 0.044 seconds
[2024-04-16T13:23:35.187+0000] {processor.py:154} INFO - Started process (PID=3468) to work on /opt/airflow/dags/subdags/subdags_downloads.py
[2024-04-16T13:23:35.189+0000] {processor.py:756} INFO - Processing file /opt/airflow/dags/subdags/subdags_downloads.py for tasks to queue
[2024-04-16T13:23:35.190+0000] {logging_mixin.py:120} INFO - [2024-04-16T13:23:35.190+0000] {dagbag.py:537} INFO - Filling up the DagBag from /opt/airflow/dags/subdags/subdags_downloads.py
[2024-04-16T13:23:35.243+0000] {processor.py:768} WARNING - No viable dags retrieved from /opt/airflow/dags/subdags/subdags_downloads.py
[2024-04-16T13:23:35.315+0000] {processor.py:176} INFO - Processing /opt/airflow/dags/subdags/subdags_downloads.py took 0.140 seconds
[2024-04-16T13:24:05.394+0000] {processor.py:154} INFO - Started process (PID=3539) to work on /opt/airflow/dags/subdags/subdags_downloads.py
[2024-04-16T13:24:05.397+0000] {processor.py:756} INFO - Processing file /opt/airflow/dags/subdags/subdags_downloads.py for tasks to queue
[2024-04-16T13:24:05.401+0000] {logging_mixin.py:120} INFO - [2024-04-16T13:24:05.400+0000] {dagbag.py:537} INFO - Filling up the DagBag from /opt/airflow/dags/subdags/subdags_downloads.py
[2024-04-16T13:24:05.416+0000] {processor.py:768} WARNING - No viable dags retrieved from /opt/airflow/dags/subdags/subdags_downloads.py
[2024-04-16T13:24:05.447+0000] {processor.py:176} INFO - Processing /opt/airflow/dags/subdags/subdags_downloads.py took 0.062 seconds
[2024-04-16T13:24:35.874+0000] {processor.py:154} INFO - Started process (PID=3609) to work on /opt/airflow/dags/subdags/subdags_downloads.py
[2024-04-16T13:24:35.881+0000] {processor.py:756} INFO - Processing file /opt/airflow/dags/subdags/subdags_downloads.py for tasks to queue
[2024-04-16T13:24:35.884+0000] {logging_mixin.py:120} INFO - [2024-04-16T13:24:35.884+0000] {dagbag.py:537} INFO - Filling up the DagBag from /opt/airflow/dags/subdags/subdags_downloads.py
[2024-04-16T13:24:35.914+0000] {processor.py:768} WARNING - No viable dags retrieved from /opt/airflow/dags/subdags/subdags_downloads.py
[2024-04-16T13:24:35.976+0000] {processor.py:176} INFO - Processing /opt/airflow/dags/subdags/subdags_downloads.py took 0.115 seconds
[2024-04-16T13:25:06.871+0000] {processor.py:154} INFO - Started process (PID=3686) to work on /opt/airflow/dags/subdags/subdags_downloads.py
[2024-04-16T13:25:06.874+0000] {processor.py:756} INFO - Processing file /opt/airflow/dags/subdags/subdags_downloads.py for tasks to queue
[2024-04-16T13:25:06.876+0000] {logging_mixin.py:120} INFO - [2024-04-16T13:25:06.875+0000] {dagbag.py:537} INFO - Filling up the DagBag from /opt/airflow/dags/subdags/subdags_downloads.py
[2024-04-16T13:25:06.888+0000] {processor.py:768} WARNING - No viable dags retrieved from /opt/airflow/dags/subdags/subdags_downloads.py
[2024-04-16T13:25:06.910+0000] {processor.py:176} INFO - Processing /opt/airflow/dags/subdags/subdags_downloads.py took 0.052 seconds
[2024-04-16T13:25:37.196+0000] {processor.py:154} INFO - Started process (PID=3756) to work on /opt/airflow/dags/subdags/subdags_downloads.py
[2024-04-16T13:25:37.198+0000] {processor.py:756} INFO - Processing file /opt/airflow/dags/subdags/subdags_downloads.py for tasks to queue
[2024-04-16T13:25:37.200+0000] {logging_mixin.py:120} INFO - [2024-04-16T13:25:37.200+0000] {dagbag.py:537} INFO - Filling up the DagBag from /opt/airflow/dags/subdags/subdags_downloads.py
[2024-04-16T13:25:37.211+0000] {processor.py:768} WARNING - No viable dags retrieved from /opt/airflow/dags/subdags/subdags_downloads.py
[2024-04-16T13:25:37.233+0000] {processor.py:176} INFO - Processing /opt/airflow/dags/subdags/subdags_downloads.py took 0.045 seconds
[2024-04-16T13:26:07.450+0000] {processor.py:154} INFO - Started process (PID=3834) to work on /opt/airflow/dags/subdags/subdags_downloads.py
[2024-04-16T13:26:07.453+0000] {processor.py:756} INFO - Processing file /opt/airflow/dags/subdags/subdags_downloads.py for tasks to queue
[2024-04-16T13:26:07.456+0000] {logging_mixin.py:120} INFO - [2024-04-16T13:26:07.456+0000] {dagbag.py:537} INFO - Filling up the DagBag from /opt/airflow/dags/subdags/subdags_downloads.py
[2024-04-16T13:26:07.468+0000] {processor.py:768} WARNING - No viable dags retrieved from /opt/airflow/dags/subdags/subdags_downloads.py
[2024-04-16T13:26:07.502+0000] {processor.py:176} INFO - Processing /opt/airflow/dags/subdags/subdags_downloads.py took 0.059 seconds
[2024-04-16T13:26:37.689+0000] {processor.py:154} INFO - Started process (PID=3903) to work on /opt/airflow/dags/subdags/subdags_downloads.py
[2024-04-16T13:26:37.691+0000] {processor.py:756} INFO - Processing file /opt/airflow/dags/subdags/subdags_downloads.py for tasks to queue
[2024-04-16T13:26:37.693+0000] {logging_mixin.py:120} INFO - [2024-04-16T13:26:37.693+0000] {dagbag.py:537} INFO - Filling up the DagBag from /opt/airflow/dags/subdags/subdags_downloads.py
[2024-04-16T13:26:37.705+0000] {processor.py:768} WARNING - No viable dags retrieved from /opt/airflow/dags/subdags/subdags_downloads.py
[2024-04-16T13:26:37.730+0000] {processor.py:176} INFO - Processing /opt/airflow/dags/subdags/subdags_downloads.py took 0.046 seconds
[2024-04-16T13:27:08.152+0000] {processor.py:154} INFO - Started process (PID=3982) to work on /opt/airflow/dags/subdags/subdags_downloads.py
[2024-04-16T13:27:08.155+0000] {processor.py:756} INFO - Processing file /opt/airflow/dags/subdags/subdags_downloads.py for tasks to queue
[2024-04-16T13:27:08.158+0000] {logging_mixin.py:120} INFO - [2024-04-16T13:27:08.158+0000] {dagbag.py:537} INFO - Filling up the DagBag from /opt/airflow/dags/subdags/subdags_downloads.py
[2024-04-16T13:27:08.173+0000] {processor.py:768} WARNING - No viable dags retrieved from /opt/airflow/dags/subdags/subdags_downloads.py
[2024-04-16T13:27:08.198+0000] {processor.py:176} INFO - Processing /opt/airflow/dags/subdags/subdags_downloads.py took 0.053 seconds
[2024-04-16T13:27:38.816+0000] {processor.py:154} INFO - Started process (PID=4051) to work on /opt/airflow/dags/subdags/subdags_downloads.py
[2024-04-16T13:27:38.819+0000] {processor.py:756} INFO - Processing file /opt/airflow/dags/subdags/subdags_downloads.py for tasks to queue
[2024-04-16T13:27:38.820+0000] {logging_mixin.py:120} INFO - [2024-04-16T13:27:38.820+0000] {dagbag.py:537} INFO - Filling up the DagBag from /opt/airflow/dags/subdags/subdags_downloads.py
[2024-04-16T13:27:38.833+0000] {processor.py:768} WARNING - No viable dags retrieved from /opt/airflow/dags/subdags/subdags_downloads.py
[2024-04-16T13:27:38.856+0000] {processor.py:176} INFO - Processing /opt/airflow/dags/subdags/subdags_downloads.py took 0.045 seconds
[2024-04-16T13:28:09.208+0000] {processor.py:154} INFO - Started process (PID=4129) to work on /opt/airflow/dags/subdags/subdags_downloads.py
[2024-04-16T13:28:09.210+0000] {processor.py:756} INFO - Processing file /opt/airflow/dags/subdags/subdags_downloads.py for tasks to queue
[2024-04-16T13:28:09.212+0000] {logging_mixin.py:120} INFO - [2024-04-16T13:28:09.212+0000] {dagbag.py:537} INFO - Filling up the DagBag from /opt/airflow/dags/subdags/subdags_downloads.py
[2024-04-16T13:28:09.223+0000] {processor.py:768} WARNING - No viable dags retrieved from /opt/airflow/dags/subdags/subdags_downloads.py
[2024-04-16T13:28:09.247+0000] {processor.py:176} INFO - Processing /opt/airflow/dags/subdags/subdags_downloads.py took 0.046 seconds
[2024-04-16T13:28:40.115+0000] {processor.py:154} INFO - Started process (PID=4198) to work on /opt/airflow/dags/subdags/subdags_downloads.py
[2024-04-16T13:28:40.117+0000] {processor.py:756} INFO - Processing file /opt/airflow/dags/subdags/subdags_downloads.py for tasks to queue
[2024-04-16T13:28:40.119+0000] {logging_mixin.py:120} INFO - [2024-04-16T13:28:40.119+0000] {dagbag.py:537} INFO - Filling up the DagBag from /opt/airflow/dags/subdags/subdags_downloads.py
[2024-04-16T13:28:40.130+0000] {processor.py:768} WARNING - No viable dags retrieved from /opt/airflow/dags/subdags/subdags_downloads.py
[2024-04-16T13:28:40.155+0000] {processor.py:176} INFO - Processing /opt/airflow/dags/subdags/subdags_downloads.py took 0.045 seconds
[2024-04-16T13:29:11.013+0000] {processor.py:154} INFO - Started process (PID=4278) to work on /opt/airflow/dags/subdags/subdags_downloads.py
[2024-04-16T13:29:11.019+0000] {processor.py:756} INFO - Processing file /opt/airflow/dags/subdags/subdags_downloads.py for tasks to queue
[2024-04-16T13:29:11.026+0000] {logging_mixin.py:120} INFO - [2024-04-16T13:29:11.025+0000] {dagbag.py:537} INFO - Filling up the DagBag from /opt/airflow/dags/subdags/subdags_downloads.py
[2024-04-16T13:29:11.070+0000] {processor.py:768} WARNING - No viable dags retrieved from /opt/airflow/dags/subdags/subdags_downloads.py
[2024-04-16T13:29:11.130+0000] {processor.py:176} INFO - Processing /opt/airflow/dags/subdags/subdags_downloads.py took 0.133 seconds
[2024-04-16T13:29:41.397+0000] {processor.py:154} INFO - Started process (PID=4347) to work on /opt/airflow/dags/subdags/subdags_downloads.py
[2024-04-16T13:29:41.399+0000] {processor.py:756} INFO - Processing file /opt/airflow/dags/subdags/subdags_downloads.py for tasks to queue
[2024-04-16T13:29:41.401+0000] {logging_mixin.py:120} INFO - [2024-04-16T13:29:41.400+0000] {dagbag.py:537} INFO - Filling up the DagBag from /opt/airflow/dags/subdags/subdags_downloads.py
[2024-04-16T13:29:41.412+0000] {processor.py:768} WARNING - No viable dags retrieved from /opt/airflow/dags/subdags/subdags_downloads.py
[2024-04-16T13:29:41.435+0000] {processor.py:176} INFO - Processing /opt/airflow/dags/subdags/subdags_downloads.py took 0.044 seconds
[2024-04-16T13:30:11.721+0000] {processor.py:154} INFO - Started process (PID=4422) to work on /opt/airflow/dags/subdags/subdags_downloads.py
[2024-04-16T13:30:11.723+0000] {processor.py:756} INFO - Processing file /opt/airflow/dags/subdags/subdags_downloads.py for tasks to queue
[2024-04-16T13:30:11.724+0000] {logging_mixin.py:120} INFO - [2024-04-16T13:30:11.724+0000] {dagbag.py:537} INFO - Filling up the DagBag from /opt/airflow/dags/subdags/subdags_downloads.py
[2024-04-16T13:30:11.735+0000] {processor.py:768} WARNING - No viable dags retrieved from /opt/airflow/dags/subdags/subdags_downloads.py
[2024-04-16T13:30:11.758+0000] {processor.py:176} INFO - Processing /opt/airflow/dags/subdags/subdags_downloads.py took 0.043 seconds
[2024-04-16T13:30:41.845+0000] {processor.py:154} INFO - Started process (PID=4498) to work on /opt/airflow/dags/subdags/subdags_downloads.py
[2024-04-16T13:30:41.847+0000] {processor.py:756} INFO - Processing file /opt/airflow/dags/subdags/subdags_downloads.py for tasks to queue
[2024-04-16T13:30:41.849+0000] {logging_mixin.py:120} INFO - [2024-04-16T13:30:41.848+0000] {dagbag.py:537} INFO - Filling up the DagBag from /opt/airflow/dags/subdags/subdags_downloads.py
[2024-04-16T13:30:41.862+0000] {processor.py:768} WARNING - No viable dags retrieved from /opt/airflow/dags/subdags/subdags_downloads.py
[2024-04-16T13:30:41.891+0000] {processor.py:176} INFO - Processing /opt/airflow/dags/subdags/subdags_downloads.py took 0.051 seconds
[2024-04-16T13:31:12.329+0000] {processor.py:154} INFO - Started process (PID=4567) to work on /opt/airflow/dags/subdags/subdags_downloads.py
[2024-04-16T13:31:12.333+0000] {processor.py:756} INFO - Processing file /opt/airflow/dags/subdags/subdags_downloads.py for tasks to queue
[2024-04-16T13:31:12.335+0000] {logging_mixin.py:120} INFO - [2024-04-16T13:31:12.334+0000] {dagbag.py:537} INFO - Filling up the DagBag from /opt/airflow/dags/subdags/subdags_downloads.py
[2024-04-16T13:31:12.348+0000] {processor.py:768} WARNING - No viable dags retrieved from /opt/airflow/dags/subdags/subdags_downloads.py
[2024-04-16T13:31:12.376+0000] {processor.py:176} INFO - Processing /opt/airflow/dags/subdags/subdags_downloads.py took 0.052 seconds
