[2024-04-14T06:40:08.101+0000] {taskinstance.py:1165} INFO - Dependencies all met for <TaskInstance: parallel_dag.extract_b scheduled__2024-04-13T00:00:00+00:00 [queued]>
[2024-04-14T06:40:08.665+0000] {taskinstance.py:1165} INFO - Dependencies all met for <TaskInstance: parallel_dag.extract_b scheduled__2024-04-13T00:00:00+00:00 [queued]>
[2024-04-14T06:40:08.687+0000] {taskinstance.py:1362} INFO - 
--------------------------------------------------------------------------------
[2024-04-14T06:40:08.711+0000] {taskinstance.py:1363} INFO - Starting attempt 1 of 1
[2024-04-14T06:40:08.722+0000] {taskinstance.py:1364} INFO - 
--------------------------------------------------------------------------------
[2024-04-14T06:40:09.320+0000] {taskinstance.py:1383} INFO - Executing <Task(BashOperator): extract_b> on 2024-04-13 00:00:00+00:00
[2024-04-14T06:40:09.556+0000] {standard_task_runner.py:55} INFO - Started process 35397 to run task
[2024-04-14T06:40:09.911+0000] {standard_task_runner.py:82} INFO - Running: ['***', 'tasks', 'run', 'parallel_dag', 'extract_b', 'scheduled__2024-04-13T00:00:00+00:00', '--job-id', '240', '--raw', '--subdir', 'DAGS_FOLDER/parallel_dag.py', '--cfg-path', '/tmp/tmpt9yjygov']
[2024-04-14T06:40:10.004+0000] {standard_task_runner.py:83} INFO - Job 240: Subtask extract_b
[2024-04-14T06:40:12.964+0000] {task_command.py:376} INFO - Running <TaskInstance: parallel_dag.extract_b scheduled__2024-04-13T00:00:00+00:00 [running]> on host a868c0c748e3
[2024-04-14T06:40:14.467+0000] {taskinstance.py:1159} INFO - Dependencies not met for <TaskInstance: parallel_dag.extract_b scheduled__2024-04-13T00:00:00+00:00 [running]>, dependency 'Task Instance State' FAILED: Task is in the 'running' state.
[2024-04-14T06:40:15.114+0000] {taskinstance.py:1159} INFO - Dependencies not met for <TaskInstance: parallel_dag.extract_b scheduled__2024-04-13T00:00:00+00:00 [running]>, dependency 'Task Instance Not Running' FAILED: Task is in the running state
[2024-04-14T06:40:15.164+0000] {local_task_job.py:103} INFO - Task is not able to be run
[2024-04-14T06:40:16.716+0000] {taskinstance.py:1592} INFO - Exporting the following env vars:
AIRFLOW_CTX_DAG_OWNER=***
AIRFLOW_CTX_DAG_ID=parallel_dag
AIRFLOW_CTX_TASK_ID=extract_b
AIRFLOW_CTX_EXECUTION_DATE=2024-04-13T00:00:00+00:00
AIRFLOW_CTX_TRY_NUMBER=1
AIRFLOW_CTX_DAG_RUN_ID=scheduled__2024-04-13T00:00:00+00:00
[2024-04-14T06:40:16.737+0000] {subprocess.py:63} INFO - Tmp dir root location: 
 /tmp
[2024-04-14T06:40:16.771+0000] {subprocess.py:75} INFO - Running command: ['/bin/bash', '-c', 'sleep 1']
[2024-04-14T06:40:16.944+0000] {subprocess.py:86} INFO - Output:
[2024-04-14T06:40:18.165+0000] {subprocess.py:97} INFO - Command exited with return code 0
[2024-04-14T06:40:18.379+0000] {taskinstance.py:1406} INFO - Marking task as SUCCESS. dag_id=parallel_dag, task_id=extract_b, execution_date=20240413T000000, start_date=20240414T064008, end_date=20240414T064018
[2024-04-14T06:40:18.604+0000] {local_task_job.py:164} INFO - Task exited with return code 0
[2024-04-14T06:40:18.869+0000] {local_task_job.py:273} INFO - 1 downstream tasks scheduled from follow-on schedule check
