[2024-04-05T16:09:04.979+0000] {taskinstance.py:1165} INFO - Dependencies all met for <TaskInstance: parallel_dag.extract_b scheduled__2024-04-04T00:00:00+00:00 [queued]>
[2024-04-05T16:09:06.706+0000] {taskinstance.py:1165} INFO - Dependencies all met for <TaskInstance: parallel_dag.extract_b scheduled__2024-04-04T00:00:00+00:00 [queued]>
[2024-04-05T16:09:06.734+0000] {taskinstance.py:1362} INFO - 
--------------------------------------------------------------------------------
[2024-04-05T16:09:06.748+0000] {taskinstance.py:1363} INFO - Starting attempt 1 of 1
[2024-04-05T16:09:06.758+0000] {taskinstance.py:1364} INFO - 
--------------------------------------------------------------------------------
[2024-04-05T16:09:07.644+0000] {taskinstance.py:1383} INFO - Executing <Task(BashOperator): extract_b> on 2024-04-04 00:00:00+00:00
[2024-04-05T16:09:07.762+0000] {standard_task_runner.py:55} INFO - Started process 3242 to run task
[2024-04-05T16:09:08.231+0000] {standard_task_runner.py:82} INFO - Running: ['***', 'tasks', 'run', 'parallel_dag', 'extract_b', 'scheduled__2024-04-04T00:00:00+00:00', '--job-id', '103', '--raw', '--subdir', 'DAGS_FOLDER/parallel_dag.py', '--cfg-path', '/tmp/tmpbe96xw7d']
[2024-04-05T16:09:08.239+0000] {standard_task_runner.py:83} INFO - Job 103: Subtask extract_b
[2024-04-05T16:09:10.389+0000] {task_command.py:376} INFO - Running <TaskInstance: parallel_dag.extract_b scheduled__2024-04-04T00:00:00+00:00 [running]> on host a868c0c748e3
[2024-04-05T16:09:11.705+0000] {taskinstance.py:1592} INFO - Exporting the following env vars:
AIRFLOW_CTX_DAG_OWNER=***
AIRFLOW_CTX_DAG_ID=parallel_dag
AIRFLOW_CTX_TASK_ID=extract_b
AIRFLOW_CTX_EXECUTION_DATE=2024-04-04T00:00:00+00:00
AIRFLOW_CTX_TRY_NUMBER=1
AIRFLOW_CTX_DAG_RUN_ID=scheduled__2024-04-04T00:00:00+00:00
[2024-04-05T16:09:11.748+0000] {subprocess.py:63} INFO - Tmp dir root location: 
 /tmp
[2024-04-05T16:09:11.764+0000] {subprocess.py:75} INFO - Running command: ['/bin/bash', '-c', 'sleep 1']
[2024-04-05T16:09:12.572+0000] {subprocess.py:86} INFO - Output:
[2024-04-05T16:09:14.161+0000] {subprocess.py:97} INFO - Command exited with return code 0
[2024-04-05T16:09:17.314+0000] {taskinstance.py:1406} INFO - Marking task as SUCCESS. dag_id=parallel_dag, task_id=extract_b, execution_date=20240404T000000, start_date=20240405T160905, end_date=20240405T160917
[2024-04-05T16:09:17.633+0000] {local_task_job.py:164} INFO - Task exited with return code 0
[2024-04-05T16:09:19.915+0000] {local_task_job.py:273} INFO - 0 downstream tasks scheduled from follow-on schedule check
