[2024-04-14T06:40:10.769+0000] {taskinstance.py:1165} INFO - Dependencies all met for <TaskInstance: parallel_dag.extract_a scheduled__2024-04-13T00:00:00+00:00 [queued]>
[2024-04-14T06:40:11.507+0000] {taskinstance.py:1165} INFO - Dependencies all met for <TaskInstance: parallel_dag.extract_a scheduled__2024-04-13T00:00:00+00:00 [queued]>
[2024-04-14T06:40:11.524+0000] {taskinstance.py:1362} INFO - 
--------------------------------------------------------------------------------
[2024-04-14T06:40:11.537+0000] {taskinstance.py:1363} INFO - Starting attempt 1 of 1
[2024-04-14T06:40:11.559+0000] {taskinstance.py:1364} INFO - 
--------------------------------------------------------------------------------
[2024-04-14T06:40:12.343+0000] {taskinstance.py:1383} INFO - Executing <Task(BashOperator): extract_a> on 2024-04-13 00:00:00+00:00
[2024-04-14T06:40:12.557+0000] {standard_task_runner.py:55} INFO - Started process 35407 to run task
[2024-04-14T06:40:12.709+0000] {standard_task_runner.py:82} INFO - Running: ['***', 'tasks', 'run', 'parallel_dag', 'extract_a', 'scheduled__2024-04-13T00:00:00+00:00', '--job-id', '245', '--raw', '--subdir', 'DAGS_FOLDER/parallel_dag.py', '--cfg-path', '/tmp/tmp4n7twvyy']
[2024-04-14T06:40:12.738+0000] {standard_task_runner.py:83} INFO - Job 245: Subtask extract_a
[2024-04-14T06:40:12.781+0000] {taskinstance.py:1159} INFO - Dependencies not met for <TaskInstance: parallel_dag.extract_a scheduled__2024-04-13T00:00:00+00:00 [running]>, dependency 'Task Instance State' FAILED: Task is in the 'running' state.
[2024-04-14T06:40:13.589+0000] {taskinstance.py:1159} INFO - Dependencies not met for <TaskInstance: parallel_dag.extract_a scheduled__2024-04-13T00:00:00+00:00 [running]>, dependency 'Task Instance Not Running' FAILED: Task is in the running state
[2024-04-14T06:40:13.656+0000] {local_task_job.py:103} INFO - Task is not able to be run
[2024-04-14T06:40:16.316+0000] {task_command.py:376} INFO - Running <TaskInstance: parallel_dag.extract_a scheduled__2024-04-13T00:00:00+00:00 [running]> on host a868c0c748e3
[2024-04-14T06:40:16.985+0000] {taskinstance.py:1592} INFO - Exporting the following env vars:
AIRFLOW_CTX_DAG_OWNER=***
AIRFLOW_CTX_DAG_ID=parallel_dag
AIRFLOW_CTX_TASK_ID=extract_a
AIRFLOW_CTX_EXECUTION_DATE=2024-04-13T00:00:00+00:00
AIRFLOW_CTX_TRY_NUMBER=1
AIRFLOW_CTX_DAG_RUN_ID=scheduled__2024-04-13T00:00:00+00:00
[2024-04-14T06:40:16.990+0000] {subprocess.py:63} INFO - Tmp dir root location: 
 /tmp
[2024-04-14T06:40:16.994+0000] {subprocess.py:75} INFO - Running command: ['/bin/bash', '-c', 'sleep 1']
[2024-04-14T06:40:17.108+0000] {subprocess.py:86} INFO - Output:
[2024-04-14T06:40:18.175+0000] {subprocess.py:97} INFO - Command exited with return code 0
[2024-04-14T06:40:18.259+0000] {taskinstance.py:1406} INFO - Marking task as SUCCESS. dag_id=parallel_dag, task_id=extract_a, execution_date=20240413T000000, start_date=20240414T064010, end_date=20240414T064018
[2024-04-14T06:40:18.387+0000] {local_task_job.py:164} INFO - Task exited with return code 0
[2024-04-14T06:40:18.688+0000] {local_task_job.py:273} INFO - 1 downstream tasks scheduled from follow-on schedule check
