[2024-04-08T16:08:16.326+0000] {taskinstance.py:1165} INFO - Dependencies all met for <TaskInstance: example_bash_operator.runme_2 scheduled__2024-04-06T00:00:00+00:00 [queued]>
[2024-04-08T16:08:16.652+0000] {taskinstance.py:1165} INFO - Dependencies all met for <TaskInstance: example_bash_operator.runme_2 scheduled__2024-04-06T00:00:00+00:00 [queued]>
[2024-04-08T16:08:16.685+0000] {taskinstance.py:1362} INFO - 
--------------------------------------------------------------------------------
[2024-04-08T16:08:16.710+0000] {taskinstance.py:1363} INFO - Starting attempt 1 of 1
[2024-04-08T16:08:16.729+0000] {taskinstance.py:1364} INFO - 
--------------------------------------------------------------------------------
[2024-04-08T16:08:17.304+0000] {taskinstance.py:1383} INFO - Executing <Task(BashOperator): runme_2> on 2024-04-06 00:00:00+00:00
[2024-04-08T16:08:17.610+0000] {standard_task_runner.py:55} INFO - Started process 7873 to run task
[2024-04-08T16:08:17.749+0000] {standard_task_runner.py:82} INFO - Running: ['***', 'tasks', 'run', 'example_bash_operator', 'runme_2', 'scheduled__2024-04-06T00:00:00+00:00', '--job-id', '137', '--raw', '--subdir', '/home/***/.local/lib/python3.7/site-packages/***/example_dags/example_bash_operator.py', '--cfg-path', '/tmp/tmpl6uj1qo7']
[2024-04-08T16:08:17.815+0000] {standard_task_runner.py:83} INFO - Job 137: Subtask runme_2
[2024-04-08T16:08:21.149+0000] {task_command.py:376} INFO - Running <TaskInstance: example_bash_operator.runme_2 scheduled__2024-04-06T00:00:00+00:00 [running]> on host a868c0c748e3
[2024-04-08T16:08:19.689+0000] {taskinstance.py:1592} INFO - Exporting the following env vars:
AIRFLOW_CTX_DAG_OWNER=***
AIRFLOW_CTX_DAG_ID=example_bash_operator
AIRFLOW_CTX_TASK_ID=runme_2
AIRFLOW_CTX_EXECUTION_DATE=2024-04-06T00:00:00+00:00
AIRFLOW_CTX_TRY_NUMBER=1
AIRFLOW_CTX_DAG_RUN_ID=scheduled__2024-04-06T00:00:00+00:00
[2024-04-08T16:08:19.692+0000] {subprocess.py:63} INFO - Tmp dir root location: 
 /tmp
[2024-04-08T16:08:19.702+0000] {subprocess.py:75} INFO - Running command: ['/bin/bash', '-c', 'echo "example_bash_operator__runme_2__20240406" && sleep 1']
[2024-04-08T16:08:20.654+0000] {subprocess.py:86} INFO - Output:
[2024-04-08T16:08:22.721+0000] {subprocess.py:93} INFO - example_bash_operator__runme_2__20240406
[2024-04-08T16:08:23.737+0000] {subprocess.py:97} INFO - Command exited with return code 0
[2024-04-08T16:08:24.035+0000] {taskinstance.py:1406} INFO - Marking task as SUCCESS. dag_id=example_bash_operator, task_id=runme_2, execution_date=20240406T000000, start_date=20240408T160816, end_date=20240408T160824
[2024-04-08T16:08:24.413+0000] {local_task_job.py:164} INFO - Task exited with return code 0
[2024-04-08T16:08:24.782+0000] {local_task_job.py:273} INFO - 1 downstream tasks scheduled from follow-on schedule check
