[2024-04-06T05:27:16.424+0000] {taskinstance.py:1165} INFO - Dependencies all met for <TaskInstance: parallel_dag.extract_b scheduled__2024-04-05T00:00:00+00:00 [queued]>
[2024-04-06T05:27:16.666+0000] {taskinstance.py:1165} INFO - Dependencies all met for <TaskInstance: parallel_dag.extract_b scheduled__2024-04-05T00:00:00+00:00 [queued]>
[2024-04-06T05:27:16.687+0000] {taskinstance.py:1362} INFO - 
--------------------------------------------------------------------------------
[2024-04-06T05:27:16.698+0000] {taskinstance.py:1363} INFO - Starting attempt 1 of 1
[2024-04-06T05:27:16.703+0000] {taskinstance.py:1364} INFO - 
--------------------------------------------------------------------------------
[2024-04-06T05:27:17.110+0000] {taskinstance.py:1383} INFO - Executing <Task(BashOperator): extract_b> on 2024-04-05 00:00:00+00:00
[2024-04-06T05:27:17.229+0000] {standard_task_runner.py:55} INFO - Started process 5188 to run task
[2024-04-06T05:27:17.266+0000] {standard_task_runner.py:82} INFO - Running: ['***', 'tasks', 'run', 'parallel_dag', 'extract_b', 'scheduled__2024-04-05T00:00:00+00:00', '--job-id', '121', '--raw', '--subdir', 'DAGS_FOLDER/parallel_dag.py', '--cfg-path', '/tmp/tmp8ait5xti']
[2024-04-06T05:27:17.330+0000] {standard_task_runner.py:83} INFO - Job 121: Subtask extract_b
[2024-04-06T05:27:19.624+0000] {task_command.py:376} INFO - Running <TaskInstance: parallel_dag.extract_b scheduled__2024-04-05T00:00:00+00:00 [running]> on host a868c0c748e3
[2024-04-06T05:27:20.853+0000] {taskinstance.py:1592} INFO - Exporting the following env vars:
AIRFLOW_CTX_DAG_OWNER=***
AIRFLOW_CTX_DAG_ID=parallel_dag
AIRFLOW_CTX_TASK_ID=extract_b
AIRFLOW_CTX_EXECUTION_DATE=2024-04-05T00:00:00+00:00
AIRFLOW_CTX_TRY_NUMBER=1
AIRFLOW_CTX_DAG_RUN_ID=scheduled__2024-04-05T00:00:00+00:00
[2024-04-06T05:27:20.861+0000] {subprocess.py:63} INFO - Tmp dir root location: 
 /tmp
[2024-04-06T05:27:20.885+0000] {subprocess.py:75} INFO - Running command: ['/bin/bash', '-c', 'sleep 1']
[2024-04-06T05:27:21.082+0000] {subprocess.py:86} INFO - Output:
[2024-04-06T05:27:22.137+0000] {subprocess.py:97} INFO - Command exited with return code 0
[2024-04-06T05:27:22.377+0000] {taskinstance.py:1406} INFO - Marking task as SUCCESS. dag_id=parallel_dag, task_id=extract_b, execution_date=20240405T000000, start_date=20240406T052716, end_date=20240406T052722
[2024-04-06T05:27:22.689+0000] {local_task_job.py:164} INFO - Task exited with return code 0
[2024-04-06T05:27:22.939+0000] {local_task_job.py:273} INFO - 1 downstream tasks scheduled from follow-on schedule check
