[2024-04-10T03:46:15.850+0000] {taskinstance.py:1165} INFO - Dependencies all met for <TaskInstance: example_bash_operator.runme_2 scheduled__2024-04-09T00:00:00+00:00 [queued]>
[2024-04-10T03:46:16.009+0000] {taskinstance.py:1165} INFO - Dependencies all met for <TaskInstance: example_bash_operator.runme_2 scheduled__2024-04-09T00:00:00+00:00 [queued]>
[2024-04-10T03:46:16.028+0000] {taskinstance.py:1362} INFO - 
--------------------------------------------------------------------------------
[2024-04-10T03:46:16.029+0000] {taskinstance.py:1363} INFO - Starting attempt 1 of 1
[2024-04-10T03:46:16.035+0000] {taskinstance.py:1364} INFO - 
--------------------------------------------------------------------------------
[2024-04-10T03:46:16.263+0000] {taskinstance.py:1383} INFO - Executing <Task(BashOperator): runme_2> on 2024-04-09 00:00:00+00:00
[2024-04-10T03:46:16.407+0000] {standard_task_runner.py:55} INFO - Started process 13756 to run task
[2024-04-10T03:46:16.488+0000] {standard_task_runner.py:82} INFO - Running: ['***', 'tasks', 'run', 'example_bash_operator', 'runme_2', 'scheduled__2024-04-09T00:00:00+00:00', '--job-id', '173', '--raw', '--subdir', '/home/***/.local/lib/python3.7/site-packages/***/example_dags/example_bash_operator.py', '--cfg-path', '/tmp/tmpugh0co5f']
[2024-04-10T03:46:16.492+0000] {standard_task_runner.py:83} INFO - Job 173: Subtask runme_2
[2024-04-10T03:46:18.171+0000] {task_command.py:376} INFO - Running <TaskInstance: example_bash_operator.runme_2 scheduled__2024-04-09T00:00:00+00:00 [running]> on host a868c0c748e3
[2024-04-10T03:46:20.239+0000] {taskinstance.py:1592} INFO - Exporting the following env vars:
AIRFLOW_CTX_DAG_OWNER=***
AIRFLOW_CTX_DAG_ID=example_bash_operator
AIRFLOW_CTX_TASK_ID=runme_2
AIRFLOW_CTX_EXECUTION_DATE=2024-04-09T00:00:00+00:00
AIRFLOW_CTX_TRY_NUMBER=1
AIRFLOW_CTX_DAG_RUN_ID=scheduled__2024-04-09T00:00:00+00:00
[2024-04-10T03:46:20.245+0000] {subprocess.py:63} INFO - Tmp dir root location: 
 /tmp
[2024-04-10T03:46:20.258+0000] {subprocess.py:75} INFO - Running command: ['/bin/bash', '-c', 'echo "example_bash_operator__runme_2__20240409" && sleep 1']
[2024-04-10T03:46:20.642+0000] {subprocess.py:86} INFO - Output:
[2024-04-10T03:46:20.687+0000] {subprocess.py:93} INFO - example_bash_operator__runme_2__20240409
[2024-04-10T03:46:21.726+0000] {subprocess.py:97} INFO - Command exited with return code 0
[2024-04-10T03:46:21.910+0000] {taskinstance.py:1406} INFO - Marking task as SUCCESS. dag_id=example_bash_operator, task_id=runme_2, execution_date=20240409T000000, start_date=20240410T034615, end_date=20240410T034621
[2024-04-10T03:46:22.041+0000] {local_task_job.py:164} INFO - Task exited with return code 0
[2024-04-10T03:46:22.198+0000] {local_task_job.py:273} INFO - 0 downstream tasks scheduled from follow-on schedule check
