[2024-04-16T10:11:29.812+0000] {taskinstance.py:1165} INFO - Dependencies all met for <TaskInstance: parallel_dag.transform scheduled__2024-04-15T00:00:00+00:00 [queued]>
[2024-04-16T10:11:30.661+0000] {taskinstance.py:1165} INFO - Dependencies all met for <TaskInstance: parallel_dag.transform scheduled__2024-04-15T00:00:00+00:00 [queued]>
[2024-04-16T10:11:30.690+0000] {taskinstance.py:1362} INFO - 
--------------------------------------------------------------------------------
[2024-04-16T10:11:30.703+0000] {taskinstance.py:1363} INFO - Starting attempt 1 of 1
[2024-04-16T10:11:30.715+0000] {taskinstance.py:1364} INFO - 
--------------------------------------------------------------------------------
[2024-04-16T10:11:31.943+0000] {taskinstance.py:1383} INFO - Executing <Task(BashOperator): transform> on 2024-04-15 00:00:00+00:00
[2024-04-16T10:11:32.427+0000] {standard_task_runner.py:55} INFO - Started process 42388 to run task
[2024-04-16T10:11:32.900+0000] {standard_task_runner.py:82} INFO - Running: ['***', 'tasks', 'run', 'parallel_dag', 'transform', 'scheduled__2024-04-15T00:00:00+00:00', '--job-id', '282', '--raw', '--subdir', 'DAGS_FOLDER/parallel_dag.py', '--cfg-path', '/tmp/tmpcsz64rs1']
[2024-04-16T10:11:32.967+0000] {standard_task_runner.py:83} INFO - Job 282: Subtask transform
[2024-04-16T10:11:37.930+0000] {task_command.py:376} INFO - Running <TaskInstance: parallel_dag.transform scheduled__2024-04-15T00:00:00+00:00 [running]> on host a40666380f7f
[2024-04-16T10:11:45.176+0000] {taskinstance.py:1592} INFO - Exporting the following env vars:
AIRFLOW_CTX_DAG_OWNER=***
AIRFLOW_CTX_DAG_ID=parallel_dag
AIRFLOW_CTX_TASK_ID=transform
AIRFLOW_CTX_EXECUTION_DATE=2024-04-15T00:00:00+00:00
AIRFLOW_CTX_TRY_NUMBER=1
AIRFLOW_CTX_DAG_RUN_ID=scheduled__2024-04-15T00:00:00+00:00
[2024-04-16T10:11:45.245+0000] {subprocess.py:63} INFO - Tmp dir root location: 
 /tmp
[2024-04-16T10:11:45.268+0000] {subprocess.py:75} INFO - Running command: ['/bin/bash', '-c', 'sleep 20']
[2024-04-16T10:11:46.631+0000] {subprocess.py:86} INFO - Output:
[2024-04-16T10:12:06.949+0000] {subprocess.py:97} INFO - Command exited with return code 0
[2024-04-16T10:12:08.310+0000] {taskinstance.py:1406} INFO - Marking task as SUCCESS. dag_id=parallel_dag, task_id=transform, execution_date=20240415T000000, start_date=20240416T101129, end_date=20240416T101208
[2024-04-16T10:12:10.045+0000] {local_task_job.py:164} INFO - Task exited with return code 0
[2024-04-16T10:12:12.174+0000] {local_task_job.py:273} INFO - 0 downstream tasks scheduled from follow-on schedule check
