[2024-04-04T03:52:09.462+0000] {taskinstance.py:1165} INFO - Dependencies all met for <TaskInstance: parallel_dag.extract_b scheduled__2024-04-03T00:00:00+00:00 [queued]>
[2024-04-04T03:52:09.515+0000] {taskinstance.py:1165} INFO - Dependencies all met for <TaskInstance: parallel_dag.extract_b scheduled__2024-04-03T00:00:00+00:00 [queued]>
[2024-04-04T03:52:09.518+0000] {taskinstance.py:1362} INFO - 
--------------------------------------------------------------------------------
[2024-04-04T03:52:09.519+0000] {taskinstance.py:1363} INFO - Starting attempt 1 of 1
[2024-04-04T03:52:09.519+0000] {taskinstance.py:1364} INFO - 
--------------------------------------------------------------------------------
[2024-04-04T03:52:09.582+0000] {taskinstance.py:1383} INFO - Executing <Task(BashOperator): extract_b> on 2024-04-03 00:00:00+00:00
[2024-04-04T03:52:09.616+0000] {standard_task_runner.py:55} INFO - Started process 3152 to run task
[2024-04-04T03:52:09.780+0000] {standard_task_runner.py:82} INFO - Running: ['***', 'tasks', 'run', 'parallel_dag', 'extract_b', 'scheduled__2024-04-03T00:00:00+00:00', '--job-id', '92', '--raw', '--subdir', 'DAGS_FOLDER/parallel_dag.py', '--cfg-path', '/tmp/tmpp08y6n4c']
[2024-04-04T03:52:09.787+0000] {standard_task_runner.py:83} INFO - Job 92: Subtask extract_b
[2024-04-04T03:52:10.189+0000] {task_command.py:376} INFO - Running <TaskInstance: parallel_dag.extract_b scheduled__2024-04-03T00:00:00+00:00 [running]> on host a868c0c748e3
[2024-04-04T03:52:10.790+0000] {taskinstance.py:1592} INFO - Exporting the following env vars:
AIRFLOW_CTX_DAG_OWNER=***
AIRFLOW_CTX_DAG_ID=parallel_dag
AIRFLOW_CTX_TASK_ID=extract_b
AIRFLOW_CTX_EXECUTION_DATE=2024-04-03T00:00:00+00:00
AIRFLOW_CTX_TRY_NUMBER=1
AIRFLOW_CTX_DAG_RUN_ID=scheduled__2024-04-03T00:00:00+00:00
[2024-04-04T03:52:10.806+0000] {subprocess.py:63} INFO - Tmp dir root location: 
 /tmp
[2024-04-04T03:52:10.809+0000] {subprocess.py:75} INFO - Running command: ['/bin/bash', '-c', 'sleep 1']
[2024-04-04T03:52:11.128+0000] {subprocess.py:86} INFO - Output:
[2024-04-04T03:52:12.362+0000] {subprocess.py:97} INFO - Command exited with return code 0
[2024-04-04T03:52:14.488+0000] {taskinstance.py:1406} INFO - Marking task as SUCCESS. dag_id=parallel_dag, task_id=extract_b, execution_date=20240403T000000, start_date=20240404T035209, end_date=20240404T035214
[2024-04-04T03:52:20.013+0000] {local_task_job.py:164} INFO - Task exited with return code 0
[2024-04-04T03:52:22.713+0000] {local_task_job.py:273} INFO - 0 downstream tasks scheduled from follow-on schedule check
