[2024-03-31T12:55:32.036+0000] {taskinstance.py:1165} INFO - Dependencies all met for <TaskInstance: example_bash_operator.runme_1 scheduled__2024-03-30T00:00:00+00:00 [queued]>
[2024-03-31T12:55:32.143+0000] {taskinstance.py:1165} INFO - Dependencies all met for <TaskInstance: example_bash_operator.runme_1 scheduled__2024-03-30T00:00:00+00:00 [queued]>
[2024-03-31T12:55:32.149+0000] {taskinstance.py:1362} INFO - 
--------------------------------------------------------------------------------
[2024-03-31T12:55:32.156+0000] {taskinstance.py:1363} INFO - Starting attempt 1 of 1
[2024-03-31T12:55:32.160+0000] {taskinstance.py:1364} INFO - 
--------------------------------------------------------------------------------
[2024-03-31T12:55:32.418+0000] {taskinstance.py:1383} INFO - Executing <Task(BashOperator): runme_1> on 2024-03-30 00:00:00+00:00
[2024-03-31T12:55:32.508+0000] {standard_task_runner.py:55} INFO - Started process 8644 to run task
[2024-03-31T12:55:32.578+0000] {standard_task_runner.py:82} INFO - Running: ['***', 'tasks', 'run', 'example_bash_operator', 'runme_1', 'scheduled__2024-03-30T00:00:00+00:00', '--job-id', '63', '--raw', '--subdir', '/home/***/.local/lib/python3.7/site-packages/***/example_dags/example_bash_operator.py', '--cfg-path', '/tmp/tmpzkctcog2']
[2024-03-31T12:55:32.593+0000] {standard_task_runner.py:83} INFO - Job 63: Subtask runme_1
[2024-03-31T12:55:33.750+0000] {task_command.py:376} INFO - Running <TaskInstance: example_bash_operator.runme_1 scheduled__2024-03-30T00:00:00+00:00 [running]> on host 0245ea477832
[2024-03-31T12:55:34.353+0000] {taskinstance.py:1592} INFO - Exporting the following env vars:
AIRFLOW_CTX_DAG_OWNER=***
AIRFLOW_CTX_DAG_ID=example_bash_operator
AIRFLOW_CTX_TASK_ID=runme_1
AIRFLOW_CTX_EXECUTION_DATE=2024-03-30T00:00:00+00:00
AIRFLOW_CTX_TRY_NUMBER=1
AIRFLOW_CTX_DAG_RUN_ID=scheduled__2024-03-30T00:00:00+00:00
[2024-03-31T12:55:34.356+0000] {subprocess.py:63} INFO - Tmp dir root location: 
 /tmp
[2024-03-31T12:55:34.363+0000] {subprocess.py:75} INFO - Running command: ['/bin/bash', '-c', 'echo "example_bash_operator__runme_1__20240330" && sleep 1']
[2024-03-31T12:55:34.471+0000] {subprocess.py:86} INFO - Output:
[2024-03-31T12:55:34.534+0000] {subprocess.py:93} INFO - example_bash_operator__runme_1__20240330
[2024-03-31T12:55:35.556+0000] {subprocess.py:97} INFO - Command exited with return code 0
[2024-03-31T12:55:35.692+0000] {taskinstance.py:1406} INFO - Marking task as SUCCESS. dag_id=example_bash_operator, task_id=runme_1, execution_date=20240330T000000, start_date=20240331T125532, end_date=20240331T125535
[2024-03-31T12:55:35.886+0000] {local_task_job.py:164} INFO - Task exited with return code 0
[2024-03-31T12:55:36.198+0000] {local_task_job.py:273} INFO - 0 downstream tasks scheduled from follow-on schedule check
