[2024-03-30T21:22:01.030+0000] {taskinstance.py:1165} INFO - Dependencies all met for <TaskInstance: example_bash_operator.this_will_skip scheduled__2024-03-29T00:00:00+00:00 [queued]>
[2024-03-30T21:22:01.164+0000] {taskinstance.py:1165} INFO - Dependencies all met for <TaskInstance: example_bash_operator.this_will_skip scheduled__2024-03-29T00:00:00+00:00 [queued]>
[2024-03-30T21:22:01.166+0000] {taskinstance.py:1362} INFO - 
--------------------------------------------------------------------------------
[2024-03-30T21:22:01.170+0000] {taskinstance.py:1363} INFO - Starting attempt 1 of 1
[2024-03-30T21:22:01.176+0000] {taskinstance.py:1364} INFO - 
--------------------------------------------------------------------------------
[2024-03-30T21:22:01.359+0000] {taskinstance.py:1383} INFO - Executing <Task(BashOperator): this_will_skip> on 2024-03-29 00:00:00+00:00
[2024-03-30T21:22:01.397+0000] {standard_task_runner.py:55} INFO - Started process 8614 to run task
[2024-03-30T21:22:01.465+0000] {standard_task_runner.py:82} INFO - Running: ['***', 'tasks', 'run', 'example_bash_operator', 'this_will_skip', 'scheduled__2024-03-29T00:00:00+00:00', '--job-id', '58', '--raw', '--subdir', '/home/***/.local/lib/python3.7/site-packages/***/example_dags/example_bash_operator.py', '--cfg-path', '/tmp/tmpoaka97ur']
[2024-03-30T21:22:01.474+0000] {standard_task_runner.py:83} INFO - Job 58: Subtask this_will_skip
[2024-03-30T21:22:03.409+0000] {task_command.py:376} INFO - Running <TaskInstance: example_bash_operator.this_will_skip scheduled__2024-03-29T00:00:00+00:00 [running]> on host 0245ea477832
[2024-03-30T21:22:05.103+0000] {taskinstance.py:1592} INFO - Exporting the following env vars:
AIRFLOW_CTX_DAG_OWNER=***
AIRFLOW_CTX_DAG_ID=example_bash_operator
AIRFLOW_CTX_TASK_ID=this_will_skip
AIRFLOW_CTX_EXECUTION_DATE=2024-03-29T00:00:00+00:00
AIRFLOW_CTX_TRY_NUMBER=1
AIRFLOW_CTX_DAG_RUN_ID=scheduled__2024-03-29T00:00:00+00:00
[2024-03-30T21:22:05.115+0000] {subprocess.py:63} INFO - Tmp dir root location: 
 /tmp
[2024-03-30T21:22:05.140+0000] {subprocess.py:75} INFO - Running command: ['/bin/bash', '-c', 'echo "hello world"; exit 99;']
[2024-03-30T21:22:05.311+0000] {subprocess.py:86} INFO - Output:
[2024-03-30T21:22:05.333+0000] {subprocess.py:93} INFO - hello world
[2024-03-30T21:22:05.335+0000] {subprocess.py:97} INFO - Command exited with return code 99
[2024-03-30T21:22:05.348+0000] {taskinstance.py:1481} INFO - Bash command returned exit code 99. Skipping.
[2024-03-30T21:22:05.400+0000] {taskinstance.py:1406} INFO - Marking task as SKIPPED. dag_id=example_bash_operator, task_id=this_will_skip, execution_date=20240329T000000, start_date=20240330T212201, end_date=20240330T212205
[2024-03-30T21:22:05.526+0000] {local_task_job.py:164} INFO - Task exited with return code 0
[2024-03-30T21:22:05.659+0000] {local_task_job.py:273} INFO - 0 downstream tasks scheduled from follow-on schedule check
