[2024-04-11T15:17:37.310+0000] {taskinstance.py:1165} INFO - Dependencies all met for <TaskInstance: parallel_dag.load_b scheduled__2024-04-10T00:00:00+00:00 [queued]>
[2024-04-11T15:17:37.574+0000] {taskinstance.py:1165} INFO - Dependencies all met for <TaskInstance: parallel_dag.load_b scheduled__2024-04-10T00:00:00+00:00 [queued]>
[2024-04-11T15:17:37.599+0000] {taskinstance.py:1362} INFO - 
--------------------------------------------------------------------------------
[2024-04-11T15:17:37.610+0000] {taskinstance.py:1363} INFO - Starting attempt 1 of 1
[2024-04-11T15:17:37.613+0000] {taskinstance.py:1364} INFO - 
--------------------------------------------------------------------------------
[2024-04-11T15:17:37.966+0000] {taskinstance.py:1383} INFO - Executing <Task(BashOperator): load_b> on 2024-04-10 00:00:00+00:00
[2024-04-11T15:17:38.038+0000] {standard_task_runner.py:55} INFO - Started process 16294 to run task
[2024-04-11T15:17:38.201+0000] {standard_task_runner.py:82} INFO - Running: ['***', 'tasks', 'run', 'parallel_dag', 'load_b', 'scheduled__2024-04-10T00:00:00+00:00', '--job-id', '203', '--raw', '--subdir', 'DAGS_FOLDER/parallel_dag.py', '--cfg-path', '/tmp/tmpm4a5f1ea']
[2024-04-11T15:17:38.232+0000] {standard_task_runner.py:83} INFO - Job 203: Subtask load_b
[2024-04-11T15:17:39.492+0000] {task_command.py:376} INFO - Running <TaskInstance: parallel_dag.load_b scheduled__2024-04-10T00:00:00+00:00 [running]> on host a868c0c748e3
[2024-04-11T15:17:41.731+0000] {taskinstance.py:1592} INFO - Exporting the following env vars:
AIRFLOW_CTX_DAG_OWNER=***
AIRFLOW_CTX_DAG_ID=parallel_dag
AIRFLOW_CTX_TASK_ID=load_b
AIRFLOW_CTX_EXECUTION_DATE=2024-04-10T00:00:00+00:00
AIRFLOW_CTX_TRY_NUMBER=1
AIRFLOW_CTX_DAG_RUN_ID=scheduled__2024-04-10T00:00:00+00:00
[2024-04-11T15:17:41.735+0000] {subprocess.py:63} INFO - Tmp dir root location: 
 /tmp
[2024-04-11T15:17:41.756+0000] {subprocess.py:75} INFO - Running command: ['/bin/bash', '-c', 'sleep 1']
[2024-04-11T15:17:42.008+0000] {subprocess.py:86} INFO - Output:
[2024-04-11T15:17:43.061+0000] {subprocess.py:97} INFO - Command exited with return code 0
[2024-04-11T15:17:43.436+0000] {taskinstance.py:1406} INFO - Marking task as SUCCESS. dag_id=parallel_dag, task_id=load_b, execution_date=20240410T000000, start_date=20240411T151737, end_date=20240411T151743
[2024-04-11T15:17:43.567+0000] {local_task_job.py:164} INFO - Task exited with return code 0
[2024-04-11T15:17:43.691+0000] {local_task_job.py:273} INFO - 1 downstream tasks scheduled from follow-on schedule check
