[2024-04-16T10:10:06.916+0000] {processor.py:154} INFO - Started process (PID=23902) to work on /home/airflow/.local/lib/python3.7/site-packages/airflow/example_dags/example_nested_branch_dag.py
[2024-04-16T10:10:06.951+0000] {processor.py:756} INFO - Processing file /home/airflow/.local/lib/python3.7/site-packages/airflow/example_dags/example_nested_branch_dag.py for tasks to queue
[2024-04-16T10:10:07.059+0000] {logging_mixin.py:120} INFO - [2024-04-16T10:10:07.015+0000] {dagbag.py:537} INFO - Filling up the DagBag from /home/airflow/.local/lib/python3.7/site-packages/airflow/example_dags/example_nested_branch_dag.py
[2024-04-16T10:10:09.733+0000] {processor.py:766} INFO - DAG(s) dict_keys(['example_nested_branch_dag']) retrieved from /home/airflow/.local/lib/python3.7/site-packages/airflow/example_dags/example_nested_branch_dag.py
[2024-04-16T10:10:13.764+0000] {logging_mixin.py:120} INFO - [2024-04-16T10:10:13.733+0000] {dag.py:2585} INFO - Sync 1 DAGs
[2024-04-16T10:10:17.185+0000] {logging_mixin.py:120} INFO - [2024-04-16T10:10:17.165+0000] {dag.py:3340} INFO - Setting next_dagrun for example_nested_branch_dag to 2024-04-15T00:00:00+00:00, run_after=2024-04-16T00:00:00+00:00
[2024-04-16T10:10:19.639+0000] {processor.py:176} INFO - Processing /home/airflow/.local/lib/python3.7/site-packages/airflow/example_dags/example_nested_branch_dag.py took 13.016 seconds
[2024-04-16T10:23:28.523+0000] {processor.py:154} INFO - Started process (PID=104) to work on /home/airflow/.local/lib/python3.7/site-packages/airflow/example_dags/example_nested_branch_dag.py
[2024-04-16T10:23:28.526+0000] {processor.py:756} INFO - Processing file /home/airflow/.local/lib/python3.7/site-packages/airflow/example_dags/example_nested_branch_dag.py for tasks to queue
[2024-04-16T10:23:28.528+0000] {logging_mixin.py:120} INFO - [2024-04-16T10:23:28.528+0000] {dagbag.py:537} INFO - Filling up the DagBag from /home/airflow/.local/lib/python3.7/site-packages/airflow/example_dags/example_nested_branch_dag.py
[2024-04-16T10:23:28.813+0000] {processor.py:766} INFO - DAG(s) dict_keys(['example_nested_branch_dag']) retrieved from /home/airflow/.local/lib/python3.7/site-packages/airflow/example_dags/example_nested_branch_dag.py
[2024-04-16T10:23:29.084+0000] {logging_mixin.py:120} INFO - [2024-04-16T10:23:29.084+0000] {dag.py:2585} INFO - Sync 1 DAGs
[2024-04-16T10:23:29.307+0000] {logging_mixin.py:120} INFO - [2024-04-16T10:23:29.306+0000] {dag.py:3340} INFO - Setting next_dagrun for example_nested_branch_dag to 2024-04-15T00:00:00+00:00, run_after=2024-04-16T00:00:00+00:00
[2024-04-16T10:23:29.400+0000] {processor.py:176} INFO - Processing /home/airflow/.local/lib/python3.7/site-packages/airflow/example_dags/example_nested_branch_dag.py took 0.900 seconds
[2024-04-16T10:24:05.803+0000] {processor.py:154} INFO - Started process (PID=179) to work on /home/airflow/.local/lib/python3.7/site-packages/airflow/example_dags/example_nested_branch_dag.py
[2024-04-16T10:24:05.805+0000] {processor.py:756} INFO - Processing file /home/airflow/.local/lib/python3.7/site-packages/airflow/example_dags/example_nested_branch_dag.py for tasks to queue
[2024-04-16T10:24:05.808+0000] {logging_mixin.py:120} INFO - [2024-04-16T10:24:05.808+0000] {dagbag.py:537} INFO - Filling up the DagBag from /home/airflow/.local/lib/python3.7/site-packages/airflow/example_dags/example_nested_branch_dag.py
[2024-04-16T10:24:05.865+0000] {processor.py:766} INFO - DAG(s) dict_keys(['example_nested_branch_dag']) retrieved from /home/airflow/.local/lib/python3.7/site-packages/airflow/example_dags/example_nested_branch_dag.py
[2024-04-16T10:24:05.943+0000] {logging_mixin.py:120} INFO - [2024-04-16T10:24:05.943+0000] {dag.py:2585} INFO - Sync 1 DAGs
[2024-04-16T10:24:06.009+0000] {logging_mixin.py:120} INFO - [2024-04-16T10:24:06.009+0000] {dag.py:3340} INFO - Setting next_dagrun for example_nested_branch_dag to 2024-04-15T00:00:00+00:00, run_after=2024-04-16T00:00:00+00:00
[2024-04-16T10:24:06.039+0000] {processor.py:176} INFO - Processing /home/airflow/.local/lib/python3.7/site-packages/airflow/example_dags/example_nested_branch_dag.py took 0.243 seconds
[2024-04-16T10:24:56.040+0000] {processor.py:154} INFO - Started process (PID=258) to work on /home/airflow/.local/lib/python3.7/site-packages/airflow/example_dags/example_nested_branch_dag.py
[2024-04-16T10:24:56.043+0000] {processor.py:756} INFO - Processing file /home/airflow/.local/lib/python3.7/site-packages/airflow/example_dags/example_nested_branch_dag.py for tasks to queue
[2024-04-16T10:24:56.045+0000] {logging_mixin.py:120} INFO - [2024-04-16T10:24:56.044+0000] {dagbag.py:537} INFO - Filling up the DagBag from /home/airflow/.local/lib/python3.7/site-packages/airflow/example_dags/example_nested_branch_dag.py
[2024-04-16T10:24:56.087+0000] {processor.py:766} INFO - DAG(s) dict_keys(['example_nested_branch_dag']) retrieved from /home/airflow/.local/lib/python3.7/site-packages/airflow/example_dags/example_nested_branch_dag.py
[2024-04-16T10:24:56.160+0000] {logging_mixin.py:120} INFO - [2024-04-16T10:24:56.159+0000] {dag.py:2585} INFO - Sync 1 DAGs
[2024-04-16T10:24:56.205+0000] {logging_mixin.py:120} INFO - [2024-04-16T10:24:56.205+0000] {dag.py:3340} INFO - Setting next_dagrun for example_nested_branch_dag to 2024-04-15T00:00:00+00:00, run_after=2024-04-16T00:00:00+00:00
[2024-04-16T10:24:56.270+0000] {processor.py:176} INFO - Processing /home/airflow/.local/lib/python3.7/site-packages/airflow/example_dags/example_nested_branch_dag.py took 0.236 seconds
[2024-04-16T10:25:28.247+0000] {processor.py:154} INFO - Started process (PID=336) to work on /home/airflow/.local/lib/python3.7/site-packages/airflow/example_dags/example_nested_branch_dag.py
[2024-04-16T10:25:28.253+0000] {processor.py:756} INFO - Processing file /home/airflow/.local/lib/python3.7/site-packages/airflow/example_dags/example_nested_branch_dag.py for tasks to queue
[2024-04-16T10:25:28.258+0000] {logging_mixin.py:120} INFO - [2024-04-16T10:25:28.258+0000] {dagbag.py:537} INFO - Filling up the DagBag from /home/airflow/.local/lib/python3.7/site-packages/airflow/example_dags/example_nested_branch_dag.py
[2024-04-16T10:25:28.348+0000] {processor.py:766} INFO - DAG(s) dict_keys(['example_nested_branch_dag']) retrieved from /home/airflow/.local/lib/python3.7/site-packages/airflow/example_dags/example_nested_branch_dag.py
[2024-04-16T10:25:28.414+0000] {logging_mixin.py:120} INFO - [2024-04-16T10:25:28.414+0000] {dag.py:2585} INFO - Sync 1 DAGs
[2024-04-16T10:25:28.459+0000] {logging_mixin.py:120} INFO - [2024-04-16T10:25:28.459+0000] {dag.py:3340} INFO - Setting next_dagrun for example_nested_branch_dag to 2024-04-15T00:00:00+00:00, run_after=2024-04-16T00:00:00+00:00
[2024-04-16T10:25:28.488+0000] {processor.py:176} INFO - Processing /home/airflow/.local/lib/python3.7/site-packages/airflow/example_dags/example_nested_branch_dag.py took 0.260 seconds
[2024-04-16T10:26:11.138+0000] {processor.py:154} INFO - Started process (PID=418) to work on /home/airflow/.local/lib/python3.7/site-packages/airflow/example_dags/example_nested_branch_dag.py
[2024-04-16T10:26:11.141+0000] {processor.py:756} INFO - Processing file /home/airflow/.local/lib/python3.7/site-packages/airflow/example_dags/example_nested_branch_dag.py for tasks to queue
[2024-04-16T10:26:11.143+0000] {logging_mixin.py:120} INFO - [2024-04-16T10:26:11.142+0000] {dagbag.py:537} INFO - Filling up the DagBag from /home/airflow/.local/lib/python3.7/site-packages/airflow/example_dags/example_nested_branch_dag.py
[2024-04-16T10:26:11.178+0000] {processor.py:766} INFO - DAG(s) dict_keys(['example_nested_branch_dag']) retrieved from /home/airflow/.local/lib/python3.7/site-packages/airflow/example_dags/example_nested_branch_dag.py
[2024-04-16T10:26:11.248+0000] {logging_mixin.py:120} INFO - [2024-04-16T10:26:11.248+0000] {dag.py:2585} INFO - Sync 1 DAGs
[2024-04-16T10:26:11.303+0000] {logging_mixin.py:120} INFO - [2024-04-16T10:26:11.302+0000] {dag.py:3340} INFO - Setting next_dagrun for example_nested_branch_dag to 2024-04-15T00:00:00+00:00, run_after=2024-04-16T00:00:00+00:00
[2024-04-16T10:26:11.343+0000] {processor.py:176} INFO - Processing /home/airflow/.local/lib/python3.7/site-packages/airflow/example_dags/example_nested_branch_dag.py took 0.211 seconds
[2024-04-16T10:26:42.857+0000] {processor.py:154} INFO - Started process (PID=489) to work on /home/airflow/.local/lib/python3.7/site-packages/airflow/example_dags/example_nested_branch_dag.py
[2024-04-16T10:26:42.859+0000] {processor.py:756} INFO - Processing file /home/airflow/.local/lib/python3.7/site-packages/airflow/example_dags/example_nested_branch_dag.py for tasks to queue
[2024-04-16T10:26:42.861+0000] {logging_mixin.py:120} INFO - [2024-04-16T10:26:42.861+0000] {dagbag.py:537} INFO - Filling up the DagBag from /home/airflow/.local/lib/python3.7/site-packages/airflow/example_dags/example_nested_branch_dag.py
[2024-04-16T10:26:42.899+0000] {processor.py:766} INFO - DAG(s) dict_keys(['example_nested_branch_dag']) retrieved from /home/airflow/.local/lib/python3.7/site-packages/airflow/example_dags/example_nested_branch_dag.py
[2024-04-16T10:26:42.972+0000] {logging_mixin.py:120} INFO - [2024-04-16T10:26:42.971+0000] {dag.py:2585} INFO - Sync 1 DAGs
[2024-04-16T10:26:43.022+0000] {logging_mixin.py:120} INFO - [2024-04-16T10:26:43.021+0000] {dag.py:3340} INFO - Setting next_dagrun for example_nested_branch_dag to 2024-04-15T00:00:00+00:00, run_after=2024-04-16T00:00:00+00:00
[2024-04-16T10:26:43.061+0000] {processor.py:176} INFO - Processing /home/airflow/.local/lib/python3.7/site-packages/airflow/example_dags/example_nested_branch_dag.py took 0.209 seconds
[2024-04-16T10:27:14.241+0000] {processor.py:154} INFO - Started process (PID=559) to work on /home/airflow/.local/lib/python3.7/site-packages/airflow/example_dags/example_nested_branch_dag.py
[2024-04-16T10:27:14.243+0000] {processor.py:756} INFO - Processing file /home/airflow/.local/lib/python3.7/site-packages/airflow/example_dags/example_nested_branch_dag.py for tasks to queue
[2024-04-16T10:27:14.244+0000] {logging_mixin.py:120} INFO - [2024-04-16T10:27:14.244+0000] {dagbag.py:537} INFO - Filling up the DagBag from /home/airflow/.local/lib/python3.7/site-packages/airflow/example_dags/example_nested_branch_dag.py
[2024-04-16T10:27:14.280+0000] {processor.py:766} INFO - DAG(s) dict_keys(['example_nested_branch_dag']) retrieved from /home/airflow/.local/lib/python3.7/site-packages/airflow/example_dags/example_nested_branch_dag.py
[2024-04-16T10:27:14.344+0000] {logging_mixin.py:120} INFO - [2024-04-16T10:27:14.344+0000] {dag.py:2585} INFO - Sync 1 DAGs
[2024-04-16T10:27:14.390+0000] {logging_mixin.py:120} INFO - [2024-04-16T10:27:14.390+0000] {dag.py:3340} INFO - Setting next_dagrun for example_nested_branch_dag to 2024-04-15T00:00:00+00:00, run_after=2024-04-16T00:00:00+00:00
[2024-04-16T10:27:14.429+0000] {processor.py:176} INFO - Processing /home/airflow/.local/lib/python3.7/site-packages/airflow/example_dags/example_nested_branch_dag.py took 0.194 seconds
[2024-04-16T10:27:45.389+0000] {processor.py:154} INFO - Started process (PID=639) to work on /home/airflow/.local/lib/python3.7/site-packages/airflow/example_dags/example_nested_branch_dag.py
[2024-04-16T10:27:45.391+0000] {processor.py:756} INFO - Processing file /home/airflow/.local/lib/python3.7/site-packages/airflow/example_dags/example_nested_branch_dag.py for tasks to queue
[2024-04-16T10:27:45.393+0000] {logging_mixin.py:120} INFO - [2024-04-16T10:27:45.392+0000] {dagbag.py:537} INFO - Filling up the DagBag from /home/airflow/.local/lib/python3.7/site-packages/airflow/example_dags/example_nested_branch_dag.py
[2024-04-16T10:27:45.431+0000] {processor.py:766} INFO - DAG(s) dict_keys(['example_nested_branch_dag']) retrieved from /home/airflow/.local/lib/python3.7/site-packages/airflow/example_dags/example_nested_branch_dag.py
[2024-04-16T10:27:45.496+0000] {logging_mixin.py:120} INFO - [2024-04-16T10:27:45.496+0000] {dag.py:2585} INFO - Sync 1 DAGs
[2024-04-16T10:27:45.538+0000] {logging_mixin.py:120} INFO - [2024-04-16T10:27:45.538+0000] {dag.py:3340} INFO - Setting next_dagrun for example_nested_branch_dag to 2024-04-15T00:00:00+00:00, run_after=2024-04-16T00:00:00+00:00
[2024-04-16T10:27:45.582+0000] {processor.py:176} INFO - Processing /home/airflow/.local/lib/python3.7/site-packages/airflow/example_dags/example_nested_branch_dag.py took 0.196 seconds
[2024-04-16T13:04:20.671+0000] {processor.py:154} INFO - Started process (PID=745) to work on /home/airflow/.local/lib/python3.7/site-packages/airflow/example_dags/example_nested_branch_dag.py
[2024-04-16T13:04:20.674+0000] {processor.py:756} INFO - Processing file /home/airflow/.local/lib/python3.7/site-packages/airflow/example_dags/example_nested_branch_dag.py for tasks to queue
[2024-04-16T13:04:20.681+0000] {logging_mixin.py:120} INFO - [2024-04-16T13:04:20.680+0000] {dagbag.py:537} INFO - Filling up the DagBag from /home/airflow/.local/lib/python3.7/site-packages/airflow/example_dags/example_nested_branch_dag.py
[2024-04-16T13:04:20.726+0000] {processor.py:766} INFO - DAG(s) dict_keys(['example_nested_branch_dag']) retrieved from /home/airflow/.local/lib/python3.7/site-packages/airflow/example_dags/example_nested_branch_dag.py
[2024-04-16T13:04:20.809+0000] {logging_mixin.py:120} INFO - [2024-04-16T13:04:20.809+0000] {dag.py:2585} INFO - Sync 1 DAGs
[2024-04-16T13:04:20.854+0000] {logging_mixin.py:120} INFO - [2024-04-16T13:04:20.854+0000] {dag.py:3340} INFO - Setting next_dagrun for example_nested_branch_dag to 2024-04-15T00:00:00+00:00, run_after=2024-04-16T00:00:00+00:00
[2024-04-16T13:04:20.889+0000] {processor.py:176} INFO - Processing /home/airflow/.local/lib/python3.7/site-packages/airflow/example_dags/example_nested_branch_dag.py took 0.224 seconds
[2024-04-16T13:04:52.285+0000] {processor.py:154} INFO - Started process (PID=816) to work on /home/airflow/.local/lib/python3.7/site-packages/airflow/example_dags/example_nested_branch_dag.py
[2024-04-16T13:04:52.288+0000] {processor.py:756} INFO - Processing file /home/airflow/.local/lib/python3.7/site-packages/airflow/example_dags/example_nested_branch_dag.py for tasks to queue
[2024-04-16T13:04:52.290+0000] {logging_mixin.py:120} INFO - [2024-04-16T13:04:52.290+0000] {dagbag.py:537} INFO - Filling up the DagBag from /home/airflow/.local/lib/python3.7/site-packages/airflow/example_dags/example_nested_branch_dag.py
[2024-04-16T13:04:52.335+0000] {processor.py:766} INFO - DAG(s) dict_keys(['example_nested_branch_dag']) retrieved from /home/airflow/.local/lib/python3.7/site-packages/airflow/example_dags/example_nested_branch_dag.py
[2024-04-16T13:04:52.414+0000] {logging_mixin.py:120} INFO - [2024-04-16T13:04:52.413+0000] {dag.py:2585} INFO - Sync 1 DAGs
[2024-04-16T13:04:52.453+0000] {logging_mixin.py:120} INFO - [2024-04-16T13:04:52.453+0000] {dag.py:3340} INFO - Setting next_dagrun for example_nested_branch_dag to 2024-04-15T00:00:00+00:00, run_after=2024-04-16T00:00:00+00:00
[2024-04-16T13:04:52.488+0000] {processor.py:176} INFO - Processing /home/airflow/.local/lib/python3.7/site-packages/airflow/example_dags/example_nested_branch_dag.py took 0.209 seconds
[2024-04-16T13:05:23.510+0000] {processor.py:154} INFO - Started process (PID=895) to work on /home/airflow/.local/lib/python3.7/site-packages/airflow/example_dags/example_nested_branch_dag.py
[2024-04-16T13:05:23.513+0000] {processor.py:756} INFO - Processing file /home/airflow/.local/lib/python3.7/site-packages/airflow/example_dags/example_nested_branch_dag.py for tasks to queue
[2024-04-16T13:05:23.518+0000] {logging_mixin.py:120} INFO - [2024-04-16T13:05:23.518+0000] {dagbag.py:537} INFO - Filling up the DagBag from /home/airflow/.local/lib/python3.7/site-packages/airflow/example_dags/example_nested_branch_dag.py
[2024-04-16T13:05:23.563+0000] {processor.py:766} INFO - DAG(s) dict_keys(['example_nested_branch_dag']) retrieved from /home/airflow/.local/lib/python3.7/site-packages/airflow/example_dags/example_nested_branch_dag.py
[2024-04-16T13:05:23.646+0000] {logging_mixin.py:120} INFO - [2024-04-16T13:05:23.646+0000] {dag.py:2585} INFO - Sync 1 DAGs
[2024-04-16T13:05:23.694+0000] {logging_mixin.py:120} INFO - [2024-04-16T13:05:23.694+0000] {dag.py:3340} INFO - Setting next_dagrun for example_nested_branch_dag to 2024-04-15T00:00:00+00:00, run_after=2024-04-16T00:00:00+00:00
[2024-04-16T13:05:23.734+0000] {processor.py:176} INFO - Processing /home/airflow/.local/lib/python3.7/site-packages/airflow/example_dags/example_nested_branch_dag.py took 0.229 seconds
[2024-04-16T13:05:54.517+0000] {processor.py:154} INFO - Started process (PID=964) to work on /home/airflow/.local/lib/python3.7/site-packages/airflow/example_dags/example_nested_branch_dag.py
[2024-04-16T13:05:54.520+0000] {processor.py:756} INFO - Processing file /home/airflow/.local/lib/python3.7/site-packages/airflow/example_dags/example_nested_branch_dag.py for tasks to queue
[2024-04-16T13:05:54.523+0000] {logging_mixin.py:120} INFO - [2024-04-16T13:05:54.523+0000] {dagbag.py:537} INFO - Filling up the DagBag from /home/airflow/.local/lib/python3.7/site-packages/airflow/example_dags/example_nested_branch_dag.py
[2024-04-16T13:05:54.563+0000] {processor.py:766} INFO - DAG(s) dict_keys(['example_nested_branch_dag']) retrieved from /home/airflow/.local/lib/python3.7/site-packages/airflow/example_dags/example_nested_branch_dag.py
[2024-04-16T13:05:54.639+0000] {logging_mixin.py:120} INFO - [2024-04-16T13:05:54.639+0000] {dag.py:2585} INFO - Sync 1 DAGs
[2024-04-16T13:05:54.679+0000] {logging_mixin.py:120} INFO - [2024-04-16T13:05:54.679+0000] {dag.py:3340} INFO - Setting next_dagrun for example_nested_branch_dag to 2024-04-15T00:00:00+00:00, run_after=2024-04-16T00:00:00+00:00
[2024-04-16T13:05:54.712+0000] {processor.py:176} INFO - Processing /home/airflow/.local/lib/python3.7/site-packages/airflow/example_dags/example_nested_branch_dag.py took 0.205 seconds
[2024-04-16T13:06:32.805+0000] {processor.py:154} INFO - Started process (PID=1043) to work on /home/airflow/.local/lib/python3.7/site-packages/airflow/example_dags/example_nested_branch_dag.py
[2024-04-16T13:06:32.808+0000] {processor.py:756} INFO - Processing file /home/airflow/.local/lib/python3.7/site-packages/airflow/example_dags/example_nested_branch_dag.py for tasks to queue
[2024-04-16T13:06:32.810+0000] {logging_mixin.py:120} INFO - [2024-04-16T13:06:32.810+0000] {dagbag.py:537} INFO - Filling up the DagBag from /home/airflow/.local/lib/python3.7/site-packages/airflow/example_dags/example_nested_branch_dag.py
[2024-04-16T13:06:32.856+0000] {processor.py:766} INFO - DAG(s) dict_keys(['example_nested_branch_dag']) retrieved from /home/airflow/.local/lib/python3.7/site-packages/airflow/example_dags/example_nested_branch_dag.py
[2024-04-16T13:06:32.924+0000] {logging_mixin.py:120} INFO - [2024-04-16T13:06:32.924+0000] {dag.py:2585} INFO - Sync 1 DAGs
[2024-04-16T13:06:32.971+0000] {logging_mixin.py:120} INFO - [2024-04-16T13:06:32.971+0000] {dag.py:3340} INFO - Setting next_dagrun for example_nested_branch_dag to 2024-04-15T00:00:00+00:00, run_after=2024-04-16T00:00:00+00:00
[2024-04-16T13:06:33.012+0000] {processor.py:176} INFO - Processing /home/airflow/.local/lib/python3.7/site-packages/airflow/example_dags/example_nested_branch_dag.py took 0.212 seconds
[2024-04-16T13:07:03.451+0000] {processor.py:154} INFO - Started process (PID=1111) to work on /home/airflow/.local/lib/python3.7/site-packages/airflow/example_dags/example_nested_branch_dag.py
[2024-04-16T13:07:03.454+0000] {processor.py:756} INFO - Processing file /home/airflow/.local/lib/python3.7/site-packages/airflow/example_dags/example_nested_branch_dag.py for tasks to queue
[2024-04-16T13:07:03.456+0000] {logging_mixin.py:120} INFO - [2024-04-16T13:07:03.456+0000] {dagbag.py:537} INFO - Filling up the DagBag from /home/airflow/.local/lib/python3.7/site-packages/airflow/example_dags/example_nested_branch_dag.py
[2024-04-16T13:07:03.495+0000] {processor.py:766} INFO - DAG(s) dict_keys(['example_nested_branch_dag']) retrieved from /home/airflow/.local/lib/python3.7/site-packages/airflow/example_dags/example_nested_branch_dag.py
[2024-04-16T13:07:03.601+0000] {logging_mixin.py:120} INFO - [2024-04-16T13:07:03.601+0000] {dag.py:2585} INFO - Sync 1 DAGs
[2024-04-16T13:07:03.676+0000] {logging_mixin.py:120} INFO - [2024-04-16T13:07:03.675+0000] {dag.py:3340} INFO - Setting next_dagrun for example_nested_branch_dag to 2024-04-15T00:00:00+00:00, run_after=2024-04-16T00:00:00+00:00
[2024-04-16T13:07:03.746+0000] {processor.py:176} INFO - Processing /home/airflow/.local/lib/python3.7/site-packages/airflow/example_dags/example_nested_branch_dag.py took 0.302 seconds
[2024-04-16T13:07:35.198+0000] {processor.py:154} INFO - Started process (PID=1190) to work on /home/airflow/.local/lib/python3.7/site-packages/airflow/example_dags/example_nested_branch_dag.py
[2024-04-16T13:07:35.201+0000] {processor.py:756} INFO - Processing file /home/airflow/.local/lib/python3.7/site-packages/airflow/example_dags/example_nested_branch_dag.py for tasks to queue
[2024-04-16T13:07:35.203+0000] {logging_mixin.py:120} INFO - [2024-04-16T13:07:35.203+0000] {dagbag.py:537} INFO - Filling up the DagBag from /home/airflow/.local/lib/python3.7/site-packages/airflow/example_dags/example_nested_branch_dag.py
[2024-04-16T13:07:35.245+0000] {processor.py:766} INFO - DAG(s) dict_keys(['example_nested_branch_dag']) retrieved from /home/airflow/.local/lib/python3.7/site-packages/airflow/example_dags/example_nested_branch_dag.py
[2024-04-16T13:07:35.324+0000] {logging_mixin.py:120} INFO - [2024-04-16T13:07:35.324+0000] {dag.py:2585} INFO - Sync 1 DAGs
[2024-04-16T13:07:35.364+0000] {logging_mixin.py:120} INFO - [2024-04-16T13:07:35.364+0000] {dag.py:3340} INFO - Setting next_dagrun for example_nested_branch_dag to 2024-04-15T00:00:00+00:00, run_after=2024-04-16T00:00:00+00:00
[2024-04-16T13:07:35.396+0000] {processor.py:176} INFO - Processing /home/airflow/.local/lib/python3.7/site-packages/airflow/example_dags/example_nested_branch_dag.py took 0.204 seconds
[2024-04-16T13:08:06.332+0000] {processor.py:154} INFO - Started process (PID=1258) to work on /home/airflow/.local/lib/python3.7/site-packages/airflow/example_dags/example_nested_branch_dag.py
[2024-04-16T13:08:06.335+0000] {processor.py:756} INFO - Processing file /home/airflow/.local/lib/python3.7/site-packages/airflow/example_dags/example_nested_branch_dag.py for tasks to queue
[2024-04-16T13:08:06.338+0000] {logging_mixin.py:120} INFO - [2024-04-16T13:08:06.338+0000] {dagbag.py:537} INFO - Filling up the DagBag from /home/airflow/.local/lib/python3.7/site-packages/airflow/example_dags/example_nested_branch_dag.py
[2024-04-16T13:08:06.379+0000] {processor.py:766} INFO - DAG(s) dict_keys(['example_nested_branch_dag']) retrieved from /home/airflow/.local/lib/python3.7/site-packages/airflow/example_dags/example_nested_branch_dag.py
[2024-04-16T13:08:06.475+0000] {logging_mixin.py:120} INFO - [2024-04-16T13:08:06.475+0000] {dag.py:2585} INFO - Sync 1 DAGs
[2024-04-16T13:08:06.528+0000] {logging_mixin.py:120} INFO - [2024-04-16T13:08:06.528+0000] {dag.py:3340} INFO - Setting next_dagrun for example_nested_branch_dag to 2024-04-15T00:00:00+00:00, run_after=2024-04-16T00:00:00+00:00
[2024-04-16T13:08:06.563+0000] {processor.py:176} INFO - Processing /home/airflow/.local/lib/python3.7/site-packages/airflow/example_dags/example_nested_branch_dag.py took 0.241 seconds
[2024-04-16T13:08:38.426+0000] {processor.py:154} INFO - Started process (PID=1337) to work on /home/airflow/.local/lib/python3.7/site-packages/airflow/example_dags/example_nested_branch_dag.py
[2024-04-16T13:08:38.431+0000] {processor.py:756} INFO - Processing file /home/airflow/.local/lib/python3.7/site-packages/airflow/example_dags/example_nested_branch_dag.py for tasks to queue
[2024-04-16T13:08:38.434+0000] {logging_mixin.py:120} INFO - [2024-04-16T13:08:38.434+0000] {dagbag.py:537} INFO - Filling up the DagBag from /home/airflow/.local/lib/python3.7/site-packages/airflow/example_dags/example_nested_branch_dag.py
[2024-04-16T13:08:38.477+0000] {processor.py:766} INFO - DAG(s) dict_keys(['example_nested_branch_dag']) retrieved from /home/airflow/.local/lib/python3.7/site-packages/airflow/example_dags/example_nested_branch_dag.py
[2024-04-16T13:08:38.596+0000] {logging_mixin.py:120} INFO - [2024-04-16T13:08:38.596+0000] {dag.py:2585} INFO - Sync 1 DAGs
[2024-04-16T13:08:38.662+0000] {logging_mixin.py:120} INFO - [2024-04-16T13:08:38.661+0000] {dag.py:3340} INFO - Setting next_dagrun for example_nested_branch_dag to 2024-04-15T00:00:00+00:00, run_after=2024-04-16T00:00:00+00:00
[2024-04-16T13:08:38.739+0000] {processor.py:176} INFO - Processing /home/airflow/.local/lib/python3.7/site-packages/airflow/example_dags/example_nested_branch_dag.py took 0.319 seconds
[2024-04-16T13:09:10.944+0000] {processor.py:154} INFO - Started process (PID=1416) to work on /home/airflow/.local/lib/python3.7/site-packages/airflow/example_dags/example_nested_branch_dag.py
[2024-04-16T13:09:10.984+0000] {processor.py:756} INFO - Processing file /home/airflow/.local/lib/python3.7/site-packages/airflow/example_dags/example_nested_branch_dag.py for tasks to queue
[2024-04-16T13:09:10.991+0000] {logging_mixin.py:120} INFO - [2024-04-16T13:09:10.990+0000] {dagbag.py:537} INFO - Filling up the DagBag from /home/airflow/.local/lib/python3.7/site-packages/airflow/example_dags/example_nested_branch_dag.py
[2024-04-16T13:09:11.144+0000] {processor.py:766} INFO - DAG(s) dict_keys(['example_nested_branch_dag']) retrieved from /home/airflow/.local/lib/python3.7/site-packages/airflow/example_dags/example_nested_branch_dag.py
[2024-04-16T13:09:11.406+0000] {logging_mixin.py:120} INFO - [2024-04-16T13:09:11.405+0000] {dag.py:2585} INFO - Sync 1 DAGs
[2024-04-16T13:09:11.487+0000] {logging_mixin.py:120} INFO - [2024-04-16T13:09:11.487+0000] {dag.py:3340} INFO - Setting next_dagrun for example_nested_branch_dag to 2024-04-15T00:00:00+00:00, run_after=2024-04-16T00:00:00+00:00
[2024-04-16T13:09:11.638+0000] {processor.py:176} INFO - Processing /home/airflow/.local/lib/python3.7/site-packages/airflow/example_dags/example_nested_branch_dag.py took 0.707 seconds
[2024-04-16T13:09:42.019+0000] {processor.py:154} INFO - Started process (PID=1489) to work on /home/airflow/.local/lib/python3.7/site-packages/airflow/example_dags/example_nested_branch_dag.py
[2024-04-16T13:09:42.022+0000] {processor.py:756} INFO - Processing file /home/airflow/.local/lib/python3.7/site-packages/airflow/example_dags/example_nested_branch_dag.py for tasks to queue
[2024-04-16T13:09:42.024+0000] {logging_mixin.py:120} INFO - [2024-04-16T13:09:42.024+0000] {dagbag.py:537} INFO - Filling up the DagBag from /home/airflow/.local/lib/python3.7/site-packages/airflow/example_dags/example_nested_branch_dag.py
[2024-04-16T13:09:42.063+0000] {processor.py:766} INFO - DAG(s) dict_keys(['example_nested_branch_dag']) retrieved from /home/airflow/.local/lib/python3.7/site-packages/airflow/example_dags/example_nested_branch_dag.py
[2024-04-16T13:09:42.137+0000] {logging_mixin.py:120} INFO - [2024-04-16T13:09:42.137+0000] {dag.py:2585} INFO - Sync 1 DAGs
[2024-04-16T13:09:42.182+0000] {logging_mixin.py:120} INFO - [2024-04-16T13:09:42.182+0000] {dag.py:3340} INFO - Setting next_dagrun for example_nested_branch_dag to 2024-04-15T00:00:00+00:00, run_after=2024-04-16T00:00:00+00:00
[2024-04-16T13:09:42.216+0000] {processor.py:176} INFO - Processing /home/airflow/.local/lib/python3.7/site-packages/airflow/example_dags/example_nested_branch_dag.py took 0.204 seconds
[2024-04-16T13:10:12.353+0000] {processor.py:154} INFO - Started process (PID=1554) to work on /home/airflow/.local/lib/python3.7/site-packages/airflow/example_dags/example_nested_branch_dag.py
[2024-04-16T13:10:12.355+0000] {processor.py:756} INFO - Processing file /home/airflow/.local/lib/python3.7/site-packages/airflow/example_dags/example_nested_branch_dag.py for tasks to queue
[2024-04-16T13:10:12.358+0000] {logging_mixin.py:120} INFO - [2024-04-16T13:10:12.358+0000] {dagbag.py:537} INFO - Filling up the DagBag from /home/airflow/.local/lib/python3.7/site-packages/airflow/example_dags/example_nested_branch_dag.py
[2024-04-16T13:10:12.408+0000] {processor.py:766} INFO - DAG(s) dict_keys(['example_nested_branch_dag']) retrieved from /home/airflow/.local/lib/python3.7/site-packages/airflow/example_dags/example_nested_branch_dag.py
[2024-04-16T13:10:12.482+0000] {logging_mixin.py:120} INFO - [2024-04-16T13:10:12.482+0000] {dag.py:2585} INFO - Sync 1 DAGs
[2024-04-16T13:10:12.526+0000] {logging_mixin.py:120} INFO - [2024-04-16T13:10:12.526+0000] {dag.py:3340} INFO - Setting next_dagrun for example_nested_branch_dag to 2024-04-15T00:00:00+00:00, run_after=2024-04-16T00:00:00+00:00
[2024-04-16T13:10:12.557+0000] {processor.py:176} INFO - Processing /home/airflow/.local/lib/python3.7/site-packages/airflow/example_dags/example_nested_branch_dag.py took 0.212 seconds
[2024-04-16T13:10:44.046+0000] {processor.py:154} INFO - Started process (PID=1634) to work on /home/airflow/.local/lib/python3.7/site-packages/airflow/example_dags/example_nested_branch_dag.py
[2024-04-16T13:10:44.048+0000] {processor.py:756} INFO - Processing file /home/airflow/.local/lib/python3.7/site-packages/airflow/example_dags/example_nested_branch_dag.py for tasks to queue
[2024-04-16T13:10:44.050+0000] {logging_mixin.py:120} INFO - [2024-04-16T13:10:44.050+0000] {dagbag.py:537} INFO - Filling up the DagBag from /home/airflow/.local/lib/python3.7/site-packages/airflow/example_dags/example_nested_branch_dag.py
[2024-04-16T13:10:44.087+0000] {processor.py:766} INFO - DAG(s) dict_keys(['example_nested_branch_dag']) retrieved from /home/airflow/.local/lib/python3.7/site-packages/airflow/example_dags/example_nested_branch_dag.py
[2024-04-16T13:10:44.155+0000] {logging_mixin.py:120} INFO - [2024-04-16T13:10:44.154+0000] {dag.py:2585} INFO - Sync 1 DAGs
[2024-04-16T13:10:44.199+0000] {logging_mixin.py:120} INFO - [2024-04-16T13:10:44.199+0000] {dag.py:3340} INFO - Setting next_dagrun for example_nested_branch_dag to 2024-04-15T00:00:00+00:00, run_after=2024-04-16T00:00:00+00:00
[2024-04-16T13:10:44.225+0000] {processor.py:176} INFO - Processing /home/airflow/.local/lib/python3.7/site-packages/airflow/example_dags/example_nested_branch_dag.py took 0.184 seconds
[2024-04-16T13:11:15.387+0000] {processor.py:154} INFO - Started process (PID=1700) to work on /home/airflow/.local/lib/python3.7/site-packages/airflow/example_dags/example_nested_branch_dag.py
[2024-04-16T13:11:15.390+0000] {processor.py:756} INFO - Processing file /home/airflow/.local/lib/python3.7/site-packages/airflow/example_dags/example_nested_branch_dag.py for tasks to queue
[2024-04-16T13:11:15.394+0000] {logging_mixin.py:120} INFO - [2024-04-16T13:11:15.394+0000] {dagbag.py:537} INFO - Filling up the DagBag from /home/airflow/.local/lib/python3.7/site-packages/airflow/example_dags/example_nested_branch_dag.py
[2024-04-16T13:11:15.438+0000] {processor.py:766} INFO - DAG(s) dict_keys(['example_nested_branch_dag']) retrieved from /home/airflow/.local/lib/python3.7/site-packages/airflow/example_dags/example_nested_branch_dag.py
[2024-04-16T13:11:15.518+0000] {logging_mixin.py:120} INFO - [2024-04-16T13:11:15.518+0000] {dag.py:2585} INFO - Sync 1 DAGs
[2024-04-16T13:11:15.563+0000] {logging_mixin.py:120} INFO - [2024-04-16T13:11:15.563+0000] {dag.py:3340} INFO - Setting next_dagrun for example_nested_branch_dag to 2024-04-15T00:00:00+00:00, run_after=2024-04-16T00:00:00+00:00
[2024-04-16T13:11:15.599+0000] {processor.py:176} INFO - Processing /home/airflow/.local/lib/python3.7/site-packages/airflow/example_dags/example_nested_branch_dag.py took 0.220 seconds
[2024-04-16T13:11:46.658+0000] {processor.py:154} INFO - Started process (PID=1779) to work on /home/airflow/.local/lib/python3.7/site-packages/airflow/example_dags/example_nested_branch_dag.py
[2024-04-16T13:11:46.660+0000] {processor.py:756} INFO - Processing file /home/airflow/.local/lib/python3.7/site-packages/airflow/example_dags/example_nested_branch_dag.py for tasks to queue
[2024-04-16T13:11:46.662+0000] {logging_mixin.py:120} INFO - [2024-04-16T13:11:46.662+0000] {dagbag.py:537} INFO - Filling up the DagBag from /home/airflow/.local/lib/python3.7/site-packages/airflow/example_dags/example_nested_branch_dag.py
[2024-04-16T13:11:46.707+0000] {processor.py:766} INFO - DAG(s) dict_keys(['example_nested_branch_dag']) retrieved from /home/airflow/.local/lib/python3.7/site-packages/airflow/example_dags/example_nested_branch_dag.py
[2024-04-16T13:11:46.788+0000] {logging_mixin.py:120} INFO - [2024-04-16T13:11:46.788+0000] {dag.py:2585} INFO - Sync 1 DAGs
[2024-04-16T13:11:46.834+0000] {logging_mixin.py:120} INFO - [2024-04-16T13:11:46.833+0000] {dag.py:3340} INFO - Setting next_dagrun for example_nested_branch_dag to 2024-04-15T00:00:00+00:00, run_after=2024-04-16T00:00:00+00:00
[2024-04-16T13:11:46.873+0000] {processor.py:176} INFO - Processing /home/airflow/.local/lib/python3.7/site-packages/airflow/example_dags/example_nested_branch_dag.py took 0.224 seconds
[2024-04-16T13:12:18.108+0000] {processor.py:154} INFO - Started process (PID=1849) to work on /home/airflow/.local/lib/python3.7/site-packages/airflow/example_dags/example_nested_branch_dag.py
[2024-04-16T13:12:18.110+0000] {processor.py:756} INFO - Processing file /home/airflow/.local/lib/python3.7/site-packages/airflow/example_dags/example_nested_branch_dag.py for tasks to queue
[2024-04-16T13:12:18.112+0000] {logging_mixin.py:120} INFO - [2024-04-16T13:12:18.111+0000] {dagbag.py:537} INFO - Filling up the DagBag from /home/airflow/.local/lib/python3.7/site-packages/airflow/example_dags/example_nested_branch_dag.py
[2024-04-16T13:12:18.151+0000] {processor.py:766} INFO - DAG(s) dict_keys(['example_nested_branch_dag']) retrieved from /home/airflow/.local/lib/python3.7/site-packages/airflow/example_dags/example_nested_branch_dag.py
[2024-04-16T13:12:18.224+0000] {logging_mixin.py:120} INFO - [2024-04-16T13:12:18.223+0000] {dag.py:2585} INFO - Sync 1 DAGs
[2024-04-16T13:12:18.267+0000] {logging_mixin.py:120} INFO - [2024-04-16T13:12:18.266+0000] {dag.py:3340} INFO - Setting next_dagrun for example_nested_branch_dag to 2024-04-15T00:00:00+00:00, run_after=2024-04-16T00:00:00+00:00
[2024-04-16T13:12:18.300+0000] {processor.py:176} INFO - Processing /home/airflow/.local/lib/python3.7/site-packages/airflow/example_dags/example_nested_branch_dag.py took 0.198 seconds
[2024-04-16T13:12:49.673+0000] {processor.py:154} INFO - Started process (PID=1930) to work on /home/airflow/.local/lib/python3.7/site-packages/airflow/example_dags/example_nested_branch_dag.py
[2024-04-16T13:12:49.675+0000] {processor.py:756} INFO - Processing file /home/airflow/.local/lib/python3.7/site-packages/airflow/example_dags/example_nested_branch_dag.py for tasks to queue
[2024-04-16T13:12:49.678+0000] {logging_mixin.py:120} INFO - [2024-04-16T13:12:49.677+0000] {dagbag.py:537} INFO - Filling up the DagBag from /home/airflow/.local/lib/python3.7/site-packages/airflow/example_dags/example_nested_branch_dag.py
[2024-04-16T13:12:49.729+0000] {processor.py:766} INFO - DAG(s) dict_keys(['example_nested_branch_dag']) retrieved from /home/airflow/.local/lib/python3.7/site-packages/airflow/example_dags/example_nested_branch_dag.py
[2024-04-16T13:12:49.814+0000] {logging_mixin.py:120} INFO - [2024-04-16T13:12:49.814+0000] {dag.py:2585} INFO - Sync 1 DAGs
[2024-04-16T13:12:49.862+0000] {logging_mixin.py:120} INFO - [2024-04-16T13:12:49.862+0000] {dag.py:3340} INFO - Setting next_dagrun for example_nested_branch_dag to 2024-04-15T00:00:00+00:00, run_after=2024-04-16T00:00:00+00:00
[2024-04-16T13:12:49.912+0000] {processor.py:176} INFO - Processing /home/airflow/.local/lib/python3.7/site-packages/airflow/example_dags/example_nested_branch_dag.py took 0.251 seconds
[2024-04-16T13:13:20.448+0000] {processor.py:154} INFO - Started process (PID=1997) to work on /home/airflow/.local/lib/python3.7/site-packages/airflow/example_dags/example_nested_branch_dag.py
[2024-04-16T13:13:20.450+0000] {processor.py:756} INFO - Processing file /home/airflow/.local/lib/python3.7/site-packages/airflow/example_dags/example_nested_branch_dag.py for tasks to queue
[2024-04-16T13:13:20.452+0000] {logging_mixin.py:120} INFO - [2024-04-16T13:13:20.452+0000] {dagbag.py:537} INFO - Filling up the DagBag from /home/airflow/.local/lib/python3.7/site-packages/airflow/example_dags/example_nested_branch_dag.py
[2024-04-16T13:13:20.489+0000] {processor.py:766} INFO - DAG(s) dict_keys(['example_nested_branch_dag']) retrieved from /home/airflow/.local/lib/python3.7/site-packages/airflow/example_dags/example_nested_branch_dag.py
[2024-04-16T13:13:20.553+0000] {logging_mixin.py:120} INFO - [2024-04-16T13:13:20.553+0000] {dag.py:2585} INFO - Sync 1 DAGs
[2024-04-16T13:13:20.602+0000] {logging_mixin.py:120} INFO - [2024-04-16T13:13:20.601+0000] {dag.py:3340} INFO - Setting next_dagrun for example_nested_branch_dag to 2024-04-15T00:00:00+00:00, run_after=2024-04-16T00:00:00+00:00
[2024-04-16T13:13:20.632+0000] {processor.py:176} INFO - Processing /home/airflow/.local/lib/python3.7/site-packages/airflow/example_dags/example_nested_branch_dag.py took 0.191 seconds
[2024-04-16T13:13:51.729+0000] {processor.py:154} INFO - Started process (PID=2076) to work on /home/airflow/.local/lib/python3.7/site-packages/airflow/example_dags/example_nested_branch_dag.py
[2024-04-16T13:13:51.732+0000] {processor.py:756} INFO - Processing file /home/airflow/.local/lib/python3.7/site-packages/airflow/example_dags/example_nested_branch_dag.py for tasks to queue
[2024-04-16T13:13:51.733+0000] {logging_mixin.py:120} INFO - [2024-04-16T13:13:51.733+0000] {dagbag.py:537} INFO - Filling up the DagBag from /home/airflow/.local/lib/python3.7/site-packages/airflow/example_dags/example_nested_branch_dag.py
[2024-04-16T13:13:51.777+0000] {processor.py:766} INFO - DAG(s) dict_keys(['example_nested_branch_dag']) retrieved from /home/airflow/.local/lib/python3.7/site-packages/airflow/example_dags/example_nested_branch_dag.py
[2024-04-16T13:13:51.870+0000] {logging_mixin.py:120} INFO - [2024-04-16T13:13:51.869+0000] {dag.py:2585} INFO - Sync 1 DAGs
[2024-04-16T13:13:51.941+0000] {logging_mixin.py:120} INFO - [2024-04-16T13:13:51.941+0000] {dag.py:3340} INFO - Setting next_dagrun for example_nested_branch_dag to 2024-04-15T00:00:00+00:00, run_after=2024-04-16T00:00:00+00:00
[2024-04-16T13:13:51.988+0000] {processor.py:176} INFO - Processing /home/airflow/.local/lib/python3.7/site-packages/airflow/example_dags/example_nested_branch_dag.py took 0.265 seconds
[2024-04-16T13:14:22.746+0000] {processor.py:154} INFO - Started process (PID=2144) to work on /home/airflow/.local/lib/python3.7/site-packages/airflow/example_dags/example_nested_branch_dag.py
[2024-04-16T13:14:22.750+0000] {processor.py:756} INFO - Processing file /home/airflow/.local/lib/python3.7/site-packages/airflow/example_dags/example_nested_branch_dag.py for tasks to queue
[2024-04-16T13:14:22.752+0000] {logging_mixin.py:120} INFO - [2024-04-16T13:14:22.752+0000] {dagbag.py:537} INFO - Filling up the DagBag from /home/airflow/.local/lib/python3.7/site-packages/airflow/example_dags/example_nested_branch_dag.py
[2024-04-16T13:14:22.813+0000] {processor.py:766} INFO - DAG(s) dict_keys(['example_nested_branch_dag']) retrieved from /home/airflow/.local/lib/python3.7/site-packages/airflow/example_dags/example_nested_branch_dag.py
[2024-04-16T13:14:22.914+0000] {logging_mixin.py:120} INFO - [2024-04-16T13:14:22.914+0000] {dag.py:2585} INFO - Sync 1 DAGs
[2024-04-16T13:14:22.965+0000] {logging_mixin.py:120} INFO - [2024-04-16T13:14:22.965+0000] {dag.py:3340} INFO - Setting next_dagrun for example_nested_branch_dag to 2024-04-15T00:00:00+00:00, run_after=2024-04-16T00:00:00+00:00
[2024-04-16T13:14:23.000+0000] {processor.py:176} INFO - Processing /home/airflow/.local/lib/python3.7/site-packages/airflow/example_dags/example_nested_branch_dag.py took 0.265 seconds
[2024-04-16T13:14:53.218+0000] {processor.py:154} INFO - Started process (PID=2218) to work on /home/airflow/.local/lib/python3.7/site-packages/airflow/example_dags/example_nested_branch_dag.py
[2024-04-16T13:14:53.219+0000] {processor.py:756} INFO - Processing file /home/airflow/.local/lib/python3.7/site-packages/airflow/example_dags/example_nested_branch_dag.py for tasks to queue
[2024-04-16T13:14:53.221+0000] {logging_mixin.py:120} INFO - [2024-04-16T13:14:53.221+0000] {dagbag.py:537} INFO - Filling up the DagBag from /home/airflow/.local/lib/python3.7/site-packages/airflow/example_dags/example_nested_branch_dag.py
[2024-04-16T13:14:53.259+0000] {processor.py:766} INFO - DAG(s) dict_keys(['example_nested_branch_dag']) retrieved from /home/airflow/.local/lib/python3.7/site-packages/airflow/example_dags/example_nested_branch_dag.py
[2024-04-16T13:14:53.327+0000] {logging_mixin.py:120} INFO - [2024-04-16T13:14:53.327+0000] {dag.py:2585} INFO - Sync 1 DAGs
[2024-04-16T13:14:53.365+0000] {logging_mixin.py:120} INFO - [2024-04-16T13:14:53.365+0000] {dag.py:3340} INFO - Setting next_dagrun for example_nested_branch_dag to 2024-04-15T00:00:00+00:00, run_after=2024-04-16T00:00:00+00:00
[2024-04-16T13:14:53.396+0000] {processor.py:176} INFO - Processing /home/airflow/.local/lib/python3.7/site-packages/airflow/example_dags/example_nested_branch_dag.py took 0.183 seconds
[2024-04-16T13:15:23.771+0000] {processor.py:154} INFO - Started process (PID=2288) to work on /home/airflow/.local/lib/python3.7/site-packages/airflow/example_dags/example_nested_branch_dag.py
[2024-04-16T13:15:23.774+0000] {processor.py:756} INFO - Processing file /home/airflow/.local/lib/python3.7/site-packages/airflow/example_dags/example_nested_branch_dag.py for tasks to queue
[2024-04-16T13:15:23.776+0000] {logging_mixin.py:120} INFO - [2024-04-16T13:15:23.775+0000] {dagbag.py:537} INFO - Filling up the DagBag from /home/airflow/.local/lib/python3.7/site-packages/airflow/example_dags/example_nested_branch_dag.py
[2024-04-16T13:15:23.825+0000] {processor.py:766} INFO - DAG(s) dict_keys(['example_nested_branch_dag']) retrieved from /home/airflow/.local/lib/python3.7/site-packages/airflow/example_dags/example_nested_branch_dag.py
[2024-04-16T13:15:23.890+0000] {logging_mixin.py:120} INFO - [2024-04-16T13:15:23.890+0000] {dag.py:2585} INFO - Sync 1 DAGs
[2024-04-16T13:15:23.930+0000] {logging_mixin.py:120} INFO - [2024-04-16T13:15:23.930+0000] {dag.py:3340} INFO - Setting next_dagrun for example_nested_branch_dag to 2024-04-15T00:00:00+00:00, run_after=2024-04-16T00:00:00+00:00
[2024-04-16T13:15:23.962+0000] {processor.py:176} INFO - Processing /home/airflow/.local/lib/python3.7/site-packages/airflow/example_dags/example_nested_branch_dag.py took 0.199 seconds
[2024-04-16T13:15:54.092+0000] {processor.py:154} INFO - Started process (PID=2365) to work on /home/airflow/.local/lib/python3.7/site-packages/airflow/example_dags/example_nested_branch_dag.py
[2024-04-16T13:15:54.163+0000] {processor.py:756} INFO - Processing file /home/airflow/.local/lib/python3.7/site-packages/airflow/example_dags/example_nested_branch_dag.py for tasks to queue
[2024-04-16T13:15:54.174+0000] {logging_mixin.py:120} INFO - [2024-04-16T13:15:54.173+0000] {dagbag.py:537} INFO - Filling up the DagBag from /home/airflow/.local/lib/python3.7/site-packages/airflow/example_dags/example_nested_branch_dag.py
[2024-04-16T13:15:54.219+0000] {processor.py:766} INFO - DAG(s) dict_keys(['example_nested_branch_dag']) retrieved from /home/airflow/.local/lib/python3.7/site-packages/airflow/example_dags/example_nested_branch_dag.py
[2024-04-16T13:15:54.288+0000] {logging_mixin.py:120} INFO - [2024-04-16T13:15:54.288+0000] {dag.py:2585} INFO - Sync 1 DAGs
[2024-04-16T13:15:54.329+0000] {logging_mixin.py:120} INFO - [2024-04-16T13:15:54.329+0000] {dag.py:3340} INFO - Setting next_dagrun for example_nested_branch_dag to 2024-04-15T00:00:00+00:00, run_after=2024-04-16T00:00:00+00:00
[2024-04-16T13:15:54.358+0000] {processor.py:176} INFO - Processing /home/airflow/.local/lib/python3.7/site-packages/airflow/example_dags/example_nested_branch_dag.py took 0.276 seconds
[2024-04-16T13:16:24.767+0000] {processor.py:154} INFO - Started process (PID=2443) to work on /home/airflow/.local/lib/python3.7/site-packages/airflow/example_dags/example_nested_branch_dag.py
[2024-04-16T13:16:24.769+0000] {processor.py:756} INFO - Processing file /home/airflow/.local/lib/python3.7/site-packages/airflow/example_dags/example_nested_branch_dag.py for tasks to queue
[2024-04-16T13:16:24.771+0000] {logging_mixin.py:120} INFO - [2024-04-16T13:16:24.771+0000] {dagbag.py:537} INFO - Filling up the DagBag from /home/airflow/.local/lib/python3.7/site-packages/airflow/example_dags/example_nested_branch_dag.py
[2024-04-16T13:16:24.815+0000] {processor.py:766} INFO - DAG(s) dict_keys(['example_nested_branch_dag']) retrieved from /home/airflow/.local/lib/python3.7/site-packages/airflow/example_dags/example_nested_branch_dag.py
[2024-04-16T13:16:24.884+0000] {logging_mixin.py:120} INFO - [2024-04-16T13:16:24.884+0000] {dag.py:2585} INFO - Sync 1 DAGs
[2024-04-16T13:16:24.926+0000] {logging_mixin.py:120} INFO - [2024-04-16T13:16:24.926+0000] {dag.py:3340} INFO - Setting next_dagrun for example_nested_branch_dag to 2024-04-15T00:00:00+00:00, run_after=2024-04-16T00:00:00+00:00
[2024-04-16T13:16:24.958+0000] {processor.py:176} INFO - Processing /home/airflow/.local/lib/python3.7/site-packages/airflow/example_dags/example_nested_branch_dag.py took 0.197 seconds
[2024-04-16T13:16:55.742+0000] {processor.py:154} INFO - Started process (PID=2514) to work on /home/airflow/.local/lib/python3.7/site-packages/airflow/example_dags/example_nested_branch_dag.py
[2024-04-16T13:16:55.754+0000] {processor.py:756} INFO - Processing file /home/airflow/.local/lib/python3.7/site-packages/airflow/example_dags/example_nested_branch_dag.py for tasks to queue
[2024-04-16T13:16:55.766+0000] {logging_mixin.py:120} INFO - [2024-04-16T13:16:55.766+0000] {dagbag.py:537} INFO - Filling up the DagBag from /home/airflow/.local/lib/python3.7/site-packages/airflow/example_dags/example_nested_branch_dag.py
[2024-04-16T13:16:55.857+0000] {processor.py:766} INFO - DAG(s) dict_keys(['example_nested_branch_dag']) retrieved from /home/airflow/.local/lib/python3.7/site-packages/airflow/example_dags/example_nested_branch_dag.py
[2024-04-16T13:16:56.021+0000] {logging_mixin.py:120} INFO - [2024-04-16T13:16:56.020+0000] {dag.py:2585} INFO - Sync 1 DAGs
[2024-04-16T13:16:56.095+0000] {logging_mixin.py:120} INFO - [2024-04-16T13:16:56.094+0000] {dag.py:3340} INFO - Setting next_dagrun for example_nested_branch_dag to 2024-04-15T00:00:00+00:00, run_after=2024-04-16T00:00:00+00:00
[2024-04-16T13:16:56.141+0000] {processor.py:176} INFO - Processing /home/airflow/.local/lib/python3.7/site-packages/airflow/example_dags/example_nested_branch_dag.py took 0.409 seconds
[2024-04-16T13:17:26.351+0000] {processor.py:154} INFO - Started process (PID=2592) to work on /home/airflow/.local/lib/python3.7/site-packages/airflow/example_dags/example_nested_branch_dag.py
[2024-04-16T13:17:26.352+0000] {processor.py:756} INFO - Processing file /home/airflow/.local/lib/python3.7/site-packages/airflow/example_dags/example_nested_branch_dag.py for tasks to queue
[2024-04-16T13:17:26.354+0000] {logging_mixin.py:120} INFO - [2024-04-16T13:17:26.354+0000] {dagbag.py:537} INFO - Filling up the DagBag from /home/airflow/.local/lib/python3.7/site-packages/airflow/example_dags/example_nested_branch_dag.py
[2024-04-16T13:17:26.392+0000] {processor.py:766} INFO - DAG(s) dict_keys(['example_nested_branch_dag']) retrieved from /home/airflow/.local/lib/python3.7/site-packages/airflow/example_dags/example_nested_branch_dag.py
[2024-04-16T13:17:26.463+0000] {logging_mixin.py:120} INFO - [2024-04-16T13:17:26.462+0000] {dag.py:2585} INFO - Sync 1 DAGs
[2024-04-16T13:17:26.506+0000] {logging_mixin.py:120} INFO - [2024-04-16T13:17:26.506+0000] {dag.py:3340} INFO - Setting next_dagrun for example_nested_branch_dag to 2024-04-15T00:00:00+00:00, run_after=2024-04-16T00:00:00+00:00
[2024-04-16T13:17:26.537+0000] {processor.py:176} INFO - Processing /home/airflow/.local/lib/python3.7/site-packages/airflow/example_dags/example_nested_branch_dag.py took 0.192 seconds
[2024-04-16T13:17:56.662+0000] {processor.py:154} INFO - Started process (PID=2662) to work on /home/airflow/.local/lib/python3.7/site-packages/airflow/example_dags/example_nested_branch_dag.py
[2024-04-16T13:17:56.664+0000] {processor.py:756} INFO - Processing file /home/airflow/.local/lib/python3.7/site-packages/airflow/example_dags/example_nested_branch_dag.py for tasks to queue
[2024-04-16T13:17:56.665+0000] {logging_mixin.py:120} INFO - [2024-04-16T13:17:56.665+0000] {dagbag.py:537} INFO - Filling up the DagBag from /home/airflow/.local/lib/python3.7/site-packages/airflow/example_dags/example_nested_branch_dag.py
[2024-04-16T13:17:56.709+0000] {processor.py:766} INFO - DAG(s) dict_keys(['example_nested_branch_dag']) retrieved from /home/airflow/.local/lib/python3.7/site-packages/airflow/example_dags/example_nested_branch_dag.py
[2024-04-16T13:17:56.803+0000] {logging_mixin.py:120} INFO - [2024-04-16T13:17:56.803+0000] {dag.py:2585} INFO - Sync 1 DAGs
[2024-04-16T13:17:56.864+0000] {logging_mixin.py:120} INFO - [2024-04-16T13:17:56.864+0000] {dag.py:3340} INFO - Setting next_dagrun for example_nested_branch_dag to 2024-04-15T00:00:00+00:00, run_after=2024-04-16T00:00:00+00:00
[2024-04-16T13:17:56.889+0000] {processor.py:176} INFO - Processing /home/airflow/.local/lib/python3.7/site-packages/airflow/example_dags/example_nested_branch_dag.py took 0.233 seconds
[2024-04-16T13:18:27.164+0000] {processor.py:154} INFO - Started process (PID=2741) to work on /home/airflow/.local/lib/python3.7/site-packages/airflow/example_dags/example_nested_branch_dag.py
[2024-04-16T13:18:27.166+0000] {processor.py:756} INFO - Processing file /home/airflow/.local/lib/python3.7/site-packages/airflow/example_dags/example_nested_branch_dag.py for tasks to queue
[2024-04-16T13:18:27.167+0000] {logging_mixin.py:120} INFO - [2024-04-16T13:18:27.167+0000] {dagbag.py:537} INFO - Filling up the DagBag from /home/airflow/.local/lib/python3.7/site-packages/airflow/example_dags/example_nested_branch_dag.py
[2024-04-16T13:18:27.204+0000] {processor.py:766} INFO - DAG(s) dict_keys(['example_nested_branch_dag']) retrieved from /home/airflow/.local/lib/python3.7/site-packages/airflow/example_dags/example_nested_branch_dag.py
[2024-04-16T13:18:27.268+0000] {logging_mixin.py:120} INFO - [2024-04-16T13:18:27.267+0000] {dag.py:2585} INFO - Sync 1 DAGs
[2024-04-16T13:18:27.306+0000] {logging_mixin.py:120} INFO - [2024-04-16T13:18:27.306+0000] {dag.py:3340} INFO - Setting next_dagrun for example_nested_branch_dag to 2024-04-15T00:00:00+00:00, run_after=2024-04-16T00:00:00+00:00
[2024-04-16T13:18:27.342+0000] {processor.py:176} INFO - Processing /home/airflow/.local/lib/python3.7/site-packages/airflow/example_dags/example_nested_branch_dag.py took 0.184 seconds
[2024-04-16T13:18:57.934+0000] {processor.py:154} INFO - Started process (PID=2811) to work on /home/airflow/.local/lib/python3.7/site-packages/airflow/example_dags/example_nested_branch_dag.py
[2024-04-16T13:18:57.937+0000] {processor.py:756} INFO - Processing file /home/airflow/.local/lib/python3.7/site-packages/airflow/example_dags/example_nested_branch_dag.py for tasks to queue
[2024-04-16T13:18:57.939+0000] {logging_mixin.py:120} INFO - [2024-04-16T13:18:57.939+0000] {dagbag.py:537} INFO - Filling up the DagBag from /home/airflow/.local/lib/python3.7/site-packages/airflow/example_dags/example_nested_branch_dag.py
[2024-04-16T13:18:57.998+0000] {processor.py:766} INFO - DAG(s) dict_keys(['example_nested_branch_dag']) retrieved from /home/airflow/.local/lib/python3.7/site-packages/airflow/example_dags/example_nested_branch_dag.py
[2024-04-16T13:18:58.086+0000] {logging_mixin.py:120} INFO - [2024-04-16T13:18:58.085+0000] {dag.py:2585} INFO - Sync 1 DAGs
[2024-04-16T13:18:58.155+0000] {logging_mixin.py:120} INFO - [2024-04-16T13:18:58.154+0000] {dag.py:3340} INFO - Setting next_dagrun for example_nested_branch_dag to 2024-04-15T00:00:00+00:00, run_after=2024-04-16T00:00:00+00:00
[2024-04-16T13:18:58.202+0000] {processor.py:176} INFO - Processing /home/airflow/.local/lib/python3.7/site-packages/airflow/example_dags/example_nested_branch_dag.py took 0.276 seconds
[2024-04-16T13:19:28.452+0000] {processor.py:154} INFO - Started process (PID=2888) to work on /home/airflow/.local/lib/python3.7/site-packages/airflow/example_dags/example_nested_branch_dag.py
[2024-04-16T13:19:28.454+0000] {processor.py:756} INFO - Processing file /home/airflow/.local/lib/python3.7/site-packages/airflow/example_dags/example_nested_branch_dag.py for tasks to queue
[2024-04-16T13:19:28.456+0000] {logging_mixin.py:120} INFO - [2024-04-16T13:19:28.456+0000] {dagbag.py:537} INFO - Filling up the DagBag from /home/airflow/.local/lib/python3.7/site-packages/airflow/example_dags/example_nested_branch_dag.py
[2024-04-16T13:19:28.507+0000] {processor.py:766} INFO - DAG(s) dict_keys(['example_nested_branch_dag']) retrieved from /home/airflow/.local/lib/python3.7/site-packages/airflow/example_dags/example_nested_branch_dag.py
[2024-04-16T13:19:28.586+0000] {logging_mixin.py:120} INFO - [2024-04-16T13:19:28.585+0000] {dag.py:2585} INFO - Sync 1 DAGs
[2024-04-16T13:19:28.635+0000] {logging_mixin.py:120} INFO - [2024-04-16T13:19:28.635+0000] {dag.py:3340} INFO - Setting next_dagrun for example_nested_branch_dag to 2024-04-15T00:00:00+00:00, run_after=2024-04-16T00:00:00+00:00
[2024-04-16T13:19:28.667+0000] {processor.py:176} INFO - Processing /home/airflow/.local/lib/python3.7/site-packages/airflow/example_dags/example_nested_branch_dag.py took 0.221 seconds
[2024-04-16T13:19:58.724+0000] {processor.py:154} INFO - Started process (PID=2957) to work on /home/airflow/.local/lib/python3.7/site-packages/airflow/example_dags/example_nested_branch_dag.py
[2024-04-16T13:19:58.726+0000] {processor.py:756} INFO - Processing file /home/airflow/.local/lib/python3.7/site-packages/airflow/example_dags/example_nested_branch_dag.py for tasks to queue
[2024-04-16T13:19:58.728+0000] {logging_mixin.py:120} INFO - [2024-04-16T13:19:58.727+0000] {dagbag.py:537} INFO - Filling up the DagBag from /home/airflow/.local/lib/python3.7/site-packages/airflow/example_dags/example_nested_branch_dag.py
[2024-04-16T13:19:58.766+0000] {processor.py:766} INFO - DAG(s) dict_keys(['example_nested_branch_dag']) retrieved from /home/airflow/.local/lib/python3.7/site-packages/airflow/example_dags/example_nested_branch_dag.py
[2024-04-16T13:19:58.832+0000] {logging_mixin.py:120} INFO - [2024-04-16T13:19:58.832+0000] {dag.py:2585} INFO - Sync 1 DAGs
[2024-04-16T13:19:58.874+0000] {logging_mixin.py:120} INFO - [2024-04-16T13:19:58.873+0000] {dag.py:3340} INFO - Setting next_dagrun for example_nested_branch_dag to 2024-04-15T00:00:00+00:00, run_after=2024-04-16T00:00:00+00:00
[2024-04-16T13:19:58.909+0000] {processor.py:176} INFO - Processing /home/airflow/.local/lib/python3.7/site-packages/airflow/example_dags/example_nested_branch_dag.py took 0.190 seconds
[2024-04-16T13:20:29.773+0000] {processor.py:154} INFO - Started process (PID=3035) to work on /home/airflow/.local/lib/python3.7/site-packages/airflow/example_dags/example_nested_branch_dag.py
[2024-04-16T13:20:29.775+0000] {processor.py:756} INFO - Processing file /home/airflow/.local/lib/python3.7/site-packages/airflow/example_dags/example_nested_branch_dag.py for tasks to queue
[2024-04-16T13:20:29.777+0000] {logging_mixin.py:120} INFO - [2024-04-16T13:20:29.776+0000] {dagbag.py:537} INFO - Filling up the DagBag from /home/airflow/.local/lib/python3.7/site-packages/airflow/example_dags/example_nested_branch_dag.py
[2024-04-16T13:20:29.816+0000] {processor.py:766} INFO - DAG(s) dict_keys(['example_nested_branch_dag']) retrieved from /home/airflow/.local/lib/python3.7/site-packages/airflow/example_dags/example_nested_branch_dag.py
[2024-04-16T13:20:29.892+0000] {logging_mixin.py:120} INFO - [2024-04-16T13:20:29.891+0000] {dag.py:2585} INFO - Sync 1 DAGs
[2024-04-16T13:20:29.933+0000] {logging_mixin.py:120} INFO - [2024-04-16T13:20:29.932+0000] {dag.py:3340} INFO - Setting next_dagrun for example_nested_branch_dag to 2024-04-15T00:00:00+00:00, run_after=2024-04-16T00:00:00+00:00
[2024-04-16T13:20:29.968+0000] {processor.py:176} INFO - Processing /home/airflow/.local/lib/python3.7/site-packages/airflow/example_dags/example_nested_branch_dag.py took 0.201 seconds
[2024-04-16T13:21:00.441+0000] {processor.py:154} INFO - Started process (PID=3106) to work on /home/airflow/.local/lib/python3.7/site-packages/airflow/example_dags/example_nested_branch_dag.py
[2024-04-16T13:21:00.445+0000] {processor.py:756} INFO - Processing file /home/airflow/.local/lib/python3.7/site-packages/airflow/example_dags/example_nested_branch_dag.py for tasks to queue
[2024-04-16T13:21:00.447+0000] {logging_mixin.py:120} INFO - [2024-04-16T13:21:00.447+0000] {dagbag.py:537} INFO - Filling up the DagBag from /home/airflow/.local/lib/python3.7/site-packages/airflow/example_dags/example_nested_branch_dag.py
[2024-04-16T13:21:00.490+0000] {processor.py:766} INFO - DAG(s) dict_keys(['example_nested_branch_dag']) retrieved from /home/airflow/.local/lib/python3.7/site-packages/airflow/example_dags/example_nested_branch_dag.py
[2024-04-16T13:21:00.582+0000] {logging_mixin.py:120} INFO - [2024-04-16T13:21:00.582+0000] {dag.py:2585} INFO - Sync 1 DAGs
[2024-04-16T13:21:00.635+0000] {logging_mixin.py:120} INFO - [2024-04-16T13:21:00.635+0000] {dag.py:3340} INFO - Setting next_dagrun for example_nested_branch_dag to 2024-04-15T00:00:00+00:00, run_after=2024-04-16T00:00:00+00:00
[2024-04-16T13:21:00.679+0000] {processor.py:176} INFO - Processing /home/airflow/.local/lib/python3.7/site-packages/airflow/example_dags/example_nested_branch_dag.py took 0.254 seconds
[2024-04-16T13:21:32.389+0000] {processor.py:154} INFO - Started process (PID=3186) to work on /home/airflow/.local/lib/python3.7/site-packages/airflow/example_dags/example_nested_branch_dag.py
[2024-04-16T13:21:32.393+0000] {processor.py:756} INFO - Processing file /home/airflow/.local/lib/python3.7/site-packages/airflow/example_dags/example_nested_branch_dag.py for tasks to queue
[2024-04-16T13:21:32.406+0000] {logging_mixin.py:120} INFO - [2024-04-16T13:21:32.405+0000] {dagbag.py:537} INFO - Filling up the DagBag from /home/airflow/.local/lib/python3.7/site-packages/airflow/example_dags/example_nested_branch_dag.py
[2024-04-16T13:21:32.453+0000] {processor.py:766} INFO - DAG(s) dict_keys(['example_nested_branch_dag']) retrieved from /home/airflow/.local/lib/python3.7/site-packages/airflow/example_dags/example_nested_branch_dag.py
[2024-04-16T13:21:32.522+0000] {logging_mixin.py:120} INFO - [2024-04-16T13:21:32.522+0000] {dag.py:2585} INFO - Sync 1 DAGs
[2024-04-16T13:21:32.565+0000] {logging_mixin.py:120} INFO - [2024-04-16T13:21:32.565+0000] {dag.py:3340} INFO - Setting next_dagrun for example_nested_branch_dag to 2024-04-15T00:00:00+00:00, run_after=2024-04-16T00:00:00+00:00
[2024-04-16T13:21:32.595+0000] {processor.py:176} INFO - Processing /home/airflow/.local/lib/python3.7/site-packages/airflow/example_dags/example_nested_branch_dag.py took 0.215 seconds
[2024-04-16T13:22:03.377+0000] {processor.py:154} INFO - Started process (PID=3254) to work on /home/airflow/.local/lib/python3.7/site-packages/airflow/example_dags/example_nested_branch_dag.py
[2024-04-16T13:22:03.379+0000] {processor.py:756} INFO - Processing file /home/airflow/.local/lib/python3.7/site-packages/airflow/example_dags/example_nested_branch_dag.py for tasks to queue
[2024-04-16T13:22:03.381+0000] {logging_mixin.py:120} INFO - [2024-04-16T13:22:03.381+0000] {dagbag.py:537} INFO - Filling up the DagBag from /home/airflow/.local/lib/python3.7/site-packages/airflow/example_dags/example_nested_branch_dag.py
[2024-04-16T13:22:03.433+0000] {processor.py:766} INFO - DAG(s) dict_keys(['example_nested_branch_dag']) retrieved from /home/airflow/.local/lib/python3.7/site-packages/airflow/example_dags/example_nested_branch_dag.py
[2024-04-16T13:22:03.511+0000] {logging_mixin.py:120} INFO - [2024-04-16T13:22:03.511+0000] {dag.py:2585} INFO - Sync 1 DAGs
[2024-04-16T13:22:03.637+0000] {logging_mixin.py:120} INFO - [2024-04-16T13:22:03.637+0000] {dag.py:3340} INFO - Setting next_dagrun for example_nested_branch_dag to 2024-04-15T00:00:00+00:00, run_after=2024-04-16T00:00:00+00:00
[2024-04-16T13:22:03.687+0000] {processor.py:176} INFO - Processing /home/airflow/.local/lib/python3.7/site-packages/airflow/example_dags/example_nested_branch_dag.py took 0.317 seconds
[2024-04-16T13:22:34.272+0000] {processor.py:154} INFO - Started process (PID=3331) to work on /home/airflow/.local/lib/python3.7/site-packages/airflow/example_dags/example_nested_branch_dag.py
[2024-04-16T13:22:34.276+0000] {processor.py:756} INFO - Processing file /home/airflow/.local/lib/python3.7/site-packages/airflow/example_dags/example_nested_branch_dag.py for tasks to queue
[2024-04-16T13:22:34.281+0000] {logging_mixin.py:120} INFO - [2024-04-16T13:22:34.280+0000] {dagbag.py:537} INFO - Filling up the DagBag from /home/airflow/.local/lib/python3.7/site-packages/airflow/example_dags/example_nested_branch_dag.py
[2024-04-16T13:22:34.358+0000] {processor.py:766} INFO - DAG(s) dict_keys(['example_nested_branch_dag']) retrieved from /home/airflow/.local/lib/python3.7/site-packages/airflow/example_dags/example_nested_branch_dag.py
[2024-04-16T13:22:34.443+0000] {logging_mixin.py:120} INFO - [2024-04-16T13:22:34.443+0000] {dag.py:2585} INFO - Sync 1 DAGs
[2024-04-16T13:22:34.499+0000] {logging_mixin.py:120} INFO - [2024-04-16T13:22:34.499+0000] {dag.py:3340} INFO - Setting next_dagrun for example_nested_branch_dag to 2024-04-15T00:00:00+00:00, run_after=2024-04-16T00:00:00+00:00
[2024-04-16T13:22:34.543+0000] {processor.py:176} INFO - Processing /home/airflow/.local/lib/python3.7/site-packages/airflow/example_dags/example_nested_branch_dag.py took 0.277 seconds
[2024-04-16T13:23:05.401+0000] {processor.py:154} INFO - Started process (PID=3402) to work on /home/airflow/.local/lib/python3.7/site-packages/airflow/example_dags/example_nested_branch_dag.py
[2024-04-16T13:23:05.403+0000] {processor.py:756} INFO - Processing file /home/airflow/.local/lib/python3.7/site-packages/airflow/example_dags/example_nested_branch_dag.py for tasks to queue
[2024-04-16T13:23:05.405+0000] {logging_mixin.py:120} INFO - [2024-04-16T13:23:05.405+0000] {dagbag.py:537} INFO - Filling up the DagBag from /home/airflow/.local/lib/python3.7/site-packages/airflow/example_dags/example_nested_branch_dag.py
[2024-04-16T13:23:05.441+0000] {processor.py:766} INFO - DAG(s) dict_keys(['example_nested_branch_dag']) retrieved from /home/airflow/.local/lib/python3.7/site-packages/airflow/example_dags/example_nested_branch_dag.py
[2024-04-16T13:23:05.507+0000] {logging_mixin.py:120} INFO - [2024-04-16T13:23:05.506+0000] {dag.py:2585} INFO - Sync 1 DAGs
[2024-04-16T13:23:05.552+0000] {logging_mixin.py:120} INFO - [2024-04-16T13:23:05.551+0000] {dag.py:3340} INFO - Setting next_dagrun for example_nested_branch_dag to 2024-04-15T00:00:00+00:00, run_after=2024-04-16T00:00:00+00:00
[2024-04-16T13:23:05.586+0000] {processor.py:176} INFO - Processing /home/airflow/.local/lib/python3.7/site-packages/airflow/example_dags/example_nested_branch_dag.py took 0.191 seconds
[2024-04-16T13:23:37.425+0000] {processor.py:154} INFO - Started process (PID=3481) to work on /home/airflow/.local/lib/python3.7/site-packages/airflow/example_dags/example_nested_branch_dag.py
[2024-04-16T13:23:37.427+0000] {processor.py:756} INFO - Processing file /home/airflow/.local/lib/python3.7/site-packages/airflow/example_dags/example_nested_branch_dag.py for tasks to queue
[2024-04-16T13:23:37.429+0000] {logging_mixin.py:120} INFO - [2024-04-16T13:23:37.429+0000] {dagbag.py:537} INFO - Filling up the DagBag from /home/airflow/.local/lib/python3.7/site-packages/airflow/example_dags/example_nested_branch_dag.py
[2024-04-16T13:23:37.471+0000] {processor.py:766} INFO - DAG(s) dict_keys(['example_nested_branch_dag']) retrieved from /home/airflow/.local/lib/python3.7/site-packages/airflow/example_dags/example_nested_branch_dag.py
[2024-04-16T13:23:37.546+0000] {logging_mixin.py:120} INFO - [2024-04-16T13:23:37.546+0000] {dag.py:2585} INFO - Sync 1 DAGs
[2024-04-16T13:23:37.603+0000] {logging_mixin.py:120} INFO - [2024-04-16T13:23:37.603+0000] {dag.py:3340} INFO - Setting next_dagrun for example_nested_branch_dag to 2024-04-15T00:00:00+00:00, run_after=2024-04-16T00:00:00+00:00
[2024-04-16T13:23:37.650+0000] {processor.py:176} INFO - Processing /home/airflow/.local/lib/python3.7/site-packages/airflow/example_dags/example_nested_branch_dag.py took 0.232 seconds
[2024-04-16T13:24:08.676+0000] {processor.py:154} INFO - Started process (PID=3552) to work on /home/airflow/.local/lib/python3.7/site-packages/airflow/example_dags/example_nested_branch_dag.py
[2024-04-16T13:24:08.679+0000] {processor.py:756} INFO - Processing file /home/airflow/.local/lib/python3.7/site-packages/airflow/example_dags/example_nested_branch_dag.py for tasks to queue
[2024-04-16T13:24:08.681+0000] {logging_mixin.py:120} INFO - [2024-04-16T13:24:08.681+0000] {dagbag.py:537} INFO - Filling up the DagBag from /home/airflow/.local/lib/python3.7/site-packages/airflow/example_dags/example_nested_branch_dag.py
[2024-04-16T13:24:08.730+0000] {processor.py:766} INFO - DAG(s) dict_keys(['example_nested_branch_dag']) retrieved from /home/airflow/.local/lib/python3.7/site-packages/airflow/example_dags/example_nested_branch_dag.py
[2024-04-16T13:24:08.814+0000] {logging_mixin.py:120} INFO - [2024-04-16T13:24:08.814+0000] {dag.py:2585} INFO - Sync 1 DAGs
[2024-04-16T13:24:08.875+0000] {logging_mixin.py:120} INFO - [2024-04-16T13:24:08.875+0000] {dag.py:3340} INFO - Setting next_dagrun for example_nested_branch_dag to 2024-04-15T00:00:00+00:00, run_after=2024-04-16T00:00:00+00:00
[2024-04-16T13:24:08.913+0000] {processor.py:176} INFO - Processing /home/airflow/.local/lib/python3.7/site-packages/airflow/example_dags/example_nested_branch_dag.py took 0.244 seconds
[2024-04-16T13:24:40.068+0000] {processor.py:154} INFO - Started process (PID=3633) to work on /home/airflow/.local/lib/python3.7/site-packages/airflow/example_dags/example_nested_branch_dag.py
[2024-04-16T13:24:40.071+0000] {processor.py:756} INFO - Processing file /home/airflow/.local/lib/python3.7/site-packages/airflow/example_dags/example_nested_branch_dag.py for tasks to queue
[2024-04-16T13:24:40.075+0000] {logging_mixin.py:120} INFO - [2024-04-16T13:24:40.074+0000] {dagbag.py:537} INFO - Filling up the DagBag from /home/airflow/.local/lib/python3.7/site-packages/airflow/example_dags/example_nested_branch_dag.py
[2024-04-16T13:24:40.132+0000] {processor.py:766} INFO - DAG(s) dict_keys(['example_nested_branch_dag']) retrieved from /home/airflow/.local/lib/python3.7/site-packages/airflow/example_dags/example_nested_branch_dag.py
[2024-04-16T13:24:40.204+0000] {logging_mixin.py:120} INFO - [2024-04-16T13:24:40.204+0000] {dag.py:2585} INFO - Sync 1 DAGs
[2024-04-16T13:24:40.246+0000] {logging_mixin.py:120} INFO - [2024-04-16T13:24:40.246+0000] {dag.py:3340} INFO - Setting next_dagrun for example_nested_branch_dag to 2024-04-15T00:00:00+00:00, run_after=2024-04-16T00:00:00+00:00
[2024-04-16T13:24:40.278+0000] {processor.py:176} INFO - Processing /home/airflow/.local/lib/python3.7/site-packages/airflow/example_dags/example_nested_branch_dag.py took 0.221 seconds
[2024-04-16T13:25:10.755+0000] {processor.py:154} INFO - Started process (PID=3701) to work on /home/airflow/.local/lib/python3.7/site-packages/airflow/example_dags/example_nested_branch_dag.py
[2024-04-16T13:25:10.757+0000] {processor.py:756} INFO - Processing file /home/airflow/.local/lib/python3.7/site-packages/airflow/example_dags/example_nested_branch_dag.py for tasks to queue
[2024-04-16T13:25:10.758+0000] {logging_mixin.py:120} INFO - [2024-04-16T13:25:10.758+0000] {dagbag.py:537} INFO - Filling up the DagBag from /home/airflow/.local/lib/python3.7/site-packages/airflow/example_dags/example_nested_branch_dag.py
[2024-04-16T13:25:10.803+0000] {processor.py:766} INFO - DAG(s) dict_keys(['example_nested_branch_dag']) retrieved from /home/airflow/.local/lib/python3.7/site-packages/airflow/example_dags/example_nested_branch_dag.py
[2024-04-16T13:25:10.875+0000] {logging_mixin.py:120} INFO - [2024-04-16T13:25:10.875+0000] {dag.py:2585} INFO - Sync 1 DAGs
[2024-04-16T13:25:10.915+0000] {logging_mixin.py:120} INFO - [2024-04-16T13:25:10.915+0000] {dag.py:3340} INFO - Setting next_dagrun for example_nested_branch_dag to 2024-04-15T00:00:00+00:00, run_after=2024-04-16T00:00:00+00:00
[2024-04-16T13:25:10.948+0000] {processor.py:176} INFO - Processing /home/airflow/.local/lib/python3.7/site-packages/airflow/example_dags/example_nested_branch_dag.py took 0.200 seconds
[2024-04-16T13:25:41.432+0000] {processor.py:154} INFO - Started process (PID=3780) to work on /home/airflow/.local/lib/python3.7/site-packages/airflow/example_dags/example_nested_branch_dag.py
[2024-04-16T13:25:41.435+0000] {processor.py:756} INFO - Processing file /home/airflow/.local/lib/python3.7/site-packages/airflow/example_dags/example_nested_branch_dag.py for tasks to queue
[2024-04-16T13:25:41.437+0000] {logging_mixin.py:120} INFO - [2024-04-16T13:25:41.437+0000] {dagbag.py:537} INFO - Filling up the DagBag from /home/airflow/.local/lib/python3.7/site-packages/airflow/example_dags/example_nested_branch_dag.py
[2024-04-16T13:25:41.476+0000] {processor.py:766} INFO - DAG(s) dict_keys(['example_nested_branch_dag']) retrieved from /home/airflow/.local/lib/python3.7/site-packages/airflow/example_dags/example_nested_branch_dag.py
[2024-04-16T13:25:41.547+0000] {logging_mixin.py:120} INFO - [2024-04-16T13:25:41.547+0000] {dag.py:2585} INFO - Sync 1 DAGs
[2024-04-16T13:25:41.590+0000] {logging_mixin.py:120} INFO - [2024-04-16T13:25:41.589+0000] {dag.py:3340} INFO - Setting next_dagrun for example_nested_branch_dag to 2024-04-15T00:00:00+00:00, run_after=2024-04-16T00:00:00+00:00
[2024-04-16T13:25:41.618+0000] {processor.py:176} INFO - Processing /home/airflow/.local/lib/python3.7/site-packages/airflow/example_dags/example_nested_branch_dag.py took 0.192 seconds
[2024-04-16T13:26:11.725+0000] {processor.py:154} INFO - Started process (PID=3849) to work on /home/airflow/.local/lib/python3.7/site-packages/airflow/example_dags/example_nested_branch_dag.py
[2024-04-16T13:26:11.727+0000] {processor.py:756} INFO - Processing file /home/airflow/.local/lib/python3.7/site-packages/airflow/example_dags/example_nested_branch_dag.py for tasks to queue
[2024-04-16T13:26:11.730+0000] {logging_mixin.py:120} INFO - [2024-04-16T13:26:11.730+0000] {dagbag.py:537} INFO - Filling up the DagBag from /home/airflow/.local/lib/python3.7/site-packages/airflow/example_dags/example_nested_branch_dag.py
[2024-04-16T13:26:11.772+0000] {processor.py:766} INFO - DAG(s) dict_keys(['example_nested_branch_dag']) retrieved from /home/airflow/.local/lib/python3.7/site-packages/airflow/example_dags/example_nested_branch_dag.py
[2024-04-16T13:26:11.850+0000] {logging_mixin.py:120} INFO - [2024-04-16T13:26:11.850+0000] {dag.py:2585} INFO - Sync 1 DAGs
[2024-04-16T13:26:11.912+0000] {logging_mixin.py:120} INFO - [2024-04-16T13:26:11.912+0000] {dag.py:3340} INFO - Setting next_dagrun for example_nested_branch_dag to 2024-04-15T00:00:00+00:00, run_after=2024-04-16T00:00:00+00:00
[2024-04-16T13:26:11.948+0000] {processor.py:176} INFO - Processing /home/airflow/.local/lib/python3.7/site-packages/airflow/example_dags/example_nested_branch_dag.py took 0.232 seconds
[2024-04-16T13:26:42.809+0000] {processor.py:154} INFO - Started process (PID=3928) to work on /home/airflow/.local/lib/python3.7/site-packages/airflow/example_dags/example_nested_branch_dag.py
[2024-04-16T13:26:42.811+0000] {processor.py:756} INFO - Processing file /home/airflow/.local/lib/python3.7/site-packages/airflow/example_dags/example_nested_branch_dag.py for tasks to queue
[2024-04-16T13:26:42.813+0000] {logging_mixin.py:120} INFO - [2024-04-16T13:26:42.813+0000] {dagbag.py:537} INFO - Filling up the DagBag from /home/airflow/.local/lib/python3.7/site-packages/airflow/example_dags/example_nested_branch_dag.py
[2024-04-16T13:26:42.853+0000] {processor.py:766} INFO - DAG(s) dict_keys(['example_nested_branch_dag']) retrieved from /home/airflow/.local/lib/python3.7/site-packages/airflow/example_dags/example_nested_branch_dag.py
[2024-04-16T13:26:42.932+0000] {logging_mixin.py:120} INFO - [2024-04-16T13:26:42.932+0000] {dag.py:2585} INFO - Sync 1 DAGs
[2024-04-16T13:26:42.979+0000] {logging_mixin.py:120} INFO - [2024-04-16T13:26:42.979+0000] {dag.py:3340} INFO - Setting next_dagrun for example_nested_branch_dag to 2024-04-15T00:00:00+00:00, run_after=2024-04-16T00:00:00+00:00
[2024-04-16T13:26:43.021+0000] {processor.py:176} INFO - Processing /home/airflow/.local/lib/python3.7/site-packages/airflow/example_dags/example_nested_branch_dag.py took 0.218 seconds
[2024-04-16T13:27:13.982+0000] {processor.py:154} INFO - Started process (PID=3997) to work on /home/airflow/.local/lib/python3.7/site-packages/airflow/example_dags/example_nested_branch_dag.py
[2024-04-16T13:27:13.984+0000] {processor.py:756} INFO - Processing file /home/airflow/.local/lib/python3.7/site-packages/airflow/example_dags/example_nested_branch_dag.py for tasks to queue
[2024-04-16T13:27:13.986+0000] {logging_mixin.py:120} INFO - [2024-04-16T13:27:13.986+0000] {dagbag.py:537} INFO - Filling up the DagBag from /home/airflow/.local/lib/python3.7/site-packages/airflow/example_dags/example_nested_branch_dag.py
[2024-04-16T13:27:14.024+0000] {processor.py:766} INFO - DAG(s) dict_keys(['example_nested_branch_dag']) retrieved from /home/airflow/.local/lib/python3.7/site-packages/airflow/example_dags/example_nested_branch_dag.py
[2024-04-16T13:27:14.090+0000] {logging_mixin.py:120} INFO - [2024-04-16T13:27:14.090+0000] {dag.py:2585} INFO - Sync 1 DAGs
[2024-04-16T13:27:14.135+0000] {logging_mixin.py:120} INFO - [2024-04-16T13:27:14.135+0000] {dag.py:3340} INFO - Setting next_dagrun for example_nested_branch_dag to 2024-04-15T00:00:00+00:00, run_after=2024-04-16T00:00:00+00:00
[2024-04-16T13:27:14.166+0000] {processor.py:176} INFO - Processing /home/airflow/.local/lib/python3.7/site-packages/airflow/example_dags/example_nested_branch_dag.py took 0.190 seconds
[2024-04-16T13:27:44.787+0000] {processor.py:154} INFO - Started process (PID=4075) to work on /home/airflow/.local/lib/python3.7/site-packages/airflow/example_dags/example_nested_branch_dag.py
[2024-04-16T13:27:44.789+0000] {processor.py:756} INFO - Processing file /home/airflow/.local/lib/python3.7/site-packages/airflow/example_dags/example_nested_branch_dag.py for tasks to queue
[2024-04-16T13:27:44.791+0000] {logging_mixin.py:120} INFO - [2024-04-16T13:27:44.791+0000] {dagbag.py:537} INFO - Filling up the DagBag from /home/airflow/.local/lib/python3.7/site-packages/airflow/example_dags/example_nested_branch_dag.py
[2024-04-16T13:27:44.831+0000] {processor.py:766} INFO - DAG(s) dict_keys(['example_nested_branch_dag']) retrieved from /home/airflow/.local/lib/python3.7/site-packages/airflow/example_dags/example_nested_branch_dag.py
[2024-04-16T13:27:44.899+0000] {logging_mixin.py:120} INFO - [2024-04-16T13:27:44.899+0000] {dag.py:2585} INFO - Sync 1 DAGs
[2024-04-16T13:27:44.939+0000] {logging_mixin.py:120} INFO - [2024-04-16T13:27:44.939+0000] {dag.py:3340} INFO - Setting next_dagrun for example_nested_branch_dag to 2024-04-15T00:00:00+00:00, run_after=2024-04-16T00:00:00+00:00
[2024-04-16T13:27:44.965+0000] {processor.py:176} INFO - Processing /home/airflow/.local/lib/python3.7/site-packages/airflow/example_dags/example_nested_branch_dag.py took 0.183 seconds
[2024-04-16T13:28:15.910+0000] {processor.py:154} INFO - Started process (PID=4153) to work on /home/airflow/.local/lib/python3.7/site-packages/airflow/example_dags/example_nested_branch_dag.py
[2024-04-16T13:28:15.912+0000] {processor.py:756} INFO - Processing file /home/airflow/.local/lib/python3.7/site-packages/airflow/example_dags/example_nested_branch_dag.py for tasks to queue
[2024-04-16T13:28:15.915+0000] {logging_mixin.py:120} INFO - [2024-04-16T13:28:15.915+0000] {dagbag.py:537} INFO - Filling up the DagBag from /home/airflow/.local/lib/python3.7/site-packages/airflow/example_dags/example_nested_branch_dag.py
[2024-04-16T13:28:15.970+0000] {processor.py:766} INFO - DAG(s) dict_keys(['example_nested_branch_dag']) retrieved from /home/airflow/.local/lib/python3.7/site-packages/airflow/example_dags/example_nested_branch_dag.py
[2024-04-16T13:28:16.044+0000] {logging_mixin.py:120} INFO - [2024-04-16T13:28:16.044+0000] {dag.py:2585} INFO - Sync 1 DAGs
[2024-04-16T13:28:16.090+0000] {logging_mixin.py:120} INFO - [2024-04-16T13:28:16.090+0000] {dag.py:3340} INFO - Setting next_dagrun for example_nested_branch_dag to 2024-04-15T00:00:00+00:00, run_after=2024-04-16T00:00:00+00:00
[2024-04-16T13:28:16.125+0000] {processor.py:176} INFO - Processing /home/airflow/.local/lib/python3.7/site-packages/airflow/example_dags/example_nested_branch_dag.py took 0.221 seconds
[2024-04-16T13:28:46.540+0000] {processor.py:154} INFO - Started process (PID=4223) to work on /home/airflow/.local/lib/python3.7/site-packages/airflow/example_dags/example_nested_branch_dag.py
[2024-04-16T13:28:46.542+0000] {processor.py:756} INFO - Processing file /home/airflow/.local/lib/python3.7/site-packages/airflow/example_dags/example_nested_branch_dag.py for tasks to queue
[2024-04-16T13:28:46.544+0000] {logging_mixin.py:120} INFO - [2024-04-16T13:28:46.544+0000] {dagbag.py:537} INFO - Filling up the DagBag from /home/airflow/.local/lib/python3.7/site-packages/airflow/example_dags/example_nested_branch_dag.py
[2024-04-16T13:28:46.583+0000] {processor.py:766} INFO - DAG(s) dict_keys(['example_nested_branch_dag']) retrieved from /home/airflow/.local/lib/python3.7/site-packages/airflow/example_dags/example_nested_branch_dag.py
[2024-04-16T13:28:46.653+0000] {logging_mixin.py:120} INFO - [2024-04-16T13:28:46.653+0000] {dag.py:2585} INFO - Sync 1 DAGs
[2024-04-16T13:28:46.703+0000] {logging_mixin.py:120} INFO - [2024-04-16T13:28:46.702+0000] {dag.py:3340} INFO - Setting next_dagrun for example_nested_branch_dag to 2024-04-15T00:00:00+00:00, run_after=2024-04-16T00:00:00+00:00
[2024-04-16T13:28:46.742+0000] {processor.py:176} INFO - Processing /home/airflow/.local/lib/python3.7/site-packages/airflow/example_dags/example_nested_branch_dag.py took 0.208 seconds
[2024-04-16T13:29:17.228+0000] {processor.py:154} INFO - Started process (PID=4293) to work on /home/airflow/.local/lib/python3.7/site-packages/airflow/example_dags/example_nested_branch_dag.py
[2024-04-16T13:29:17.234+0000] {processor.py:756} INFO - Processing file /home/airflow/.local/lib/python3.7/site-packages/airflow/example_dags/example_nested_branch_dag.py for tasks to queue
[2024-04-16T13:29:17.238+0000] {logging_mixin.py:120} INFO - [2024-04-16T13:29:17.238+0000] {dagbag.py:537} INFO - Filling up the DagBag from /home/airflow/.local/lib/python3.7/site-packages/airflow/example_dags/example_nested_branch_dag.py
[2024-04-16T13:29:17.356+0000] {processor.py:766} INFO - DAG(s) dict_keys(['example_nested_branch_dag']) retrieved from /home/airflow/.local/lib/python3.7/site-packages/airflow/example_dags/example_nested_branch_dag.py
[2024-04-16T13:29:17.507+0000] {logging_mixin.py:120} INFO - [2024-04-16T13:29:17.506+0000] {dag.py:2585} INFO - Sync 1 DAGs
[2024-04-16T13:29:17.576+0000] {logging_mixin.py:120} INFO - [2024-04-16T13:29:17.576+0000] {dag.py:3340} INFO - Setting next_dagrun for example_nested_branch_dag to 2024-04-15T00:00:00+00:00, run_after=2024-04-16T00:00:00+00:00
[2024-04-16T13:29:17.613+0000] {processor.py:176} INFO - Processing /home/airflow/.local/lib/python3.7/site-packages/airflow/example_dags/example_nested_branch_dag.py took 0.397 seconds
[2024-04-16T13:29:47.670+0000] {processor.py:154} INFO - Started process (PID=4373) to work on /home/airflow/.local/lib/python3.7/site-packages/airflow/example_dags/example_nested_branch_dag.py
[2024-04-16T13:29:47.672+0000] {processor.py:756} INFO - Processing file /home/airflow/.local/lib/python3.7/site-packages/airflow/example_dags/example_nested_branch_dag.py for tasks to queue
[2024-04-16T13:29:47.675+0000] {logging_mixin.py:120} INFO - [2024-04-16T13:29:47.675+0000] {dagbag.py:537} INFO - Filling up the DagBag from /home/airflow/.local/lib/python3.7/site-packages/airflow/example_dags/example_nested_branch_dag.py
[2024-04-16T13:29:47.718+0000] {processor.py:766} INFO - DAG(s) dict_keys(['example_nested_branch_dag']) retrieved from /home/airflow/.local/lib/python3.7/site-packages/airflow/example_dags/example_nested_branch_dag.py
[2024-04-16T13:29:47.782+0000] {logging_mixin.py:120} INFO - [2024-04-16T13:29:47.781+0000] {dag.py:2585} INFO - Sync 1 DAGs
[2024-04-16T13:29:47.826+0000] {logging_mixin.py:120} INFO - [2024-04-16T13:29:47.826+0000] {dag.py:3340} INFO - Setting next_dagrun for example_nested_branch_dag to 2024-04-15T00:00:00+00:00, run_after=2024-04-16T00:00:00+00:00
[2024-04-16T13:29:47.856+0000] {processor.py:176} INFO - Processing /home/airflow/.local/lib/python3.7/site-packages/airflow/example_dags/example_nested_branch_dag.py took 0.195 seconds
[2024-04-16T13:30:17.943+0000] {processor.py:154} INFO - Started process (PID=4451) to work on /home/airflow/.local/lib/python3.7/site-packages/airflow/example_dags/example_nested_branch_dag.py
[2024-04-16T13:30:17.946+0000] {processor.py:756} INFO - Processing file /home/airflow/.local/lib/python3.7/site-packages/airflow/example_dags/example_nested_branch_dag.py for tasks to queue
[2024-04-16T13:30:17.950+0000] {logging_mixin.py:120} INFO - [2024-04-16T13:30:17.949+0000] {dagbag.py:537} INFO - Filling up the DagBag from /home/airflow/.local/lib/python3.7/site-packages/airflow/example_dags/example_nested_branch_dag.py
[2024-04-16T13:30:18.008+0000] {processor.py:766} INFO - DAG(s) dict_keys(['example_nested_branch_dag']) retrieved from /home/airflow/.local/lib/python3.7/site-packages/airflow/example_dags/example_nested_branch_dag.py
[2024-04-16T13:30:18.103+0000] {logging_mixin.py:120} INFO - [2024-04-16T13:30:18.103+0000] {dag.py:2585} INFO - Sync 1 DAGs
[2024-04-16T13:30:18.166+0000] {logging_mixin.py:120} INFO - [2024-04-16T13:30:18.166+0000] {dag.py:3340} INFO - Setting next_dagrun for example_nested_branch_dag to 2024-04-15T00:00:00+00:00, run_after=2024-04-16T00:00:00+00:00
[2024-04-16T13:30:18.202+0000] {processor.py:176} INFO - Processing /home/airflow/.local/lib/python3.7/site-packages/airflow/example_dags/example_nested_branch_dag.py took 0.265 seconds
[2024-04-16T13:30:49.181+0000] {processor.py:154} INFO - Started process (PID=4520) to work on /home/airflow/.local/lib/python3.7/site-packages/airflow/example_dags/example_nested_branch_dag.py
[2024-04-16T13:30:49.183+0000] {processor.py:756} INFO - Processing file /home/airflow/.local/lib/python3.7/site-packages/airflow/example_dags/example_nested_branch_dag.py for tasks to queue
[2024-04-16T13:30:49.185+0000] {logging_mixin.py:120} INFO - [2024-04-16T13:30:49.184+0000] {dagbag.py:537} INFO - Filling up the DagBag from /home/airflow/.local/lib/python3.7/site-packages/airflow/example_dags/example_nested_branch_dag.py
[2024-04-16T13:30:49.224+0000] {processor.py:766} INFO - DAG(s) dict_keys(['example_nested_branch_dag']) retrieved from /home/airflow/.local/lib/python3.7/site-packages/airflow/example_dags/example_nested_branch_dag.py
[2024-04-16T13:30:49.290+0000] {logging_mixin.py:120} INFO - [2024-04-16T13:30:49.290+0000] {dag.py:2585} INFO - Sync 1 DAGs
[2024-04-16T13:30:49.334+0000] {logging_mixin.py:120} INFO - [2024-04-16T13:30:49.334+0000] {dag.py:3340} INFO - Setting next_dagrun for example_nested_branch_dag to 2024-04-15T00:00:00+00:00, run_after=2024-04-16T00:00:00+00:00
[2024-04-16T13:30:49.364+0000] {processor.py:176} INFO - Processing /home/airflow/.local/lib/python3.7/site-packages/airflow/example_dags/example_nested_branch_dag.py took 0.187 seconds
