[2024-04-16T09:51:59.081+0000] {processor.py:154} INFO - Started process (PID=23793) to work on /home/airflow/.local/lib/python3.7/site-packages/airflow/example_dags/example_latest_only_with_trigger.py
[2024-04-16T09:51:59.265+0000] {processor.py:756} INFO - Processing file /home/airflow/.local/lib/python3.7/site-packages/airflow/example_dags/example_latest_only_with_trigger.py for tasks to queue
[2024-04-16T09:51:59.387+0000] {logging_mixin.py:120} INFO - [2024-04-16T09:51:59.363+0000] {dagbag.py:537} INFO - Filling up the DagBag from /home/airflow/.local/lib/python3.7/site-packages/airflow/example_dags/example_latest_only_with_trigger.py
[2024-04-16T09:52:04.591+0000] {processor.py:766} INFO - DAG(s) dict_keys(['latest_only_with_trigger']) retrieved from /home/airflow/.local/lib/python3.7/site-packages/airflow/example_dags/example_latest_only_with_trigger.py
[2024-04-16T09:52:13.144+0000] {logging_mixin.py:120} INFO - [2024-04-16T09:52:13.106+0000] {dag.py:2585} INFO - Sync 1 DAGs
[2024-04-16T09:52:16.717+0000] {logging_mixin.py:120} INFO - [2024-04-16T09:52:16.715+0000] {dag.py:3340} INFO - Setting next_dagrun for latest_only_with_trigger to 2024-04-16T05:52:16.638296+00:00, run_after=2024-04-16T09:52:16.638296+00:00
[2024-04-16T09:52:18.873+0000] {processor.py:176} INFO - Processing /home/airflow/.local/lib/python3.7/site-packages/airflow/example_dags/example_latest_only_with_trigger.py took 20.900 seconds
[2024-04-16T10:12:20.238+0000] {processor.py:154} INFO - Started process (PID=23978) to work on /home/airflow/.local/lib/python3.7/site-packages/airflow/example_dags/example_latest_only_with_trigger.py
[2024-04-16T10:12:20.381+0000] {processor.py:756} INFO - Processing file /home/airflow/.local/lib/python3.7/site-packages/airflow/example_dags/example_latest_only_with_trigger.py for tasks to queue
[2024-04-16T10:12:20.497+0000] {logging_mixin.py:120} INFO - [2024-04-16T10:12:20.496+0000] {dagbag.py:537} INFO - Filling up the DagBag from /home/airflow/.local/lib/python3.7/site-packages/airflow/example_dags/example_latest_only_with_trigger.py
[2024-04-16T10:12:24.550+0000] {processor.py:766} INFO - DAG(s) dict_keys(['latest_only_with_trigger']) retrieved from /home/airflow/.local/lib/python3.7/site-packages/airflow/example_dags/example_latest_only_with_trigger.py
[2024-04-16T10:12:34.272+0000] {logging_mixin.py:120} INFO - [2024-04-16T10:12:34.271+0000] {dag.py:2585} INFO - Sync 1 DAGs
[2024-04-16T10:12:41.445+0000] {logging_mixin.py:120} INFO - [2024-04-16T10:12:41.444+0000] {dag.py:3340} INFO - Setting next_dagrun for latest_only_with_trigger to 2024-04-16T06:12:41.413717+00:00, run_after=2024-04-16T10:12:41.413717+00:00
[2024-04-16T10:12:45.139+0000] {processor.py:176} INFO - Processing /home/airflow/.local/lib/python3.7/site-packages/airflow/example_dags/example_latest_only_with_trigger.py took 25.434 seconds
[2024-04-16T10:23:00.592+0000] {processor.py:154} INFO - Started process (PID=54) to work on /home/airflow/.local/lib/python3.7/site-packages/airflow/example_dags/example_latest_only_with_trigger.py
[2024-04-16T10:23:00.620+0000] {processor.py:756} INFO - Processing file /home/airflow/.local/lib/python3.7/site-packages/airflow/example_dags/example_latest_only_with_trigger.py for tasks to queue
[2024-04-16T10:23:00.623+0000] {logging_mixin.py:120} INFO - [2024-04-16T10:23:00.623+0000] {dagbag.py:537} INFO - Filling up the DagBag from /home/airflow/.local/lib/python3.7/site-packages/airflow/example_dags/example_latest_only_with_trigger.py
[2024-04-16T10:23:00.785+0000] {processor.py:766} INFO - DAG(s) dict_keys(['latest_only_with_trigger']) retrieved from /home/airflow/.local/lib/python3.7/site-packages/airflow/example_dags/example_latest_only_with_trigger.py
[2024-04-16T10:23:01.353+0000] {logging_mixin.py:120} INFO - [2024-04-16T10:23:01.344+0000] {dag.py:2585} INFO - Sync 1 DAGs
[2024-04-16T10:23:08.819+0000] {logging_mixin.py:120} INFO - [2024-04-16T10:23:08.819+0000] {dag.py:3340} INFO - Setting next_dagrun for latest_only_with_trigger to 2024-04-16T06:23:08.803275+00:00, run_after=2024-04-16T10:23:08.803275+00:00
[2024-04-16T10:23:09.005+0000] {processor.py:176} INFO - Processing /home/airflow/.local/lib/python3.7/site-packages/airflow/example_dags/example_latest_only_with_trigger.py took 8.476 seconds
[2024-04-16T10:23:39.385+0000] {processor.py:154} INFO - Started process (PID=121) to work on /home/airflow/.local/lib/python3.7/site-packages/airflow/example_dags/example_latest_only_with_trigger.py
[2024-04-16T10:23:39.481+0000] {processor.py:756} INFO - Processing file /home/airflow/.local/lib/python3.7/site-packages/airflow/example_dags/example_latest_only_with_trigger.py for tasks to queue
[2024-04-16T10:23:39.491+0000] {logging_mixin.py:120} INFO - [2024-04-16T10:23:39.487+0000] {dagbag.py:537} INFO - Filling up the DagBag from /home/airflow/.local/lib/python3.7/site-packages/airflow/example_dags/example_latest_only_with_trigger.py
[2024-04-16T10:23:39.581+0000] {processor.py:766} INFO - DAG(s) dict_keys(['latest_only_with_trigger']) retrieved from /home/airflow/.local/lib/python3.7/site-packages/airflow/example_dags/example_latest_only_with_trigger.py
[2024-04-16T10:23:39.680+0000] {logging_mixin.py:120} INFO - [2024-04-16T10:23:39.680+0000] {dag.py:2585} INFO - Sync 1 DAGs
[2024-04-16T10:23:39.724+0000] {logging_mixin.py:120} INFO - [2024-04-16T10:23:39.724+0000] {dag.py:3340} INFO - Setting next_dagrun for latest_only_with_trigger to 2024-04-16T06:23:39.724275+00:00, run_after=2024-04-16T10:23:39.724275+00:00
[2024-04-16T10:23:39.765+0000] {processor.py:176} INFO - Processing /home/airflow/.local/lib/python3.7/site-packages/airflow/example_dags/example_latest_only_with_trigger.py took 0.386 seconds
[2024-04-16T10:24:10.104+0000] {processor.py:154} INFO - Started process (PID=191) to work on /home/airflow/.local/lib/python3.7/site-packages/airflow/example_dags/example_latest_only_with_trigger.py
[2024-04-16T10:24:10.107+0000] {processor.py:756} INFO - Processing file /home/airflow/.local/lib/python3.7/site-packages/airflow/example_dags/example_latest_only_with_trigger.py for tasks to queue
[2024-04-16T10:24:10.110+0000] {logging_mixin.py:120} INFO - [2024-04-16T10:24:10.110+0000] {dagbag.py:537} INFO - Filling up the DagBag from /home/airflow/.local/lib/python3.7/site-packages/airflow/example_dags/example_latest_only_with_trigger.py
[2024-04-16T10:24:10.137+0000] {processor.py:766} INFO - DAG(s) dict_keys(['latest_only_with_trigger']) retrieved from /home/airflow/.local/lib/python3.7/site-packages/airflow/example_dags/example_latest_only_with_trigger.py
[2024-04-16T10:24:10.219+0000] {logging_mixin.py:120} INFO - [2024-04-16T10:24:10.219+0000] {dag.py:2585} INFO - Sync 1 DAGs
[2024-04-16T10:24:10.256+0000] {logging_mixin.py:120} INFO - [2024-04-16T10:24:10.256+0000] {dag.py:3340} INFO - Setting next_dagrun for latest_only_with_trigger to 2024-04-16T06:24:10.256083+00:00, run_after=2024-04-16T10:24:10.256083+00:00
[2024-04-16T10:24:10.284+0000] {processor.py:176} INFO - Processing /home/airflow/.local/lib/python3.7/site-packages/airflow/example_dags/example_latest_only_with_trigger.py took 0.187 seconds
[2024-04-16T10:24:55.814+0000] {processor.py:154} INFO - Started process (PID=256) to work on /home/airflow/.local/lib/python3.7/site-packages/airflow/example_dags/example_latest_only_with_trigger.py
[2024-04-16T10:24:55.816+0000] {processor.py:756} INFO - Processing file /home/airflow/.local/lib/python3.7/site-packages/airflow/example_dags/example_latest_only_with_trigger.py for tasks to queue
[2024-04-16T10:24:55.817+0000] {logging_mixin.py:120} INFO - [2024-04-16T10:24:55.817+0000] {dagbag.py:537} INFO - Filling up the DagBag from /home/airflow/.local/lib/python3.7/site-packages/airflow/example_dags/example_latest_only_with_trigger.py
[2024-04-16T10:24:55.840+0000] {processor.py:766} INFO - DAG(s) dict_keys(['latest_only_with_trigger']) retrieved from /home/airflow/.local/lib/python3.7/site-packages/airflow/example_dags/example_latest_only_with_trigger.py
[2024-04-16T10:24:55.903+0000] {logging_mixin.py:120} INFO - [2024-04-16T10:24:55.903+0000] {dag.py:2585} INFO - Sync 1 DAGs
[2024-04-16T10:24:55.942+0000] {logging_mixin.py:120} INFO - [2024-04-16T10:24:55.941+0000] {dag.py:3340} INFO - Setting next_dagrun for latest_only_with_trigger to 2024-04-16T06:24:55.941019+00:00, run_after=2024-04-16T10:24:55.941019+00:00
[2024-04-16T10:24:55.980+0000] {processor.py:176} INFO - Processing /home/airflow/.local/lib/python3.7/site-packages/airflow/example_dags/example_latest_only_with_trigger.py took 0.172 seconds
[2024-04-16T10:25:27.889+0000] {processor.py:154} INFO - Started process (PID=334) to work on /home/airflow/.local/lib/python3.7/site-packages/airflow/example_dags/example_latest_only_with_trigger.py
[2024-04-16T10:25:27.899+0000] {processor.py:756} INFO - Processing file /home/airflow/.local/lib/python3.7/site-packages/airflow/example_dags/example_latest_only_with_trigger.py for tasks to queue
[2024-04-16T10:25:27.902+0000] {logging_mixin.py:120} INFO - [2024-04-16T10:25:27.902+0000] {dagbag.py:537} INFO - Filling up the DagBag from /home/airflow/.local/lib/python3.7/site-packages/airflow/example_dags/example_latest_only_with_trigger.py
[2024-04-16T10:25:27.991+0000] {processor.py:766} INFO - DAG(s) dict_keys(['latest_only_with_trigger']) retrieved from /home/airflow/.local/lib/python3.7/site-packages/airflow/example_dags/example_latest_only_with_trigger.py
[2024-04-16T10:25:28.074+0000] {logging_mixin.py:120} INFO - [2024-04-16T10:25:28.074+0000] {dag.py:2585} INFO - Sync 1 DAGs
[2024-04-16T10:25:28.115+0000] {logging_mixin.py:120} INFO - [2024-04-16T10:25:28.115+0000] {dag.py:3340} INFO - Setting next_dagrun for latest_only_with_trigger to 2024-04-16T06:25:28.114804+00:00, run_after=2024-04-16T10:25:28.114804+00:00
[2024-04-16T10:25:28.148+0000] {processor.py:176} INFO - Processing /home/airflow/.local/lib/python3.7/site-packages/airflow/example_dags/example_latest_only_with_trigger.py took 0.278 seconds
[2024-04-16T10:26:08.072+0000] {processor.py:154} INFO - Started process (PID=406) to work on /home/airflow/.local/lib/python3.7/site-packages/airflow/example_dags/example_latest_only_with_trigger.py
[2024-04-16T10:26:08.077+0000] {processor.py:756} INFO - Processing file /home/airflow/.local/lib/python3.7/site-packages/airflow/example_dags/example_latest_only_with_trigger.py for tasks to queue
[2024-04-16T10:26:08.082+0000] {logging_mixin.py:120} INFO - [2024-04-16T10:26:08.082+0000] {dagbag.py:537} INFO - Filling up the DagBag from /home/airflow/.local/lib/python3.7/site-packages/airflow/example_dags/example_latest_only_with_trigger.py
[2024-04-16T10:26:08.173+0000] {processor.py:766} INFO - DAG(s) dict_keys(['latest_only_with_trigger']) retrieved from /home/airflow/.local/lib/python3.7/site-packages/airflow/example_dags/example_latest_only_with_trigger.py
[2024-04-16T10:26:08.280+0000] {logging_mixin.py:120} INFO - [2024-04-16T10:26:08.277+0000] {dag.py:2585} INFO - Sync 1 DAGs
[2024-04-16T10:26:08.339+0000] {logging_mixin.py:120} INFO - [2024-04-16T10:26:08.339+0000] {dag.py:3340} INFO - Setting next_dagrun for latest_only_with_trigger to 2024-04-16T06:26:08.338552+00:00, run_after=2024-04-16T10:26:08.338552+00:00
[2024-04-16T10:26:08.402+0000] {processor.py:176} INFO - Processing /home/airflow/.local/lib/python3.7/site-packages/airflow/example_dags/example_latest_only_with_trigger.py took 0.348 seconds
[2024-04-16T10:26:39.022+0000] {processor.py:154} INFO - Started process (PID=475) to work on /home/airflow/.local/lib/python3.7/site-packages/airflow/example_dags/example_latest_only_with_trigger.py
[2024-04-16T10:26:39.025+0000] {processor.py:756} INFO - Processing file /home/airflow/.local/lib/python3.7/site-packages/airflow/example_dags/example_latest_only_with_trigger.py for tasks to queue
[2024-04-16T10:26:39.027+0000] {logging_mixin.py:120} INFO - [2024-04-16T10:26:39.027+0000] {dagbag.py:537} INFO - Filling up the DagBag from /home/airflow/.local/lib/python3.7/site-packages/airflow/example_dags/example_latest_only_with_trigger.py
[2024-04-16T10:26:39.057+0000] {processor.py:766} INFO - DAG(s) dict_keys(['latest_only_with_trigger']) retrieved from /home/airflow/.local/lib/python3.7/site-packages/airflow/example_dags/example_latest_only_with_trigger.py
[2024-04-16T10:26:39.121+0000] {logging_mixin.py:120} INFO - [2024-04-16T10:26:39.121+0000] {dag.py:2585} INFO - Sync 1 DAGs
[2024-04-16T10:26:39.158+0000] {logging_mixin.py:120} INFO - [2024-04-16T10:26:39.158+0000] {dag.py:3340} INFO - Setting next_dagrun for latest_only_with_trigger to 2024-04-16T06:26:39.158027+00:00, run_after=2024-04-16T10:26:39.158027+00:00
[2024-04-16T10:26:39.186+0000] {processor.py:176} INFO - Processing /home/airflow/.local/lib/python3.7/site-packages/airflow/example_dags/example_latest_only_with_trigger.py took 0.170 seconds
[2024-04-16T10:27:09.447+0000] {processor.py:154} INFO - Started process (PID=545) to work on /home/airflow/.local/lib/python3.7/site-packages/airflow/example_dags/example_latest_only_with_trigger.py
[2024-04-16T10:27:09.449+0000] {processor.py:756} INFO - Processing file /home/airflow/.local/lib/python3.7/site-packages/airflow/example_dags/example_latest_only_with_trigger.py for tasks to queue
[2024-04-16T10:27:09.451+0000] {logging_mixin.py:120} INFO - [2024-04-16T10:27:09.451+0000] {dagbag.py:537} INFO - Filling up the DagBag from /home/airflow/.local/lib/python3.7/site-packages/airflow/example_dags/example_latest_only_with_trigger.py
[2024-04-16T10:27:09.478+0000] {processor.py:766} INFO - DAG(s) dict_keys(['latest_only_with_trigger']) retrieved from /home/airflow/.local/lib/python3.7/site-packages/airflow/example_dags/example_latest_only_with_trigger.py
[2024-04-16T10:27:09.542+0000] {logging_mixin.py:120} INFO - [2024-04-16T10:27:09.542+0000] {dag.py:2585} INFO - Sync 1 DAGs
[2024-04-16T10:27:09.582+0000] {logging_mixin.py:120} INFO - [2024-04-16T10:27:09.581+0000] {dag.py:3340} INFO - Setting next_dagrun for latest_only_with_trigger to 2024-04-16T06:27:09.581371+00:00, run_after=2024-04-16T10:27:09.581371+00:00
[2024-04-16T10:27:09.611+0000] {processor.py:176} INFO - Processing /home/airflow/.local/lib/python3.7/site-packages/airflow/example_dags/example_latest_only_with_trigger.py took 0.170 seconds
[2024-04-16T10:27:39.807+0000] {processor.py:154} INFO - Started process (PID=614) to work on /home/airflow/.local/lib/python3.7/site-packages/airflow/example_dags/example_latest_only_with_trigger.py
[2024-04-16T10:27:39.809+0000] {processor.py:756} INFO - Processing file /home/airflow/.local/lib/python3.7/site-packages/airflow/example_dags/example_latest_only_with_trigger.py for tasks to queue
[2024-04-16T10:27:39.811+0000] {logging_mixin.py:120} INFO - [2024-04-16T10:27:39.811+0000] {dagbag.py:537} INFO - Filling up the DagBag from /home/airflow/.local/lib/python3.7/site-packages/airflow/example_dags/example_latest_only_with_trigger.py
[2024-04-16T10:27:39.836+0000] {processor.py:766} INFO - DAG(s) dict_keys(['latest_only_with_trigger']) retrieved from /home/airflow/.local/lib/python3.7/site-packages/airflow/example_dags/example_latest_only_with_trigger.py
[2024-04-16T10:27:39.902+0000] {logging_mixin.py:120} INFO - [2024-04-16T10:27:39.901+0000] {dag.py:2585} INFO - Sync 1 DAGs
[2024-04-16T10:27:39.950+0000] {logging_mixin.py:120} INFO - [2024-04-16T10:27:39.949+0000] {dag.py:3340} INFO - Setting next_dagrun for latest_only_with_trigger to 2024-04-16T06:27:39.949424+00:00, run_after=2024-04-16T10:27:39.949424+00:00
[2024-04-16T10:27:39.978+0000] {processor.py:176} INFO - Processing /home/airflow/.local/lib/python3.7/site-packages/airflow/example_dags/example_latest_only_with_trigger.py took 0.177 seconds
[2024-04-16T13:04:07.573+0000] {processor.py:154} INFO - Started process (PID=695) to work on /home/airflow/.local/lib/python3.7/site-packages/airflow/example_dags/example_latest_only_with_trigger.py
[2024-04-16T13:04:07.577+0000] {processor.py:756} INFO - Processing file /home/airflow/.local/lib/python3.7/site-packages/airflow/example_dags/example_latest_only_with_trigger.py for tasks to queue
[2024-04-16T13:04:07.580+0000] {logging_mixin.py:120} INFO - [2024-04-16T13:04:07.580+0000] {dagbag.py:537} INFO - Filling up the DagBag from /home/airflow/.local/lib/python3.7/site-packages/airflow/example_dags/example_latest_only_with_trigger.py
[2024-04-16T13:04:07.613+0000] {processor.py:766} INFO - DAG(s) dict_keys(['latest_only_with_trigger']) retrieved from /home/airflow/.local/lib/python3.7/site-packages/airflow/example_dags/example_latest_only_with_trigger.py
[2024-04-16T13:04:07.699+0000] {logging_mixin.py:120} INFO - [2024-04-16T13:04:07.698+0000] {dag.py:2585} INFO - Sync 1 DAGs
[2024-04-16T13:04:07.783+0000] {logging_mixin.py:120} INFO - [2024-04-16T13:04:07.783+0000] {dag.py:3340} INFO - Setting next_dagrun for latest_only_with_trigger to 2024-04-16T09:04:07.782882+00:00, run_after=2024-04-16T13:04:07.782882+00:00
[2024-04-16T13:04:07.813+0000] {processor.py:176} INFO - Processing /home/airflow/.local/lib/python3.7/site-packages/airflow/example_dags/example_latest_only_with_trigger.py took 0.253 seconds
[2024-04-16T13:04:38.002+0000] {processor.py:154} INFO - Started process (PID=764) to work on /home/airflow/.local/lib/python3.7/site-packages/airflow/example_dags/example_latest_only_with_trigger.py
[2024-04-16T13:04:38.004+0000] {processor.py:756} INFO - Processing file /home/airflow/.local/lib/python3.7/site-packages/airflow/example_dags/example_latest_only_with_trigger.py for tasks to queue
[2024-04-16T13:04:38.006+0000] {logging_mixin.py:120} INFO - [2024-04-16T13:04:38.006+0000] {dagbag.py:537} INFO - Filling up the DagBag from /home/airflow/.local/lib/python3.7/site-packages/airflow/example_dags/example_latest_only_with_trigger.py
[2024-04-16T13:04:38.034+0000] {processor.py:766} INFO - DAG(s) dict_keys(['latest_only_with_trigger']) retrieved from /home/airflow/.local/lib/python3.7/site-packages/airflow/example_dags/example_latest_only_with_trigger.py
[2024-04-16T13:04:38.102+0000] {logging_mixin.py:120} INFO - [2024-04-16T13:04:38.102+0000] {dag.py:2585} INFO - Sync 1 DAGs
[2024-04-16T13:04:38.140+0000] {logging_mixin.py:120} INFO - [2024-04-16T13:04:38.140+0000] {dag.py:3340} INFO - Setting next_dagrun for latest_only_with_trigger to 2024-04-16T09:04:38.139632+00:00, run_after=2024-04-16T13:04:38.139632+00:00
[2024-04-16T13:04:38.169+0000] {processor.py:176} INFO - Processing /home/airflow/.local/lib/python3.7/site-packages/airflow/example_dags/example_latest_only_with_trigger.py took 0.173 seconds
[2024-04-16T13:05:08.302+0000] {processor.py:154} INFO - Started process (PID=833) to work on /home/airflow/.local/lib/python3.7/site-packages/airflow/example_dags/example_latest_only_with_trigger.py
[2024-04-16T13:05:08.304+0000] {processor.py:756} INFO - Processing file /home/airflow/.local/lib/python3.7/site-packages/airflow/example_dags/example_latest_only_with_trigger.py for tasks to queue
[2024-04-16T13:05:08.306+0000] {logging_mixin.py:120} INFO - [2024-04-16T13:05:08.306+0000] {dagbag.py:537} INFO - Filling up the DagBag from /home/airflow/.local/lib/python3.7/site-packages/airflow/example_dags/example_latest_only_with_trigger.py
[2024-04-16T13:05:08.331+0000] {processor.py:766} INFO - DAG(s) dict_keys(['latest_only_with_trigger']) retrieved from /home/airflow/.local/lib/python3.7/site-packages/airflow/example_dags/example_latest_only_with_trigger.py
[2024-04-16T13:05:08.408+0000] {logging_mixin.py:120} INFO - [2024-04-16T13:05:08.408+0000] {dag.py:2585} INFO - Sync 1 DAGs
[2024-04-16T13:05:08.453+0000] {logging_mixin.py:120} INFO - [2024-04-16T13:05:08.452+0000] {dag.py:3340} INFO - Setting next_dagrun for latest_only_with_trigger to 2024-04-16T09:05:08.452323+00:00, run_after=2024-04-16T13:05:08.452323+00:00
[2024-04-16T13:05:08.480+0000] {processor.py:176} INFO - Processing /home/airflow/.local/lib/python3.7/site-packages/airflow/example_dags/example_latest_only_with_trigger.py took 0.185 seconds
[2024-04-16T13:05:38.874+0000] {processor.py:154} INFO - Started process (PID=912) to work on /home/airflow/.local/lib/python3.7/site-packages/airflow/example_dags/example_latest_only_with_trigger.py
[2024-04-16T13:05:38.876+0000] {processor.py:756} INFO - Processing file /home/airflow/.local/lib/python3.7/site-packages/airflow/example_dags/example_latest_only_with_trigger.py for tasks to queue
[2024-04-16T13:05:38.879+0000] {logging_mixin.py:120} INFO - [2024-04-16T13:05:38.879+0000] {dagbag.py:537} INFO - Filling up the DagBag from /home/airflow/.local/lib/python3.7/site-packages/airflow/example_dags/example_latest_only_with_trigger.py
[2024-04-16T13:05:38.913+0000] {processor.py:766} INFO - DAG(s) dict_keys(['latest_only_with_trigger']) retrieved from /home/airflow/.local/lib/python3.7/site-packages/airflow/example_dags/example_latest_only_with_trigger.py
[2024-04-16T13:05:38.995+0000] {logging_mixin.py:120} INFO - [2024-04-16T13:05:38.995+0000] {dag.py:2585} INFO - Sync 1 DAGs
[2024-04-16T13:05:39.042+0000] {logging_mixin.py:120} INFO - [2024-04-16T13:05:39.041+0000] {dag.py:3340} INFO - Setting next_dagrun for latest_only_with_trigger to 2024-04-16T09:05:39.041307+00:00, run_after=2024-04-16T13:05:39.041307+00:00
[2024-04-16T13:05:39.077+0000] {processor.py:176} INFO - Processing /home/airflow/.local/lib/python3.7/site-packages/airflow/example_dags/example_latest_only_with_trigger.py took 0.211 seconds
[2024-04-16T13:06:10.300+0000] {processor.py:154} INFO - Started process (PID=991) to work on /home/airflow/.local/lib/python3.7/site-packages/airflow/example_dags/example_latest_only_with_trigger.py
[2024-04-16T13:06:10.304+0000] {processor.py:756} INFO - Processing file /home/airflow/.local/lib/python3.7/site-packages/airflow/example_dags/example_latest_only_with_trigger.py for tasks to queue
[2024-04-16T13:06:10.307+0000] {logging_mixin.py:120} INFO - [2024-04-16T13:06:10.306+0000] {dagbag.py:537} INFO - Filling up the DagBag from /home/airflow/.local/lib/python3.7/site-packages/airflow/example_dags/example_latest_only_with_trigger.py
[2024-04-16T13:06:10.360+0000] {processor.py:766} INFO - DAG(s) dict_keys(['latest_only_with_trigger']) retrieved from /home/airflow/.local/lib/python3.7/site-packages/airflow/example_dags/example_latest_only_with_trigger.py
[2024-04-16T13:06:10.471+0000] {logging_mixin.py:120} INFO - [2024-04-16T13:06:10.471+0000] {dag.py:2585} INFO - Sync 1 DAGs
[2024-04-16T13:06:10.515+0000] {logging_mixin.py:120} INFO - [2024-04-16T13:06:10.514+0000] {dag.py:3340} INFO - Setting next_dagrun for latest_only_with_trigger to 2024-04-16T09:06:10.514476+00:00, run_after=2024-04-16T13:06:10.514476+00:00
[2024-04-16T13:06:10.563+0000] {processor.py:176} INFO - Processing /home/airflow/.local/lib/python3.7/site-packages/airflow/example_dags/example_latest_only_with_trigger.py took 0.275 seconds
[2024-04-16T13:06:41.195+0000] {processor.py:154} INFO - Started process (PID=1059) to work on /home/airflow/.local/lib/python3.7/site-packages/airflow/example_dags/example_latest_only_with_trigger.py
[2024-04-16T13:06:41.201+0000] {processor.py:756} INFO - Processing file /home/airflow/.local/lib/python3.7/site-packages/airflow/example_dags/example_latest_only_with_trigger.py for tasks to queue
[2024-04-16T13:06:41.206+0000] {logging_mixin.py:120} INFO - [2024-04-16T13:06:41.206+0000] {dagbag.py:537} INFO - Filling up the DagBag from /home/airflow/.local/lib/python3.7/site-packages/airflow/example_dags/example_latest_only_with_trigger.py
[2024-04-16T13:06:41.404+0000] {processor.py:766} INFO - DAG(s) dict_keys(['latest_only_with_trigger']) retrieved from /home/airflow/.local/lib/python3.7/site-packages/airflow/example_dags/example_latest_only_with_trigger.py
[2024-04-16T13:06:41.704+0000] {logging_mixin.py:120} INFO - [2024-04-16T13:06:41.703+0000] {dag.py:2585} INFO - Sync 1 DAGs
[2024-04-16T13:06:41.859+0000] {logging_mixin.py:120} INFO - [2024-04-16T13:06:41.859+0000] {dag.py:3340} INFO - Setting next_dagrun for latest_only_with_trigger to 2024-04-16T09:06:41.855207+00:00, run_after=2024-04-16T13:06:41.855207+00:00
[2024-04-16T13:06:41.932+0000] {processor.py:176} INFO - Processing /home/airflow/.local/lib/python3.7/site-packages/airflow/example_dags/example_latest_only_with_trigger.py took 0.753 seconds
[2024-04-16T13:07:12.371+0000] {processor.py:154} INFO - Started process (PID=1128) to work on /home/airflow/.local/lib/python3.7/site-packages/airflow/example_dags/example_latest_only_with_trigger.py
[2024-04-16T13:07:12.374+0000] {processor.py:756} INFO - Processing file /home/airflow/.local/lib/python3.7/site-packages/airflow/example_dags/example_latest_only_with_trigger.py for tasks to queue
[2024-04-16T13:07:12.379+0000] {logging_mixin.py:120} INFO - [2024-04-16T13:07:12.378+0000] {dagbag.py:537} INFO - Filling up the DagBag from /home/airflow/.local/lib/python3.7/site-packages/airflow/example_dags/example_latest_only_with_trigger.py
[2024-04-16T13:07:12.409+0000] {processor.py:766} INFO - DAG(s) dict_keys(['latest_only_with_trigger']) retrieved from /home/airflow/.local/lib/python3.7/site-packages/airflow/example_dags/example_latest_only_with_trigger.py
[2024-04-16T13:07:12.503+0000] {logging_mixin.py:120} INFO - [2024-04-16T13:07:12.503+0000] {dag.py:2585} INFO - Sync 1 DAGs
[2024-04-16T13:07:12.548+0000] {logging_mixin.py:120} INFO - [2024-04-16T13:07:12.548+0000] {dag.py:3340} INFO - Setting next_dagrun for latest_only_with_trigger to 2024-04-16T09:07:12.548049+00:00, run_after=2024-04-16T13:07:12.548049+00:00
[2024-04-16T13:07:12.578+0000] {processor.py:176} INFO - Processing /home/airflow/.local/lib/python3.7/site-packages/airflow/example_dags/example_latest_only_with_trigger.py took 0.214 seconds
[2024-04-16T13:07:42.885+0000] {processor.py:154} INFO - Started process (PID=1197) to work on /home/airflow/.local/lib/python3.7/site-packages/airflow/example_dags/example_latest_only_with_trigger.py
[2024-04-16T13:07:42.902+0000] {processor.py:756} INFO - Processing file /home/airflow/.local/lib/python3.7/site-packages/airflow/example_dags/example_latest_only_with_trigger.py for tasks to queue
[2024-04-16T13:07:42.905+0000] {logging_mixin.py:120} INFO - [2024-04-16T13:07:42.904+0000] {dagbag.py:537} INFO - Filling up the DagBag from /home/airflow/.local/lib/python3.7/site-packages/airflow/example_dags/example_latest_only_with_trigger.py
[2024-04-16T13:07:42.935+0000] {processor.py:766} INFO - DAG(s) dict_keys(['latest_only_with_trigger']) retrieved from /home/airflow/.local/lib/python3.7/site-packages/airflow/example_dags/example_latest_only_with_trigger.py
[2024-04-16T13:07:43.010+0000] {logging_mixin.py:120} INFO - [2024-04-16T13:07:43.010+0000] {dag.py:2585} INFO - Sync 1 DAGs
[2024-04-16T13:07:43.052+0000] {logging_mixin.py:120} INFO - [2024-04-16T13:07:43.051+0000] {dag.py:3340} INFO - Setting next_dagrun for latest_only_with_trigger to 2024-04-16T09:07:43.051408+00:00, run_after=2024-04-16T13:07:43.051408+00:00
[2024-04-16T13:07:43.087+0000] {processor.py:176} INFO - Processing /home/airflow/.local/lib/python3.7/site-packages/airflow/example_dags/example_latest_only_with_trigger.py took 0.208 seconds
[2024-04-16T13:08:13.467+0000] {processor.py:154} INFO - Started process (PID=1275) to work on /home/airflow/.local/lib/python3.7/site-packages/airflow/example_dags/example_latest_only_with_trigger.py
[2024-04-16T13:08:13.469+0000] {processor.py:756} INFO - Processing file /home/airflow/.local/lib/python3.7/site-packages/airflow/example_dags/example_latest_only_with_trigger.py for tasks to queue
[2024-04-16T13:08:13.470+0000] {logging_mixin.py:120} INFO - [2024-04-16T13:08:13.470+0000] {dagbag.py:537} INFO - Filling up the DagBag from /home/airflow/.local/lib/python3.7/site-packages/airflow/example_dags/example_latest_only_with_trigger.py
[2024-04-16T13:08:13.495+0000] {processor.py:766} INFO - DAG(s) dict_keys(['latest_only_with_trigger']) retrieved from /home/airflow/.local/lib/python3.7/site-packages/airflow/example_dags/example_latest_only_with_trigger.py
[2024-04-16T13:08:13.559+0000] {logging_mixin.py:120} INFO - [2024-04-16T13:08:13.559+0000] {dag.py:2585} INFO - Sync 1 DAGs
[2024-04-16T13:08:13.614+0000] {logging_mixin.py:120} INFO - [2024-04-16T13:08:13.613+0000] {dag.py:3340} INFO - Setting next_dagrun for latest_only_with_trigger to 2024-04-16T09:08:13.613083+00:00, run_after=2024-04-16T13:08:13.613083+00:00
[2024-04-16T13:08:13.649+0000] {processor.py:176} INFO - Processing /home/airflow/.local/lib/python3.7/site-packages/airflow/example_dags/example_latest_only_with_trigger.py took 0.189 seconds
[2024-04-16T13:08:44.455+0000] {processor.py:154} INFO - Started process (PID=1344) to work on /home/airflow/.local/lib/python3.7/site-packages/airflow/example_dags/example_latest_only_with_trigger.py
[2024-04-16T13:08:44.458+0000] {processor.py:756} INFO - Processing file /home/airflow/.local/lib/python3.7/site-packages/airflow/example_dags/example_latest_only_with_trigger.py for tasks to queue
[2024-04-16T13:08:44.459+0000] {logging_mixin.py:120} INFO - [2024-04-16T13:08:44.459+0000] {dagbag.py:537} INFO - Filling up the DagBag from /home/airflow/.local/lib/python3.7/site-packages/airflow/example_dags/example_latest_only_with_trigger.py
[2024-04-16T13:08:44.498+0000] {processor.py:766} INFO - DAG(s) dict_keys(['latest_only_with_trigger']) retrieved from /home/airflow/.local/lib/python3.7/site-packages/airflow/example_dags/example_latest_only_with_trigger.py
[2024-04-16T13:08:44.602+0000] {logging_mixin.py:120} INFO - [2024-04-16T13:08:44.601+0000] {dag.py:2585} INFO - Sync 1 DAGs
[2024-04-16T13:08:44.651+0000] {logging_mixin.py:120} INFO - [2024-04-16T13:08:44.651+0000] {dag.py:3340} INFO - Setting next_dagrun for latest_only_with_trigger to 2024-04-16T09:08:44.650728+00:00, run_after=2024-04-16T13:08:44.650728+00:00
[2024-04-16T13:08:44.680+0000] {processor.py:176} INFO - Processing /home/airflow/.local/lib/python3.7/site-packages/airflow/example_dags/example_latest_only_with_trigger.py took 0.235 seconds
[2024-04-16T13:09:15.009+0000] {processor.py:154} INFO - Started process (PID=1423) to work on /home/airflow/.local/lib/python3.7/site-packages/airflow/example_dags/example_latest_only_with_trigger.py
[2024-04-16T13:09:15.011+0000] {processor.py:756} INFO - Processing file /home/airflow/.local/lib/python3.7/site-packages/airflow/example_dags/example_latest_only_with_trigger.py for tasks to queue
[2024-04-16T13:09:15.013+0000] {logging_mixin.py:120} INFO - [2024-04-16T13:09:15.013+0000] {dagbag.py:537} INFO - Filling up the DagBag from /home/airflow/.local/lib/python3.7/site-packages/airflow/example_dags/example_latest_only_with_trigger.py
[2024-04-16T13:09:15.037+0000] {processor.py:766} INFO - DAG(s) dict_keys(['latest_only_with_trigger']) retrieved from /home/airflow/.local/lib/python3.7/site-packages/airflow/example_dags/example_latest_only_with_trigger.py
[2024-04-16T13:09:15.102+0000] {logging_mixin.py:120} INFO - [2024-04-16T13:09:15.102+0000] {dag.py:2585} INFO - Sync 1 DAGs
[2024-04-16T13:09:15.150+0000] {logging_mixin.py:120} INFO - [2024-04-16T13:09:15.150+0000] {dag.py:3340} INFO - Setting next_dagrun for latest_only_with_trigger to 2024-04-16T09:09:15.150006+00:00, run_after=2024-04-16T13:09:15.150006+00:00
[2024-04-16T13:09:15.204+0000] {processor.py:176} INFO - Processing /home/airflow/.local/lib/python3.7/site-packages/airflow/example_dags/example_latest_only_with_trigger.py took 0.202 seconds
[2024-04-16T13:09:45.901+0000] {processor.py:154} INFO - Started process (PID=1495) to work on /home/airflow/.local/lib/python3.7/site-packages/airflow/example_dags/example_latest_only_with_trigger.py
[2024-04-16T13:09:45.904+0000] {processor.py:756} INFO - Processing file /home/airflow/.local/lib/python3.7/site-packages/airflow/example_dags/example_latest_only_with_trigger.py for tasks to queue
[2024-04-16T13:09:45.908+0000] {logging_mixin.py:120} INFO - [2024-04-16T13:09:45.908+0000] {dagbag.py:537} INFO - Filling up the DagBag from /home/airflow/.local/lib/python3.7/site-packages/airflow/example_dags/example_latest_only_with_trigger.py
[2024-04-16T13:09:45.948+0000] {processor.py:766} INFO - DAG(s) dict_keys(['latest_only_with_trigger']) retrieved from /home/airflow/.local/lib/python3.7/site-packages/airflow/example_dags/example_latest_only_with_trigger.py
[2024-04-16T13:09:46.051+0000] {logging_mixin.py:120} INFO - [2024-04-16T13:09:46.050+0000] {dag.py:2585} INFO - Sync 1 DAGs
[2024-04-16T13:09:46.121+0000] {logging_mixin.py:120} INFO - [2024-04-16T13:09:46.121+0000] {dag.py:3340} INFO - Setting next_dagrun for latest_only_with_trigger to 2024-04-16T09:09:46.120626+00:00, run_after=2024-04-16T13:09:46.120626+00:00
[2024-04-16T13:09:46.166+0000] {processor.py:176} INFO - Processing /home/airflow/.local/lib/python3.7/site-packages/airflow/example_dags/example_latest_only_with_trigger.py took 0.278 seconds
[2024-04-16T13:10:16.598+0000] {processor.py:154} INFO - Started process (PID=1573) to work on /home/airflow/.local/lib/python3.7/site-packages/airflow/example_dags/example_latest_only_with_trigger.py
[2024-04-16T13:10:16.602+0000] {processor.py:756} INFO - Processing file /home/airflow/.local/lib/python3.7/site-packages/airflow/example_dags/example_latest_only_with_trigger.py for tasks to queue
[2024-04-16T13:10:16.606+0000] {logging_mixin.py:120} INFO - [2024-04-16T13:10:16.606+0000] {dagbag.py:537} INFO - Filling up the DagBag from /home/airflow/.local/lib/python3.7/site-packages/airflow/example_dags/example_latest_only_with_trigger.py
[2024-04-16T13:10:16.652+0000] {processor.py:766} INFO - DAG(s) dict_keys(['latest_only_with_trigger']) retrieved from /home/airflow/.local/lib/python3.7/site-packages/airflow/example_dags/example_latest_only_with_trigger.py
[2024-04-16T13:10:16.731+0000] {logging_mixin.py:120} INFO - [2024-04-16T13:10:16.731+0000] {dag.py:2585} INFO - Sync 1 DAGs
[2024-04-16T13:10:16.793+0000] {logging_mixin.py:120} INFO - [2024-04-16T13:10:16.792+0000] {dag.py:3340} INFO - Setting next_dagrun for latest_only_with_trigger to 2024-04-16T09:10:16.792164+00:00, run_after=2024-04-16T13:10:16.792164+00:00
[2024-04-16T13:10:16.834+0000] {processor.py:176} INFO - Processing /home/airflow/.local/lib/python3.7/site-packages/airflow/example_dags/example_latest_only_with_trigger.py took 0.245 seconds
[2024-04-16T13:10:47.137+0000] {processor.py:154} INFO - Started process (PID=1642) to work on /home/airflow/.local/lib/python3.7/site-packages/airflow/example_dags/example_latest_only_with_trigger.py
[2024-04-16T13:10:47.140+0000] {processor.py:756} INFO - Processing file /home/airflow/.local/lib/python3.7/site-packages/airflow/example_dags/example_latest_only_with_trigger.py for tasks to queue
[2024-04-16T13:10:47.143+0000] {logging_mixin.py:120} INFO - [2024-04-16T13:10:47.142+0000] {dagbag.py:537} INFO - Filling up the DagBag from /home/airflow/.local/lib/python3.7/site-packages/airflow/example_dags/example_latest_only_with_trigger.py
[2024-04-16T13:10:47.168+0000] {processor.py:766} INFO - DAG(s) dict_keys(['latest_only_with_trigger']) retrieved from /home/airflow/.local/lib/python3.7/site-packages/airflow/example_dags/example_latest_only_with_trigger.py
[2024-04-16T13:10:47.236+0000] {logging_mixin.py:120} INFO - [2024-04-16T13:10:47.235+0000] {dag.py:2585} INFO - Sync 1 DAGs
[2024-04-16T13:10:47.282+0000] {logging_mixin.py:120} INFO - [2024-04-16T13:10:47.281+0000] {dag.py:3340} INFO - Setting next_dagrun for latest_only_with_trigger to 2024-04-16T09:10:47.281056+00:00, run_after=2024-04-16T13:10:47.281056+00:00
[2024-04-16T13:10:47.312+0000] {processor.py:176} INFO - Processing /home/airflow/.local/lib/python3.7/site-packages/airflow/example_dags/example_latest_only_with_trigger.py took 0.183 seconds
[2024-04-16T13:11:17.911+0000] {processor.py:154} INFO - Started process (PID=1718) to work on /home/airflow/.local/lib/python3.7/site-packages/airflow/example_dags/example_latest_only_with_trigger.py
[2024-04-16T13:11:17.916+0000] {processor.py:756} INFO - Processing file /home/airflow/.local/lib/python3.7/site-packages/airflow/example_dags/example_latest_only_with_trigger.py for tasks to queue
[2024-04-16T13:11:17.919+0000] {logging_mixin.py:120} INFO - [2024-04-16T13:11:17.919+0000] {dagbag.py:537} INFO - Filling up the DagBag from /home/airflow/.local/lib/python3.7/site-packages/airflow/example_dags/example_latest_only_with_trigger.py
[2024-04-16T13:11:17.956+0000] {processor.py:766} INFO - DAG(s) dict_keys(['latest_only_with_trigger']) retrieved from /home/airflow/.local/lib/python3.7/site-packages/airflow/example_dags/example_latest_only_with_trigger.py
[2024-04-16T13:11:18.097+0000] {logging_mixin.py:120} INFO - [2024-04-16T13:11:18.097+0000] {dag.py:2585} INFO - Sync 1 DAGs
[2024-04-16T13:11:18.354+0000] {logging_mixin.py:120} INFO - [2024-04-16T13:11:18.354+0000] {dag.py:3340} INFO - Setting next_dagrun for latest_only_with_trigger to 2024-04-16T09:11:18.353659+00:00, run_after=2024-04-16T13:11:18.353659+00:00
[2024-04-16T13:11:18.460+0000] {processor.py:176} INFO - Processing /home/airflow/.local/lib/python3.7/site-packages/airflow/example_dags/example_latest_only_with_trigger.py took 0.574 seconds
[2024-04-16T13:11:49.335+0000] {processor.py:154} INFO - Started process (PID=1789) to work on /home/airflow/.local/lib/python3.7/site-packages/airflow/example_dags/example_latest_only_with_trigger.py
[2024-04-16T13:11:49.338+0000] {processor.py:756} INFO - Processing file /home/airflow/.local/lib/python3.7/site-packages/airflow/example_dags/example_latest_only_with_trigger.py for tasks to queue
[2024-04-16T13:11:49.340+0000] {logging_mixin.py:120} INFO - [2024-04-16T13:11:49.340+0000] {dagbag.py:537} INFO - Filling up the DagBag from /home/airflow/.local/lib/python3.7/site-packages/airflow/example_dags/example_latest_only_with_trigger.py
[2024-04-16T13:11:49.365+0000] {processor.py:766} INFO - DAG(s) dict_keys(['latest_only_with_trigger']) retrieved from /home/airflow/.local/lib/python3.7/site-packages/airflow/example_dags/example_latest_only_with_trigger.py
[2024-04-16T13:11:49.435+0000] {logging_mixin.py:120} INFO - [2024-04-16T13:11:49.435+0000] {dag.py:2585} INFO - Sync 1 DAGs
[2024-04-16T13:11:49.475+0000] {logging_mixin.py:120} INFO - [2024-04-16T13:11:49.475+0000] {dag.py:3340} INFO - Setting next_dagrun for latest_only_with_trigger to 2024-04-16T09:11:49.474534+00:00, run_after=2024-04-16T13:11:49.474534+00:00
[2024-04-16T13:11:49.504+0000] {processor.py:176} INFO - Processing /home/airflow/.local/lib/python3.7/site-packages/airflow/example_dags/example_latest_only_with_trigger.py took 0.177 seconds
[2024-04-16T13:12:19.692+0000] {processor.py:154} INFO - Started process (PID=1858) to work on /home/airflow/.local/lib/python3.7/site-packages/airflow/example_dags/example_latest_only_with_trigger.py
[2024-04-16T13:12:19.695+0000] {processor.py:756} INFO - Processing file /home/airflow/.local/lib/python3.7/site-packages/airflow/example_dags/example_latest_only_with_trigger.py for tasks to queue
[2024-04-16T13:12:19.697+0000] {logging_mixin.py:120} INFO - [2024-04-16T13:12:19.696+0000] {dagbag.py:537} INFO - Filling up the DagBag from /home/airflow/.local/lib/python3.7/site-packages/airflow/example_dags/example_latest_only_with_trigger.py
[2024-04-16T13:12:19.725+0000] {processor.py:766} INFO - DAG(s) dict_keys(['latest_only_with_trigger']) retrieved from /home/airflow/.local/lib/python3.7/site-packages/airflow/example_dags/example_latest_only_with_trigger.py
[2024-04-16T13:12:19.795+0000] {logging_mixin.py:120} INFO - [2024-04-16T13:12:19.794+0000] {dag.py:2585} INFO - Sync 1 DAGs
[2024-04-16T13:12:19.835+0000] {logging_mixin.py:120} INFO - [2024-04-16T13:12:19.835+0000] {dag.py:3340} INFO - Setting next_dagrun for latest_only_with_trigger to 2024-04-16T09:12:19.834906+00:00, run_after=2024-04-16T13:12:19.834906+00:00
[2024-04-16T13:12:19.869+0000] {processor.py:176} INFO - Processing /home/airflow/.local/lib/python3.7/site-packages/airflow/example_dags/example_latest_only_with_trigger.py took 0.183 seconds
[2024-04-16T13:12:50.555+0000] {processor.py:154} INFO - Started process (PID=1935) to work on /home/airflow/.local/lib/python3.7/site-packages/airflow/example_dags/example_latest_only_with_trigger.py
[2024-04-16T13:12:50.557+0000] {processor.py:756} INFO - Processing file /home/airflow/.local/lib/python3.7/site-packages/airflow/example_dags/example_latest_only_with_trigger.py for tasks to queue
[2024-04-16T13:12:50.559+0000] {logging_mixin.py:120} INFO - [2024-04-16T13:12:50.559+0000] {dagbag.py:537} INFO - Filling up the DagBag from /home/airflow/.local/lib/python3.7/site-packages/airflow/example_dags/example_latest_only_with_trigger.py
[2024-04-16T13:12:50.582+0000] {processor.py:766} INFO - DAG(s) dict_keys(['latest_only_with_trigger']) retrieved from /home/airflow/.local/lib/python3.7/site-packages/airflow/example_dags/example_latest_only_with_trigger.py
[2024-04-16T13:12:50.709+0000] {logging_mixin.py:120} INFO - [2024-04-16T13:12:50.709+0000] {dag.py:2585} INFO - Sync 1 DAGs
[2024-04-16T13:12:50.751+0000] {logging_mixin.py:120} INFO - [2024-04-16T13:12:50.751+0000] {dag.py:3340} INFO - Setting next_dagrun for latest_only_with_trigger to 2024-04-16T09:12:50.751220+00:00, run_after=2024-04-16T13:12:50.751220+00:00
[2024-04-16T13:12:50.787+0000] {processor.py:176} INFO - Processing /home/airflow/.local/lib/python3.7/site-packages/airflow/example_dags/example_latest_only_with_trigger.py took 0.237 seconds
[2024-04-16T13:13:21.383+0000] {processor.py:154} INFO - Started process (PID=2004) to work on /home/airflow/.local/lib/python3.7/site-packages/airflow/example_dags/example_latest_only_with_trigger.py
[2024-04-16T13:13:21.387+0000] {processor.py:756} INFO - Processing file /home/airflow/.local/lib/python3.7/site-packages/airflow/example_dags/example_latest_only_with_trigger.py for tasks to queue
[2024-04-16T13:13:21.389+0000] {logging_mixin.py:120} INFO - [2024-04-16T13:13:21.389+0000] {dagbag.py:537} INFO - Filling up the DagBag from /home/airflow/.local/lib/python3.7/site-packages/airflow/example_dags/example_latest_only_with_trigger.py
[2024-04-16T13:13:21.418+0000] {processor.py:766} INFO - DAG(s) dict_keys(['latest_only_with_trigger']) retrieved from /home/airflow/.local/lib/python3.7/site-packages/airflow/example_dags/example_latest_only_with_trigger.py
[2024-04-16T13:13:21.494+0000] {logging_mixin.py:120} INFO - [2024-04-16T13:13:21.494+0000] {dag.py:2585} INFO - Sync 1 DAGs
[2024-04-16T13:13:21.543+0000] {logging_mixin.py:120} INFO - [2024-04-16T13:13:21.543+0000] {dag.py:3340} INFO - Setting next_dagrun for latest_only_with_trigger to 2024-04-16T09:13:21.540412+00:00, run_after=2024-04-16T13:13:21.540412+00:00
[2024-04-16T13:13:21.604+0000] {processor.py:176} INFO - Processing /home/airflow/.local/lib/python3.7/site-packages/airflow/example_dags/example_latest_only_with_trigger.py took 0.229 seconds
[2024-04-16T13:13:52.781+0000] {processor.py:154} INFO - Started process (PID=2080) to work on /home/airflow/.local/lib/python3.7/site-packages/airflow/example_dags/example_latest_only_with_trigger.py
[2024-04-16T13:13:52.784+0000] {processor.py:756} INFO - Processing file /home/airflow/.local/lib/python3.7/site-packages/airflow/example_dags/example_latest_only_with_trigger.py for tasks to queue
[2024-04-16T13:13:52.787+0000] {logging_mixin.py:120} INFO - [2024-04-16T13:13:52.787+0000] {dagbag.py:537} INFO - Filling up the DagBag from /home/airflow/.local/lib/python3.7/site-packages/airflow/example_dags/example_latest_only_with_trigger.py
[2024-04-16T13:13:52.821+0000] {processor.py:766} INFO - DAG(s) dict_keys(['latest_only_with_trigger']) retrieved from /home/airflow/.local/lib/python3.7/site-packages/airflow/example_dags/example_latest_only_with_trigger.py
[2024-04-16T13:13:52.913+0000] {logging_mixin.py:120} INFO - [2024-04-16T13:13:52.913+0000] {dag.py:2585} INFO - Sync 1 DAGs
[2024-04-16T13:13:52.968+0000] {logging_mixin.py:120} INFO - [2024-04-16T13:13:52.968+0000] {dag.py:3340} INFO - Setting next_dagrun for latest_only_with_trigger to 2024-04-16T09:13:52.968032+00:00, run_after=2024-04-16T13:13:52.968032+00:00
[2024-04-16T13:13:53.003+0000] {processor.py:176} INFO - Processing /home/airflow/.local/lib/python3.7/site-packages/airflow/example_dags/example_latest_only_with_trigger.py took 0.227 seconds
[2024-04-16T13:14:23.749+0000] {processor.py:154} INFO - Started process (PID=2150) to work on /home/airflow/.local/lib/python3.7/site-packages/airflow/example_dags/example_latest_only_with_trigger.py
[2024-04-16T13:14:23.751+0000] {processor.py:756} INFO - Processing file /home/airflow/.local/lib/python3.7/site-packages/airflow/example_dags/example_latest_only_with_trigger.py for tasks to queue
[2024-04-16T13:14:23.754+0000] {logging_mixin.py:120} INFO - [2024-04-16T13:14:23.753+0000] {dagbag.py:537} INFO - Filling up the DagBag from /home/airflow/.local/lib/python3.7/site-packages/airflow/example_dags/example_latest_only_with_trigger.py
[2024-04-16T13:14:23.778+0000] {processor.py:766} INFO - DAG(s) dict_keys(['latest_only_with_trigger']) retrieved from /home/airflow/.local/lib/python3.7/site-packages/airflow/example_dags/example_latest_only_with_trigger.py
[2024-04-16T13:14:23.846+0000] {logging_mixin.py:120} INFO - [2024-04-16T13:14:23.846+0000] {dag.py:2585} INFO - Sync 1 DAGs
[2024-04-16T13:14:23.891+0000] {logging_mixin.py:120} INFO - [2024-04-16T13:14:23.891+0000] {dag.py:3340} INFO - Setting next_dagrun for latest_only_with_trigger to 2024-04-16T09:14:23.890483+00:00, run_after=2024-04-16T13:14:23.890483+00:00
[2024-04-16T13:14:23.927+0000] {processor.py:176} INFO - Processing /home/airflow/.local/lib/python3.7/site-packages/airflow/example_dags/example_latest_only_with_trigger.py took 0.186 seconds
[2024-04-16T13:14:54.055+0000] {processor.py:154} INFO - Started process (PID=2224) to work on /home/airflow/.local/lib/python3.7/site-packages/airflow/example_dags/example_latest_only_with_trigger.py
[2024-04-16T13:14:54.057+0000] {processor.py:756} INFO - Processing file /home/airflow/.local/lib/python3.7/site-packages/airflow/example_dags/example_latest_only_with_trigger.py for tasks to queue
[2024-04-16T13:14:54.058+0000] {logging_mixin.py:120} INFO - [2024-04-16T13:14:54.058+0000] {dagbag.py:537} INFO - Filling up the DagBag from /home/airflow/.local/lib/python3.7/site-packages/airflow/example_dags/example_latest_only_with_trigger.py
[2024-04-16T13:14:54.083+0000] {processor.py:766} INFO - DAG(s) dict_keys(['latest_only_with_trigger']) retrieved from /home/airflow/.local/lib/python3.7/site-packages/airflow/example_dags/example_latest_only_with_trigger.py
[2024-04-16T13:14:54.150+0000] {logging_mixin.py:120} INFO - [2024-04-16T13:14:54.150+0000] {dag.py:2585} INFO - Sync 1 DAGs
[2024-04-16T13:14:54.191+0000] {logging_mixin.py:120} INFO - [2024-04-16T13:14:54.191+0000] {dag.py:3340} INFO - Setting next_dagrun for latest_only_with_trigger to 2024-04-16T09:14:54.190747+00:00, run_after=2024-04-16T13:14:54.190747+00:00
[2024-04-16T13:14:54.220+0000] {processor.py:176} INFO - Processing /home/airflow/.local/lib/python3.7/site-packages/airflow/example_dags/example_latest_only_with_trigger.py took 0.170 seconds
[2024-04-16T13:15:24.333+0000] {processor.py:154} INFO - Started process (PID=2299) to work on /home/airflow/.local/lib/python3.7/site-packages/airflow/example_dags/example_latest_only_with_trigger.py
[2024-04-16T13:15:24.336+0000] {processor.py:756} INFO - Processing file /home/airflow/.local/lib/python3.7/site-packages/airflow/example_dags/example_latest_only_with_trigger.py for tasks to queue
[2024-04-16T13:15:24.339+0000] {logging_mixin.py:120} INFO - [2024-04-16T13:15:24.339+0000] {dagbag.py:537} INFO - Filling up the DagBag from /home/airflow/.local/lib/python3.7/site-packages/airflow/example_dags/example_latest_only_with_trigger.py
[2024-04-16T13:15:24.363+0000] {processor.py:766} INFO - DAG(s) dict_keys(['latest_only_with_trigger']) retrieved from /home/airflow/.local/lib/python3.7/site-packages/airflow/example_dags/example_latest_only_with_trigger.py
[2024-04-16T13:15:24.437+0000] {logging_mixin.py:120} INFO - [2024-04-16T13:15:24.437+0000] {dag.py:2585} INFO - Sync 1 DAGs
[2024-04-16T13:15:24.474+0000] {logging_mixin.py:120} INFO - [2024-04-16T13:15:24.474+0000] {dag.py:3340} INFO - Setting next_dagrun for latest_only_with_trigger to 2024-04-16T09:15:24.473666+00:00, run_after=2024-04-16T13:15:24.473666+00:00
[2024-04-16T13:15:24.506+0000] {processor.py:176} INFO - Processing /home/airflow/.local/lib/python3.7/site-packages/airflow/example_dags/example_latest_only_with_trigger.py took 0.181 seconds
[2024-04-16T13:15:54.816+0000] {processor.py:154} INFO - Started process (PID=2369) to work on /home/airflow/.local/lib/python3.7/site-packages/airflow/example_dags/example_latest_only_with_trigger.py
[2024-04-16T13:15:54.819+0000] {processor.py:756} INFO - Processing file /home/airflow/.local/lib/python3.7/site-packages/airflow/example_dags/example_latest_only_with_trigger.py for tasks to queue
[2024-04-16T13:15:54.821+0000] {logging_mixin.py:120} INFO - [2024-04-16T13:15:54.820+0000] {dagbag.py:537} INFO - Filling up the DagBag from /home/airflow/.local/lib/python3.7/site-packages/airflow/example_dags/example_latest_only_with_trigger.py
[2024-04-16T13:15:54.867+0000] {processor.py:766} INFO - DAG(s) dict_keys(['latest_only_with_trigger']) retrieved from /home/airflow/.local/lib/python3.7/site-packages/airflow/example_dags/example_latest_only_with_trigger.py
[2024-04-16T13:15:54.976+0000] {logging_mixin.py:120} INFO - [2024-04-16T13:15:54.975+0000] {dag.py:2585} INFO - Sync 1 DAGs
[2024-04-16T13:15:55.037+0000] {logging_mixin.py:120} INFO - [2024-04-16T13:15:55.037+0000] {dag.py:3340} INFO - Setting next_dagrun for latest_only_with_trigger to 2024-04-16T09:15:55.037271+00:00, run_after=2024-04-16T13:15:55.037271+00:00
[2024-04-16T13:15:55.072+0000] {processor.py:176} INFO - Processing /home/airflow/.local/lib/python3.7/site-packages/airflow/example_dags/example_latest_only_with_trigger.py took 0.266 seconds
[2024-04-16T13:16:25.272+0000] {processor.py:154} INFO - Started process (PID=2449) to work on /home/airflow/.local/lib/python3.7/site-packages/airflow/example_dags/example_latest_only_with_trigger.py
[2024-04-16T13:16:25.274+0000] {processor.py:756} INFO - Processing file /home/airflow/.local/lib/python3.7/site-packages/airflow/example_dags/example_latest_only_with_trigger.py for tasks to queue
[2024-04-16T13:16:25.277+0000] {logging_mixin.py:120} INFO - [2024-04-16T13:16:25.276+0000] {dagbag.py:537} INFO - Filling up the DagBag from /home/airflow/.local/lib/python3.7/site-packages/airflow/example_dags/example_latest_only_with_trigger.py
[2024-04-16T13:16:25.310+0000] {processor.py:766} INFO - DAG(s) dict_keys(['latest_only_with_trigger']) retrieved from /home/airflow/.local/lib/python3.7/site-packages/airflow/example_dags/example_latest_only_with_trigger.py
[2024-04-16T13:16:25.375+0000] {logging_mixin.py:120} INFO - [2024-04-16T13:16:25.375+0000] {dag.py:2585} INFO - Sync 1 DAGs
[2024-04-16T13:16:25.417+0000] {logging_mixin.py:120} INFO - [2024-04-16T13:16:25.417+0000] {dag.py:3340} INFO - Setting next_dagrun for latest_only_with_trigger to 2024-04-16T09:16:25.417063+00:00, run_after=2024-04-16T13:16:25.417063+00:00
[2024-04-16T13:16:25.455+0000] {processor.py:176} INFO - Processing /home/airflow/.local/lib/python3.7/site-packages/airflow/example_dags/example_latest_only_with_trigger.py took 0.190 seconds
[2024-04-16T13:16:56.747+0000] {processor.py:154} INFO - Started process (PID=2520) to work on /home/airflow/.local/lib/python3.7/site-packages/airflow/example_dags/example_latest_only_with_trigger.py
[2024-04-16T13:16:56.754+0000] {processor.py:756} INFO - Processing file /home/airflow/.local/lib/python3.7/site-packages/airflow/example_dags/example_latest_only_with_trigger.py for tasks to queue
[2024-04-16T13:16:56.762+0000] {logging_mixin.py:120} INFO - [2024-04-16T13:16:56.762+0000] {dagbag.py:537} INFO - Filling up the DagBag from /home/airflow/.local/lib/python3.7/site-packages/airflow/example_dags/example_latest_only_with_trigger.py
[2024-04-16T13:16:56.799+0000] {processor.py:766} INFO - DAG(s) dict_keys(['latest_only_with_trigger']) retrieved from /home/airflow/.local/lib/python3.7/site-packages/airflow/example_dags/example_latest_only_with_trigger.py
[2024-04-16T13:16:56.876+0000] {logging_mixin.py:120} INFO - [2024-04-16T13:16:56.876+0000] {dag.py:2585} INFO - Sync 1 DAGs
[2024-04-16T13:16:56.921+0000] {logging_mixin.py:120} INFO - [2024-04-16T13:16:56.921+0000] {dag.py:3340} INFO - Setting next_dagrun for latest_only_with_trigger to 2024-04-16T09:16:56.921116+00:00, run_after=2024-04-16T13:16:56.921116+00:00
[2024-04-16T13:16:56.960+0000] {processor.py:176} INFO - Processing /home/airflow/.local/lib/python3.7/site-packages/airflow/example_dags/example_latest_only_with_trigger.py took 0.243 seconds
[2024-04-16T13:17:27.762+0000] {processor.py:154} INFO - Started process (PID=2598) to work on /home/airflow/.local/lib/python3.7/site-packages/airflow/example_dags/example_latest_only_with_trigger.py
[2024-04-16T13:17:27.766+0000] {processor.py:756} INFO - Processing file /home/airflow/.local/lib/python3.7/site-packages/airflow/example_dags/example_latest_only_with_trigger.py for tasks to queue
[2024-04-16T13:17:27.768+0000] {logging_mixin.py:120} INFO - [2024-04-16T13:17:27.768+0000] {dagbag.py:537} INFO - Filling up the DagBag from /home/airflow/.local/lib/python3.7/site-packages/airflow/example_dags/example_latest_only_with_trigger.py
[2024-04-16T13:17:27.802+0000] {processor.py:766} INFO - DAG(s) dict_keys(['latest_only_with_trigger']) retrieved from /home/airflow/.local/lib/python3.7/site-packages/airflow/example_dags/example_latest_only_with_trigger.py
[2024-04-16T13:17:27.883+0000] {logging_mixin.py:120} INFO - [2024-04-16T13:17:27.883+0000] {dag.py:2585} INFO - Sync 1 DAGs
[2024-04-16T13:17:27.923+0000] {logging_mixin.py:120} INFO - [2024-04-16T13:17:27.923+0000] {dag.py:3340} INFO - Setting next_dagrun for latest_only_with_trigger to 2024-04-16T09:17:27.922679+00:00, run_after=2024-04-16T13:17:27.922679+00:00
[2024-04-16T13:17:27.964+0000] {processor.py:176} INFO - Processing /home/airflow/.local/lib/python3.7/site-packages/airflow/example_dags/example_latest_only_with_trigger.py took 0.218 seconds
[2024-04-16T13:17:58.274+0000] {processor.py:154} INFO - Started process (PID=2667) to work on /home/airflow/.local/lib/python3.7/site-packages/airflow/example_dags/example_latest_only_with_trigger.py
[2024-04-16T13:17:58.277+0000] {processor.py:756} INFO - Processing file /home/airflow/.local/lib/python3.7/site-packages/airflow/example_dags/example_latest_only_with_trigger.py for tasks to queue
[2024-04-16T13:17:58.279+0000] {logging_mixin.py:120} INFO - [2024-04-16T13:17:58.279+0000] {dagbag.py:537} INFO - Filling up the DagBag from /home/airflow/.local/lib/python3.7/site-packages/airflow/example_dags/example_latest_only_with_trigger.py
[2024-04-16T13:17:58.314+0000] {processor.py:766} INFO - DAG(s) dict_keys(['latest_only_with_trigger']) retrieved from /home/airflow/.local/lib/python3.7/site-packages/airflow/example_dags/example_latest_only_with_trigger.py
[2024-04-16T13:17:58.426+0000] {logging_mixin.py:120} INFO - [2024-04-16T13:17:58.426+0000] {dag.py:2585} INFO - Sync 1 DAGs
[2024-04-16T13:17:58.491+0000] {logging_mixin.py:120} INFO - [2024-04-16T13:17:58.491+0000] {dag.py:3340} INFO - Setting next_dagrun for latest_only_with_trigger to 2024-04-16T09:17:58.490725+00:00, run_after=2024-04-16T13:17:58.490725+00:00
[2024-04-16T13:17:58.538+0000] {processor.py:176} INFO - Processing /home/airflow/.local/lib/python3.7/site-packages/airflow/example_dags/example_latest_only_with_trigger.py took 0.272 seconds
[2024-04-16T13:18:28.605+0000] {processor.py:154} INFO - Started process (PID=2745) to work on /home/airflow/.local/lib/python3.7/site-packages/airflow/example_dags/example_latest_only_with_trigger.py
[2024-04-16T13:18:28.608+0000] {processor.py:756} INFO - Processing file /home/airflow/.local/lib/python3.7/site-packages/airflow/example_dags/example_latest_only_with_trigger.py for tasks to queue
[2024-04-16T13:18:28.610+0000] {logging_mixin.py:120} INFO - [2024-04-16T13:18:28.610+0000] {dagbag.py:537} INFO - Filling up the DagBag from /home/airflow/.local/lib/python3.7/site-packages/airflow/example_dags/example_latest_only_with_trigger.py
[2024-04-16T13:18:28.639+0000] {processor.py:766} INFO - DAG(s) dict_keys(['latest_only_with_trigger']) retrieved from /home/airflow/.local/lib/python3.7/site-packages/airflow/example_dags/example_latest_only_with_trigger.py
[2024-04-16T13:18:28.708+0000] {logging_mixin.py:120} INFO - [2024-04-16T13:18:28.708+0000] {dag.py:2585} INFO - Sync 1 DAGs
[2024-04-16T13:18:28.749+0000] {logging_mixin.py:120} INFO - [2024-04-16T13:18:28.749+0000] {dag.py:3340} INFO - Setting next_dagrun for latest_only_with_trigger to 2024-04-16T09:18:28.749109+00:00, run_after=2024-04-16T13:18:28.749109+00:00
[2024-04-16T13:18:28.784+0000] {processor.py:176} INFO - Processing /home/airflow/.local/lib/python3.7/site-packages/airflow/example_dags/example_latest_only_with_trigger.py took 0.184 seconds
[2024-04-16T13:18:59.309+0000] {processor.py:154} INFO - Started process (PID=2815) to work on /home/airflow/.local/lib/python3.7/site-packages/airflow/example_dags/example_latest_only_with_trigger.py
[2024-04-16T13:18:59.312+0000] {processor.py:756} INFO - Processing file /home/airflow/.local/lib/python3.7/site-packages/airflow/example_dags/example_latest_only_with_trigger.py for tasks to queue
[2024-04-16T13:18:59.314+0000] {logging_mixin.py:120} INFO - [2024-04-16T13:18:59.314+0000] {dagbag.py:537} INFO - Filling up the DagBag from /home/airflow/.local/lib/python3.7/site-packages/airflow/example_dags/example_latest_only_with_trigger.py
[2024-04-16T13:18:59.342+0000] {processor.py:766} INFO - DAG(s) dict_keys(['latest_only_with_trigger']) retrieved from /home/airflow/.local/lib/python3.7/site-packages/airflow/example_dags/example_latest_only_with_trigger.py
[2024-04-16T13:18:59.531+0000] {logging_mixin.py:120} INFO - [2024-04-16T13:18:59.531+0000] {dag.py:2585} INFO - Sync 1 DAGs
[2024-04-16T13:18:59.730+0000] {logging_mixin.py:120} INFO - [2024-04-16T13:18:59.730+0000] {dag.py:3340} INFO - Setting next_dagrun for latest_only_with_trigger to 2024-04-16T09:18:59.730032+00:00, run_after=2024-04-16T13:18:59.730032+00:00
[2024-04-16T13:18:59.769+0000] {processor.py:176} INFO - Processing /home/airflow/.local/lib/python3.7/site-packages/airflow/example_dags/example_latest_only_with_trigger.py took 0.467 seconds
[2024-04-16T13:19:30.631+0000] {processor.py:154} INFO - Started process (PID=2892) to work on /home/airflow/.local/lib/python3.7/site-packages/airflow/example_dags/example_latest_only_with_trigger.py
[2024-04-16T13:19:30.671+0000] {processor.py:756} INFO - Processing file /home/airflow/.local/lib/python3.7/site-packages/airflow/example_dags/example_latest_only_with_trigger.py for tasks to queue
[2024-04-16T13:19:30.674+0000] {logging_mixin.py:120} INFO - [2024-04-16T13:19:30.674+0000] {dagbag.py:537} INFO - Filling up the DagBag from /home/airflow/.local/lib/python3.7/site-packages/airflow/example_dags/example_latest_only_with_trigger.py
[2024-04-16T13:19:30.701+0000] {processor.py:766} INFO - DAG(s) dict_keys(['latest_only_with_trigger']) retrieved from /home/airflow/.local/lib/python3.7/site-packages/airflow/example_dags/example_latest_only_with_trigger.py
[2024-04-16T13:19:30.769+0000] {logging_mixin.py:120} INFO - [2024-04-16T13:19:30.768+0000] {dag.py:2585} INFO - Sync 1 DAGs
[2024-04-16T13:19:30.820+0000] {logging_mixin.py:120} INFO - [2024-04-16T13:19:30.820+0000] {dag.py:3340} INFO - Setting next_dagrun for latest_only_with_trigger to 2024-04-16T09:19:30.819710+00:00, run_after=2024-04-16T13:19:30.819710+00:00
[2024-04-16T13:19:30.850+0000] {processor.py:176} INFO - Processing /home/airflow/.local/lib/python3.7/site-packages/airflow/example_dags/example_latest_only_with_trigger.py took 0.227 seconds
[2024-04-16T13:20:00.970+0000] {processor.py:154} INFO - Started process (PID=2961) to work on /home/airflow/.local/lib/python3.7/site-packages/airflow/example_dags/example_latest_only_with_trigger.py
[2024-04-16T13:20:00.973+0000] {processor.py:756} INFO - Processing file /home/airflow/.local/lib/python3.7/site-packages/airflow/example_dags/example_latest_only_with_trigger.py for tasks to queue
[2024-04-16T13:20:00.976+0000] {logging_mixin.py:120} INFO - [2024-04-16T13:20:00.976+0000] {dagbag.py:537} INFO - Filling up the DagBag from /home/airflow/.local/lib/python3.7/site-packages/airflow/example_dags/example_latest_only_with_trigger.py
[2024-04-16T13:20:01.013+0000] {processor.py:766} INFO - DAG(s) dict_keys(['latest_only_with_trigger']) retrieved from /home/airflow/.local/lib/python3.7/site-packages/airflow/example_dags/example_latest_only_with_trigger.py
[2024-04-16T13:20:01.141+0000] {logging_mixin.py:120} INFO - [2024-04-16T13:20:01.140+0000] {dag.py:2585} INFO - Sync 1 DAGs
[2024-04-16T13:20:01.193+0000] {logging_mixin.py:120} INFO - [2024-04-16T13:20:01.193+0000] {dag.py:3340} INFO - Setting next_dagrun for latest_only_with_trigger to 2024-04-16T09:20:01.193411+00:00, run_after=2024-04-16T13:20:01.193411+00:00
[2024-04-16T13:20:01.258+0000] {processor.py:176} INFO - Processing /home/airflow/.local/lib/python3.7/site-packages/airflow/example_dags/example_latest_only_with_trigger.py took 0.296 seconds
[2024-04-16T13:20:32.201+0000] {processor.py:154} INFO - Started process (PID=3039) to work on /home/airflow/.local/lib/python3.7/site-packages/airflow/example_dags/example_latest_only_with_trigger.py
[2024-04-16T13:20:32.203+0000] {processor.py:756} INFO - Processing file /home/airflow/.local/lib/python3.7/site-packages/airflow/example_dags/example_latest_only_with_trigger.py for tasks to queue
[2024-04-16T13:20:32.204+0000] {logging_mixin.py:120} INFO - [2024-04-16T13:20:32.204+0000] {dagbag.py:537} INFO - Filling up the DagBag from /home/airflow/.local/lib/python3.7/site-packages/airflow/example_dags/example_latest_only_with_trigger.py
[2024-04-16T13:20:32.233+0000] {processor.py:766} INFO - DAG(s) dict_keys(['latest_only_with_trigger']) retrieved from /home/airflow/.local/lib/python3.7/site-packages/airflow/example_dags/example_latest_only_with_trigger.py
[2024-04-16T13:20:32.285+0000] {logging_mixin.py:120} INFO - [2024-04-16T13:20:32.285+0000] {dag.py:2585} INFO - Sync 1 DAGs
[2024-04-16T13:20:32.326+0000] {logging_mixin.py:120} INFO - [2024-04-16T13:20:32.325+0000] {dag.py:3340} INFO - Setting next_dagrun for latest_only_with_trigger to 2024-04-16T09:20:32.325365+00:00, run_after=2024-04-16T13:20:32.325365+00:00
[2024-04-16T13:20:32.359+0000] {processor.py:176} INFO - Processing /home/airflow/.local/lib/python3.7/site-packages/airflow/example_dags/example_latest_only_with_trigger.py took 0.188 seconds
[2024-04-16T13:21:02.632+0000] {processor.py:154} INFO - Started process (PID=3117) to work on /home/airflow/.local/lib/python3.7/site-packages/airflow/example_dags/example_latest_only_with_trigger.py
[2024-04-16T13:21:02.635+0000] {processor.py:756} INFO - Processing file /home/airflow/.local/lib/python3.7/site-packages/airflow/example_dags/example_latest_only_with_trigger.py for tasks to queue
[2024-04-16T13:21:02.637+0000] {logging_mixin.py:120} INFO - [2024-04-16T13:21:02.637+0000] {dagbag.py:537} INFO - Filling up the DagBag from /home/airflow/.local/lib/python3.7/site-packages/airflow/example_dags/example_latest_only_with_trigger.py
[2024-04-16T13:21:02.709+0000] {processor.py:766} INFO - DAG(s) dict_keys(['latest_only_with_trigger']) retrieved from /home/airflow/.local/lib/python3.7/site-packages/airflow/example_dags/example_latest_only_with_trigger.py
[2024-04-16T13:21:02.821+0000] {logging_mixin.py:120} INFO - [2024-04-16T13:21:02.821+0000] {dag.py:2585} INFO - Sync 1 DAGs
[2024-04-16T13:21:02.867+0000] {logging_mixin.py:120} INFO - [2024-04-16T13:21:02.866+0000] {dag.py:3340} INFO - Setting next_dagrun for latest_only_with_trigger to 2024-04-16T09:21:02.866390+00:00, run_after=2024-04-16T13:21:02.866390+00:00
[2024-04-16T13:21:02.901+0000] {processor.py:176} INFO - Processing /home/airflow/.local/lib/python3.7/site-packages/airflow/example_dags/example_latest_only_with_trigger.py took 0.284 seconds
[2024-04-16T13:21:33.467+0000] {processor.py:154} INFO - Started process (PID=3187) to work on /home/airflow/.local/lib/python3.7/site-packages/airflow/example_dags/example_latest_only_with_trigger.py
[2024-04-16T13:21:33.470+0000] {processor.py:756} INFO - Processing file /home/airflow/.local/lib/python3.7/site-packages/airflow/example_dags/example_latest_only_with_trigger.py for tasks to queue
[2024-04-16T13:21:33.474+0000] {logging_mixin.py:120} INFO - [2024-04-16T13:21:33.473+0000] {dagbag.py:537} INFO - Filling up the DagBag from /home/airflow/.local/lib/python3.7/site-packages/airflow/example_dags/example_latest_only_with_trigger.py
[2024-04-16T13:21:33.505+0000] {processor.py:766} INFO - DAG(s) dict_keys(['latest_only_with_trigger']) retrieved from /home/airflow/.local/lib/python3.7/site-packages/airflow/example_dags/example_latest_only_with_trigger.py
[2024-04-16T13:21:33.581+0000] {logging_mixin.py:120} INFO - [2024-04-16T13:21:33.581+0000] {dag.py:2585} INFO - Sync 1 DAGs
[2024-04-16T13:21:33.628+0000] {logging_mixin.py:120} INFO - [2024-04-16T13:21:33.628+0000] {dag.py:3340} INFO - Setting next_dagrun for latest_only_with_trigger to 2024-04-16T09:21:33.627371+00:00, run_after=2024-04-16T13:21:33.627371+00:00
[2024-04-16T13:21:33.663+0000] {processor.py:176} INFO - Processing /home/airflow/.local/lib/python3.7/site-packages/airflow/example_dags/example_latest_only_with_trigger.py took 0.211 seconds
[2024-04-16T13:22:03.839+0000] {processor.py:154} INFO - Started process (PID=3255) to work on /home/airflow/.local/lib/python3.7/site-packages/airflow/example_dags/example_latest_only_with_trigger.py
[2024-04-16T13:22:03.845+0000] {processor.py:756} INFO - Processing file /home/airflow/.local/lib/python3.7/site-packages/airflow/example_dags/example_latest_only_with_trigger.py for tasks to queue
[2024-04-16T13:22:03.861+0000] {logging_mixin.py:120} INFO - [2024-04-16T13:22:03.860+0000] {dagbag.py:537} INFO - Filling up the DagBag from /home/airflow/.local/lib/python3.7/site-packages/airflow/example_dags/example_latest_only_with_trigger.py
[2024-04-16T13:22:03.908+0000] {processor.py:766} INFO - DAG(s) dict_keys(['latest_only_with_trigger']) retrieved from /home/airflow/.local/lib/python3.7/site-packages/airflow/example_dags/example_latest_only_with_trigger.py
[2024-04-16T13:22:04.084+0000] {logging_mixin.py:120} INFO - [2024-04-16T13:22:04.083+0000] {dag.py:2585} INFO - Sync 1 DAGs
[2024-04-16T13:22:04.146+0000] {logging_mixin.py:120} INFO - [2024-04-16T13:22:04.146+0000] {dag.py:3340} INFO - Setting next_dagrun for latest_only_with_trigger to 2024-04-16T09:22:04.145929+00:00, run_after=2024-04-16T13:22:04.145929+00:00
[2024-04-16T13:22:04.184+0000] {processor.py:176} INFO - Processing /home/airflow/.local/lib/python3.7/site-packages/airflow/example_dags/example_latest_only_with_trigger.py took 0.358 seconds
[2024-04-16T13:22:34.642+0000] {processor.py:154} INFO - Started process (PID=3334) to work on /home/airflow/.local/lib/python3.7/site-packages/airflow/example_dags/example_latest_only_with_trigger.py
[2024-04-16T13:22:34.644+0000] {processor.py:756} INFO - Processing file /home/airflow/.local/lib/python3.7/site-packages/airflow/example_dags/example_latest_only_with_trigger.py for tasks to queue
[2024-04-16T13:22:34.646+0000] {logging_mixin.py:120} INFO - [2024-04-16T13:22:34.646+0000] {dagbag.py:537} INFO - Filling up the DagBag from /home/airflow/.local/lib/python3.7/site-packages/airflow/example_dags/example_latest_only_with_trigger.py
[2024-04-16T13:22:34.670+0000] {processor.py:766} INFO - DAG(s) dict_keys(['latest_only_with_trigger']) retrieved from /home/airflow/.local/lib/python3.7/site-packages/airflow/example_dags/example_latest_only_with_trigger.py
[2024-04-16T13:22:34.733+0000] {logging_mixin.py:120} INFO - [2024-04-16T13:22:34.732+0000] {dag.py:2585} INFO - Sync 1 DAGs
[2024-04-16T13:22:34.770+0000] {logging_mixin.py:120} INFO - [2024-04-16T13:22:34.770+0000] {dag.py:3340} INFO - Setting next_dagrun for latest_only_with_trigger to 2024-04-16T09:22:34.769711+00:00, run_after=2024-04-16T13:22:34.769711+00:00
[2024-04-16T13:22:34.802+0000] {processor.py:176} INFO - Processing /home/airflow/.local/lib/python3.7/site-packages/airflow/example_dags/example_latest_only_with_trigger.py took 0.165 seconds
[2024-04-16T13:23:04.921+0000] {processor.py:154} INFO - Started process (PID=3399) to work on /home/airflow/.local/lib/python3.7/site-packages/airflow/example_dags/example_latest_only_with_trigger.py
[2024-04-16T13:23:04.923+0000] {processor.py:756} INFO - Processing file /home/airflow/.local/lib/python3.7/site-packages/airflow/example_dags/example_latest_only_with_trigger.py for tasks to queue
[2024-04-16T13:23:04.924+0000] {logging_mixin.py:120} INFO - [2024-04-16T13:23:04.924+0000] {dagbag.py:537} INFO - Filling up the DagBag from /home/airflow/.local/lib/python3.7/site-packages/airflow/example_dags/example_latest_only_with_trigger.py
[2024-04-16T13:23:04.948+0000] {processor.py:766} INFO - DAG(s) dict_keys(['latest_only_with_trigger']) retrieved from /home/airflow/.local/lib/python3.7/site-packages/airflow/example_dags/example_latest_only_with_trigger.py
[2024-04-16T13:23:05.013+0000] {logging_mixin.py:120} INFO - [2024-04-16T13:23:05.012+0000] {dag.py:2585} INFO - Sync 1 DAGs
[2024-04-16T13:23:05.059+0000] {logging_mixin.py:120} INFO - [2024-04-16T13:23:05.058+0000] {dag.py:3340} INFO - Setting next_dagrun for latest_only_with_trigger to 2024-04-16T09:23:05.058404+00:00, run_after=2024-04-16T13:23:05.058404+00:00
[2024-04-16T13:23:05.092+0000] {processor.py:176} INFO - Processing /home/airflow/.local/lib/python3.7/site-packages/airflow/example_dags/example_latest_only_with_trigger.py took 0.177 seconds
[2024-04-16T13:23:36.587+0000] {processor.py:154} INFO - Started process (PID=3475) to work on /home/airflow/.local/lib/python3.7/site-packages/airflow/example_dags/example_latest_only_with_trigger.py
[2024-04-16T13:23:36.592+0000] {processor.py:756} INFO - Processing file /home/airflow/.local/lib/python3.7/site-packages/airflow/example_dags/example_latest_only_with_trigger.py for tasks to queue
[2024-04-16T13:23:36.594+0000] {logging_mixin.py:120} INFO - [2024-04-16T13:23:36.594+0000] {dagbag.py:537} INFO - Filling up the DagBag from /home/airflow/.local/lib/python3.7/site-packages/airflow/example_dags/example_latest_only_with_trigger.py
[2024-04-16T13:23:36.621+0000] {processor.py:766} INFO - DAG(s) dict_keys(['latest_only_with_trigger']) retrieved from /home/airflow/.local/lib/python3.7/site-packages/airflow/example_dags/example_latest_only_with_trigger.py
[2024-04-16T13:23:36.782+0000] {logging_mixin.py:120} INFO - [2024-04-16T13:23:36.782+0000] {dag.py:2585} INFO - Sync 1 DAGs
[2024-04-16T13:23:36.837+0000] {logging_mixin.py:120} INFO - [2024-04-16T13:23:36.837+0000] {dag.py:3340} INFO - Setting next_dagrun for latest_only_with_trigger to 2024-04-16T09:23:36.836239+00:00, run_after=2024-04-16T13:23:36.836239+00:00
[2024-04-16T13:23:36.873+0000] {processor.py:176} INFO - Processing /home/airflow/.local/lib/python3.7/site-packages/airflow/example_dags/example_latest_only_with_trigger.py took 0.291 seconds
[2024-04-16T13:24:07.391+0000] {processor.py:154} INFO - Started process (PID=3544) to work on /home/airflow/.local/lib/python3.7/site-packages/airflow/example_dags/example_latest_only_with_trigger.py
[2024-04-16T13:24:07.397+0000] {processor.py:756} INFO - Processing file /home/airflow/.local/lib/python3.7/site-packages/airflow/example_dags/example_latest_only_with_trigger.py for tasks to queue
[2024-04-16T13:24:07.407+0000] {logging_mixin.py:120} INFO - [2024-04-16T13:24:07.407+0000] {dagbag.py:537} INFO - Filling up the DagBag from /home/airflow/.local/lib/python3.7/site-packages/airflow/example_dags/example_latest_only_with_trigger.py
[2024-04-16T13:24:07.468+0000] {processor.py:766} INFO - DAG(s) dict_keys(['latest_only_with_trigger']) retrieved from /home/airflow/.local/lib/python3.7/site-packages/airflow/example_dags/example_latest_only_with_trigger.py
[2024-04-16T13:24:07.596+0000] {logging_mixin.py:120} INFO - [2024-04-16T13:24:07.595+0000] {dag.py:2585} INFO - Sync 1 DAGs
[2024-04-16T13:24:07.657+0000] {logging_mixin.py:120} INFO - [2024-04-16T13:24:07.657+0000] {dag.py:3340} INFO - Setting next_dagrun for latest_only_with_trigger to 2024-04-16T09:24:07.657077+00:00, run_after=2024-04-16T13:24:07.657077+00:00
[2024-04-16T13:24:07.720+0000] {processor.py:176} INFO - Processing /home/airflow/.local/lib/python3.7/site-packages/airflow/example_dags/example_latest_only_with_trigger.py took 0.345 seconds
[2024-04-16T13:24:38.121+0000] {processor.py:154} INFO - Started process (PID=3623) to work on /home/airflow/.local/lib/python3.7/site-packages/airflow/example_dags/example_latest_only_with_trigger.py
[2024-04-16T13:24:38.124+0000] {processor.py:756} INFO - Processing file /home/airflow/.local/lib/python3.7/site-packages/airflow/example_dags/example_latest_only_with_trigger.py for tasks to queue
[2024-04-16T13:24:38.126+0000] {logging_mixin.py:120} INFO - [2024-04-16T13:24:38.126+0000] {dagbag.py:537} INFO - Filling up the DagBag from /home/airflow/.local/lib/python3.7/site-packages/airflow/example_dags/example_latest_only_with_trigger.py
[2024-04-16T13:24:38.170+0000] {processor.py:766} INFO - DAG(s) dict_keys(['latest_only_with_trigger']) retrieved from /home/airflow/.local/lib/python3.7/site-packages/airflow/example_dags/example_latest_only_with_trigger.py
[2024-04-16T13:24:38.286+0000] {logging_mixin.py:120} INFO - [2024-04-16T13:24:38.286+0000] {dag.py:2585} INFO - Sync 1 DAGs
[2024-04-16T13:24:38.382+0000] {logging_mixin.py:120} INFO - [2024-04-16T13:24:38.382+0000] {dag.py:3340} INFO - Setting next_dagrun for latest_only_with_trigger to 2024-04-16T09:24:38.381932+00:00, run_after=2024-04-16T13:24:38.381932+00:00
[2024-04-16T13:24:38.443+0000] {processor.py:176} INFO - Processing /home/airflow/.local/lib/python3.7/site-packages/airflow/example_dags/example_latest_only_with_trigger.py took 0.329 seconds
[2024-04-16T13:25:08.684+0000] {processor.py:154} INFO - Started process (PID=3691) to work on /home/airflow/.local/lib/python3.7/site-packages/airflow/example_dags/example_latest_only_with_trigger.py
[2024-04-16T13:25:08.686+0000] {processor.py:756} INFO - Processing file /home/airflow/.local/lib/python3.7/site-packages/airflow/example_dags/example_latest_only_with_trigger.py for tasks to queue
[2024-04-16T13:25:08.688+0000] {logging_mixin.py:120} INFO - [2024-04-16T13:25:08.688+0000] {dagbag.py:537} INFO - Filling up the DagBag from /home/airflow/.local/lib/python3.7/site-packages/airflow/example_dags/example_latest_only_with_trigger.py
[2024-04-16T13:25:08.719+0000] {processor.py:766} INFO - DAG(s) dict_keys(['latest_only_with_trigger']) retrieved from /home/airflow/.local/lib/python3.7/site-packages/airflow/example_dags/example_latest_only_with_trigger.py
[2024-04-16T13:25:08.792+0000] {logging_mixin.py:120} INFO - [2024-04-16T13:25:08.792+0000] {dag.py:2585} INFO - Sync 1 DAGs
[2024-04-16T13:25:08.833+0000] {logging_mixin.py:120} INFO - [2024-04-16T13:25:08.833+0000] {dag.py:3340} INFO - Setting next_dagrun for latest_only_with_trigger to 2024-04-16T09:25:08.832645+00:00, run_after=2024-04-16T13:25:08.832645+00:00
[2024-04-16T13:25:08.865+0000] {processor.py:176} INFO - Processing /home/airflow/.local/lib/python3.7/site-packages/airflow/example_dags/example_latest_only_with_trigger.py took 0.186 seconds
[2024-04-16T13:25:39.107+0000] {processor.py:154} INFO - Started process (PID=3770) to work on /home/airflow/.local/lib/python3.7/site-packages/airflow/example_dags/example_latest_only_with_trigger.py
[2024-04-16T13:25:39.109+0000] {processor.py:756} INFO - Processing file /home/airflow/.local/lib/python3.7/site-packages/airflow/example_dags/example_latest_only_with_trigger.py for tasks to queue
[2024-04-16T13:25:39.111+0000] {logging_mixin.py:120} INFO - [2024-04-16T13:25:39.110+0000] {dagbag.py:537} INFO - Filling up the DagBag from /home/airflow/.local/lib/python3.7/site-packages/airflow/example_dags/example_latest_only_with_trigger.py
[2024-04-16T13:25:39.139+0000] {processor.py:766} INFO - DAG(s) dict_keys(['latest_only_with_trigger']) retrieved from /home/airflow/.local/lib/python3.7/site-packages/airflow/example_dags/example_latest_only_with_trigger.py
[2024-04-16T13:25:39.239+0000] {logging_mixin.py:120} INFO - [2024-04-16T13:25:39.239+0000] {dag.py:2585} INFO - Sync 1 DAGs
[2024-04-16T13:25:39.294+0000] {logging_mixin.py:120} INFO - [2024-04-16T13:25:39.294+0000] {dag.py:3340} INFO - Setting next_dagrun for latest_only_with_trigger to 2024-04-16T09:25:39.294164+00:00, run_after=2024-04-16T13:25:39.294164+00:00
[2024-04-16T13:25:39.329+0000] {processor.py:176} INFO - Processing /home/airflow/.local/lib/python3.7/site-packages/airflow/example_dags/example_latest_only_with_trigger.py took 0.228 seconds
[2024-04-16T13:26:09.519+0000] {processor.py:154} INFO - Started process (PID=3839) to work on /home/airflow/.local/lib/python3.7/site-packages/airflow/example_dags/example_latest_only_with_trigger.py
[2024-04-16T13:26:09.521+0000] {processor.py:756} INFO - Processing file /home/airflow/.local/lib/python3.7/site-packages/airflow/example_dags/example_latest_only_with_trigger.py for tasks to queue
[2024-04-16T13:26:09.523+0000] {logging_mixin.py:120} INFO - [2024-04-16T13:26:09.523+0000] {dagbag.py:537} INFO - Filling up the DagBag from /home/airflow/.local/lib/python3.7/site-packages/airflow/example_dags/example_latest_only_with_trigger.py
[2024-04-16T13:26:09.546+0000] {processor.py:766} INFO - DAG(s) dict_keys(['latest_only_with_trigger']) retrieved from /home/airflow/.local/lib/python3.7/site-packages/airflow/example_dags/example_latest_only_with_trigger.py
[2024-04-16T13:26:09.609+0000] {logging_mixin.py:120} INFO - [2024-04-16T13:26:09.609+0000] {dag.py:2585} INFO - Sync 1 DAGs
[2024-04-16T13:26:09.645+0000] {logging_mixin.py:120} INFO - [2024-04-16T13:26:09.645+0000] {dag.py:3340} INFO - Setting next_dagrun for latest_only_with_trigger to 2024-04-16T09:26:09.645258+00:00, run_after=2024-04-16T13:26:09.645258+00:00
[2024-04-16T13:26:09.676+0000] {processor.py:176} INFO - Processing /home/airflow/.local/lib/python3.7/site-packages/airflow/example_dags/example_latest_only_with_trigger.py took 0.163 seconds
[2024-04-16T13:26:40.218+0000] {processor.py:154} INFO - Started process (PID=3918) to work on /home/airflow/.local/lib/python3.7/site-packages/airflow/example_dags/example_latest_only_with_trigger.py
[2024-04-16T13:26:40.224+0000] {processor.py:756} INFO - Processing file /home/airflow/.local/lib/python3.7/site-packages/airflow/example_dags/example_latest_only_with_trigger.py for tasks to queue
[2024-04-16T13:26:40.228+0000] {logging_mixin.py:120} INFO - [2024-04-16T13:26:40.228+0000] {dagbag.py:537} INFO - Filling up the DagBag from /home/airflow/.local/lib/python3.7/site-packages/airflow/example_dags/example_latest_only_with_trigger.py
[2024-04-16T13:26:40.321+0000] {processor.py:766} INFO - DAG(s) dict_keys(['latest_only_with_trigger']) retrieved from /home/airflow/.local/lib/python3.7/site-packages/airflow/example_dags/example_latest_only_with_trigger.py
[2024-04-16T13:26:40.673+0000] {logging_mixin.py:120} INFO - [2024-04-16T13:26:40.673+0000] {dag.py:2585} INFO - Sync 1 DAGs
[2024-04-16T13:26:40.732+0000] {logging_mixin.py:120} INFO - [2024-04-16T13:26:40.732+0000] {dag.py:3340} INFO - Setting next_dagrun for latest_only_with_trigger to 2024-04-16T09:26:40.731619+00:00, run_after=2024-04-16T13:26:40.731619+00:00
[2024-04-16T13:26:40.776+0000] {processor.py:176} INFO - Processing /home/airflow/.local/lib/python3.7/site-packages/airflow/example_dags/example_latest_only_with_trigger.py took 0.566 seconds
[2024-04-16T13:27:11.643+0000] {processor.py:154} INFO - Started process (PID=3987) to work on /home/airflow/.local/lib/python3.7/site-packages/airflow/example_dags/example_latest_only_with_trigger.py
[2024-04-16T13:27:11.645+0000] {processor.py:756} INFO - Processing file /home/airflow/.local/lib/python3.7/site-packages/airflow/example_dags/example_latest_only_with_trigger.py for tasks to queue
[2024-04-16T13:27:11.647+0000] {logging_mixin.py:120} INFO - [2024-04-16T13:27:11.647+0000] {dagbag.py:537} INFO - Filling up the DagBag from /home/airflow/.local/lib/python3.7/site-packages/airflow/example_dags/example_latest_only_with_trigger.py
[2024-04-16T13:27:11.669+0000] {processor.py:766} INFO - DAG(s) dict_keys(['latest_only_with_trigger']) retrieved from /home/airflow/.local/lib/python3.7/site-packages/airflow/example_dags/example_latest_only_with_trigger.py
[2024-04-16T13:27:11.732+0000] {logging_mixin.py:120} INFO - [2024-04-16T13:27:11.731+0000] {dag.py:2585} INFO - Sync 1 DAGs
[2024-04-16T13:27:11.773+0000] {logging_mixin.py:120} INFO - [2024-04-16T13:27:11.773+0000] {dag.py:3340} INFO - Setting next_dagrun for latest_only_with_trigger to 2024-04-16T09:27:11.772804+00:00, run_after=2024-04-16T13:27:11.772804+00:00
[2024-04-16T13:27:11.808+0000] {processor.py:176} INFO - Processing /home/airflow/.local/lib/python3.7/site-packages/airflow/example_dags/example_latest_only_with_trigger.py took 0.170 seconds
[2024-04-16T13:27:42.373+0000] {processor.py:154} INFO - Started process (PID=4065) to work on /home/airflow/.local/lib/python3.7/site-packages/airflow/example_dags/example_latest_only_with_trigger.py
[2024-04-16T13:27:42.376+0000] {processor.py:756} INFO - Processing file /home/airflow/.local/lib/python3.7/site-packages/airflow/example_dags/example_latest_only_with_trigger.py for tasks to queue
[2024-04-16T13:27:42.384+0000] {logging_mixin.py:120} INFO - [2024-04-16T13:27:42.383+0000] {dagbag.py:537} INFO - Filling up the DagBag from /home/airflow/.local/lib/python3.7/site-packages/airflow/example_dags/example_latest_only_with_trigger.py
[2024-04-16T13:27:42.414+0000] {processor.py:766} INFO - DAG(s) dict_keys(['latest_only_with_trigger']) retrieved from /home/airflow/.local/lib/python3.7/site-packages/airflow/example_dags/example_latest_only_with_trigger.py
[2024-04-16T13:27:42.490+0000] {logging_mixin.py:120} INFO - [2024-04-16T13:27:42.490+0000] {dag.py:2585} INFO - Sync 1 DAGs
[2024-04-16T13:27:42.538+0000] {logging_mixin.py:120} INFO - [2024-04-16T13:27:42.538+0000] {dag.py:3340} INFO - Setting next_dagrun for latest_only_with_trigger to 2024-04-16T09:27:42.538125+00:00, run_after=2024-04-16T13:27:42.538125+00:00
[2024-04-16T13:27:42.572+0000] {processor.py:176} INFO - Processing /home/airflow/.local/lib/python3.7/site-packages/airflow/example_dags/example_latest_only_with_trigger.py took 0.207 seconds
[2024-04-16T13:28:12.681+0000] {processor.py:154} INFO - Started process (PID=4134) to work on /home/airflow/.local/lib/python3.7/site-packages/airflow/example_dags/example_latest_only_with_trigger.py
[2024-04-16T13:28:12.683+0000] {processor.py:756} INFO - Processing file /home/airflow/.local/lib/python3.7/site-packages/airflow/example_dags/example_latest_only_with_trigger.py for tasks to queue
[2024-04-16T13:28:12.685+0000] {logging_mixin.py:120} INFO - [2024-04-16T13:28:12.685+0000] {dagbag.py:537} INFO - Filling up the DagBag from /home/airflow/.local/lib/python3.7/site-packages/airflow/example_dags/example_latest_only_with_trigger.py
[2024-04-16T13:28:12.708+0000] {processor.py:766} INFO - DAG(s) dict_keys(['latest_only_with_trigger']) retrieved from /home/airflow/.local/lib/python3.7/site-packages/airflow/example_dags/example_latest_only_with_trigger.py
[2024-04-16T13:28:12.771+0000] {logging_mixin.py:120} INFO - [2024-04-16T13:28:12.771+0000] {dag.py:2585} INFO - Sync 1 DAGs
[2024-04-16T13:28:12.811+0000] {logging_mixin.py:120} INFO - [2024-04-16T13:28:12.810+0000] {dag.py:3340} INFO - Setting next_dagrun for latest_only_with_trigger to 2024-04-16T09:28:12.810405+00:00, run_after=2024-04-16T13:28:12.810405+00:00
[2024-04-16T13:28:12.841+0000] {processor.py:176} INFO - Processing /home/airflow/.local/lib/python3.7/site-packages/airflow/example_dags/example_latest_only_with_trigger.py took 0.167 seconds
[2024-04-16T13:28:43.847+0000] {processor.py:154} INFO - Started process (PID=4213) to work on /home/airflow/.local/lib/python3.7/site-packages/airflow/example_dags/example_latest_only_with_trigger.py
[2024-04-16T13:28:43.851+0000] {processor.py:756} INFO - Processing file /home/airflow/.local/lib/python3.7/site-packages/airflow/example_dags/example_latest_only_with_trigger.py for tasks to queue
[2024-04-16T13:28:43.854+0000] {logging_mixin.py:120} INFO - [2024-04-16T13:28:43.853+0000] {dagbag.py:537} INFO - Filling up the DagBag from /home/airflow/.local/lib/python3.7/site-packages/airflow/example_dags/example_latest_only_with_trigger.py
[2024-04-16T13:28:43.885+0000] {processor.py:766} INFO - DAG(s) dict_keys(['latest_only_with_trigger']) retrieved from /home/airflow/.local/lib/python3.7/site-packages/airflow/example_dags/example_latest_only_with_trigger.py
[2024-04-16T13:28:43.962+0000] {logging_mixin.py:120} INFO - [2024-04-16T13:28:43.961+0000] {dag.py:2585} INFO - Sync 1 DAGs
[2024-04-16T13:28:44.019+0000] {logging_mixin.py:120} INFO - [2024-04-16T13:28:44.018+0000] {dag.py:3340} INFO - Setting next_dagrun for latest_only_with_trigger to 2024-04-16T09:28:44.017126+00:00, run_after=2024-04-16T13:28:44.017126+00:00
[2024-04-16T13:28:44.054+0000] {processor.py:176} INFO - Processing /home/airflow/.local/lib/python3.7/site-packages/airflow/example_dags/example_latest_only_with_trigger.py took 0.216 seconds
[2024-04-16T13:29:14.471+0000] {processor.py:154} INFO - Started process (PID=4283) to work on /home/airflow/.local/lib/python3.7/site-packages/airflow/example_dags/example_latest_only_with_trigger.py
[2024-04-16T13:29:14.474+0000] {processor.py:756} INFO - Processing file /home/airflow/.local/lib/python3.7/site-packages/airflow/example_dags/example_latest_only_with_trigger.py for tasks to queue
[2024-04-16T13:29:14.476+0000] {logging_mixin.py:120} INFO - [2024-04-16T13:29:14.476+0000] {dagbag.py:537} INFO - Filling up the DagBag from /home/airflow/.local/lib/python3.7/site-packages/airflow/example_dags/example_latest_only_with_trigger.py
[2024-04-16T13:29:14.502+0000] {processor.py:766} INFO - DAG(s) dict_keys(['latest_only_with_trigger']) retrieved from /home/airflow/.local/lib/python3.7/site-packages/airflow/example_dags/example_latest_only_with_trigger.py
[2024-04-16T13:29:14.570+0000] {logging_mixin.py:120} INFO - [2024-04-16T13:29:14.569+0000] {dag.py:2585} INFO - Sync 1 DAGs
[2024-04-16T13:29:14.613+0000] {logging_mixin.py:120} INFO - [2024-04-16T13:29:14.612+0000] {dag.py:3340} INFO - Setting next_dagrun for latest_only_with_trigger to 2024-04-16T09:29:14.612066+00:00, run_after=2024-04-16T13:29:14.612066+00:00
[2024-04-16T13:29:14.646+0000] {processor.py:176} INFO - Processing /home/airflow/.local/lib/python3.7/site-packages/airflow/example_dags/example_latest_only_with_trigger.py took 0.180 seconds
[2024-04-16T13:29:44.982+0000] {processor.py:154} INFO - Started process (PID=4363) to work on /home/airflow/.local/lib/python3.7/site-packages/airflow/example_dags/example_latest_only_with_trigger.py
[2024-04-16T13:29:44.987+0000] {processor.py:756} INFO - Processing file /home/airflow/.local/lib/python3.7/site-packages/airflow/example_dags/example_latest_only_with_trigger.py for tasks to queue
[2024-04-16T13:29:44.990+0000] {logging_mixin.py:120} INFO - [2024-04-16T13:29:44.989+0000] {dagbag.py:537} INFO - Filling up the DagBag from /home/airflow/.local/lib/python3.7/site-packages/airflow/example_dags/example_latest_only_with_trigger.py
[2024-04-16T13:29:45.017+0000] {processor.py:766} INFO - DAG(s) dict_keys(['latest_only_with_trigger']) retrieved from /home/airflow/.local/lib/python3.7/site-packages/airflow/example_dags/example_latest_only_with_trigger.py
[2024-04-16T13:29:45.103+0000] {logging_mixin.py:120} INFO - [2024-04-16T13:29:45.103+0000] {dag.py:2585} INFO - Sync 1 DAGs
[2024-04-16T13:29:45.154+0000] {logging_mixin.py:120} INFO - [2024-04-16T13:29:45.154+0000] {dag.py:3340} INFO - Setting next_dagrun for latest_only_with_trigger to 2024-04-16T09:29:45.153686+00:00, run_after=2024-04-16T13:29:45.153686+00:00
[2024-04-16T13:29:45.193+0000] {processor.py:176} INFO - Processing /home/airflow/.local/lib/python3.7/site-packages/airflow/example_dags/example_latest_only_with_trigger.py took 0.226 seconds
[2024-04-16T13:30:15.618+0000] {processor.py:154} INFO - Started process (PID=4432) to work on /home/airflow/.local/lib/python3.7/site-packages/airflow/example_dags/example_latest_only_with_trigger.py
[2024-04-16T13:30:15.620+0000] {processor.py:756} INFO - Processing file /home/airflow/.local/lib/python3.7/site-packages/airflow/example_dags/example_latest_only_with_trigger.py for tasks to queue
[2024-04-16T13:30:15.622+0000] {logging_mixin.py:120} INFO - [2024-04-16T13:30:15.622+0000] {dagbag.py:537} INFO - Filling up the DagBag from /home/airflow/.local/lib/python3.7/site-packages/airflow/example_dags/example_latest_only_with_trigger.py
[2024-04-16T13:30:15.645+0000] {processor.py:766} INFO - DAG(s) dict_keys(['latest_only_with_trigger']) retrieved from /home/airflow/.local/lib/python3.7/site-packages/airflow/example_dags/example_latest_only_with_trigger.py
[2024-04-16T13:30:15.716+0000] {logging_mixin.py:120} INFO - [2024-04-16T13:30:15.715+0000] {dag.py:2585} INFO - Sync 1 DAGs
[2024-04-16T13:30:15.756+0000] {logging_mixin.py:120} INFO - [2024-04-16T13:30:15.755+0000] {dag.py:3340} INFO - Setting next_dagrun for latest_only_with_trigger to 2024-04-16T09:30:15.755546+00:00, run_after=2024-04-16T13:30:15.755546+00:00
[2024-04-16T13:30:15.780+0000] {processor.py:176} INFO - Processing /home/airflow/.local/lib/python3.7/site-packages/airflow/example_dags/example_latest_only_with_trigger.py took 0.168 seconds
[2024-04-16T13:30:46.585+0000] {processor.py:154} INFO - Started process (PID=4510) to work on /home/airflow/.local/lib/python3.7/site-packages/airflow/example_dags/example_latest_only_with_trigger.py
[2024-04-16T13:30:46.588+0000] {processor.py:756} INFO - Processing file /home/airflow/.local/lib/python3.7/site-packages/airflow/example_dags/example_latest_only_with_trigger.py for tasks to queue
[2024-04-16T13:30:46.590+0000] {logging_mixin.py:120} INFO - [2024-04-16T13:30:46.590+0000] {dagbag.py:537} INFO - Filling up the DagBag from /home/airflow/.local/lib/python3.7/site-packages/airflow/example_dags/example_latest_only_with_trigger.py
[2024-04-16T13:30:46.617+0000] {processor.py:766} INFO - DAG(s) dict_keys(['latest_only_with_trigger']) retrieved from /home/airflow/.local/lib/python3.7/site-packages/airflow/example_dags/example_latest_only_with_trigger.py
[2024-04-16T13:30:46.696+0000] {logging_mixin.py:120} INFO - [2024-04-16T13:30:46.696+0000] {dag.py:2585} INFO - Sync 1 DAGs
[2024-04-16T13:30:46.736+0000] {logging_mixin.py:120} INFO - [2024-04-16T13:30:46.735+0000] {dag.py:3340} INFO - Setting next_dagrun for latest_only_with_trigger to 2024-04-16T09:30:46.735322+00:00, run_after=2024-04-16T13:30:46.735322+00:00
[2024-04-16T13:30:46.773+0000] {processor.py:176} INFO - Processing /home/airflow/.local/lib/python3.7/site-packages/airflow/example_dags/example_latest_only_with_trigger.py took 0.193 seconds
[2024-04-16T14:08:55.755+0000] {processor.py:154} INFO - Started process (PID=4595) to work on /home/airflow/.local/lib/python3.7/site-packages/airflow/example_dags/example_latest_only_with_trigger.py
[2024-04-16T14:08:55.764+0000] {processor.py:756} INFO - Processing file /home/airflow/.local/lib/python3.7/site-packages/airflow/example_dags/example_latest_only_with_trigger.py for tasks to queue
[2024-04-16T14:08:55.766+0000] {logging_mixin.py:120} INFO - [2024-04-16T14:08:55.766+0000] {dagbag.py:537} INFO - Filling up the DagBag from /home/airflow/.local/lib/python3.7/site-packages/airflow/example_dags/example_latest_only_with_trigger.py
[2024-04-16T14:08:55.854+0000] {processor.py:766} INFO - DAG(s) dict_keys(['latest_only_with_trigger']) retrieved from /home/airflow/.local/lib/python3.7/site-packages/airflow/example_dags/example_latest_only_with_trigger.py
[2024-04-16T14:08:56.146+0000] {logging_mixin.py:120} INFO - [2024-04-16T14:08:56.146+0000] {dag.py:2585} INFO - Sync 1 DAGs
[2024-04-16T14:08:56.484+0000] {logging_mixin.py:120} INFO - [2024-04-16T14:08:56.484+0000] {dag.py:3340} INFO - Setting next_dagrun for latest_only_with_trigger to 2024-04-16T10:08:56.484152+00:00, run_after=2024-04-16T14:08:56.484152+00:00
[2024-04-16T14:08:56.675+0000] {processor.py:176} INFO - Processing /home/airflow/.local/lib/python3.7/site-packages/airflow/example_dags/example_latest_only_with_trigger.py took 0.940 seconds
