[2024-04-16T09:51:24.830+0000] {processor.py:154} INFO - Started process (PID=23773) to work on /home/airflow/.local/lib/python3.7/site-packages/airflow/example_dags/example_local_kubernetes_executor.py
[2024-04-16T09:51:24.858+0000] {processor.py:756} INFO - Processing file /home/airflow/.local/lib/python3.7/site-packages/airflow/example_dags/example_local_kubernetes_executor.py for tasks to queue
[2024-04-16T09:51:24.941+0000] {logging_mixin.py:120} INFO - [2024-04-16T09:51:24.896+0000] {dagbag.py:537} INFO - Filling up the DagBag from /home/airflow/.local/lib/python3.7/site-packages/airflow/example_dags/example_local_kubernetes_executor.py
[2024-04-16T09:51:26.524+0000] {processor.py:766} INFO - DAG(s) dict_keys(['example_local_kubernetes_executor']) retrieved from /home/airflow/.local/lib/python3.7/site-packages/airflow/example_dags/example_local_kubernetes_executor.py
[2024-04-16T09:51:31.699+0000] {logging_mixin.py:120} INFO - [2024-04-16T09:51:31.678+0000] {dag.py:2585} INFO - Sync 1 DAGs
[2024-04-16T09:51:34.607+0000] {logging_mixin.py:120} INFO - [2024-04-16T09:51:34.606+0000] {dag.py:3340} INFO - Setting next_dagrun for example_local_kubernetes_executor to None, run_after=None
[2024-04-16T09:51:36.027+0000] {processor.py:176} INFO - Processing /home/airflow/.local/lib/python3.7/site-packages/airflow/example_dags/example_local_kubernetes_executor.py took 11.616 seconds
[2024-04-16T10:11:54.161+0000] {processor.py:154} INFO - Started process (PID=23964) to work on /home/airflow/.local/lib/python3.7/site-packages/airflow/example_dags/example_local_kubernetes_executor.py
[2024-04-16T10:11:54.297+0000] {processor.py:756} INFO - Processing file /home/airflow/.local/lib/python3.7/site-packages/airflow/example_dags/example_local_kubernetes_executor.py for tasks to queue
[2024-04-16T10:11:54.469+0000] {logging_mixin.py:120} INFO - [2024-04-16T10:11:54.443+0000] {dagbag.py:537} INFO - Filling up the DagBag from /home/airflow/.local/lib/python3.7/site-packages/airflow/example_dags/example_local_kubernetes_executor.py
[2024-04-16T10:12:00.302+0000] {processor.py:766} INFO - DAG(s) dict_keys(['example_local_kubernetes_executor']) retrieved from /home/airflow/.local/lib/python3.7/site-packages/airflow/example_dags/example_local_kubernetes_executor.py
[2024-04-16T10:12:07.323+0000] {logging_mixin.py:120} INFO - [2024-04-16T10:12:07.321+0000] {dag.py:2585} INFO - Sync 1 DAGs
[2024-04-16T10:12:12.265+0000] {logging_mixin.py:120} INFO - [2024-04-16T10:12:12.264+0000] {dag.py:3340} INFO - Setting next_dagrun for example_local_kubernetes_executor to None, run_after=None
[2024-04-16T10:12:15.654+0000] {processor.py:176} INFO - Processing /home/airflow/.local/lib/python3.7/site-packages/airflow/example_dags/example_local_kubernetes_executor.py took 22.273 seconds
[2024-04-16T10:22:59.672+0000] {processor.py:154} INFO - Started process (PID=53) to work on /home/airflow/.local/lib/python3.7/site-packages/airflow/example_dags/example_local_kubernetes_executor.py
[2024-04-16T10:22:59.687+0000] {processor.py:756} INFO - Processing file /home/airflow/.local/lib/python3.7/site-packages/airflow/example_dags/example_local_kubernetes_executor.py for tasks to queue
[2024-04-16T10:22:59.693+0000] {logging_mixin.py:120} INFO - [2024-04-16T10:22:59.691+0000] {dagbag.py:537} INFO - Filling up the DagBag from /home/airflow/.local/lib/python3.7/site-packages/airflow/example_dags/example_local_kubernetes_executor.py
[2024-04-16T10:22:59.944+0000] {processor.py:766} INFO - DAG(s) dict_keys(['example_local_kubernetes_executor']) retrieved from /home/airflow/.local/lib/python3.7/site-packages/airflow/example_dags/example_local_kubernetes_executor.py
[2024-04-16T10:23:00.148+0000] {logging_mixin.py:120} INFO - [2024-04-16T10:23:00.147+0000] {dag.py:2585} INFO - Sync 1 DAGs
[2024-04-16T10:23:00.287+0000] {logging_mixin.py:120} INFO - [2024-04-16T10:23:00.286+0000] {dag.py:3340} INFO - Setting next_dagrun for example_local_kubernetes_executor to None, run_after=None
[2024-04-16T10:23:00.422+0000] {processor.py:176} INFO - Processing /home/airflow/.local/lib/python3.7/site-packages/airflow/example_dags/example_local_kubernetes_executor.py took 0.766 seconds
[2024-04-16T10:23:33.294+0000] {processor.py:154} INFO - Started process (PID=120) to work on /home/airflow/.local/lib/python3.7/site-packages/airflow/example_dags/example_local_kubernetes_executor.py
[2024-04-16T10:23:33.298+0000] {processor.py:756} INFO - Processing file /home/airflow/.local/lib/python3.7/site-packages/airflow/example_dags/example_local_kubernetes_executor.py for tasks to queue
[2024-04-16T10:23:33.308+0000] {logging_mixin.py:120} INFO - [2024-04-16T10:23:33.305+0000] {dagbag.py:537} INFO - Filling up the DagBag from /home/airflow/.local/lib/python3.7/site-packages/airflow/example_dags/example_local_kubernetes_executor.py
[2024-04-16T10:23:33.524+0000] {processor.py:766} INFO - DAG(s) dict_keys(['example_local_kubernetes_executor']) retrieved from /home/airflow/.local/lib/python3.7/site-packages/airflow/example_dags/example_local_kubernetes_executor.py
[2024-04-16T10:23:33.755+0000] {logging_mixin.py:120} INFO - [2024-04-16T10:23:33.755+0000] {dag.py:2585} INFO - Sync 1 DAGs
[2024-04-16T10:23:33.806+0000] {logging_mixin.py:120} INFO - [2024-04-16T10:23:33.805+0000] {dag.py:3340} INFO - Setting next_dagrun for example_local_kubernetes_executor to None, run_after=None
[2024-04-16T10:23:33.841+0000] {processor.py:176} INFO - Processing /home/airflow/.local/lib/python3.7/site-packages/airflow/example_dags/example_local_kubernetes_executor.py took 0.577 seconds
[2024-04-16T10:24:05.644+0000] {processor.py:154} INFO - Started process (PID=178) to work on /home/airflow/.local/lib/python3.7/site-packages/airflow/example_dags/example_local_kubernetes_executor.py
[2024-04-16T10:24:05.646+0000] {processor.py:756} INFO - Processing file /home/airflow/.local/lib/python3.7/site-packages/airflow/example_dags/example_local_kubernetes_executor.py for tasks to queue
[2024-04-16T10:24:05.648+0000] {logging_mixin.py:120} INFO - [2024-04-16T10:24:05.647+0000] {dagbag.py:537} INFO - Filling up the DagBag from /home/airflow/.local/lib/python3.7/site-packages/airflow/example_dags/example_local_kubernetes_executor.py
[2024-04-16T10:24:05.686+0000] {processor.py:766} INFO - DAG(s) dict_keys(['example_local_kubernetes_executor']) retrieved from /home/airflow/.local/lib/python3.7/site-packages/airflow/example_dags/example_local_kubernetes_executor.py
[2024-04-16T10:24:05.750+0000] {logging_mixin.py:120} INFO - [2024-04-16T10:24:05.750+0000] {dag.py:2585} INFO - Sync 1 DAGs
[2024-04-16T10:24:05.787+0000] {logging_mixin.py:120} INFO - [2024-04-16T10:24:05.786+0000] {dag.py:3340} INFO - Setting next_dagrun for example_local_kubernetes_executor to None, run_after=None
[2024-04-16T10:24:05.815+0000] {processor.py:176} INFO - Processing /home/airflow/.local/lib/python3.7/site-packages/airflow/example_dags/example_local_kubernetes_executor.py took 0.176 seconds
[2024-04-16T10:24:55.687+0000] {processor.py:154} INFO - Started process (PID=255) to work on /home/airflow/.local/lib/python3.7/site-packages/airflow/example_dags/example_local_kubernetes_executor.py
[2024-04-16T10:24:55.689+0000] {processor.py:756} INFO - Processing file /home/airflow/.local/lib/python3.7/site-packages/airflow/example_dags/example_local_kubernetes_executor.py for tasks to queue
[2024-04-16T10:24:55.691+0000] {logging_mixin.py:120} INFO - [2024-04-16T10:24:55.691+0000] {dagbag.py:537} INFO - Filling up the DagBag from /home/airflow/.local/lib/python3.7/site-packages/airflow/example_dags/example_local_kubernetes_executor.py
[2024-04-16T10:24:55.728+0000] {processor.py:766} INFO - DAG(s) dict_keys(['example_local_kubernetes_executor']) retrieved from /home/airflow/.local/lib/python3.7/site-packages/airflow/example_dags/example_local_kubernetes_executor.py
[2024-04-16T10:24:55.789+0000] {logging_mixin.py:120} INFO - [2024-04-16T10:24:55.788+0000] {dag.py:2585} INFO - Sync 1 DAGs
[2024-04-16T10:24:55.830+0000] {logging_mixin.py:120} INFO - [2024-04-16T10:24:55.829+0000] {dag.py:3340} INFO - Setting next_dagrun for example_local_kubernetes_executor to None, run_after=None
[2024-04-16T10:24:55.863+0000] {processor.py:176} INFO - Processing /home/airflow/.local/lib/python3.7/site-packages/airflow/example_dags/example_local_kubernetes_executor.py took 0.181 seconds
[2024-04-16T10:25:27.610+0000] {processor.py:154} INFO - Started process (PID=333) to work on /home/airflow/.local/lib/python3.7/site-packages/airflow/example_dags/example_local_kubernetes_executor.py
[2024-04-16T10:25:27.613+0000] {processor.py:756} INFO - Processing file /home/airflow/.local/lib/python3.7/site-packages/airflow/example_dags/example_local_kubernetes_executor.py for tasks to queue
[2024-04-16T10:25:27.615+0000] {logging_mixin.py:120} INFO - [2024-04-16T10:25:27.615+0000] {dagbag.py:537} INFO - Filling up the DagBag from /home/airflow/.local/lib/python3.7/site-packages/airflow/example_dags/example_local_kubernetes_executor.py
[2024-04-16T10:25:27.667+0000] {processor.py:766} INFO - DAG(s) dict_keys(['example_local_kubernetes_executor']) retrieved from /home/airflow/.local/lib/python3.7/site-packages/airflow/example_dags/example_local_kubernetes_executor.py
[2024-04-16T10:25:27.907+0000] {logging_mixin.py:120} INFO - [2024-04-16T10:25:27.907+0000] {dag.py:2585} INFO - Sync 1 DAGs
[2024-04-16T10:25:27.950+0000] {logging_mixin.py:120} INFO - [2024-04-16T10:25:27.950+0000] {dag.py:3340} INFO - Setting next_dagrun for example_local_kubernetes_executor to None, run_after=None
[2024-04-16T10:25:27.989+0000] {processor.py:176} INFO - Processing /home/airflow/.local/lib/python3.7/site-packages/airflow/example_dags/example_local_kubernetes_executor.py took 0.386 seconds
[2024-04-16T10:26:07.407+0000] {processor.py:154} INFO - Started process (PID=405) to work on /home/airflow/.local/lib/python3.7/site-packages/airflow/example_dags/example_local_kubernetes_executor.py
[2024-04-16T10:26:07.414+0000] {processor.py:756} INFO - Processing file /home/airflow/.local/lib/python3.7/site-packages/airflow/example_dags/example_local_kubernetes_executor.py for tasks to queue
[2024-04-16T10:26:07.419+0000] {logging_mixin.py:120} INFO - [2024-04-16T10:26:07.416+0000] {dagbag.py:537} INFO - Filling up the DagBag from /home/airflow/.local/lib/python3.7/site-packages/airflow/example_dags/example_local_kubernetes_executor.py
[2024-04-16T10:26:07.560+0000] {processor.py:766} INFO - DAG(s) dict_keys(['example_local_kubernetes_executor']) retrieved from /home/airflow/.local/lib/python3.7/site-packages/airflow/example_dags/example_local_kubernetes_executor.py
[2024-04-16T10:26:07.790+0000] {logging_mixin.py:120} INFO - [2024-04-16T10:26:07.789+0000] {dag.py:2585} INFO - Sync 1 DAGs
[2024-04-16T10:26:07.882+0000] {logging_mixin.py:120} INFO - [2024-04-16T10:26:07.882+0000] {dag.py:3340} INFO - Setting next_dagrun for example_local_kubernetes_executor to None, run_after=None
[2024-04-16T10:26:07.944+0000] {processor.py:176} INFO - Processing /home/airflow/.local/lib/python3.7/site-packages/airflow/example_dags/example_local_kubernetes_executor.py took 0.563 seconds
[2024-04-16T10:26:38.806+0000] {processor.py:154} INFO - Started process (PID=474) to work on /home/airflow/.local/lib/python3.7/site-packages/airflow/example_dags/example_local_kubernetes_executor.py
[2024-04-16T10:26:38.809+0000] {processor.py:756} INFO - Processing file /home/airflow/.local/lib/python3.7/site-packages/airflow/example_dags/example_local_kubernetes_executor.py for tasks to queue
[2024-04-16T10:26:38.813+0000] {logging_mixin.py:120} INFO - [2024-04-16T10:26:38.813+0000] {dagbag.py:537} INFO - Filling up the DagBag from /home/airflow/.local/lib/python3.7/site-packages/airflow/example_dags/example_local_kubernetes_executor.py
[2024-04-16T10:26:38.849+0000] {processor.py:766} INFO - DAG(s) dict_keys(['example_local_kubernetes_executor']) retrieved from /home/airflow/.local/lib/python3.7/site-packages/airflow/example_dags/example_local_kubernetes_executor.py
[2024-04-16T10:26:38.908+0000] {logging_mixin.py:120} INFO - [2024-04-16T10:26:38.908+0000] {dag.py:2585} INFO - Sync 1 DAGs
[2024-04-16T10:26:38.945+0000] {logging_mixin.py:120} INFO - [2024-04-16T10:26:38.945+0000] {dag.py:3340} INFO - Setting next_dagrun for example_local_kubernetes_executor to None, run_after=None
[2024-04-16T10:26:38.974+0000] {processor.py:176} INFO - Processing /home/airflow/.local/lib/python3.7/site-packages/airflow/example_dags/example_local_kubernetes_executor.py took 0.179 seconds
[2024-04-16T10:27:09.218+0000] {processor.py:154} INFO - Started process (PID=544) to work on /home/airflow/.local/lib/python3.7/site-packages/airflow/example_dags/example_local_kubernetes_executor.py
[2024-04-16T10:27:09.221+0000] {processor.py:756} INFO - Processing file /home/airflow/.local/lib/python3.7/site-packages/airflow/example_dags/example_local_kubernetes_executor.py for tasks to queue
[2024-04-16T10:27:09.223+0000] {logging_mixin.py:120} INFO - [2024-04-16T10:27:09.223+0000] {dagbag.py:537} INFO - Filling up the DagBag from /home/airflow/.local/lib/python3.7/site-packages/airflow/example_dags/example_local_kubernetes_executor.py
[2024-04-16T10:27:09.268+0000] {processor.py:766} INFO - DAG(s) dict_keys(['example_local_kubernetes_executor']) retrieved from /home/airflow/.local/lib/python3.7/site-packages/airflow/example_dags/example_local_kubernetes_executor.py
[2024-04-16T10:27:09.338+0000] {logging_mixin.py:120} INFO - [2024-04-16T10:27:09.338+0000] {dag.py:2585} INFO - Sync 1 DAGs
[2024-04-16T10:27:09.377+0000] {logging_mixin.py:120} INFO - [2024-04-16T10:27:09.377+0000] {dag.py:3340} INFO - Setting next_dagrun for example_local_kubernetes_executor to None, run_after=None
[2024-04-16T10:27:09.407+0000] {processor.py:176} INFO - Processing /home/airflow/.local/lib/python3.7/site-packages/airflow/example_dags/example_local_kubernetes_executor.py took 0.200 seconds
[2024-04-16T10:27:39.570+0000] {processor.py:154} INFO - Started process (PID=613) to work on /home/airflow/.local/lib/python3.7/site-packages/airflow/example_dags/example_local_kubernetes_executor.py
[2024-04-16T10:27:39.572+0000] {processor.py:756} INFO - Processing file /home/airflow/.local/lib/python3.7/site-packages/airflow/example_dags/example_local_kubernetes_executor.py for tasks to queue
[2024-04-16T10:27:39.574+0000] {logging_mixin.py:120} INFO - [2024-04-16T10:27:39.574+0000] {dagbag.py:537} INFO - Filling up the DagBag from /home/airflow/.local/lib/python3.7/site-packages/airflow/example_dags/example_local_kubernetes_executor.py
[2024-04-16T10:27:39.620+0000] {processor.py:766} INFO - DAG(s) dict_keys(['example_local_kubernetes_executor']) retrieved from /home/airflow/.local/lib/python3.7/site-packages/airflow/example_dags/example_local_kubernetes_executor.py
[2024-04-16T10:27:39.682+0000] {logging_mixin.py:120} INFO - [2024-04-16T10:27:39.682+0000] {dag.py:2585} INFO - Sync 1 DAGs
[2024-04-16T10:27:39.725+0000] {logging_mixin.py:120} INFO - [2024-04-16T10:27:39.725+0000] {dag.py:3340} INFO - Setting next_dagrun for example_local_kubernetes_executor to None, run_after=None
[2024-04-16T10:27:39.762+0000] {processor.py:176} INFO - Processing /home/airflow/.local/lib/python3.7/site-packages/airflow/example_dags/example_local_kubernetes_executor.py took 0.200 seconds
[2024-04-16T13:04:07.103+0000] {processor.py:154} INFO - Started process (PID=694) to work on /home/airflow/.local/lib/python3.7/site-packages/airflow/example_dags/example_local_kubernetes_executor.py
[2024-04-16T13:04:07.115+0000] {processor.py:756} INFO - Processing file /home/airflow/.local/lib/python3.7/site-packages/airflow/example_dags/example_local_kubernetes_executor.py for tasks to queue
[2024-04-16T13:04:07.117+0000] {logging_mixin.py:120} INFO - [2024-04-16T13:04:07.117+0000] {dagbag.py:537} INFO - Filling up the DagBag from /home/airflow/.local/lib/python3.7/site-packages/airflow/example_dags/example_local_kubernetes_executor.py
[2024-04-16T13:04:07.199+0000] {processor.py:766} INFO - DAG(s) dict_keys(['example_local_kubernetes_executor']) retrieved from /home/airflow/.local/lib/python3.7/site-packages/airflow/example_dags/example_local_kubernetes_executor.py
[2024-04-16T13:04:07.353+0000] {logging_mixin.py:120} INFO - [2024-04-16T13:04:07.353+0000] {dag.py:2585} INFO - Sync 1 DAGs
[2024-04-16T13:04:07.458+0000] {logging_mixin.py:120} INFO - [2024-04-16T13:04:07.458+0000] {dag.py:3340} INFO - Setting next_dagrun for example_local_kubernetes_executor to None, run_after=None
[2024-04-16T13:04:07.513+0000] {processor.py:176} INFO - Processing /home/airflow/.local/lib/python3.7/site-packages/airflow/example_dags/example_local_kubernetes_executor.py took 0.424 seconds
[2024-04-16T13:04:37.747+0000] {processor.py:154} INFO - Started process (PID=763) to work on /home/airflow/.local/lib/python3.7/site-packages/airflow/example_dags/example_local_kubernetes_executor.py
[2024-04-16T13:04:37.751+0000] {processor.py:756} INFO - Processing file /home/airflow/.local/lib/python3.7/site-packages/airflow/example_dags/example_local_kubernetes_executor.py for tasks to queue
[2024-04-16T13:04:37.753+0000] {logging_mixin.py:120} INFO - [2024-04-16T13:04:37.753+0000] {dagbag.py:537} INFO - Filling up the DagBag from /home/airflow/.local/lib/python3.7/site-packages/airflow/example_dags/example_local_kubernetes_executor.py
[2024-04-16T13:04:37.796+0000] {processor.py:766} INFO - DAG(s) dict_keys(['example_local_kubernetes_executor']) retrieved from /home/airflow/.local/lib/python3.7/site-packages/airflow/example_dags/example_local_kubernetes_executor.py
[2024-04-16T13:04:37.873+0000] {logging_mixin.py:120} INFO - [2024-04-16T13:04:37.873+0000] {dag.py:2585} INFO - Sync 1 DAGs
[2024-04-16T13:04:37.917+0000] {logging_mixin.py:120} INFO - [2024-04-16T13:04:37.917+0000] {dag.py:3340} INFO - Setting next_dagrun for example_local_kubernetes_executor to None, run_after=None
[2024-04-16T13:04:37.951+0000] {processor.py:176} INFO - Processing /home/airflow/.local/lib/python3.7/site-packages/airflow/example_dags/example_local_kubernetes_executor.py took 0.212 seconds
[2024-04-16T13:05:08.016+0000] {processor.py:154} INFO - Started process (PID=831) to work on /home/airflow/.local/lib/python3.7/site-packages/airflow/example_dags/example_local_kubernetes_executor.py
[2024-04-16T13:05:08.019+0000] {processor.py:756} INFO - Processing file /home/airflow/.local/lib/python3.7/site-packages/airflow/example_dags/example_local_kubernetes_executor.py for tasks to queue
[2024-04-16T13:05:08.022+0000] {logging_mixin.py:120} INFO - [2024-04-16T13:05:08.022+0000] {dagbag.py:537} INFO - Filling up the DagBag from /home/airflow/.local/lib/python3.7/site-packages/airflow/example_dags/example_local_kubernetes_executor.py
[2024-04-16T13:05:08.068+0000] {processor.py:766} INFO - DAG(s) dict_keys(['example_local_kubernetes_executor']) retrieved from /home/airflow/.local/lib/python3.7/site-packages/airflow/example_dags/example_local_kubernetes_executor.py
[2024-04-16T13:05:08.143+0000] {logging_mixin.py:120} INFO - [2024-04-16T13:05:08.143+0000] {dag.py:2585} INFO - Sync 1 DAGs
[2024-04-16T13:05:08.211+0000] {logging_mixin.py:120} INFO - [2024-04-16T13:05:08.209+0000] {dag.py:3340} INFO - Setting next_dagrun for example_local_kubernetes_executor to None, run_after=None
[2024-04-16T13:05:08.252+0000] {processor.py:176} INFO - Processing /home/airflow/.local/lib/python3.7/site-packages/airflow/example_dags/example_local_kubernetes_executor.py took 0.244 seconds
[2024-04-16T13:05:38.614+0000] {processor.py:154} INFO - Started process (PID=911) to work on /home/airflow/.local/lib/python3.7/site-packages/airflow/example_dags/example_local_kubernetes_executor.py
[2024-04-16T13:05:38.616+0000] {processor.py:756} INFO - Processing file /home/airflow/.local/lib/python3.7/site-packages/airflow/example_dags/example_local_kubernetes_executor.py for tasks to queue
[2024-04-16T13:05:38.618+0000] {logging_mixin.py:120} INFO - [2024-04-16T13:05:38.618+0000] {dagbag.py:537} INFO - Filling up the DagBag from /home/airflow/.local/lib/python3.7/site-packages/airflow/example_dags/example_local_kubernetes_executor.py
[2024-04-16T13:05:38.656+0000] {processor.py:766} INFO - DAG(s) dict_keys(['example_local_kubernetes_executor']) retrieved from /home/airflow/.local/lib/python3.7/site-packages/airflow/example_dags/example_local_kubernetes_executor.py
[2024-04-16T13:05:38.724+0000] {logging_mixin.py:120} INFO - [2024-04-16T13:05:38.724+0000] {dag.py:2585} INFO - Sync 1 DAGs
[2024-04-16T13:05:38.785+0000] {logging_mixin.py:120} INFO - [2024-04-16T13:05:38.784+0000] {dag.py:3340} INFO - Setting next_dagrun for example_local_kubernetes_executor to None, run_after=None
[2024-04-16T13:05:38.825+0000] {processor.py:176} INFO - Processing /home/airflow/.local/lib/python3.7/site-packages/airflow/example_dags/example_local_kubernetes_executor.py took 0.218 seconds
[2024-04-16T13:06:09.771+0000] {processor.py:154} INFO - Started process (PID=990) to work on /home/airflow/.local/lib/python3.7/site-packages/airflow/example_dags/example_local_kubernetes_executor.py
[2024-04-16T13:06:09.775+0000] {processor.py:756} INFO - Processing file /home/airflow/.local/lib/python3.7/site-packages/airflow/example_dags/example_local_kubernetes_executor.py for tasks to queue
[2024-04-16T13:06:09.778+0000] {logging_mixin.py:120} INFO - [2024-04-16T13:06:09.778+0000] {dagbag.py:537} INFO - Filling up the DagBag from /home/airflow/.local/lib/python3.7/site-packages/airflow/example_dags/example_local_kubernetes_executor.py
[2024-04-16T13:06:09.823+0000] {processor.py:766} INFO - DAG(s) dict_keys(['example_local_kubernetes_executor']) retrieved from /home/airflow/.local/lib/python3.7/site-packages/airflow/example_dags/example_local_kubernetes_executor.py
[2024-04-16T13:06:09.917+0000] {logging_mixin.py:120} INFO - [2024-04-16T13:06:09.917+0000] {dag.py:2585} INFO - Sync 1 DAGs
[2024-04-16T13:06:10.151+0000] {logging_mixin.py:120} INFO - [2024-04-16T13:06:10.151+0000] {dag.py:3340} INFO - Setting next_dagrun for example_local_kubernetes_executor to None, run_after=None
[2024-04-16T13:06:10.194+0000] {processor.py:176} INFO - Processing /home/airflow/.local/lib/python3.7/site-packages/airflow/example_dags/example_local_kubernetes_executor.py took 0.433 seconds
[2024-04-16T13:06:40.807+0000] {processor.py:154} INFO - Started process (PID=1055) to work on /home/airflow/.local/lib/python3.7/site-packages/airflow/example_dags/example_local_kubernetes_executor.py
[2024-04-16T13:06:40.811+0000] {processor.py:756} INFO - Processing file /home/airflow/.local/lib/python3.7/site-packages/airflow/example_dags/example_local_kubernetes_executor.py for tasks to queue
[2024-04-16T13:06:40.814+0000] {logging_mixin.py:120} INFO - [2024-04-16T13:06:40.813+0000] {dagbag.py:537} INFO - Filling up the DagBag from /home/airflow/.local/lib/python3.7/site-packages/airflow/example_dags/example_local_kubernetes_executor.py
[2024-04-16T13:06:40.887+0000] {processor.py:766} INFO - DAG(s) dict_keys(['example_local_kubernetes_executor']) retrieved from /home/airflow/.local/lib/python3.7/site-packages/airflow/example_dags/example_local_kubernetes_executor.py
[2024-04-16T13:06:41.020+0000] {logging_mixin.py:120} INFO - [2024-04-16T13:06:41.020+0000] {dag.py:2585} INFO - Sync 1 DAGs
[2024-04-16T13:06:41.070+0000] {logging_mixin.py:120} INFO - [2024-04-16T13:06:41.069+0000] {dag.py:3340} INFO - Setting next_dagrun for example_local_kubernetes_executor to None, run_after=None
[2024-04-16T13:06:41.107+0000] {processor.py:176} INFO - Processing /home/airflow/.local/lib/python3.7/site-packages/airflow/example_dags/example_local_kubernetes_executor.py took 0.310 seconds
[2024-04-16T13:07:11.225+0000] {processor.py:154} INFO - Started process (PID=1126) to work on /home/airflow/.local/lib/python3.7/site-packages/airflow/example_dags/example_local_kubernetes_executor.py
[2024-04-16T13:07:11.227+0000] {processor.py:756} INFO - Processing file /home/airflow/.local/lib/python3.7/site-packages/airflow/example_dags/example_local_kubernetes_executor.py for tasks to queue
[2024-04-16T13:07:11.229+0000] {logging_mixin.py:120} INFO - [2024-04-16T13:07:11.228+0000] {dagbag.py:537} INFO - Filling up the DagBag from /home/airflow/.local/lib/python3.7/site-packages/airflow/example_dags/example_local_kubernetes_executor.py
[2024-04-16T13:07:11.292+0000] {processor.py:766} INFO - DAG(s) dict_keys(['example_local_kubernetes_executor']) retrieved from /home/airflow/.local/lib/python3.7/site-packages/airflow/example_dags/example_local_kubernetes_executor.py
[2024-04-16T13:07:11.374+0000] {logging_mixin.py:120} INFO - [2024-04-16T13:07:11.374+0000] {dag.py:2585} INFO - Sync 1 DAGs
[2024-04-16T13:07:11.419+0000] {logging_mixin.py:120} INFO - [2024-04-16T13:07:11.419+0000] {dag.py:3340} INFO - Setting next_dagrun for example_local_kubernetes_executor to None, run_after=None
[2024-04-16T13:07:11.450+0000] {processor.py:176} INFO - Processing /home/airflow/.local/lib/python3.7/site-packages/airflow/example_dags/example_local_kubernetes_executor.py took 0.231 seconds
[2024-04-16T13:07:41.769+0000] {processor.py:154} INFO - Started process (PID=1195) to work on /home/airflow/.local/lib/python3.7/site-packages/airflow/example_dags/example_local_kubernetes_executor.py
[2024-04-16T13:07:41.770+0000] {processor.py:756} INFO - Processing file /home/airflow/.local/lib/python3.7/site-packages/airflow/example_dags/example_local_kubernetes_executor.py for tasks to queue
[2024-04-16T13:07:41.772+0000] {logging_mixin.py:120} INFO - [2024-04-16T13:07:41.772+0000] {dagbag.py:537} INFO - Filling up the DagBag from /home/airflow/.local/lib/python3.7/site-packages/airflow/example_dags/example_local_kubernetes_executor.py
[2024-04-16T13:07:41.806+0000] {processor.py:766} INFO - DAG(s) dict_keys(['example_local_kubernetes_executor']) retrieved from /home/airflow/.local/lib/python3.7/site-packages/airflow/example_dags/example_local_kubernetes_executor.py
[2024-04-16T13:07:41.868+0000] {logging_mixin.py:120} INFO - [2024-04-16T13:07:41.867+0000] {dag.py:2585} INFO - Sync 1 DAGs
[2024-04-16T13:07:41.905+0000] {logging_mixin.py:120} INFO - [2024-04-16T13:07:41.905+0000] {dag.py:3340} INFO - Setting next_dagrun for example_local_kubernetes_executor to None, run_after=None
[2024-04-16T13:07:41.937+0000] {processor.py:176} INFO - Processing /home/airflow/.local/lib/python3.7/site-packages/airflow/example_dags/example_local_kubernetes_executor.py took 0.174 seconds
[2024-04-16T13:08:12.467+0000] {processor.py:154} INFO - Started process (PID=1273) to work on /home/airflow/.local/lib/python3.7/site-packages/airflow/example_dags/example_local_kubernetes_executor.py
[2024-04-16T13:08:12.477+0000] {processor.py:756} INFO - Processing file /home/airflow/.local/lib/python3.7/site-packages/airflow/example_dags/example_local_kubernetes_executor.py for tasks to queue
[2024-04-16T13:08:12.480+0000] {logging_mixin.py:120} INFO - [2024-04-16T13:08:12.480+0000] {dagbag.py:537} INFO - Filling up the DagBag from /home/airflow/.local/lib/python3.7/site-packages/airflow/example_dags/example_local_kubernetes_executor.py
[2024-04-16T13:08:12.542+0000] {processor.py:766} INFO - DAG(s) dict_keys(['example_local_kubernetes_executor']) retrieved from /home/airflow/.local/lib/python3.7/site-packages/airflow/example_dags/example_local_kubernetes_executor.py
[2024-04-16T13:08:12.616+0000] {logging_mixin.py:120} INFO - [2024-04-16T13:08:12.616+0000] {dag.py:2585} INFO - Sync 1 DAGs
[2024-04-16T13:08:12.673+0000] {logging_mixin.py:120} INFO - [2024-04-16T13:08:12.673+0000] {dag.py:3340} INFO - Setting next_dagrun for example_local_kubernetes_executor to None, run_after=None
[2024-04-16T13:08:12.710+0000] {processor.py:176} INFO - Processing /home/airflow/.local/lib/python3.7/site-packages/airflow/example_dags/example_local_kubernetes_executor.py took 0.263 seconds
[2024-04-16T13:08:43.226+0000] {processor.py:154} INFO - Started process (PID=1342) to work on /home/airflow/.local/lib/python3.7/site-packages/airflow/example_dags/example_local_kubernetes_executor.py
[2024-04-16T13:08:43.230+0000] {processor.py:756} INFO - Processing file /home/airflow/.local/lib/python3.7/site-packages/airflow/example_dags/example_local_kubernetes_executor.py for tasks to queue
[2024-04-16T13:08:43.234+0000] {logging_mixin.py:120} INFO - [2024-04-16T13:08:43.234+0000] {dagbag.py:537} INFO - Filling up the DagBag from /home/airflow/.local/lib/python3.7/site-packages/airflow/example_dags/example_local_kubernetes_executor.py
[2024-04-16T13:08:43.305+0000] {processor.py:766} INFO - DAG(s) dict_keys(['example_local_kubernetes_executor']) retrieved from /home/airflow/.local/lib/python3.7/site-packages/airflow/example_dags/example_local_kubernetes_executor.py
[2024-04-16T13:08:43.406+0000] {logging_mixin.py:120} INFO - [2024-04-16T13:08:43.406+0000] {dag.py:2585} INFO - Sync 1 DAGs
[2024-04-16T13:08:43.446+0000] {logging_mixin.py:120} INFO - [2024-04-16T13:08:43.446+0000] {dag.py:3340} INFO - Setting next_dagrun for example_local_kubernetes_executor to None, run_after=None
[2024-04-16T13:08:43.479+0000] {processor.py:176} INFO - Processing /home/airflow/.local/lib/python3.7/site-packages/airflow/example_dags/example_local_kubernetes_executor.py took 0.263 seconds
[2024-04-16T13:09:13.935+0000] {processor.py:154} INFO - Started process (PID=1421) to work on /home/airflow/.local/lib/python3.7/site-packages/airflow/example_dags/example_local_kubernetes_executor.py
[2024-04-16T13:09:13.946+0000] {processor.py:756} INFO - Processing file /home/airflow/.local/lib/python3.7/site-packages/airflow/example_dags/example_local_kubernetes_executor.py for tasks to queue
[2024-04-16T13:09:13.949+0000] {logging_mixin.py:120} INFO - [2024-04-16T13:09:13.949+0000] {dagbag.py:537} INFO - Filling up the DagBag from /home/airflow/.local/lib/python3.7/site-packages/airflow/example_dags/example_local_kubernetes_executor.py
[2024-04-16T13:09:13.996+0000] {processor.py:766} INFO - DAG(s) dict_keys(['example_local_kubernetes_executor']) retrieved from /home/airflow/.local/lib/python3.7/site-packages/airflow/example_dags/example_local_kubernetes_executor.py
[2024-04-16T13:09:14.058+0000] {logging_mixin.py:120} INFO - [2024-04-16T13:09:14.058+0000] {dag.py:2585} INFO - Sync 1 DAGs
[2024-04-16T13:09:14.100+0000] {logging_mixin.py:120} INFO - [2024-04-16T13:09:14.100+0000] {dag.py:3340} INFO - Setting next_dagrun for example_local_kubernetes_executor to None, run_after=None
[2024-04-16T13:09:14.129+0000] {processor.py:176} INFO - Processing /home/airflow/.local/lib/python3.7/site-packages/airflow/example_dags/example_local_kubernetes_executor.py took 0.204 seconds
[2024-04-16T13:09:45.586+0000] {processor.py:154} INFO - Started process (PID=1492) to work on /home/airflow/.local/lib/python3.7/site-packages/airflow/example_dags/example_local_kubernetes_executor.py
[2024-04-16T13:09:45.588+0000] {processor.py:756} INFO - Processing file /home/airflow/.local/lib/python3.7/site-packages/airflow/example_dags/example_local_kubernetes_executor.py for tasks to queue
[2024-04-16T13:09:45.591+0000] {logging_mixin.py:120} INFO - [2024-04-16T13:09:45.590+0000] {dagbag.py:537} INFO - Filling up the DagBag from /home/airflow/.local/lib/python3.7/site-packages/airflow/example_dags/example_local_kubernetes_executor.py
[2024-04-16T13:09:45.643+0000] {processor.py:766} INFO - DAG(s) dict_keys(['example_local_kubernetes_executor']) retrieved from /home/airflow/.local/lib/python3.7/site-packages/airflow/example_dags/example_local_kubernetes_executor.py
[2024-04-16T13:09:45.729+0000] {logging_mixin.py:120} INFO - [2024-04-16T13:09:45.729+0000] {dag.py:2585} INFO - Sync 1 DAGs
[2024-04-16T13:09:45.785+0000] {logging_mixin.py:120} INFO - [2024-04-16T13:09:45.785+0000] {dag.py:3340} INFO - Setting next_dagrun for example_local_kubernetes_executor to None, run_after=None
[2024-04-16T13:09:45.824+0000] {processor.py:176} INFO - Processing /home/airflow/.local/lib/python3.7/site-packages/airflow/example_dags/example_local_kubernetes_executor.py took 0.247 seconds
[2024-04-16T13:10:16.335+0000] {processor.py:154} INFO - Started process (PID=1572) to work on /home/airflow/.local/lib/python3.7/site-packages/airflow/example_dags/example_local_kubernetes_executor.py
[2024-04-16T13:10:16.338+0000] {processor.py:756} INFO - Processing file /home/airflow/.local/lib/python3.7/site-packages/airflow/example_dags/example_local_kubernetes_executor.py for tasks to queue
[2024-04-16T13:10:16.341+0000] {logging_mixin.py:120} INFO - [2024-04-16T13:10:16.340+0000] {dagbag.py:537} INFO - Filling up the DagBag from /home/airflow/.local/lib/python3.7/site-packages/airflow/example_dags/example_local_kubernetes_executor.py
[2024-04-16T13:10:16.400+0000] {processor.py:766} INFO - DAG(s) dict_keys(['example_local_kubernetes_executor']) retrieved from /home/airflow/.local/lib/python3.7/site-packages/airflow/example_dags/example_local_kubernetes_executor.py
[2024-04-16T13:10:16.494+0000] {logging_mixin.py:120} INFO - [2024-04-16T13:10:16.493+0000] {dag.py:2585} INFO - Sync 1 DAGs
[2024-04-16T13:10:16.538+0000] {logging_mixin.py:120} INFO - [2024-04-16T13:10:16.538+0000] {dag.py:3340} INFO - Setting next_dagrun for example_local_kubernetes_executor to None, run_after=None
[2024-04-16T13:10:16.582+0000] {processor.py:176} INFO - Processing /home/airflow/.local/lib/python3.7/site-packages/airflow/example_dags/example_local_kubernetes_executor.py took 0.256 seconds
[2024-04-16T13:10:46.934+0000] {processor.py:154} INFO - Started process (PID=1641) to work on /home/airflow/.local/lib/python3.7/site-packages/airflow/example_dags/example_local_kubernetes_executor.py
[2024-04-16T13:10:46.936+0000] {processor.py:756} INFO - Processing file /home/airflow/.local/lib/python3.7/site-packages/airflow/example_dags/example_local_kubernetes_executor.py for tasks to queue
[2024-04-16T13:10:46.938+0000] {logging_mixin.py:120} INFO - [2024-04-16T13:10:46.938+0000] {dagbag.py:537} INFO - Filling up the DagBag from /home/airflow/.local/lib/python3.7/site-packages/airflow/example_dags/example_local_kubernetes_executor.py
[2024-04-16T13:10:46.979+0000] {processor.py:766} INFO - DAG(s) dict_keys(['example_local_kubernetes_executor']) retrieved from /home/airflow/.local/lib/python3.7/site-packages/airflow/example_dags/example_local_kubernetes_executor.py
[2024-04-16T13:10:47.056+0000] {logging_mixin.py:120} INFO - [2024-04-16T13:10:47.055+0000] {dag.py:2585} INFO - Sync 1 DAGs
[2024-04-16T13:10:47.106+0000] {logging_mixin.py:120} INFO - [2024-04-16T13:10:47.106+0000] {dag.py:3340} INFO - Setting next_dagrun for example_local_kubernetes_executor to None, run_after=None
[2024-04-16T13:10:47.141+0000] {processor.py:176} INFO - Processing /home/airflow/.local/lib/python3.7/site-packages/airflow/example_dags/example_local_kubernetes_executor.py took 0.212 seconds
[2024-04-16T13:11:17.850+0000] {processor.py:154} INFO - Started process (PID=1717) to work on /home/airflow/.local/lib/python3.7/site-packages/airflow/example_dags/example_local_kubernetes_executor.py
[2024-04-16T13:11:17.875+0000] {processor.py:756} INFO - Processing file /home/airflow/.local/lib/python3.7/site-packages/airflow/example_dags/example_local_kubernetes_executor.py for tasks to queue
[2024-04-16T13:11:17.877+0000] {logging_mixin.py:120} INFO - [2024-04-16T13:11:17.877+0000] {dagbag.py:537} INFO - Filling up the DagBag from /home/airflow/.local/lib/python3.7/site-packages/airflow/example_dags/example_local_kubernetes_executor.py
[2024-04-16T13:11:18.094+0000] {processor.py:766} INFO - DAG(s) dict_keys(['example_local_kubernetes_executor']) retrieved from /home/airflow/.local/lib/python3.7/site-packages/airflow/example_dags/example_local_kubernetes_executor.py
[2024-04-16T13:11:18.363+0000] {logging_mixin.py:120} INFO - [2024-04-16T13:11:18.363+0000] {dag.py:2585} INFO - Sync 1 DAGs
[2024-04-16T13:11:18.508+0000] {logging_mixin.py:120} INFO - [2024-04-16T13:11:18.508+0000] {dag.py:3340} INFO - Setting next_dagrun for example_local_kubernetes_executor to None, run_after=None
[2024-04-16T13:11:18.591+0000] {processor.py:176} INFO - Processing /home/airflow/.local/lib/python3.7/site-packages/airflow/example_dags/example_local_kubernetes_executor.py took 0.763 seconds
[2024-04-16T13:11:49.323+0000] {processor.py:154} INFO - Started process (PID=1788) to work on /home/airflow/.local/lib/python3.7/site-packages/airflow/example_dags/example_local_kubernetes_executor.py
[2024-04-16T13:11:49.325+0000] {processor.py:756} INFO - Processing file /home/airflow/.local/lib/python3.7/site-packages/airflow/example_dags/example_local_kubernetes_executor.py for tasks to queue
[2024-04-16T13:11:49.327+0000] {logging_mixin.py:120} INFO - [2024-04-16T13:11:49.327+0000] {dagbag.py:537} INFO - Filling up the DagBag from /home/airflow/.local/lib/python3.7/site-packages/airflow/example_dags/example_local_kubernetes_executor.py
[2024-04-16T13:11:49.367+0000] {processor.py:766} INFO - DAG(s) dict_keys(['example_local_kubernetes_executor']) retrieved from /home/airflow/.local/lib/python3.7/site-packages/airflow/example_dags/example_local_kubernetes_executor.py
[2024-04-16T13:11:49.432+0000] {logging_mixin.py:120} INFO - [2024-04-16T13:11:49.431+0000] {dag.py:2585} INFO - Sync 1 DAGs
[2024-04-16T13:11:49.473+0000] {logging_mixin.py:120} INFO - [2024-04-16T13:11:49.472+0000] {dag.py:3340} INFO - Setting next_dagrun for example_local_kubernetes_executor to None, run_after=None
[2024-04-16T13:11:49.504+0000] {processor.py:176} INFO - Processing /home/airflow/.local/lib/python3.7/site-packages/airflow/example_dags/example_local_kubernetes_executor.py took 0.187 seconds
[2024-04-16T13:12:19.684+0000] {processor.py:154} INFO - Started process (PID=1857) to work on /home/airflow/.local/lib/python3.7/site-packages/airflow/example_dags/example_local_kubernetes_executor.py
[2024-04-16T13:12:19.686+0000] {processor.py:756} INFO - Processing file /home/airflow/.local/lib/python3.7/site-packages/airflow/example_dags/example_local_kubernetes_executor.py for tasks to queue
[2024-04-16T13:12:19.688+0000] {logging_mixin.py:120} INFO - [2024-04-16T13:12:19.688+0000] {dagbag.py:537} INFO - Filling up the DagBag from /home/airflow/.local/lib/python3.7/site-packages/airflow/example_dags/example_local_kubernetes_executor.py
[2024-04-16T13:12:19.731+0000] {processor.py:766} INFO - DAG(s) dict_keys(['example_local_kubernetes_executor']) retrieved from /home/airflow/.local/lib/python3.7/site-packages/airflow/example_dags/example_local_kubernetes_executor.py
[2024-04-16T13:12:19.798+0000] {logging_mixin.py:120} INFO - [2024-04-16T13:12:19.798+0000] {dag.py:2585} INFO - Sync 1 DAGs
[2024-04-16T13:12:19.836+0000] {logging_mixin.py:120} INFO - [2024-04-16T13:12:19.836+0000] {dag.py:3340} INFO - Setting next_dagrun for example_local_kubernetes_executor to None, run_after=None
[2024-04-16T13:12:19.870+0000] {processor.py:176} INFO - Processing /home/airflow/.local/lib/python3.7/site-packages/airflow/example_dags/example_local_kubernetes_executor.py took 0.193 seconds
[2024-04-16T13:12:50.534+0000] {processor.py:154} INFO - Started process (PID=1934) to work on /home/airflow/.local/lib/python3.7/site-packages/airflow/example_dags/example_local_kubernetes_executor.py
[2024-04-16T13:12:50.536+0000] {processor.py:756} INFO - Processing file /home/airflow/.local/lib/python3.7/site-packages/airflow/example_dags/example_local_kubernetes_executor.py for tasks to queue
[2024-04-16T13:12:50.539+0000] {logging_mixin.py:120} INFO - [2024-04-16T13:12:50.538+0000] {dagbag.py:537} INFO - Filling up the DagBag from /home/airflow/.local/lib/python3.7/site-packages/airflow/example_dags/example_local_kubernetes_executor.py
[2024-04-16T13:12:50.578+0000] {processor.py:766} INFO - DAG(s) dict_keys(['example_local_kubernetes_executor']) retrieved from /home/airflow/.local/lib/python3.7/site-packages/airflow/example_dags/example_local_kubernetes_executor.py
[2024-04-16T13:12:50.705+0000] {logging_mixin.py:120} INFO - [2024-04-16T13:12:50.705+0000] {dag.py:2585} INFO - Sync 1 DAGs
[2024-04-16T13:12:50.756+0000] {logging_mixin.py:120} INFO - [2024-04-16T13:12:50.755+0000] {dag.py:3340} INFO - Setting next_dagrun for example_local_kubernetes_executor to None, run_after=None
[2024-04-16T13:12:50.791+0000] {processor.py:176} INFO - Processing /home/airflow/.local/lib/python3.7/site-packages/airflow/example_dags/example_local_kubernetes_executor.py took 0.264 seconds
[2024-04-16T13:13:21.089+0000] {processor.py:154} INFO - Started process (PID=2003) to work on /home/airflow/.local/lib/python3.7/site-packages/airflow/example_dags/example_local_kubernetes_executor.py
[2024-04-16T13:13:21.091+0000] {processor.py:756} INFO - Processing file /home/airflow/.local/lib/python3.7/site-packages/airflow/example_dags/example_local_kubernetes_executor.py for tasks to queue
[2024-04-16T13:13:21.094+0000] {logging_mixin.py:120} INFO - [2024-04-16T13:13:21.094+0000] {dagbag.py:537} INFO - Filling up the DagBag from /home/airflow/.local/lib/python3.7/site-packages/airflow/example_dags/example_local_kubernetes_executor.py
[2024-04-16T13:13:21.132+0000] {processor.py:766} INFO - DAG(s) dict_keys(['example_local_kubernetes_executor']) retrieved from /home/airflow/.local/lib/python3.7/site-packages/airflow/example_dags/example_local_kubernetes_executor.py
[2024-04-16T13:13:21.208+0000] {logging_mixin.py:120} INFO - [2024-04-16T13:13:21.207+0000] {dag.py:2585} INFO - Sync 1 DAGs
[2024-04-16T13:13:21.277+0000] {logging_mixin.py:120} INFO - [2024-04-16T13:13:21.277+0000] {dag.py:3340} INFO - Setting next_dagrun for example_local_kubernetes_executor to None, run_after=None
[2024-04-16T13:13:21.325+0000] {processor.py:176} INFO - Processing /home/airflow/.local/lib/python3.7/site-packages/airflow/example_dags/example_local_kubernetes_executor.py took 0.242 seconds
[2024-04-16T13:13:52.529+0000] {processor.py:154} INFO - Started process (PID=2079) to work on /home/airflow/.local/lib/python3.7/site-packages/airflow/example_dags/example_local_kubernetes_executor.py
[2024-04-16T13:13:52.531+0000] {processor.py:756} INFO - Processing file /home/airflow/.local/lib/python3.7/site-packages/airflow/example_dags/example_local_kubernetes_executor.py for tasks to queue
[2024-04-16T13:13:52.533+0000] {logging_mixin.py:120} INFO - [2024-04-16T13:13:52.533+0000] {dagbag.py:537} INFO - Filling up the DagBag from /home/airflow/.local/lib/python3.7/site-packages/airflow/example_dags/example_local_kubernetes_executor.py
[2024-04-16T13:13:52.576+0000] {processor.py:766} INFO - DAG(s) dict_keys(['example_local_kubernetes_executor']) retrieved from /home/airflow/.local/lib/python3.7/site-packages/airflow/example_dags/example_local_kubernetes_executor.py
[2024-04-16T13:13:52.650+0000] {logging_mixin.py:120} INFO - [2024-04-16T13:13:52.650+0000] {dag.py:2585} INFO - Sync 1 DAGs
[2024-04-16T13:13:52.694+0000] {logging_mixin.py:120} INFO - [2024-04-16T13:13:52.693+0000] {dag.py:3340} INFO - Setting next_dagrun for example_local_kubernetes_executor to None, run_after=None
[2024-04-16T13:13:52.726+0000] {processor.py:176} INFO - Processing /home/airflow/.local/lib/python3.7/site-packages/airflow/example_dags/example_local_kubernetes_executor.py took 0.203 seconds
[2024-04-16T13:14:23.421+0000] {processor.py:154} INFO - Started process (PID=2148) to work on /home/airflow/.local/lib/python3.7/site-packages/airflow/example_dags/example_local_kubernetes_executor.py
[2024-04-16T13:14:23.424+0000] {processor.py:756} INFO - Processing file /home/airflow/.local/lib/python3.7/site-packages/airflow/example_dags/example_local_kubernetes_executor.py for tasks to queue
[2024-04-16T13:14:23.427+0000] {logging_mixin.py:120} INFO - [2024-04-16T13:14:23.426+0000] {dagbag.py:537} INFO - Filling up the DagBag from /home/airflow/.local/lib/python3.7/site-packages/airflow/example_dags/example_local_kubernetes_executor.py
[2024-04-16T13:14:23.465+0000] {processor.py:766} INFO - DAG(s) dict_keys(['example_local_kubernetes_executor']) retrieved from /home/airflow/.local/lib/python3.7/site-packages/airflow/example_dags/example_local_kubernetes_executor.py
[2024-04-16T13:14:23.529+0000] {logging_mixin.py:120} INFO - [2024-04-16T13:14:23.529+0000] {dag.py:2585} INFO - Sync 1 DAGs
[2024-04-16T13:14:23.567+0000] {logging_mixin.py:120} INFO - [2024-04-16T13:14:23.567+0000] {dag.py:3340} INFO - Setting next_dagrun for example_local_kubernetes_executor to None, run_after=None
[2024-04-16T13:14:23.598+0000] {processor.py:176} INFO - Processing /home/airflow/.local/lib/python3.7/site-packages/airflow/example_dags/example_local_kubernetes_executor.py took 0.189 seconds
[2024-04-16T13:14:53.737+0000] {processor.py:154} INFO - Started process (PID=2223) to work on /home/airflow/.local/lib/python3.7/site-packages/airflow/example_dags/example_local_kubernetes_executor.py
[2024-04-16T13:14:53.739+0000] {processor.py:756} INFO - Processing file /home/airflow/.local/lib/python3.7/site-packages/airflow/example_dags/example_local_kubernetes_executor.py for tasks to queue
[2024-04-16T13:14:53.741+0000] {logging_mixin.py:120} INFO - [2024-04-16T13:14:53.741+0000] {dagbag.py:537} INFO - Filling up the DagBag from /home/airflow/.local/lib/python3.7/site-packages/airflow/example_dags/example_local_kubernetes_executor.py
[2024-04-16T13:14:53.776+0000] {processor.py:766} INFO - DAG(s) dict_keys(['example_local_kubernetes_executor']) retrieved from /home/airflow/.local/lib/python3.7/site-packages/airflow/example_dags/example_local_kubernetes_executor.py
[2024-04-16T13:14:53.836+0000] {logging_mixin.py:120} INFO - [2024-04-16T13:14:53.836+0000] {dag.py:2585} INFO - Sync 1 DAGs
[2024-04-16T13:14:53.874+0000] {logging_mixin.py:120} INFO - [2024-04-16T13:14:53.873+0000] {dag.py:3340} INFO - Setting next_dagrun for example_local_kubernetes_executor to None, run_after=None
[2024-04-16T13:14:53.905+0000] {processor.py:176} INFO - Processing /home/airflow/.local/lib/python3.7/site-packages/airflow/example_dags/example_local_kubernetes_executor.py took 0.175 seconds
[2024-04-16T13:15:24.093+0000] {processor.py:154} INFO - Started process (PID=2291) to work on /home/airflow/.local/lib/python3.7/site-packages/airflow/example_dags/example_local_kubernetes_executor.py
[2024-04-16T13:15:24.096+0000] {processor.py:756} INFO - Processing file /home/airflow/.local/lib/python3.7/site-packages/airflow/example_dags/example_local_kubernetes_executor.py for tasks to queue
[2024-04-16T13:15:24.098+0000] {logging_mixin.py:120} INFO - [2024-04-16T13:15:24.098+0000] {dagbag.py:537} INFO - Filling up the DagBag from /home/airflow/.local/lib/python3.7/site-packages/airflow/example_dags/example_local_kubernetes_executor.py
[2024-04-16T13:15:24.136+0000] {processor.py:766} INFO - DAG(s) dict_keys(['example_local_kubernetes_executor']) retrieved from /home/airflow/.local/lib/python3.7/site-packages/airflow/example_dags/example_local_kubernetes_executor.py
[2024-04-16T13:15:24.196+0000] {logging_mixin.py:120} INFO - [2024-04-16T13:15:24.196+0000] {dag.py:2585} INFO - Sync 1 DAGs
[2024-04-16T13:15:24.236+0000] {logging_mixin.py:120} INFO - [2024-04-16T13:15:24.235+0000] {dag.py:3340} INFO - Setting next_dagrun for example_local_kubernetes_executor to None, run_after=None
[2024-04-16T13:15:24.272+0000] {processor.py:176} INFO - Processing /home/airflow/.local/lib/python3.7/site-packages/airflow/example_dags/example_local_kubernetes_executor.py took 0.184 seconds
[2024-04-16T13:15:54.505+0000] {processor.py:154} INFO - Started process (PID=2367) to work on /home/airflow/.local/lib/python3.7/site-packages/airflow/example_dags/example_local_kubernetes_executor.py
[2024-04-16T13:15:54.508+0000] {processor.py:756} INFO - Processing file /home/airflow/.local/lib/python3.7/site-packages/airflow/example_dags/example_local_kubernetes_executor.py for tasks to queue
[2024-04-16T13:15:54.511+0000] {logging_mixin.py:120} INFO - [2024-04-16T13:15:54.511+0000] {dagbag.py:537} INFO - Filling up the DagBag from /home/airflow/.local/lib/python3.7/site-packages/airflow/example_dags/example_local_kubernetes_executor.py
[2024-04-16T13:15:54.572+0000] {processor.py:766} INFO - DAG(s) dict_keys(['example_local_kubernetes_executor']) retrieved from /home/airflow/.local/lib/python3.7/site-packages/airflow/example_dags/example_local_kubernetes_executor.py
[2024-04-16T13:15:54.646+0000] {logging_mixin.py:120} INFO - [2024-04-16T13:15:54.645+0000] {dag.py:2585} INFO - Sync 1 DAGs
[2024-04-16T13:15:54.694+0000] {logging_mixin.py:120} INFO - [2024-04-16T13:15:54.694+0000] {dag.py:3340} INFO - Setting next_dagrun for example_local_kubernetes_executor to None, run_after=None
[2024-04-16T13:15:54.746+0000] {processor.py:176} INFO - Processing /home/airflow/.local/lib/python3.7/site-packages/airflow/example_dags/example_local_kubernetes_executor.py took 0.248 seconds
[2024-04-16T13:16:25.008+0000] {processor.py:154} INFO - Started process (PID=2445) to work on /home/airflow/.local/lib/python3.7/site-packages/airflow/example_dags/example_local_kubernetes_executor.py
[2024-04-16T13:16:25.012+0000] {processor.py:756} INFO - Processing file /home/airflow/.local/lib/python3.7/site-packages/airflow/example_dags/example_local_kubernetes_executor.py for tasks to queue
[2024-04-16T13:16:25.014+0000] {logging_mixin.py:120} INFO - [2024-04-16T13:16:25.013+0000] {dagbag.py:537} INFO - Filling up the DagBag from /home/airflow/.local/lib/python3.7/site-packages/airflow/example_dags/example_local_kubernetes_executor.py
[2024-04-16T13:16:25.050+0000] {processor.py:766} INFO - DAG(s) dict_keys(['example_local_kubernetes_executor']) retrieved from /home/airflow/.local/lib/python3.7/site-packages/airflow/example_dags/example_local_kubernetes_executor.py
[2024-04-16T13:16:25.143+0000] {logging_mixin.py:120} INFO - [2024-04-16T13:16:25.142+0000] {dag.py:2585} INFO - Sync 1 DAGs
[2024-04-16T13:16:25.181+0000] {logging_mixin.py:120} INFO - [2024-04-16T13:16:25.181+0000] {dag.py:3340} INFO - Setting next_dagrun for example_local_kubernetes_executor to None, run_after=None
[2024-04-16T13:16:25.212+0000] {processor.py:176} INFO - Processing /home/airflow/.local/lib/python3.7/site-packages/airflow/example_dags/example_local_kubernetes_executor.py took 0.211 seconds
[2024-04-16T13:16:55.516+0000] {processor.py:154} INFO - Started process (PID=2513) to work on /home/airflow/.local/lib/python3.7/site-packages/airflow/example_dags/example_local_kubernetes_executor.py
[2024-04-16T13:16:55.541+0000] {processor.py:756} INFO - Processing file /home/airflow/.local/lib/python3.7/site-packages/airflow/example_dags/example_local_kubernetes_executor.py for tasks to queue
[2024-04-16T13:16:55.544+0000] {logging_mixin.py:120} INFO - [2024-04-16T13:16:55.544+0000] {dagbag.py:537} INFO - Filling up the DagBag from /home/airflow/.local/lib/python3.7/site-packages/airflow/example_dags/example_local_kubernetes_executor.py
[2024-04-16T13:16:55.672+0000] {processor.py:766} INFO - DAG(s) dict_keys(['example_local_kubernetes_executor']) retrieved from /home/airflow/.local/lib/python3.7/site-packages/airflow/example_dags/example_local_kubernetes_executor.py
[2024-04-16T13:16:55.762+0000] {logging_mixin.py:120} INFO - [2024-04-16T13:16:55.762+0000] {dag.py:2585} INFO - Sync 1 DAGs
[2024-04-16T13:16:55.844+0000] {logging_mixin.py:120} INFO - [2024-04-16T13:16:55.844+0000] {dag.py:3340} INFO - Setting next_dagrun for example_local_kubernetes_executor to None, run_after=None
[2024-04-16T13:16:55.909+0000] {processor.py:176} INFO - Processing /home/airflow/.local/lib/python3.7/site-packages/airflow/example_dags/example_local_kubernetes_executor.py took 0.409 seconds
[2024-04-16T13:17:26.117+0000] {processor.py:154} INFO - Started process (PID=2591) to work on /home/airflow/.local/lib/python3.7/site-packages/airflow/example_dags/example_local_kubernetes_executor.py
[2024-04-16T13:17:26.119+0000] {processor.py:756} INFO - Processing file /home/airflow/.local/lib/python3.7/site-packages/airflow/example_dags/example_local_kubernetes_executor.py for tasks to queue
[2024-04-16T13:17:26.122+0000] {logging_mixin.py:120} INFO - [2024-04-16T13:17:26.122+0000] {dagbag.py:537} INFO - Filling up the DagBag from /home/airflow/.local/lib/python3.7/site-packages/airflow/example_dags/example_local_kubernetes_executor.py
[2024-04-16T13:17:26.168+0000] {processor.py:766} INFO - DAG(s) dict_keys(['example_local_kubernetes_executor']) retrieved from /home/airflow/.local/lib/python3.7/site-packages/airflow/example_dags/example_local_kubernetes_executor.py
[2024-04-16T13:17:26.233+0000] {logging_mixin.py:120} INFO - [2024-04-16T13:17:26.233+0000] {dag.py:2585} INFO - Sync 1 DAGs
[2024-04-16T13:17:26.274+0000] {logging_mixin.py:120} INFO - [2024-04-16T13:17:26.273+0000] {dag.py:3340} INFO - Setting next_dagrun for example_local_kubernetes_executor to None, run_after=None
[2024-04-16T13:17:26.305+0000] {processor.py:176} INFO - Processing /home/airflow/.local/lib/python3.7/site-packages/airflow/example_dags/example_local_kubernetes_executor.py took 0.194 seconds
[2024-04-16T13:17:56.508+0000] {processor.py:154} INFO - Started process (PID=2660) to work on /home/airflow/.local/lib/python3.7/site-packages/airflow/example_dags/example_local_kubernetes_executor.py
[2024-04-16T13:17:56.514+0000] {processor.py:756} INFO - Processing file /home/airflow/.local/lib/python3.7/site-packages/airflow/example_dags/example_local_kubernetes_executor.py for tasks to queue
[2024-04-16T13:17:56.517+0000] {logging_mixin.py:120} INFO - [2024-04-16T13:17:56.516+0000] {dagbag.py:537} INFO - Filling up the DagBag from /home/airflow/.local/lib/python3.7/site-packages/airflow/example_dags/example_local_kubernetes_executor.py
[2024-04-16T13:17:56.581+0000] {processor.py:766} INFO - DAG(s) dict_keys(['example_local_kubernetes_executor']) retrieved from /home/airflow/.local/lib/python3.7/site-packages/airflow/example_dags/example_local_kubernetes_executor.py
[2024-04-16T13:17:56.651+0000] {logging_mixin.py:120} INFO - [2024-04-16T13:17:56.650+0000] {dag.py:2585} INFO - Sync 1 DAGs
[2024-04-16T13:17:56.690+0000] {logging_mixin.py:120} INFO - [2024-04-16T13:17:56.690+0000] {dag.py:3340} INFO - Setting next_dagrun for example_local_kubernetes_executor to None, run_after=None
[2024-04-16T13:17:56.725+0000] {processor.py:176} INFO - Processing /home/airflow/.local/lib/python3.7/site-packages/airflow/example_dags/example_local_kubernetes_executor.py took 0.225 seconds
[2024-04-16T13:18:26.945+0000] {processor.py:154} INFO - Started process (PID=2738) to work on /home/airflow/.local/lib/python3.7/site-packages/airflow/example_dags/example_local_kubernetes_executor.py
[2024-04-16T13:18:26.946+0000] {processor.py:756} INFO - Processing file /home/airflow/.local/lib/python3.7/site-packages/airflow/example_dags/example_local_kubernetes_executor.py for tasks to queue
[2024-04-16T13:18:26.948+0000] {logging_mixin.py:120} INFO - [2024-04-16T13:18:26.948+0000] {dagbag.py:537} INFO - Filling up the DagBag from /home/airflow/.local/lib/python3.7/site-packages/airflow/example_dags/example_local_kubernetes_executor.py
[2024-04-16T13:18:27.011+0000] {processor.py:766} INFO - DAG(s) dict_keys(['example_local_kubernetes_executor']) retrieved from /home/airflow/.local/lib/python3.7/site-packages/airflow/example_dags/example_local_kubernetes_executor.py
[2024-04-16T13:18:27.071+0000] {logging_mixin.py:120} INFO - [2024-04-16T13:18:27.070+0000] {dag.py:2585} INFO - Sync 1 DAGs
[2024-04-16T13:18:27.110+0000] {logging_mixin.py:120} INFO - [2024-04-16T13:18:27.110+0000] {dag.py:3340} INFO - Setting next_dagrun for example_local_kubernetes_executor to None, run_after=None
[2024-04-16T13:18:27.139+0000] {processor.py:176} INFO - Processing /home/airflow/.local/lib/python3.7/site-packages/airflow/example_dags/example_local_kubernetes_executor.py took 0.202 seconds
[2024-04-16T13:18:57.405+0000] {processor.py:154} INFO - Started process (PID=2807) to work on /home/airflow/.local/lib/python3.7/site-packages/airflow/example_dags/example_local_kubernetes_executor.py
[2024-04-16T13:18:57.407+0000] {processor.py:756} INFO - Processing file /home/airflow/.local/lib/python3.7/site-packages/airflow/example_dags/example_local_kubernetes_executor.py for tasks to queue
[2024-04-16T13:18:57.409+0000] {logging_mixin.py:120} INFO - [2024-04-16T13:18:57.409+0000] {dagbag.py:537} INFO - Filling up the DagBag from /home/airflow/.local/lib/python3.7/site-packages/airflow/example_dags/example_local_kubernetes_executor.py
[2024-04-16T13:18:57.446+0000] {processor.py:766} INFO - DAG(s) dict_keys(['example_local_kubernetes_executor']) retrieved from /home/airflow/.local/lib/python3.7/site-packages/airflow/example_dags/example_local_kubernetes_executor.py
[2024-04-16T13:18:57.523+0000] {logging_mixin.py:120} INFO - [2024-04-16T13:18:57.523+0000] {dag.py:2585} INFO - Sync 1 DAGs
[2024-04-16T13:18:57.567+0000] {logging_mixin.py:120} INFO - [2024-04-16T13:18:57.567+0000] {dag.py:3340} INFO - Setting next_dagrun for example_local_kubernetes_executor to None, run_after=None
[2024-04-16T13:18:57.600+0000] {processor.py:176} INFO - Processing /home/airflow/.local/lib/python3.7/site-packages/airflow/example_dags/example_local_kubernetes_executor.py took 0.201 seconds
[2024-04-16T13:19:27.857+0000] {processor.py:154} INFO - Started process (PID=2884) to work on /home/airflow/.local/lib/python3.7/site-packages/airflow/example_dags/example_local_kubernetes_executor.py
[2024-04-16T13:19:27.859+0000] {processor.py:756} INFO - Processing file /home/airflow/.local/lib/python3.7/site-packages/airflow/example_dags/example_local_kubernetes_executor.py for tasks to queue
[2024-04-16T13:19:27.861+0000] {logging_mixin.py:120} INFO - [2024-04-16T13:19:27.861+0000] {dagbag.py:537} INFO - Filling up the DagBag from /home/airflow/.local/lib/python3.7/site-packages/airflow/example_dags/example_local_kubernetes_executor.py
[2024-04-16T13:19:27.903+0000] {processor.py:766} INFO - DAG(s) dict_keys(['example_local_kubernetes_executor']) retrieved from /home/airflow/.local/lib/python3.7/site-packages/airflow/example_dags/example_local_kubernetes_executor.py
[2024-04-16T13:19:27.979+0000] {logging_mixin.py:120} INFO - [2024-04-16T13:19:27.978+0000] {dag.py:2585} INFO - Sync 1 DAGs
[2024-04-16T13:19:28.036+0000] {logging_mixin.py:120} INFO - [2024-04-16T13:19:28.036+0000] {dag.py:3340} INFO - Setting next_dagrun for example_local_kubernetes_executor to None, run_after=None
[2024-04-16T13:19:28.086+0000] {processor.py:176} INFO - Processing /home/airflow/.local/lib/python3.7/site-packages/airflow/example_dags/example_local_kubernetes_executor.py took 0.237 seconds
[2024-04-16T13:19:58.320+0000] {processor.py:154} INFO - Started process (PID=2953) to work on /home/airflow/.local/lib/python3.7/site-packages/airflow/example_dags/example_local_kubernetes_executor.py
[2024-04-16T13:19:58.322+0000] {processor.py:756} INFO - Processing file /home/airflow/.local/lib/python3.7/site-packages/airflow/example_dags/example_local_kubernetes_executor.py for tasks to queue
[2024-04-16T13:19:58.324+0000] {logging_mixin.py:120} INFO - [2024-04-16T13:19:58.324+0000] {dagbag.py:537} INFO - Filling up the DagBag from /home/airflow/.local/lib/python3.7/site-packages/airflow/example_dags/example_local_kubernetes_executor.py
[2024-04-16T13:19:58.359+0000] {processor.py:766} INFO - DAG(s) dict_keys(['example_local_kubernetes_executor']) retrieved from /home/airflow/.local/lib/python3.7/site-packages/airflow/example_dags/example_local_kubernetes_executor.py
[2024-04-16T13:19:58.437+0000] {logging_mixin.py:120} INFO - [2024-04-16T13:19:58.436+0000] {dag.py:2585} INFO - Sync 1 DAGs
[2024-04-16T13:19:58.496+0000] {logging_mixin.py:120} INFO - [2024-04-16T13:19:58.496+0000] {dag.py:3340} INFO - Setting next_dagrun for example_local_kubernetes_executor to None, run_after=None
[2024-04-16T13:19:58.529+0000] {processor.py:176} INFO - Processing /home/airflow/.local/lib/python3.7/site-packages/airflow/example_dags/example_local_kubernetes_executor.py took 0.215 seconds
[2024-04-16T13:20:29.152+0000] {processor.py:154} INFO - Started process (PID=3029) to work on /home/airflow/.local/lib/python3.7/site-packages/airflow/example_dags/example_local_kubernetes_executor.py
[2024-04-16T13:20:29.154+0000] {processor.py:756} INFO - Processing file /home/airflow/.local/lib/python3.7/site-packages/airflow/example_dags/example_local_kubernetes_executor.py for tasks to queue
[2024-04-16T13:20:29.156+0000] {logging_mixin.py:120} INFO - [2024-04-16T13:20:29.156+0000] {dagbag.py:537} INFO - Filling up the DagBag from /home/airflow/.local/lib/python3.7/site-packages/airflow/example_dags/example_local_kubernetes_executor.py
[2024-04-16T13:20:29.193+0000] {processor.py:766} INFO - DAG(s) dict_keys(['example_local_kubernetes_executor']) retrieved from /home/airflow/.local/lib/python3.7/site-packages/airflow/example_dags/example_local_kubernetes_executor.py
[2024-04-16T13:20:29.257+0000] {logging_mixin.py:120} INFO - [2024-04-16T13:20:29.257+0000] {dag.py:2585} INFO - Sync 1 DAGs
[2024-04-16T13:20:29.296+0000] {logging_mixin.py:120} INFO - [2024-04-16T13:20:29.296+0000] {dag.py:3340} INFO - Setting next_dagrun for example_local_kubernetes_executor to None, run_after=None
[2024-04-16T13:20:29.325+0000] {processor.py:176} INFO - Processing /home/airflow/.local/lib/python3.7/site-packages/airflow/example_dags/example_local_kubernetes_executor.py took 0.178 seconds
[2024-04-16T13:20:59.604+0000] {processor.py:154} INFO - Started process (PID=3098) to work on /home/airflow/.local/lib/python3.7/site-packages/airflow/example_dags/example_local_kubernetes_executor.py
[2024-04-16T13:20:59.607+0000] {processor.py:756} INFO - Processing file /home/airflow/.local/lib/python3.7/site-packages/airflow/example_dags/example_local_kubernetes_executor.py for tasks to queue
[2024-04-16T13:20:59.608+0000] {logging_mixin.py:120} INFO - [2024-04-16T13:20:59.608+0000] {dagbag.py:537} INFO - Filling up the DagBag from /home/airflow/.local/lib/python3.7/site-packages/airflow/example_dags/example_local_kubernetes_executor.py
[2024-04-16T13:20:59.648+0000] {processor.py:766} INFO - DAG(s) dict_keys(['example_local_kubernetes_executor']) retrieved from /home/airflow/.local/lib/python3.7/site-packages/airflow/example_dags/example_local_kubernetes_executor.py
[2024-04-16T13:20:59.713+0000] {logging_mixin.py:120} INFO - [2024-04-16T13:20:59.713+0000] {dag.py:2585} INFO - Sync 1 DAGs
[2024-04-16T13:20:59.759+0000] {logging_mixin.py:120} INFO - [2024-04-16T13:20:59.759+0000] {dag.py:3340} INFO - Setting next_dagrun for example_local_kubernetes_executor to None, run_after=None
[2024-04-16T13:20:59.793+0000] {processor.py:176} INFO - Processing /home/airflow/.local/lib/python3.7/site-packages/airflow/example_dags/example_local_kubernetes_executor.py took 0.195 seconds
[2024-04-16T13:21:31.016+0000] {processor.py:154} INFO - Started process (PID=3177) to work on /home/airflow/.local/lib/python3.7/site-packages/airflow/example_dags/example_local_kubernetes_executor.py
[2024-04-16T13:21:31.019+0000] {processor.py:756} INFO - Processing file /home/airflow/.local/lib/python3.7/site-packages/airflow/example_dags/example_local_kubernetes_executor.py for tasks to queue
[2024-04-16T13:21:31.023+0000] {logging_mixin.py:120} INFO - [2024-04-16T13:21:31.023+0000] {dagbag.py:537} INFO - Filling up the DagBag from /home/airflow/.local/lib/python3.7/site-packages/airflow/example_dags/example_local_kubernetes_executor.py
[2024-04-16T13:21:31.076+0000] {processor.py:766} INFO - DAG(s) dict_keys(['example_local_kubernetes_executor']) retrieved from /home/airflow/.local/lib/python3.7/site-packages/airflow/example_dags/example_local_kubernetes_executor.py
[2024-04-16T13:21:31.186+0000] {logging_mixin.py:120} INFO - [2024-04-16T13:21:31.186+0000] {dag.py:2585} INFO - Sync 1 DAGs
[2024-04-16T13:21:31.252+0000] {logging_mixin.py:120} INFO - [2024-04-16T13:21:31.252+0000] {dag.py:3340} INFO - Setting next_dagrun for example_local_kubernetes_executor to None, run_after=None
[2024-04-16T13:21:31.293+0000] {processor.py:176} INFO - Processing /home/airflow/.local/lib/python3.7/site-packages/airflow/example_dags/example_local_kubernetes_executor.py took 0.290 seconds
[2024-04-16T13:22:02.238+0000] {processor.py:154} INFO - Started process (PID=3245) to work on /home/airflow/.local/lib/python3.7/site-packages/airflow/example_dags/example_local_kubernetes_executor.py
[2024-04-16T13:22:02.242+0000] {processor.py:756} INFO - Processing file /home/airflow/.local/lib/python3.7/site-packages/airflow/example_dags/example_local_kubernetes_executor.py for tasks to queue
[2024-04-16T13:22:02.243+0000] {logging_mixin.py:120} INFO - [2024-04-16T13:22:02.243+0000] {dagbag.py:537} INFO - Filling up the DagBag from /home/airflow/.local/lib/python3.7/site-packages/airflow/example_dags/example_local_kubernetes_executor.py
[2024-04-16T13:22:02.282+0000] {processor.py:766} INFO - DAG(s) dict_keys(['example_local_kubernetes_executor']) retrieved from /home/airflow/.local/lib/python3.7/site-packages/airflow/example_dags/example_local_kubernetes_executor.py
[2024-04-16T13:22:02.359+0000] {logging_mixin.py:120} INFO - [2024-04-16T13:22:02.359+0000] {dag.py:2585} INFO - Sync 1 DAGs
[2024-04-16T13:22:02.419+0000] {logging_mixin.py:120} INFO - [2024-04-16T13:22:02.419+0000] {dag.py:3340} INFO - Setting next_dagrun for example_local_kubernetes_executor to None, run_after=None
[2024-04-16T13:22:02.462+0000] {processor.py:176} INFO - Processing /home/airflow/.local/lib/python3.7/site-packages/airflow/example_dags/example_local_kubernetes_executor.py took 0.230 seconds
[2024-04-16T13:22:33.767+0000] {processor.py:154} INFO - Started process (PID=3327) to work on /home/airflow/.local/lib/python3.7/site-packages/airflow/example_dags/example_local_kubernetes_executor.py
[2024-04-16T13:22:33.769+0000] {processor.py:756} INFO - Processing file /home/airflow/.local/lib/python3.7/site-packages/airflow/example_dags/example_local_kubernetes_executor.py for tasks to queue
[2024-04-16T13:22:33.771+0000] {logging_mixin.py:120} INFO - [2024-04-16T13:22:33.771+0000] {dagbag.py:537} INFO - Filling up the DagBag from /home/airflow/.local/lib/python3.7/site-packages/airflow/example_dags/example_local_kubernetes_executor.py
[2024-04-16T13:22:33.827+0000] {processor.py:766} INFO - DAG(s) dict_keys(['example_local_kubernetes_executor']) retrieved from /home/airflow/.local/lib/python3.7/site-packages/airflow/example_dags/example_local_kubernetes_executor.py
[2024-04-16T13:22:33.894+0000] {logging_mixin.py:120} INFO - [2024-04-16T13:22:33.893+0000] {dag.py:2585} INFO - Sync 1 DAGs
[2024-04-16T13:22:33.936+0000] {logging_mixin.py:120} INFO - [2024-04-16T13:22:33.936+0000] {dag.py:3340} INFO - Setting next_dagrun for example_local_kubernetes_executor to None, run_after=None
[2024-04-16T13:22:33.972+0000] {processor.py:176} INFO - Processing /home/airflow/.local/lib/python3.7/site-packages/airflow/example_dags/example_local_kubernetes_executor.py took 0.210 seconds
[2024-04-16T13:23:04.453+0000] {processor.py:154} INFO - Started process (PID=3396) to work on /home/airflow/.local/lib/python3.7/site-packages/airflow/example_dags/example_local_kubernetes_executor.py
[2024-04-16T13:23:04.456+0000] {processor.py:756} INFO - Processing file /home/airflow/.local/lib/python3.7/site-packages/airflow/example_dags/example_local_kubernetes_executor.py for tasks to queue
[2024-04-16T13:23:04.458+0000] {logging_mixin.py:120} INFO - [2024-04-16T13:23:04.458+0000] {dagbag.py:537} INFO - Filling up the DagBag from /home/airflow/.local/lib/python3.7/site-packages/airflow/example_dags/example_local_kubernetes_executor.py
[2024-04-16T13:23:04.498+0000] {processor.py:766} INFO - DAG(s) dict_keys(['example_local_kubernetes_executor']) retrieved from /home/airflow/.local/lib/python3.7/site-packages/airflow/example_dags/example_local_kubernetes_executor.py
[2024-04-16T13:23:04.583+0000] {logging_mixin.py:120} INFO - [2024-04-16T13:23:04.583+0000] {dag.py:2585} INFO - Sync 1 DAGs
[2024-04-16T13:23:04.627+0000] {logging_mixin.py:120} INFO - [2024-04-16T13:23:04.626+0000] {dag.py:3340} INFO - Setting next_dagrun for example_local_kubernetes_executor to None, run_after=None
[2024-04-16T13:23:04.664+0000] {processor.py:176} INFO - Processing /home/airflow/.local/lib/python3.7/site-packages/airflow/example_dags/example_local_kubernetes_executor.py took 0.216 seconds
[2024-04-16T13:23:36.291+0000] {processor.py:154} INFO - Started process (PID=3474) to work on /home/airflow/.local/lib/python3.7/site-packages/airflow/example_dags/example_local_kubernetes_executor.py
[2024-04-16T13:23:36.298+0000] {processor.py:756} INFO - Processing file /home/airflow/.local/lib/python3.7/site-packages/airflow/example_dags/example_local_kubernetes_executor.py for tasks to queue
[2024-04-16T13:23:36.305+0000] {logging_mixin.py:120} INFO - [2024-04-16T13:23:36.305+0000] {dagbag.py:537} INFO - Filling up the DagBag from /home/airflow/.local/lib/python3.7/site-packages/airflow/example_dags/example_local_kubernetes_executor.py
[2024-04-16T13:23:36.399+0000] {processor.py:766} INFO - DAG(s) dict_keys(['example_local_kubernetes_executor']) retrieved from /home/airflow/.local/lib/python3.7/site-packages/airflow/example_dags/example_local_kubernetes_executor.py
[2024-04-16T13:23:36.475+0000] {logging_mixin.py:120} INFO - [2024-04-16T13:23:36.474+0000] {dag.py:2585} INFO - Sync 1 DAGs
[2024-04-16T13:23:36.528+0000] {logging_mixin.py:120} INFO - [2024-04-16T13:23:36.528+0000] {dag.py:3340} INFO - Setting next_dagrun for example_local_kubernetes_executor to None, run_after=None
[2024-04-16T13:23:36.555+0000] {processor.py:176} INFO - Processing /home/airflow/.local/lib/python3.7/site-packages/airflow/example_dags/example_local_kubernetes_executor.py took 0.291 seconds
[2024-04-16T13:24:06.919+0000] {processor.py:154} INFO - Started process (PID=3543) to work on /home/airflow/.local/lib/python3.7/site-packages/airflow/example_dags/example_local_kubernetes_executor.py
[2024-04-16T13:24:06.924+0000] {processor.py:756} INFO - Processing file /home/airflow/.local/lib/python3.7/site-packages/airflow/example_dags/example_local_kubernetes_executor.py for tasks to queue
[2024-04-16T13:24:06.926+0000] {logging_mixin.py:120} INFO - [2024-04-16T13:24:06.925+0000] {dagbag.py:537} INFO - Filling up the DagBag from /home/airflow/.local/lib/python3.7/site-packages/airflow/example_dags/example_local_kubernetes_executor.py
[2024-04-16T13:24:07.037+0000] {processor.py:766} INFO - DAG(s) dict_keys(['example_local_kubernetes_executor']) retrieved from /home/airflow/.local/lib/python3.7/site-packages/airflow/example_dags/example_local_kubernetes_executor.py
[2024-04-16T13:24:07.199+0000] {logging_mixin.py:120} INFO - [2024-04-16T13:24:07.194+0000] {dag.py:2585} INFO - Sync 1 DAGs
[2024-04-16T13:24:07.359+0000] {logging_mixin.py:120} INFO - [2024-04-16T13:24:07.359+0000] {dag.py:3340} INFO - Setting next_dagrun for example_local_kubernetes_executor to None, run_after=None
[2024-04-16T13:24:07.439+0000] {processor.py:176} INFO - Processing /home/airflow/.local/lib/python3.7/site-packages/airflow/example_dags/example_local_kubernetes_executor.py took 0.534 seconds
[2024-04-16T13:24:37.771+0000] {processor.py:154} INFO - Started process (PID=3622) to work on /home/airflow/.local/lib/python3.7/site-packages/airflow/example_dags/example_local_kubernetes_executor.py
[2024-04-16T13:24:37.774+0000] {processor.py:756} INFO - Processing file /home/airflow/.local/lib/python3.7/site-packages/airflow/example_dags/example_local_kubernetes_executor.py for tasks to queue
[2024-04-16T13:24:37.779+0000] {logging_mixin.py:120} INFO - [2024-04-16T13:24:37.779+0000] {dagbag.py:537} INFO - Filling up the DagBag from /home/airflow/.local/lib/python3.7/site-packages/airflow/example_dags/example_local_kubernetes_executor.py
[2024-04-16T13:24:37.893+0000] {processor.py:766} INFO - DAG(s) dict_keys(['example_local_kubernetes_executor']) retrieved from /home/airflow/.local/lib/python3.7/site-packages/airflow/example_dags/example_local_kubernetes_executor.py
[2024-04-16T13:24:38.092+0000] {logging_mixin.py:120} INFO - [2024-04-16T13:24:38.092+0000] {dag.py:2585} INFO - Sync 1 DAGs
[2024-04-16T13:24:38.211+0000] {logging_mixin.py:120} INFO - [2024-04-16T13:24:38.211+0000] {dag.py:3340} INFO - Setting next_dagrun for example_local_kubernetes_executor to None, run_after=None
[2024-04-16T13:24:38.286+0000] {processor.py:176} INFO - Processing /home/airflow/.local/lib/python3.7/site-packages/airflow/example_dags/example_local_kubernetes_executor.py took 0.530 seconds
[2024-04-16T13:25:08.468+0000] {processor.py:154} INFO - Started process (PID=3690) to work on /home/airflow/.local/lib/python3.7/site-packages/airflow/example_dags/example_local_kubernetes_executor.py
[2024-04-16T13:25:08.470+0000] {processor.py:756} INFO - Processing file /home/airflow/.local/lib/python3.7/site-packages/airflow/example_dags/example_local_kubernetes_executor.py for tasks to queue
[2024-04-16T13:25:08.471+0000] {logging_mixin.py:120} INFO - [2024-04-16T13:25:08.471+0000] {dagbag.py:537} INFO - Filling up the DagBag from /home/airflow/.local/lib/python3.7/site-packages/airflow/example_dags/example_local_kubernetes_executor.py
[2024-04-16T13:25:08.511+0000] {processor.py:766} INFO - DAG(s) dict_keys(['example_local_kubernetes_executor']) retrieved from /home/airflow/.local/lib/python3.7/site-packages/airflow/example_dags/example_local_kubernetes_executor.py
[2024-04-16T13:25:08.577+0000] {logging_mixin.py:120} INFO - [2024-04-16T13:25:08.577+0000] {dag.py:2585} INFO - Sync 1 DAGs
[2024-04-16T13:25:08.615+0000] {logging_mixin.py:120} INFO - [2024-04-16T13:25:08.615+0000] {dag.py:3340} INFO - Setting next_dagrun for example_local_kubernetes_executor to None, run_after=None
[2024-04-16T13:25:08.643+0000] {processor.py:176} INFO - Processing /home/airflow/.local/lib/python3.7/site-packages/airflow/example_dags/example_local_kubernetes_executor.py took 0.183 seconds
[2024-04-16T13:25:38.830+0000] {processor.py:154} INFO - Started process (PID=3769) to work on /home/airflow/.local/lib/python3.7/site-packages/airflow/example_dags/example_local_kubernetes_executor.py
[2024-04-16T13:25:38.838+0000] {processor.py:756} INFO - Processing file /home/airflow/.local/lib/python3.7/site-packages/airflow/example_dags/example_local_kubernetes_executor.py for tasks to queue
[2024-04-16T13:25:38.840+0000] {logging_mixin.py:120} INFO - [2024-04-16T13:25:38.840+0000] {dagbag.py:537} INFO - Filling up the DagBag from /home/airflow/.local/lib/python3.7/site-packages/airflow/example_dags/example_local_kubernetes_executor.py
[2024-04-16T13:25:38.929+0000] {processor.py:766} INFO - DAG(s) dict_keys(['example_local_kubernetes_executor']) retrieved from /home/airflow/.local/lib/python3.7/site-packages/airflow/example_dags/example_local_kubernetes_executor.py
[2024-04-16T13:25:39.050+0000] {logging_mixin.py:120} INFO - [2024-04-16T13:25:39.050+0000] {dag.py:2585} INFO - Sync 1 DAGs
[2024-04-16T13:25:39.130+0000] {logging_mixin.py:120} INFO - [2024-04-16T13:25:39.130+0000] {dag.py:3340} INFO - Setting next_dagrun for example_local_kubernetes_executor to None, run_after=None
[2024-04-16T13:25:39.183+0000] {processor.py:176} INFO - Processing /home/airflow/.local/lib/python3.7/site-packages/airflow/example_dags/example_local_kubernetes_executor.py took 0.367 seconds
[2024-04-16T13:26:09.511+0000] {processor.py:154} INFO - Started process (PID=3838) to work on /home/airflow/.local/lib/python3.7/site-packages/airflow/example_dags/example_local_kubernetes_executor.py
[2024-04-16T13:26:09.513+0000] {processor.py:756} INFO - Processing file /home/airflow/.local/lib/python3.7/site-packages/airflow/example_dags/example_local_kubernetes_executor.py for tasks to queue
[2024-04-16T13:26:09.515+0000] {logging_mixin.py:120} INFO - [2024-04-16T13:26:09.515+0000] {dagbag.py:537} INFO - Filling up the DagBag from /home/airflow/.local/lib/python3.7/site-packages/airflow/example_dags/example_local_kubernetes_executor.py
[2024-04-16T13:26:09.551+0000] {processor.py:766} INFO - DAG(s) dict_keys(['example_local_kubernetes_executor']) retrieved from /home/airflow/.local/lib/python3.7/site-packages/airflow/example_dags/example_local_kubernetes_executor.py
[2024-04-16T13:26:09.609+0000] {logging_mixin.py:120} INFO - [2024-04-16T13:26:09.609+0000] {dag.py:2585} INFO - Sync 1 DAGs
[2024-04-16T13:26:09.645+0000] {logging_mixin.py:120} INFO - [2024-04-16T13:26:09.645+0000] {dag.py:3340} INFO - Setting next_dagrun for example_local_kubernetes_executor to None, run_after=None
[2024-04-16T13:26:09.676+0000] {processor.py:176} INFO - Processing /home/airflow/.local/lib/python3.7/site-packages/airflow/example_dags/example_local_kubernetes_executor.py took 0.172 seconds
[2024-04-16T13:26:40.185+0000] {processor.py:154} INFO - Started process (PID=3917) to work on /home/airflow/.local/lib/python3.7/site-packages/airflow/example_dags/example_local_kubernetes_executor.py
[2024-04-16T13:26:40.194+0000] {processor.py:756} INFO - Processing file /home/airflow/.local/lib/python3.7/site-packages/airflow/example_dags/example_local_kubernetes_executor.py for tasks to queue
[2024-04-16T13:26:40.201+0000] {logging_mixin.py:120} INFO - [2024-04-16T13:26:40.200+0000] {dagbag.py:537} INFO - Filling up the DagBag from /home/airflow/.local/lib/python3.7/site-packages/airflow/example_dags/example_local_kubernetes_executor.py
[2024-04-16T13:26:40.262+0000] {processor.py:766} INFO - DAG(s) dict_keys(['example_local_kubernetes_executor']) retrieved from /home/airflow/.local/lib/python3.7/site-packages/airflow/example_dags/example_local_kubernetes_executor.py
[2024-04-16T13:26:40.434+0000] {logging_mixin.py:120} INFO - [2024-04-16T13:26:40.434+0000] {dag.py:2585} INFO - Sync 1 DAGs
[2024-04-16T13:26:40.586+0000] {logging_mixin.py:120} INFO - [2024-04-16T13:26:40.585+0000] {dag.py:3340} INFO - Setting next_dagrun for example_local_kubernetes_executor to None, run_after=None
[2024-04-16T13:26:40.663+0000] {processor.py:176} INFO - Processing /home/airflow/.local/lib/python3.7/site-packages/airflow/example_dags/example_local_kubernetes_executor.py took 0.514 seconds
[2024-04-16T13:27:11.634+0000] {processor.py:154} INFO - Started process (PID=3986) to work on /home/airflow/.local/lib/python3.7/site-packages/airflow/example_dags/example_local_kubernetes_executor.py
[2024-04-16T13:27:11.636+0000] {processor.py:756} INFO - Processing file /home/airflow/.local/lib/python3.7/site-packages/airflow/example_dags/example_local_kubernetes_executor.py for tasks to queue
[2024-04-16T13:27:11.638+0000] {logging_mixin.py:120} INFO - [2024-04-16T13:27:11.637+0000] {dagbag.py:537} INFO - Filling up the DagBag from /home/airflow/.local/lib/python3.7/site-packages/airflow/example_dags/example_local_kubernetes_executor.py
[2024-04-16T13:27:11.671+0000] {processor.py:766} INFO - DAG(s) dict_keys(['example_local_kubernetes_executor']) retrieved from /home/airflow/.local/lib/python3.7/site-packages/airflow/example_dags/example_local_kubernetes_executor.py
[2024-04-16T13:27:11.731+0000] {logging_mixin.py:120} INFO - [2024-04-16T13:27:11.730+0000] {dag.py:2585} INFO - Sync 1 DAGs
[2024-04-16T13:27:11.769+0000] {logging_mixin.py:120} INFO - [2024-04-16T13:27:11.769+0000] {dag.py:3340} INFO - Setting next_dagrun for example_local_kubernetes_executor to None, run_after=None
[2024-04-16T13:27:11.800+0000] {processor.py:176} INFO - Processing /home/airflow/.local/lib/python3.7/site-packages/airflow/example_dags/example_local_kubernetes_executor.py took 0.171 seconds
[2024-04-16T13:27:42.353+0000] {processor.py:154} INFO - Started process (PID=4064) to work on /home/airflow/.local/lib/python3.7/site-packages/airflow/example_dags/example_local_kubernetes_executor.py
[2024-04-16T13:27:42.357+0000] {processor.py:756} INFO - Processing file /home/airflow/.local/lib/python3.7/site-packages/airflow/example_dags/example_local_kubernetes_executor.py for tasks to queue
[2024-04-16T13:27:42.359+0000] {logging_mixin.py:120} INFO - [2024-04-16T13:27:42.358+0000] {dagbag.py:537} INFO - Filling up the DagBag from /home/airflow/.local/lib/python3.7/site-packages/airflow/example_dags/example_local_kubernetes_executor.py
[2024-04-16T13:27:42.403+0000] {processor.py:766} INFO - DAG(s) dict_keys(['example_local_kubernetes_executor']) retrieved from /home/airflow/.local/lib/python3.7/site-packages/airflow/example_dags/example_local_kubernetes_executor.py
[2024-04-16T13:27:42.465+0000] {logging_mixin.py:120} INFO - [2024-04-16T13:27:42.465+0000] {dag.py:2585} INFO - Sync 1 DAGs
[2024-04-16T13:27:42.499+0000] {logging_mixin.py:120} INFO - [2024-04-16T13:27:42.499+0000] {dag.py:3340} INFO - Setting next_dagrun for example_local_kubernetes_executor to None, run_after=None
[2024-04-16T13:27:42.529+0000] {processor.py:176} INFO - Processing /home/airflow/.local/lib/python3.7/site-packages/airflow/example_dags/example_local_kubernetes_executor.py took 0.182 seconds
[2024-04-16T13:28:12.666+0000] {processor.py:154} INFO - Started process (PID=4133) to work on /home/airflow/.local/lib/python3.7/site-packages/airflow/example_dags/example_local_kubernetes_executor.py
[2024-04-16T13:28:12.670+0000] {processor.py:756} INFO - Processing file /home/airflow/.local/lib/python3.7/site-packages/airflow/example_dags/example_local_kubernetes_executor.py for tasks to queue
[2024-04-16T13:28:12.674+0000] {logging_mixin.py:120} INFO - [2024-04-16T13:28:12.672+0000] {dagbag.py:537} INFO - Filling up the DagBag from /home/airflow/.local/lib/python3.7/site-packages/airflow/example_dags/example_local_kubernetes_executor.py
[2024-04-16T13:28:12.708+0000] {processor.py:766} INFO - DAG(s) dict_keys(['example_local_kubernetes_executor']) retrieved from /home/airflow/.local/lib/python3.7/site-packages/airflow/example_dags/example_local_kubernetes_executor.py
[2024-04-16T13:28:12.777+0000] {logging_mixin.py:120} INFO - [2024-04-16T13:28:12.777+0000] {dag.py:2585} INFO - Sync 1 DAGs
[2024-04-16T13:28:12.817+0000] {logging_mixin.py:120} INFO - [2024-04-16T13:28:12.817+0000] {dag.py:3340} INFO - Setting next_dagrun for example_local_kubernetes_executor to None, run_after=None
[2024-04-16T13:28:12.851+0000] {processor.py:176} INFO - Processing /home/airflow/.local/lib/python3.7/site-packages/airflow/example_dags/example_local_kubernetes_executor.py took 0.191 seconds
[2024-04-16T13:28:43.810+0000] {processor.py:154} INFO - Started process (PID=4212) to work on /home/airflow/.local/lib/python3.7/site-packages/airflow/example_dags/example_local_kubernetes_executor.py
[2024-04-16T13:28:43.812+0000] {processor.py:756} INFO - Processing file /home/airflow/.local/lib/python3.7/site-packages/airflow/example_dags/example_local_kubernetes_executor.py for tasks to queue
[2024-04-16T13:28:43.814+0000] {logging_mixin.py:120} INFO - [2024-04-16T13:28:43.814+0000] {dagbag.py:537} INFO - Filling up the DagBag from /home/airflow/.local/lib/python3.7/site-packages/airflow/example_dags/example_local_kubernetes_executor.py
[2024-04-16T13:28:43.854+0000] {processor.py:766} INFO - DAG(s) dict_keys(['example_local_kubernetes_executor']) retrieved from /home/airflow/.local/lib/python3.7/site-packages/airflow/example_dags/example_local_kubernetes_executor.py
[2024-04-16T13:28:43.921+0000] {logging_mixin.py:120} INFO - [2024-04-16T13:28:43.920+0000] {dag.py:2585} INFO - Sync 1 DAGs
[2024-04-16T13:28:43.960+0000] {logging_mixin.py:120} INFO - [2024-04-16T13:28:43.960+0000] {dag.py:3340} INFO - Setting next_dagrun for example_local_kubernetes_executor to None, run_after=None
[2024-04-16T13:28:43.994+0000] {processor.py:176} INFO - Processing /home/airflow/.local/lib/python3.7/site-packages/airflow/example_dags/example_local_kubernetes_executor.py took 0.192 seconds
[2024-04-16T13:29:14.454+0000] {processor.py:154} INFO - Started process (PID=4282) to work on /home/airflow/.local/lib/python3.7/site-packages/airflow/example_dags/example_local_kubernetes_executor.py
[2024-04-16T13:29:14.456+0000] {processor.py:756} INFO - Processing file /home/airflow/.local/lib/python3.7/site-packages/airflow/example_dags/example_local_kubernetes_executor.py for tasks to queue
[2024-04-16T13:29:14.458+0000] {logging_mixin.py:120} INFO - [2024-04-16T13:29:14.458+0000] {dagbag.py:537} INFO - Filling up the DagBag from /home/airflow/.local/lib/python3.7/site-packages/airflow/example_dags/example_local_kubernetes_executor.py
[2024-04-16T13:29:14.498+0000] {processor.py:766} INFO - DAG(s) dict_keys(['example_local_kubernetes_executor']) retrieved from /home/airflow/.local/lib/python3.7/site-packages/airflow/example_dags/example_local_kubernetes_executor.py
[2024-04-16T13:29:14.570+0000] {logging_mixin.py:120} INFO - [2024-04-16T13:29:14.569+0000] {dag.py:2585} INFO - Sync 1 DAGs
[2024-04-16T13:29:14.610+0000] {logging_mixin.py:120} INFO - [2024-04-16T13:29:14.610+0000] {dag.py:3340} INFO - Setting next_dagrun for example_local_kubernetes_executor to None, run_after=None
[2024-04-16T13:29:14.645+0000] {processor.py:176} INFO - Processing /home/airflow/.local/lib/python3.7/site-packages/airflow/example_dags/example_local_kubernetes_executor.py took 0.197 seconds
[2024-04-16T13:29:44.959+0000] {processor.py:154} INFO - Started process (PID=4362) to work on /home/airflow/.local/lib/python3.7/site-packages/airflow/example_dags/example_local_kubernetes_executor.py
[2024-04-16T13:29:44.961+0000] {processor.py:756} INFO - Processing file /home/airflow/.local/lib/python3.7/site-packages/airflow/example_dags/example_local_kubernetes_executor.py for tasks to queue
[2024-04-16T13:29:44.963+0000] {logging_mixin.py:120} INFO - [2024-04-16T13:29:44.962+0000] {dagbag.py:537} INFO - Filling up the DagBag from /home/airflow/.local/lib/python3.7/site-packages/airflow/example_dags/example_local_kubernetes_executor.py
[2024-04-16T13:29:45.000+0000] {processor.py:766} INFO - DAG(s) dict_keys(['example_local_kubernetes_executor']) retrieved from /home/airflow/.local/lib/python3.7/site-packages/airflow/example_dags/example_local_kubernetes_executor.py
[2024-04-16T13:29:45.061+0000] {logging_mixin.py:120} INFO - [2024-04-16T13:29:45.061+0000] {dag.py:2585} INFO - Sync 1 DAGs
[2024-04-16T13:29:45.113+0000] {logging_mixin.py:120} INFO - [2024-04-16T13:29:45.113+0000] {dag.py:3340} INFO - Setting next_dagrun for example_local_kubernetes_executor to None, run_after=None
[2024-04-16T13:29:45.142+0000] {processor.py:176} INFO - Processing /home/airflow/.local/lib/python3.7/site-packages/airflow/example_dags/example_local_kubernetes_executor.py took 0.190 seconds
[2024-04-16T13:30:15.603+0000] {processor.py:154} INFO - Started process (PID=4431) to work on /home/airflow/.local/lib/python3.7/site-packages/airflow/example_dags/example_local_kubernetes_executor.py
[2024-04-16T13:30:15.605+0000] {processor.py:756} INFO - Processing file /home/airflow/.local/lib/python3.7/site-packages/airflow/example_dags/example_local_kubernetes_executor.py for tasks to queue
[2024-04-16T13:30:15.607+0000] {logging_mixin.py:120} INFO - [2024-04-16T13:30:15.607+0000] {dagbag.py:537} INFO - Filling up the DagBag from /home/airflow/.local/lib/python3.7/site-packages/airflow/example_dags/example_local_kubernetes_executor.py
[2024-04-16T13:30:15.645+0000] {processor.py:766} INFO - DAG(s) dict_keys(['example_local_kubernetes_executor']) retrieved from /home/airflow/.local/lib/python3.7/site-packages/airflow/example_dags/example_local_kubernetes_executor.py
[2024-04-16T13:30:15.714+0000] {logging_mixin.py:120} INFO - [2024-04-16T13:30:15.714+0000] {dag.py:2585} INFO - Sync 1 DAGs
[2024-04-16T13:30:15.753+0000] {logging_mixin.py:120} INFO - [2024-04-16T13:30:15.753+0000] {dag.py:3340} INFO - Setting next_dagrun for example_local_kubernetes_executor to None, run_after=None
[2024-04-16T13:30:15.780+0000] {processor.py:176} INFO - Processing /home/airflow/.local/lib/python3.7/site-packages/airflow/example_dags/example_local_kubernetes_executor.py took 0.183 seconds
[2024-04-16T13:30:46.569+0000] {processor.py:154} INFO - Started process (PID=4509) to work on /home/airflow/.local/lib/python3.7/site-packages/airflow/example_dags/example_local_kubernetes_executor.py
[2024-04-16T13:30:46.574+0000] {processor.py:756} INFO - Processing file /home/airflow/.local/lib/python3.7/site-packages/airflow/example_dags/example_local_kubernetes_executor.py for tasks to queue
[2024-04-16T13:30:46.580+0000] {logging_mixin.py:120} INFO - [2024-04-16T13:30:46.580+0000] {dagbag.py:537} INFO - Filling up the DagBag from /home/airflow/.local/lib/python3.7/site-packages/airflow/example_dags/example_local_kubernetes_executor.py
[2024-04-16T13:30:46.625+0000] {processor.py:766} INFO - DAG(s) dict_keys(['example_local_kubernetes_executor']) retrieved from /home/airflow/.local/lib/python3.7/site-packages/airflow/example_dags/example_local_kubernetes_executor.py
[2024-04-16T13:30:46.682+0000] {logging_mixin.py:120} INFO - [2024-04-16T13:30:46.682+0000] {dag.py:2585} INFO - Sync 1 DAGs
[2024-04-16T13:30:46.734+0000] {logging_mixin.py:120} INFO - [2024-04-16T13:30:46.734+0000] {dag.py:3340} INFO - Setting next_dagrun for example_local_kubernetes_executor to None, run_after=None
[2024-04-16T13:30:46.764+0000] {processor.py:176} INFO - Processing /home/airflow/.local/lib/python3.7/site-packages/airflow/example_dags/example_local_kubernetes_executor.py took 0.202 seconds
[2024-04-16T14:08:55.067+0000] {processor.py:154} INFO - Started process (PID=4587) to work on /home/airflow/.local/lib/python3.7/site-packages/airflow/example_dags/example_local_kubernetes_executor.py
[2024-04-16T14:08:55.073+0000] {processor.py:756} INFO - Processing file /home/airflow/.local/lib/python3.7/site-packages/airflow/example_dags/example_local_kubernetes_executor.py for tasks to queue
[2024-04-16T14:08:55.076+0000] {logging_mixin.py:120} INFO - [2024-04-16T14:08:55.076+0000] {dagbag.py:537} INFO - Filling up the DagBag from /home/airflow/.local/lib/python3.7/site-packages/airflow/example_dags/example_local_kubernetes_executor.py
[2024-04-16T14:08:55.317+0000] {processor.py:766} INFO - DAG(s) dict_keys(['example_local_kubernetes_executor']) retrieved from /home/airflow/.local/lib/python3.7/site-packages/airflow/example_dags/example_local_kubernetes_executor.py
[2024-04-16T14:08:55.517+0000] {logging_mixin.py:120} INFO - [2024-04-16T14:08:55.517+0000] {dag.py:2585} INFO - Sync 1 DAGs
[2024-04-16T14:08:55.655+0000] {logging_mixin.py:120} INFO - [2024-04-16T14:08:55.655+0000] {dag.py:3340} INFO - Setting next_dagrun for example_local_kubernetes_executor to None, run_after=None
[2024-04-16T14:08:55.731+0000] {processor.py:176} INFO - Processing /home/airflow/.local/lib/python3.7/site-packages/airflow/example_dags/example_local_kubernetes_executor.py took 0.678 seconds
