[2024-04-16T10:08:56.716+0000] {processor.py:154} INFO - Started process (PID=23861) to work on /home/airflow/.local/lib/python3.7/site-packages/airflow/example_dags/example_branch_python_dop_operator_3.py
[2024-04-16T10:08:56.755+0000] {processor.py:756} INFO - Processing file /home/airflow/.local/lib/python3.7/site-packages/airflow/example_dags/example_branch_python_dop_operator_3.py for tasks to queue
[2024-04-16T10:08:56.792+0000] {logging_mixin.py:120} INFO - [2024-04-16T10:08:56.792+0000] {dagbag.py:537} INFO - Filling up the DagBag from /home/airflow/.local/lib/python3.7/site-packages/airflow/example_dags/example_branch_python_dop_operator_3.py
[2024-04-16T10:08:57.439+0000] {processor.py:766} INFO - DAG(s) dict_keys(['example_branch_dop_operator_v3']) retrieved from /home/airflow/.local/lib/python3.7/site-packages/airflow/example_dags/example_branch_python_dop_operator_3.py
[2024-04-16T10:08:58.261+0000] {logging_mixin.py:120} INFO - [2024-04-16T10:08:58.260+0000] {dag.py:2585} INFO - Sync 1 DAGs
[2024-04-16T10:08:58.712+0000] {logging_mixin.py:120} INFO - [2024-04-16T10:08:58.712+0000] {dag.py:3340} INFO - Setting next_dagrun for example_branch_dop_operator_v3 to 2024-04-16T10:07:00+00:00, run_after=2024-04-16T10:08:00+00:00
[2024-04-16T10:08:58.858+0000] {processor.py:176} INFO - Processing /home/airflow/.local/lib/python3.7/site-packages/airflow/example_dags/example_branch_python_dop_operator_3.py took 2.190 seconds
[2024-04-16T10:21:14.598+0000] {processor.py:154} INFO - Started process (PID=24208) to work on /home/airflow/.local/lib/python3.7/site-packages/airflow/example_dags/example_branch_python_dop_operator_3.py
[2024-04-16T10:21:15.309+0000] {processor.py:756} INFO - Processing file /home/airflow/.local/lib/python3.7/site-packages/airflow/example_dags/example_branch_python_dop_operator_3.py for tasks to queue
[2024-04-16T10:21:15.965+0000] {logging_mixin.py:120} INFO - [2024-04-16T10:21:15.688+0000] {dagbag.py:537} INFO - Filling up the DagBag from /home/airflow/.local/lib/python3.7/site-packages/airflow/example_dags/example_branch_python_dop_operator_3.py
[2024-04-16T10:21:32.387+0000] {processor.py:766} INFO - DAG(s) dict_keys(['example_branch_dop_operator_v3']) retrieved from /home/airflow/.local/lib/python3.7/site-packages/airflow/example_dags/example_branch_python_dop_operator_3.py
[2024-04-16T10:23:22.669+0000] {processor.py:154} INFO - Started process (PID=84) to work on /home/airflow/.local/lib/python3.7/site-packages/airflow/example_dags/example_branch_python_dop_operator_3.py
[2024-04-16T10:23:22.676+0000] {processor.py:756} INFO - Processing file /home/airflow/.local/lib/python3.7/site-packages/airflow/example_dags/example_branch_python_dop_operator_3.py for tasks to queue
[2024-04-16T10:23:22.679+0000] {logging_mixin.py:120} INFO - [2024-04-16T10:23:22.679+0000] {dagbag.py:537} INFO - Filling up the DagBag from /home/airflow/.local/lib/python3.7/site-packages/airflow/example_dags/example_branch_python_dop_operator_3.py
[2024-04-16T10:23:22.777+0000] {processor.py:766} INFO - DAG(s) dict_keys(['example_branch_dop_operator_v3']) retrieved from /home/airflow/.local/lib/python3.7/site-packages/airflow/example_dags/example_branch_python_dop_operator_3.py
[2024-04-16T10:23:22.986+0000] {logging_mixin.py:120} INFO - [2024-04-16T10:23:22.985+0000] {dag.py:2585} INFO - Sync 1 DAGs
[2024-04-16T10:23:23.082+0000] {logging_mixin.py:120} INFO - [2024-04-16T10:23:23.082+0000] {dag.py:3340} INFO - Setting next_dagrun for example_branch_dop_operator_v3 to 2024-04-16T10:22:00+00:00, run_after=2024-04-16T10:23:00+00:00
[2024-04-16T10:23:23.131+0000] {processor.py:176} INFO - Processing /home/airflow/.local/lib/python3.7/site-packages/airflow/example_dags/example_branch_python_dop_operator_3.py took 0.473 seconds
[2024-04-16T10:24:02.423+0000] {processor.py:154} INFO - Started process (PID=154) to work on /home/airflow/.local/lib/python3.7/site-packages/airflow/example_dags/example_branch_python_dop_operator_3.py
[2024-04-16T10:24:02.426+0000] {processor.py:756} INFO - Processing file /home/airflow/.local/lib/python3.7/site-packages/airflow/example_dags/example_branch_python_dop_operator_3.py for tasks to queue
[2024-04-16T10:24:02.430+0000] {logging_mixin.py:120} INFO - [2024-04-16T10:24:02.430+0000] {dagbag.py:537} INFO - Filling up the DagBag from /home/airflow/.local/lib/python3.7/site-packages/airflow/example_dags/example_branch_python_dop_operator_3.py
[2024-04-16T10:24:02.476+0000] {processor.py:766} INFO - DAG(s) dict_keys(['example_branch_dop_operator_v3']) retrieved from /home/airflow/.local/lib/python3.7/site-packages/airflow/example_dags/example_branch_python_dop_operator_3.py
[2024-04-16T10:24:02.550+0000] {logging_mixin.py:120} INFO - [2024-04-16T10:24:02.550+0000] {dag.py:2585} INFO - Sync 1 DAGs
[2024-04-16T10:24:02.603+0000] {logging_mixin.py:120} INFO - [2024-04-16T10:24:02.602+0000] {dag.py:3340} INFO - Setting next_dagrun for example_branch_dop_operator_v3 to 2024-04-16T10:23:00+00:00, run_after=2024-04-16T10:24:00+00:00
[2024-04-16T10:24:02.639+0000] {processor.py:176} INFO - Processing /home/airflow/.local/lib/python3.7/site-packages/airflow/example_dags/example_branch_python_dop_operator_3.py took 0.223 seconds
[2024-04-16T10:24:52.695+0000] {processor.py:154} INFO - Started process (PID=233) to work on /home/airflow/.local/lib/python3.7/site-packages/airflow/example_dags/example_branch_python_dop_operator_3.py
[2024-04-16T10:24:52.697+0000] {processor.py:756} INFO - Processing file /home/airflow/.local/lib/python3.7/site-packages/airflow/example_dags/example_branch_python_dop_operator_3.py for tasks to queue
[2024-04-16T10:24:52.698+0000] {logging_mixin.py:120} INFO - [2024-04-16T10:24:52.698+0000] {dagbag.py:537} INFO - Filling up the DagBag from /home/airflow/.local/lib/python3.7/site-packages/airflow/example_dags/example_branch_python_dop_operator_3.py
[2024-04-16T10:24:52.737+0000] {processor.py:766} INFO - DAG(s) dict_keys(['example_branch_dop_operator_v3']) retrieved from /home/airflow/.local/lib/python3.7/site-packages/airflow/example_dags/example_branch_python_dop_operator_3.py
[2024-04-16T10:24:52.815+0000] {logging_mixin.py:120} INFO - [2024-04-16T10:24:52.814+0000] {dag.py:2585} INFO - Sync 1 DAGs
[2024-04-16T10:24:52.875+0000] {logging_mixin.py:120} INFO - [2024-04-16T10:24:52.874+0000] {dag.py:3340} INFO - Setting next_dagrun for example_branch_dop_operator_v3 to 2024-04-16T10:23:00+00:00, run_after=2024-04-16T10:24:00+00:00
[2024-04-16T10:24:52.913+0000] {processor.py:176} INFO - Processing /home/airflow/.local/lib/python3.7/site-packages/airflow/example_dags/example_branch_python_dop_operator_3.py took 0.225 seconds
[2024-04-16T10:25:23.327+0000] {processor.py:154} INFO - Started process (PID=309) to work on /home/airflow/.local/lib/python3.7/site-packages/airflow/example_dags/example_branch_python_dop_operator_3.py
[2024-04-16T10:25:23.329+0000] {processor.py:756} INFO - Processing file /home/airflow/.local/lib/python3.7/site-packages/airflow/example_dags/example_branch_python_dop_operator_3.py for tasks to queue
[2024-04-16T10:25:23.331+0000] {logging_mixin.py:120} INFO - [2024-04-16T10:25:23.331+0000] {dagbag.py:537} INFO - Filling up the DagBag from /home/airflow/.local/lib/python3.7/site-packages/airflow/example_dags/example_branch_python_dop_operator_3.py
[2024-04-16T10:25:23.368+0000] {processor.py:766} INFO - DAG(s) dict_keys(['example_branch_dop_operator_v3']) retrieved from /home/airflow/.local/lib/python3.7/site-packages/airflow/example_dags/example_branch_python_dop_operator_3.py
[2024-04-16T10:25:23.433+0000] {logging_mixin.py:120} INFO - [2024-04-16T10:25:23.433+0000] {dag.py:2585} INFO - Sync 1 DAGs
[2024-04-16T10:25:23.496+0000] {logging_mixin.py:120} INFO - [2024-04-16T10:25:23.496+0000] {dag.py:3340} INFO - Setting next_dagrun for example_branch_dop_operator_v3 to 2024-04-16T10:24:00+00:00, run_after=2024-04-16T10:25:00+00:00
[2024-04-16T10:25:23.536+0000] {processor.py:176} INFO - Processing /home/airflow/.local/lib/python3.7/site-packages/airflow/example_dags/example_branch_python_dop_operator_3.py took 0.215 seconds
[2024-04-16T10:25:56.581+0000] {processor.py:154} INFO - Started process (PID=380) to work on /home/airflow/.local/lib/python3.7/site-packages/airflow/example_dags/example_branch_python_dop_operator_3.py
[2024-04-16T10:25:56.584+0000] {processor.py:756} INFO - Processing file /home/airflow/.local/lib/python3.7/site-packages/airflow/example_dags/example_branch_python_dop_operator_3.py for tasks to queue
[2024-04-16T10:25:56.586+0000] {logging_mixin.py:120} INFO - [2024-04-16T10:25:56.585+0000] {dagbag.py:537} INFO - Filling up the DagBag from /home/airflow/.local/lib/python3.7/site-packages/airflow/example_dags/example_branch_python_dop_operator_3.py
[2024-04-16T10:25:56.621+0000] {processor.py:766} INFO - DAG(s) dict_keys(['example_branch_dop_operator_v3']) retrieved from /home/airflow/.local/lib/python3.7/site-packages/airflow/example_dags/example_branch_python_dop_operator_3.py
[2024-04-16T10:25:56.683+0000] {logging_mixin.py:120} INFO - [2024-04-16T10:25:56.683+0000] {dag.py:2585} INFO - Sync 1 DAGs
[2024-04-16T10:25:56.729+0000] {logging_mixin.py:120} INFO - [2024-04-16T10:25:56.729+0000] {dag.py:3340} INFO - Setting next_dagrun for example_branch_dop_operator_v3 to 2024-04-16T10:24:00+00:00, run_after=2024-04-16T10:25:00+00:00
[2024-04-16T10:25:56.754+0000] {processor.py:176} INFO - Processing /home/airflow/.local/lib/python3.7/site-packages/airflow/example_dags/example_branch_python_dop_operator_3.py took 0.178 seconds
[2024-04-16T10:26:27.193+0000] {processor.py:154} INFO - Started process (PID=450) to work on /home/airflow/.local/lib/python3.7/site-packages/airflow/example_dags/example_branch_python_dop_operator_3.py
[2024-04-16T10:26:27.195+0000] {processor.py:756} INFO - Processing file /home/airflow/.local/lib/python3.7/site-packages/airflow/example_dags/example_branch_python_dop_operator_3.py for tasks to queue
[2024-04-16T10:26:27.196+0000] {logging_mixin.py:120} INFO - [2024-04-16T10:26:27.196+0000] {dagbag.py:537} INFO - Filling up the DagBag from /home/airflow/.local/lib/python3.7/site-packages/airflow/example_dags/example_branch_python_dop_operator_3.py
[2024-04-16T10:26:27.232+0000] {processor.py:766} INFO - DAG(s) dict_keys(['example_branch_dop_operator_v3']) retrieved from /home/airflow/.local/lib/python3.7/site-packages/airflow/example_dags/example_branch_python_dop_operator_3.py
[2024-04-16T10:26:27.296+0000] {logging_mixin.py:120} INFO - [2024-04-16T10:26:27.296+0000] {dag.py:2585} INFO - Sync 1 DAGs
[2024-04-16T10:26:27.345+0000] {logging_mixin.py:120} INFO - [2024-04-16T10:26:27.345+0000] {dag.py:3340} INFO - Setting next_dagrun for example_branch_dop_operator_v3 to 2024-04-16T10:25:00+00:00, run_after=2024-04-16T10:26:00+00:00
[2024-04-16T10:26:27.378+0000] {processor.py:176} INFO - Processing /home/airflow/.local/lib/python3.7/site-packages/airflow/example_dags/example_branch_python_dop_operator_3.py took 0.191 seconds
[2024-04-16T10:27:04.285+0000] {processor.py:154} INFO - Started process (PID=520) to work on /home/airflow/.local/lib/python3.7/site-packages/airflow/example_dags/example_branch_python_dop_operator_3.py
[2024-04-16T10:27:04.287+0000] {processor.py:756} INFO - Processing file /home/airflow/.local/lib/python3.7/site-packages/airflow/example_dags/example_branch_python_dop_operator_3.py for tasks to queue
[2024-04-16T10:27:04.289+0000] {logging_mixin.py:120} INFO - [2024-04-16T10:27:04.289+0000] {dagbag.py:537} INFO - Filling up the DagBag from /home/airflow/.local/lib/python3.7/site-packages/airflow/example_dags/example_branch_python_dop_operator_3.py
[2024-04-16T10:27:04.324+0000] {processor.py:766} INFO - DAG(s) dict_keys(['example_branch_dop_operator_v3']) retrieved from /home/airflow/.local/lib/python3.7/site-packages/airflow/example_dags/example_branch_python_dop_operator_3.py
[2024-04-16T10:27:04.387+0000] {logging_mixin.py:120} INFO - [2024-04-16T10:27:04.387+0000] {dag.py:2585} INFO - Sync 1 DAGs
[2024-04-16T10:27:04.440+0000] {logging_mixin.py:120} INFO - [2024-04-16T10:27:04.440+0000] {dag.py:3340} INFO - Setting next_dagrun for example_branch_dop_operator_v3 to 2024-04-16T10:26:00+00:00, run_after=2024-04-16T10:27:00+00:00
[2024-04-16T10:27:04.472+0000] {processor.py:176} INFO - Processing /home/airflow/.local/lib/python3.7/site-packages/airflow/example_dags/example_branch_python_dop_operator_3.py took 0.192 seconds
[2024-04-16T10:27:35.865+0000] {processor.py:154} INFO - Started process (PID=602) to work on /home/airflow/.local/lib/python3.7/site-packages/airflow/example_dags/example_branch_python_dop_operator_3.py
[2024-04-16T10:27:35.868+0000] {processor.py:756} INFO - Processing file /home/airflow/.local/lib/python3.7/site-packages/airflow/example_dags/example_branch_python_dop_operator_3.py for tasks to queue
[2024-04-16T10:27:35.870+0000] {logging_mixin.py:120} INFO - [2024-04-16T10:27:35.870+0000] {dagbag.py:537} INFO - Filling up the DagBag from /home/airflow/.local/lib/python3.7/site-packages/airflow/example_dags/example_branch_python_dop_operator_3.py
[2024-04-16T10:27:35.916+0000] {processor.py:766} INFO - DAG(s) dict_keys(['example_branch_dop_operator_v3']) retrieved from /home/airflow/.local/lib/python3.7/site-packages/airflow/example_dags/example_branch_python_dop_operator_3.py
[2024-04-16T10:27:36.000+0000] {logging_mixin.py:120} INFO - [2024-04-16T10:27:36.000+0000] {dag.py:2585} INFO - Sync 1 DAGs
[2024-04-16T10:27:36.059+0000] {logging_mixin.py:120} INFO - [2024-04-16T10:27:36.059+0000] {dag.py:3340} INFO - Setting next_dagrun for example_branch_dop_operator_v3 to 2024-04-16T10:26:00+00:00, run_after=2024-04-16T10:27:00+00:00
[2024-04-16T10:27:36.139+0000] {processor.py:176} INFO - Processing /home/airflow/.local/lib/python3.7/site-packages/airflow/example_dags/example_branch_python_dop_operator_3.py took 0.280 seconds
[2024-04-16T13:04:09.598+0000] {processor.py:154} INFO - Started process (PID=701) to work on /home/airflow/.local/lib/python3.7/site-packages/airflow/example_dags/example_branch_python_dop_operator_3.py
[2024-04-16T13:04:09.606+0000] {processor.py:756} INFO - Processing file /home/airflow/.local/lib/python3.7/site-packages/airflow/example_dags/example_branch_python_dop_operator_3.py for tasks to queue
[2024-04-16T13:04:09.608+0000] {logging_mixin.py:120} INFO - [2024-04-16T13:04:09.608+0000] {dagbag.py:537} INFO - Filling up the DagBag from /home/airflow/.local/lib/python3.7/site-packages/airflow/example_dags/example_branch_python_dop_operator_3.py
[2024-04-16T13:04:09.694+0000] {processor.py:766} INFO - DAG(s) dict_keys(['example_branch_dop_operator_v3']) retrieved from /home/airflow/.local/lib/python3.7/site-packages/airflow/example_dags/example_branch_python_dop_operator_3.py
[2024-04-16T13:04:09.916+0000] {logging_mixin.py:120} INFO - [2024-04-16T13:04:09.915+0000] {dag.py:2585} INFO - Sync 1 DAGs
[2024-04-16T13:04:10.038+0000] {logging_mixin.py:120} INFO - [2024-04-16T13:04:10.038+0000] {dag.py:3340} INFO - Setting next_dagrun for example_branch_dop_operator_v3 to 2024-04-16T13:03:00+00:00, run_after=2024-04-16T13:04:00+00:00
[2024-04-16T13:04:10.083+0000] {processor.py:176} INFO - Processing /home/airflow/.local/lib/python3.7/site-packages/airflow/example_dags/example_branch_python_dop_operator_3.py took 0.501 seconds
[2024-04-16T13:04:41.594+0000] {processor.py:154} INFO - Started process (PID=770) to work on /home/airflow/.local/lib/python3.7/site-packages/airflow/example_dags/example_branch_python_dop_operator_3.py
[2024-04-16T13:04:41.601+0000] {processor.py:756} INFO - Processing file /home/airflow/.local/lib/python3.7/site-packages/airflow/example_dags/example_branch_python_dop_operator_3.py for tasks to queue
[2024-04-16T13:04:41.614+0000] {logging_mixin.py:120} INFO - [2024-04-16T13:04:41.611+0000] {dagbag.py:537} INFO - Filling up the DagBag from /home/airflow/.local/lib/python3.7/site-packages/airflow/example_dags/example_branch_python_dop_operator_3.py
[2024-04-16T13:04:41.779+0000] {processor.py:766} INFO - DAG(s) dict_keys(['example_branch_dop_operator_v3']) retrieved from /home/airflow/.local/lib/python3.7/site-packages/airflow/example_dags/example_branch_python_dop_operator_3.py
[2024-04-16T13:04:41.916+0000] {logging_mixin.py:120} INFO - [2024-04-16T13:04:41.916+0000] {dag.py:2585} INFO - Sync 1 DAGs
[2024-04-16T13:04:41.997+0000] {logging_mixin.py:120} INFO - [2024-04-16T13:04:41.997+0000] {dag.py:3340} INFO - Setting next_dagrun for example_branch_dop_operator_v3 to 2024-04-16T13:03:00+00:00, run_after=2024-04-16T13:04:00+00:00
[2024-04-16T13:04:42.040+0000] {processor.py:176} INFO - Processing /home/airflow/.local/lib/python3.7/site-packages/airflow/example_dags/example_branch_python_dop_operator_3.py took 0.489 seconds
[2024-04-16T13:05:12.247+0000] {processor.py:154} INFO - Started process (PID=849) to work on /home/airflow/.local/lib/python3.7/site-packages/airflow/example_dags/example_branch_python_dop_operator_3.py
[2024-04-16T13:05:12.251+0000] {processor.py:756} INFO - Processing file /home/airflow/.local/lib/python3.7/site-packages/airflow/example_dags/example_branch_python_dop_operator_3.py for tasks to queue
[2024-04-16T13:05:12.254+0000] {logging_mixin.py:120} INFO - [2024-04-16T13:05:12.254+0000] {dagbag.py:537} INFO - Filling up the DagBag from /home/airflow/.local/lib/python3.7/site-packages/airflow/example_dags/example_branch_python_dop_operator_3.py
[2024-04-16T13:05:12.294+0000] {processor.py:766} INFO - DAG(s) dict_keys(['example_branch_dop_operator_v3']) retrieved from /home/airflow/.local/lib/python3.7/site-packages/airflow/example_dags/example_branch_python_dop_operator_3.py
[2024-04-16T13:05:12.382+0000] {logging_mixin.py:120} INFO - [2024-04-16T13:05:12.381+0000] {dag.py:2585} INFO - Sync 1 DAGs
[2024-04-16T13:05:12.431+0000] {logging_mixin.py:120} INFO - [2024-04-16T13:05:12.430+0000] {dag.py:3340} INFO - Setting next_dagrun for example_branch_dop_operator_v3 to 2024-04-16T13:04:00+00:00, run_after=2024-04-16T13:05:00+00:00
[2024-04-16T13:05:12.463+0000] {processor.py:176} INFO - Processing /home/airflow/.local/lib/python3.7/site-packages/airflow/example_dags/example_branch_python_dop_operator_3.py took 0.223 seconds
[2024-04-16T13:05:43.243+0000] {processor.py:154} INFO - Started process (PID=922) to work on /home/airflow/.local/lib/python3.7/site-packages/airflow/example_dags/example_branch_python_dop_operator_3.py
[2024-04-16T13:05:43.246+0000] {processor.py:756} INFO - Processing file /home/airflow/.local/lib/python3.7/site-packages/airflow/example_dags/example_branch_python_dop_operator_3.py for tasks to queue
[2024-04-16T13:05:43.249+0000] {logging_mixin.py:120} INFO - [2024-04-16T13:05:43.248+0000] {dagbag.py:537} INFO - Filling up the DagBag from /home/airflow/.local/lib/python3.7/site-packages/airflow/example_dags/example_branch_python_dop_operator_3.py
[2024-04-16T13:05:43.291+0000] {processor.py:766} INFO - DAG(s) dict_keys(['example_branch_dop_operator_v3']) retrieved from /home/airflow/.local/lib/python3.7/site-packages/airflow/example_dags/example_branch_python_dop_operator_3.py
[2024-04-16T13:05:43.376+0000] {logging_mixin.py:120} INFO - [2024-04-16T13:05:43.376+0000] {dag.py:2585} INFO - Sync 1 DAGs
[2024-04-16T13:05:43.448+0000] {logging_mixin.py:120} INFO - [2024-04-16T13:05:43.448+0000] {dag.py:3340} INFO - Setting next_dagrun for example_branch_dop_operator_v3 to 2024-04-16T13:04:00+00:00, run_after=2024-04-16T13:05:00+00:00
[2024-04-16T13:05:43.489+0000] {processor.py:176} INFO - Processing /home/airflow/.local/lib/python3.7/site-packages/airflow/example_dags/example_branch_python_dop_operator_3.py took 0.261 seconds
[2024-04-16T13:06:13.748+0000] {processor.py:154} INFO - Started process (PID=1001) to work on /home/airflow/.local/lib/python3.7/site-packages/airflow/example_dags/example_branch_python_dop_operator_3.py
[2024-04-16T13:06:13.750+0000] {processor.py:756} INFO - Processing file /home/airflow/.local/lib/python3.7/site-packages/airflow/example_dags/example_branch_python_dop_operator_3.py for tasks to queue
[2024-04-16T13:06:13.751+0000] {logging_mixin.py:120} INFO - [2024-04-16T13:06:13.751+0000] {dagbag.py:537} INFO - Filling up the DagBag from /home/airflow/.local/lib/python3.7/site-packages/airflow/example_dags/example_branch_python_dop_operator_3.py
[2024-04-16T13:06:13.789+0000] {processor.py:766} INFO - DAG(s) dict_keys(['example_branch_dop_operator_v3']) retrieved from /home/airflow/.local/lib/python3.7/site-packages/airflow/example_dags/example_branch_python_dop_operator_3.py
[2024-04-16T13:06:13.856+0000] {logging_mixin.py:120} INFO - [2024-04-16T13:06:13.856+0000] {dag.py:2585} INFO - Sync 1 DAGs
[2024-04-16T13:06:13.903+0000] {logging_mixin.py:120} INFO - [2024-04-16T13:06:13.903+0000] {dag.py:3340} INFO - Setting next_dagrun for example_branch_dop_operator_v3 to 2024-04-16T13:05:00+00:00, run_after=2024-04-16T13:06:00+00:00
[2024-04-16T13:06:13.936+0000] {processor.py:176} INFO - Processing /home/airflow/.local/lib/python3.7/site-packages/airflow/example_dags/example_branch_python_dop_operator_3.py took 0.194 seconds
[2024-04-16T13:06:44.277+0000] {processor.py:154} INFO - Started process (PID=1069) to work on /home/airflow/.local/lib/python3.7/site-packages/airflow/example_dags/example_branch_python_dop_operator_3.py
[2024-04-16T13:06:44.280+0000] {processor.py:756} INFO - Processing file /home/airflow/.local/lib/python3.7/site-packages/airflow/example_dags/example_branch_python_dop_operator_3.py for tasks to queue
[2024-04-16T13:06:44.283+0000] {logging_mixin.py:120} INFO - [2024-04-16T13:06:44.283+0000] {dagbag.py:537} INFO - Filling up the DagBag from /home/airflow/.local/lib/python3.7/site-packages/airflow/example_dags/example_branch_python_dop_operator_3.py
[2024-04-16T13:06:44.376+0000] {processor.py:766} INFO - DAG(s) dict_keys(['example_branch_dop_operator_v3']) retrieved from /home/airflow/.local/lib/python3.7/site-packages/airflow/example_dags/example_branch_python_dop_operator_3.py
[2024-04-16T13:06:44.494+0000] {logging_mixin.py:120} INFO - [2024-04-16T13:06:44.494+0000] {dag.py:2585} INFO - Sync 1 DAGs
[2024-04-16T13:06:44.576+0000] {logging_mixin.py:120} INFO - [2024-04-16T13:06:44.576+0000] {dag.py:3340} INFO - Setting next_dagrun for example_branch_dop_operator_v3 to 2024-04-16T13:05:00+00:00, run_after=2024-04-16T13:06:00+00:00
[2024-04-16T13:06:44.613+0000] {processor.py:176} INFO - Processing /home/airflow/.local/lib/python3.7/site-packages/airflow/example_dags/example_branch_python_dop_operator_3.py took 0.349 seconds
[2024-04-16T13:07:14.687+0000] {processor.py:154} INFO - Started process (PID=1138) to work on /home/airflow/.local/lib/python3.7/site-packages/airflow/example_dags/example_branch_python_dop_operator_3.py
[2024-04-16T13:07:14.690+0000] {processor.py:756} INFO - Processing file /home/airflow/.local/lib/python3.7/site-packages/airflow/example_dags/example_branch_python_dop_operator_3.py for tasks to queue
[2024-04-16T13:07:14.693+0000] {logging_mixin.py:120} INFO - [2024-04-16T13:07:14.692+0000] {dagbag.py:537} INFO - Filling up the DagBag from /home/airflow/.local/lib/python3.7/site-packages/airflow/example_dags/example_branch_python_dop_operator_3.py
[2024-04-16T13:07:14.734+0000] {processor.py:766} INFO - DAG(s) dict_keys(['example_branch_dop_operator_v3']) retrieved from /home/airflow/.local/lib/python3.7/site-packages/airflow/example_dags/example_branch_python_dop_operator_3.py
[2024-04-16T13:07:14.815+0000] {logging_mixin.py:120} INFO - [2024-04-16T13:07:14.815+0000] {dag.py:2585} INFO - Sync 1 DAGs
[2024-04-16T13:07:14.864+0000] {logging_mixin.py:120} INFO - [2024-04-16T13:07:14.863+0000] {dag.py:3340} INFO - Setting next_dagrun for example_branch_dop_operator_v3 to 2024-04-16T13:06:00+00:00, run_after=2024-04-16T13:07:00+00:00
[2024-04-16T13:07:14.898+0000] {processor.py:176} INFO - Processing /home/airflow/.local/lib/python3.7/site-packages/airflow/example_dags/example_branch_python_dop_operator_3.py took 0.217 seconds
[2024-04-16T13:07:45.772+0000] {processor.py:154} INFO - Started process (PID=1216) to work on /home/airflow/.local/lib/python3.7/site-packages/airflow/example_dags/example_branch_python_dop_operator_3.py
[2024-04-16T13:07:45.774+0000] {processor.py:756} INFO - Processing file /home/airflow/.local/lib/python3.7/site-packages/airflow/example_dags/example_branch_python_dop_operator_3.py for tasks to queue
[2024-04-16T13:07:45.775+0000] {logging_mixin.py:120} INFO - [2024-04-16T13:07:45.775+0000] {dagbag.py:537} INFO - Filling up the DagBag from /home/airflow/.local/lib/python3.7/site-packages/airflow/example_dags/example_branch_python_dop_operator_3.py
[2024-04-16T13:07:45.815+0000] {processor.py:766} INFO - DAG(s) dict_keys(['example_branch_dop_operator_v3']) retrieved from /home/airflow/.local/lib/python3.7/site-packages/airflow/example_dags/example_branch_python_dop_operator_3.py
[2024-04-16T13:07:45.892+0000] {logging_mixin.py:120} INFO - [2024-04-16T13:07:45.892+0000] {dag.py:2585} INFO - Sync 1 DAGs
[2024-04-16T13:07:45.940+0000] {logging_mixin.py:120} INFO - [2024-04-16T13:07:45.940+0000] {dag.py:3340} INFO - Setting next_dagrun for example_branch_dop_operator_v3 to 2024-04-16T13:06:00+00:00, run_after=2024-04-16T13:07:00+00:00
[2024-04-16T13:07:45.972+0000] {processor.py:176} INFO - Processing /home/airflow/.local/lib/python3.7/site-packages/airflow/example_dags/example_branch_python_dop_operator_3.py took 0.207 seconds
[2024-04-16T13:08:16.666+0000] {processor.py:154} INFO - Started process (PID=1285) to work on /home/airflow/.local/lib/python3.7/site-packages/airflow/example_dags/example_branch_python_dop_operator_3.py
[2024-04-16T13:08:16.669+0000] {processor.py:756} INFO - Processing file /home/airflow/.local/lib/python3.7/site-packages/airflow/example_dags/example_branch_python_dop_operator_3.py for tasks to queue
[2024-04-16T13:08:16.671+0000] {logging_mixin.py:120} INFO - [2024-04-16T13:08:16.671+0000] {dagbag.py:537} INFO - Filling up the DagBag from /home/airflow/.local/lib/python3.7/site-packages/airflow/example_dags/example_branch_python_dop_operator_3.py
[2024-04-16T13:08:16.709+0000] {processor.py:766} INFO - DAG(s) dict_keys(['example_branch_dop_operator_v3']) retrieved from /home/airflow/.local/lib/python3.7/site-packages/airflow/example_dags/example_branch_python_dop_operator_3.py
[2024-04-16T13:08:16.777+0000] {logging_mixin.py:120} INFO - [2024-04-16T13:08:16.777+0000] {dag.py:2585} INFO - Sync 1 DAGs
[2024-04-16T13:08:16.824+0000] {logging_mixin.py:120} INFO - [2024-04-16T13:08:16.824+0000] {dag.py:3340} INFO - Setting next_dagrun for example_branch_dop_operator_v3 to 2024-04-16T13:07:00+00:00, run_after=2024-04-16T13:08:00+00:00
[2024-04-16T13:08:16.861+0000] {processor.py:176} INFO - Processing /home/airflow/.local/lib/python3.7/site-packages/airflow/example_dags/example_branch_python_dop_operator_3.py took 0.210 seconds
[2024-04-16T13:08:47.032+0000] {processor.py:154} INFO - Started process (PID=1363) to work on /home/airflow/.local/lib/python3.7/site-packages/airflow/example_dags/example_branch_python_dop_operator_3.py
[2024-04-16T13:08:47.035+0000] {processor.py:756} INFO - Processing file /home/airflow/.local/lib/python3.7/site-packages/airflow/example_dags/example_branch_python_dop_operator_3.py for tasks to queue
[2024-04-16T13:08:47.037+0000] {logging_mixin.py:120} INFO - [2024-04-16T13:08:47.037+0000] {dagbag.py:537} INFO - Filling up the DagBag from /home/airflow/.local/lib/python3.7/site-packages/airflow/example_dags/example_branch_python_dop_operator_3.py
[2024-04-16T13:08:47.118+0000] {processor.py:766} INFO - DAG(s) dict_keys(['example_branch_dop_operator_v3']) retrieved from /home/airflow/.local/lib/python3.7/site-packages/airflow/example_dags/example_branch_python_dop_operator_3.py
[2024-04-16T13:08:47.237+0000] {logging_mixin.py:120} INFO - [2024-04-16T13:08:47.237+0000] {dag.py:2585} INFO - Sync 1 DAGs
[2024-04-16T13:08:47.313+0000] {logging_mixin.py:120} INFO - [2024-04-16T13:08:47.312+0000] {dag.py:3340} INFO - Setting next_dagrun for example_branch_dop_operator_v3 to 2024-04-16T13:07:00+00:00, run_after=2024-04-16T13:08:00+00:00
[2024-04-16T13:08:47.346+0000] {processor.py:176} INFO - Processing /home/airflow/.local/lib/python3.7/site-packages/airflow/example_dags/example_branch_python_dop_operator_3.py took 0.324 seconds
[2024-04-16T13:09:18.131+0000] {processor.py:154} INFO - Started process (PID=1433) to work on /home/airflow/.local/lib/python3.7/site-packages/airflow/example_dags/example_branch_python_dop_operator_3.py
[2024-04-16T13:09:18.135+0000] {processor.py:756} INFO - Processing file /home/airflow/.local/lib/python3.7/site-packages/airflow/example_dags/example_branch_python_dop_operator_3.py for tasks to queue
[2024-04-16T13:09:18.138+0000] {logging_mixin.py:120} INFO - [2024-04-16T13:09:18.138+0000] {dagbag.py:537} INFO - Filling up the DagBag from /home/airflow/.local/lib/python3.7/site-packages/airflow/example_dags/example_branch_python_dop_operator_3.py
[2024-04-16T13:09:18.182+0000] {processor.py:766} INFO - DAG(s) dict_keys(['example_branch_dop_operator_v3']) retrieved from /home/airflow/.local/lib/python3.7/site-packages/airflow/example_dags/example_branch_python_dop_operator_3.py
[2024-04-16T13:09:18.259+0000] {logging_mixin.py:120} INFO - [2024-04-16T13:09:18.259+0000] {dag.py:2585} INFO - Sync 1 DAGs
[2024-04-16T13:09:18.306+0000] {logging_mixin.py:120} INFO - [2024-04-16T13:09:18.306+0000] {dag.py:3340} INFO - Setting next_dagrun for example_branch_dop_operator_v3 to 2024-04-16T13:08:00+00:00, run_after=2024-04-16T13:09:00+00:00
[2024-04-16T13:09:18.334+0000] {processor.py:176} INFO - Processing /home/airflow/.local/lib/python3.7/site-packages/airflow/example_dags/example_branch_python_dop_operator_3.py took 0.210 seconds
[2024-04-16T13:09:49.323+0000] {processor.py:154} INFO - Started process (PID=1504) to work on /home/airflow/.local/lib/python3.7/site-packages/airflow/example_dags/example_branch_python_dop_operator_3.py
[2024-04-16T13:09:49.329+0000] {processor.py:756} INFO - Processing file /home/airflow/.local/lib/python3.7/site-packages/airflow/example_dags/example_branch_python_dop_operator_3.py for tasks to queue
[2024-04-16T13:09:49.331+0000] {logging_mixin.py:120} INFO - [2024-04-16T13:09:49.330+0000] {dagbag.py:537} INFO - Filling up the DagBag from /home/airflow/.local/lib/python3.7/site-packages/airflow/example_dags/example_branch_python_dop_operator_3.py
[2024-04-16T13:09:49.378+0000] {processor.py:766} INFO - DAG(s) dict_keys(['example_branch_dop_operator_v3']) retrieved from /home/airflow/.local/lib/python3.7/site-packages/airflow/example_dags/example_branch_python_dop_operator_3.py
[2024-04-16T13:09:49.447+0000] {logging_mixin.py:120} INFO - [2024-04-16T13:09:49.447+0000] {dag.py:2585} INFO - Sync 1 DAGs
[2024-04-16T13:09:49.512+0000] {logging_mixin.py:120} INFO - [2024-04-16T13:09:49.512+0000] {dag.py:3340} INFO - Setting next_dagrun for example_branch_dop_operator_v3 to 2024-04-16T13:08:00+00:00, run_after=2024-04-16T13:09:00+00:00
[2024-04-16T13:09:49.555+0000] {processor.py:176} INFO - Processing /home/airflow/.local/lib/python3.7/site-packages/airflow/example_dags/example_branch_python_dop_operator_3.py took 0.238 seconds
[2024-04-16T13:10:19.720+0000] {processor.py:154} INFO - Started process (PID=1582) to work on /home/airflow/.local/lib/python3.7/site-packages/airflow/example_dags/example_branch_python_dop_operator_3.py
[2024-04-16T13:10:19.724+0000] {processor.py:756} INFO - Processing file /home/airflow/.local/lib/python3.7/site-packages/airflow/example_dags/example_branch_python_dop_operator_3.py for tasks to queue
[2024-04-16T13:10:19.727+0000] {logging_mixin.py:120} INFO - [2024-04-16T13:10:19.726+0000] {dagbag.py:537} INFO - Filling up the DagBag from /home/airflow/.local/lib/python3.7/site-packages/airflow/example_dags/example_branch_python_dop_operator_3.py
[2024-04-16T13:10:19.777+0000] {processor.py:766} INFO - DAG(s) dict_keys(['example_branch_dop_operator_v3']) retrieved from /home/airflow/.local/lib/python3.7/site-packages/airflow/example_dags/example_branch_python_dop_operator_3.py
[2024-04-16T13:10:19.847+0000] {logging_mixin.py:120} INFO - [2024-04-16T13:10:19.847+0000] {dag.py:2585} INFO - Sync 1 DAGs
[2024-04-16T13:10:19.898+0000] {logging_mixin.py:120} INFO - [2024-04-16T13:10:19.898+0000] {dag.py:3340} INFO - Setting next_dagrun for example_branch_dop_operator_v3 to 2024-04-16T13:09:00+00:00, run_after=2024-04-16T13:10:00+00:00
[2024-04-16T13:10:19.951+0000] {processor.py:176} INFO - Processing /home/airflow/.local/lib/python3.7/site-packages/airflow/example_dags/example_branch_python_dop_operator_3.py took 0.240 seconds
[2024-04-16T13:10:50.043+0000] {processor.py:154} INFO - Started process (PID=1651) to work on /home/airflow/.local/lib/python3.7/site-packages/airflow/example_dags/example_branch_python_dop_operator_3.py
[2024-04-16T13:10:50.045+0000] {processor.py:756} INFO - Processing file /home/airflow/.local/lib/python3.7/site-packages/airflow/example_dags/example_branch_python_dop_operator_3.py for tasks to queue
[2024-04-16T13:10:50.048+0000] {logging_mixin.py:120} INFO - [2024-04-16T13:10:50.047+0000] {dagbag.py:537} INFO - Filling up the DagBag from /home/airflow/.local/lib/python3.7/site-packages/airflow/example_dags/example_branch_python_dop_operator_3.py
[2024-04-16T13:10:50.087+0000] {processor.py:766} INFO - DAG(s) dict_keys(['example_branch_dop_operator_v3']) retrieved from /home/airflow/.local/lib/python3.7/site-packages/airflow/example_dags/example_branch_python_dop_operator_3.py
[2024-04-16T13:10:50.162+0000] {logging_mixin.py:120} INFO - [2024-04-16T13:10:50.161+0000] {dag.py:2585} INFO - Sync 1 DAGs
[2024-04-16T13:10:50.220+0000] {logging_mixin.py:120} INFO - [2024-04-16T13:10:50.219+0000] {dag.py:3340} INFO - Setting next_dagrun for example_branch_dop_operator_v3 to 2024-04-16T13:09:00+00:00, run_after=2024-04-16T13:10:00+00:00
[2024-04-16T13:10:50.260+0000] {processor.py:176} INFO - Processing /home/airflow/.local/lib/python3.7/site-packages/airflow/example_dags/example_branch_python_dop_operator_3.py took 0.225 seconds
[2024-04-16T13:11:21.023+0000] {processor.py:154} INFO - Started process (PID=1729) to work on /home/airflow/.local/lib/python3.7/site-packages/airflow/example_dags/example_branch_python_dop_operator_3.py
[2024-04-16T13:11:21.025+0000] {processor.py:756} INFO - Processing file /home/airflow/.local/lib/python3.7/site-packages/airflow/example_dags/example_branch_python_dop_operator_3.py for tasks to queue
[2024-04-16T13:11:21.027+0000] {logging_mixin.py:120} INFO - [2024-04-16T13:11:21.027+0000] {dagbag.py:537} INFO - Filling up the DagBag from /home/airflow/.local/lib/python3.7/site-packages/airflow/example_dags/example_branch_python_dop_operator_3.py
[2024-04-16T13:11:21.070+0000] {processor.py:766} INFO - DAG(s) dict_keys(['example_branch_dop_operator_v3']) retrieved from /home/airflow/.local/lib/python3.7/site-packages/airflow/example_dags/example_branch_python_dop_operator_3.py
[2024-04-16T13:11:21.146+0000] {logging_mixin.py:120} INFO - [2024-04-16T13:11:21.146+0000] {dag.py:2585} INFO - Sync 1 DAGs
[2024-04-16T13:11:21.195+0000] {logging_mixin.py:120} INFO - [2024-04-16T13:11:21.195+0000] {dag.py:3340} INFO - Setting next_dagrun for example_branch_dop_operator_v3 to 2024-04-16T13:10:00+00:00, run_after=2024-04-16T13:11:00+00:00
[2024-04-16T13:11:21.225+0000] {processor.py:176} INFO - Processing /home/airflow/.local/lib/python3.7/site-packages/airflow/example_dags/example_branch_python_dop_operator_3.py took 0.207 seconds
[2024-04-16T13:11:51.335+0000] {processor.py:154} INFO - Started process (PID=1798) to work on /home/airflow/.local/lib/python3.7/site-packages/airflow/example_dags/example_branch_python_dop_operator_3.py
[2024-04-16T13:11:51.339+0000] {processor.py:756} INFO - Processing file /home/airflow/.local/lib/python3.7/site-packages/airflow/example_dags/example_branch_python_dop_operator_3.py for tasks to queue
[2024-04-16T13:11:51.341+0000] {logging_mixin.py:120} INFO - [2024-04-16T13:11:51.341+0000] {dagbag.py:537} INFO - Filling up the DagBag from /home/airflow/.local/lib/python3.7/site-packages/airflow/example_dags/example_branch_python_dop_operator_3.py
[2024-04-16T13:11:51.386+0000] {processor.py:766} INFO - DAG(s) dict_keys(['example_branch_dop_operator_v3']) retrieved from /home/airflow/.local/lib/python3.7/site-packages/airflow/example_dags/example_branch_python_dop_operator_3.py
[2024-04-16T13:11:51.461+0000] {logging_mixin.py:120} INFO - [2024-04-16T13:11:51.461+0000] {dag.py:2585} INFO - Sync 1 DAGs
[2024-04-16T13:11:51.508+0000] {logging_mixin.py:120} INFO - [2024-04-16T13:11:51.508+0000] {dag.py:3340} INFO - Setting next_dagrun for example_branch_dop_operator_v3 to 2024-04-16T13:10:00+00:00, run_after=2024-04-16T13:11:00+00:00
[2024-04-16T13:11:51.545+0000] {processor.py:176} INFO - Processing /home/airflow/.local/lib/python3.7/site-packages/airflow/example_dags/example_branch_python_dop_operator_3.py took 0.222 seconds
[2024-04-16T13:12:22.133+0000] {processor.py:154} INFO - Started process (PID=1876) to work on /home/airflow/.local/lib/python3.7/site-packages/airflow/example_dags/example_branch_python_dop_operator_3.py
[2024-04-16T13:12:22.135+0000] {processor.py:756} INFO - Processing file /home/airflow/.local/lib/python3.7/site-packages/airflow/example_dags/example_branch_python_dop_operator_3.py for tasks to queue
[2024-04-16T13:12:22.138+0000] {logging_mixin.py:120} INFO - [2024-04-16T13:12:22.138+0000] {dagbag.py:537} INFO - Filling up the DagBag from /home/airflow/.local/lib/python3.7/site-packages/airflow/example_dags/example_branch_python_dop_operator_3.py
[2024-04-16T13:12:22.190+0000] {processor.py:766} INFO - DAG(s) dict_keys(['example_branch_dop_operator_v3']) retrieved from /home/airflow/.local/lib/python3.7/site-packages/airflow/example_dags/example_branch_python_dop_operator_3.py
[2024-04-16T13:12:22.413+0000] {logging_mixin.py:120} INFO - [2024-04-16T13:12:22.413+0000] {dag.py:2585} INFO - Sync 1 DAGs
[2024-04-16T13:12:22.479+0000] {logging_mixin.py:120} INFO - [2024-04-16T13:12:22.479+0000] {dag.py:3340} INFO - Setting next_dagrun for example_branch_dop_operator_v3 to 2024-04-16T13:11:00+00:00, run_after=2024-04-16T13:12:00+00:00
[2024-04-16T13:12:22.516+0000] {processor.py:176} INFO - Processing /home/airflow/.local/lib/python3.7/site-packages/airflow/example_dags/example_branch_python_dop_operator_3.py took 0.390 seconds
[2024-04-16T13:12:52.743+0000] {processor.py:154} INFO - Started process (PID=1946) to work on /home/airflow/.local/lib/python3.7/site-packages/airflow/example_dags/example_branch_python_dop_operator_3.py
[2024-04-16T13:12:52.746+0000] {processor.py:756} INFO - Processing file /home/airflow/.local/lib/python3.7/site-packages/airflow/example_dags/example_branch_python_dop_operator_3.py for tasks to queue
[2024-04-16T13:12:52.747+0000] {logging_mixin.py:120} INFO - [2024-04-16T13:12:52.747+0000] {dagbag.py:537} INFO - Filling up the DagBag from /home/airflow/.local/lib/python3.7/site-packages/airflow/example_dags/example_branch_python_dop_operator_3.py
[2024-04-16T13:12:52.784+0000] {processor.py:766} INFO - DAG(s) dict_keys(['example_branch_dop_operator_v3']) retrieved from /home/airflow/.local/lib/python3.7/site-packages/airflow/example_dags/example_branch_python_dop_operator_3.py
[2024-04-16T13:12:52.854+0000] {logging_mixin.py:120} INFO - [2024-04-16T13:12:52.854+0000] {dag.py:2585} INFO - Sync 1 DAGs
[2024-04-16T13:12:52.906+0000] {logging_mixin.py:120} INFO - [2024-04-16T13:12:52.905+0000] {dag.py:3340} INFO - Setting next_dagrun for example_branch_dop_operator_v3 to 2024-04-16T13:11:00+00:00, run_after=2024-04-16T13:12:00+00:00
[2024-04-16T13:12:52.940+0000] {processor.py:176} INFO - Processing /home/airflow/.local/lib/python3.7/site-packages/airflow/example_dags/example_branch_python_dop_operator_3.py took 0.206 seconds
[2024-04-16T13:13:24.068+0000] {processor.py:154} INFO - Started process (PID=2024) to work on /home/airflow/.local/lib/python3.7/site-packages/airflow/example_dags/example_branch_python_dop_operator_3.py
[2024-04-16T13:13:24.084+0000] {processor.py:756} INFO - Processing file /home/airflow/.local/lib/python3.7/site-packages/airflow/example_dags/example_branch_python_dop_operator_3.py for tasks to queue
[2024-04-16T13:13:24.088+0000] {logging_mixin.py:120} INFO - [2024-04-16T13:13:24.087+0000] {dagbag.py:537} INFO - Filling up the DagBag from /home/airflow/.local/lib/python3.7/site-packages/airflow/example_dags/example_branch_python_dop_operator_3.py
[2024-04-16T13:13:24.183+0000] {processor.py:766} INFO - DAG(s) dict_keys(['example_branch_dop_operator_v3']) retrieved from /home/airflow/.local/lib/python3.7/site-packages/airflow/example_dags/example_branch_python_dop_operator_3.py
[2024-04-16T13:13:24.308+0000] {logging_mixin.py:120} INFO - [2024-04-16T13:13:24.308+0000] {dag.py:2585} INFO - Sync 1 DAGs
[2024-04-16T13:13:24.365+0000] {logging_mixin.py:120} INFO - [2024-04-16T13:13:24.365+0000] {dag.py:3340} INFO - Setting next_dagrun for example_branch_dop_operator_v3 to 2024-04-16T13:12:00+00:00, run_after=2024-04-16T13:13:00+00:00
[2024-04-16T13:13:24.408+0000] {processor.py:176} INFO - Processing /home/airflow/.local/lib/python3.7/site-packages/airflow/example_dags/example_branch_python_dop_operator_3.py took 0.362 seconds
[2024-04-16T13:13:55.010+0000] {processor.py:154} INFO - Started process (PID=2094) to work on /home/airflow/.local/lib/python3.7/site-packages/airflow/example_dags/example_branch_python_dop_operator_3.py
[2024-04-16T13:13:55.017+0000] {processor.py:756} INFO - Processing file /home/airflow/.local/lib/python3.7/site-packages/airflow/example_dags/example_branch_python_dop_operator_3.py for tasks to queue
[2024-04-16T13:13:55.021+0000] {logging_mixin.py:120} INFO - [2024-04-16T13:13:55.020+0000] {dagbag.py:537} INFO - Filling up the DagBag from /home/airflow/.local/lib/python3.7/site-packages/airflow/example_dags/example_branch_python_dop_operator_3.py
[2024-04-16T13:13:55.088+0000] {processor.py:766} INFO - DAG(s) dict_keys(['example_branch_dop_operator_v3']) retrieved from /home/airflow/.local/lib/python3.7/site-packages/airflow/example_dags/example_branch_python_dop_operator_3.py
[2024-04-16T13:13:55.189+0000] {logging_mixin.py:120} INFO - [2024-04-16T13:13:55.189+0000] {dag.py:2585} INFO - Sync 1 DAGs
[2024-04-16T13:13:55.245+0000] {logging_mixin.py:120} INFO - [2024-04-16T13:13:55.245+0000] {dag.py:3340} INFO - Setting next_dagrun for example_branch_dop_operator_v3 to 2024-04-16T13:12:00+00:00, run_after=2024-04-16T13:13:00+00:00
[2024-04-16T13:13:55.278+0000] {processor.py:176} INFO - Processing /home/airflow/.local/lib/python3.7/site-packages/airflow/example_dags/example_branch_python_dop_operator_3.py took 0.279 seconds
[2024-04-16T13:14:25.833+0000] {processor.py:154} INFO - Started process (PID=2172) to work on /home/airflow/.local/lib/python3.7/site-packages/airflow/example_dags/example_branch_python_dop_operator_3.py
[2024-04-16T13:14:25.836+0000] {processor.py:756} INFO - Processing file /home/airflow/.local/lib/python3.7/site-packages/airflow/example_dags/example_branch_python_dop_operator_3.py for tasks to queue
[2024-04-16T13:14:25.838+0000] {logging_mixin.py:120} INFO - [2024-04-16T13:14:25.838+0000] {dagbag.py:537} INFO - Filling up the DagBag from /home/airflow/.local/lib/python3.7/site-packages/airflow/example_dags/example_branch_python_dop_operator_3.py
[2024-04-16T13:14:25.883+0000] {processor.py:766} INFO - DAG(s) dict_keys(['example_branch_dop_operator_v3']) retrieved from /home/airflow/.local/lib/python3.7/site-packages/airflow/example_dags/example_branch_python_dop_operator_3.py
[2024-04-16T13:14:25.980+0000] {logging_mixin.py:120} INFO - [2024-04-16T13:14:25.980+0000] {dag.py:2585} INFO - Sync 1 DAGs
[2024-04-16T13:14:26.038+0000] {logging_mixin.py:120} INFO - [2024-04-16T13:14:26.038+0000] {dag.py:3340} INFO - Setting next_dagrun for example_branch_dop_operator_v3 to 2024-04-16T13:13:00+00:00, run_after=2024-04-16T13:14:00+00:00
[2024-04-16T13:14:26.075+0000] {processor.py:176} INFO - Processing /home/airflow/.local/lib/python3.7/site-packages/airflow/example_dags/example_branch_python_dop_operator_3.py took 0.247 seconds
[2024-04-16T13:14:56.836+0000] {processor.py:154} INFO - Started process (PID=2238) to work on /home/airflow/.local/lib/python3.7/site-packages/airflow/example_dags/example_branch_python_dop_operator_3.py
[2024-04-16T13:14:56.839+0000] {processor.py:756} INFO - Processing file /home/airflow/.local/lib/python3.7/site-packages/airflow/example_dags/example_branch_python_dop_operator_3.py for tasks to queue
[2024-04-16T13:14:56.842+0000] {logging_mixin.py:120} INFO - [2024-04-16T13:14:56.841+0000] {dagbag.py:537} INFO - Filling up the DagBag from /home/airflow/.local/lib/python3.7/site-packages/airflow/example_dags/example_branch_python_dop_operator_3.py
[2024-04-16T13:14:56.880+0000] {processor.py:766} INFO - DAG(s) dict_keys(['example_branch_dop_operator_v3']) retrieved from /home/airflow/.local/lib/python3.7/site-packages/airflow/example_dags/example_branch_python_dop_operator_3.py
[2024-04-16T13:14:56.944+0000] {logging_mixin.py:120} INFO - [2024-04-16T13:14:56.944+0000] {dag.py:2585} INFO - Sync 1 DAGs
[2024-04-16T13:14:56.990+0000] {logging_mixin.py:120} INFO - [2024-04-16T13:14:56.990+0000] {dag.py:3340} INFO - Setting next_dagrun for example_branch_dop_operator_v3 to 2024-04-16T13:13:00+00:00, run_after=2024-04-16T13:14:00+00:00
[2024-04-16T13:14:57.025+0000] {processor.py:176} INFO - Processing /home/airflow/.local/lib/python3.7/site-packages/airflow/example_dags/example_branch_python_dop_operator_3.py took 0.195 seconds
[2024-04-16T13:15:27.200+0000] {processor.py:154} INFO - Started process (PID=2314) to work on /home/airflow/.local/lib/python3.7/site-packages/airflow/example_dags/example_branch_python_dop_operator_3.py
[2024-04-16T13:15:27.201+0000] {processor.py:756} INFO - Processing file /home/airflow/.local/lib/python3.7/site-packages/airflow/example_dags/example_branch_python_dop_operator_3.py for tasks to queue
[2024-04-16T13:15:27.203+0000] {logging_mixin.py:120} INFO - [2024-04-16T13:15:27.203+0000] {dagbag.py:537} INFO - Filling up the DagBag from /home/airflow/.local/lib/python3.7/site-packages/airflow/example_dags/example_branch_python_dop_operator_3.py
[2024-04-16T13:15:27.242+0000] {processor.py:766} INFO - DAG(s) dict_keys(['example_branch_dop_operator_v3']) retrieved from /home/airflow/.local/lib/python3.7/site-packages/airflow/example_dags/example_branch_python_dop_operator_3.py
[2024-04-16T13:15:27.306+0000] {logging_mixin.py:120} INFO - [2024-04-16T13:15:27.306+0000] {dag.py:2585} INFO - Sync 1 DAGs
[2024-04-16T13:15:27.354+0000] {logging_mixin.py:120} INFO - [2024-04-16T13:15:27.354+0000] {dag.py:3340} INFO - Setting next_dagrun for example_branch_dop_operator_v3 to 2024-04-16T13:14:00+00:00, run_after=2024-04-16T13:15:00+00:00
[2024-04-16T13:15:27.384+0000] {processor.py:176} INFO - Processing /home/airflow/.local/lib/python3.7/site-packages/airflow/example_dags/example_branch_python_dop_operator_3.py took 0.190 seconds
[2024-04-16T13:15:57.502+0000] {processor.py:154} INFO - Started process (PID=2383) to work on /home/airflow/.local/lib/python3.7/site-packages/airflow/example_dags/example_branch_python_dop_operator_3.py
[2024-04-16T13:15:57.504+0000] {processor.py:756} INFO - Processing file /home/airflow/.local/lib/python3.7/site-packages/airflow/example_dags/example_branch_python_dop_operator_3.py for tasks to queue
[2024-04-16T13:15:57.506+0000] {logging_mixin.py:120} INFO - [2024-04-16T13:15:57.506+0000] {dagbag.py:537} INFO - Filling up the DagBag from /home/airflow/.local/lib/python3.7/site-packages/airflow/example_dags/example_branch_python_dop_operator_3.py
[2024-04-16T13:15:57.551+0000] {processor.py:766} INFO - DAG(s) dict_keys(['example_branch_dop_operator_v3']) retrieved from /home/airflow/.local/lib/python3.7/site-packages/airflow/example_dags/example_branch_python_dop_operator_3.py
[2024-04-16T13:15:57.632+0000] {logging_mixin.py:120} INFO - [2024-04-16T13:15:57.632+0000] {dag.py:2585} INFO - Sync 1 DAGs
[2024-04-16T13:15:57.691+0000] {logging_mixin.py:120} INFO - [2024-04-16T13:15:57.691+0000] {dag.py:3340} INFO - Setting next_dagrun for example_branch_dop_operator_v3 to 2024-04-16T13:14:00+00:00, run_after=2024-04-16T13:15:00+00:00
[2024-04-16T13:15:57.722+0000] {processor.py:176} INFO - Processing /home/airflow/.local/lib/python3.7/site-packages/airflow/example_dags/example_branch_python_dop_operator_3.py took 0.226 seconds
[2024-04-16T13:16:27.788+0000] {processor.py:154} INFO - Started process (PID=2459) to work on /home/airflow/.local/lib/python3.7/site-packages/airflow/example_dags/example_branch_python_dop_operator_3.py
[2024-04-16T13:16:27.790+0000] {processor.py:756} INFO - Processing file /home/airflow/.local/lib/python3.7/site-packages/airflow/example_dags/example_branch_python_dop_operator_3.py for tasks to queue
[2024-04-16T13:16:27.793+0000] {logging_mixin.py:120} INFO - [2024-04-16T13:16:27.792+0000] {dagbag.py:537} INFO - Filling up the DagBag from /home/airflow/.local/lib/python3.7/site-packages/airflow/example_dags/example_branch_python_dop_operator_3.py
[2024-04-16T13:16:27.833+0000] {processor.py:766} INFO - DAG(s) dict_keys(['example_branch_dop_operator_v3']) retrieved from /home/airflow/.local/lib/python3.7/site-packages/airflow/example_dags/example_branch_python_dop_operator_3.py
[2024-04-16T13:16:27.913+0000] {logging_mixin.py:120} INFO - [2024-04-16T13:16:27.913+0000] {dag.py:2585} INFO - Sync 1 DAGs
[2024-04-16T13:16:27.967+0000] {logging_mixin.py:120} INFO - [2024-04-16T13:16:27.967+0000] {dag.py:3340} INFO - Setting next_dagrun for example_branch_dop_operator_v3 to 2024-04-16T13:15:00+00:00, run_after=2024-04-16T13:16:00+00:00
[2024-04-16T13:16:27.998+0000] {processor.py:176} INFO - Processing /home/airflow/.local/lib/python3.7/site-packages/airflow/example_dags/example_branch_python_dop_operator_3.py took 0.215 seconds
[2024-04-16T13:16:58.288+0000] {processor.py:154} INFO - Started process (PID=2528) to work on /home/airflow/.local/lib/python3.7/site-packages/airflow/example_dags/example_branch_python_dop_operator_3.py
[2024-04-16T13:16:58.291+0000] {processor.py:756} INFO - Processing file /home/airflow/.local/lib/python3.7/site-packages/airflow/example_dags/example_branch_python_dop_operator_3.py for tasks to queue
[2024-04-16T13:16:58.293+0000] {logging_mixin.py:120} INFO - [2024-04-16T13:16:58.293+0000] {dagbag.py:537} INFO - Filling up the DagBag from /home/airflow/.local/lib/python3.7/site-packages/airflow/example_dags/example_branch_python_dop_operator_3.py
[2024-04-16T13:16:58.352+0000] {processor.py:766} INFO - DAG(s) dict_keys(['example_branch_dop_operator_v3']) retrieved from /home/airflow/.local/lib/python3.7/site-packages/airflow/example_dags/example_branch_python_dop_operator_3.py
[2024-04-16T13:16:58.442+0000] {logging_mixin.py:120} INFO - [2024-04-16T13:16:58.442+0000] {dag.py:2585} INFO - Sync 1 DAGs
[2024-04-16T13:16:58.487+0000] {logging_mixin.py:120} INFO - [2024-04-16T13:16:58.487+0000] {dag.py:3340} INFO - Setting next_dagrun for example_branch_dop_operator_v3 to 2024-04-16T13:15:00+00:00, run_after=2024-04-16T13:16:00+00:00
[2024-04-16T13:16:58.523+0000] {processor.py:176} INFO - Processing /home/airflow/.local/lib/python3.7/site-packages/airflow/example_dags/example_branch_python_dop_operator_3.py took 0.244 seconds
[2024-04-16T13:17:28.589+0000] {processor.py:154} INFO - Started process (PID=2604) to work on /home/airflow/.local/lib/python3.7/site-packages/airflow/example_dags/example_branch_python_dop_operator_3.py
[2024-04-16T13:17:28.591+0000] {processor.py:756} INFO - Processing file /home/airflow/.local/lib/python3.7/site-packages/airflow/example_dags/example_branch_python_dop_operator_3.py for tasks to queue
[2024-04-16T13:17:28.592+0000] {logging_mixin.py:120} INFO - [2024-04-16T13:17:28.592+0000] {dagbag.py:537} INFO - Filling up the DagBag from /home/airflow/.local/lib/python3.7/site-packages/airflow/example_dags/example_branch_python_dop_operator_3.py
[2024-04-16T13:17:28.629+0000] {processor.py:766} INFO - DAG(s) dict_keys(['example_branch_dop_operator_v3']) retrieved from /home/airflow/.local/lib/python3.7/site-packages/airflow/example_dags/example_branch_python_dop_operator_3.py
[2024-04-16T13:17:28.702+0000] {logging_mixin.py:120} INFO - [2024-04-16T13:17:28.701+0000] {dag.py:2585} INFO - Sync 1 DAGs
[2024-04-16T13:17:28.750+0000] {logging_mixin.py:120} INFO - [2024-04-16T13:17:28.750+0000] {dag.py:3340} INFO - Setting next_dagrun for example_branch_dop_operator_v3 to 2024-04-16T13:16:00+00:00, run_after=2024-04-16T13:17:00+00:00
[2024-04-16T13:17:28.778+0000] {processor.py:176} INFO - Processing /home/airflow/.local/lib/python3.7/site-packages/airflow/example_dags/example_branch_python_dop_operator_3.py took 0.195 seconds
[2024-04-16T13:17:59.265+0000] {processor.py:154} INFO - Started process (PID=2673) to work on /home/airflow/.local/lib/python3.7/site-packages/airflow/example_dags/example_branch_python_dop_operator_3.py
[2024-04-16T13:17:59.269+0000] {processor.py:756} INFO - Processing file /home/airflow/.local/lib/python3.7/site-packages/airflow/example_dags/example_branch_python_dop_operator_3.py for tasks to queue
[2024-04-16T13:17:59.271+0000] {logging_mixin.py:120} INFO - [2024-04-16T13:17:59.270+0000] {dagbag.py:537} INFO - Filling up the DagBag from /home/airflow/.local/lib/python3.7/site-packages/airflow/example_dags/example_branch_python_dop_operator_3.py
[2024-04-16T13:17:59.319+0000] {processor.py:766} INFO - DAG(s) dict_keys(['example_branch_dop_operator_v3']) retrieved from /home/airflow/.local/lib/python3.7/site-packages/airflow/example_dags/example_branch_python_dop_operator_3.py
[2024-04-16T13:17:59.392+0000] {logging_mixin.py:120} INFO - [2024-04-16T13:17:59.392+0000] {dag.py:2585} INFO - Sync 1 DAGs
[2024-04-16T13:17:59.442+0000] {logging_mixin.py:120} INFO - [2024-04-16T13:17:59.442+0000] {dag.py:3340} INFO - Setting next_dagrun for example_branch_dop_operator_v3 to 2024-04-16T13:16:00+00:00, run_after=2024-04-16T13:17:00+00:00
[2024-04-16T13:17:59.477+0000] {processor.py:176} INFO - Processing /home/airflow/.local/lib/python3.7/site-packages/airflow/example_dags/example_branch_python_dop_operator_3.py took 0.224 seconds
[2024-04-16T13:18:29.905+0000] {processor.py:154} INFO - Started process (PID=2751) to work on /home/airflow/.local/lib/python3.7/site-packages/airflow/example_dags/example_branch_python_dop_operator_3.py
[2024-04-16T13:18:29.907+0000] {processor.py:756} INFO - Processing file /home/airflow/.local/lib/python3.7/site-packages/airflow/example_dags/example_branch_python_dop_operator_3.py for tasks to queue
[2024-04-16T13:18:29.910+0000] {logging_mixin.py:120} INFO - [2024-04-16T13:18:29.909+0000] {dagbag.py:537} INFO - Filling up the DagBag from /home/airflow/.local/lib/python3.7/site-packages/airflow/example_dags/example_branch_python_dop_operator_3.py
[2024-04-16T13:18:29.948+0000] {processor.py:766} INFO - DAG(s) dict_keys(['example_branch_dop_operator_v3']) retrieved from /home/airflow/.local/lib/python3.7/site-packages/airflow/example_dags/example_branch_python_dop_operator_3.py
[2024-04-16T13:18:30.009+0000] {logging_mixin.py:120} INFO - [2024-04-16T13:18:30.009+0000] {dag.py:2585} INFO - Sync 1 DAGs
[2024-04-16T13:18:30.065+0000] {logging_mixin.py:120} INFO - [2024-04-16T13:18:30.064+0000] {dag.py:3340} INFO - Setting next_dagrun for example_branch_dop_operator_v3 to 2024-04-16T13:17:00+00:00, run_after=2024-04-16T13:18:00+00:00
[2024-04-16T13:18:30.099+0000] {processor.py:176} INFO - Processing /home/airflow/.local/lib/python3.7/site-packages/airflow/example_dags/example_branch_python_dop_operator_3.py took 0.201 seconds
[2024-04-16T13:19:00.480+0000] {processor.py:154} INFO - Started process (PID=2830) to work on /home/airflow/.local/lib/python3.7/site-packages/airflow/example_dags/example_branch_python_dop_operator_3.py
[2024-04-16T13:19:00.482+0000] {processor.py:756} INFO - Processing file /home/airflow/.local/lib/python3.7/site-packages/airflow/example_dags/example_branch_python_dop_operator_3.py for tasks to queue
[2024-04-16T13:19:00.484+0000] {logging_mixin.py:120} INFO - [2024-04-16T13:19:00.484+0000] {dagbag.py:537} INFO - Filling up the DagBag from /home/airflow/.local/lib/python3.7/site-packages/airflow/example_dags/example_branch_python_dop_operator_3.py
[2024-04-16T13:19:00.526+0000] {processor.py:766} INFO - DAG(s) dict_keys(['example_branch_dop_operator_v3']) retrieved from /home/airflow/.local/lib/python3.7/site-packages/airflow/example_dags/example_branch_python_dop_operator_3.py
[2024-04-16T13:19:00.612+0000] {logging_mixin.py:120} INFO - [2024-04-16T13:19:00.611+0000] {dag.py:2585} INFO - Sync 1 DAGs
[2024-04-16T13:19:00.657+0000] {logging_mixin.py:120} INFO - [2024-04-16T13:19:00.656+0000] {dag.py:3340} INFO - Setting next_dagrun for example_branch_dop_operator_v3 to 2024-04-16T13:18:00+00:00, run_after=2024-04-16T13:19:00+00:00
[2024-04-16T13:19:00.694+0000] {processor.py:176} INFO - Processing /home/airflow/.local/lib/python3.7/site-packages/airflow/example_dags/example_branch_python_dop_operator_3.py took 0.219 seconds
[2024-04-16T13:19:31.452+0000] {processor.py:154} INFO - Started process (PID=2898) to work on /home/airflow/.local/lib/python3.7/site-packages/airflow/example_dags/example_branch_python_dop_operator_3.py
[2024-04-16T13:19:31.455+0000] {processor.py:756} INFO - Processing file /home/airflow/.local/lib/python3.7/site-packages/airflow/example_dags/example_branch_python_dop_operator_3.py for tasks to queue
[2024-04-16T13:19:31.457+0000] {logging_mixin.py:120} INFO - [2024-04-16T13:19:31.457+0000] {dagbag.py:537} INFO - Filling up the DagBag from /home/airflow/.local/lib/python3.7/site-packages/airflow/example_dags/example_branch_python_dop_operator_3.py
[2024-04-16T13:19:31.509+0000] {processor.py:766} INFO - DAG(s) dict_keys(['example_branch_dop_operator_v3']) retrieved from /home/airflow/.local/lib/python3.7/site-packages/airflow/example_dags/example_branch_python_dop_operator_3.py
[2024-04-16T13:19:31.576+0000] {logging_mixin.py:120} INFO - [2024-04-16T13:19:31.576+0000] {dag.py:2585} INFO - Sync 1 DAGs
[2024-04-16T13:19:31.625+0000] {logging_mixin.py:120} INFO - [2024-04-16T13:19:31.625+0000] {dag.py:3340} INFO - Setting next_dagrun for example_branch_dop_operator_v3 to 2024-04-16T13:18:00+00:00, run_after=2024-04-16T13:19:00+00:00
[2024-04-16T13:19:31.659+0000] {processor.py:176} INFO - Processing /home/airflow/.local/lib/python3.7/site-packages/airflow/example_dags/example_branch_python_dop_operator_3.py took 0.216 seconds
[2024-04-16T13:20:02.462+0000] {processor.py:154} INFO - Started process (PID=2975) to work on /home/airflow/.local/lib/python3.7/site-packages/airflow/example_dags/example_branch_python_dop_operator_3.py
[2024-04-16T13:20:02.465+0000] {processor.py:756} INFO - Processing file /home/airflow/.local/lib/python3.7/site-packages/airflow/example_dags/example_branch_python_dop_operator_3.py for tasks to queue
[2024-04-16T13:20:02.467+0000] {logging_mixin.py:120} INFO - [2024-04-16T13:20:02.467+0000] {dagbag.py:537} INFO - Filling up the DagBag from /home/airflow/.local/lib/python3.7/site-packages/airflow/example_dags/example_branch_python_dop_operator_3.py
[2024-04-16T13:20:02.517+0000] {processor.py:766} INFO - DAG(s) dict_keys(['example_branch_dop_operator_v3']) retrieved from /home/airflow/.local/lib/python3.7/site-packages/airflow/example_dags/example_branch_python_dop_operator_3.py
[2024-04-16T13:20:02.594+0000] {logging_mixin.py:120} INFO - [2024-04-16T13:20:02.593+0000] {dag.py:2585} INFO - Sync 1 DAGs
[2024-04-16T13:20:02.650+0000] {logging_mixin.py:120} INFO - [2024-04-16T13:20:02.650+0000] {dag.py:3340} INFO - Setting next_dagrun for example_branch_dop_operator_v3 to 2024-04-16T13:19:00+00:00, run_after=2024-04-16T13:20:00+00:00
[2024-04-16T13:20:02.685+0000] {processor.py:176} INFO - Processing /home/airflow/.local/lib/python3.7/site-packages/airflow/example_dags/example_branch_python_dop_operator_3.py took 0.240 seconds
[2024-04-16T13:20:32.896+0000] {processor.py:154} INFO - Started process (PID=3045) to work on /home/airflow/.local/lib/python3.7/site-packages/airflow/example_dags/example_branch_python_dop_operator_3.py
[2024-04-16T13:20:32.899+0000] {processor.py:756} INFO - Processing file /home/airflow/.local/lib/python3.7/site-packages/airflow/example_dags/example_branch_python_dop_operator_3.py for tasks to queue
[2024-04-16T13:20:32.902+0000] {logging_mixin.py:120} INFO - [2024-04-16T13:20:32.902+0000] {dagbag.py:537} INFO - Filling up the DagBag from /home/airflow/.local/lib/python3.7/site-packages/airflow/example_dags/example_branch_python_dop_operator_3.py
[2024-04-16T13:20:32.949+0000] {processor.py:766} INFO - DAG(s) dict_keys(['example_branch_dop_operator_v3']) retrieved from /home/airflow/.local/lib/python3.7/site-packages/airflow/example_dags/example_branch_python_dop_operator_3.py
[2024-04-16T13:20:33.019+0000] {logging_mixin.py:120} INFO - [2024-04-16T13:20:33.019+0000] {dag.py:2585} INFO - Sync 1 DAGs
[2024-04-16T13:20:33.065+0000] {logging_mixin.py:120} INFO - [2024-04-16T13:20:33.065+0000] {dag.py:3340} INFO - Setting next_dagrun for example_branch_dop_operator_v3 to 2024-04-16T13:19:00+00:00, run_after=2024-04-16T13:20:00+00:00
[2024-04-16T13:20:33.099+0000] {processor.py:176} INFO - Processing /home/airflow/.local/lib/python3.7/site-packages/airflow/example_dags/example_branch_python_dop_operator_3.py took 0.210 seconds
[2024-04-16T13:21:03.869+0000] {processor.py:154} INFO - Started process (PID=3123) to work on /home/airflow/.local/lib/python3.7/site-packages/airflow/example_dags/example_branch_python_dop_operator_3.py
[2024-04-16T13:21:03.871+0000] {processor.py:756} INFO - Processing file /home/airflow/.local/lib/python3.7/site-packages/airflow/example_dags/example_branch_python_dop_operator_3.py for tasks to queue
[2024-04-16T13:21:03.873+0000] {logging_mixin.py:120} INFO - [2024-04-16T13:21:03.873+0000] {dagbag.py:537} INFO - Filling up the DagBag from /home/airflow/.local/lib/python3.7/site-packages/airflow/example_dags/example_branch_python_dop_operator_3.py
[2024-04-16T13:21:03.913+0000] {processor.py:766} INFO - DAG(s) dict_keys(['example_branch_dop_operator_v3']) retrieved from /home/airflow/.local/lib/python3.7/site-packages/airflow/example_dags/example_branch_python_dop_operator_3.py
[2024-04-16T13:21:04.000+0000] {logging_mixin.py:120} INFO - [2024-04-16T13:21:03.999+0000] {dag.py:2585} INFO - Sync 1 DAGs
[2024-04-16T13:21:04.072+0000] {logging_mixin.py:120} INFO - [2024-04-16T13:21:04.072+0000] {dag.py:3340} INFO - Setting next_dagrun for example_branch_dop_operator_v3 to 2024-04-16T13:20:00+00:00, run_after=2024-04-16T13:21:00+00:00
[2024-04-16T13:21:04.112+0000] {processor.py:176} INFO - Processing /home/airflow/.local/lib/python3.7/site-packages/airflow/example_dags/example_branch_python_dop_operator_3.py took 0.257 seconds
[2024-04-16T13:21:34.254+0000] {processor.py:154} INFO - Started process (PID=3193) to work on /home/airflow/.local/lib/python3.7/site-packages/airflow/example_dags/example_branch_python_dop_operator_3.py
[2024-04-16T13:21:34.258+0000] {processor.py:756} INFO - Processing file /home/airflow/.local/lib/python3.7/site-packages/airflow/example_dags/example_branch_python_dop_operator_3.py for tasks to queue
[2024-04-16T13:21:34.265+0000] {logging_mixin.py:120} INFO - [2024-04-16T13:21:34.265+0000] {dagbag.py:537} INFO - Filling up the DagBag from /home/airflow/.local/lib/python3.7/site-packages/airflow/example_dags/example_branch_python_dop_operator_3.py
[2024-04-16T13:21:34.322+0000] {processor.py:766} INFO - DAG(s) dict_keys(['example_branch_dop_operator_v3']) retrieved from /home/airflow/.local/lib/python3.7/site-packages/airflow/example_dags/example_branch_python_dop_operator_3.py
[2024-04-16T13:21:34.400+0000] {logging_mixin.py:120} INFO - [2024-04-16T13:21:34.399+0000] {dag.py:2585} INFO - Sync 1 DAGs
[2024-04-16T13:21:34.453+0000] {logging_mixin.py:120} INFO - [2024-04-16T13:21:34.453+0000] {dag.py:3340} INFO - Setting next_dagrun for example_branch_dop_operator_v3 to 2024-04-16T13:20:00+00:00, run_after=2024-04-16T13:21:00+00:00
[2024-04-16T13:21:34.489+0000] {processor.py:176} INFO - Processing /home/airflow/.local/lib/python3.7/site-packages/airflow/example_dags/example_branch_python_dop_operator_3.py took 0.248 seconds
[2024-04-16T13:22:04.713+0000] {processor.py:154} INFO - Started process (PID=3261) to work on /home/airflow/.local/lib/python3.7/site-packages/airflow/example_dags/example_branch_python_dop_operator_3.py
[2024-04-16T13:22:04.715+0000] {processor.py:756} INFO - Processing file /home/airflow/.local/lib/python3.7/site-packages/airflow/example_dags/example_branch_python_dop_operator_3.py for tasks to queue
[2024-04-16T13:22:04.717+0000] {logging_mixin.py:120} INFO - [2024-04-16T13:22:04.717+0000] {dagbag.py:537} INFO - Filling up the DagBag from /home/airflow/.local/lib/python3.7/site-packages/airflow/example_dags/example_branch_python_dop_operator_3.py
[2024-04-16T13:22:04.764+0000] {processor.py:766} INFO - DAG(s) dict_keys(['example_branch_dop_operator_v3']) retrieved from /home/airflow/.local/lib/python3.7/site-packages/airflow/example_dags/example_branch_python_dop_operator_3.py
[2024-04-16T13:22:04.858+0000] {logging_mixin.py:120} INFO - [2024-04-16T13:22:04.858+0000] {dag.py:2585} INFO - Sync 1 DAGs
[2024-04-16T13:22:04.910+0000] {logging_mixin.py:120} INFO - [2024-04-16T13:22:04.910+0000] {dag.py:3340} INFO - Setting next_dagrun for example_branch_dop_operator_v3 to 2024-04-16T13:21:00+00:00, run_after=2024-04-16T13:22:00+00:00
[2024-04-16T13:22:04.943+0000] {processor.py:176} INFO - Processing /home/airflow/.local/lib/python3.7/site-packages/airflow/example_dags/example_branch_python_dop_operator_3.py took 0.235 seconds
[2024-04-16T13:22:35.295+0000] {processor.py:154} INFO - Started process (PID=3340) to work on /home/airflow/.local/lib/python3.7/site-packages/airflow/example_dags/example_branch_python_dop_operator_3.py
[2024-04-16T13:22:35.297+0000] {processor.py:756} INFO - Processing file /home/airflow/.local/lib/python3.7/site-packages/airflow/example_dags/example_branch_python_dop_operator_3.py for tasks to queue
[2024-04-16T13:22:35.299+0000] {logging_mixin.py:120} INFO - [2024-04-16T13:22:35.299+0000] {dagbag.py:537} INFO - Filling up the DagBag from /home/airflow/.local/lib/python3.7/site-packages/airflow/example_dags/example_branch_python_dop_operator_3.py
[2024-04-16T13:22:35.355+0000] {processor.py:766} INFO - DAG(s) dict_keys(['example_branch_dop_operator_v3']) retrieved from /home/airflow/.local/lib/python3.7/site-packages/airflow/example_dags/example_branch_python_dop_operator_3.py
[2024-04-16T13:22:35.523+0000] {logging_mixin.py:120} INFO - [2024-04-16T13:22:35.523+0000] {dag.py:2585} INFO - Sync 1 DAGs
[2024-04-16T13:22:35.583+0000] {logging_mixin.py:120} INFO - [2024-04-16T13:22:35.582+0000] {dag.py:3340} INFO - Setting next_dagrun for example_branch_dop_operator_v3 to 2024-04-16T13:21:00+00:00, run_after=2024-04-16T13:22:00+00:00
[2024-04-16T13:22:35.632+0000] {processor.py:176} INFO - Processing /home/airflow/.local/lib/python3.7/site-packages/airflow/example_dags/example_branch_python_dop_operator_3.py took 0.342 seconds
[2024-04-16T13:23:06.201+0000] {processor.py:154} INFO - Started process (PID=3409) to work on /home/airflow/.local/lib/python3.7/site-packages/airflow/example_dags/example_branch_python_dop_operator_3.py
[2024-04-16T13:23:06.204+0000] {processor.py:756} INFO - Processing file /home/airflow/.local/lib/python3.7/site-packages/airflow/example_dags/example_branch_python_dop_operator_3.py for tasks to queue
[2024-04-16T13:23:06.206+0000] {logging_mixin.py:120} INFO - [2024-04-16T13:23:06.206+0000] {dagbag.py:537} INFO - Filling up the DagBag from /home/airflow/.local/lib/python3.7/site-packages/airflow/example_dags/example_branch_python_dop_operator_3.py
[2024-04-16T13:23:06.244+0000] {processor.py:766} INFO - DAG(s) dict_keys(['example_branch_dop_operator_v3']) retrieved from /home/airflow/.local/lib/python3.7/site-packages/airflow/example_dags/example_branch_python_dop_operator_3.py
[2024-04-16T13:23:06.312+0000] {logging_mixin.py:120} INFO - [2024-04-16T13:23:06.311+0000] {dag.py:2585} INFO - Sync 1 DAGs
[2024-04-16T13:23:06.357+0000] {logging_mixin.py:120} INFO - [2024-04-16T13:23:06.357+0000] {dag.py:3340} INFO - Setting next_dagrun for example_branch_dop_operator_v3 to 2024-04-16T13:22:00+00:00, run_after=2024-04-16T13:23:00+00:00
[2024-04-16T13:23:06.385+0000] {processor.py:176} INFO - Processing /home/airflow/.local/lib/python3.7/site-packages/airflow/example_dags/example_branch_python_dop_operator_3.py took 0.190 seconds
[2024-04-16T13:23:38.305+0000] {processor.py:154} INFO - Started process (PID=3487) to work on /home/airflow/.local/lib/python3.7/site-packages/airflow/example_dags/example_branch_python_dop_operator_3.py
[2024-04-16T13:23:38.308+0000] {processor.py:756} INFO - Processing file /home/airflow/.local/lib/python3.7/site-packages/airflow/example_dags/example_branch_python_dop_operator_3.py for tasks to queue
[2024-04-16T13:23:38.311+0000] {logging_mixin.py:120} INFO - [2024-04-16T13:23:38.310+0000] {dagbag.py:537} INFO - Filling up the DagBag from /home/airflow/.local/lib/python3.7/site-packages/airflow/example_dags/example_branch_python_dop_operator_3.py
[2024-04-16T13:23:38.352+0000] {processor.py:766} INFO - DAG(s) dict_keys(['example_branch_dop_operator_v3']) retrieved from /home/airflow/.local/lib/python3.7/site-packages/airflow/example_dags/example_branch_python_dop_operator_3.py
[2024-04-16T13:23:38.434+0000] {logging_mixin.py:120} INFO - [2024-04-16T13:23:38.433+0000] {dag.py:2585} INFO - Sync 1 DAGs
[2024-04-16T13:23:38.492+0000] {logging_mixin.py:120} INFO - [2024-04-16T13:23:38.492+0000] {dag.py:3340} INFO - Setting next_dagrun for example_branch_dop_operator_v3 to 2024-04-16T13:22:00+00:00, run_after=2024-04-16T13:23:00+00:00
[2024-04-16T13:23:38.528+0000] {processor.py:176} INFO - Processing /home/airflow/.local/lib/python3.7/site-packages/airflow/example_dags/example_branch_python_dop_operator_3.py took 0.229 seconds
[2024-04-16T13:24:09.015+0000] {processor.py:154} INFO - Started process (PID=3556) to work on /home/airflow/.local/lib/python3.7/site-packages/airflow/example_dags/example_branch_python_dop_operator_3.py
[2024-04-16T13:24:09.018+0000] {processor.py:756} INFO - Processing file /home/airflow/.local/lib/python3.7/site-packages/airflow/example_dags/example_branch_python_dop_operator_3.py for tasks to queue
[2024-04-16T13:24:09.020+0000] {logging_mixin.py:120} INFO - [2024-04-16T13:24:09.020+0000] {dagbag.py:537} INFO - Filling up the DagBag from /home/airflow/.local/lib/python3.7/site-packages/airflow/example_dags/example_branch_python_dop_operator_3.py
[2024-04-16T13:24:09.058+0000] {processor.py:766} INFO - DAG(s) dict_keys(['example_branch_dop_operator_v3']) retrieved from /home/airflow/.local/lib/python3.7/site-packages/airflow/example_dags/example_branch_python_dop_operator_3.py
[2024-04-16T13:24:09.135+0000] {logging_mixin.py:120} INFO - [2024-04-16T13:24:09.135+0000] {dag.py:2585} INFO - Sync 1 DAGs
[2024-04-16T13:24:09.187+0000] {logging_mixin.py:120} INFO - [2024-04-16T13:24:09.187+0000] {dag.py:3340} INFO - Setting next_dagrun for example_branch_dop_operator_v3 to 2024-04-16T13:23:00+00:00, run_after=2024-04-16T13:24:00+00:00
[2024-04-16T13:24:09.217+0000] {processor.py:176} INFO - Processing /home/airflow/.local/lib/python3.7/site-packages/airflow/example_dags/example_branch_python_dop_operator_3.py took 0.208 seconds
[2024-04-16T13:24:39.722+0000] {processor.py:154} INFO - Started process (PID=3630) to work on /home/airflow/.local/lib/python3.7/site-packages/airflow/example_dags/example_branch_python_dop_operator_3.py
[2024-04-16T13:24:39.724+0000] {processor.py:756} INFO - Processing file /home/airflow/.local/lib/python3.7/site-packages/airflow/example_dags/example_branch_python_dop_operator_3.py for tasks to queue
[2024-04-16T13:24:39.726+0000] {logging_mixin.py:120} INFO - [2024-04-16T13:24:39.726+0000] {dagbag.py:537} INFO - Filling up the DagBag from /home/airflow/.local/lib/python3.7/site-packages/airflow/example_dags/example_branch_python_dop_operator_3.py
[2024-04-16T13:24:39.770+0000] {processor.py:766} INFO - DAG(s) dict_keys(['example_branch_dop_operator_v3']) retrieved from /home/airflow/.local/lib/python3.7/site-packages/airflow/example_dags/example_branch_python_dop_operator_3.py
[2024-04-16T13:24:39.836+0000] {logging_mixin.py:120} INFO - [2024-04-16T13:24:39.836+0000] {dag.py:2585} INFO - Sync 1 DAGs
[2024-04-16T13:24:39.880+0000] {logging_mixin.py:120} INFO - [2024-04-16T13:24:39.880+0000] {dag.py:3340} INFO - Setting next_dagrun for example_branch_dop_operator_v3 to 2024-04-16T13:23:00+00:00, run_after=2024-04-16T13:24:00+00:00
[2024-04-16T13:24:39.920+0000] {processor.py:176} INFO - Processing /home/airflow/.local/lib/python3.7/site-packages/airflow/example_dags/example_branch_python_dop_operator_3.py took 0.207 seconds
[2024-04-16T13:25:10.497+0000] {processor.py:154} INFO - Started process (PID=3698) to work on /home/airflow/.local/lib/python3.7/site-packages/airflow/example_dags/example_branch_python_dop_operator_3.py
[2024-04-16T13:25:10.500+0000] {processor.py:756} INFO - Processing file /home/airflow/.local/lib/python3.7/site-packages/airflow/example_dags/example_branch_python_dop_operator_3.py for tasks to queue
[2024-04-16T13:25:10.503+0000] {logging_mixin.py:120} INFO - [2024-04-16T13:25:10.502+0000] {dagbag.py:537} INFO - Filling up the DagBag from /home/airflow/.local/lib/python3.7/site-packages/airflow/example_dags/example_branch_python_dop_operator_3.py
[2024-04-16T13:25:10.549+0000] {processor.py:766} INFO - DAG(s) dict_keys(['example_branch_dop_operator_v3']) retrieved from /home/airflow/.local/lib/python3.7/site-packages/airflow/example_dags/example_branch_python_dop_operator_3.py
[2024-04-16T13:25:10.621+0000] {logging_mixin.py:120} INFO - [2024-04-16T13:25:10.621+0000] {dag.py:2585} INFO - Sync 1 DAGs
[2024-04-16T13:25:10.666+0000] {logging_mixin.py:120} INFO - [2024-04-16T13:25:10.665+0000] {dag.py:3340} INFO - Setting next_dagrun for example_branch_dop_operator_v3 to 2024-04-16T13:24:00+00:00, run_after=2024-04-16T13:25:00+00:00
[2024-04-16T13:25:10.696+0000] {processor.py:176} INFO - Processing /home/airflow/.local/lib/python3.7/site-packages/airflow/example_dags/example_branch_python_dop_operator_3.py took 0.204 seconds
[2024-04-16T13:25:40.995+0000] {processor.py:154} INFO - Started process (PID=3777) to work on /home/airflow/.local/lib/python3.7/site-packages/airflow/example_dags/example_branch_python_dop_operator_3.py
[2024-04-16T13:25:40.997+0000] {processor.py:756} INFO - Processing file /home/airflow/.local/lib/python3.7/site-packages/airflow/example_dags/example_branch_python_dop_operator_3.py for tasks to queue
[2024-04-16T13:25:40.999+0000] {logging_mixin.py:120} INFO - [2024-04-16T13:25:40.999+0000] {dagbag.py:537} INFO - Filling up the DagBag from /home/airflow/.local/lib/python3.7/site-packages/airflow/example_dags/example_branch_python_dop_operator_3.py
[2024-04-16T13:25:41.045+0000] {processor.py:766} INFO - DAG(s) dict_keys(['example_branch_dop_operator_v3']) retrieved from /home/airflow/.local/lib/python3.7/site-packages/airflow/example_dags/example_branch_python_dop_operator_3.py
[2024-04-16T13:25:41.112+0000] {logging_mixin.py:120} INFO - [2024-04-16T13:25:41.111+0000] {dag.py:2585} INFO - Sync 1 DAGs
[2024-04-16T13:25:41.156+0000] {logging_mixin.py:120} INFO - [2024-04-16T13:25:41.156+0000] {dag.py:3340} INFO - Setting next_dagrun for example_branch_dop_operator_v3 to 2024-04-16T13:24:00+00:00, run_after=2024-04-16T13:25:00+00:00
[2024-04-16T13:25:41.186+0000] {processor.py:176} INFO - Processing /home/airflow/.local/lib/python3.7/site-packages/airflow/example_dags/example_branch_python_dop_operator_3.py took 0.197 seconds
[2024-04-16T13:26:11.300+0000] {processor.py:154} INFO - Started process (PID=3846) to work on /home/airflow/.local/lib/python3.7/site-packages/airflow/example_dags/example_branch_python_dop_operator_3.py
[2024-04-16T13:26:11.302+0000] {processor.py:756} INFO - Processing file /home/airflow/.local/lib/python3.7/site-packages/airflow/example_dags/example_branch_python_dop_operator_3.py for tasks to queue
[2024-04-16T13:26:11.303+0000] {logging_mixin.py:120} INFO - [2024-04-16T13:26:11.303+0000] {dagbag.py:537} INFO - Filling up the DagBag from /home/airflow/.local/lib/python3.7/site-packages/airflow/example_dags/example_branch_python_dop_operator_3.py
[2024-04-16T13:26:11.346+0000] {processor.py:766} INFO - DAG(s) dict_keys(['example_branch_dop_operator_v3']) retrieved from /home/airflow/.local/lib/python3.7/site-packages/airflow/example_dags/example_branch_python_dop_operator_3.py
[2024-04-16T13:26:11.414+0000] {logging_mixin.py:120} INFO - [2024-04-16T13:26:11.414+0000] {dag.py:2585} INFO - Sync 1 DAGs
[2024-04-16T13:26:11.460+0000] {logging_mixin.py:120} INFO - [2024-04-16T13:26:11.459+0000] {dag.py:3340} INFO - Setting next_dagrun for example_branch_dop_operator_v3 to 2024-04-16T13:25:00+00:00, run_after=2024-04-16T13:26:00+00:00
[2024-04-16T13:26:11.489+0000] {processor.py:176} INFO - Processing /home/airflow/.local/lib/python3.7/site-packages/airflow/example_dags/example_branch_python_dop_operator_3.py took 0.195 seconds
[2024-04-16T13:26:42.348+0000] {processor.py:154} INFO - Started process (PID=3924) to work on /home/airflow/.local/lib/python3.7/site-packages/airflow/example_dags/example_branch_python_dop_operator_3.py
[2024-04-16T13:26:42.350+0000] {processor.py:756} INFO - Processing file /home/airflow/.local/lib/python3.7/site-packages/airflow/example_dags/example_branch_python_dop_operator_3.py for tasks to queue
[2024-04-16T13:26:42.352+0000] {logging_mixin.py:120} INFO - [2024-04-16T13:26:42.352+0000] {dagbag.py:537} INFO - Filling up the DagBag from /home/airflow/.local/lib/python3.7/site-packages/airflow/example_dags/example_branch_python_dop_operator_3.py
[2024-04-16T13:26:42.386+0000] {processor.py:766} INFO - DAG(s) dict_keys(['example_branch_dop_operator_v3']) retrieved from /home/airflow/.local/lib/python3.7/site-packages/airflow/example_dags/example_branch_python_dop_operator_3.py
[2024-04-16T13:26:42.447+0000] {logging_mixin.py:120} INFO - [2024-04-16T13:26:42.447+0000] {dag.py:2585} INFO - Sync 1 DAGs
[2024-04-16T13:26:42.496+0000] {logging_mixin.py:120} INFO - [2024-04-16T13:26:42.496+0000] {dag.py:3340} INFO - Setting next_dagrun for example_branch_dop_operator_v3 to 2024-04-16T13:25:00+00:00, run_after=2024-04-16T13:26:00+00:00
[2024-04-16T13:26:42.543+0000] {processor.py:176} INFO - Processing /home/airflow/.local/lib/python3.7/site-packages/airflow/example_dags/example_branch_python_dop_operator_3.py took 0.203 seconds
[2024-04-16T13:27:13.515+0000] {processor.py:154} INFO - Started process (PID=3993) to work on /home/airflow/.local/lib/python3.7/site-packages/airflow/example_dags/example_branch_python_dop_operator_3.py
[2024-04-16T13:27:13.517+0000] {processor.py:756} INFO - Processing file /home/airflow/.local/lib/python3.7/site-packages/airflow/example_dags/example_branch_python_dop_operator_3.py for tasks to queue
[2024-04-16T13:27:13.519+0000] {logging_mixin.py:120} INFO - [2024-04-16T13:27:13.518+0000] {dagbag.py:537} INFO - Filling up the DagBag from /home/airflow/.local/lib/python3.7/site-packages/airflow/example_dags/example_branch_python_dop_operator_3.py
[2024-04-16T13:27:13.562+0000] {processor.py:766} INFO - DAG(s) dict_keys(['example_branch_dop_operator_v3']) retrieved from /home/airflow/.local/lib/python3.7/site-packages/airflow/example_dags/example_branch_python_dop_operator_3.py
[2024-04-16T13:27:13.648+0000] {logging_mixin.py:120} INFO - [2024-04-16T13:27:13.647+0000] {dag.py:2585} INFO - Sync 1 DAGs
[2024-04-16T13:27:13.704+0000] {logging_mixin.py:120} INFO - [2024-04-16T13:27:13.703+0000] {dag.py:3340} INFO - Setting next_dagrun for example_branch_dop_operator_v3 to 2024-04-16T13:26:00+00:00, run_after=2024-04-16T13:27:00+00:00
[2024-04-16T13:27:13.738+0000] {processor.py:176} INFO - Processing /home/airflow/.local/lib/python3.7/site-packages/airflow/example_dags/example_branch_python_dop_operator_3.py took 0.227 seconds
[2024-04-16T13:27:44.305+0000] {processor.py:154} INFO - Started process (PID=4071) to work on /home/airflow/.local/lib/python3.7/site-packages/airflow/example_dags/example_branch_python_dop_operator_3.py
[2024-04-16T13:27:44.307+0000] {processor.py:756} INFO - Processing file /home/airflow/.local/lib/python3.7/site-packages/airflow/example_dags/example_branch_python_dop_operator_3.py for tasks to queue
[2024-04-16T13:27:44.309+0000] {logging_mixin.py:120} INFO - [2024-04-16T13:27:44.309+0000] {dagbag.py:537} INFO - Filling up the DagBag from /home/airflow/.local/lib/python3.7/site-packages/airflow/example_dags/example_branch_python_dop_operator_3.py
[2024-04-16T13:27:44.360+0000] {processor.py:766} INFO - DAG(s) dict_keys(['example_branch_dop_operator_v3']) retrieved from /home/airflow/.local/lib/python3.7/site-packages/airflow/example_dags/example_branch_python_dop_operator_3.py
[2024-04-16T13:27:44.439+0000] {logging_mixin.py:120} INFO - [2024-04-16T13:27:44.439+0000] {dag.py:2585} INFO - Sync 1 DAGs
[2024-04-16T13:27:44.485+0000] {logging_mixin.py:120} INFO - [2024-04-16T13:27:44.485+0000] {dag.py:3340} INFO - Setting next_dagrun for example_branch_dop_operator_v3 to 2024-04-16T13:26:00+00:00, run_after=2024-04-16T13:27:00+00:00
[2024-04-16T13:27:44.519+0000] {processor.py:176} INFO - Processing /home/airflow/.local/lib/python3.7/site-packages/airflow/example_dags/example_branch_python_dop_operator_3.py took 0.219 seconds
[2024-04-16T13:28:15.056+0000] {processor.py:154} INFO - Started process (PID=4147) to work on /home/airflow/.local/lib/python3.7/site-packages/airflow/example_dags/example_branch_python_dop_operator_3.py
[2024-04-16T13:28:15.060+0000] {processor.py:756} INFO - Processing file /home/airflow/.local/lib/python3.7/site-packages/airflow/example_dags/example_branch_python_dop_operator_3.py for tasks to queue
[2024-04-16T13:28:15.070+0000] {logging_mixin.py:120} INFO - [2024-04-16T13:28:15.069+0000] {dagbag.py:537} INFO - Filling up the DagBag from /home/airflow/.local/lib/python3.7/site-packages/airflow/example_dags/example_branch_python_dop_operator_3.py
[2024-04-16T13:28:15.192+0000] {processor.py:766} INFO - DAG(s) dict_keys(['example_branch_dop_operator_v3']) retrieved from /home/airflow/.local/lib/python3.7/site-packages/airflow/example_dags/example_branch_python_dop_operator_3.py
[2024-04-16T13:28:15.368+0000] {logging_mixin.py:120} INFO - [2024-04-16T13:28:15.368+0000] {dag.py:2585} INFO - Sync 1 DAGs
[2024-04-16T13:28:15.533+0000] {logging_mixin.py:120} INFO - [2024-04-16T13:28:15.533+0000] {dag.py:3340} INFO - Setting next_dagrun for example_branch_dop_operator_v3 to 2024-04-16T13:27:00+00:00, run_after=2024-04-16T13:28:00+00:00
[2024-04-16T13:28:15.629+0000] {processor.py:176} INFO - Processing /home/airflow/.local/lib/python3.7/site-packages/airflow/example_dags/example_branch_python_dop_operator_3.py took 0.592 seconds
[2024-04-16T13:28:46.083+0000] {processor.py:154} INFO - Started process (PID=4219) to work on /home/airflow/.local/lib/python3.7/site-packages/airflow/example_dags/example_branch_python_dop_operator_3.py
[2024-04-16T13:28:46.085+0000] {processor.py:756} INFO - Processing file /home/airflow/.local/lib/python3.7/site-packages/airflow/example_dags/example_branch_python_dop_operator_3.py for tasks to queue
[2024-04-16T13:28:46.087+0000] {logging_mixin.py:120} INFO - [2024-04-16T13:28:46.087+0000] {dagbag.py:537} INFO - Filling up the DagBag from /home/airflow/.local/lib/python3.7/site-packages/airflow/example_dags/example_branch_python_dop_operator_3.py
[2024-04-16T13:28:46.128+0000] {processor.py:766} INFO - DAG(s) dict_keys(['example_branch_dop_operator_v3']) retrieved from /home/airflow/.local/lib/python3.7/site-packages/airflow/example_dags/example_branch_python_dop_operator_3.py
[2024-04-16T13:28:46.195+0000] {logging_mixin.py:120} INFO - [2024-04-16T13:28:46.195+0000] {dag.py:2585} INFO - Sync 1 DAGs
[2024-04-16T13:28:46.244+0000] {logging_mixin.py:120} INFO - [2024-04-16T13:28:46.244+0000] {dag.py:3340} INFO - Setting next_dagrun for example_branch_dop_operator_v3 to 2024-04-16T13:27:00+00:00, run_after=2024-04-16T13:28:00+00:00
[2024-04-16T13:28:46.277+0000] {processor.py:176} INFO - Processing /home/airflow/.local/lib/python3.7/site-packages/airflow/example_dags/example_branch_python_dop_operator_3.py took 0.199 seconds
[2024-04-16T13:29:16.659+0000] {processor.py:154} INFO - Started process (PID=4289) to work on /home/airflow/.local/lib/python3.7/site-packages/airflow/example_dags/example_branch_python_dop_operator_3.py
[2024-04-16T13:29:16.661+0000] {processor.py:756} INFO - Processing file /home/airflow/.local/lib/python3.7/site-packages/airflow/example_dags/example_branch_python_dop_operator_3.py for tasks to queue
[2024-04-16T13:29:16.663+0000] {logging_mixin.py:120} INFO - [2024-04-16T13:29:16.663+0000] {dagbag.py:537} INFO - Filling up the DagBag from /home/airflow/.local/lib/python3.7/site-packages/airflow/example_dags/example_branch_python_dop_operator_3.py
[2024-04-16T13:29:16.704+0000] {processor.py:766} INFO - DAG(s) dict_keys(['example_branch_dop_operator_v3']) retrieved from /home/airflow/.local/lib/python3.7/site-packages/airflow/example_dags/example_branch_python_dop_operator_3.py
[2024-04-16T13:29:16.766+0000] {logging_mixin.py:120} INFO - [2024-04-16T13:29:16.766+0000] {dag.py:2585} INFO - Sync 1 DAGs
[2024-04-16T13:29:16.833+0000] {logging_mixin.py:120} INFO - [2024-04-16T13:29:16.832+0000] {dag.py:3340} INFO - Setting next_dagrun for example_branch_dop_operator_v3 to 2024-04-16T13:28:00+00:00, run_after=2024-04-16T13:29:00+00:00
[2024-04-16T13:29:16.866+0000] {processor.py:176} INFO - Processing /home/airflow/.local/lib/python3.7/site-packages/airflow/example_dags/example_branch_python_dop_operator_3.py took 0.211 seconds
[2024-04-16T13:29:46.971+0000] {processor.py:154} INFO - Started process (PID=4369) to work on /home/airflow/.local/lib/python3.7/site-packages/airflow/example_dags/example_branch_python_dop_operator_3.py
[2024-04-16T13:29:46.974+0000] {processor.py:756} INFO - Processing file /home/airflow/.local/lib/python3.7/site-packages/airflow/example_dags/example_branch_python_dop_operator_3.py for tasks to queue
[2024-04-16T13:29:46.976+0000] {logging_mixin.py:120} INFO - [2024-04-16T13:29:46.976+0000] {dagbag.py:537} INFO - Filling up the DagBag from /home/airflow/.local/lib/python3.7/site-packages/airflow/example_dags/example_branch_python_dop_operator_3.py
[2024-04-16T13:29:47.020+0000] {processor.py:766} INFO - DAG(s) dict_keys(['example_branch_dop_operator_v3']) retrieved from /home/airflow/.local/lib/python3.7/site-packages/airflow/example_dags/example_branch_python_dop_operator_3.py
[2024-04-16T13:29:47.086+0000] {logging_mixin.py:120} INFO - [2024-04-16T13:29:47.085+0000] {dag.py:2585} INFO - Sync 1 DAGs
[2024-04-16T13:29:47.139+0000] {logging_mixin.py:120} INFO - [2024-04-16T13:29:47.139+0000] {dag.py:3340} INFO - Setting next_dagrun for example_branch_dop_operator_v3 to 2024-04-16T13:28:00+00:00, run_after=2024-04-16T13:29:00+00:00
[2024-04-16T13:29:47.171+0000] {processor.py:176} INFO - Processing /home/airflow/.local/lib/python3.7/site-packages/airflow/example_dags/example_branch_python_dop_operator_3.py took 0.213 seconds
[2024-04-16T13:30:17.457+0000] {processor.py:154} INFO - Started process (PID=4447) to work on /home/airflow/.local/lib/python3.7/site-packages/airflow/example_dags/example_branch_python_dop_operator_3.py
[2024-04-16T13:30:17.460+0000] {processor.py:756} INFO - Processing file /home/airflow/.local/lib/python3.7/site-packages/airflow/example_dags/example_branch_python_dop_operator_3.py for tasks to queue
[2024-04-16T13:30:17.461+0000] {logging_mixin.py:120} INFO - [2024-04-16T13:30:17.461+0000] {dagbag.py:537} INFO - Filling up the DagBag from /home/airflow/.local/lib/python3.7/site-packages/airflow/example_dags/example_branch_python_dop_operator_3.py
[2024-04-16T13:30:17.503+0000] {processor.py:766} INFO - DAG(s) dict_keys(['example_branch_dop_operator_v3']) retrieved from /home/airflow/.local/lib/python3.7/site-packages/airflow/example_dags/example_branch_python_dop_operator_3.py
[2024-04-16T13:30:17.566+0000] {logging_mixin.py:120} INFO - [2024-04-16T13:30:17.566+0000] {dag.py:2585} INFO - Sync 1 DAGs
[2024-04-16T13:30:17.614+0000] {logging_mixin.py:120} INFO - [2024-04-16T13:30:17.614+0000] {dag.py:3340} INFO - Setting next_dagrun for example_branch_dop_operator_v3 to 2024-04-16T13:29:00+00:00, run_after=2024-04-16T13:30:00+00:00
[2024-04-16T13:30:17.651+0000] {processor.py:176} INFO - Processing /home/airflow/.local/lib/python3.7/site-packages/airflow/example_dags/example_branch_python_dop_operator_3.py took 0.199 seconds
[2024-04-16T13:30:48.501+0000] {processor.py:154} INFO - Started process (PID=4516) to work on /home/airflow/.local/lib/python3.7/site-packages/airflow/example_dags/example_branch_python_dop_operator_3.py
[2024-04-16T13:30:48.503+0000] {processor.py:756} INFO - Processing file /home/airflow/.local/lib/python3.7/site-packages/airflow/example_dags/example_branch_python_dop_operator_3.py for tasks to queue
[2024-04-16T13:30:48.505+0000] {logging_mixin.py:120} INFO - [2024-04-16T13:30:48.505+0000] {dagbag.py:537} INFO - Filling up the DagBag from /home/airflow/.local/lib/python3.7/site-packages/airflow/example_dags/example_branch_python_dop_operator_3.py
[2024-04-16T13:30:48.540+0000] {processor.py:766} INFO - DAG(s) dict_keys(['example_branch_dop_operator_v3']) retrieved from /home/airflow/.local/lib/python3.7/site-packages/airflow/example_dags/example_branch_python_dop_operator_3.py
[2024-04-16T13:30:48.605+0000] {logging_mixin.py:120} INFO - [2024-04-16T13:30:48.605+0000] {dag.py:2585} INFO - Sync 1 DAGs
[2024-04-16T13:30:48.650+0000] {logging_mixin.py:120} INFO - [2024-04-16T13:30:48.650+0000] {dag.py:3340} INFO - Setting next_dagrun for example_branch_dop_operator_v3 to 2024-04-16T13:29:00+00:00, run_after=2024-04-16T13:30:00+00:00
[2024-04-16T13:30:48.680+0000] {processor.py:176} INFO - Processing /home/airflow/.local/lib/python3.7/site-packages/airflow/example_dags/example_branch_python_dop_operator_3.py took 0.184 seconds
