[2024-04-16T09:53:16.955+0000] {processor.py:154} INFO - Started process (PID=23844) to work on /home/airflow/.local/lib/python3.7/site-packages/airflow/example_dags/example_branch_operator.py
[2024-04-16T09:53:16.990+0000] {processor.py:756} INFO - Processing file /home/airflow/.local/lib/python3.7/site-packages/airflow/example_dags/example_branch_operator.py for tasks to queue
[2024-04-16T09:53:17.044+0000] {logging_mixin.py:120} INFO - [2024-04-16T09:53:17.029+0000] {dagbag.py:537} INFO - Filling up the DagBag from /home/airflow/.local/lib/python3.7/site-packages/airflow/example_dags/example_branch_operator.py
[2024-04-16T09:53:19.073+0000] {processor.py:766} INFO - DAG(s) dict_keys(['example_branch_operator']) retrieved from /home/airflow/.local/lib/python3.7/site-packages/airflow/example_dags/example_branch_operator.py
[2024-04-16T10:08:55.676+0000] {logging_mixin.py:120} INFO - [2024-04-16T10:08:55.676+0000] {dag.py:2585} INFO - Sync 1 DAGs
[2024-04-16T10:19:35.867+0000] {processor.py:154} INFO - Started process (PID=24176) to work on /home/airflow/.local/lib/python3.7/site-packages/airflow/example_dags/example_branch_operator.py
[2024-04-16T10:19:36.058+0000] {processor.py:756} INFO - Processing file /home/airflow/.local/lib/python3.7/site-packages/airflow/example_dags/example_branch_operator.py for tasks to queue
[2024-04-16T10:19:36.875+0000] {logging_mixin.py:120} INFO - [2024-04-16T10:19:36.756+0000] {dagbag.py:537} INFO - Filling up the DagBag from /home/airflow/.local/lib/python3.7/site-packages/airflow/example_dags/example_branch_operator.py
[2024-04-16T10:19:47.714+0000] {processor.py:766} INFO - DAG(s) dict_keys(['example_branch_operator']) retrieved from /home/airflow/.local/lib/python3.7/site-packages/airflow/example_dags/example_branch_operator.py
[2024-04-16T10:20:37.785+0000] {logging_mixin.py:120} INFO - [2024-04-16T10:20:37.644+0000] {dag.py:2585} INFO - Sync 1 DAGs
[2024-04-16T10:23:22.242+0000] {processor.py:154} INFO - Started process (PID=82) to work on /home/airflow/.local/lib/python3.7/site-packages/airflow/example_dags/example_branch_operator.py
[2024-04-16T10:23:22.246+0000] {processor.py:756} INFO - Processing file /home/airflow/.local/lib/python3.7/site-packages/airflow/example_dags/example_branch_operator.py for tasks to queue
[2024-04-16T10:23:22.252+0000] {logging_mixin.py:120} INFO - [2024-04-16T10:23:22.252+0000] {dagbag.py:537} INFO - Filling up the DagBag from /home/airflow/.local/lib/python3.7/site-packages/airflow/example_dags/example_branch_operator.py
[2024-04-16T10:23:22.330+0000] {processor.py:766} INFO - DAG(s) dict_keys(['example_branch_operator']) retrieved from /home/airflow/.local/lib/python3.7/site-packages/airflow/example_dags/example_branch_operator.py
[2024-04-16T10:23:22.459+0000] {logging_mixin.py:120} INFO - [2024-04-16T10:23:22.459+0000] {dag.py:2585} INFO - Sync 1 DAGs
[2024-04-16T10:23:22.533+0000] {logging_mixin.py:120} INFO - [2024-04-16T10:23:22.533+0000] {dag.py:3340} INFO - Setting next_dagrun for example_branch_operator to 2024-04-15T00:00:00+00:00, run_after=2024-04-16T00:00:00+00:00
[2024-04-16T10:23:22.590+0000] {processor.py:176} INFO - Processing /home/airflow/.local/lib/python3.7/site-packages/airflow/example_dags/example_branch_operator.py took 0.356 seconds
[2024-04-16T10:24:02.145+0000] {processor.py:154} INFO - Started process (PID=152) to work on /home/airflow/.local/lib/python3.7/site-packages/airflow/example_dags/example_branch_operator.py
[2024-04-16T10:24:02.148+0000] {processor.py:756} INFO - Processing file /home/airflow/.local/lib/python3.7/site-packages/airflow/example_dags/example_branch_operator.py for tasks to queue
[2024-04-16T10:24:02.150+0000] {logging_mixin.py:120} INFO - [2024-04-16T10:24:02.150+0000] {dagbag.py:537} INFO - Filling up the DagBag from /home/airflow/.local/lib/python3.7/site-packages/airflow/example_dags/example_branch_operator.py
[2024-04-16T10:24:02.183+0000] {processor.py:766} INFO - DAG(s) dict_keys(['example_branch_operator']) retrieved from /home/airflow/.local/lib/python3.7/site-packages/airflow/example_dags/example_branch_operator.py
[2024-04-16T10:24:02.283+0000] {logging_mixin.py:120} INFO - [2024-04-16T10:24:02.283+0000] {dag.py:2585} INFO - Sync 1 DAGs
[2024-04-16T10:24:02.329+0000] {logging_mixin.py:120} INFO - [2024-04-16T10:24:02.329+0000] {dag.py:3340} INFO - Setting next_dagrun for example_branch_operator to 2024-04-15T00:00:00+00:00, run_after=2024-04-16T00:00:00+00:00
[2024-04-16T10:24:02.367+0000] {processor.py:176} INFO - Processing /home/airflow/.local/lib/python3.7/site-packages/airflow/example_dags/example_branch_operator.py took 0.230 seconds
[2024-04-16T10:24:52.435+0000] {processor.py:154} INFO - Started process (PID=231) to work on /home/airflow/.local/lib/python3.7/site-packages/airflow/example_dags/example_branch_operator.py
[2024-04-16T10:24:52.437+0000] {processor.py:756} INFO - Processing file /home/airflow/.local/lib/python3.7/site-packages/airflow/example_dags/example_branch_operator.py for tasks to queue
[2024-04-16T10:24:52.439+0000] {logging_mixin.py:120} INFO - [2024-04-16T10:24:52.439+0000] {dagbag.py:537} INFO - Filling up the DagBag from /home/airflow/.local/lib/python3.7/site-packages/airflow/example_dags/example_branch_operator.py
[2024-04-16T10:24:52.468+0000] {processor.py:766} INFO - DAG(s) dict_keys(['example_branch_operator']) retrieved from /home/airflow/.local/lib/python3.7/site-packages/airflow/example_dags/example_branch_operator.py
[2024-04-16T10:24:52.542+0000] {logging_mixin.py:120} INFO - [2024-04-16T10:24:52.541+0000] {dag.py:2585} INFO - Sync 1 DAGs
[2024-04-16T10:24:52.606+0000] {logging_mixin.py:120} INFO - [2024-04-16T10:24:52.604+0000] {dag.py:3340} INFO - Setting next_dagrun for example_branch_operator to 2024-04-15T00:00:00+00:00, run_after=2024-04-16T00:00:00+00:00
[2024-04-16T10:24:52.637+0000] {processor.py:176} INFO - Processing /home/airflow/.local/lib/python3.7/site-packages/airflow/example_dags/example_branch_operator.py took 0.207 seconds
[2024-04-16T10:25:23.087+0000] {processor.py:154} INFO - Started process (PID=307) to work on /home/airflow/.local/lib/python3.7/site-packages/airflow/example_dags/example_branch_operator.py
[2024-04-16T10:25:23.090+0000] {processor.py:756} INFO - Processing file /home/airflow/.local/lib/python3.7/site-packages/airflow/example_dags/example_branch_operator.py for tasks to queue
[2024-04-16T10:25:23.092+0000] {logging_mixin.py:120} INFO - [2024-04-16T10:25:23.092+0000] {dagbag.py:537} INFO - Filling up the DagBag from /home/airflow/.local/lib/python3.7/site-packages/airflow/example_dags/example_branch_operator.py
[2024-04-16T10:25:23.130+0000] {processor.py:766} INFO - DAG(s) dict_keys(['example_branch_operator']) retrieved from /home/airflow/.local/lib/python3.7/site-packages/airflow/example_dags/example_branch_operator.py
[2024-04-16T10:25:23.216+0000] {logging_mixin.py:120} INFO - [2024-04-16T10:25:23.215+0000] {dag.py:2585} INFO - Sync 1 DAGs
[2024-04-16T10:25:23.255+0000] {logging_mixin.py:120} INFO - [2024-04-16T10:25:23.254+0000] {dag.py:3340} INFO - Setting next_dagrun for example_branch_operator to 2024-04-15T00:00:00+00:00, run_after=2024-04-16T00:00:00+00:00
[2024-04-16T10:25:23.283+0000] {processor.py:176} INFO - Processing /home/airflow/.local/lib/python3.7/site-packages/airflow/example_dags/example_branch_operator.py took 0.207 seconds
[2024-04-16T10:25:56.351+0000] {processor.py:154} INFO - Started process (PID=378) to work on /home/airflow/.local/lib/python3.7/site-packages/airflow/example_dags/example_branch_operator.py
[2024-04-16T10:25:56.353+0000] {processor.py:756} INFO - Processing file /home/airflow/.local/lib/python3.7/site-packages/airflow/example_dags/example_branch_operator.py for tasks to queue
[2024-04-16T10:25:56.355+0000] {logging_mixin.py:120} INFO - [2024-04-16T10:25:56.355+0000] {dagbag.py:537} INFO - Filling up the DagBag from /home/airflow/.local/lib/python3.7/site-packages/airflow/example_dags/example_branch_operator.py
[2024-04-16T10:25:56.395+0000] {processor.py:766} INFO - DAG(s) dict_keys(['example_branch_operator']) retrieved from /home/airflow/.local/lib/python3.7/site-packages/airflow/example_dags/example_branch_operator.py
[2024-04-16T10:25:56.466+0000] {logging_mixin.py:120} INFO - [2024-04-16T10:25:56.465+0000] {dag.py:2585} INFO - Sync 1 DAGs
[2024-04-16T10:25:56.510+0000] {logging_mixin.py:120} INFO - [2024-04-16T10:25:56.509+0000] {dag.py:3340} INFO - Setting next_dagrun for example_branch_operator to 2024-04-15T00:00:00+00:00, run_after=2024-04-16T00:00:00+00:00
[2024-04-16T10:25:56.537+0000] {processor.py:176} INFO - Processing /home/airflow/.local/lib/python3.7/site-packages/airflow/example_dags/example_branch_operator.py took 0.191 seconds
[2024-04-16T10:26:26.868+0000] {processor.py:154} INFO - Started process (PID=448) to work on /home/airflow/.local/lib/python3.7/site-packages/airflow/example_dags/example_branch_operator.py
[2024-04-16T10:26:26.870+0000] {processor.py:756} INFO - Processing file /home/airflow/.local/lib/python3.7/site-packages/airflow/example_dags/example_branch_operator.py for tasks to queue
[2024-04-16T10:26:26.872+0000] {logging_mixin.py:120} INFO - [2024-04-16T10:26:26.872+0000] {dagbag.py:537} INFO - Filling up the DagBag from /home/airflow/.local/lib/python3.7/site-packages/airflow/example_dags/example_branch_operator.py
[2024-04-16T10:26:26.899+0000] {processor.py:766} INFO - DAG(s) dict_keys(['example_branch_operator']) retrieved from /home/airflow/.local/lib/python3.7/site-packages/airflow/example_dags/example_branch_operator.py
[2024-04-16T10:26:26.966+0000] {logging_mixin.py:120} INFO - [2024-04-16T10:26:26.966+0000] {dag.py:2585} INFO - Sync 1 DAGs
[2024-04-16T10:26:27.009+0000] {logging_mixin.py:120} INFO - [2024-04-16T10:26:27.009+0000] {dag.py:3340} INFO - Setting next_dagrun for example_branch_operator to 2024-04-15T00:00:00+00:00, run_after=2024-04-16T00:00:00+00:00
[2024-04-16T10:26:27.041+0000] {processor.py:176} INFO - Processing /home/airflow/.local/lib/python3.7/site-packages/airflow/example_dags/example_branch_operator.py took 0.180 seconds
[2024-04-16T10:27:04.030+0000] {processor.py:154} INFO - Started process (PID=518) to work on /home/airflow/.local/lib/python3.7/site-packages/airflow/example_dags/example_branch_operator.py
[2024-04-16T10:27:04.033+0000] {processor.py:756} INFO - Processing file /home/airflow/.local/lib/python3.7/site-packages/airflow/example_dags/example_branch_operator.py for tasks to queue
[2024-04-16T10:27:04.035+0000] {logging_mixin.py:120} INFO - [2024-04-16T10:27:04.034+0000] {dagbag.py:537} INFO - Filling up the DagBag from /home/airflow/.local/lib/python3.7/site-packages/airflow/example_dags/example_branch_operator.py
[2024-04-16T10:27:04.068+0000] {processor.py:766} INFO - DAG(s) dict_keys(['example_branch_operator']) retrieved from /home/airflow/.local/lib/python3.7/site-packages/airflow/example_dags/example_branch_operator.py
[2024-04-16T10:27:04.160+0000] {logging_mixin.py:120} INFO - [2024-04-16T10:27:04.160+0000] {dag.py:2585} INFO - Sync 1 DAGs
[2024-04-16T10:27:04.210+0000] {logging_mixin.py:120} INFO - [2024-04-16T10:27:04.210+0000] {dag.py:3340} INFO - Setting next_dagrun for example_branch_operator to 2024-04-15T00:00:00+00:00, run_after=2024-04-16T00:00:00+00:00
[2024-04-16T10:27:04.238+0000] {processor.py:176} INFO - Processing /home/airflow/.local/lib/python3.7/site-packages/airflow/example_dags/example_branch_operator.py took 0.214 seconds
[2024-04-16T10:27:35.605+0000] {processor.py:154} INFO - Started process (PID=600) to work on /home/airflow/.local/lib/python3.7/site-packages/airflow/example_dags/example_branch_operator.py
[2024-04-16T10:27:35.608+0000] {processor.py:756} INFO - Processing file /home/airflow/.local/lib/python3.7/site-packages/airflow/example_dags/example_branch_operator.py for tasks to queue
[2024-04-16T10:27:35.609+0000] {logging_mixin.py:120} INFO - [2024-04-16T10:27:35.609+0000] {dagbag.py:537} INFO - Filling up the DagBag from /home/airflow/.local/lib/python3.7/site-packages/airflow/example_dags/example_branch_operator.py
[2024-04-16T10:27:35.637+0000] {processor.py:766} INFO - DAG(s) dict_keys(['example_branch_operator']) retrieved from /home/airflow/.local/lib/python3.7/site-packages/airflow/example_dags/example_branch_operator.py
[2024-04-16T10:27:35.714+0000] {logging_mixin.py:120} INFO - [2024-04-16T10:27:35.714+0000] {dag.py:2585} INFO - Sync 1 DAGs
[2024-04-16T10:27:35.763+0000] {logging_mixin.py:120} INFO - [2024-04-16T10:27:35.763+0000] {dag.py:3340} INFO - Setting next_dagrun for example_branch_operator to 2024-04-15T00:00:00+00:00, run_after=2024-04-16T00:00:00+00:00
[2024-04-16T10:27:35.809+0000] {processor.py:176} INFO - Processing /home/airflow/.local/lib/python3.7/site-packages/airflow/example_dags/example_branch_operator.py took 0.212 seconds
[2024-04-16T10:28:13.841+0000] {processor.py:154} INFO - Started process (PID=678) to work on /home/airflow/.local/lib/python3.7/site-packages/airflow/example_dags/example_branch_operator.py
[2024-04-16T10:28:13.892+0000] {processor.py:756} INFO - Processing file /home/airflow/.local/lib/python3.7/site-packages/airflow/example_dags/example_branch_operator.py for tasks to queue
[2024-04-16T10:28:13.925+0000] {logging_mixin.py:120} INFO - [2024-04-16T10:28:13.924+0000] {dagbag.py:537} INFO - Filling up the DagBag from /home/airflow/.local/lib/python3.7/site-packages/airflow/example_dags/example_branch_operator.py
[2024-04-16T10:28:14.310+0000] {processor.py:766} INFO - DAG(s) dict_keys(['example_branch_operator']) retrieved from /home/airflow/.local/lib/python3.7/site-packages/airflow/example_dags/example_branch_operator.py
[2024-04-16T10:28:15.521+0000] {logging_mixin.py:120} INFO - [2024-04-16T10:28:15.520+0000] {dag.py:2585} INFO - Sync 1 DAGs
[2024-04-16T10:28:15.714+0000] {logging_mixin.py:120} INFO - [2024-04-16T10:28:15.713+0000] {dag.py:3340} INFO - Setting next_dagrun for example_branch_operator to 2024-04-15T00:00:00+00:00, run_after=2024-04-16T00:00:00+00:00
[2024-04-16T10:28:15.824+0000] {processor.py:176} INFO - Processing /home/airflow/.local/lib/python3.7/site-packages/airflow/example_dags/example_branch_operator.py took 2.108 seconds
[2024-04-16T13:04:18.826+0000] {processor.py:154} INFO - Started process (PID=730) to work on /home/airflow/.local/lib/python3.7/site-packages/airflow/example_dags/example_branch_operator.py
[2024-04-16T13:04:18.833+0000] {processor.py:756} INFO - Processing file /home/airflow/.local/lib/python3.7/site-packages/airflow/example_dags/example_branch_operator.py for tasks to queue
[2024-04-16T13:04:18.836+0000] {logging_mixin.py:120} INFO - [2024-04-16T13:04:18.836+0000] {dagbag.py:537} INFO - Filling up the DagBag from /home/airflow/.local/lib/python3.7/site-packages/airflow/example_dags/example_branch_operator.py
[2024-04-16T13:04:18.901+0000] {processor.py:766} INFO - DAG(s) dict_keys(['example_branch_operator']) retrieved from /home/airflow/.local/lib/python3.7/site-packages/airflow/example_dags/example_branch_operator.py
[2024-04-16T13:04:19.084+0000] {logging_mixin.py:120} INFO - [2024-04-16T13:04:19.084+0000] {dag.py:2585} INFO - Sync 1 DAGs
[2024-04-16T13:04:19.183+0000] {logging_mixin.py:120} INFO - [2024-04-16T13:04:19.182+0000] {dag.py:3340} INFO - Setting next_dagrun for example_branch_operator to 2024-04-15T00:00:00+00:00, run_after=2024-04-16T00:00:00+00:00
[2024-04-16T13:04:19.274+0000] {processor.py:176} INFO - Processing /home/airflow/.local/lib/python3.7/site-packages/airflow/example_dags/example_branch_operator.py took 0.456 seconds
[2024-04-16T13:04:49.372+0000] {processor.py:154} INFO - Started process (PID=808) to work on /home/airflow/.local/lib/python3.7/site-packages/airflow/example_dags/example_branch_operator.py
[2024-04-16T13:04:49.375+0000] {processor.py:756} INFO - Processing file /home/airflow/.local/lib/python3.7/site-packages/airflow/example_dags/example_branch_operator.py for tasks to queue
[2024-04-16T13:04:49.377+0000] {logging_mixin.py:120} INFO - [2024-04-16T13:04:49.377+0000] {dagbag.py:537} INFO - Filling up the DagBag from /home/airflow/.local/lib/python3.7/site-packages/airflow/example_dags/example_branch_operator.py
[2024-04-16T13:04:49.412+0000] {processor.py:766} INFO - DAG(s) dict_keys(['example_branch_operator']) retrieved from /home/airflow/.local/lib/python3.7/site-packages/airflow/example_dags/example_branch_operator.py
[2024-04-16T13:04:49.494+0000] {logging_mixin.py:120} INFO - [2024-04-16T13:04:49.494+0000] {dag.py:2585} INFO - Sync 1 DAGs
[2024-04-16T13:04:49.534+0000] {logging_mixin.py:120} INFO - [2024-04-16T13:04:49.533+0000] {dag.py:3340} INFO - Setting next_dagrun for example_branch_operator to 2024-04-15T00:00:00+00:00, run_after=2024-04-16T00:00:00+00:00
[2024-04-16T13:04:49.564+0000] {processor.py:176} INFO - Processing /home/airflow/.local/lib/python3.7/site-packages/airflow/example_dags/example_branch_operator.py took 0.198 seconds
[2024-04-16T13:05:20.372+0000] {processor.py:154} INFO - Started process (PID=885) to work on /home/airflow/.local/lib/python3.7/site-packages/airflow/example_dags/example_branch_operator.py
[2024-04-16T13:05:20.379+0000] {processor.py:756} INFO - Processing file /home/airflow/.local/lib/python3.7/site-packages/airflow/example_dags/example_branch_operator.py for tasks to queue
[2024-04-16T13:05:20.382+0000] {logging_mixin.py:120} INFO - [2024-04-16T13:05:20.381+0000] {dagbag.py:537} INFO - Filling up the DagBag from /home/airflow/.local/lib/python3.7/site-packages/airflow/example_dags/example_branch_operator.py
[2024-04-16T13:05:20.420+0000] {processor.py:766} INFO - DAG(s) dict_keys(['example_branch_operator']) retrieved from /home/airflow/.local/lib/python3.7/site-packages/airflow/example_dags/example_branch_operator.py
[2024-04-16T13:05:20.505+0000] {logging_mixin.py:120} INFO - [2024-04-16T13:05:20.505+0000] {dag.py:2585} INFO - Sync 1 DAGs
[2024-04-16T13:05:20.554+0000] {logging_mixin.py:120} INFO - [2024-04-16T13:05:20.554+0000] {dag.py:3340} INFO - Setting next_dagrun for example_branch_operator to 2024-04-15T00:00:00+00:00, run_after=2024-04-16T00:00:00+00:00
[2024-04-16T13:05:20.596+0000] {processor.py:176} INFO - Processing /home/airflow/.local/lib/python3.7/site-packages/airflow/example_dags/example_branch_operator.py took 0.233 seconds
[2024-04-16T13:05:51.340+0000] {processor.py:154} INFO - Started process (PID=956) to work on /home/airflow/.local/lib/python3.7/site-packages/airflow/example_dags/example_branch_operator.py
[2024-04-16T13:05:51.342+0000] {processor.py:756} INFO - Processing file /home/airflow/.local/lib/python3.7/site-packages/airflow/example_dags/example_branch_operator.py for tasks to queue
[2024-04-16T13:05:51.346+0000] {logging_mixin.py:120} INFO - [2024-04-16T13:05:51.345+0000] {dagbag.py:537} INFO - Filling up the DagBag from /home/airflow/.local/lib/python3.7/site-packages/airflow/example_dags/example_branch_operator.py
[2024-04-16T13:05:51.379+0000] {processor.py:766} INFO - DAG(s) dict_keys(['example_branch_operator']) retrieved from /home/airflow/.local/lib/python3.7/site-packages/airflow/example_dags/example_branch_operator.py
[2024-04-16T13:05:51.451+0000] {logging_mixin.py:120} INFO - [2024-04-16T13:05:51.451+0000] {dag.py:2585} INFO - Sync 1 DAGs
[2024-04-16T13:05:51.500+0000] {logging_mixin.py:120} INFO - [2024-04-16T13:05:51.500+0000] {dag.py:3340} INFO - Setting next_dagrun for example_branch_operator to 2024-04-15T00:00:00+00:00, run_after=2024-04-16T00:00:00+00:00
[2024-04-16T13:05:51.535+0000] {processor.py:176} INFO - Processing /home/airflow/.local/lib/python3.7/site-packages/airflow/example_dags/example_branch_operator.py took 0.203 seconds
[2024-04-16T13:06:29.841+0000] {processor.py:154} INFO - Started process (PID=1035) to work on /home/airflow/.local/lib/python3.7/site-packages/airflow/example_dags/example_branch_operator.py
[2024-04-16T13:06:29.843+0000] {processor.py:756} INFO - Processing file /home/airflow/.local/lib/python3.7/site-packages/airflow/example_dags/example_branch_operator.py for tasks to queue
[2024-04-16T13:06:29.846+0000] {logging_mixin.py:120} INFO - [2024-04-16T13:06:29.846+0000] {dagbag.py:537} INFO - Filling up the DagBag from /home/airflow/.local/lib/python3.7/site-packages/airflow/example_dags/example_branch_operator.py
[2024-04-16T13:06:29.897+0000] {processor.py:766} INFO - DAG(s) dict_keys(['example_branch_operator']) retrieved from /home/airflow/.local/lib/python3.7/site-packages/airflow/example_dags/example_branch_operator.py
[2024-04-16T13:06:30.010+0000] {logging_mixin.py:120} INFO - [2024-04-16T13:06:30.009+0000] {dag.py:2585} INFO - Sync 1 DAGs
[2024-04-16T13:06:30.077+0000] {logging_mixin.py:120} INFO - [2024-04-16T13:06:30.076+0000] {dag.py:3340} INFO - Setting next_dagrun for example_branch_operator to 2024-04-15T00:00:00+00:00, run_after=2024-04-16T00:00:00+00:00
[2024-04-16T13:06:30.118+0000] {processor.py:176} INFO - Processing /home/airflow/.local/lib/python3.7/site-packages/airflow/example_dags/example_branch_operator.py took 0.284 seconds
[2024-04-16T13:07:01.626+0000] {processor.py:154} INFO - Started process (PID=1103) to work on /home/airflow/.local/lib/python3.7/site-packages/airflow/example_dags/example_branch_operator.py
[2024-04-16T13:07:01.629+0000] {processor.py:756} INFO - Processing file /home/airflow/.local/lib/python3.7/site-packages/airflow/example_dags/example_branch_operator.py for tasks to queue
[2024-04-16T13:07:01.631+0000] {logging_mixin.py:120} INFO - [2024-04-16T13:07:01.631+0000] {dagbag.py:537} INFO - Filling up the DagBag from /home/airflow/.local/lib/python3.7/site-packages/airflow/example_dags/example_branch_operator.py
[2024-04-16T13:07:01.668+0000] {processor.py:766} INFO - DAG(s) dict_keys(['example_branch_operator']) retrieved from /home/airflow/.local/lib/python3.7/site-packages/airflow/example_dags/example_branch_operator.py
[2024-04-16T13:07:01.740+0000] {logging_mixin.py:120} INFO - [2024-04-16T13:07:01.739+0000] {dag.py:2585} INFO - Sync 1 DAGs
[2024-04-16T13:07:01.784+0000] {logging_mixin.py:120} INFO - [2024-04-16T13:07:01.784+0000] {dag.py:3340} INFO - Setting next_dagrun for example_branch_operator to 2024-04-15T00:00:00+00:00, run_after=2024-04-16T00:00:00+00:00
[2024-04-16T13:07:01.823+0000] {processor.py:176} INFO - Processing /home/airflow/.local/lib/python3.7/site-packages/airflow/example_dags/example_branch_operator.py took 0.203 seconds
[2024-04-16T13:07:33.507+0000] {processor.py:154} INFO - Started process (PID=1181) to work on /home/airflow/.local/lib/python3.7/site-packages/airflow/example_dags/example_branch_operator.py
[2024-04-16T13:07:33.509+0000] {processor.py:756} INFO - Processing file /home/airflow/.local/lib/python3.7/site-packages/airflow/example_dags/example_branch_operator.py for tasks to queue
[2024-04-16T13:07:33.511+0000] {logging_mixin.py:120} INFO - [2024-04-16T13:07:33.511+0000] {dagbag.py:537} INFO - Filling up the DagBag from /home/airflow/.local/lib/python3.7/site-packages/airflow/example_dags/example_branch_operator.py
[2024-04-16T13:07:33.540+0000] {processor.py:766} INFO - DAG(s) dict_keys(['example_branch_operator']) retrieved from /home/airflow/.local/lib/python3.7/site-packages/airflow/example_dags/example_branch_operator.py
[2024-04-16T13:07:33.612+0000] {logging_mixin.py:120} INFO - [2024-04-16T13:07:33.612+0000] {dag.py:2585} INFO - Sync 1 DAGs
[2024-04-16T13:07:33.673+0000] {logging_mixin.py:120} INFO - [2024-04-16T13:07:33.673+0000] {dag.py:3340} INFO - Setting next_dagrun for example_branch_operator to 2024-04-15T00:00:00+00:00, run_after=2024-04-16T00:00:00+00:00
[2024-04-16T13:07:33.713+0000] {processor.py:176} INFO - Processing /home/airflow/.local/lib/python3.7/site-packages/airflow/example_dags/example_branch_operator.py took 0.213 seconds
[2024-04-16T13:08:04.442+0000] {processor.py:154} INFO - Started process (PID=1250) to work on /home/airflow/.local/lib/python3.7/site-packages/airflow/example_dags/example_branch_operator.py
[2024-04-16T13:08:04.445+0000] {processor.py:756} INFO - Processing file /home/airflow/.local/lib/python3.7/site-packages/airflow/example_dags/example_branch_operator.py for tasks to queue
[2024-04-16T13:08:04.447+0000] {logging_mixin.py:120} INFO - [2024-04-16T13:08:04.447+0000] {dagbag.py:537} INFO - Filling up the DagBag from /home/airflow/.local/lib/python3.7/site-packages/airflow/example_dags/example_branch_operator.py
[2024-04-16T13:08:04.479+0000] {processor.py:766} INFO - DAG(s) dict_keys(['example_branch_operator']) retrieved from /home/airflow/.local/lib/python3.7/site-packages/airflow/example_dags/example_branch_operator.py
[2024-04-16T13:08:04.568+0000] {logging_mixin.py:120} INFO - [2024-04-16T13:08:04.567+0000] {dag.py:2585} INFO - Sync 1 DAGs
[2024-04-16T13:08:04.610+0000] {logging_mixin.py:120} INFO - [2024-04-16T13:08:04.610+0000] {dag.py:3340} INFO - Setting next_dagrun for example_branch_operator to 2024-04-15T00:00:00+00:00, run_after=2024-04-16T00:00:00+00:00
[2024-04-16T13:08:04.640+0000] {processor.py:176} INFO - Processing /home/airflow/.local/lib/python3.7/site-packages/airflow/example_dags/example_branch_operator.py took 0.205 seconds
[2024-04-16T13:08:34.726+0000] {processor.py:154} INFO - Started process (PID=1326) to work on /home/airflow/.local/lib/python3.7/site-packages/airflow/example_dags/example_branch_operator.py
[2024-04-16T13:08:34.729+0000] {processor.py:756} INFO - Processing file /home/airflow/.local/lib/python3.7/site-packages/airflow/example_dags/example_branch_operator.py for tasks to queue
[2024-04-16T13:08:34.731+0000] {logging_mixin.py:120} INFO - [2024-04-16T13:08:34.731+0000] {dagbag.py:537} INFO - Filling up the DagBag from /home/airflow/.local/lib/python3.7/site-packages/airflow/example_dags/example_branch_operator.py
[2024-04-16T13:08:34.766+0000] {processor.py:766} INFO - DAG(s) dict_keys(['example_branch_operator']) retrieved from /home/airflow/.local/lib/python3.7/site-packages/airflow/example_dags/example_branch_operator.py
[2024-04-16T13:08:34.851+0000] {logging_mixin.py:120} INFO - [2024-04-16T13:08:34.851+0000] {dag.py:2585} INFO - Sync 1 DAGs
[2024-04-16T13:08:34.906+0000] {logging_mixin.py:120} INFO - [2024-04-16T13:08:34.905+0000] {dag.py:3340} INFO - Setting next_dagrun for example_branch_operator to 2024-04-15T00:00:00+00:00, run_after=2024-04-16T00:00:00+00:00
[2024-04-16T13:08:34.936+0000] {processor.py:176} INFO - Processing /home/airflow/.local/lib/python3.7/site-packages/airflow/example_dags/example_branch_operator.py took 0.216 seconds
[2024-04-16T13:09:06.039+0000] {processor.py:154} INFO - Started process (PID=1395) to work on /home/airflow/.local/lib/python3.7/site-packages/airflow/example_dags/example_branch_operator.py
[2024-04-16T13:09:06.042+0000] {processor.py:756} INFO - Processing file /home/airflow/.local/lib/python3.7/site-packages/airflow/example_dags/example_branch_operator.py for tasks to queue
[2024-04-16T13:09:06.045+0000] {logging_mixin.py:120} INFO - [2024-04-16T13:09:06.044+0000] {dagbag.py:537} INFO - Filling up the DagBag from /home/airflow/.local/lib/python3.7/site-packages/airflow/example_dags/example_branch_operator.py
[2024-04-16T13:09:06.078+0000] {processor.py:766} INFO - DAG(s) dict_keys(['example_branch_operator']) retrieved from /home/airflow/.local/lib/python3.7/site-packages/airflow/example_dags/example_branch_operator.py
[2024-04-16T13:09:06.171+0000] {logging_mixin.py:120} INFO - [2024-04-16T13:09:06.171+0000] {dag.py:2585} INFO - Sync 1 DAGs
[2024-04-16T13:09:06.219+0000] {logging_mixin.py:120} INFO - [2024-04-16T13:09:06.218+0000] {dag.py:3340} INFO - Setting next_dagrun for example_branch_operator to 2024-04-15T00:00:00+00:00, run_after=2024-04-16T00:00:00+00:00
[2024-04-16T13:09:06.256+0000] {processor.py:176} INFO - Processing /home/airflow/.local/lib/python3.7/site-packages/airflow/example_dags/example_branch_operator.py took 0.223 seconds
[2024-04-16T13:09:37.101+0000] {processor.py:154} INFO - Started process (PID=1476) to work on /home/airflow/.local/lib/python3.7/site-packages/airflow/example_dags/example_branch_operator.py
[2024-04-16T13:09:37.104+0000] {processor.py:756} INFO - Processing file /home/airflow/.local/lib/python3.7/site-packages/airflow/example_dags/example_branch_operator.py for tasks to queue
[2024-04-16T13:09:37.106+0000] {logging_mixin.py:120} INFO - [2024-04-16T13:09:37.106+0000] {dagbag.py:537} INFO - Filling up the DagBag from /home/airflow/.local/lib/python3.7/site-packages/airflow/example_dags/example_branch_operator.py
[2024-04-16T13:09:37.139+0000] {processor.py:766} INFO - DAG(s) dict_keys(['example_branch_operator']) retrieved from /home/airflow/.local/lib/python3.7/site-packages/airflow/example_dags/example_branch_operator.py
[2024-04-16T13:09:37.286+0000] {logging_mixin.py:120} INFO - [2024-04-16T13:09:37.285+0000] {dag.py:2585} INFO - Sync 1 DAGs
[2024-04-16T13:09:37.431+0000] {logging_mixin.py:120} INFO - [2024-04-16T13:09:37.431+0000] {dag.py:3340} INFO - Setting next_dagrun for example_branch_operator to 2024-04-15T00:00:00+00:00, run_after=2024-04-16T00:00:00+00:00
[2024-04-16T13:09:37.519+0000] {processor.py:176} INFO - Processing /home/airflow/.local/lib/python3.7/site-packages/airflow/example_dags/example_branch_operator.py took 0.430 seconds
[2024-04-16T13:10:07.804+0000] {processor.py:154} INFO - Started process (PID=1543) to work on /home/airflow/.local/lib/python3.7/site-packages/airflow/example_dags/example_branch_operator.py
[2024-04-16T13:10:07.810+0000] {processor.py:756} INFO - Processing file /home/airflow/.local/lib/python3.7/site-packages/airflow/example_dags/example_branch_operator.py for tasks to queue
[2024-04-16T13:10:07.813+0000] {logging_mixin.py:120} INFO - [2024-04-16T13:10:07.813+0000] {dagbag.py:537} INFO - Filling up the DagBag from /home/airflow/.local/lib/python3.7/site-packages/airflow/example_dags/example_branch_operator.py
[2024-04-16T13:10:07.864+0000] {processor.py:766} INFO - DAG(s) dict_keys(['example_branch_operator']) retrieved from /home/airflow/.local/lib/python3.7/site-packages/airflow/example_dags/example_branch_operator.py
[2024-04-16T13:10:07.947+0000] {logging_mixin.py:120} INFO - [2024-04-16T13:10:07.947+0000] {dag.py:2585} INFO - Sync 1 DAGs
[2024-04-16T13:10:08.026+0000] {logging_mixin.py:120} INFO - [2024-04-16T13:10:08.025+0000] {dag.py:3340} INFO - Setting next_dagrun for example_branch_operator to 2024-04-15T00:00:00+00:00, run_after=2024-04-16T00:00:00+00:00
[2024-04-16T13:10:08.075+0000] {processor.py:176} INFO - Processing /home/airflow/.local/lib/python3.7/site-packages/airflow/example_dags/example_branch_operator.py took 0.283 seconds
[2024-04-16T13:10:38.409+0000] {processor.py:154} INFO - Started process (PID=1613) to work on /home/airflow/.local/lib/python3.7/site-packages/airflow/example_dags/example_branch_operator.py
[2024-04-16T13:10:38.412+0000] {processor.py:756} INFO - Processing file /home/airflow/.local/lib/python3.7/site-packages/airflow/example_dags/example_branch_operator.py for tasks to queue
[2024-04-16T13:10:38.415+0000] {logging_mixin.py:120} INFO - [2024-04-16T13:10:38.415+0000] {dagbag.py:537} INFO - Filling up the DagBag from /home/airflow/.local/lib/python3.7/site-packages/airflow/example_dags/example_branch_operator.py
[2024-04-16T13:10:38.453+0000] {processor.py:766} INFO - DAG(s) dict_keys(['example_branch_operator']) retrieved from /home/airflow/.local/lib/python3.7/site-packages/airflow/example_dags/example_branch_operator.py
[2024-04-16T13:10:38.530+0000] {logging_mixin.py:120} INFO - [2024-04-16T13:10:38.529+0000] {dag.py:2585} INFO - Sync 1 DAGs
[2024-04-16T13:10:38.568+0000] {logging_mixin.py:120} INFO - [2024-04-16T13:10:38.567+0000] {dag.py:3340} INFO - Setting next_dagrun for example_branch_operator to 2024-04-15T00:00:00+00:00, run_after=2024-04-16T00:00:00+00:00
[2024-04-16T13:10:38.600+0000] {processor.py:176} INFO - Processing /home/airflow/.local/lib/python3.7/site-packages/airflow/example_dags/example_branch_operator.py took 0.220 seconds
[2024-04-16T13:11:09.268+0000] {processor.py:154} INFO - Started process (PID=1690) to work on /home/airflow/.local/lib/python3.7/site-packages/airflow/example_dags/example_branch_operator.py
[2024-04-16T13:11:09.270+0000] {processor.py:756} INFO - Processing file /home/airflow/.local/lib/python3.7/site-packages/airflow/example_dags/example_branch_operator.py for tasks to queue
[2024-04-16T13:11:09.272+0000] {logging_mixin.py:120} INFO - [2024-04-16T13:11:09.272+0000] {dagbag.py:537} INFO - Filling up the DagBag from /home/airflow/.local/lib/python3.7/site-packages/airflow/example_dags/example_branch_operator.py
[2024-04-16T13:11:09.316+0000] {processor.py:766} INFO - DAG(s) dict_keys(['example_branch_operator']) retrieved from /home/airflow/.local/lib/python3.7/site-packages/airflow/example_dags/example_branch_operator.py
[2024-04-16T13:11:09.393+0000] {logging_mixin.py:120} INFO - [2024-04-16T13:11:09.392+0000] {dag.py:2585} INFO - Sync 1 DAGs
[2024-04-16T13:11:09.439+0000] {logging_mixin.py:120} INFO - [2024-04-16T13:11:09.439+0000] {dag.py:3340} INFO - Setting next_dagrun for example_branch_operator to 2024-04-15T00:00:00+00:00, run_after=2024-04-16T00:00:00+00:00
[2024-04-16T13:11:09.478+0000] {processor.py:176} INFO - Processing /home/airflow/.local/lib/python3.7/site-packages/airflow/example_dags/example_branch_operator.py took 0.217 seconds
[2024-04-16T13:11:40.129+0000] {processor.py:154} INFO - Started process (PID=1760) to work on /home/airflow/.local/lib/python3.7/site-packages/airflow/example_dags/example_branch_operator.py
[2024-04-16T13:11:40.130+0000] {processor.py:756} INFO - Processing file /home/airflow/.local/lib/python3.7/site-packages/airflow/example_dags/example_branch_operator.py for tasks to queue
[2024-04-16T13:11:40.133+0000] {logging_mixin.py:120} INFO - [2024-04-16T13:11:40.132+0000] {dagbag.py:537} INFO - Filling up the DagBag from /home/airflow/.local/lib/python3.7/site-packages/airflow/example_dags/example_branch_operator.py
[2024-04-16T13:11:40.164+0000] {processor.py:766} INFO - DAG(s) dict_keys(['example_branch_operator']) retrieved from /home/airflow/.local/lib/python3.7/site-packages/airflow/example_dags/example_branch_operator.py
[2024-04-16T13:11:40.251+0000] {logging_mixin.py:120} INFO - [2024-04-16T13:11:40.251+0000] {dag.py:2585} INFO - Sync 1 DAGs
[2024-04-16T13:11:40.299+0000] {logging_mixin.py:120} INFO - [2024-04-16T13:11:40.299+0000] {dag.py:3340} INFO - Setting next_dagrun for example_branch_operator to 2024-04-15T00:00:00+00:00, run_after=2024-04-16T00:00:00+00:00
[2024-04-16T13:11:40.345+0000] {processor.py:176} INFO - Processing /home/airflow/.local/lib/python3.7/site-packages/airflow/example_dags/example_branch_operator.py took 0.223 seconds
[2024-04-16T13:12:10.523+0000] {processor.py:154} INFO - Started process (PID=1838) to work on /home/airflow/.local/lib/python3.7/site-packages/airflow/example_dags/example_branch_operator.py
[2024-04-16T13:12:10.532+0000] {processor.py:756} INFO - Processing file /home/airflow/.local/lib/python3.7/site-packages/airflow/example_dags/example_branch_operator.py for tasks to queue
[2024-04-16T13:12:10.535+0000] {logging_mixin.py:120} INFO - [2024-04-16T13:12:10.535+0000] {dagbag.py:537} INFO - Filling up the DagBag from /home/airflow/.local/lib/python3.7/site-packages/airflow/example_dags/example_branch_operator.py
[2024-04-16T13:12:10.568+0000] {processor.py:766} INFO - DAG(s) dict_keys(['example_branch_operator']) retrieved from /home/airflow/.local/lib/python3.7/site-packages/airflow/example_dags/example_branch_operator.py
[2024-04-16T13:12:10.758+0000] {logging_mixin.py:120} INFO - [2024-04-16T13:12:10.758+0000] {dag.py:2585} INFO - Sync 1 DAGs
[2024-04-16T13:12:10.806+0000] {logging_mixin.py:120} INFO - [2024-04-16T13:12:10.806+0000] {dag.py:3340} INFO - Setting next_dagrun for example_branch_operator to 2024-04-15T00:00:00+00:00, run_after=2024-04-16T00:00:00+00:00
[2024-04-16T13:12:10.833+0000] {processor.py:176} INFO - Processing /home/airflow/.local/lib/python3.7/site-packages/airflow/example_dags/example_branch_operator.py took 0.323 seconds
[2024-04-16T13:12:41.260+0000] {processor.py:154} INFO - Started process (PID=1907) to work on /home/airflow/.local/lib/python3.7/site-packages/airflow/example_dags/example_branch_operator.py
[2024-04-16T13:12:41.263+0000] {processor.py:756} INFO - Processing file /home/airflow/.local/lib/python3.7/site-packages/airflow/example_dags/example_branch_operator.py for tasks to queue
[2024-04-16T13:12:41.264+0000] {logging_mixin.py:120} INFO - [2024-04-16T13:12:41.264+0000] {dagbag.py:537} INFO - Filling up the DagBag from /home/airflow/.local/lib/python3.7/site-packages/airflow/example_dags/example_branch_operator.py
[2024-04-16T13:12:41.295+0000] {processor.py:766} INFO - DAG(s) dict_keys(['example_branch_operator']) retrieved from /home/airflow/.local/lib/python3.7/site-packages/airflow/example_dags/example_branch_operator.py
[2024-04-16T13:12:41.372+0000] {logging_mixin.py:120} INFO - [2024-04-16T13:12:41.372+0000] {dag.py:2585} INFO - Sync 1 DAGs
[2024-04-16T13:12:41.417+0000] {logging_mixin.py:120} INFO - [2024-04-16T13:12:41.416+0000] {dag.py:3340} INFO - Setting next_dagrun for example_branch_operator to 2024-04-15T00:00:00+00:00, run_after=2024-04-16T00:00:00+00:00
[2024-04-16T13:12:41.451+0000] {processor.py:176} INFO - Processing /home/airflow/.local/lib/python3.7/site-packages/airflow/example_dags/example_branch_operator.py took 0.196 seconds
[2024-04-16T13:13:12.409+0000] {processor.py:154} INFO - Started process (PID=1986) to work on /home/airflow/.local/lib/python3.7/site-packages/airflow/example_dags/example_branch_operator.py
[2024-04-16T13:13:12.411+0000] {processor.py:756} INFO - Processing file /home/airflow/.local/lib/python3.7/site-packages/airflow/example_dags/example_branch_operator.py for tasks to queue
[2024-04-16T13:13:12.413+0000] {logging_mixin.py:120} INFO - [2024-04-16T13:13:12.413+0000] {dagbag.py:537} INFO - Filling up the DagBag from /home/airflow/.local/lib/python3.7/site-packages/airflow/example_dags/example_branch_operator.py
[2024-04-16T13:13:12.455+0000] {processor.py:766} INFO - DAG(s) dict_keys(['example_branch_operator']) retrieved from /home/airflow/.local/lib/python3.7/site-packages/airflow/example_dags/example_branch_operator.py
[2024-04-16T13:13:12.529+0000] {logging_mixin.py:120} INFO - [2024-04-16T13:13:12.529+0000] {dag.py:2585} INFO - Sync 1 DAGs
[2024-04-16T13:13:12.582+0000] {logging_mixin.py:120} INFO - [2024-04-16T13:13:12.582+0000] {dag.py:3340} INFO - Setting next_dagrun for example_branch_operator to 2024-04-15T00:00:00+00:00, run_after=2024-04-16T00:00:00+00:00
[2024-04-16T13:13:12.619+0000] {processor.py:176} INFO - Processing /home/airflow/.local/lib/python3.7/site-packages/airflow/example_dags/example_branch_operator.py took 0.216 seconds
[2024-04-16T13:13:43.332+0000] {processor.py:154} INFO - Started process (PID=2056) to work on /home/airflow/.local/lib/python3.7/site-packages/airflow/example_dags/example_branch_operator.py
[2024-04-16T13:13:43.334+0000] {processor.py:756} INFO - Processing file /home/airflow/.local/lib/python3.7/site-packages/airflow/example_dags/example_branch_operator.py for tasks to queue
[2024-04-16T13:13:43.335+0000] {logging_mixin.py:120} INFO - [2024-04-16T13:13:43.335+0000] {dagbag.py:537} INFO - Filling up the DagBag from /home/airflow/.local/lib/python3.7/site-packages/airflow/example_dags/example_branch_operator.py
[2024-04-16T13:13:43.368+0000] {processor.py:766} INFO - DAG(s) dict_keys(['example_branch_operator']) retrieved from /home/airflow/.local/lib/python3.7/site-packages/airflow/example_dags/example_branch_operator.py
[2024-04-16T13:13:43.436+0000] {logging_mixin.py:120} INFO - [2024-04-16T13:13:43.436+0000] {dag.py:2585} INFO - Sync 1 DAGs
[2024-04-16T13:13:43.483+0000] {logging_mixin.py:120} INFO - [2024-04-16T13:13:43.482+0000] {dag.py:3340} INFO - Setting next_dagrun for example_branch_operator to 2024-04-15T00:00:00+00:00, run_after=2024-04-16T00:00:00+00:00
[2024-04-16T13:13:43.520+0000] {processor.py:176} INFO - Processing /home/airflow/.local/lib/python3.7/site-packages/airflow/example_dags/example_branch_operator.py took 0.193 seconds
[2024-04-16T13:14:13.995+0000] {processor.py:154} INFO - Started process (PID=2135) to work on /home/airflow/.local/lib/python3.7/site-packages/airflow/example_dags/example_branch_operator.py
[2024-04-16T13:14:13.997+0000] {processor.py:756} INFO - Processing file /home/airflow/.local/lib/python3.7/site-packages/airflow/example_dags/example_branch_operator.py for tasks to queue
[2024-04-16T13:14:14.000+0000] {logging_mixin.py:120} INFO - [2024-04-16T13:14:14.000+0000] {dagbag.py:537} INFO - Filling up the DagBag from /home/airflow/.local/lib/python3.7/site-packages/airflow/example_dags/example_branch_operator.py
[2024-04-16T13:14:14.030+0000] {processor.py:766} INFO - DAG(s) dict_keys(['example_branch_operator']) retrieved from /home/airflow/.local/lib/python3.7/site-packages/airflow/example_dags/example_branch_operator.py
[2024-04-16T13:14:14.114+0000] {logging_mixin.py:120} INFO - [2024-04-16T13:14:14.114+0000] {dag.py:2585} INFO - Sync 1 DAGs
[2024-04-16T13:14:14.165+0000] {logging_mixin.py:120} INFO - [2024-04-16T13:14:14.164+0000] {dag.py:3340} INFO - Setting next_dagrun for example_branch_operator to 2024-04-15T00:00:00+00:00, run_after=2024-04-16T00:00:00+00:00
[2024-04-16T13:14:14.196+0000] {processor.py:176} INFO - Processing /home/airflow/.local/lib/python3.7/site-packages/airflow/example_dags/example_branch_operator.py took 0.211 seconds
[2024-04-16T13:14:44.461+0000] {processor.py:154} INFO - Started process (PID=2202) to work on /home/airflow/.local/lib/python3.7/site-packages/airflow/example_dags/example_branch_operator.py
[2024-04-16T13:14:44.463+0000] {processor.py:756} INFO - Processing file /home/airflow/.local/lib/python3.7/site-packages/airflow/example_dags/example_branch_operator.py for tasks to queue
[2024-04-16T13:14:44.465+0000] {logging_mixin.py:120} INFO - [2024-04-16T13:14:44.465+0000] {dagbag.py:537} INFO - Filling up the DagBag from /home/airflow/.local/lib/python3.7/site-packages/airflow/example_dags/example_branch_operator.py
[2024-04-16T13:14:44.496+0000] {processor.py:766} INFO - DAG(s) dict_keys(['example_branch_operator']) retrieved from /home/airflow/.local/lib/python3.7/site-packages/airflow/example_dags/example_branch_operator.py
[2024-04-16T13:14:44.563+0000] {logging_mixin.py:120} INFO - [2024-04-16T13:14:44.563+0000] {dag.py:2585} INFO - Sync 1 DAGs
[2024-04-16T13:14:44.610+0000] {logging_mixin.py:120} INFO - [2024-04-16T13:14:44.610+0000] {dag.py:3340} INFO - Setting next_dagrun for example_branch_operator to 2024-04-15T00:00:00+00:00, run_after=2024-04-16T00:00:00+00:00
[2024-04-16T13:14:44.713+0000] {processor.py:176} INFO - Processing /home/airflow/.local/lib/python3.7/site-packages/airflow/example_dags/example_branch_operator.py took 0.257 seconds
[2024-04-16T13:15:15.077+0000] {processor.py:154} INFO - Started process (PID=2281) to work on /home/airflow/.local/lib/python3.7/site-packages/airflow/example_dags/example_branch_operator.py
[2024-04-16T13:15:15.080+0000] {processor.py:756} INFO - Processing file /home/airflow/.local/lib/python3.7/site-packages/airflow/example_dags/example_branch_operator.py for tasks to queue
[2024-04-16T13:15:15.082+0000] {logging_mixin.py:120} INFO - [2024-04-16T13:15:15.082+0000] {dagbag.py:537} INFO - Filling up the DagBag from /home/airflow/.local/lib/python3.7/site-packages/airflow/example_dags/example_branch_operator.py
[2024-04-16T13:15:15.111+0000] {processor.py:766} INFO - DAG(s) dict_keys(['example_branch_operator']) retrieved from /home/airflow/.local/lib/python3.7/site-packages/airflow/example_dags/example_branch_operator.py
[2024-04-16T13:15:15.182+0000] {logging_mixin.py:120} INFO - [2024-04-16T13:15:15.181+0000] {dag.py:2585} INFO - Sync 1 DAGs
[2024-04-16T13:15:15.231+0000] {logging_mixin.py:120} INFO - [2024-04-16T13:15:15.231+0000] {dag.py:3340} INFO - Setting next_dagrun for example_branch_operator to 2024-04-15T00:00:00+00:00, run_after=2024-04-16T00:00:00+00:00
[2024-04-16T13:15:15.256+0000] {processor.py:176} INFO - Processing /home/airflow/.local/lib/python3.7/site-packages/airflow/example_dags/example_branch_operator.py took 0.185 seconds
[2024-04-16T13:15:46.026+0000] {processor.py:154} INFO - Started process (PID=2349) to work on /home/airflow/.local/lib/python3.7/site-packages/airflow/example_dags/example_branch_operator.py
[2024-04-16T13:15:46.028+0000] {processor.py:756} INFO - Processing file /home/airflow/.local/lib/python3.7/site-packages/airflow/example_dags/example_branch_operator.py for tasks to queue
[2024-04-16T13:15:46.029+0000] {logging_mixin.py:120} INFO - [2024-04-16T13:15:46.029+0000] {dagbag.py:537} INFO - Filling up the DagBag from /home/airflow/.local/lib/python3.7/site-packages/airflow/example_dags/example_branch_operator.py
[2024-04-16T13:15:46.056+0000] {processor.py:766} INFO - DAG(s) dict_keys(['example_branch_operator']) retrieved from /home/airflow/.local/lib/python3.7/site-packages/airflow/example_dags/example_branch_operator.py
[2024-04-16T13:15:46.125+0000] {logging_mixin.py:120} INFO - [2024-04-16T13:15:46.125+0000] {dag.py:2585} INFO - Sync 1 DAGs
[2024-04-16T13:15:46.173+0000] {logging_mixin.py:120} INFO - [2024-04-16T13:15:46.173+0000] {dag.py:3340} INFO - Setting next_dagrun for example_branch_operator to 2024-04-15T00:00:00+00:00, run_after=2024-04-16T00:00:00+00:00
[2024-04-16T13:15:46.210+0000] {processor.py:176} INFO - Processing /home/airflow/.local/lib/python3.7/site-packages/airflow/example_dags/example_branch_operator.py took 0.190 seconds
[2024-04-16T13:16:16.978+0000] {processor.py:154} INFO - Started process (PID=2427) to work on /home/airflow/.local/lib/python3.7/site-packages/airflow/example_dags/example_branch_operator.py
[2024-04-16T13:16:16.980+0000] {processor.py:756} INFO - Processing file /home/airflow/.local/lib/python3.7/site-packages/airflow/example_dags/example_branch_operator.py for tasks to queue
[2024-04-16T13:16:16.981+0000] {logging_mixin.py:120} INFO - [2024-04-16T13:16:16.981+0000] {dagbag.py:537} INFO - Filling up the DagBag from /home/airflow/.local/lib/python3.7/site-packages/airflow/example_dags/example_branch_operator.py
[2024-04-16T13:16:17.007+0000] {processor.py:766} INFO - DAG(s) dict_keys(['example_branch_operator']) retrieved from /home/airflow/.local/lib/python3.7/site-packages/airflow/example_dags/example_branch_operator.py
[2024-04-16T13:16:17.076+0000] {logging_mixin.py:120} INFO - [2024-04-16T13:16:17.076+0000] {dag.py:2585} INFO - Sync 1 DAGs
[2024-04-16T13:16:17.120+0000] {logging_mixin.py:120} INFO - [2024-04-16T13:16:17.120+0000] {dag.py:3340} INFO - Setting next_dagrun for example_branch_operator to 2024-04-15T00:00:00+00:00, run_after=2024-04-16T00:00:00+00:00
[2024-04-16T13:16:17.151+0000] {processor.py:176} INFO - Processing /home/airflow/.local/lib/python3.7/site-packages/airflow/example_dags/example_branch_operator.py took 0.179 seconds
[2024-04-16T13:16:47.295+0000] {processor.py:154} INFO - Started process (PID=2496) to work on /home/airflow/.local/lib/python3.7/site-packages/airflow/example_dags/example_branch_operator.py
[2024-04-16T13:16:47.297+0000] {processor.py:756} INFO - Processing file /home/airflow/.local/lib/python3.7/site-packages/airflow/example_dags/example_branch_operator.py for tasks to queue
[2024-04-16T13:16:47.299+0000] {logging_mixin.py:120} INFO - [2024-04-16T13:16:47.298+0000] {dagbag.py:537} INFO - Filling up the DagBag from /home/airflow/.local/lib/python3.7/site-packages/airflow/example_dags/example_branch_operator.py
[2024-04-16T13:16:47.325+0000] {processor.py:766} INFO - DAG(s) dict_keys(['example_branch_operator']) retrieved from /home/airflow/.local/lib/python3.7/site-packages/airflow/example_dags/example_branch_operator.py
[2024-04-16T13:16:47.390+0000] {logging_mixin.py:120} INFO - [2024-04-16T13:16:47.390+0000] {dag.py:2585} INFO - Sync 1 DAGs
[2024-04-16T13:16:47.430+0000] {logging_mixin.py:120} INFO - [2024-04-16T13:16:47.430+0000] {dag.py:3340} INFO - Setting next_dagrun for example_branch_operator to 2024-04-15T00:00:00+00:00, run_after=2024-04-16T00:00:00+00:00
[2024-04-16T13:16:47.465+0000] {processor.py:176} INFO - Processing /home/airflow/.local/lib/python3.7/site-packages/airflow/example_dags/example_branch_operator.py took 0.175 seconds
[2024-04-16T13:17:17.791+0000] {processor.py:154} INFO - Started process (PID=2574) to work on /home/airflow/.local/lib/python3.7/site-packages/airflow/example_dags/example_branch_operator.py
[2024-04-16T13:17:17.793+0000] {processor.py:756} INFO - Processing file /home/airflow/.local/lib/python3.7/site-packages/airflow/example_dags/example_branch_operator.py for tasks to queue
[2024-04-16T13:17:17.794+0000] {logging_mixin.py:120} INFO - [2024-04-16T13:17:17.794+0000] {dagbag.py:537} INFO - Filling up the DagBag from /home/airflow/.local/lib/python3.7/site-packages/airflow/example_dags/example_branch_operator.py
[2024-04-16T13:17:17.822+0000] {processor.py:766} INFO - DAG(s) dict_keys(['example_branch_operator']) retrieved from /home/airflow/.local/lib/python3.7/site-packages/airflow/example_dags/example_branch_operator.py
[2024-04-16T13:17:17.887+0000] {logging_mixin.py:120} INFO - [2024-04-16T13:17:17.887+0000] {dag.py:2585} INFO - Sync 1 DAGs
[2024-04-16T13:17:17.929+0000] {logging_mixin.py:120} INFO - [2024-04-16T13:17:17.929+0000] {dag.py:3340} INFO - Setting next_dagrun for example_branch_operator to 2024-04-15T00:00:00+00:00, run_after=2024-04-16T00:00:00+00:00
[2024-04-16T13:17:17.964+0000] {processor.py:176} INFO - Processing /home/airflow/.local/lib/python3.7/site-packages/airflow/example_dags/example_branch_operator.py took 0.178 seconds
[2024-04-16T13:17:48.547+0000] {processor.py:154} INFO - Started process (PID=2652) to work on /home/airflow/.local/lib/python3.7/site-packages/airflow/example_dags/example_branch_operator.py
[2024-04-16T13:17:48.550+0000] {processor.py:756} INFO - Processing file /home/airflow/.local/lib/python3.7/site-packages/airflow/example_dags/example_branch_operator.py for tasks to queue
[2024-04-16T13:17:48.553+0000] {logging_mixin.py:120} INFO - [2024-04-16T13:17:48.552+0000] {dagbag.py:537} INFO - Filling up the DagBag from /home/airflow/.local/lib/python3.7/site-packages/airflow/example_dags/example_branch_operator.py
[2024-04-16T13:17:48.580+0000] {processor.py:766} INFO - DAG(s) dict_keys(['example_branch_operator']) retrieved from /home/airflow/.local/lib/python3.7/site-packages/airflow/example_dags/example_branch_operator.py
[2024-04-16T13:17:48.645+0000] {logging_mixin.py:120} INFO - [2024-04-16T13:17:48.645+0000] {dag.py:2585} INFO - Sync 1 DAGs
[2024-04-16T13:17:48.686+0000] {logging_mixin.py:120} INFO - [2024-04-16T13:17:48.685+0000] {dag.py:3340} INFO - Setting next_dagrun for example_branch_operator to 2024-04-15T00:00:00+00:00, run_after=2024-04-16T00:00:00+00:00
[2024-04-16T13:17:48.721+0000] {processor.py:176} INFO - Processing /home/airflow/.local/lib/python3.7/site-packages/airflow/example_dags/example_branch_operator.py took 0.180 seconds
[2024-04-16T13:18:18.914+0000] {processor.py:154} INFO - Started process (PID=2721) to work on /home/airflow/.local/lib/python3.7/site-packages/airflow/example_dags/example_branch_operator.py
[2024-04-16T13:18:18.919+0000] {processor.py:756} INFO - Processing file /home/airflow/.local/lib/python3.7/site-packages/airflow/example_dags/example_branch_operator.py for tasks to queue
[2024-04-16T13:18:18.921+0000] {logging_mixin.py:120} INFO - [2024-04-16T13:18:18.920+0000] {dagbag.py:537} INFO - Filling up the DagBag from /home/airflow/.local/lib/python3.7/site-packages/airflow/example_dags/example_branch_operator.py
[2024-04-16T13:18:18.951+0000] {processor.py:766} INFO - DAG(s) dict_keys(['example_branch_operator']) retrieved from /home/airflow/.local/lib/python3.7/site-packages/airflow/example_dags/example_branch_operator.py
[2024-04-16T13:18:19.024+0000] {logging_mixin.py:120} INFO - [2024-04-16T13:18:19.024+0000] {dag.py:2585} INFO - Sync 1 DAGs
[2024-04-16T13:18:19.071+0000] {logging_mixin.py:120} INFO - [2024-04-16T13:18:19.071+0000] {dag.py:3340} INFO - Setting next_dagrun for example_branch_operator to 2024-04-15T00:00:00+00:00, run_after=2024-04-16T00:00:00+00:00
[2024-04-16T13:18:19.107+0000] {processor.py:176} INFO - Processing /home/airflow/.local/lib/python3.7/site-packages/airflow/example_dags/example_branch_operator.py took 0.203 seconds
[2024-04-16T13:18:49.679+0000] {processor.py:154} INFO - Started process (PID=2800) to work on /home/airflow/.local/lib/python3.7/site-packages/airflow/example_dags/example_branch_operator.py
[2024-04-16T13:18:49.681+0000] {processor.py:756} INFO - Processing file /home/airflow/.local/lib/python3.7/site-packages/airflow/example_dags/example_branch_operator.py for tasks to queue
[2024-04-16T13:18:49.683+0000] {logging_mixin.py:120} INFO - [2024-04-16T13:18:49.683+0000] {dagbag.py:537} INFO - Filling up the DagBag from /home/airflow/.local/lib/python3.7/site-packages/airflow/example_dags/example_branch_operator.py
[2024-04-16T13:18:49.714+0000] {processor.py:766} INFO - DAG(s) dict_keys(['example_branch_operator']) retrieved from /home/airflow/.local/lib/python3.7/site-packages/airflow/example_dags/example_branch_operator.py
[2024-04-16T13:18:49.789+0000] {logging_mixin.py:120} INFO - [2024-04-16T13:18:49.789+0000] {dag.py:2585} INFO - Sync 1 DAGs
[2024-04-16T13:18:49.832+0000] {logging_mixin.py:120} INFO - [2024-04-16T13:18:49.832+0000] {dag.py:3340} INFO - Setting next_dagrun for example_branch_operator to 2024-04-15T00:00:00+00:00, run_after=2024-04-16T00:00:00+00:00
[2024-04-16T13:18:49.865+0000] {processor.py:176} INFO - Processing /home/airflow/.local/lib/python3.7/site-packages/airflow/example_dags/example_branch_operator.py took 0.191 seconds
[2024-04-16T13:19:20.231+0000] {processor.py:154} INFO - Started process (PID=2869) to work on /home/airflow/.local/lib/python3.7/site-packages/airflow/example_dags/example_branch_operator.py
[2024-04-16T13:19:20.233+0000] {processor.py:756} INFO - Processing file /home/airflow/.local/lib/python3.7/site-packages/airflow/example_dags/example_branch_operator.py for tasks to queue
[2024-04-16T13:19:20.235+0000] {logging_mixin.py:120} INFO - [2024-04-16T13:19:20.234+0000] {dagbag.py:537} INFO - Filling up the DagBag from /home/airflow/.local/lib/python3.7/site-packages/airflow/example_dags/example_branch_operator.py
[2024-04-16T13:19:20.266+0000] {processor.py:766} INFO - DAG(s) dict_keys(['example_branch_operator']) retrieved from /home/airflow/.local/lib/python3.7/site-packages/airflow/example_dags/example_branch_operator.py
[2024-04-16T13:19:20.339+0000] {logging_mixin.py:120} INFO - [2024-04-16T13:19:20.338+0000] {dag.py:2585} INFO - Sync 1 DAGs
[2024-04-16T13:19:20.383+0000] {logging_mixin.py:120} INFO - [2024-04-16T13:19:20.383+0000] {dag.py:3340} INFO - Setting next_dagrun for example_branch_operator to 2024-04-15T00:00:00+00:00, run_after=2024-04-16T00:00:00+00:00
[2024-04-16T13:19:20.417+0000] {processor.py:176} INFO - Processing /home/airflow/.local/lib/python3.7/site-packages/airflow/example_dags/example_branch_operator.py took 0.192 seconds
[2024-04-16T13:19:51.179+0000] {processor.py:154} INFO - Started process (PID=2946) to work on /home/airflow/.local/lib/python3.7/site-packages/airflow/example_dags/example_branch_operator.py
[2024-04-16T13:19:51.180+0000] {processor.py:756} INFO - Processing file /home/airflow/.local/lib/python3.7/site-packages/airflow/example_dags/example_branch_operator.py for tasks to queue
[2024-04-16T13:19:51.183+0000] {logging_mixin.py:120} INFO - [2024-04-16T13:19:51.183+0000] {dagbag.py:537} INFO - Filling up the DagBag from /home/airflow/.local/lib/python3.7/site-packages/airflow/example_dags/example_branch_operator.py
[2024-04-16T13:19:51.217+0000] {processor.py:766} INFO - DAG(s) dict_keys(['example_branch_operator']) retrieved from /home/airflow/.local/lib/python3.7/site-packages/airflow/example_dags/example_branch_operator.py
[2024-04-16T13:19:51.327+0000] {logging_mixin.py:120} INFO - [2024-04-16T13:19:51.327+0000] {dag.py:2585} INFO - Sync 1 DAGs
[2024-04-16T13:19:51.369+0000] {logging_mixin.py:120} INFO - [2024-04-16T13:19:51.368+0000] {dag.py:3340} INFO - Setting next_dagrun for example_branch_operator to 2024-04-15T00:00:00+00:00, run_after=2024-04-16T00:00:00+00:00
[2024-04-16T13:19:51.402+0000] {processor.py:176} INFO - Processing /home/airflow/.local/lib/python3.7/site-packages/airflow/example_dags/example_branch_operator.py took 0.230 seconds
[2024-04-16T13:20:21.644+0000] {processor.py:154} INFO - Started process (PID=3014) to work on /home/airflow/.local/lib/python3.7/site-packages/airflow/example_dags/example_branch_operator.py
[2024-04-16T13:20:21.646+0000] {processor.py:756} INFO - Processing file /home/airflow/.local/lib/python3.7/site-packages/airflow/example_dags/example_branch_operator.py for tasks to queue
[2024-04-16T13:20:21.648+0000] {logging_mixin.py:120} INFO - [2024-04-16T13:20:21.647+0000] {dagbag.py:537} INFO - Filling up the DagBag from /home/airflow/.local/lib/python3.7/site-packages/airflow/example_dags/example_branch_operator.py
[2024-04-16T13:20:21.676+0000] {processor.py:766} INFO - DAG(s) dict_keys(['example_branch_operator']) retrieved from /home/airflow/.local/lib/python3.7/site-packages/airflow/example_dags/example_branch_operator.py
[2024-04-16T13:20:21.741+0000] {logging_mixin.py:120} INFO - [2024-04-16T13:20:21.741+0000] {dag.py:2585} INFO - Sync 1 DAGs
[2024-04-16T13:20:21.781+0000] {logging_mixin.py:120} INFO - [2024-04-16T13:20:21.780+0000] {dag.py:3340} INFO - Setting next_dagrun for example_branch_operator to 2024-04-15T00:00:00+00:00, run_after=2024-04-16T00:00:00+00:00
[2024-04-16T13:20:21.810+0000] {processor.py:176} INFO - Processing /home/airflow/.local/lib/python3.7/site-packages/airflow/example_dags/example_branch_operator.py took 0.173 seconds
[2024-04-16T13:20:52.150+0000] {processor.py:154} INFO - Started process (PID=3093) to work on /home/airflow/.local/lib/python3.7/site-packages/airflow/example_dags/example_branch_operator.py
[2024-04-16T13:20:52.152+0000] {processor.py:756} INFO - Processing file /home/airflow/.local/lib/python3.7/site-packages/airflow/example_dags/example_branch_operator.py for tasks to queue
[2024-04-16T13:20:52.154+0000] {logging_mixin.py:120} INFO - [2024-04-16T13:20:52.153+0000] {dagbag.py:537} INFO - Filling up the DagBag from /home/airflow/.local/lib/python3.7/site-packages/airflow/example_dags/example_branch_operator.py
[2024-04-16T13:20:52.182+0000] {processor.py:766} INFO - DAG(s) dict_keys(['example_branch_operator']) retrieved from /home/airflow/.local/lib/python3.7/site-packages/airflow/example_dags/example_branch_operator.py
[2024-04-16T13:20:52.248+0000] {logging_mixin.py:120} INFO - [2024-04-16T13:20:52.248+0000] {dag.py:2585} INFO - Sync 1 DAGs
[2024-04-16T13:20:52.293+0000] {logging_mixin.py:120} INFO - [2024-04-16T13:20:52.293+0000] {dag.py:3340} INFO - Setting next_dagrun for example_branch_operator to 2024-04-15T00:00:00+00:00, run_after=2024-04-16T00:00:00+00:00
[2024-04-16T13:20:52.319+0000] {processor.py:176} INFO - Processing /home/airflow/.local/lib/python3.7/site-packages/airflow/example_dags/example_branch_operator.py took 0.174 seconds
[2024-04-16T13:21:23.092+0000] {processor.py:154} INFO - Started process (PID=3162) to work on /home/airflow/.local/lib/python3.7/site-packages/airflow/example_dags/example_branch_operator.py
[2024-04-16T13:21:23.094+0000] {processor.py:756} INFO - Processing file /home/airflow/.local/lib/python3.7/site-packages/airflow/example_dags/example_branch_operator.py for tasks to queue
[2024-04-16T13:21:23.097+0000] {logging_mixin.py:120} INFO - [2024-04-16T13:21:23.096+0000] {dagbag.py:537} INFO - Filling up the DagBag from /home/airflow/.local/lib/python3.7/site-packages/airflow/example_dags/example_branch_operator.py
[2024-04-16T13:21:23.127+0000] {processor.py:766} INFO - DAG(s) dict_keys(['example_branch_operator']) retrieved from /home/airflow/.local/lib/python3.7/site-packages/airflow/example_dags/example_branch_operator.py
[2024-04-16T13:21:23.193+0000] {logging_mixin.py:120} INFO - [2024-04-16T13:21:23.193+0000] {dag.py:2585} INFO - Sync 1 DAGs
[2024-04-16T13:21:23.241+0000] {logging_mixin.py:120} INFO - [2024-04-16T13:21:23.241+0000] {dag.py:3340} INFO - Setting next_dagrun for example_branch_operator to 2024-04-15T00:00:00+00:00, run_after=2024-04-16T00:00:00+00:00
[2024-04-16T13:21:23.278+0000] {processor.py:176} INFO - Processing /home/airflow/.local/lib/python3.7/site-packages/airflow/example_dags/example_branch_operator.py took 0.194 seconds
[2024-04-16T13:21:54.149+0000] {processor.py:154} INFO - Started process (PID=3240) to work on /home/airflow/.local/lib/python3.7/site-packages/airflow/example_dags/example_branch_operator.py
[2024-04-16T13:21:54.164+0000] {processor.py:756} INFO - Processing file /home/airflow/.local/lib/python3.7/site-packages/airflow/example_dags/example_branch_operator.py for tasks to queue
[2024-04-16T13:21:54.166+0000] {logging_mixin.py:120} INFO - [2024-04-16T13:21:54.165+0000] {dagbag.py:537} INFO - Filling up the DagBag from /home/airflow/.local/lib/python3.7/site-packages/airflow/example_dags/example_branch_operator.py
[2024-04-16T13:21:54.236+0000] {processor.py:766} INFO - DAG(s) dict_keys(['example_branch_operator']) retrieved from /home/airflow/.local/lib/python3.7/site-packages/airflow/example_dags/example_branch_operator.py
[2024-04-16T13:21:54.345+0000] {logging_mixin.py:120} INFO - [2024-04-16T13:21:54.345+0000] {dag.py:2585} INFO - Sync 1 DAGs
[2024-04-16T13:21:54.396+0000] {logging_mixin.py:120} INFO - [2024-04-16T13:21:54.396+0000] {dag.py:3340} INFO - Setting next_dagrun for example_branch_operator to 2024-04-15T00:00:00+00:00, run_after=2024-04-16T00:00:00+00:00
[2024-04-16T13:21:54.432+0000] {processor.py:176} INFO - Processing /home/airflow/.local/lib/python3.7/site-packages/airflow/example_dags/example_branch_operator.py took 0.288 seconds
[2024-04-16T13:22:24.725+0000] {processor.py:154} INFO - Started process (PID=3310) to work on /home/airflow/.local/lib/python3.7/site-packages/airflow/example_dags/example_branch_operator.py
[2024-04-16T13:22:24.728+0000] {processor.py:756} INFO - Processing file /home/airflow/.local/lib/python3.7/site-packages/airflow/example_dags/example_branch_operator.py for tasks to queue
[2024-04-16T13:22:24.730+0000] {logging_mixin.py:120} INFO - [2024-04-16T13:22:24.729+0000] {dagbag.py:537} INFO - Filling up the DagBag from /home/airflow/.local/lib/python3.7/site-packages/airflow/example_dags/example_branch_operator.py
[2024-04-16T13:22:24.765+0000] {processor.py:766} INFO - DAG(s) dict_keys(['example_branch_operator']) retrieved from /home/airflow/.local/lib/python3.7/site-packages/airflow/example_dags/example_branch_operator.py
[2024-04-16T13:22:24.837+0000] {logging_mixin.py:120} INFO - [2024-04-16T13:22:24.837+0000] {dag.py:2585} INFO - Sync 1 DAGs
[2024-04-16T13:22:24.877+0000] {logging_mixin.py:120} INFO - [2024-04-16T13:22:24.877+0000] {dag.py:3340} INFO - Setting next_dagrun for example_branch_operator to 2024-04-15T00:00:00+00:00, run_after=2024-04-16T00:00:00+00:00
[2024-04-16T13:22:24.908+0000] {processor.py:176} INFO - Processing /home/airflow/.local/lib/python3.7/site-packages/airflow/example_dags/example_branch_operator.py took 0.191 seconds
[2024-04-16T13:22:55.942+0000] {processor.py:154} INFO - Started process (PID=3385) to work on /home/airflow/.local/lib/python3.7/site-packages/airflow/example_dags/example_branch_operator.py
[2024-04-16T13:22:55.945+0000] {processor.py:756} INFO - Processing file /home/airflow/.local/lib/python3.7/site-packages/airflow/example_dags/example_branch_operator.py for tasks to queue
[2024-04-16T13:22:55.949+0000] {logging_mixin.py:120} INFO - [2024-04-16T13:22:55.948+0000] {dagbag.py:537} INFO - Filling up the DagBag from /home/airflow/.local/lib/python3.7/site-packages/airflow/example_dags/example_branch_operator.py
[2024-04-16T13:22:56.002+0000] {processor.py:766} INFO - DAG(s) dict_keys(['example_branch_operator']) retrieved from /home/airflow/.local/lib/python3.7/site-packages/airflow/example_dags/example_branch_operator.py
[2024-04-16T13:22:56.150+0000] {logging_mixin.py:120} INFO - [2024-04-16T13:22:56.150+0000] {dag.py:2585} INFO - Sync 1 DAGs
[2024-04-16T13:22:56.265+0000] {logging_mixin.py:120} INFO - [2024-04-16T13:22:56.265+0000] {dag.py:3340} INFO - Setting next_dagrun for example_branch_operator to 2024-04-15T00:00:00+00:00, run_after=2024-04-16T00:00:00+00:00
[2024-04-16T13:22:56.327+0000] {processor.py:176} INFO - Processing /home/airflow/.local/lib/python3.7/site-packages/airflow/example_dags/example_branch_operator.py took 0.392 seconds
[2024-04-16T13:23:26.405+0000] {processor.py:154} INFO - Started process (PID=3456) to work on /home/airflow/.local/lib/python3.7/site-packages/airflow/example_dags/example_branch_operator.py
[2024-04-16T13:23:26.408+0000] {processor.py:756} INFO - Processing file /home/airflow/.local/lib/python3.7/site-packages/airflow/example_dags/example_branch_operator.py for tasks to queue
[2024-04-16T13:23:26.409+0000] {logging_mixin.py:120} INFO - [2024-04-16T13:23:26.409+0000] {dagbag.py:537} INFO - Filling up the DagBag from /home/airflow/.local/lib/python3.7/site-packages/airflow/example_dags/example_branch_operator.py
[2024-04-16T13:23:26.443+0000] {processor.py:766} INFO - DAG(s) dict_keys(['example_branch_operator']) retrieved from /home/airflow/.local/lib/python3.7/site-packages/airflow/example_dags/example_branch_operator.py
[2024-04-16T13:23:26.516+0000] {logging_mixin.py:120} INFO - [2024-04-16T13:23:26.516+0000] {dag.py:2585} INFO - Sync 1 DAGs
[2024-04-16T13:23:26.565+0000] {logging_mixin.py:120} INFO - [2024-04-16T13:23:26.564+0000] {dag.py:3340} INFO - Setting next_dagrun for example_branch_operator to 2024-04-15T00:00:00+00:00, run_after=2024-04-16T00:00:00+00:00
[2024-04-16T13:23:26.595+0000] {processor.py:176} INFO - Processing /home/airflow/.local/lib/python3.7/site-packages/airflow/example_dags/example_branch_operator.py took 0.197 seconds
[2024-04-16T13:23:56.879+0000] {processor.py:154} INFO - Started process (PID=3525) to work on /home/airflow/.local/lib/python3.7/site-packages/airflow/example_dags/example_branch_operator.py
[2024-04-16T13:23:56.881+0000] {processor.py:756} INFO - Processing file /home/airflow/.local/lib/python3.7/site-packages/airflow/example_dags/example_branch_operator.py for tasks to queue
[2024-04-16T13:23:56.883+0000] {logging_mixin.py:120} INFO - [2024-04-16T13:23:56.883+0000] {dagbag.py:537} INFO - Filling up the DagBag from /home/airflow/.local/lib/python3.7/site-packages/airflow/example_dags/example_branch_operator.py
[2024-04-16T13:23:56.910+0000] {processor.py:766} INFO - DAG(s) dict_keys(['example_branch_operator']) retrieved from /home/airflow/.local/lib/python3.7/site-packages/airflow/example_dags/example_branch_operator.py
[2024-04-16T13:23:56.975+0000] {logging_mixin.py:120} INFO - [2024-04-16T13:23:56.974+0000] {dag.py:2585} INFO - Sync 1 DAGs
[2024-04-16T13:23:57.016+0000] {logging_mixin.py:120} INFO - [2024-04-16T13:23:57.015+0000] {dag.py:3340} INFO - Setting next_dagrun for example_branch_operator to 2024-04-15T00:00:00+00:00, run_after=2024-04-16T00:00:00+00:00
[2024-04-16T13:23:57.052+0000] {processor.py:176} INFO - Processing /home/airflow/.local/lib/python3.7/site-packages/airflow/example_dags/example_branch_operator.py took 0.178 seconds
[2024-04-16T13:24:27.175+0000] {processor.py:154} INFO - Started process (PID=3604) to work on /home/airflow/.local/lib/python3.7/site-packages/airflow/example_dags/example_branch_operator.py
[2024-04-16T13:24:27.180+0000] {processor.py:756} INFO - Processing file /home/airflow/.local/lib/python3.7/site-packages/airflow/example_dags/example_branch_operator.py for tasks to queue
[2024-04-16T13:24:27.182+0000] {logging_mixin.py:120} INFO - [2024-04-16T13:24:27.182+0000] {dagbag.py:537} INFO - Filling up the DagBag from /home/airflow/.local/lib/python3.7/site-packages/airflow/example_dags/example_branch_operator.py
[2024-04-16T13:24:27.212+0000] {processor.py:766} INFO - DAG(s) dict_keys(['example_branch_operator']) retrieved from /home/airflow/.local/lib/python3.7/site-packages/airflow/example_dags/example_branch_operator.py
[2024-04-16T13:24:27.282+0000] {logging_mixin.py:120} INFO - [2024-04-16T13:24:27.282+0000] {dag.py:2585} INFO - Sync 1 DAGs
[2024-04-16T13:24:27.324+0000] {logging_mixin.py:120} INFO - [2024-04-16T13:24:27.323+0000] {dag.py:3340} INFO - Setting next_dagrun for example_branch_operator to 2024-04-15T00:00:00+00:00, run_after=2024-04-16T00:00:00+00:00
[2024-04-16T13:24:27.353+0000] {processor.py:176} INFO - Processing /home/airflow/.local/lib/python3.7/site-packages/airflow/example_dags/example_branch_operator.py took 0.185 seconds
[2024-04-16T13:24:57.611+0000] {processor.py:154} INFO - Started process (PID=3670) to work on /home/airflow/.local/lib/python3.7/site-packages/airflow/example_dags/example_branch_operator.py
[2024-04-16T13:24:57.614+0000] {processor.py:756} INFO - Processing file /home/airflow/.local/lib/python3.7/site-packages/airflow/example_dags/example_branch_operator.py for tasks to queue
[2024-04-16T13:24:57.616+0000] {logging_mixin.py:120} INFO - [2024-04-16T13:24:57.616+0000] {dagbag.py:537} INFO - Filling up the DagBag from /home/airflow/.local/lib/python3.7/site-packages/airflow/example_dags/example_branch_operator.py
[2024-04-16T13:24:57.657+0000] {processor.py:766} INFO - DAG(s) dict_keys(['example_branch_operator']) retrieved from /home/airflow/.local/lib/python3.7/site-packages/airflow/example_dags/example_branch_operator.py
[2024-04-16T13:24:57.734+0000] {logging_mixin.py:120} INFO - [2024-04-16T13:24:57.734+0000] {dag.py:2585} INFO - Sync 1 DAGs
[2024-04-16T13:24:57.780+0000] {logging_mixin.py:120} INFO - [2024-04-16T13:24:57.780+0000] {dag.py:3340} INFO - Setting next_dagrun for example_branch_operator to 2024-04-15T00:00:00+00:00, run_after=2024-04-16T00:00:00+00:00
[2024-04-16T13:24:57.816+0000] {processor.py:176} INFO - Processing /home/airflow/.local/lib/python3.7/site-packages/airflow/example_dags/example_branch_operator.py took 0.215 seconds
[2024-04-16T13:25:27.878+0000] {processor.py:154} INFO - Started process (PID=3748) to work on /home/airflow/.local/lib/python3.7/site-packages/airflow/example_dags/example_branch_operator.py
[2024-04-16T13:25:27.881+0000] {processor.py:756} INFO - Processing file /home/airflow/.local/lib/python3.7/site-packages/airflow/example_dags/example_branch_operator.py for tasks to queue
[2024-04-16T13:25:27.884+0000] {logging_mixin.py:120} INFO - [2024-04-16T13:25:27.883+0000] {dagbag.py:537} INFO - Filling up the DagBag from /home/airflow/.local/lib/python3.7/site-packages/airflow/example_dags/example_branch_operator.py
[2024-04-16T13:25:27.913+0000] {processor.py:766} INFO - DAG(s) dict_keys(['example_branch_operator']) retrieved from /home/airflow/.local/lib/python3.7/site-packages/airflow/example_dags/example_branch_operator.py
[2024-04-16T13:25:27.987+0000] {logging_mixin.py:120} INFO - [2024-04-16T13:25:27.987+0000] {dag.py:2585} INFO - Sync 1 DAGs
[2024-04-16T13:25:28.029+0000] {logging_mixin.py:120} INFO - [2024-04-16T13:25:28.029+0000] {dag.py:3340} INFO - Setting next_dagrun for example_branch_operator to 2024-04-15T00:00:00+00:00, run_after=2024-04-16T00:00:00+00:00
[2024-04-16T13:25:28.062+0000] {processor.py:176} INFO - Processing /home/airflow/.local/lib/python3.7/site-packages/airflow/example_dags/example_branch_operator.py took 0.194 seconds
[2024-04-16T13:25:59.063+0000] {processor.py:154} INFO - Started process (PID=3818) to work on /home/airflow/.local/lib/python3.7/site-packages/airflow/example_dags/example_branch_operator.py
[2024-04-16T13:25:59.066+0000] {processor.py:756} INFO - Processing file /home/airflow/.local/lib/python3.7/site-packages/airflow/example_dags/example_branch_operator.py for tasks to queue
[2024-04-16T13:25:59.069+0000] {logging_mixin.py:120} INFO - [2024-04-16T13:25:59.068+0000] {dagbag.py:537} INFO - Filling up the DagBag from /home/airflow/.local/lib/python3.7/site-packages/airflow/example_dags/example_branch_operator.py
[2024-04-16T13:25:59.107+0000] {processor.py:766} INFO - DAG(s) dict_keys(['example_branch_operator']) retrieved from /home/airflow/.local/lib/python3.7/site-packages/airflow/example_dags/example_branch_operator.py
[2024-04-16T13:25:59.196+0000] {logging_mixin.py:120} INFO - [2024-04-16T13:25:59.196+0000] {dag.py:2585} INFO - Sync 1 DAGs
[2024-04-16T13:25:59.243+0000] {logging_mixin.py:120} INFO - [2024-04-16T13:25:59.243+0000] {dag.py:3340} INFO - Setting next_dagrun for example_branch_operator to 2024-04-15T00:00:00+00:00, run_after=2024-04-16T00:00:00+00:00
[2024-04-16T13:25:59.276+0000] {processor.py:176} INFO - Processing /home/airflow/.local/lib/python3.7/site-packages/airflow/example_dags/example_branch_operator.py took 0.221 seconds
[2024-04-16T13:26:30.430+0000] {processor.py:154} INFO - Started process (PID=3899) to work on /home/airflow/.local/lib/python3.7/site-packages/airflow/example_dags/example_branch_operator.py
[2024-04-16T13:26:30.433+0000] {processor.py:756} INFO - Processing file /home/airflow/.local/lib/python3.7/site-packages/airflow/example_dags/example_branch_operator.py for tasks to queue
[2024-04-16T13:26:30.435+0000] {logging_mixin.py:120} INFO - [2024-04-16T13:26:30.435+0000] {dagbag.py:537} INFO - Filling up the DagBag from /home/airflow/.local/lib/python3.7/site-packages/airflow/example_dags/example_branch_operator.py
[2024-04-16T13:26:30.467+0000] {processor.py:766} INFO - DAG(s) dict_keys(['example_branch_operator']) retrieved from /home/airflow/.local/lib/python3.7/site-packages/airflow/example_dags/example_branch_operator.py
[2024-04-16T13:26:30.544+0000] {logging_mixin.py:120} INFO - [2024-04-16T13:26:30.544+0000] {dag.py:2585} INFO - Sync 1 DAGs
[2024-04-16T13:26:30.585+0000] {logging_mixin.py:120} INFO - [2024-04-16T13:26:30.584+0000] {dag.py:3340} INFO - Setting next_dagrun for example_branch_operator to 2024-04-15T00:00:00+00:00, run_after=2024-04-16T00:00:00+00:00
[2024-04-16T13:26:30.611+0000] {processor.py:176} INFO - Processing /home/airflow/.local/lib/python3.7/site-packages/airflow/example_dags/example_branch_operator.py took 0.188 seconds
[2024-04-16T13:27:01.989+0000] {processor.py:154} INFO - Started process (PID=3968) to work on /home/airflow/.local/lib/python3.7/site-packages/airflow/example_dags/example_branch_operator.py
[2024-04-16T13:27:01.992+0000] {processor.py:756} INFO - Processing file /home/airflow/.local/lib/python3.7/site-packages/airflow/example_dags/example_branch_operator.py for tasks to queue
[2024-04-16T13:27:01.994+0000] {logging_mixin.py:120} INFO - [2024-04-16T13:27:01.993+0000] {dagbag.py:537} INFO - Filling up the DagBag from /home/airflow/.local/lib/python3.7/site-packages/airflow/example_dags/example_branch_operator.py
[2024-04-16T13:27:02.025+0000] {processor.py:766} INFO - DAG(s) dict_keys(['example_branch_operator']) retrieved from /home/airflow/.local/lib/python3.7/site-packages/airflow/example_dags/example_branch_operator.py
[2024-04-16T13:27:02.093+0000] {logging_mixin.py:120} INFO - [2024-04-16T13:27:02.093+0000] {dag.py:2585} INFO - Sync 1 DAGs
[2024-04-16T13:27:02.136+0000] {logging_mixin.py:120} INFO - [2024-04-16T13:27:02.135+0000] {dag.py:3340} INFO - Setting next_dagrun for example_branch_operator to 2024-04-15T00:00:00+00:00, run_after=2024-04-16T00:00:00+00:00
[2024-04-16T13:27:02.166+0000] {processor.py:176} INFO - Processing /home/airflow/.local/lib/python3.7/site-packages/airflow/example_dags/example_branch_operator.py took 0.187 seconds
[2024-04-16T13:27:33.451+0000] {processor.py:154} INFO - Started process (PID=4044) to work on /home/airflow/.local/lib/python3.7/site-packages/airflow/example_dags/example_branch_operator.py
[2024-04-16T13:27:33.458+0000] {processor.py:756} INFO - Processing file /home/airflow/.local/lib/python3.7/site-packages/airflow/example_dags/example_branch_operator.py for tasks to queue
[2024-04-16T13:27:33.475+0000] {logging_mixin.py:120} INFO - [2024-04-16T13:27:33.474+0000] {dagbag.py:537} INFO - Filling up the DagBag from /home/airflow/.local/lib/python3.7/site-packages/airflow/example_dags/example_branch_operator.py
[2024-04-16T13:27:33.568+0000] {processor.py:766} INFO - DAG(s) dict_keys(['example_branch_operator']) retrieved from /home/airflow/.local/lib/python3.7/site-packages/airflow/example_dags/example_branch_operator.py
[2024-04-16T13:27:33.672+0000] {logging_mixin.py:120} INFO - [2024-04-16T13:27:33.671+0000] {dag.py:2585} INFO - Sync 1 DAGs
[2024-04-16T13:27:33.721+0000] {logging_mixin.py:120} INFO - [2024-04-16T13:27:33.721+0000] {dag.py:3340} INFO - Setting next_dagrun for example_branch_operator to 2024-04-15T00:00:00+00:00, run_after=2024-04-16T00:00:00+00:00
[2024-04-16T13:27:33.758+0000] {processor.py:176} INFO - Processing /home/airflow/.local/lib/python3.7/site-packages/airflow/example_dags/example_branch_operator.py took 0.323 seconds
[2024-04-16T13:28:03.987+0000] {processor.py:154} INFO - Started process (PID=4120) to work on /home/airflow/.local/lib/python3.7/site-packages/airflow/example_dags/example_branch_operator.py
[2024-04-16T13:28:03.990+0000] {processor.py:756} INFO - Processing file /home/airflow/.local/lib/python3.7/site-packages/airflow/example_dags/example_branch_operator.py for tasks to queue
[2024-04-16T13:28:03.992+0000] {logging_mixin.py:120} INFO - [2024-04-16T13:28:03.991+0000] {dagbag.py:537} INFO - Filling up the DagBag from /home/airflow/.local/lib/python3.7/site-packages/airflow/example_dags/example_branch_operator.py
[2024-04-16T13:28:04.034+0000] {processor.py:766} INFO - DAG(s) dict_keys(['example_branch_operator']) retrieved from /home/airflow/.local/lib/python3.7/site-packages/airflow/example_dags/example_branch_operator.py
[2024-04-16T13:28:04.124+0000] {logging_mixin.py:120} INFO - [2024-04-16T13:28:04.124+0000] {dag.py:2585} INFO - Sync 1 DAGs
[2024-04-16T13:28:04.176+0000] {logging_mixin.py:120} INFO - [2024-04-16T13:28:04.176+0000] {dag.py:3340} INFO - Setting next_dagrun for example_branch_operator to 2024-04-15T00:00:00+00:00, run_after=2024-04-16T00:00:00+00:00
[2024-04-16T13:28:04.217+0000] {processor.py:176} INFO - Processing /home/airflow/.local/lib/python3.7/site-packages/airflow/example_dags/example_branch_operator.py took 0.240 seconds
[2024-04-16T13:28:34.880+0000] {processor.py:154} INFO - Started process (PID=4189) to work on /home/airflow/.local/lib/python3.7/site-packages/airflow/example_dags/example_branch_operator.py
[2024-04-16T13:28:34.883+0000] {processor.py:756} INFO - Processing file /home/airflow/.local/lib/python3.7/site-packages/airflow/example_dags/example_branch_operator.py for tasks to queue
[2024-04-16T13:28:34.885+0000] {logging_mixin.py:120} INFO - [2024-04-16T13:28:34.885+0000] {dagbag.py:537} INFO - Filling up the DagBag from /home/airflow/.local/lib/python3.7/site-packages/airflow/example_dags/example_branch_operator.py
[2024-04-16T13:28:34.915+0000] {processor.py:766} INFO - DAG(s) dict_keys(['example_branch_operator']) retrieved from /home/airflow/.local/lib/python3.7/site-packages/airflow/example_dags/example_branch_operator.py
[2024-04-16T13:28:34.982+0000] {logging_mixin.py:120} INFO - [2024-04-16T13:28:34.982+0000] {dag.py:2585} INFO - Sync 1 DAGs
[2024-04-16T13:28:35.022+0000] {logging_mixin.py:120} INFO - [2024-04-16T13:28:35.021+0000] {dag.py:3340} INFO - Setting next_dagrun for example_branch_operator to 2024-04-15T00:00:00+00:00, run_after=2024-04-16T00:00:00+00:00
[2024-04-16T13:28:35.053+0000] {processor.py:176} INFO - Processing /home/airflow/.local/lib/python3.7/site-packages/airflow/example_dags/example_branch_operator.py took 0.181 seconds
[2024-04-16T13:29:05.592+0000] {processor.py:154} INFO - Started process (PID=4259) to work on /home/airflow/.local/lib/python3.7/site-packages/airflow/example_dags/example_branch_operator.py
[2024-04-16T13:29:05.595+0000] {processor.py:756} INFO - Processing file /home/airflow/.local/lib/python3.7/site-packages/airflow/example_dags/example_branch_operator.py for tasks to queue
[2024-04-16T13:29:05.598+0000] {logging_mixin.py:120} INFO - [2024-04-16T13:29:05.597+0000] {dagbag.py:537} INFO - Filling up the DagBag from /home/airflow/.local/lib/python3.7/site-packages/airflow/example_dags/example_branch_operator.py
[2024-04-16T13:29:05.665+0000] {processor.py:766} INFO - DAG(s) dict_keys(['example_branch_operator']) retrieved from /home/airflow/.local/lib/python3.7/site-packages/airflow/example_dags/example_branch_operator.py
[2024-04-16T13:29:05.931+0000] {logging_mixin.py:120} INFO - [2024-04-16T13:29:05.930+0000] {dag.py:2585} INFO - Sync 1 DAGs
[2024-04-16T13:29:06.001+0000] {logging_mixin.py:120} INFO - [2024-04-16T13:29:06.001+0000] {dag.py:3340} INFO - Setting next_dagrun for example_branch_operator to 2024-04-15T00:00:00+00:00, run_after=2024-04-16T00:00:00+00:00
[2024-04-16T13:29:06.064+0000] {processor.py:176} INFO - Processing /home/airflow/.local/lib/python3.7/site-packages/airflow/example_dags/example_branch_operator.py took 0.484 seconds
[2024-04-16T13:29:36.254+0000] {processor.py:154} INFO - Started process (PID=4339) to work on /home/airflow/.local/lib/python3.7/site-packages/airflow/example_dags/example_branch_operator.py
[2024-04-16T13:29:36.256+0000] {processor.py:756} INFO - Processing file /home/airflow/.local/lib/python3.7/site-packages/airflow/example_dags/example_branch_operator.py for tasks to queue
[2024-04-16T13:29:36.257+0000] {logging_mixin.py:120} INFO - [2024-04-16T13:29:36.257+0000] {dagbag.py:537} INFO - Filling up the DagBag from /home/airflow/.local/lib/python3.7/site-packages/airflow/example_dags/example_branch_operator.py
[2024-04-16T13:29:36.287+0000] {processor.py:766} INFO - DAG(s) dict_keys(['example_branch_operator']) retrieved from /home/airflow/.local/lib/python3.7/site-packages/airflow/example_dags/example_branch_operator.py
[2024-04-16T13:29:36.356+0000] {logging_mixin.py:120} INFO - [2024-04-16T13:29:36.356+0000] {dag.py:2585} INFO - Sync 1 DAGs
[2024-04-16T13:29:36.400+0000] {logging_mixin.py:120} INFO - [2024-04-16T13:29:36.400+0000] {dag.py:3340} INFO - Setting next_dagrun for example_branch_operator to 2024-04-15T00:00:00+00:00, run_after=2024-04-16T00:00:00+00:00
[2024-04-16T13:29:36.430+0000] {processor.py:176} INFO - Processing /home/airflow/.local/lib/python3.7/site-packages/airflow/example_dags/example_branch_operator.py took 0.182 seconds
[2024-04-16T13:30:07.271+0000] {processor.py:154} INFO - Started process (PID=4418) to work on /home/airflow/.local/lib/python3.7/site-packages/airflow/example_dags/example_branch_operator.py
[2024-04-16T13:30:07.274+0000] {processor.py:756} INFO - Processing file /home/airflow/.local/lib/python3.7/site-packages/airflow/example_dags/example_branch_operator.py for tasks to queue
[2024-04-16T13:30:07.277+0000] {logging_mixin.py:120} INFO - [2024-04-16T13:30:07.277+0000] {dagbag.py:537} INFO - Filling up the DagBag from /home/airflow/.local/lib/python3.7/site-packages/airflow/example_dags/example_branch_operator.py
[2024-04-16T13:30:07.322+0000] {processor.py:766} INFO - DAG(s) dict_keys(['example_branch_operator']) retrieved from /home/airflow/.local/lib/python3.7/site-packages/airflow/example_dags/example_branch_operator.py
[2024-04-16T13:30:07.415+0000] {logging_mixin.py:120} INFO - [2024-04-16T13:30:07.415+0000] {dag.py:2585} INFO - Sync 1 DAGs
[2024-04-16T13:30:07.470+0000] {logging_mixin.py:120} INFO - [2024-04-16T13:30:07.470+0000] {dag.py:3340} INFO - Setting next_dagrun for example_branch_operator to 2024-04-15T00:00:00+00:00, run_after=2024-04-16T00:00:00+00:00
[2024-04-16T13:30:07.544+0000] {processor.py:176} INFO - Processing /home/airflow/.local/lib/python3.7/site-packages/airflow/example_dags/example_branch_operator.py took 0.280 seconds
[2024-04-16T13:30:37.800+0000] {processor.py:154} INFO - Started process (PID=4487) to work on /home/airflow/.local/lib/python3.7/site-packages/airflow/example_dags/example_branch_operator.py
[2024-04-16T13:30:37.807+0000] {processor.py:756} INFO - Processing file /home/airflow/.local/lib/python3.7/site-packages/airflow/example_dags/example_branch_operator.py for tasks to queue
[2024-04-16T13:30:37.809+0000] {logging_mixin.py:120} INFO - [2024-04-16T13:30:37.809+0000] {dagbag.py:537} INFO - Filling up the DagBag from /home/airflow/.local/lib/python3.7/site-packages/airflow/example_dags/example_branch_operator.py
[2024-04-16T13:30:37.841+0000] {processor.py:766} INFO - DAG(s) dict_keys(['example_branch_operator']) retrieved from /home/airflow/.local/lib/python3.7/site-packages/airflow/example_dags/example_branch_operator.py
[2024-04-16T13:30:37.909+0000] {logging_mixin.py:120} INFO - [2024-04-16T13:30:37.909+0000] {dag.py:2585} INFO - Sync 1 DAGs
[2024-04-16T13:30:37.946+0000] {logging_mixin.py:120} INFO - [2024-04-16T13:30:37.946+0000] {dag.py:3340} INFO - Setting next_dagrun for example_branch_operator to 2024-04-15T00:00:00+00:00, run_after=2024-04-16T00:00:00+00:00
[2024-04-16T13:30:37.976+0000] {processor.py:176} INFO - Processing /home/airflow/.local/lib/python3.7/site-packages/airflow/example_dags/example_branch_operator.py took 0.183 seconds
[2024-04-16T13:31:09.001+0000] {processor.py:154} INFO - Started process (PID=4565) to work on /home/airflow/.local/lib/python3.7/site-packages/airflow/example_dags/example_branch_operator.py
[2024-04-16T13:31:09.007+0000] {processor.py:756} INFO - Processing file /home/airflow/.local/lib/python3.7/site-packages/airflow/example_dags/example_branch_operator.py for tasks to queue
[2024-04-16T13:31:09.010+0000] {logging_mixin.py:120} INFO - [2024-04-16T13:31:09.010+0000] {dagbag.py:537} INFO - Filling up the DagBag from /home/airflow/.local/lib/python3.7/site-packages/airflow/example_dags/example_branch_operator.py
[2024-04-16T13:31:09.088+0000] {processor.py:766} INFO - DAG(s) dict_keys(['example_branch_operator']) retrieved from /home/airflow/.local/lib/python3.7/site-packages/airflow/example_dags/example_branch_operator.py
[2024-04-16T13:31:09.378+0000] {logging_mixin.py:120} INFO - [2024-04-16T13:31:09.378+0000] {dag.py:2585} INFO - Sync 1 DAGs
[2024-04-16T13:31:09.602+0000] {logging_mixin.py:120} INFO - [2024-04-16T13:31:09.587+0000] {dag.py:3340} INFO - Setting next_dagrun for example_branch_operator to 2024-04-15T00:00:00+00:00, run_after=2024-04-16T00:00:00+00:00
[2024-04-16T13:31:09.705+0000] {processor.py:176} INFO - Processing /home/airflow/.local/lib/python3.7/site-packages/airflow/example_dags/example_branch_operator.py took 0.715 seconds
