[2024-04-16T10:08:56.539+0000] {processor.py:154} INFO - Started process (PID=23860) to work on /home/airflow/.local/lib/python3.7/site-packages/airflow/example_dags/example_xcom.py
[2024-04-16T10:08:56.561+0000] {processor.py:756} INFO - Processing file /home/airflow/.local/lib/python3.7/site-packages/airflow/example_dags/example_xcom.py for tasks to queue
[2024-04-16T10:08:56.576+0000] {logging_mixin.py:120} INFO - [2024-04-16T10:08:56.576+0000] {dagbag.py:537} INFO - Filling up the DagBag from /home/airflow/.local/lib/python3.7/site-packages/airflow/example_dags/example_xcom.py
[2024-04-16T10:08:57.409+0000] {processor.py:766} INFO - DAG(s) dict_keys(['example_xcom']) retrieved from /home/airflow/.local/lib/python3.7/site-packages/airflow/example_dags/example_xcom.py
[2024-04-16T10:08:58.230+0000] {logging_mixin.py:120} INFO - [2024-04-16T10:08:58.230+0000] {dag.py:2585} INFO - Sync 1 DAGs
[2024-04-16T10:08:58.638+0000] {logging_mixin.py:120} INFO - [2024-04-16T10:08:58.638+0000] {dag.py:3340} INFO - Setting next_dagrun for example_xcom to 2021-01-01T00:00:00+00:00, run_after=2021-01-01T00:00:00+00:00
[2024-04-16T10:08:58.841+0000] {processor.py:176} INFO - Processing /home/airflow/.local/lib/python3.7/site-packages/airflow/example_dags/example_xcom.py took 2.412 seconds
[2024-04-16T10:21:11.381+0000] {processor.py:154} INFO - Started process (PID=24207) to work on /home/airflow/.local/lib/python3.7/site-packages/airflow/example_dags/example_xcom.py
[2024-04-16T10:21:12.144+0000] {processor.py:756} INFO - Processing file /home/airflow/.local/lib/python3.7/site-packages/airflow/example_dags/example_xcom.py for tasks to queue
[2024-04-16T10:21:13.135+0000] {logging_mixin.py:120} INFO - [2024-04-16T10:21:12.320+0000] {dagbag.py:537} INFO - Filling up the DagBag from /home/airflow/.local/lib/python3.7/site-packages/airflow/example_dags/example_xcom.py
[2024-04-16T10:21:30.916+0000] {processor.py:766} INFO - DAG(s) dict_keys(['example_xcom']) retrieved from /home/airflow/.local/lib/python3.7/site-packages/airflow/example_dags/example_xcom.py
[2024-04-16T10:23:22.280+0000] {processor.py:154} INFO - Started process (PID=83) to work on /home/airflow/.local/lib/python3.7/site-packages/airflow/example_dags/example_xcom.py
[2024-04-16T10:23:22.283+0000] {processor.py:756} INFO - Processing file /home/airflow/.local/lib/python3.7/site-packages/airflow/example_dags/example_xcom.py for tasks to queue
[2024-04-16T10:23:22.285+0000] {logging_mixin.py:120} INFO - [2024-04-16T10:23:22.285+0000] {dagbag.py:537} INFO - Filling up the DagBag from /home/airflow/.local/lib/python3.7/site-packages/airflow/example_dags/example_xcom.py
[2024-04-16T10:23:22.409+0000] {processor.py:766} INFO - DAG(s) dict_keys(['example_xcom']) retrieved from /home/airflow/.local/lib/python3.7/site-packages/airflow/example_dags/example_xcom.py
[2024-04-16T10:23:22.612+0000] {logging_mixin.py:120} INFO - [2024-04-16T10:23:22.612+0000] {dag.py:2585} INFO - Sync 1 DAGs
[2024-04-16T10:23:22.760+0000] {logging_mixin.py:120} INFO - [2024-04-16T10:23:22.759+0000] {dag.py:3340} INFO - Setting next_dagrun for example_xcom to 2021-01-01T00:00:00+00:00, run_after=2021-01-01T00:00:00+00:00
[2024-04-16T10:23:22.838+0000] {processor.py:176} INFO - Processing /home/airflow/.local/lib/python3.7/site-packages/airflow/example_dags/example_xcom.py took 0.568 seconds
[2024-04-16T10:24:02.214+0000] {processor.py:154} INFO - Started process (PID=153) to work on /home/airflow/.local/lib/python3.7/site-packages/airflow/example_dags/example_xcom.py
[2024-04-16T10:24:02.217+0000] {processor.py:756} INFO - Processing file /home/airflow/.local/lib/python3.7/site-packages/airflow/example_dags/example_xcom.py for tasks to queue
[2024-04-16T10:24:02.219+0000] {logging_mixin.py:120} INFO - [2024-04-16T10:24:02.218+0000] {dagbag.py:537} INFO - Filling up the DagBag from /home/airflow/.local/lib/python3.7/site-packages/airflow/example_dags/example_xcom.py
[2024-04-16T10:24:02.258+0000] {processor.py:766} INFO - DAG(s) dict_keys(['example_xcom']) retrieved from /home/airflow/.local/lib/python3.7/site-packages/airflow/example_dags/example_xcom.py
[2024-04-16T10:24:02.335+0000] {logging_mixin.py:120} INFO - [2024-04-16T10:24:02.335+0000] {dag.py:2585} INFO - Sync 1 DAGs
[2024-04-16T10:24:02.378+0000] {logging_mixin.py:120} INFO - [2024-04-16T10:24:02.378+0000] {dag.py:3340} INFO - Setting next_dagrun for example_xcom to 2021-01-01T00:00:00+00:00, run_after=2021-01-01T00:00:00+00:00
[2024-04-16T10:24:02.416+0000] {processor.py:176} INFO - Processing /home/airflow/.local/lib/python3.7/site-packages/airflow/example_dags/example_xcom.py took 0.209 seconds
[2024-04-16T10:24:52.597+0000] {processor.py:154} INFO - Started process (PID=232) to work on /home/airflow/.local/lib/python3.7/site-packages/airflow/example_dags/example_xcom.py
[2024-04-16T10:24:52.600+0000] {processor.py:756} INFO - Processing file /home/airflow/.local/lib/python3.7/site-packages/airflow/example_dags/example_xcom.py for tasks to queue
[2024-04-16T10:24:52.604+0000] {logging_mixin.py:120} INFO - [2024-04-16T10:24:52.603+0000] {dagbag.py:537} INFO - Filling up the DagBag from /home/airflow/.local/lib/python3.7/site-packages/airflow/example_dags/example_xcom.py
[2024-04-16T10:24:52.641+0000] {processor.py:766} INFO - DAG(s) dict_keys(['example_xcom']) retrieved from /home/airflow/.local/lib/python3.7/site-packages/airflow/example_dags/example_xcom.py
[2024-04-16T10:24:52.712+0000] {logging_mixin.py:120} INFO - [2024-04-16T10:24:52.712+0000] {dag.py:2585} INFO - Sync 1 DAGs
[2024-04-16T10:24:52.752+0000] {logging_mixin.py:120} INFO - [2024-04-16T10:24:52.751+0000] {dag.py:3340} INFO - Setting next_dagrun for example_xcom to 2021-01-01T00:00:00+00:00, run_after=2021-01-01T00:00:00+00:00
[2024-04-16T10:24:52.784+0000] {processor.py:176} INFO - Processing /home/airflow/.local/lib/python3.7/site-packages/airflow/example_dags/example_xcom.py took 0.209 seconds
[2024-04-16T10:25:23.187+0000] {processor.py:154} INFO - Started process (PID=308) to work on /home/airflow/.local/lib/python3.7/site-packages/airflow/example_dags/example_xcom.py
[2024-04-16T10:25:23.190+0000] {processor.py:756} INFO - Processing file /home/airflow/.local/lib/python3.7/site-packages/airflow/example_dags/example_xcom.py for tasks to queue
[2024-04-16T10:25:23.192+0000] {logging_mixin.py:120} INFO - [2024-04-16T10:25:23.192+0000] {dagbag.py:537} INFO - Filling up the DagBag from /home/airflow/.local/lib/python3.7/site-packages/airflow/example_dags/example_xcom.py
[2024-04-16T10:25:23.234+0000] {processor.py:766} INFO - DAG(s) dict_keys(['example_xcom']) retrieved from /home/airflow/.local/lib/python3.7/site-packages/airflow/example_dags/example_xcom.py
[2024-04-16T10:25:23.313+0000] {logging_mixin.py:120} INFO - [2024-04-16T10:25:23.313+0000] {dag.py:2585} INFO - Sync 1 DAGs
[2024-04-16T10:25:23.363+0000] {logging_mixin.py:120} INFO - [2024-04-16T10:25:23.363+0000] {dag.py:3340} INFO - Setting next_dagrun for example_xcom to 2021-01-01T00:00:00+00:00, run_after=2021-01-01T00:00:00+00:00
[2024-04-16T10:25:23.403+0000] {processor.py:176} INFO - Processing /home/airflow/.local/lib/python3.7/site-packages/airflow/example_dags/example_xcom.py took 0.227 seconds
[2024-04-16T10:25:56.466+0000] {processor.py:154} INFO - Started process (PID=379) to work on /home/airflow/.local/lib/python3.7/site-packages/airflow/example_dags/example_xcom.py
[2024-04-16T10:25:56.467+0000] {processor.py:756} INFO - Processing file /home/airflow/.local/lib/python3.7/site-packages/airflow/example_dags/example_xcom.py for tasks to queue
[2024-04-16T10:25:56.469+0000] {logging_mixin.py:120} INFO - [2024-04-16T10:25:56.469+0000] {dagbag.py:537} INFO - Filling up the DagBag from /home/airflow/.local/lib/python3.7/site-packages/airflow/example_dags/example_xcom.py
[2024-04-16T10:25:56.503+0000] {processor.py:766} INFO - DAG(s) dict_keys(['example_xcom']) retrieved from /home/airflow/.local/lib/python3.7/site-packages/airflow/example_dags/example_xcom.py
[2024-04-16T10:25:56.567+0000] {logging_mixin.py:120} INFO - [2024-04-16T10:25:56.567+0000] {dag.py:2585} INFO - Sync 1 DAGs
[2024-04-16T10:25:56.604+0000] {logging_mixin.py:120} INFO - [2024-04-16T10:25:56.604+0000] {dag.py:3340} INFO - Setting next_dagrun for example_xcom to 2021-01-01T00:00:00+00:00, run_after=2021-01-01T00:00:00+00:00
[2024-04-16T10:25:56.632+0000] {processor.py:176} INFO - Processing /home/airflow/.local/lib/python3.7/site-packages/airflow/example_dags/example_xcom.py took 0.172 seconds
[2024-04-16T10:26:27.085+0000] {processor.py:154} INFO - Started process (PID=449) to work on /home/airflow/.local/lib/python3.7/site-packages/airflow/example_dags/example_xcom.py
[2024-04-16T10:26:27.087+0000] {processor.py:756} INFO - Processing file /home/airflow/.local/lib/python3.7/site-packages/airflow/example_dags/example_xcom.py for tasks to queue
[2024-04-16T10:26:27.089+0000] {logging_mixin.py:120} INFO - [2024-04-16T10:26:27.088+0000] {dagbag.py:537} INFO - Filling up the DagBag from /home/airflow/.local/lib/python3.7/site-packages/airflow/example_dags/example_xcom.py
[2024-04-16T10:26:27.128+0000] {processor.py:766} INFO - DAG(s) dict_keys(['example_xcom']) retrieved from /home/airflow/.local/lib/python3.7/site-packages/airflow/example_dags/example_xcom.py
[2024-04-16T10:26:27.206+0000] {logging_mixin.py:120} INFO - [2024-04-16T10:26:27.206+0000] {dag.py:2585} INFO - Sync 1 DAGs
[2024-04-16T10:26:27.243+0000] {logging_mixin.py:120} INFO - [2024-04-16T10:26:27.243+0000] {dag.py:3340} INFO - Setting next_dagrun for example_xcom to 2021-01-01T00:00:00+00:00, run_after=2021-01-01T00:00:00+00:00
[2024-04-16T10:26:27.280+0000] {processor.py:176} INFO - Processing /home/airflow/.local/lib/python3.7/site-packages/airflow/example_dags/example_xcom.py took 0.200 seconds
[2024-04-16T10:27:04.202+0000] {processor.py:154} INFO - Started process (PID=519) to work on /home/airflow/.local/lib/python3.7/site-packages/airflow/example_dags/example_xcom.py
[2024-04-16T10:27:04.205+0000] {processor.py:756} INFO - Processing file /home/airflow/.local/lib/python3.7/site-packages/airflow/example_dags/example_xcom.py for tasks to queue
[2024-04-16T10:27:04.207+0000] {logging_mixin.py:120} INFO - [2024-04-16T10:27:04.207+0000] {dagbag.py:537} INFO - Filling up the DagBag from /home/airflow/.local/lib/python3.7/site-packages/airflow/example_dags/example_xcom.py
[2024-04-16T10:27:04.247+0000] {processor.py:766} INFO - DAG(s) dict_keys(['example_xcom']) retrieved from /home/airflow/.local/lib/python3.7/site-packages/airflow/example_dags/example_xcom.py
[2024-04-16T10:27:04.320+0000] {logging_mixin.py:120} INFO - [2024-04-16T10:27:04.319+0000] {dag.py:2585} INFO - Sync 1 DAGs
[2024-04-16T10:27:04.359+0000] {logging_mixin.py:120} INFO - [2024-04-16T10:27:04.359+0000] {dag.py:3340} INFO - Setting next_dagrun for example_xcom to 2021-01-01T00:00:00+00:00, run_after=2021-01-01T00:00:00+00:00
[2024-04-16T10:27:04.390+0000] {processor.py:176} INFO - Processing /home/airflow/.local/lib/python3.7/site-packages/airflow/example_dags/example_xcom.py took 0.198 seconds
[2024-04-16T10:27:35.821+0000] {processor.py:154} INFO - Started process (PID=601) to work on /home/airflow/.local/lib/python3.7/site-packages/airflow/example_dags/example_xcom.py
[2024-04-16T10:27:35.824+0000] {processor.py:756} INFO - Processing file /home/airflow/.local/lib/python3.7/site-packages/airflow/example_dags/example_xcom.py for tasks to queue
[2024-04-16T10:27:35.826+0000] {logging_mixin.py:120} INFO - [2024-04-16T10:27:35.825+0000] {dagbag.py:537} INFO - Filling up the DagBag from /home/airflow/.local/lib/python3.7/site-packages/airflow/example_dags/example_xcom.py
[2024-04-16T10:27:35.874+0000] {processor.py:766} INFO - DAG(s) dict_keys(['example_xcom']) retrieved from /home/airflow/.local/lib/python3.7/site-packages/airflow/example_dags/example_xcom.py
[2024-04-16T10:27:35.967+0000] {logging_mixin.py:120} INFO - [2024-04-16T10:27:35.966+0000] {dag.py:2585} INFO - Sync 1 DAGs
[2024-04-16T10:27:36.027+0000] {logging_mixin.py:120} INFO - [2024-04-16T10:27:36.027+0000] {dag.py:3340} INFO - Setting next_dagrun for example_xcom to 2021-01-01T00:00:00+00:00, run_after=2021-01-01T00:00:00+00:00
[2024-04-16T10:27:36.085+0000] {processor.py:176} INFO - Processing /home/airflow/.local/lib/python3.7/site-packages/airflow/example_dags/example_xcom.py took 0.272 seconds
[2024-04-16T13:04:09.485+0000] {processor.py:154} INFO - Started process (PID=700) to work on /home/airflow/.local/lib/python3.7/site-packages/airflow/example_dags/example_xcom.py
[2024-04-16T13:04:09.491+0000] {processor.py:756} INFO - Processing file /home/airflow/.local/lib/python3.7/site-packages/airflow/example_dags/example_xcom.py for tasks to queue
[2024-04-16T13:04:09.498+0000] {logging_mixin.py:120} INFO - [2024-04-16T13:04:09.497+0000] {dagbag.py:537} INFO - Filling up the DagBag from /home/airflow/.local/lib/python3.7/site-packages/airflow/example_dags/example_xcom.py
[2024-04-16T13:04:09.600+0000] {processor.py:766} INFO - DAG(s) dict_keys(['example_xcom']) retrieved from /home/airflow/.local/lib/python3.7/site-packages/airflow/example_dags/example_xcom.py
[2024-04-16T13:04:09.747+0000] {logging_mixin.py:120} INFO - [2024-04-16T13:04:09.747+0000] {dag.py:2585} INFO - Sync 1 DAGs
[2024-04-16T13:04:09.860+0000] {logging_mixin.py:120} INFO - [2024-04-16T13:04:09.860+0000] {dag.py:3340} INFO - Setting next_dagrun for example_xcom to 2021-01-01T00:00:00+00:00, run_after=2021-01-01T00:00:00+00:00
[2024-04-16T13:04:09.956+0000] {processor.py:176} INFO - Processing /home/airflow/.local/lib/python3.7/site-packages/airflow/example_dags/example_xcom.py took 0.488 seconds
[2024-04-16T13:04:41.158+0000] {processor.py:154} INFO - Started process (PID=769) to work on /home/airflow/.local/lib/python3.7/site-packages/airflow/example_dags/example_xcom.py
[2024-04-16T13:04:41.172+0000] {processor.py:756} INFO - Processing file /home/airflow/.local/lib/python3.7/site-packages/airflow/example_dags/example_xcom.py for tasks to queue
[2024-04-16T13:04:41.184+0000] {logging_mixin.py:120} INFO - [2024-04-16T13:04:41.183+0000] {dagbag.py:537} INFO - Filling up the DagBag from /home/airflow/.local/lib/python3.7/site-packages/airflow/example_dags/example_xcom.py
[2024-04-16T13:04:41.341+0000] {processor.py:766} INFO - DAG(s) dict_keys(['example_xcom']) retrieved from /home/airflow/.local/lib/python3.7/site-packages/airflow/example_dags/example_xcom.py
[2024-04-16T13:04:41.601+0000] {logging_mixin.py:120} INFO - [2024-04-16T13:04:41.600+0000] {dag.py:2585} INFO - Sync 1 DAGs
[2024-04-16T13:04:41.657+0000] {logging_mixin.py:120} INFO - [2024-04-16T13:04:41.656+0000] {dag.py:3340} INFO - Setting next_dagrun for example_xcom to 2021-01-01T00:00:00+00:00, run_after=2021-01-01T00:00:00+00:00
[2024-04-16T13:04:41.696+0000] {processor.py:176} INFO - Processing /home/airflow/.local/lib/python3.7/site-packages/airflow/example_dags/example_xcom.py took 0.569 seconds
[2024-04-16T13:05:11.994+0000] {processor.py:154} INFO - Started process (PID=847) to work on /home/airflow/.local/lib/python3.7/site-packages/airflow/example_dags/example_xcom.py
[2024-04-16T13:05:11.995+0000] {processor.py:756} INFO - Processing file /home/airflow/.local/lib/python3.7/site-packages/airflow/example_dags/example_xcom.py for tasks to queue
[2024-04-16T13:05:11.997+0000] {logging_mixin.py:120} INFO - [2024-04-16T13:05:11.997+0000] {dagbag.py:537} INFO - Filling up the DagBag from /home/airflow/.local/lib/python3.7/site-packages/airflow/example_dags/example_xcom.py
[2024-04-16T13:05:12.038+0000] {processor.py:766} INFO - DAG(s) dict_keys(['example_xcom']) retrieved from /home/airflow/.local/lib/python3.7/site-packages/airflow/example_dags/example_xcom.py
[2024-04-16T13:05:12.108+0000] {logging_mixin.py:120} INFO - [2024-04-16T13:05:12.108+0000] {dag.py:2585} INFO - Sync 1 DAGs
[2024-04-16T13:05:12.148+0000] {logging_mixin.py:120} INFO - [2024-04-16T13:05:12.148+0000] {dag.py:3340} INFO - Setting next_dagrun for example_xcom to 2021-01-01T00:00:00+00:00, run_after=2021-01-01T00:00:00+00:00
[2024-04-16T13:05:12.191+0000] {processor.py:176} INFO - Processing /home/airflow/.local/lib/python3.7/site-packages/airflow/example_dags/example_xcom.py took 0.203 seconds
[2024-04-16T13:05:42.478+0000] {processor.py:154} INFO - Started process (PID=917) to work on /home/airflow/.local/lib/python3.7/site-packages/airflow/example_dags/example_xcom.py
[2024-04-16T13:05:42.488+0000] {processor.py:756} INFO - Processing file /home/airflow/.local/lib/python3.7/site-packages/airflow/example_dags/example_xcom.py for tasks to queue
[2024-04-16T13:05:42.494+0000] {logging_mixin.py:120} INFO - [2024-04-16T13:05:42.494+0000] {dagbag.py:537} INFO - Filling up the DagBag from /home/airflow/.local/lib/python3.7/site-packages/airflow/example_dags/example_xcom.py
[2024-04-16T13:05:42.546+0000] {processor.py:766} INFO - DAG(s) dict_keys(['example_xcom']) retrieved from /home/airflow/.local/lib/python3.7/site-packages/airflow/example_dags/example_xcom.py
[2024-04-16T13:05:42.631+0000] {logging_mixin.py:120} INFO - [2024-04-16T13:05:42.631+0000] {dag.py:2585} INFO - Sync 1 DAGs
[2024-04-16T13:05:42.694+0000] {logging_mixin.py:120} INFO - [2024-04-16T13:05:42.694+0000] {dag.py:3340} INFO - Setting next_dagrun for example_xcom to 2021-01-01T00:00:00+00:00, run_after=2021-01-01T00:00:00+00:00
[2024-04-16T13:05:42.747+0000] {processor.py:176} INFO - Processing /home/airflow/.local/lib/python3.7/site-packages/airflow/example_dags/example_xcom.py took 0.277 seconds
[2024-04-16T13:06:13.144+0000] {processor.py:154} INFO - Started process (PID=996) to work on /home/airflow/.local/lib/python3.7/site-packages/airflow/example_dags/example_xcom.py
[2024-04-16T13:06:13.146+0000] {processor.py:756} INFO - Processing file /home/airflow/.local/lib/python3.7/site-packages/airflow/example_dags/example_xcom.py for tasks to queue
[2024-04-16T13:06:13.148+0000] {logging_mixin.py:120} INFO - [2024-04-16T13:06:13.148+0000] {dagbag.py:537} INFO - Filling up the DagBag from /home/airflow/.local/lib/python3.7/site-packages/airflow/example_dags/example_xcom.py
[2024-04-16T13:06:13.195+0000] {processor.py:766} INFO - DAG(s) dict_keys(['example_xcom']) retrieved from /home/airflow/.local/lib/python3.7/site-packages/airflow/example_dags/example_xcom.py
[2024-04-16T13:06:13.276+0000] {logging_mixin.py:120} INFO - [2024-04-16T13:06:13.276+0000] {dag.py:2585} INFO - Sync 1 DAGs
[2024-04-16T13:06:13.320+0000] {logging_mixin.py:120} INFO - [2024-04-16T13:06:13.320+0000] {dag.py:3340} INFO - Setting next_dagrun for example_xcom to 2021-01-01T00:00:00+00:00, run_after=2021-01-01T00:00:00+00:00
[2024-04-16T13:06:13.350+0000] {processor.py:176} INFO - Processing /home/airflow/.local/lib/python3.7/site-packages/airflow/example_dags/example_xcom.py took 0.212 seconds
[2024-04-16T13:06:43.640+0000] {processor.py:154} INFO - Started process (PID=1064) to work on /home/airflow/.local/lib/python3.7/site-packages/airflow/example_dags/example_xcom.py
[2024-04-16T13:06:43.642+0000] {processor.py:756} INFO - Processing file /home/airflow/.local/lib/python3.7/site-packages/airflow/example_dags/example_xcom.py for tasks to queue
[2024-04-16T13:06:43.645+0000] {logging_mixin.py:120} INFO - [2024-04-16T13:06:43.644+0000] {dagbag.py:537} INFO - Filling up the DagBag from /home/airflow/.local/lib/python3.7/site-packages/airflow/example_dags/example_xcom.py
[2024-04-16T13:06:43.711+0000] {processor.py:766} INFO - DAG(s) dict_keys(['example_xcom']) retrieved from /home/airflow/.local/lib/python3.7/site-packages/airflow/example_dags/example_xcom.py
[2024-04-16T13:06:43.816+0000] {logging_mixin.py:120} INFO - [2024-04-16T13:06:43.815+0000] {dag.py:2585} INFO - Sync 1 DAGs
[2024-04-16T13:06:43.866+0000] {logging_mixin.py:120} INFO - [2024-04-16T13:06:43.866+0000] {dag.py:3340} INFO - Setting next_dagrun for example_xcom to 2021-01-01T00:00:00+00:00, run_after=2021-01-01T00:00:00+00:00
[2024-04-16T13:06:43.897+0000] {processor.py:176} INFO - Processing /home/airflow/.local/lib/python3.7/site-packages/airflow/example_dags/example_xcom.py took 0.263 seconds
[2024-04-16T13:07:14.514+0000] {processor.py:154} INFO - Started process (PID=1136) to work on /home/airflow/.local/lib/python3.7/site-packages/airflow/example_dags/example_xcom.py
[2024-04-16T13:07:14.516+0000] {processor.py:756} INFO - Processing file /home/airflow/.local/lib/python3.7/site-packages/airflow/example_dags/example_xcom.py for tasks to queue
[2024-04-16T13:07:14.522+0000] {logging_mixin.py:120} INFO - [2024-04-16T13:07:14.521+0000] {dagbag.py:537} INFO - Filling up the DagBag from /home/airflow/.local/lib/python3.7/site-packages/airflow/example_dags/example_xcom.py
[2024-04-16T13:07:14.581+0000] {processor.py:766} INFO - DAG(s) dict_keys(['example_xcom']) retrieved from /home/airflow/.local/lib/python3.7/site-packages/airflow/example_dags/example_xcom.py
[2024-04-16T13:07:14.678+0000] {logging_mixin.py:120} INFO - [2024-04-16T13:07:14.677+0000] {dag.py:2585} INFO - Sync 1 DAGs
[2024-04-16T13:07:14.721+0000] {logging_mixin.py:120} INFO - [2024-04-16T13:07:14.721+0000] {dag.py:3340} INFO - Setting next_dagrun for example_xcom to 2021-01-01T00:00:00+00:00, run_after=2021-01-01T00:00:00+00:00
[2024-04-16T13:07:14.754+0000] {processor.py:176} INFO - Processing /home/airflow/.local/lib/python3.7/site-packages/airflow/example_dags/example_xcom.py took 0.251 seconds
[2024-04-16T13:07:45.486+0000] {processor.py:154} INFO - Started process (PID=1215) to work on /home/airflow/.local/lib/python3.7/site-packages/airflow/example_dags/example_xcom.py
[2024-04-16T13:07:45.490+0000] {processor.py:756} INFO - Processing file /home/airflow/.local/lib/python3.7/site-packages/airflow/example_dags/example_xcom.py for tasks to queue
[2024-04-16T13:07:45.492+0000] {logging_mixin.py:120} INFO - [2024-04-16T13:07:45.492+0000] {dagbag.py:537} INFO - Filling up the DagBag from /home/airflow/.local/lib/python3.7/site-packages/airflow/example_dags/example_xcom.py
[2024-04-16T13:07:45.543+0000] {processor.py:766} INFO - DAG(s) dict_keys(['example_xcom']) retrieved from /home/airflow/.local/lib/python3.7/site-packages/airflow/example_dags/example_xcom.py
[2024-04-16T13:07:45.644+0000] {logging_mixin.py:120} INFO - [2024-04-16T13:07:45.644+0000] {dag.py:2585} INFO - Sync 1 DAGs
[2024-04-16T13:07:45.689+0000] {logging_mixin.py:120} INFO - [2024-04-16T13:07:45.689+0000] {dag.py:3340} INFO - Setting next_dagrun for example_xcom to 2021-01-01T00:00:00+00:00, run_after=2021-01-01T00:00:00+00:00
[2024-04-16T13:07:45.724+0000] {processor.py:176} INFO - Processing /home/airflow/.local/lib/python3.7/site-packages/airflow/example_dags/example_xcom.py took 0.247 seconds
[2024-04-16T13:08:16.626+0000] {processor.py:154} INFO - Started process (PID=1284) to work on /home/airflow/.local/lib/python3.7/site-packages/airflow/example_dags/example_xcom.py
[2024-04-16T13:08:16.631+0000] {processor.py:756} INFO - Processing file /home/airflow/.local/lib/python3.7/site-packages/airflow/example_dags/example_xcom.py for tasks to queue
[2024-04-16T13:08:16.635+0000] {logging_mixin.py:120} INFO - [2024-04-16T13:08:16.635+0000] {dagbag.py:537} INFO - Filling up the DagBag from /home/airflow/.local/lib/python3.7/site-packages/airflow/example_dags/example_xcom.py
[2024-04-16T13:08:16.689+0000] {processor.py:766} INFO - DAG(s) dict_keys(['example_xcom']) retrieved from /home/airflow/.local/lib/python3.7/site-packages/airflow/example_dags/example_xcom.py
[2024-04-16T13:08:16.756+0000] {logging_mixin.py:120} INFO - [2024-04-16T13:08:16.755+0000] {dag.py:2585} INFO - Sync 1 DAGs
[2024-04-16T13:08:16.806+0000] {logging_mixin.py:120} INFO - [2024-04-16T13:08:16.806+0000] {dag.py:3340} INFO - Setting next_dagrun for example_xcom to 2021-01-01T00:00:00+00:00, run_after=2021-01-01T00:00:00+00:00
[2024-04-16T13:08:16.835+0000] {processor.py:176} INFO - Processing /home/airflow/.local/lib/python3.7/site-packages/airflow/example_dags/example_xcom.py took 0.219 seconds
[2024-04-16T13:08:47.021+0000] {processor.py:154} INFO - Started process (PID=1362) to work on /home/airflow/.local/lib/python3.7/site-packages/airflow/example_dags/example_xcom.py
[2024-04-16T13:08:47.024+0000] {processor.py:756} INFO - Processing file /home/airflow/.local/lib/python3.7/site-packages/airflow/example_dags/example_xcom.py for tasks to queue
[2024-04-16T13:08:47.026+0000] {logging_mixin.py:120} INFO - [2024-04-16T13:08:47.026+0000] {dagbag.py:537} INFO - Filling up the DagBag from /home/airflow/.local/lib/python3.7/site-packages/airflow/example_dags/example_xcom.py
[2024-04-16T13:08:47.102+0000] {processor.py:766} INFO - DAG(s) dict_keys(['example_xcom']) retrieved from /home/airflow/.local/lib/python3.7/site-packages/airflow/example_dags/example_xcom.py
[2024-04-16T13:08:47.241+0000] {logging_mixin.py:120} INFO - [2024-04-16T13:08:47.240+0000] {dag.py:2585} INFO - Sync 1 DAGs
[2024-04-16T13:08:47.309+0000] {logging_mixin.py:120} INFO - [2024-04-16T13:08:47.309+0000] {dag.py:3340} INFO - Setting next_dagrun for example_xcom to 2021-01-01T00:00:00+00:00, run_after=2021-01-01T00:00:00+00:00
[2024-04-16T13:08:47.345+0000] {processor.py:176} INFO - Processing /home/airflow/.local/lib/python3.7/site-packages/airflow/example_dags/example_xcom.py took 0.331 seconds
[2024-04-16T13:09:18.115+0000] {processor.py:154} INFO - Started process (PID=1432) to work on /home/airflow/.local/lib/python3.7/site-packages/airflow/example_dags/example_xcom.py
[2024-04-16T13:09:18.118+0000] {processor.py:756} INFO - Processing file /home/airflow/.local/lib/python3.7/site-packages/airflow/example_dags/example_xcom.py for tasks to queue
[2024-04-16T13:09:18.120+0000] {logging_mixin.py:120} INFO - [2024-04-16T13:09:18.120+0000] {dagbag.py:537} INFO - Filling up the DagBag from /home/airflow/.local/lib/python3.7/site-packages/airflow/example_dags/example_xcom.py
[2024-04-16T13:09:18.169+0000] {processor.py:766} INFO - DAG(s) dict_keys(['example_xcom']) retrieved from /home/airflow/.local/lib/python3.7/site-packages/airflow/example_dags/example_xcom.py
[2024-04-16T13:09:18.247+0000] {logging_mixin.py:120} INFO - [2024-04-16T13:09:18.247+0000] {dag.py:2585} INFO - Sync 1 DAGs
[2024-04-16T13:09:18.287+0000] {logging_mixin.py:120} INFO - [2024-04-16T13:09:18.286+0000] {dag.py:3340} INFO - Setting next_dagrun for example_xcom to 2021-01-01T00:00:00+00:00, run_after=2021-01-01T00:00:00+00:00
[2024-04-16T13:09:18.320+0000] {processor.py:176} INFO - Processing /home/airflow/.local/lib/python3.7/site-packages/airflow/example_dags/example_xcom.py took 0.211 seconds
[2024-04-16T13:09:49.308+0000] {processor.py:154} INFO - Started process (PID=1503) to work on /home/airflow/.local/lib/python3.7/site-packages/airflow/example_dags/example_xcom.py
[2024-04-16T13:09:49.311+0000] {processor.py:756} INFO - Processing file /home/airflow/.local/lib/python3.7/site-packages/airflow/example_dags/example_xcom.py for tasks to queue
[2024-04-16T13:09:49.314+0000] {logging_mixin.py:120} INFO - [2024-04-16T13:09:49.314+0000] {dagbag.py:537} INFO - Filling up the DagBag from /home/airflow/.local/lib/python3.7/site-packages/airflow/example_dags/example_xcom.py
[2024-04-16T13:09:49.373+0000] {processor.py:766} INFO - DAG(s) dict_keys(['example_xcom']) retrieved from /home/airflow/.local/lib/python3.7/site-packages/airflow/example_dags/example_xcom.py
[2024-04-16T13:09:49.481+0000] {logging_mixin.py:120} INFO - [2024-04-16T13:09:49.481+0000] {dag.py:2585} INFO - Sync 1 DAGs
[2024-04-16T13:09:49.533+0000] {logging_mixin.py:120} INFO - [2024-04-16T13:09:49.533+0000] {dag.py:3340} INFO - Setting next_dagrun for example_xcom to 2021-01-01T00:00:00+00:00, run_after=2021-01-01T00:00:00+00:00
[2024-04-16T13:09:49.587+0000] {processor.py:176} INFO - Processing /home/airflow/.local/lib/python3.7/site-packages/airflow/example_dags/example_xcom.py took 0.291 seconds
[2024-04-16T13:10:19.706+0000] {processor.py:154} INFO - Started process (PID=1581) to work on /home/airflow/.local/lib/python3.7/site-packages/airflow/example_dags/example_xcom.py
[2024-04-16T13:10:19.710+0000] {processor.py:756} INFO - Processing file /home/airflow/.local/lib/python3.7/site-packages/airflow/example_dags/example_xcom.py for tasks to queue
[2024-04-16T13:10:19.715+0000] {logging_mixin.py:120} INFO - [2024-04-16T13:10:19.714+0000] {dagbag.py:537} INFO - Filling up the DagBag from /home/airflow/.local/lib/python3.7/site-packages/airflow/example_dags/example_xcom.py
[2024-04-16T13:10:19.777+0000] {processor.py:766} INFO - DAG(s) dict_keys(['example_xcom']) retrieved from /home/airflow/.local/lib/python3.7/site-packages/airflow/example_dags/example_xcom.py
[2024-04-16T13:10:19.848+0000] {logging_mixin.py:120} INFO - [2024-04-16T13:10:19.848+0000] {dag.py:2585} INFO - Sync 1 DAGs
[2024-04-16T13:10:19.889+0000] {logging_mixin.py:120} INFO - [2024-04-16T13:10:19.889+0000] {dag.py:3340} INFO - Setting next_dagrun for example_xcom to 2021-01-01T00:00:00+00:00, run_after=2021-01-01T00:00:00+00:00
[2024-04-16T13:10:19.940+0000] {processor.py:176} INFO - Processing /home/airflow/.local/lib/python3.7/site-packages/airflow/example_dags/example_xcom.py took 0.244 seconds
[2024-04-16T13:10:50.025+0000] {processor.py:154} INFO - Started process (PID=1650) to work on /home/airflow/.local/lib/python3.7/site-packages/airflow/example_dags/example_xcom.py
[2024-04-16T13:10:50.030+0000] {processor.py:756} INFO - Processing file /home/airflow/.local/lib/python3.7/site-packages/airflow/example_dags/example_xcom.py for tasks to queue
[2024-04-16T13:10:50.036+0000] {logging_mixin.py:120} INFO - [2024-04-16T13:10:50.034+0000] {dagbag.py:537} INFO - Filling up the DagBag from /home/airflow/.local/lib/python3.7/site-packages/airflow/example_dags/example_xcom.py
[2024-04-16T13:10:50.078+0000] {processor.py:766} INFO - DAG(s) dict_keys(['example_xcom']) retrieved from /home/airflow/.local/lib/python3.7/site-packages/airflow/example_dags/example_xcom.py
[2024-04-16T13:10:50.155+0000] {logging_mixin.py:120} INFO - [2024-04-16T13:10:50.155+0000] {dag.py:2585} INFO - Sync 1 DAGs
[2024-04-16T13:10:50.199+0000] {logging_mixin.py:120} INFO - [2024-04-16T13:10:50.199+0000] {dag.py:3340} INFO - Setting next_dagrun for example_xcom to 2021-01-01T00:00:00+00:00, run_after=2021-01-01T00:00:00+00:00
[2024-04-16T13:10:50.247+0000] {processor.py:176} INFO - Processing /home/airflow/.local/lib/python3.7/site-packages/airflow/example_dags/example_xcom.py took 0.231 seconds
[2024-04-16T13:11:21.011+0000] {processor.py:154} INFO - Started process (PID=1728) to work on /home/airflow/.local/lib/python3.7/site-packages/airflow/example_dags/example_xcom.py
[2024-04-16T13:11:21.013+0000] {processor.py:756} INFO - Processing file /home/airflow/.local/lib/python3.7/site-packages/airflow/example_dags/example_xcom.py for tasks to queue
[2024-04-16T13:11:21.015+0000] {logging_mixin.py:120} INFO - [2024-04-16T13:11:21.015+0000] {dagbag.py:537} INFO - Filling up the DagBag from /home/airflow/.local/lib/python3.7/site-packages/airflow/example_dags/example_xcom.py
[2024-04-16T13:11:21.054+0000] {processor.py:766} INFO - DAG(s) dict_keys(['example_xcom']) retrieved from /home/airflow/.local/lib/python3.7/site-packages/airflow/example_dags/example_xcom.py
[2024-04-16T13:11:21.127+0000] {logging_mixin.py:120} INFO - [2024-04-16T13:11:21.126+0000] {dag.py:2585} INFO - Sync 1 DAGs
[2024-04-16T13:11:21.173+0000] {logging_mixin.py:120} INFO - [2024-04-16T13:11:21.172+0000] {dag.py:3340} INFO - Setting next_dagrun for example_xcom to 2021-01-01T00:00:00+00:00, run_after=2021-01-01T00:00:00+00:00
[2024-04-16T13:11:21.208+0000] {processor.py:176} INFO - Processing /home/airflow/.local/lib/python3.7/site-packages/airflow/example_dags/example_xcom.py took 0.203 seconds
[2024-04-16T13:11:51.313+0000] {processor.py:154} INFO - Started process (PID=1797) to work on /home/airflow/.local/lib/python3.7/site-packages/airflow/example_dags/example_xcom.py
[2024-04-16T13:11:51.316+0000] {processor.py:756} INFO - Processing file /home/airflow/.local/lib/python3.7/site-packages/airflow/example_dags/example_xcom.py for tasks to queue
[2024-04-16T13:11:51.318+0000] {logging_mixin.py:120} INFO - [2024-04-16T13:11:51.318+0000] {dagbag.py:537} INFO - Filling up the DagBag from /home/airflow/.local/lib/python3.7/site-packages/airflow/example_dags/example_xcom.py
[2024-04-16T13:11:51.365+0000] {processor.py:766} INFO - DAG(s) dict_keys(['example_xcom']) retrieved from /home/airflow/.local/lib/python3.7/site-packages/airflow/example_dags/example_xcom.py
[2024-04-16T13:11:51.447+0000] {logging_mixin.py:120} INFO - [2024-04-16T13:11:51.447+0000] {dag.py:2585} INFO - Sync 1 DAGs
[2024-04-16T13:11:51.484+0000] {logging_mixin.py:120} INFO - [2024-04-16T13:11:51.484+0000] {dag.py:3340} INFO - Setting next_dagrun for example_xcom to 2021-01-01T00:00:00+00:00, run_after=2021-01-01T00:00:00+00:00
[2024-04-16T13:11:51.518+0000] {processor.py:176} INFO - Processing /home/airflow/.local/lib/python3.7/site-packages/airflow/example_dags/example_xcom.py took 0.211 seconds
[2024-04-16T13:12:21.997+0000] {processor.py:154} INFO - Started process (PID=1873) to work on /home/airflow/.local/lib/python3.7/site-packages/airflow/example_dags/example_xcom.py
[2024-04-16T13:12:22.003+0000] {processor.py:756} INFO - Processing file /home/airflow/.local/lib/python3.7/site-packages/airflow/example_dags/example_xcom.py for tasks to queue
[2024-04-16T13:12:22.007+0000] {logging_mixin.py:120} INFO - [2024-04-16T13:12:22.006+0000] {dagbag.py:537} INFO - Filling up the DagBag from /home/airflow/.local/lib/python3.7/site-packages/airflow/example_dags/example_xcom.py
[2024-04-16T13:12:22.124+0000] {processor.py:766} INFO - DAG(s) dict_keys(['example_xcom']) retrieved from /home/airflow/.local/lib/python3.7/site-packages/airflow/example_dags/example_xcom.py
[2024-04-16T13:12:22.281+0000] {logging_mixin.py:120} INFO - [2024-04-16T13:12:22.280+0000] {dag.py:2585} INFO - Sync 1 DAGs
[2024-04-16T13:12:22.327+0000] {logging_mixin.py:120} INFO - [2024-04-16T13:12:22.326+0000] {dag.py:3340} INFO - Setting next_dagrun for example_xcom to 2021-01-01T00:00:00+00:00, run_after=2021-01-01T00:00:00+00:00
[2024-04-16T13:12:22.365+0000] {processor.py:176} INFO - Processing /home/airflow/.local/lib/python3.7/site-packages/airflow/example_dags/example_xcom.py took 0.392 seconds
[2024-04-16T13:12:52.486+0000] {processor.py:154} INFO - Started process (PID=1945) to work on /home/airflow/.local/lib/python3.7/site-packages/airflow/example_dags/example_xcom.py
[2024-04-16T13:12:52.489+0000] {processor.py:756} INFO - Processing file /home/airflow/.local/lib/python3.7/site-packages/airflow/example_dags/example_xcom.py for tasks to queue
[2024-04-16T13:12:52.490+0000] {logging_mixin.py:120} INFO - [2024-04-16T13:12:52.490+0000] {dagbag.py:537} INFO - Filling up the DagBag from /home/airflow/.local/lib/python3.7/site-packages/airflow/example_dags/example_xcom.py
[2024-04-16T13:12:52.544+0000] {processor.py:766} INFO - DAG(s) dict_keys(['example_xcom']) retrieved from /home/airflow/.local/lib/python3.7/site-packages/airflow/example_dags/example_xcom.py
[2024-04-16T13:12:52.616+0000] {logging_mixin.py:120} INFO - [2024-04-16T13:12:52.616+0000] {dag.py:2585} INFO - Sync 1 DAGs
[2024-04-16T13:12:52.661+0000] {logging_mixin.py:120} INFO - [2024-04-16T13:12:52.660+0000] {dag.py:3340} INFO - Setting next_dagrun for example_xcom to 2021-01-01T00:00:00+00:00, run_after=2021-01-01T00:00:00+00:00
[2024-04-16T13:12:52.692+0000] {processor.py:176} INFO - Processing /home/airflow/.local/lib/python3.7/site-packages/airflow/example_dags/example_xcom.py took 0.211 seconds
[2024-04-16T13:13:24.032+0000] {processor.py:154} INFO - Started process (PID=2023) to work on /home/airflow/.local/lib/python3.7/site-packages/airflow/example_dags/example_xcom.py
[2024-04-16T13:13:24.035+0000] {processor.py:756} INFO - Processing file /home/airflow/.local/lib/python3.7/site-packages/airflow/example_dags/example_xcom.py for tasks to queue
[2024-04-16T13:13:24.041+0000] {logging_mixin.py:120} INFO - [2024-04-16T13:13:24.040+0000] {dagbag.py:537} INFO - Filling up the DagBag from /home/airflow/.local/lib/python3.7/site-packages/airflow/example_dags/example_xcom.py
[2024-04-16T13:13:24.177+0000] {processor.py:766} INFO - DAG(s) dict_keys(['example_xcom']) retrieved from /home/airflow/.local/lib/python3.7/site-packages/airflow/example_dags/example_xcom.py
[2024-04-16T13:13:24.258+0000] {logging_mixin.py:120} INFO - [2024-04-16T13:13:24.257+0000] {dag.py:2585} INFO - Sync 1 DAGs
[2024-04-16T13:13:24.359+0000] {logging_mixin.py:120} INFO - [2024-04-16T13:13:24.359+0000] {dag.py:3340} INFO - Setting next_dagrun for example_xcom to 2021-01-01T00:00:00+00:00, run_after=2021-01-01T00:00:00+00:00
[2024-04-16T13:13:24.436+0000] {processor.py:176} INFO - Processing /home/airflow/.local/lib/python3.7/site-packages/airflow/example_dags/example_xcom.py took 0.419 seconds
[2024-04-16T13:13:54.778+0000] {processor.py:154} INFO - Started process (PID=2093) to work on /home/airflow/.local/lib/python3.7/site-packages/airflow/example_dags/example_xcom.py
[2024-04-16T13:13:54.781+0000] {processor.py:756} INFO - Processing file /home/airflow/.local/lib/python3.7/site-packages/airflow/example_dags/example_xcom.py for tasks to queue
[2024-04-16T13:13:54.784+0000] {logging_mixin.py:120} INFO - [2024-04-16T13:13:54.783+0000] {dagbag.py:537} INFO - Filling up the DagBag from /home/airflow/.local/lib/python3.7/site-packages/airflow/example_dags/example_xcom.py
[2024-04-16T13:13:54.831+0000] {processor.py:766} INFO - DAG(s) dict_keys(['example_xcom']) retrieved from /home/airflow/.local/lib/python3.7/site-packages/airflow/example_dags/example_xcom.py
[2024-04-16T13:13:54.949+0000] {logging_mixin.py:120} INFO - [2024-04-16T13:13:54.948+0000] {dag.py:2585} INFO - Sync 1 DAGs
[2024-04-16T13:13:55.035+0000] {logging_mixin.py:120} INFO - [2024-04-16T13:13:55.034+0000] {dag.py:3340} INFO - Setting next_dagrun for example_xcom to 2021-01-01T00:00:00+00:00, run_after=2021-01-01T00:00:00+00:00
[2024-04-16T13:13:55.092+0000] {processor.py:176} INFO - Processing /home/airflow/.local/lib/python3.7/site-packages/airflow/example_dags/example_xcom.py took 0.326 seconds
[2024-04-16T13:14:25.590+0000] {processor.py:154} INFO - Started process (PID=2171) to work on /home/airflow/.local/lib/python3.7/site-packages/airflow/example_dags/example_xcom.py
[2024-04-16T13:14:25.592+0000] {processor.py:756} INFO - Processing file /home/airflow/.local/lib/python3.7/site-packages/airflow/example_dags/example_xcom.py for tasks to queue
[2024-04-16T13:14:25.594+0000] {logging_mixin.py:120} INFO - [2024-04-16T13:14:25.593+0000] {dagbag.py:537} INFO - Filling up the DagBag from /home/airflow/.local/lib/python3.7/site-packages/airflow/example_dags/example_xcom.py
[2024-04-16T13:14:25.632+0000] {processor.py:766} INFO - DAG(s) dict_keys(['example_xcom']) retrieved from /home/airflow/.local/lib/python3.7/site-packages/airflow/example_dags/example_xcom.py
[2024-04-16T13:14:25.701+0000] {logging_mixin.py:120} INFO - [2024-04-16T13:14:25.701+0000] {dag.py:2585} INFO - Sync 1 DAGs
[2024-04-16T13:14:25.738+0000] {logging_mixin.py:120} INFO - [2024-04-16T13:14:25.738+0000] {dag.py:3340} INFO - Setting next_dagrun for example_xcom to 2021-01-01T00:00:00+00:00, run_after=2021-01-01T00:00:00+00:00
[2024-04-16T13:14:25.783+0000] {processor.py:176} INFO - Processing /home/airflow/.local/lib/python3.7/site-packages/airflow/example_dags/example_xcom.py took 0.199 seconds
[2024-04-16T13:14:56.557+0000] {processor.py:154} INFO - Started process (PID=2237) to work on /home/airflow/.local/lib/python3.7/site-packages/airflow/example_dags/example_xcom.py
[2024-04-16T13:14:56.563+0000] {processor.py:756} INFO - Processing file /home/airflow/.local/lib/python3.7/site-packages/airflow/example_dags/example_xcom.py for tasks to queue
[2024-04-16T13:14:56.567+0000] {logging_mixin.py:120} INFO - [2024-04-16T13:14:56.565+0000] {dagbag.py:537} INFO - Filling up the DagBag from /home/airflow/.local/lib/python3.7/site-packages/airflow/example_dags/example_xcom.py
[2024-04-16T13:14:56.623+0000] {processor.py:766} INFO - DAG(s) dict_keys(['example_xcom']) retrieved from /home/airflow/.local/lib/python3.7/site-packages/airflow/example_dags/example_xcom.py
[2024-04-16T13:14:56.713+0000] {logging_mixin.py:120} INFO - [2024-04-16T13:14:56.713+0000] {dag.py:2585} INFO - Sync 1 DAGs
[2024-04-16T13:14:56.752+0000] {logging_mixin.py:120} INFO - [2024-04-16T13:14:56.752+0000] {dag.py:3340} INFO - Setting next_dagrun for example_xcom to 2021-01-01T00:00:00+00:00, run_after=2021-01-01T00:00:00+00:00
[2024-04-16T13:14:56.784+0000] {processor.py:176} INFO - Processing /home/airflow/.local/lib/python3.7/site-packages/airflow/example_dags/example_xcom.py took 0.242 seconds
[2024-04-16T13:15:26.991+0000] {processor.py:154} INFO - Started process (PID=2313) to work on /home/airflow/.local/lib/python3.7/site-packages/airflow/example_dags/example_xcom.py
[2024-04-16T13:15:26.993+0000] {processor.py:756} INFO - Processing file /home/airflow/.local/lib/python3.7/site-packages/airflow/example_dags/example_xcom.py for tasks to queue
[2024-04-16T13:15:26.995+0000] {logging_mixin.py:120} INFO - [2024-04-16T13:15:26.994+0000] {dagbag.py:537} INFO - Filling up the DagBag from /home/airflow/.local/lib/python3.7/site-packages/airflow/example_dags/example_xcom.py
[2024-04-16T13:15:27.028+0000] {processor.py:766} INFO - DAG(s) dict_keys(['example_xcom']) retrieved from /home/airflow/.local/lib/python3.7/site-packages/airflow/example_dags/example_xcom.py
[2024-04-16T13:15:27.088+0000] {logging_mixin.py:120} INFO - [2024-04-16T13:15:27.088+0000] {dag.py:2585} INFO - Sync 1 DAGs
[2024-04-16T13:15:27.128+0000] {logging_mixin.py:120} INFO - [2024-04-16T13:15:27.128+0000] {dag.py:3340} INFO - Setting next_dagrun for example_xcom to 2021-01-01T00:00:00+00:00, run_after=2021-01-01T00:00:00+00:00
[2024-04-16T13:15:27.158+0000] {processor.py:176} INFO - Processing /home/airflow/.local/lib/python3.7/site-packages/airflow/example_dags/example_xcom.py took 0.173 seconds
[2024-04-16T13:15:57.280+0000] {processor.py:154} INFO - Started process (PID=2381) to work on /home/airflow/.local/lib/python3.7/site-packages/airflow/example_dags/example_xcom.py
[2024-04-16T13:15:57.282+0000] {processor.py:756} INFO - Processing file /home/airflow/.local/lib/python3.7/site-packages/airflow/example_dags/example_xcom.py for tasks to queue
[2024-04-16T13:15:57.284+0000] {logging_mixin.py:120} INFO - [2024-04-16T13:15:57.284+0000] {dagbag.py:537} INFO - Filling up the DagBag from /home/airflow/.local/lib/python3.7/site-packages/airflow/example_dags/example_xcom.py
[2024-04-16T13:15:57.320+0000] {processor.py:766} INFO - DAG(s) dict_keys(['example_xcom']) retrieved from /home/airflow/.local/lib/python3.7/site-packages/airflow/example_dags/example_xcom.py
[2024-04-16T13:15:57.385+0000] {logging_mixin.py:120} INFO - [2024-04-16T13:15:57.385+0000] {dag.py:2585} INFO - Sync 1 DAGs
[2024-04-16T13:15:57.422+0000] {logging_mixin.py:120} INFO - [2024-04-16T13:15:57.422+0000] {dag.py:3340} INFO - Setting next_dagrun for example_xcom to 2021-01-01T00:00:00+00:00, run_after=2021-01-01T00:00:00+00:00
[2024-04-16T13:15:57.456+0000] {processor.py:176} INFO - Processing /home/airflow/.local/lib/python3.7/site-packages/airflow/example_dags/example_xcom.py took 0.181 seconds
[2024-04-16T13:16:27.506+0000] {processor.py:154} INFO - Started process (PID=2458) to work on /home/airflow/.local/lib/python3.7/site-packages/airflow/example_dags/example_xcom.py
[2024-04-16T13:16:27.508+0000] {processor.py:756} INFO - Processing file /home/airflow/.local/lib/python3.7/site-packages/airflow/example_dags/example_xcom.py for tasks to queue
[2024-04-16T13:16:27.510+0000] {logging_mixin.py:120} INFO - [2024-04-16T13:16:27.509+0000] {dagbag.py:537} INFO - Filling up the DagBag from /home/airflow/.local/lib/python3.7/site-packages/airflow/example_dags/example_xcom.py
[2024-04-16T13:16:27.546+0000] {processor.py:766} INFO - DAG(s) dict_keys(['example_xcom']) retrieved from /home/airflow/.local/lib/python3.7/site-packages/airflow/example_dags/example_xcom.py
[2024-04-16T13:16:27.652+0000] {logging_mixin.py:120} INFO - [2024-04-16T13:16:27.652+0000] {dag.py:2585} INFO - Sync 1 DAGs
[2024-04-16T13:16:27.705+0000] {logging_mixin.py:120} INFO - [2024-04-16T13:16:27.705+0000] {dag.py:3340} INFO - Setting next_dagrun for example_xcom to 2021-01-01T00:00:00+00:00, run_after=2021-01-01T00:00:00+00:00
[2024-04-16T13:16:27.739+0000] {processor.py:176} INFO - Processing /home/airflow/.local/lib/python3.7/site-packages/airflow/example_dags/example_xcom.py took 0.238 seconds
[2024-04-16T13:16:58.037+0000] {processor.py:154} INFO - Started process (PID=2526) to work on /home/airflow/.local/lib/python3.7/site-packages/airflow/example_dags/example_xcom.py
[2024-04-16T13:16:58.040+0000] {processor.py:756} INFO - Processing file /home/airflow/.local/lib/python3.7/site-packages/airflow/example_dags/example_xcom.py for tasks to queue
[2024-04-16T13:16:58.044+0000] {logging_mixin.py:120} INFO - [2024-04-16T13:16:58.043+0000] {dagbag.py:537} INFO - Filling up the DagBag from /home/airflow/.local/lib/python3.7/site-packages/airflow/example_dags/example_xcom.py
[2024-04-16T13:16:58.081+0000] {processor.py:766} INFO - DAG(s) dict_keys(['example_xcom']) retrieved from /home/airflow/.local/lib/python3.7/site-packages/airflow/example_dags/example_xcom.py
[2024-04-16T13:16:58.145+0000] {logging_mixin.py:120} INFO - [2024-04-16T13:16:58.145+0000] {dag.py:2585} INFO - Sync 1 DAGs
[2024-04-16T13:16:58.184+0000] {logging_mixin.py:120} INFO - [2024-04-16T13:16:58.184+0000] {dag.py:3340} INFO - Setting next_dagrun for example_xcom to 2021-01-01T00:00:00+00:00, run_after=2021-01-01T00:00:00+00:00
[2024-04-16T13:16:58.219+0000] {processor.py:176} INFO - Processing /home/airflow/.local/lib/python3.7/site-packages/airflow/example_dags/example_xcom.py took 0.196 seconds
[2024-04-16T13:17:28.371+0000] {processor.py:154} INFO - Started process (PID=2603) to work on /home/airflow/.local/lib/python3.7/site-packages/airflow/example_dags/example_xcom.py
[2024-04-16T13:17:28.373+0000] {processor.py:756} INFO - Processing file /home/airflow/.local/lib/python3.7/site-packages/airflow/example_dags/example_xcom.py for tasks to queue
[2024-04-16T13:17:28.375+0000] {logging_mixin.py:120} INFO - [2024-04-16T13:17:28.375+0000] {dagbag.py:537} INFO - Filling up the DagBag from /home/airflow/.local/lib/python3.7/site-packages/airflow/example_dags/example_xcom.py
[2024-04-16T13:17:28.411+0000] {processor.py:766} INFO - DAG(s) dict_keys(['example_xcom']) retrieved from /home/airflow/.local/lib/python3.7/site-packages/airflow/example_dags/example_xcom.py
[2024-04-16T13:17:28.477+0000] {logging_mixin.py:120} INFO - [2024-04-16T13:17:28.477+0000] {dag.py:2585} INFO - Sync 1 DAGs
[2024-04-16T13:17:28.514+0000] {logging_mixin.py:120} INFO - [2024-04-16T13:17:28.514+0000] {dag.py:3340} INFO - Setting next_dagrun for example_xcom to 2021-01-01T00:00:00+00:00, run_after=2021-01-01T00:00:00+00:00
[2024-04-16T13:17:28.546+0000] {processor.py:176} INFO - Processing /home/airflow/.local/lib/python3.7/site-packages/airflow/example_dags/example_xcom.py took 0.182 seconds
[2024-04-16T13:17:59.023+0000] {processor.py:154} INFO - Started process (PID=2672) to work on /home/airflow/.local/lib/python3.7/site-packages/airflow/example_dags/example_xcom.py
[2024-04-16T13:17:59.028+0000] {processor.py:756} INFO - Processing file /home/airflow/.local/lib/python3.7/site-packages/airflow/example_dags/example_xcom.py for tasks to queue
[2024-04-16T13:17:59.033+0000] {logging_mixin.py:120} INFO - [2024-04-16T13:17:59.032+0000] {dagbag.py:537} INFO - Filling up the DagBag from /home/airflow/.local/lib/python3.7/site-packages/airflow/example_dags/example_xcom.py
[2024-04-16T13:17:59.077+0000] {processor.py:766} INFO - DAG(s) dict_keys(['example_xcom']) retrieved from /home/airflow/.local/lib/python3.7/site-packages/airflow/example_dags/example_xcom.py
[2024-04-16T13:17:59.182+0000] {logging_mixin.py:120} INFO - [2024-04-16T13:17:59.182+0000] {dag.py:2585} INFO - Sync 1 DAGs
[2024-04-16T13:17:59.250+0000] {logging_mixin.py:120} INFO - [2024-04-16T13:17:59.250+0000] {dag.py:3340} INFO - Setting next_dagrun for example_xcom to 2021-01-01T00:00:00+00:00, run_after=2021-01-01T00:00:00+00:00
[2024-04-16T13:17:59.285+0000] {processor.py:176} INFO - Processing /home/airflow/.local/lib/python3.7/site-packages/airflow/example_dags/example_xcom.py took 0.274 seconds
[2024-04-16T13:18:29.740+0000] {processor.py:154} INFO - Started process (PID=2750) to work on /home/airflow/.local/lib/python3.7/site-packages/airflow/example_dags/example_xcom.py
[2024-04-16T13:18:29.742+0000] {processor.py:756} INFO - Processing file /home/airflow/.local/lib/python3.7/site-packages/airflow/example_dags/example_xcom.py for tasks to queue
[2024-04-16T13:18:29.744+0000] {logging_mixin.py:120} INFO - [2024-04-16T13:18:29.744+0000] {dagbag.py:537} INFO - Filling up the DagBag from /home/airflow/.local/lib/python3.7/site-packages/airflow/example_dags/example_xcom.py
[2024-04-16T13:18:29.781+0000] {processor.py:766} INFO - DAG(s) dict_keys(['example_xcom']) retrieved from /home/airflow/.local/lib/python3.7/site-packages/airflow/example_dags/example_xcom.py
[2024-04-16T13:18:29.846+0000] {logging_mixin.py:120} INFO - [2024-04-16T13:18:29.846+0000] {dag.py:2585} INFO - Sync 1 DAGs
[2024-04-16T13:18:29.902+0000] {logging_mixin.py:120} INFO - [2024-04-16T13:18:29.902+0000] {dag.py:3340} INFO - Setting next_dagrun for example_xcom to 2021-01-01T00:00:00+00:00, run_after=2021-01-01T00:00:00+00:00
[2024-04-16T13:18:29.942+0000] {processor.py:176} INFO - Processing /home/airflow/.local/lib/python3.7/site-packages/airflow/example_dags/example_xcom.py took 0.211 seconds
[2024-04-16T13:19:00.367+0000] {processor.py:154} INFO - Started process (PID=2829) to work on /home/airflow/.local/lib/python3.7/site-packages/airflow/example_dags/example_xcom.py
[2024-04-16T13:19:00.369+0000] {processor.py:756} INFO - Processing file /home/airflow/.local/lib/python3.7/site-packages/airflow/example_dags/example_xcom.py for tasks to queue
[2024-04-16T13:19:00.370+0000] {logging_mixin.py:120} INFO - [2024-04-16T13:19:00.370+0000] {dagbag.py:537} INFO - Filling up the DagBag from /home/airflow/.local/lib/python3.7/site-packages/airflow/example_dags/example_xcom.py
[2024-04-16T13:19:00.413+0000] {processor.py:766} INFO - DAG(s) dict_keys(['example_xcom']) retrieved from /home/airflow/.local/lib/python3.7/site-packages/airflow/example_dags/example_xcom.py
[2024-04-16T13:19:00.486+0000] {logging_mixin.py:120} INFO - [2024-04-16T13:19:00.486+0000] {dag.py:2585} INFO - Sync 1 DAGs
[2024-04-16T13:19:00.530+0000] {logging_mixin.py:120} INFO - [2024-04-16T13:19:00.530+0000] {dag.py:3340} INFO - Setting next_dagrun for example_xcom to 2021-01-01T00:00:00+00:00, run_after=2021-01-01T00:00:00+00:00
[2024-04-16T13:19:00.578+0000] {processor.py:176} INFO - Processing /home/airflow/.local/lib/python3.7/site-packages/airflow/example_dags/example_xcom.py took 0.217 seconds
[2024-04-16T13:19:31.261+0000] {processor.py:154} INFO - Started process (PID=2897) to work on /home/airflow/.local/lib/python3.7/site-packages/airflow/example_dags/example_xcom.py
[2024-04-16T13:19:31.265+0000] {processor.py:756} INFO - Processing file /home/airflow/.local/lib/python3.7/site-packages/airflow/example_dags/example_xcom.py for tasks to queue
[2024-04-16T13:19:31.267+0000] {logging_mixin.py:120} INFO - [2024-04-16T13:19:31.267+0000] {dagbag.py:537} INFO - Filling up the DagBag from /home/airflow/.local/lib/python3.7/site-packages/airflow/example_dags/example_xcom.py
[2024-04-16T13:19:31.309+0000] {processor.py:766} INFO - DAG(s) dict_keys(['example_xcom']) retrieved from /home/airflow/.local/lib/python3.7/site-packages/airflow/example_dags/example_xcom.py
[2024-04-16T13:19:31.391+0000] {logging_mixin.py:120} INFO - [2024-04-16T13:19:31.391+0000] {dag.py:2585} INFO - Sync 1 DAGs
[2024-04-16T13:19:31.444+0000] {logging_mixin.py:120} INFO - [2024-04-16T13:19:31.443+0000] {dag.py:3340} INFO - Setting next_dagrun for example_xcom to 2021-01-01T00:00:00+00:00, run_after=2021-01-01T00:00:00+00:00
[2024-04-16T13:19:31.479+0000] {processor.py:176} INFO - Processing /home/airflow/.local/lib/python3.7/site-packages/airflow/example_dags/example_xcom.py took 0.227 seconds
[2024-04-16T13:20:01.981+0000] {processor.py:154} INFO - Started process (PID=2974) to work on /home/airflow/.local/lib/python3.7/site-packages/airflow/example_dags/example_xcom.py
[2024-04-16T13:20:01.990+0000] {processor.py:756} INFO - Processing file /home/airflow/.local/lib/python3.7/site-packages/airflow/example_dags/example_xcom.py for tasks to queue
[2024-04-16T13:20:01.996+0000] {logging_mixin.py:120} INFO - [2024-04-16T13:20:01.995+0000] {dagbag.py:537} INFO - Filling up the DagBag from /home/airflow/.local/lib/python3.7/site-packages/airflow/example_dags/example_xcom.py
[2024-04-16T13:20:02.110+0000] {processor.py:766} INFO - DAG(s) dict_keys(['example_xcom']) retrieved from /home/airflow/.local/lib/python3.7/site-packages/airflow/example_dags/example_xcom.py
[2024-04-16T13:20:02.239+0000] {logging_mixin.py:120} INFO - [2024-04-16T13:20:02.239+0000] {dag.py:2585} INFO - Sync 1 DAGs
[2024-04-16T13:20:02.297+0000] {logging_mixin.py:120} INFO - [2024-04-16T13:20:02.297+0000] {dag.py:3340} INFO - Setting next_dagrun for example_xcom to 2021-01-01T00:00:00+00:00, run_after=2021-01-01T00:00:00+00:00
[2024-04-16T13:20:02.323+0000] {processor.py:176} INFO - Processing /home/airflow/.local/lib/python3.7/site-packages/airflow/example_dags/example_xcom.py took 0.391 seconds
[2024-04-16T13:20:32.744+0000] {processor.py:154} INFO - Started process (PID=3044) to work on /home/airflow/.local/lib/python3.7/site-packages/airflow/example_dags/example_xcom.py
[2024-04-16T13:20:32.747+0000] {processor.py:756} INFO - Processing file /home/airflow/.local/lib/python3.7/site-packages/airflow/example_dags/example_xcom.py for tasks to queue
[2024-04-16T13:20:32.749+0000] {logging_mixin.py:120} INFO - [2024-04-16T13:20:32.748+0000] {dagbag.py:537} INFO - Filling up the DagBag from /home/airflow/.local/lib/python3.7/site-packages/airflow/example_dags/example_xcom.py
[2024-04-16T13:20:32.797+0000] {processor.py:766} INFO - DAG(s) dict_keys(['example_xcom']) retrieved from /home/airflow/.local/lib/python3.7/site-packages/airflow/example_dags/example_xcom.py
[2024-04-16T13:20:32.883+0000] {logging_mixin.py:120} INFO - [2024-04-16T13:20:32.883+0000] {dag.py:2585} INFO - Sync 1 DAGs
[2024-04-16T13:20:32.933+0000] {logging_mixin.py:120} INFO - [2024-04-16T13:20:32.933+0000] {dag.py:3340} INFO - Setting next_dagrun for example_xcom to 2021-01-01T00:00:00+00:00, run_after=2021-01-01T00:00:00+00:00
[2024-04-16T13:20:32.965+0000] {processor.py:176} INFO - Processing /home/airflow/.local/lib/python3.7/site-packages/airflow/example_dags/example_xcom.py took 0.231 seconds
[2024-04-16T13:21:03.588+0000] {processor.py:154} INFO - Started process (PID=3122) to work on /home/airflow/.local/lib/python3.7/site-packages/airflow/example_dags/example_xcom.py
[2024-04-16T13:21:03.595+0000] {processor.py:756} INFO - Processing file /home/airflow/.local/lib/python3.7/site-packages/airflow/example_dags/example_xcom.py for tasks to queue
[2024-04-16T13:21:03.600+0000] {logging_mixin.py:120} INFO - [2024-04-16T13:21:03.600+0000] {dagbag.py:537} INFO - Filling up the DagBag from /home/airflow/.local/lib/python3.7/site-packages/airflow/example_dags/example_xcom.py
[2024-04-16T13:21:03.642+0000] {processor.py:766} INFO - DAG(s) dict_keys(['example_xcom']) retrieved from /home/airflow/.local/lib/python3.7/site-packages/airflow/example_dags/example_xcom.py
[2024-04-16T13:21:03.716+0000] {logging_mixin.py:120} INFO - [2024-04-16T13:21:03.716+0000] {dag.py:2585} INFO - Sync 1 DAGs
[2024-04-16T13:21:03.766+0000] {logging_mixin.py:120} INFO - [2024-04-16T13:21:03.766+0000] {dag.py:3340} INFO - Setting next_dagrun for example_xcom to 2021-01-01T00:00:00+00:00, run_after=2021-01-01T00:00:00+00:00
[2024-04-16T13:21:03.800+0000] {processor.py:176} INFO - Processing /home/airflow/.local/lib/python3.7/site-packages/airflow/example_dags/example_xcom.py took 0.223 seconds
[2024-04-16T13:21:34.034+0000] {processor.py:154} INFO - Started process (PID=3192) to work on /home/airflow/.local/lib/python3.7/site-packages/airflow/example_dags/example_xcom.py
[2024-04-16T13:21:34.036+0000] {processor.py:756} INFO - Processing file /home/airflow/.local/lib/python3.7/site-packages/airflow/example_dags/example_xcom.py for tasks to queue
[2024-04-16T13:21:34.039+0000] {logging_mixin.py:120} INFO - [2024-04-16T13:21:34.039+0000] {dagbag.py:537} INFO - Filling up the DagBag from /home/airflow/.local/lib/python3.7/site-packages/airflow/example_dags/example_xcom.py
[2024-04-16T13:21:34.085+0000] {processor.py:766} INFO - DAG(s) dict_keys(['example_xcom']) retrieved from /home/airflow/.local/lib/python3.7/site-packages/airflow/example_dags/example_xcom.py
[2024-04-16T13:21:34.158+0000] {logging_mixin.py:120} INFO - [2024-04-16T13:21:34.158+0000] {dag.py:2585} INFO - Sync 1 DAGs
[2024-04-16T13:21:34.213+0000] {logging_mixin.py:120} INFO - [2024-04-16T13:21:34.212+0000] {dag.py:3340} INFO - Setting next_dagrun for example_xcom to 2021-01-01T00:00:00+00:00, run_after=2021-01-01T00:00:00+00:00
[2024-04-16T13:21:34.282+0000] {processor.py:176} INFO - Processing /home/airflow/.local/lib/python3.7/site-packages/airflow/example_dags/example_xcom.py took 0.253 seconds
[2024-04-16T13:22:04.533+0000] {processor.py:154} INFO - Started process (PID=3260) to work on /home/airflow/.local/lib/python3.7/site-packages/airflow/example_dags/example_xcom.py
[2024-04-16T13:22:04.535+0000] {processor.py:756} INFO - Processing file /home/airflow/.local/lib/python3.7/site-packages/airflow/example_dags/example_xcom.py for tasks to queue
[2024-04-16T13:22:04.536+0000] {logging_mixin.py:120} INFO - [2024-04-16T13:22:04.536+0000] {dagbag.py:537} INFO - Filling up the DagBag from /home/airflow/.local/lib/python3.7/site-packages/airflow/example_dags/example_xcom.py
[2024-04-16T13:22:04.576+0000] {processor.py:766} INFO - DAG(s) dict_keys(['example_xcom']) retrieved from /home/airflow/.local/lib/python3.7/site-packages/airflow/example_dags/example_xcom.py
[2024-04-16T13:22:04.646+0000] {logging_mixin.py:120} INFO - [2024-04-16T13:22:04.646+0000] {dag.py:2585} INFO - Sync 1 DAGs
[2024-04-16T13:22:04.699+0000] {logging_mixin.py:120} INFO - [2024-04-16T13:22:04.699+0000] {dag.py:3340} INFO - Setting next_dagrun for example_xcom to 2021-01-01T00:00:00+00:00, run_after=2021-01-01T00:00:00+00:00
[2024-04-16T13:22:04.742+0000] {processor.py:176} INFO - Processing /home/airflow/.local/lib/python3.7/site-packages/airflow/example_dags/example_xcom.py took 0.214 seconds
[2024-04-16T13:22:35.168+0000] {processor.py:154} INFO - Started process (PID=3339) to work on /home/airflow/.local/lib/python3.7/site-packages/airflow/example_dags/example_xcom.py
[2024-04-16T13:22:35.171+0000] {processor.py:756} INFO - Processing file /home/airflow/.local/lib/python3.7/site-packages/airflow/example_dags/example_xcom.py for tasks to queue
[2024-04-16T13:22:35.173+0000] {logging_mixin.py:120} INFO - [2024-04-16T13:22:35.173+0000] {dagbag.py:537} INFO - Filling up the DagBag from /home/airflow/.local/lib/python3.7/site-packages/airflow/example_dags/example_xcom.py
[2024-04-16T13:22:35.215+0000] {processor.py:766} INFO - DAG(s) dict_keys(['example_xcom']) retrieved from /home/airflow/.local/lib/python3.7/site-packages/airflow/example_dags/example_xcom.py
[2024-04-16T13:22:35.282+0000] {logging_mixin.py:120} INFO - [2024-04-16T13:22:35.282+0000] {dag.py:2585} INFO - Sync 1 DAGs
[2024-04-16T13:22:35.324+0000] {logging_mixin.py:120} INFO - [2024-04-16T13:22:35.324+0000] {dag.py:3340} INFO - Setting next_dagrun for example_xcom to 2021-01-01T00:00:00+00:00, run_after=2021-01-01T00:00:00+00:00
[2024-04-16T13:22:35.434+0000] {processor.py:176} INFO - Processing /home/airflow/.local/lib/python3.7/site-packages/airflow/example_dags/example_xcom.py took 0.272 seconds
[2024-04-16T13:23:06.167+0000] {processor.py:154} INFO - Started process (PID=3408) to work on /home/airflow/.local/lib/python3.7/site-packages/airflow/example_dags/example_xcom.py
[2024-04-16T13:23:06.168+0000] {processor.py:756} INFO - Processing file /home/airflow/.local/lib/python3.7/site-packages/airflow/example_dags/example_xcom.py for tasks to queue
[2024-04-16T13:23:06.171+0000] {logging_mixin.py:120} INFO - [2024-04-16T13:23:06.171+0000] {dagbag.py:537} INFO - Filling up the DagBag from /home/airflow/.local/lib/python3.7/site-packages/airflow/example_dags/example_xcom.py
[2024-04-16T13:23:06.218+0000] {processor.py:766} INFO - DAG(s) dict_keys(['example_xcom']) retrieved from /home/airflow/.local/lib/python3.7/site-packages/airflow/example_dags/example_xcom.py
[2024-04-16T13:23:06.286+0000] {logging_mixin.py:120} INFO - [2024-04-16T13:23:06.286+0000] {dag.py:2585} INFO - Sync 1 DAGs
[2024-04-16T13:23:06.331+0000] {logging_mixin.py:120} INFO - [2024-04-16T13:23:06.331+0000] {dag.py:3340} INFO - Setting next_dagrun for example_xcom to 2021-01-01T00:00:00+00:00, run_after=2021-01-01T00:00:00+00:00
[2024-04-16T13:23:06.366+0000] {processor.py:176} INFO - Processing /home/airflow/.local/lib/python3.7/site-packages/airflow/example_dags/example_xcom.py took 0.207 seconds
[2024-04-16T13:23:38.031+0000] {processor.py:154} INFO - Started process (PID=3486) to work on /home/airflow/.local/lib/python3.7/site-packages/airflow/example_dags/example_xcom.py
[2024-04-16T13:23:38.033+0000] {processor.py:756} INFO - Processing file /home/airflow/.local/lib/python3.7/site-packages/airflow/example_dags/example_xcom.py for tasks to queue
[2024-04-16T13:23:38.035+0000] {logging_mixin.py:120} INFO - [2024-04-16T13:23:38.035+0000] {dagbag.py:537} INFO - Filling up the DagBag from /home/airflow/.local/lib/python3.7/site-packages/airflow/example_dags/example_xcom.py
[2024-04-16T13:23:38.084+0000] {processor.py:766} INFO - DAG(s) dict_keys(['example_xcom']) retrieved from /home/airflow/.local/lib/python3.7/site-packages/airflow/example_dags/example_xcom.py
[2024-04-16T13:23:38.157+0000] {logging_mixin.py:120} INFO - [2024-04-16T13:23:38.156+0000] {dag.py:2585} INFO - Sync 1 DAGs
[2024-04-16T13:23:38.205+0000] {logging_mixin.py:120} INFO - [2024-04-16T13:23:38.205+0000] {dag.py:3340} INFO - Setting next_dagrun for example_xcom to 2021-01-01T00:00:00+00:00, run_after=2021-01-01T00:00:00+00:00
[2024-04-16T13:23:38.248+0000] {processor.py:176} INFO - Processing /home/airflow/.local/lib/python3.7/site-packages/airflow/example_dags/example_xcom.py took 0.223 seconds
[2024-04-16T13:24:08.964+0000] {processor.py:154} INFO - Started process (PID=3555) to work on /home/airflow/.local/lib/python3.7/site-packages/airflow/example_dags/example_xcom.py
[2024-04-16T13:24:08.966+0000] {processor.py:756} INFO - Processing file /home/airflow/.local/lib/python3.7/site-packages/airflow/example_dags/example_xcom.py for tasks to queue
[2024-04-16T13:24:08.968+0000] {logging_mixin.py:120} INFO - [2024-04-16T13:24:08.968+0000] {dagbag.py:537} INFO - Filling up the DagBag from /home/airflow/.local/lib/python3.7/site-packages/airflow/example_dags/example_xcom.py
[2024-04-16T13:24:09.007+0000] {processor.py:766} INFO - DAG(s) dict_keys(['example_xcom']) retrieved from /home/airflow/.local/lib/python3.7/site-packages/airflow/example_dags/example_xcom.py
[2024-04-16T13:24:09.078+0000] {logging_mixin.py:120} INFO - [2024-04-16T13:24:09.078+0000] {dag.py:2585} INFO - Sync 1 DAGs
[2024-04-16T13:24:09.123+0000] {logging_mixin.py:120} INFO - [2024-04-16T13:24:09.122+0000] {dag.py:3340} INFO - Setting next_dagrun for example_xcom to 2021-01-01T00:00:00+00:00, run_after=2021-01-01T00:00:00+00:00
[2024-04-16T13:24:09.159+0000] {processor.py:176} INFO - Processing /home/airflow/.local/lib/python3.7/site-packages/airflow/example_dags/example_xcom.py took 0.201 seconds
[2024-04-16T13:24:39.482+0000] {processor.py:154} INFO - Started process (PID=3629) to work on /home/airflow/.local/lib/python3.7/site-packages/airflow/example_dags/example_xcom.py
[2024-04-16T13:24:39.485+0000] {processor.py:756} INFO - Processing file /home/airflow/.local/lib/python3.7/site-packages/airflow/example_dags/example_xcom.py for tasks to queue
[2024-04-16T13:24:39.487+0000] {logging_mixin.py:120} INFO - [2024-04-16T13:24:39.487+0000] {dagbag.py:537} INFO - Filling up the DagBag from /home/airflow/.local/lib/python3.7/site-packages/airflow/example_dags/example_xcom.py
[2024-04-16T13:24:39.548+0000] {processor.py:766} INFO - DAG(s) dict_keys(['example_xcom']) retrieved from /home/airflow/.local/lib/python3.7/site-packages/airflow/example_dags/example_xcom.py
[2024-04-16T13:24:39.638+0000] {logging_mixin.py:120} INFO - [2024-04-16T13:24:39.638+0000] {dag.py:2585} INFO - Sync 1 DAGs
[2024-04-16T13:24:39.719+0000] {logging_mixin.py:120} INFO - [2024-04-16T13:24:39.719+0000] {dag.py:3340} INFO - Setting next_dagrun for example_xcom to 2021-01-01T00:00:00+00:00, run_after=2021-01-01T00:00:00+00:00
[2024-04-16T13:24:39.752+0000] {processor.py:176} INFO - Processing /home/airflow/.local/lib/python3.7/site-packages/airflow/example_dags/example_xcom.py took 0.279 seconds
[2024-04-16T13:25:10.284+0000] {processor.py:154} INFO - Started process (PID=3697) to work on /home/airflow/.local/lib/python3.7/site-packages/airflow/example_dags/example_xcom.py
[2024-04-16T13:25:10.287+0000] {processor.py:756} INFO - Processing file /home/airflow/.local/lib/python3.7/site-packages/airflow/example_dags/example_xcom.py for tasks to queue
[2024-04-16T13:25:10.289+0000] {logging_mixin.py:120} INFO - [2024-04-16T13:25:10.289+0000] {dagbag.py:537} INFO - Filling up the DagBag from /home/airflow/.local/lib/python3.7/site-packages/airflow/example_dags/example_xcom.py
[2024-04-16T13:25:10.325+0000] {processor.py:766} INFO - DAG(s) dict_keys(['example_xcom']) retrieved from /home/airflow/.local/lib/python3.7/site-packages/airflow/example_dags/example_xcom.py
[2024-04-16T13:25:10.390+0000] {logging_mixin.py:120} INFO - [2024-04-16T13:25:10.390+0000] {dag.py:2585} INFO - Sync 1 DAGs
[2024-04-16T13:25:10.436+0000] {logging_mixin.py:120} INFO - [2024-04-16T13:25:10.436+0000] {dag.py:3340} INFO - Setting next_dagrun for example_xcom to 2021-01-01T00:00:00+00:00, run_after=2021-01-01T00:00:00+00:00
[2024-04-16T13:25:10.469+0000] {processor.py:176} INFO - Processing /home/airflow/.local/lib/python3.7/site-packages/airflow/example_dags/example_xcom.py took 0.192 seconds
[2024-04-16T13:25:40.986+0000] {processor.py:154} INFO - Started process (PID=3776) to work on /home/airflow/.local/lib/python3.7/site-packages/airflow/example_dags/example_xcom.py
[2024-04-16T13:25:40.988+0000] {processor.py:756} INFO - Processing file /home/airflow/.local/lib/python3.7/site-packages/airflow/example_dags/example_xcom.py for tasks to queue
[2024-04-16T13:25:40.990+0000] {logging_mixin.py:120} INFO - [2024-04-16T13:25:40.990+0000] {dagbag.py:537} INFO - Filling up the DagBag from /home/airflow/.local/lib/python3.7/site-packages/airflow/example_dags/example_xcom.py
[2024-04-16T13:25:41.028+0000] {processor.py:766} INFO - DAG(s) dict_keys(['example_xcom']) retrieved from /home/airflow/.local/lib/python3.7/site-packages/airflow/example_dags/example_xcom.py
[2024-04-16T13:25:41.099+0000] {logging_mixin.py:120} INFO - [2024-04-16T13:25:41.099+0000] {dag.py:2585} INFO - Sync 1 DAGs
[2024-04-16T13:25:41.138+0000] {logging_mixin.py:120} INFO - [2024-04-16T13:25:41.138+0000] {dag.py:3340} INFO - Setting next_dagrun for example_xcom to 2021-01-01T00:00:00+00:00, run_after=2021-01-01T00:00:00+00:00
[2024-04-16T13:25:41.169+0000] {processor.py:176} INFO - Processing /home/airflow/.local/lib/python3.7/site-packages/airflow/example_dags/example_xcom.py took 0.189 seconds
[2024-04-16T13:26:11.248+0000] {processor.py:154} INFO - Started process (PID=3845) to work on /home/airflow/.local/lib/python3.7/site-packages/airflow/example_dags/example_xcom.py
[2024-04-16T13:26:11.250+0000] {processor.py:756} INFO - Processing file /home/airflow/.local/lib/python3.7/site-packages/airflow/example_dags/example_xcom.py for tasks to queue
[2024-04-16T13:26:11.252+0000] {logging_mixin.py:120} INFO - [2024-04-16T13:26:11.252+0000] {dagbag.py:537} INFO - Filling up the DagBag from /home/airflow/.local/lib/python3.7/site-packages/airflow/example_dags/example_xcom.py
[2024-04-16T13:26:11.288+0000] {processor.py:766} INFO - DAG(s) dict_keys(['example_xcom']) retrieved from /home/airflow/.local/lib/python3.7/site-packages/airflow/example_dags/example_xcom.py
[2024-04-16T13:26:11.360+0000] {logging_mixin.py:120} INFO - [2024-04-16T13:26:11.359+0000] {dag.py:2585} INFO - Sync 1 DAGs
[2024-04-16T13:26:11.400+0000] {logging_mixin.py:120} INFO - [2024-04-16T13:26:11.400+0000] {dag.py:3340} INFO - Setting next_dagrun for example_xcom to 2021-01-01T00:00:00+00:00, run_after=2021-01-01T00:00:00+00:00
[2024-04-16T13:26:11.431+0000] {processor.py:176} INFO - Processing /home/airflow/.local/lib/python3.7/site-packages/airflow/example_dags/example_xcom.py took 0.189 seconds
[2024-04-16T13:26:42.267+0000] {processor.py:154} INFO - Started process (PID=3923) to work on /home/airflow/.local/lib/python3.7/site-packages/airflow/example_dags/example_xcom.py
[2024-04-16T13:26:42.270+0000] {processor.py:756} INFO - Processing file /home/airflow/.local/lib/python3.7/site-packages/airflow/example_dags/example_xcom.py for tasks to queue
[2024-04-16T13:26:42.273+0000] {logging_mixin.py:120} INFO - [2024-04-16T13:26:42.273+0000] {dagbag.py:537} INFO - Filling up the DagBag from /home/airflow/.local/lib/python3.7/site-packages/airflow/example_dags/example_xcom.py
[2024-04-16T13:26:42.311+0000] {processor.py:766} INFO - DAG(s) dict_keys(['example_xcom']) retrieved from /home/airflow/.local/lib/python3.7/site-packages/airflow/example_dags/example_xcom.py
[2024-04-16T13:26:42.378+0000] {logging_mixin.py:120} INFO - [2024-04-16T13:26:42.378+0000] {dag.py:2585} INFO - Sync 1 DAGs
[2024-04-16T13:26:42.412+0000] {logging_mixin.py:120} INFO - [2024-04-16T13:26:42.412+0000] {dag.py:3340} INFO - Setting next_dagrun for example_xcom to 2021-01-01T00:00:00+00:00, run_after=2021-01-01T00:00:00+00:00
[2024-04-16T13:26:42.442+0000] {processor.py:176} INFO - Processing /home/airflow/.local/lib/python3.7/site-packages/airflow/example_dags/example_xcom.py took 0.184 seconds
[2024-04-16T13:27:13.319+0000] {processor.py:154} INFO - Started process (PID=3992) to work on /home/airflow/.local/lib/python3.7/site-packages/airflow/example_dags/example_xcom.py
[2024-04-16T13:27:13.321+0000] {processor.py:756} INFO - Processing file /home/airflow/.local/lib/python3.7/site-packages/airflow/example_dags/example_xcom.py for tasks to queue
[2024-04-16T13:27:13.323+0000] {logging_mixin.py:120} INFO - [2024-04-16T13:27:13.322+0000] {dagbag.py:537} INFO - Filling up the DagBag from /home/airflow/.local/lib/python3.7/site-packages/airflow/example_dags/example_xcom.py
[2024-04-16T13:27:13.355+0000] {processor.py:766} INFO - DAG(s) dict_keys(['example_xcom']) retrieved from /home/airflow/.local/lib/python3.7/site-packages/airflow/example_dags/example_xcom.py
[2024-04-16T13:27:13.418+0000] {logging_mixin.py:120} INFO - [2024-04-16T13:27:13.418+0000] {dag.py:2585} INFO - Sync 1 DAGs
[2024-04-16T13:27:13.457+0000] {logging_mixin.py:120} INFO - [2024-04-16T13:27:13.457+0000] {dag.py:3340} INFO - Setting next_dagrun for example_xcom to 2021-01-01T00:00:00+00:00, run_after=2021-01-01T00:00:00+00:00
[2024-04-16T13:27:13.490+0000] {processor.py:176} INFO - Processing /home/airflow/.local/lib/python3.7/site-packages/airflow/example_dags/example_xcom.py took 0.176 seconds
[2024-04-16T13:27:44.061+0000] {processor.py:154} INFO - Started process (PID=4070) to work on /home/airflow/.local/lib/python3.7/site-packages/airflow/example_dags/example_xcom.py
[2024-04-16T13:27:44.063+0000] {processor.py:756} INFO - Processing file /home/airflow/.local/lib/python3.7/site-packages/airflow/example_dags/example_xcom.py for tasks to queue
[2024-04-16T13:27:44.065+0000] {logging_mixin.py:120} INFO - [2024-04-16T13:27:44.065+0000] {dagbag.py:537} INFO - Filling up the DagBag from /home/airflow/.local/lib/python3.7/site-packages/airflow/example_dags/example_xcom.py
[2024-04-16T13:27:44.100+0000] {processor.py:766} INFO - DAG(s) dict_keys(['example_xcom']) retrieved from /home/airflow/.local/lib/python3.7/site-packages/airflow/example_dags/example_xcom.py
[2024-04-16T13:27:44.174+0000] {logging_mixin.py:120} INFO - [2024-04-16T13:27:44.174+0000] {dag.py:2585} INFO - Sync 1 DAGs
[2024-04-16T13:27:44.224+0000] {logging_mixin.py:120} INFO - [2024-04-16T13:27:44.224+0000] {dag.py:3340} INFO - Setting next_dagrun for example_xcom to 2021-01-01T00:00:00+00:00, run_after=2021-01-01T00:00:00+00:00
[2024-04-16T13:27:44.259+0000] {processor.py:176} INFO - Processing /home/airflow/.local/lib/python3.7/site-packages/airflow/example_dags/example_xcom.py took 0.204 seconds
[2024-04-16T13:28:14.550+0000] {processor.py:154} INFO - Started process (PID=4139) to work on /home/airflow/.local/lib/python3.7/site-packages/airflow/example_dags/example_xcom.py
[2024-04-16T13:28:14.555+0000] {processor.py:756} INFO - Processing file /home/airflow/.local/lib/python3.7/site-packages/airflow/example_dags/example_xcom.py for tasks to queue
[2024-04-16T13:28:14.558+0000] {logging_mixin.py:120} INFO - [2024-04-16T13:28:14.557+0000] {dagbag.py:537} INFO - Filling up the DagBag from /home/airflow/.local/lib/python3.7/site-packages/airflow/example_dags/example_xcom.py
[2024-04-16T13:28:14.652+0000] {processor.py:766} INFO - DAG(s) dict_keys(['example_xcom']) retrieved from /home/airflow/.local/lib/python3.7/site-packages/airflow/example_dags/example_xcom.py
[2024-04-16T13:28:14.835+0000] {logging_mixin.py:120} INFO - [2024-04-16T13:28:14.835+0000] {dag.py:2585} INFO - Sync 1 DAGs
[2024-04-16T13:28:14.895+0000] {logging_mixin.py:120} INFO - [2024-04-16T13:28:14.895+0000] {dag.py:3340} INFO - Setting next_dagrun for example_xcom to 2021-01-01T00:00:00+00:00, run_after=2021-01-01T00:00:00+00:00
[2024-04-16T13:28:14.950+0000] {processor.py:176} INFO - Processing /home/airflow/.local/lib/python3.7/site-packages/airflow/example_dags/example_xcom.py took 0.407 seconds
[2024-04-16T13:28:45.838+0000] {processor.py:154} INFO - Started process (PID=4218) to work on /home/airflow/.local/lib/python3.7/site-packages/airflow/example_dags/example_xcom.py
[2024-04-16T13:28:45.841+0000] {processor.py:756} INFO - Processing file /home/airflow/.local/lib/python3.7/site-packages/airflow/example_dags/example_xcom.py for tasks to queue
[2024-04-16T13:28:45.844+0000] {logging_mixin.py:120} INFO - [2024-04-16T13:28:45.843+0000] {dagbag.py:537} INFO - Filling up the DagBag from /home/airflow/.local/lib/python3.7/site-packages/airflow/example_dags/example_xcom.py
[2024-04-16T13:28:45.887+0000] {processor.py:766} INFO - DAG(s) dict_keys(['example_xcom']) retrieved from /home/airflow/.local/lib/python3.7/site-packages/airflow/example_dags/example_xcom.py
[2024-04-16T13:28:45.967+0000] {logging_mixin.py:120} INFO - [2024-04-16T13:28:45.967+0000] {dag.py:2585} INFO - Sync 1 DAGs
[2024-04-16T13:28:46.021+0000] {logging_mixin.py:120} INFO - [2024-04-16T13:28:46.021+0000] {dag.py:3340} INFO - Setting next_dagrun for example_xcom to 2021-01-01T00:00:00+00:00, run_after=2021-01-01T00:00:00+00:00
[2024-04-16T13:28:46.055+0000] {processor.py:176} INFO - Processing /home/airflow/.local/lib/python3.7/site-packages/airflow/example_dags/example_xcom.py took 0.224 seconds
[2024-04-16T13:29:16.433+0000] {processor.py:154} INFO - Started process (PID=4288) to work on /home/airflow/.local/lib/python3.7/site-packages/airflow/example_dags/example_xcom.py
[2024-04-16T13:29:16.436+0000] {processor.py:756} INFO - Processing file /home/airflow/.local/lib/python3.7/site-packages/airflow/example_dags/example_xcom.py for tasks to queue
[2024-04-16T13:29:16.437+0000] {logging_mixin.py:120} INFO - [2024-04-16T13:29:16.437+0000] {dagbag.py:537} INFO - Filling up the DagBag from /home/airflow/.local/lib/python3.7/site-packages/airflow/example_dags/example_xcom.py
[2024-04-16T13:29:16.479+0000] {processor.py:766} INFO - DAG(s) dict_keys(['example_xcom']) retrieved from /home/airflow/.local/lib/python3.7/site-packages/airflow/example_dags/example_xcom.py
[2024-04-16T13:29:16.554+0000] {logging_mixin.py:120} INFO - [2024-04-16T13:29:16.553+0000] {dag.py:2585} INFO - Sync 1 DAGs
[2024-04-16T13:29:16.597+0000] {logging_mixin.py:120} INFO - [2024-04-16T13:29:16.596+0000] {dag.py:3340} INFO - Setting next_dagrun for example_xcom to 2021-01-01T00:00:00+00:00, run_after=2021-01-01T00:00:00+00:00
[2024-04-16T13:29:16.629+0000] {processor.py:176} INFO - Processing /home/airflow/.local/lib/python3.7/site-packages/airflow/example_dags/example_xcom.py took 0.201 seconds
[2024-04-16T13:29:46.719+0000] {processor.py:154} INFO - Started process (PID=4368) to work on /home/airflow/.local/lib/python3.7/site-packages/airflow/example_dags/example_xcom.py
[2024-04-16T13:29:46.721+0000] {processor.py:756} INFO - Processing file /home/airflow/.local/lib/python3.7/site-packages/airflow/example_dags/example_xcom.py for tasks to queue
[2024-04-16T13:29:46.723+0000] {logging_mixin.py:120} INFO - [2024-04-16T13:29:46.723+0000] {dagbag.py:537} INFO - Filling up the DagBag from /home/airflow/.local/lib/python3.7/site-packages/airflow/example_dags/example_xcom.py
[2024-04-16T13:29:46.765+0000] {processor.py:766} INFO - DAG(s) dict_keys(['example_xcom']) retrieved from /home/airflow/.local/lib/python3.7/site-packages/airflow/example_dags/example_xcom.py
[2024-04-16T13:29:46.869+0000] {logging_mixin.py:120} INFO - [2024-04-16T13:29:46.869+0000] {dag.py:2585} INFO - Sync 1 DAGs
[2024-04-16T13:29:46.910+0000] {logging_mixin.py:120} INFO - [2024-04-16T13:29:46.910+0000] {dag.py:3340} INFO - Setting next_dagrun for example_xcom to 2021-01-01T00:00:00+00:00, run_after=2021-01-01T00:00:00+00:00
[2024-04-16T13:29:46.936+0000] {processor.py:176} INFO - Processing /home/airflow/.local/lib/python3.7/site-packages/airflow/example_dags/example_xcom.py took 0.223 seconds
[2024-04-16T13:30:17.197+0000] {processor.py:154} INFO - Started process (PID=4444) to work on /home/airflow/.local/lib/python3.7/site-packages/airflow/example_dags/example_xcom.py
[2024-04-16T13:30:17.199+0000] {processor.py:756} INFO - Processing file /home/airflow/.local/lib/python3.7/site-packages/airflow/example_dags/example_xcom.py for tasks to queue
[2024-04-16T13:30:17.201+0000] {logging_mixin.py:120} INFO - [2024-04-16T13:30:17.201+0000] {dagbag.py:537} INFO - Filling up the DagBag from /home/airflow/.local/lib/python3.7/site-packages/airflow/example_dags/example_xcom.py
[2024-04-16T13:30:17.238+0000] {processor.py:766} INFO - DAG(s) dict_keys(['example_xcom']) retrieved from /home/airflow/.local/lib/python3.7/site-packages/airflow/example_dags/example_xcom.py
[2024-04-16T13:30:17.306+0000] {logging_mixin.py:120} INFO - [2024-04-16T13:30:17.306+0000] {dag.py:2585} INFO - Sync 1 DAGs
[2024-04-16T13:30:17.365+0000] {logging_mixin.py:120} INFO - [2024-04-16T13:30:17.364+0000] {dag.py:3340} INFO - Setting next_dagrun for example_xcom to 2021-01-01T00:00:00+00:00, run_after=2021-01-01T00:00:00+00:00
[2024-04-16T13:30:17.403+0000] {processor.py:176} INFO - Processing /home/airflow/.local/lib/python3.7/site-packages/airflow/example_dags/example_xcom.py took 0.211 seconds
[2024-04-16T13:30:48.285+0000] {processor.py:154} INFO - Started process (PID=4515) to work on /home/airflow/.local/lib/python3.7/site-packages/airflow/example_dags/example_xcom.py
[2024-04-16T13:30:48.287+0000] {processor.py:756} INFO - Processing file /home/airflow/.local/lib/python3.7/site-packages/airflow/example_dags/example_xcom.py for tasks to queue
[2024-04-16T13:30:48.288+0000] {logging_mixin.py:120} INFO - [2024-04-16T13:30:48.288+0000] {dagbag.py:537} INFO - Filling up the DagBag from /home/airflow/.local/lib/python3.7/site-packages/airflow/example_dags/example_xcom.py
[2024-04-16T13:30:48.328+0000] {processor.py:766} INFO - DAG(s) dict_keys(['example_xcom']) retrieved from /home/airflow/.local/lib/python3.7/site-packages/airflow/example_dags/example_xcom.py
[2024-04-16T13:30:48.394+0000] {logging_mixin.py:120} INFO - [2024-04-16T13:30:48.393+0000] {dag.py:2585} INFO - Sync 1 DAGs
[2024-04-16T13:30:48.431+0000] {logging_mixin.py:120} INFO - [2024-04-16T13:30:48.431+0000] {dag.py:3340} INFO - Setting next_dagrun for example_xcom to 2021-01-01T00:00:00+00:00, run_after=2021-01-01T00:00:00+00:00
[2024-04-16T13:30:48.460+0000] {processor.py:176} INFO - Processing /home/airflow/.local/lib/python3.7/site-packages/airflow/example_dags/example_xcom.py took 0.182 seconds
