[2024-04-16T10:09:01.594+0000] {processor.py:154} INFO - Started process (PID=23867) to work on /home/airflow/.local/lib/python3.7/site-packages/airflow/example_dags/example_trigger_target_dag.py
[2024-04-16T10:09:01.618+0000] {processor.py:756} INFO - Processing file /home/airflow/.local/lib/python3.7/site-packages/airflow/example_dags/example_trigger_target_dag.py for tasks to queue
[2024-04-16T10:09:01.622+0000] {logging_mixin.py:120} INFO - [2024-04-16T10:09:01.621+0000] {dagbag.py:537} INFO - Filling up the DagBag from /home/airflow/.local/lib/python3.7/site-packages/airflow/example_dags/example_trigger_target_dag.py
[2024-04-16T10:09:01.785+0000] {processor.py:766} INFO - DAG(s) dict_keys(['example_trigger_target_dag']) retrieved from /home/airflow/.local/lib/python3.7/site-packages/airflow/example_dags/example_trigger_target_dag.py
[2024-04-16T10:09:01.998+0000] {logging_mixin.py:120} INFO - [2024-04-16T10:09:01.998+0000] {dag.py:2585} INFO - Sync 1 DAGs
[2024-04-16T10:09:02.125+0000] {logging_mixin.py:120} INFO - [2024-04-16T10:09:02.123+0000] {dag.py:3340} INFO - Setting next_dagrun for example_trigger_target_dag to None, run_after=None
[2024-04-16T10:09:02.213+0000] {processor.py:176} INFO - Processing /home/airflow/.local/lib/python3.7/site-packages/airflow/example_dags/example_trigger_target_dag.py took 0.631 seconds
[2024-04-16T10:23:23.847+0000] {processor.py:154} INFO - Started process (PID=88) to work on /home/airflow/.local/lib/python3.7/site-packages/airflow/example_dags/example_trigger_target_dag.py
[2024-04-16T10:23:23.854+0000] {processor.py:756} INFO - Processing file /home/airflow/.local/lib/python3.7/site-packages/airflow/example_dags/example_trigger_target_dag.py for tasks to queue
[2024-04-16T10:23:23.857+0000] {logging_mixin.py:120} INFO - [2024-04-16T10:23:23.856+0000] {dagbag.py:537} INFO - Filling up the DagBag from /home/airflow/.local/lib/python3.7/site-packages/airflow/example_dags/example_trigger_target_dag.py
[2024-04-16T10:23:23.955+0000] {processor.py:766} INFO - DAG(s) dict_keys(['example_trigger_target_dag']) retrieved from /home/airflow/.local/lib/python3.7/site-packages/airflow/example_dags/example_trigger_target_dag.py
[2024-04-16T10:23:24.105+0000] {logging_mixin.py:120} INFO - [2024-04-16T10:23:24.103+0000] {dag.py:2585} INFO - Sync 1 DAGs
[2024-04-16T10:23:24.217+0000] {logging_mixin.py:120} INFO - [2024-04-16T10:23:24.216+0000] {dag.py:3340} INFO - Setting next_dagrun for example_trigger_target_dag to None, run_after=None
[2024-04-16T10:23:24.282+0000] {processor.py:176} INFO - Processing /home/airflow/.local/lib/python3.7/site-packages/airflow/example_dags/example_trigger_target_dag.py took 0.457 seconds
[2024-04-16T10:24:02.965+0000] {processor.py:154} INFO - Started process (PID=158) to work on /home/airflow/.local/lib/python3.7/site-packages/airflow/example_dags/example_trigger_target_dag.py
[2024-04-16T10:24:02.969+0000] {processor.py:756} INFO - Processing file /home/airflow/.local/lib/python3.7/site-packages/airflow/example_dags/example_trigger_target_dag.py for tasks to queue
[2024-04-16T10:24:02.972+0000] {logging_mixin.py:120} INFO - [2024-04-16T10:24:02.972+0000] {dagbag.py:537} INFO - Filling up the DagBag from /home/airflow/.local/lib/python3.7/site-packages/airflow/example_dags/example_trigger_target_dag.py
[2024-04-16T10:24:03.009+0000] {processor.py:766} INFO - DAG(s) dict_keys(['example_trigger_target_dag']) retrieved from /home/airflow/.local/lib/python3.7/site-packages/airflow/example_dags/example_trigger_target_dag.py
[2024-04-16T10:24:03.087+0000] {logging_mixin.py:120} INFO - [2024-04-16T10:24:03.087+0000] {dag.py:2585} INFO - Sync 1 DAGs
[2024-04-16T10:24:03.127+0000] {logging_mixin.py:120} INFO - [2024-04-16T10:24:03.126+0000] {dag.py:3340} INFO - Setting next_dagrun for example_trigger_target_dag to None, run_after=None
[2024-04-16T10:24:03.160+0000] {processor.py:176} INFO - Processing /home/airflow/.local/lib/python3.7/site-packages/airflow/example_dags/example_trigger_target_dag.py took 0.202 seconds
[2024-04-16T10:24:53.227+0000] {processor.py:154} INFO - Started process (PID=237) to work on /home/airflow/.local/lib/python3.7/site-packages/airflow/example_dags/example_trigger_target_dag.py
[2024-04-16T10:24:53.230+0000] {processor.py:756} INFO - Processing file /home/airflow/.local/lib/python3.7/site-packages/airflow/example_dags/example_trigger_target_dag.py for tasks to queue
[2024-04-16T10:24:53.233+0000] {logging_mixin.py:120} INFO - [2024-04-16T10:24:53.233+0000] {dagbag.py:537} INFO - Filling up the DagBag from /home/airflow/.local/lib/python3.7/site-packages/airflow/example_dags/example_trigger_target_dag.py
[2024-04-16T10:24:53.266+0000] {processor.py:766} INFO - DAG(s) dict_keys(['example_trigger_target_dag']) retrieved from /home/airflow/.local/lib/python3.7/site-packages/airflow/example_dags/example_trigger_target_dag.py
[2024-04-16T10:24:53.347+0000] {logging_mixin.py:120} INFO - [2024-04-16T10:24:53.347+0000] {dag.py:2585} INFO - Sync 1 DAGs
[2024-04-16T10:24:53.393+0000] {logging_mixin.py:120} INFO - [2024-04-16T10:24:53.393+0000] {dag.py:3340} INFO - Setting next_dagrun for example_trigger_target_dag to None, run_after=None
[2024-04-16T10:24:53.442+0000] {processor.py:176} INFO - Processing /home/airflow/.local/lib/python3.7/site-packages/airflow/example_dags/example_trigger_target_dag.py took 0.222 seconds
[2024-04-16T10:25:24.124+0000] {processor.py:154} INFO - Started process (PID=315) to work on /home/airflow/.local/lib/python3.7/site-packages/airflow/example_dags/example_trigger_target_dag.py
[2024-04-16T10:25:24.127+0000] {processor.py:756} INFO - Processing file /home/airflow/.local/lib/python3.7/site-packages/airflow/example_dags/example_trigger_target_dag.py for tasks to queue
[2024-04-16T10:25:24.130+0000] {logging_mixin.py:120} INFO - [2024-04-16T10:25:24.130+0000] {dagbag.py:537} INFO - Filling up the DagBag from /home/airflow/.local/lib/python3.7/site-packages/airflow/example_dags/example_trigger_target_dag.py
[2024-04-16T10:25:24.184+0000] {processor.py:766} INFO - DAG(s) dict_keys(['example_trigger_target_dag']) retrieved from /home/airflow/.local/lib/python3.7/site-packages/airflow/example_dags/example_trigger_target_dag.py
[2024-04-16T10:25:24.283+0000] {logging_mixin.py:120} INFO - [2024-04-16T10:25:24.282+0000] {dag.py:2585} INFO - Sync 1 DAGs
[2024-04-16T10:25:24.344+0000] {logging_mixin.py:120} INFO - [2024-04-16T10:25:24.344+0000] {dag.py:3340} INFO - Setting next_dagrun for example_trigger_target_dag to None, run_after=None
[2024-04-16T10:25:24.382+0000] {processor.py:176} INFO - Processing /home/airflow/.local/lib/python3.7/site-packages/airflow/example_dags/example_trigger_target_dag.py took 0.267 seconds
[2024-04-16T10:25:58.147+0000] {processor.py:154} INFO - Started process (PID=384) to work on /home/airflow/.local/lib/python3.7/site-packages/airflow/example_dags/example_trigger_target_dag.py
[2024-04-16T10:25:58.162+0000] {processor.py:756} INFO - Processing file /home/airflow/.local/lib/python3.7/site-packages/airflow/example_dags/example_trigger_target_dag.py for tasks to queue
[2024-04-16T10:25:58.177+0000] {logging_mixin.py:120} INFO - [2024-04-16T10:25:58.174+0000] {dagbag.py:537} INFO - Filling up the DagBag from /home/airflow/.local/lib/python3.7/site-packages/airflow/example_dags/example_trigger_target_dag.py
[2024-04-16T10:25:58.384+0000] {processor.py:766} INFO - DAG(s) dict_keys(['example_trigger_target_dag']) retrieved from /home/airflow/.local/lib/python3.7/site-packages/airflow/example_dags/example_trigger_target_dag.py
[2024-04-16T10:25:58.933+0000] {logging_mixin.py:120} INFO - [2024-04-16T10:25:58.932+0000] {dag.py:2585} INFO - Sync 1 DAGs
[2024-04-16T10:25:59.213+0000] {logging_mixin.py:120} INFO - [2024-04-16T10:25:59.212+0000] {dag.py:3340} INFO - Setting next_dagrun for example_trigger_target_dag to None, run_after=None
[2024-04-16T10:25:59.397+0000] {processor.py:176} INFO - Processing /home/airflow/.local/lib/python3.7/site-packages/airflow/example_dags/example_trigger_target_dag.py took 1.316 seconds
[2024-04-16T10:26:29.591+0000] {processor.py:154} INFO - Started process (PID=454) to work on /home/airflow/.local/lib/python3.7/site-packages/airflow/example_dags/example_trigger_target_dag.py
[2024-04-16T10:26:29.594+0000] {processor.py:756} INFO - Processing file /home/airflow/.local/lib/python3.7/site-packages/airflow/example_dags/example_trigger_target_dag.py for tasks to queue
[2024-04-16T10:26:29.595+0000] {logging_mixin.py:120} INFO - [2024-04-16T10:26:29.595+0000] {dagbag.py:537} INFO - Filling up the DagBag from /home/airflow/.local/lib/python3.7/site-packages/airflow/example_dags/example_trigger_target_dag.py
[2024-04-16T10:26:29.645+0000] {processor.py:766} INFO - DAG(s) dict_keys(['example_trigger_target_dag']) retrieved from /home/airflow/.local/lib/python3.7/site-packages/airflow/example_dags/example_trigger_target_dag.py
[2024-04-16T10:26:29.781+0000] {logging_mixin.py:120} INFO - [2024-04-16T10:26:29.781+0000] {dag.py:2585} INFO - Sync 1 DAGs
[2024-04-16T10:26:29.849+0000] {logging_mixin.py:120} INFO - [2024-04-16T10:26:29.849+0000] {dag.py:3340} INFO - Setting next_dagrun for example_trigger_target_dag to None, run_after=None
[2024-04-16T10:26:29.891+0000] {processor.py:176} INFO - Processing /home/airflow/.local/lib/python3.7/site-packages/airflow/example_dags/example_trigger_target_dag.py took 0.308 seconds
[2024-04-16T10:27:05.093+0000] {processor.py:154} INFO - Started process (PID=528) to work on /home/airflow/.local/lib/python3.7/site-packages/airflow/example_dags/example_trigger_target_dag.py
[2024-04-16T10:27:05.098+0000] {processor.py:756} INFO - Processing file /home/airflow/.local/lib/python3.7/site-packages/airflow/example_dags/example_trigger_target_dag.py for tasks to queue
[2024-04-16T10:27:05.101+0000] {logging_mixin.py:120} INFO - [2024-04-16T10:27:05.100+0000] {dagbag.py:537} INFO - Filling up the DagBag from /home/airflow/.local/lib/python3.7/site-packages/airflow/example_dags/example_trigger_target_dag.py
[2024-04-16T10:27:05.173+0000] {processor.py:766} INFO - DAG(s) dict_keys(['example_trigger_target_dag']) retrieved from /home/airflow/.local/lib/python3.7/site-packages/airflow/example_dags/example_trigger_target_dag.py
[2024-04-16T10:27:05.254+0000] {logging_mixin.py:120} INFO - [2024-04-16T10:27:05.253+0000] {dag.py:2585} INFO - Sync 1 DAGs
[2024-04-16T10:27:05.291+0000] {logging_mixin.py:120} INFO - [2024-04-16T10:27:05.291+0000] {dag.py:3340} INFO - Setting next_dagrun for example_trigger_target_dag to None, run_after=None
[2024-04-16T10:27:05.322+0000] {processor.py:176} INFO - Processing /home/airflow/.local/lib/python3.7/site-packages/airflow/example_dags/example_trigger_target_dag.py took 0.238 seconds
[2024-04-16T10:27:36.822+0000] {processor.py:154} INFO - Started process (PID=607) to work on /home/airflow/.local/lib/python3.7/site-packages/airflow/example_dags/example_trigger_target_dag.py
[2024-04-16T10:27:36.825+0000] {processor.py:756} INFO - Processing file /home/airflow/.local/lib/python3.7/site-packages/airflow/example_dags/example_trigger_target_dag.py for tasks to queue
[2024-04-16T10:27:36.827+0000] {logging_mixin.py:120} INFO - [2024-04-16T10:27:36.827+0000] {dagbag.py:537} INFO - Filling up the DagBag from /home/airflow/.local/lib/python3.7/site-packages/airflow/example_dags/example_trigger_target_dag.py
[2024-04-16T10:27:36.865+0000] {processor.py:766} INFO - DAG(s) dict_keys(['example_trigger_target_dag']) retrieved from /home/airflow/.local/lib/python3.7/site-packages/airflow/example_dags/example_trigger_target_dag.py
[2024-04-16T10:27:36.960+0000] {logging_mixin.py:120} INFO - [2024-04-16T10:27:36.960+0000] {dag.py:2585} INFO - Sync 1 DAGs
[2024-04-16T10:27:37.013+0000] {logging_mixin.py:120} INFO - [2024-04-16T10:27:37.013+0000] {dag.py:3340} INFO - Setting next_dagrun for example_trigger_target_dag to None, run_after=None
[2024-04-16T10:27:37.044+0000] {processor.py:176} INFO - Processing /home/airflow/.local/lib/python3.7/site-packages/airflow/example_dags/example_trigger_target_dag.py took 0.229 seconds
[2024-04-16T13:04:10.549+0000] {processor.py:154} INFO - Started process (PID=705) to work on /home/airflow/.local/lib/python3.7/site-packages/airflow/example_dags/example_trigger_target_dag.py
[2024-04-16T13:04:10.555+0000] {processor.py:756} INFO - Processing file /home/airflow/.local/lib/python3.7/site-packages/airflow/example_dags/example_trigger_target_dag.py for tasks to queue
[2024-04-16T13:04:10.557+0000] {logging_mixin.py:120} INFO - [2024-04-16T13:04:10.557+0000] {dagbag.py:537} INFO - Filling up the DagBag from /home/airflow/.local/lib/python3.7/site-packages/airflow/example_dags/example_trigger_target_dag.py
[2024-04-16T13:04:10.619+0000] {processor.py:766} INFO - DAG(s) dict_keys(['example_trigger_target_dag']) retrieved from /home/airflow/.local/lib/python3.7/site-packages/airflow/example_dags/example_trigger_target_dag.py
[2024-04-16T13:04:10.771+0000] {logging_mixin.py:120} INFO - [2024-04-16T13:04:10.771+0000] {dag.py:2585} INFO - Sync 1 DAGs
[2024-04-16T13:04:10.878+0000] {logging_mixin.py:120} INFO - [2024-04-16T13:04:10.878+0000] {dag.py:3340} INFO - Setting next_dagrun for example_trigger_target_dag to None, run_after=None
[2024-04-16T13:04:10.909+0000] {processor.py:176} INFO - Processing /home/airflow/.local/lib/python3.7/site-packages/airflow/example_dags/example_trigger_target_dag.py took 0.366 seconds
[2024-04-16T13:04:43.057+0000] {processor.py:154} INFO - Started process (PID=778) to work on /home/airflow/.local/lib/python3.7/site-packages/airflow/example_dags/example_trigger_target_dag.py
[2024-04-16T13:04:43.061+0000] {processor.py:756} INFO - Processing file /home/airflow/.local/lib/python3.7/site-packages/airflow/example_dags/example_trigger_target_dag.py for tasks to queue
[2024-04-16T13:04:43.066+0000] {logging_mixin.py:120} INFO - [2024-04-16T13:04:43.065+0000] {dagbag.py:537} INFO - Filling up the DagBag from /home/airflow/.local/lib/python3.7/site-packages/airflow/example_dags/example_trigger_target_dag.py
[2024-04-16T13:04:43.126+0000] {processor.py:766} INFO - DAG(s) dict_keys(['example_trigger_target_dag']) retrieved from /home/airflow/.local/lib/python3.7/site-packages/airflow/example_dags/example_trigger_target_dag.py
[2024-04-16T13:04:43.241+0000] {logging_mixin.py:120} INFO - [2024-04-16T13:04:43.241+0000] {dag.py:2585} INFO - Sync 1 DAGs
[2024-04-16T13:04:43.401+0000] {logging_mixin.py:120} INFO - [2024-04-16T13:04:43.401+0000] {dag.py:3340} INFO - Setting next_dagrun for example_trigger_target_dag to None, run_after=None
[2024-04-16T13:04:43.459+0000] {processor.py:176} INFO - Processing /home/airflow/.local/lib/python3.7/site-packages/airflow/example_dags/example_trigger_target_dag.py took 0.434 seconds
[2024-04-16T13:05:14.191+0000] {processor.py:154} INFO - Started process (PID=856) to work on /home/airflow/.local/lib/python3.7/site-packages/airflow/example_dags/example_trigger_target_dag.py
[2024-04-16T13:05:14.193+0000] {processor.py:756} INFO - Processing file /home/airflow/.local/lib/python3.7/site-packages/airflow/example_dags/example_trigger_target_dag.py for tasks to queue
[2024-04-16T13:05:14.195+0000] {logging_mixin.py:120} INFO - [2024-04-16T13:05:14.194+0000] {dagbag.py:537} INFO - Filling up the DagBag from /home/airflow/.local/lib/python3.7/site-packages/airflow/example_dags/example_trigger_target_dag.py
[2024-04-16T13:05:14.227+0000] {processor.py:766} INFO - DAG(s) dict_keys(['example_trigger_target_dag']) retrieved from /home/airflow/.local/lib/python3.7/site-packages/airflow/example_dags/example_trigger_target_dag.py
[2024-04-16T13:05:14.296+0000] {logging_mixin.py:120} INFO - [2024-04-16T13:05:14.296+0000] {dag.py:2585} INFO - Sync 1 DAGs
[2024-04-16T13:05:14.336+0000] {logging_mixin.py:120} INFO - [2024-04-16T13:05:14.335+0000] {dag.py:3340} INFO - Setting next_dagrun for example_trigger_target_dag to None, run_after=None
[2024-04-16T13:05:14.376+0000] {processor.py:176} INFO - Processing /home/airflow/.local/lib/python3.7/site-packages/airflow/example_dags/example_trigger_target_dag.py took 0.193 seconds
[2024-04-16T13:05:45.517+0000] {processor.py:154} INFO - Started process (PID=937) to work on /home/airflow/.local/lib/python3.7/site-packages/airflow/example_dags/example_trigger_target_dag.py
[2024-04-16T13:05:45.519+0000] {processor.py:756} INFO - Processing file /home/airflow/.local/lib/python3.7/site-packages/airflow/example_dags/example_trigger_target_dag.py for tasks to queue
[2024-04-16T13:05:45.521+0000] {logging_mixin.py:120} INFO - [2024-04-16T13:05:45.521+0000] {dagbag.py:537} INFO - Filling up the DagBag from /home/airflow/.local/lib/python3.7/site-packages/airflow/example_dags/example_trigger_target_dag.py
[2024-04-16T13:05:45.575+0000] {processor.py:766} INFO - DAG(s) dict_keys(['example_trigger_target_dag']) retrieved from /home/airflow/.local/lib/python3.7/site-packages/airflow/example_dags/example_trigger_target_dag.py
[2024-04-16T13:05:45.663+0000] {logging_mixin.py:120} INFO - [2024-04-16T13:05:45.663+0000] {dag.py:2585} INFO - Sync 1 DAGs
[2024-04-16T13:05:45.712+0000] {logging_mixin.py:120} INFO - [2024-04-16T13:05:45.712+0000] {dag.py:3340} INFO - Setting next_dagrun for example_trigger_target_dag to None, run_after=None
[2024-04-16T13:05:45.745+0000] {processor.py:176} INFO - Processing /home/airflow/.local/lib/python3.7/site-packages/airflow/example_dags/example_trigger_target_dag.py took 0.234 seconds
[2024-04-16T13:06:18.745+0000] {processor.py:154} INFO - Started process (PID=1009) to work on /home/airflow/.local/lib/python3.7/site-packages/airflow/example_dags/example_trigger_target_dag.py
[2024-04-16T13:06:18.760+0000] {processor.py:756} INFO - Processing file /home/airflow/.local/lib/python3.7/site-packages/airflow/example_dags/example_trigger_target_dag.py for tasks to queue
[2024-04-16T13:06:19.287+0000] {logging_mixin.py:120} INFO - [2024-04-16T13:06:19.114+0000] {dagbag.py:537} INFO - Filling up the DagBag from /home/airflow/.local/lib/python3.7/site-packages/airflow/example_dags/example_trigger_target_dag.py
[2024-04-16T13:06:19.565+0000] {processor.py:766} INFO - DAG(s) dict_keys(['example_trigger_target_dag']) retrieved from /home/airflow/.local/lib/python3.7/site-packages/airflow/example_dags/example_trigger_target_dag.py
[2024-04-16T13:06:20.210+0000] {logging_mixin.py:120} INFO - [2024-04-16T13:06:20.210+0000] {dag.py:2585} INFO - Sync 1 DAGs
[2024-04-16T13:06:20.402+0000] {logging_mixin.py:120} INFO - [2024-04-16T13:06:20.402+0000] {dag.py:3340} INFO - Setting next_dagrun for example_trigger_target_dag to None, run_after=None
[2024-04-16T13:06:20.543+0000] {processor.py:176} INFO - Processing /home/airflow/.local/lib/python3.7/site-packages/airflow/example_dags/example_trigger_target_dag.py took 1.813 seconds
[2024-04-16T13:06:51.254+0000] {processor.py:154} INFO - Started process (PID=1077) to work on /home/airflow/.local/lib/python3.7/site-packages/airflow/example_dags/example_trigger_target_dag.py
[2024-04-16T13:06:51.266+0000] {processor.py:756} INFO - Processing file /home/airflow/.local/lib/python3.7/site-packages/airflow/example_dags/example_trigger_target_dag.py for tasks to queue
[2024-04-16T13:06:51.268+0000] {logging_mixin.py:120} INFO - [2024-04-16T13:06:51.268+0000] {dagbag.py:537} INFO - Filling up the DagBag from /home/airflow/.local/lib/python3.7/site-packages/airflow/example_dags/example_trigger_target_dag.py
[2024-04-16T13:06:51.300+0000] {processor.py:766} INFO - DAG(s) dict_keys(['example_trigger_target_dag']) retrieved from /home/airflow/.local/lib/python3.7/site-packages/airflow/example_dags/example_trigger_target_dag.py
[2024-04-16T13:06:51.372+0000] {logging_mixin.py:120} INFO - [2024-04-16T13:06:51.372+0000] {dag.py:2585} INFO - Sync 1 DAGs
[2024-04-16T13:06:51.410+0000] {logging_mixin.py:120} INFO - [2024-04-16T13:06:51.410+0000] {dag.py:3340} INFO - Setting next_dagrun for example_trigger_target_dag to None, run_after=None
[2024-04-16T13:06:51.448+0000] {processor.py:176} INFO - Processing /home/airflow/.local/lib/python3.7/site-packages/airflow/example_dags/example_trigger_target_dag.py took 0.199 seconds
[2024-04-16T13:07:21.911+0000] {processor.py:154} INFO - Started process (PID=1155) to work on /home/airflow/.local/lib/python3.7/site-packages/airflow/example_dags/example_trigger_target_dag.py
[2024-04-16T13:07:21.914+0000] {processor.py:756} INFO - Processing file /home/airflow/.local/lib/python3.7/site-packages/airflow/example_dags/example_trigger_target_dag.py for tasks to queue
[2024-04-16T13:07:21.916+0000] {logging_mixin.py:120} INFO - [2024-04-16T13:07:21.916+0000] {dagbag.py:537} INFO - Filling up the DagBag from /home/airflow/.local/lib/python3.7/site-packages/airflow/example_dags/example_trigger_target_dag.py
[2024-04-16T13:07:21.959+0000] {processor.py:766} INFO - DAG(s) dict_keys(['example_trigger_target_dag']) retrieved from /home/airflow/.local/lib/python3.7/site-packages/airflow/example_dags/example_trigger_target_dag.py
[2024-04-16T13:07:22.035+0000] {logging_mixin.py:120} INFO - [2024-04-16T13:07:22.035+0000] {dag.py:2585} INFO - Sync 1 DAGs
[2024-04-16T13:07:22.078+0000] {logging_mixin.py:120} INFO - [2024-04-16T13:07:22.078+0000] {dag.py:3340} INFO - Setting next_dagrun for example_trigger_target_dag to None, run_after=None
[2024-04-16T13:07:22.104+0000] {processor.py:176} INFO - Processing /home/airflow/.local/lib/python3.7/site-packages/airflow/example_dags/example_trigger_target_dag.py took 0.201 seconds
[2024-04-16T13:07:52.415+0000] {processor.py:154} INFO - Started process (PID=1224) to work on /home/airflow/.local/lib/python3.7/site-packages/airflow/example_dags/example_trigger_target_dag.py
[2024-04-16T13:07:52.424+0000] {processor.py:756} INFO - Processing file /home/airflow/.local/lib/python3.7/site-packages/airflow/example_dags/example_trigger_target_dag.py for tasks to queue
[2024-04-16T13:07:52.425+0000] {logging_mixin.py:120} INFO - [2024-04-16T13:07:52.425+0000] {dagbag.py:537} INFO - Filling up the DagBag from /home/airflow/.local/lib/python3.7/site-packages/airflow/example_dags/example_trigger_target_dag.py
[2024-04-16T13:07:52.462+0000] {processor.py:766} INFO - DAG(s) dict_keys(['example_trigger_target_dag']) retrieved from /home/airflow/.local/lib/python3.7/site-packages/airflow/example_dags/example_trigger_target_dag.py
[2024-04-16T13:07:52.532+0000] {logging_mixin.py:120} INFO - [2024-04-16T13:07:52.531+0000] {dag.py:2585} INFO - Sync 1 DAGs
[2024-04-16T13:07:52.573+0000] {logging_mixin.py:120} INFO - [2024-04-16T13:07:52.573+0000] {dag.py:3340} INFO - Setting next_dagrun for example_trigger_target_dag to None, run_after=None
[2024-04-16T13:07:52.601+0000] {processor.py:176} INFO - Processing /home/airflow/.local/lib/python3.7/site-packages/airflow/example_dags/example_trigger_target_dag.py took 0.190 seconds
[2024-04-16T13:08:22.771+0000] {processor.py:154} INFO - Started process (PID=1302) to work on /home/airflow/.local/lib/python3.7/site-packages/airflow/example_dags/example_trigger_target_dag.py
[2024-04-16T13:08:22.773+0000] {processor.py:756} INFO - Processing file /home/airflow/.local/lib/python3.7/site-packages/airflow/example_dags/example_trigger_target_dag.py for tasks to queue
[2024-04-16T13:08:22.775+0000] {logging_mixin.py:120} INFO - [2024-04-16T13:08:22.775+0000] {dagbag.py:537} INFO - Filling up the DagBag from /home/airflow/.local/lib/python3.7/site-packages/airflow/example_dags/example_trigger_target_dag.py
[2024-04-16T13:08:22.811+0000] {processor.py:766} INFO - DAG(s) dict_keys(['example_trigger_target_dag']) retrieved from /home/airflow/.local/lib/python3.7/site-packages/airflow/example_dags/example_trigger_target_dag.py
[2024-04-16T13:08:22.871+0000] {logging_mixin.py:120} INFO - [2024-04-16T13:08:22.871+0000] {dag.py:2585} INFO - Sync 1 DAGs
[2024-04-16T13:08:22.911+0000] {logging_mixin.py:120} INFO - [2024-04-16T13:08:22.911+0000] {dag.py:3340} INFO - Setting next_dagrun for example_trigger_target_dag to None, run_after=None
[2024-04-16T13:08:22.940+0000] {processor.py:176} INFO - Processing /home/airflow/.local/lib/python3.7/site-packages/airflow/example_dags/example_trigger_target_dag.py took 0.180 seconds
[2024-04-16T13:08:53.291+0000] {processor.py:154} INFO - Started process (PID=1371) to work on /home/airflow/.local/lib/python3.7/site-packages/airflow/example_dags/example_trigger_target_dag.py
[2024-04-16T13:08:53.294+0000] {processor.py:756} INFO - Processing file /home/airflow/.local/lib/python3.7/site-packages/airflow/example_dags/example_trigger_target_dag.py for tasks to queue
[2024-04-16T13:08:53.297+0000] {logging_mixin.py:120} INFO - [2024-04-16T13:08:53.297+0000] {dagbag.py:537} INFO - Filling up the DagBag from /home/airflow/.local/lib/python3.7/site-packages/airflow/example_dags/example_trigger_target_dag.py
[2024-04-16T13:08:53.340+0000] {processor.py:766} INFO - DAG(s) dict_keys(['example_trigger_target_dag']) retrieved from /home/airflow/.local/lib/python3.7/site-packages/airflow/example_dags/example_trigger_target_dag.py
[2024-04-16T13:08:53.444+0000] {logging_mixin.py:120} INFO - [2024-04-16T13:08:53.444+0000] {dag.py:2585} INFO - Sync 1 DAGs
[2024-04-16T13:08:53.490+0000] {logging_mixin.py:120} INFO - [2024-04-16T13:08:53.490+0000] {dag.py:3340} INFO - Setting next_dagrun for example_trigger_target_dag to None, run_after=None
[2024-04-16T13:08:53.524+0000] {processor.py:176} INFO - Processing /home/airflow/.local/lib/python3.7/site-packages/airflow/example_dags/example_trigger_target_dag.py took 0.237 seconds
[2024-04-16T13:09:23.692+0000] {processor.py:154} INFO - Started process (PID=1441) to work on /home/airflow/.local/lib/python3.7/site-packages/airflow/example_dags/example_trigger_target_dag.py
[2024-04-16T13:09:23.695+0000] {processor.py:756} INFO - Processing file /home/airflow/.local/lib/python3.7/site-packages/airflow/example_dags/example_trigger_target_dag.py for tasks to queue
[2024-04-16T13:09:23.697+0000] {logging_mixin.py:120} INFO - [2024-04-16T13:09:23.696+0000] {dagbag.py:537} INFO - Filling up the DagBag from /home/airflow/.local/lib/python3.7/site-packages/airflow/example_dags/example_trigger_target_dag.py
[2024-04-16T13:09:23.741+0000] {processor.py:766} INFO - DAG(s) dict_keys(['example_trigger_target_dag']) retrieved from /home/airflow/.local/lib/python3.7/site-packages/airflow/example_dags/example_trigger_target_dag.py
[2024-04-16T13:09:23.840+0000] {logging_mixin.py:120} INFO - [2024-04-16T13:09:23.840+0000] {dag.py:2585} INFO - Sync 1 DAGs
[2024-04-16T13:09:23.888+0000] {logging_mixin.py:120} INFO - [2024-04-16T13:09:23.888+0000] {dag.py:3340} INFO - Setting next_dagrun for example_trigger_target_dag to None, run_after=None
[2024-04-16T13:09:23.923+0000] {processor.py:176} INFO - Processing /home/airflow/.local/lib/python3.7/site-packages/airflow/example_dags/example_trigger_target_dag.py took 0.237 seconds
[2024-04-16T13:09:54.196+0000] {processor.py:154} INFO - Started process (PID=1521) to work on /home/airflow/.local/lib/python3.7/site-packages/airflow/example_dags/example_trigger_target_dag.py
[2024-04-16T13:09:54.198+0000] {processor.py:756} INFO - Processing file /home/airflow/.local/lib/python3.7/site-packages/airflow/example_dags/example_trigger_target_dag.py for tasks to queue
[2024-04-16T13:09:54.200+0000] {logging_mixin.py:120} INFO - [2024-04-16T13:09:54.200+0000] {dagbag.py:537} INFO - Filling up the DagBag from /home/airflow/.local/lib/python3.7/site-packages/airflow/example_dags/example_trigger_target_dag.py
[2024-04-16T13:09:54.239+0000] {processor.py:766} INFO - DAG(s) dict_keys(['example_trigger_target_dag']) retrieved from /home/airflow/.local/lib/python3.7/site-packages/airflow/example_dags/example_trigger_target_dag.py
[2024-04-16T13:09:54.311+0000] {logging_mixin.py:120} INFO - [2024-04-16T13:09:54.311+0000] {dag.py:2585} INFO - Sync 1 DAGs
[2024-04-16T13:09:54.353+0000] {logging_mixin.py:120} INFO - [2024-04-16T13:09:54.352+0000] {dag.py:3340} INFO - Setting next_dagrun for example_trigger_target_dag to None, run_after=None
[2024-04-16T13:09:54.383+0000] {processor.py:176} INFO - Processing /home/airflow/.local/lib/python3.7/site-packages/airflow/example_dags/example_trigger_target_dag.py took 0.194 seconds
[2024-04-16T13:10:24.740+0000] {processor.py:154} INFO - Started process (PID=1590) to work on /home/airflow/.local/lib/python3.7/site-packages/airflow/example_dags/example_trigger_target_dag.py
[2024-04-16T13:10:24.742+0000] {processor.py:756} INFO - Processing file /home/airflow/.local/lib/python3.7/site-packages/airflow/example_dags/example_trigger_target_dag.py for tasks to queue
[2024-04-16T13:10:24.745+0000] {logging_mixin.py:120} INFO - [2024-04-16T13:10:24.745+0000] {dagbag.py:537} INFO - Filling up the DagBag from /home/airflow/.local/lib/python3.7/site-packages/airflow/example_dags/example_trigger_target_dag.py
[2024-04-16T13:10:24.785+0000] {processor.py:766} INFO - DAG(s) dict_keys(['example_trigger_target_dag']) retrieved from /home/airflow/.local/lib/python3.7/site-packages/airflow/example_dags/example_trigger_target_dag.py
[2024-04-16T13:10:24.854+0000] {logging_mixin.py:120} INFO - [2024-04-16T13:10:24.854+0000] {dag.py:2585} INFO - Sync 1 DAGs
[2024-04-16T13:10:24.889+0000] {logging_mixin.py:120} INFO - [2024-04-16T13:10:24.889+0000] {dag.py:3340} INFO - Setting next_dagrun for example_trigger_target_dag to None, run_after=None
[2024-04-16T13:10:24.921+0000] {processor.py:176} INFO - Processing /home/airflow/.local/lib/python3.7/site-packages/airflow/example_dags/example_trigger_target_dag.py took 0.186 seconds
[2024-04-16T13:10:55.522+0000] {processor.py:154} INFO - Started process (PID=1668) to work on /home/airflow/.local/lib/python3.7/site-packages/airflow/example_dags/example_trigger_target_dag.py
[2024-04-16T13:10:55.525+0000] {processor.py:756} INFO - Processing file /home/airflow/.local/lib/python3.7/site-packages/airflow/example_dags/example_trigger_target_dag.py for tasks to queue
[2024-04-16T13:10:55.526+0000] {logging_mixin.py:120} INFO - [2024-04-16T13:10:55.526+0000] {dagbag.py:537} INFO - Filling up the DagBag from /home/airflow/.local/lib/python3.7/site-packages/airflow/example_dags/example_trigger_target_dag.py
[2024-04-16T13:10:55.558+0000] {processor.py:766} INFO - DAG(s) dict_keys(['example_trigger_target_dag']) retrieved from /home/airflow/.local/lib/python3.7/site-packages/airflow/example_dags/example_trigger_target_dag.py
[2024-04-16T13:10:55.626+0000] {logging_mixin.py:120} INFO - [2024-04-16T13:10:55.625+0000] {dag.py:2585} INFO - Sync 1 DAGs
[2024-04-16T13:10:55.664+0000] {logging_mixin.py:120} INFO - [2024-04-16T13:10:55.664+0000] {dag.py:3340} INFO - Setting next_dagrun for example_trigger_target_dag to None, run_after=None
[2024-04-16T13:10:55.693+0000] {processor.py:176} INFO - Processing /home/airflow/.local/lib/python3.7/site-packages/airflow/example_dags/example_trigger_target_dag.py took 0.177 seconds
[2024-04-16T13:11:26.354+0000] {processor.py:154} INFO - Started process (PID=1737) to work on /home/airflow/.local/lib/python3.7/site-packages/airflow/example_dags/example_trigger_target_dag.py
[2024-04-16T13:11:26.358+0000] {processor.py:756} INFO - Processing file /home/airflow/.local/lib/python3.7/site-packages/airflow/example_dags/example_trigger_target_dag.py for tasks to queue
[2024-04-16T13:11:26.360+0000] {logging_mixin.py:120} INFO - [2024-04-16T13:11:26.360+0000] {dagbag.py:537} INFO - Filling up the DagBag from /home/airflow/.local/lib/python3.7/site-packages/airflow/example_dags/example_trigger_target_dag.py
[2024-04-16T13:11:26.402+0000] {processor.py:766} INFO - DAG(s) dict_keys(['example_trigger_target_dag']) retrieved from /home/airflow/.local/lib/python3.7/site-packages/airflow/example_dags/example_trigger_target_dag.py
[2024-04-16T13:11:26.473+0000] {logging_mixin.py:120} INFO - [2024-04-16T13:11:26.473+0000] {dag.py:2585} INFO - Sync 1 DAGs
[2024-04-16T13:11:26.511+0000] {logging_mixin.py:120} INFO - [2024-04-16T13:11:26.511+0000] {dag.py:3340} INFO - Setting next_dagrun for example_trigger_target_dag to None, run_after=None
[2024-04-16T13:11:26.543+0000] {processor.py:176} INFO - Processing /home/airflow/.local/lib/python3.7/site-packages/airflow/example_dags/example_trigger_target_dag.py took 0.198 seconds
[2024-04-16T13:11:58.048+0000] {processor.py:154} INFO - Started process (PID=1816) to work on /home/airflow/.local/lib/python3.7/site-packages/airflow/example_dags/example_trigger_target_dag.py
[2024-04-16T13:11:58.052+0000] {processor.py:756} INFO - Processing file /home/airflow/.local/lib/python3.7/site-packages/airflow/example_dags/example_trigger_target_dag.py for tasks to queue
[2024-04-16T13:11:58.067+0000] {logging_mixin.py:120} INFO - [2024-04-16T13:11:58.067+0000] {dagbag.py:537} INFO - Filling up the DagBag from /home/airflow/.local/lib/python3.7/site-packages/airflow/example_dags/example_trigger_target_dag.py
[2024-04-16T13:11:58.194+0000] {processor.py:766} INFO - DAG(s) dict_keys(['example_trigger_target_dag']) retrieved from /home/airflow/.local/lib/python3.7/site-packages/airflow/example_dags/example_trigger_target_dag.py
[2024-04-16T13:11:58.305+0000] {logging_mixin.py:120} INFO - [2024-04-16T13:11:58.304+0000] {dag.py:2585} INFO - Sync 1 DAGs
[2024-04-16T13:11:58.358+0000] {logging_mixin.py:120} INFO - [2024-04-16T13:11:58.357+0000] {dag.py:3340} INFO - Setting next_dagrun for example_trigger_target_dag to None, run_after=None
[2024-04-16T13:11:58.393+0000] {processor.py:176} INFO - Processing /home/airflow/.local/lib/python3.7/site-packages/airflow/example_dags/example_trigger_target_dag.py took 0.380 seconds
[2024-04-16T13:12:28.547+0000] {processor.py:154} INFO - Started process (PID=1884) to work on /home/airflow/.local/lib/python3.7/site-packages/airflow/example_dags/example_trigger_target_dag.py
[2024-04-16T13:12:28.549+0000] {processor.py:756} INFO - Processing file /home/airflow/.local/lib/python3.7/site-packages/airflow/example_dags/example_trigger_target_dag.py for tasks to queue
[2024-04-16T13:12:28.551+0000] {logging_mixin.py:120} INFO - [2024-04-16T13:12:28.551+0000] {dagbag.py:537} INFO - Filling up the DagBag from /home/airflow/.local/lib/python3.7/site-packages/airflow/example_dags/example_trigger_target_dag.py
[2024-04-16T13:12:28.586+0000] {processor.py:766} INFO - DAG(s) dict_keys(['example_trigger_target_dag']) retrieved from /home/airflow/.local/lib/python3.7/site-packages/airflow/example_dags/example_trigger_target_dag.py
[2024-04-16T13:12:28.677+0000] {logging_mixin.py:120} INFO - [2024-04-16T13:12:28.676+0000] {dag.py:2585} INFO - Sync 1 DAGs
[2024-04-16T13:12:28.754+0000] {logging_mixin.py:120} INFO - [2024-04-16T13:12:28.753+0000] {dag.py:3340} INFO - Setting next_dagrun for example_trigger_target_dag to None, run_after=None
[2024-04-16T13:12:28.825+0000] {processor.py:176} INFO - Processing /home/airflow/.local/lib/python3.7/site-packages/airflow/example_dags/example_trigger_target_dag.py took 0.283 seconds
[2024-04-16T13:12:59.357+0000] {processor.py:154} INFO - Started process (PID=1963) to work on /home/airflow/.local/lib/python3.7/site-packages/airflow/example_dags/example_trigger_target_dag.py
[2024-04-16T13:12:59.366+0000] {processor.py:756} INFO - Processing file /home/airflow/.local/lib/python3.7/site-packages/airflow/example_dags/example_trigger_target_dag.py for tasks to queue
[2024-04-16T13:12:59.369+0000] {logging_mixin.py:120} INFO - [2024-04-16T13:12:59.369+0000] {dagbag.py:537} INFO - Filling up the DagBag from /home/airflow/.local/lib/python3.7/site-packages/airflow/example_dags/example_trigger_target_dag.py
[2024-04-16T13:12:59.407+0000] {processor.py:766} INFO - DAG(s) dict_keys(['example_trigger_target_dag']) retrieved from /home/airflow/.local/lib/python3.7/site-packages/airflow/example_dags/example_trigger_target_dag.py
[2024-04-16T13:12:59.469+0000] {logging_mixin.py:120} INFO - [2024-04-16T13:12:59.469+0000] {dag.py:2585} INFO - Sync 1 DAGs
[2024-04-16T13:12:59.510+0000] {logging_mixin.py:120} INFO - [2024-04-16T13:12:59.509+0000] {dag.py:3340} INFO - Setting next_dagrun for example_trigger_target_dag to None, run_after=None
[2024-04-16T13:12:59.550+0000] {processor.py:176} INFO - Processing /home/airflow/.local/lib/python3.7/site-packages/airflow/example_dags/example_trigger_target_dag.py took 0.205 seconds
[2024-04-16T13:13:30.335+0000] {processor.py:154} INFO - Started process (PID=2032) to work on /home/airflow/.local/lib/python3.7/site-packages/airflow/example_dags/example_trigger_target_dag.py
[2024-04-16T13:13:30.338+0000] {processor.py:756} INFO - Processing file /home/airflow/.local/lib/python3.7/site-packages/airflow/example_dags/example_trigger_target_dag.py for tasks to queue
[2024-04-16T13:13:30.341+0000] {logging_mixin.py:120} INFO - [2024-04-16T13:13:30.340+0000] {dagbag.py:537} INFO - Filling up the DagBag from /home/airflow/.local/lib/python3.7/site-packages/airflow/example_dags/example_trigger_target_dag.py
[2024-04-16T13:13:30.381+0000] {processor.py:766} INFO - DAG(s) dict_keys(['example_trigger_target_dag']) retrieved from /home/airflow/.local/lib/python3.7/site-packages/airflow/example_dags/example_trigger_target_dag.py
[2024-04-16T13:13:30.447+0000] {logging_mixin.py:120} INFO - [2024-04-16T13:13:30.446+0000] {dag.py:2585} INFO - Sync 1 DAGs
[2024-04-16T13:13:30.489+0000] {logging_mixin.py:120} INFO - [2024-04-16T13:13:30.489+0000] {dag.py:3340} INFO - Setting next_dagrun for example_trigger_target_dag to None, run_after=None
[2024-04-16T13:13:30.519+0000] {processor.py:176} INFO - Processing /home/airflow/.local/lib/python3.7/site-packages/airflow/example_dags/example_trigger_target_dag.py took 0.194 seconds
[2024-04-16T13:14:01.073+0000] {processor.py:154} INFO - Started process (PID=2112) to work on /home/airflow/.local/lib/python3.7/site-packages/airflow/example_dags/example_trigger_target_dag.py
[2024-04-16T13:14:01.075+0000] {processor.py:756} INFO - Processing file /home/airflow/.local/lib/python3.7/site-packages/airflow/example_dags/example_trigger_target_dag.py for tasks to queue
[2024-04-16T13:14:01.077+0000] {logging_mixin.py:120} INFO - [2024-04-16T13:14:01.077+0000] {dagbag.py:537} INFO - Filling up the DagBag from /home/airflow/.local/lib/python3.7/site-packages/airflow/example_dags/example_trigger_target_dag.py
[2024-04-16T13:14:01.125+0000] {processor.py:766} INFO - DAG(s) dict_keys(['example_trigger_target_dag']) retrieved from /home/airflow/.local/lib/python3.7/site-packages/airflow/example_dags/example_trigger_target_dag.py
[2024-04-16T13:14:01.216+0000] {logging_mixin.py:120} INFO - [2024-04-16T13:14:01.216+0000] {dag.py:2585} INFO - Sync 1 DAGs
[2024-04-16T13:14:01.283+0000] {logging_mixin.py:120} INFO - [2024-04-16T13:14:01.283+0000] {dag.py:3340} INFO - Setting next_dagrun for example_trigger_target_dag to None, run_after=None
[2024-04-16T13:14:01.333+0000] {processor.py:176} INFO - Processing /home/airflow/.local/lib/python3.7/site-packages/airflow/example_dags/example_trigger_target_dag.py took 0.267 seconds
[2024-04-16T13:14:31.916+0000] {processor.py:154} INFO - Started process (PID=2180) to work on /home/airflow/.local/lib/python3.7/site-packages/airflow/example_dags/example_trigger_target_dag.py
[2024-04-16T13:14:31.922+0000] {processor.py:756} INFO - Processing file /home/airflow/.local/lib/python3.7/site-packages/airflow/example_dags/example_trigger_target_dag.py for tasks to queue
[2024-04-16T13:14:31.925+0000] {logging_mixin.py:120} INFO - [2024-04-16T13:14:31.925+0000] {dagbag.py:537} INFO - Filling up the DagBag from /home/airflow/.local/lib/python3.7/site-packages/airflow/example_dags/example_trigger_target_dag.py
[2024-04-16T13:14:31.965+0000] {processor.py:766} INFO - DAG(s) dict_keys(['example_trigger_target_dag']) retrieved from /home/airflow/.local/lib/python3.7/site-packages/airflow/example_dags/example_trigger_target_dag.py
[2024-04-16T13:14:32.043+0000] {logging_mixin.py:120} INFO - [2024-04-16T13:14:32.043+0000] {dag.py:2585} INFO - Sync 1 DAGs
[2024-04-16T13:14:32.085+0000] {logging_mixin.py:120} INFO - [2024-04-16T13:14:32.084+0000] {dag.py:3340} INFO - Setting next_dagrun for example_trigger_target_dag to None, run_after=None
[2024-04-16T13:14:32.120+0000] {processor.py:176} INFO - Processing /home/airflow/.local/lib/python3.7/site-packages/airflow/example_dags/example_trigger_target_dag.py took 0.215 seconds
[2024-04-16T13:15:02.278+0000] {processor.py:154} INFO - Started process (PID=2258) to work on /home/airflow/.local/lib/python3.7/site-packages/airflow/example_dags/example_trigger_target_dag.py
[2024-04-16T13:15:02.281+0000] {processor.py:756} INFO - Processing file /home/airflow/.local/lib/python3.7/site-packages/airflow/example_dags/example_trigger_target_dag.py for tasks to queue
[2024-04-16T13:15:02.284+0000] {logging_mixin.py:120} INFO - [2024-04-16T13:15:02.284+0000] {dagbag.py:537} INFO - Filling up the DagBag from /home/airflow/.local/lib/python3.7/site-packages/airflow/example_dags/example_trigger_target_dag.py
[2024-04-16T13:15:02.334+0000] {processor.py:766} INFO - DAG(s) dict_keys(['example_trigger_target_dag']) retrieved from /home/airflow/.local/lib/python3.7/site-packages/airflow/example_dags/example_trigger_target_dag.py
[2024-04-16T13:15:02.423+0000] {logging_mixin.py:120} INFO - [2024-04-16T13:15:02.423+0000] {dag.py:2585} INFO - Sync 1 DAGs
[2024-04-16T13:15:02.477+0000] {logging_mixin.py:120} INFO - [2024-04-16T13:15:02.477+0000] {dag.py:3340} INFO - Setting next_dagrun for example_trigger_target_dag to None, run_after=None
[2024-04-16T13:15:02.493+0000] {processor.py:176} INFO - Processing /home/airflow/.local/lib/python3.7/site-packages/airflow/example_dags/example_trigger_target_dag.py took 0.244 seconds
[2024-04-16T13:15:33.293+0000] {processor.py:154} INFO - Started process (PID=2326) to work on /home/airflow/.local/lib/python3.7/site-packages/airflow/example_dags/example_trigger_target_dag.py
[2024-04-16T13:15:33.297+0000] {processor.py:756} INFO - Processing file /home/airflow/.local/lib/python3.7/site-packages/airflow/example_dags/example_trigger_target_dag.py for tasks to queue
[2024-04-16T13:15:33.299+0000] {logging_mixin.py:120} INFO - [2024-04-16T13:15:33.299+0000] {dagbag.py:537} INFO - Filling up the DagBag from /home/airflow/.local/lib/python3.7/site-packages/airflow/example_dags/example_trigger_target_dag.py
[2024-04-16T13:15:33.346+0000] {processor.py:766} INFO - DAG(s) dict_keys(['example_trigger_target_dag']) retrieved from /home/airflow/.local/lib/python3.7/site-packages/airflow/example_dags/example_trigger_target_dag.py
[2024-04-16T13:15:33.429+0000] {logging_mixin.py:120} INFO - [2024-04-16T13:15:33.428+0000] {dag.py:2585} INFO - Sync 1 DAGs
[2024-04-16T13:15:33.471+0000] {logging_mixin.py:120} INFO - [2024-04-16T13:15:33.471+0000] {dag.py:3340} INFO - Setting next_dagrun for example_trigger_target_dag to None, run_after=None
[2024-04-16T13:15:33.511+0000] {processor.py:176} INFO - Processing /home/airflow/.local/lib/python3.7/site-packages/airflow/example_dags/example_trigger_target_dag.py took 0.226 seconds
[2024-04-16T13:16:03.890+0000] {processor.py:154} INFO - Started process (PID=2404) to work on /home/airflow/.local/lib/python3.7/site-packages/airflow/example_dags/example_trigger_target_dag.py
[2024-04-16T13:16:03.892+0000] {processor.py:756} INFO - Processing file /home/airflow/.local/lib/python3.7/site-packages/airflow/example_dags/example_trigger_target_dag.py for tasks to queue
[2024-04-16T13:16:03.895+0000] {logging_mixin.py:120} INFO - [2024-04-16T13:16:03.894+0000] {dagbag.py:537} INFO - Filling up the DagBag from /home/airflow/.local/lib/python3.7/site-packages/airflow/example_dags/example_trigger_target_dag.py
[2024-04-16T13:16:03.937+0000] {processor.py:766} INFO - DAG(s) dict_keys(['example_trigger_target_dag']) retrieved from /home/airflow/.local/lib/python3.7/site-packages/airflow/example_dags/example_trigger_target_dag.py
[2024-04-16T13:16:04.005+0000] {logging_mixin.py:120} INFO - [2024-04-16T13:16:04.005+0000] {dag.py:2585} INFO - Sync 1 DAGs
[2024-04-16T13:16:04.051+0000] {logging_mixin.py:120} INFO - [2024-04-16T13:16:04.050+0000] {dag.py:3340} INFO - Setting next_dagrun for example_trigger_target_dag to None, run_after=None
[2024-04-16T13:16:04.090+0000] {processor.py:176} INFO - Processing /home/airflow/.local/lib/python3.7/site-packages/airflow/example_dags/example_trigger_target_dag.py took 0.206 seconds
[2024-04-16T13:16:34.309+0000] {processor.py:154} INFO - Started process (PID=2473) to work on /home/airflow/.local/lib/python3.7/site-packages/airflow/example_dags/example_trigger_target_dag.py
[2024-04-16T13:16:34.315+0000] {processor.py:756} INFO - Processing file /home/airflow/.local/lib/python3.7/site-packages/airflow/example_dags/example_trigger_target_dag.py for tasks to queue
[2024-04-16T13:16:34.319+0000] {logging_mixin.py:120} INFO - [2024-04-16T13:16:34.319+0000] {dagbag.py:537} INFO - Filling up the DagBag from /home/airflow/.local/lib/python3.7/site-packages/airflow/example_dags/example_trigger_target_dag.py
[2024-04-16T13:16:34.363+0000] {processor.py:766} INFO - DAG(s) dict_keys(['example_trigger_target_dag']) retrieved from /home/airflow/.local/lib/python3.7/site-packages/airflow/example_dags/example_trigger_target_dag.py
[2024-04-16T13:16:34.432+0000] {logging_mixin.py:120} INFO - [2024-04-16T13:16:34.432+0000] {dag.py:2585} INFO - Sync 1 DAGs
[2024-04-16T13:16:34.469+0000] {logging_mixin.py:120} INFO - [2024-04-16T13:16:34.469+0000] {dag.py:3340} INFO - Setting next_dagrun for example_trigger_target_dag to None, run_after=None
[2024-04-16T13:16:34.503+0000] {processor.py:176} INFO - Processing /home/airflow/.local/lib/python3.7/site-packages/airflow/example_dags/example_trigger_target_dag.py took 0.216 seconds
[2024-04-16T13:17:04.697+0000] {processor.py:154} INFO - Started process (PID=2551) to work on /home/airflow/.local/lib/python3.7/site-packages/airflow/example_dags/example_trigger_target_dag.py
[2024-04-16T13:17:04.700+0000] {processor.py:756} INFO - Processing file /home/airflow/.local/lib/python3.7/site-packages/airflow/example_dags/example_trigger_target_dag.py for tasks to queue
[2024-04-16T13:17:04.702+0000] {logging_mixin.py:120} INFO - [2024-04-16T13:17:04.701+0000] {dagbag.py:537} INFO - Filling up the DagBag from /home/airflow/.local/lib/python3.7/site-packages/airflow/example_dags/example_trigger_target_dag.py
[2024-04-16T13:17:04.749+0000] {processor.py:766} INFO - DAG(s) dict_keys(['example_trigger_target_dag']) retrieved from /home/airflow/.local/lib/python3.7/site-packages/airflow/example_dags/example_trigger_target_dag.py
[2024-04-16T13:17:04.829+0000] {logging_mixin.py:120} INFO - [2024-04-16T13:17:04.829+0000] {dag.py:2585} INFO - Sync 1 DAGs
[2024-04-16T13:17:04.873+0000] {logging_mixin.py:120} INFO - [2024-04-16T13:17:04.873+0000] {dag.py:3340} INFO - Setting next_dagrun for example_trigger_target_dag to None, run_after=None
[2024-04-16T13:17:04.901+0000] {processor.py:176} INFO - Processing /home/airflow/.local/lib/python3.7/site-packages/airflow/example_dags/example_trigger_target_dag.py took 0.210 seconds
[2024-04-16T13:17:35.541+0000] {processor.py:154} INFO - Started process (PID=2629) to work on /home/airflow/.local/lib/python3.7/site-packages/airflow/example_dags/example_trigger_target_dag.py
[2024-04-16T13:17:35.545+0000] {processor.py:756} INFO - Processing file /home/airflow/.local/lib/python3.7/site-packages/airflow/example_dags/example_trigger_target_dag.py for tasks to queue
[2024-04-16T13:17:35.557+0000] {logging_mixin.py:120} INFO - [2024-04-16T13:17:35.557+0000] {dagbag.py:537} INFO - Filling up the DagBag from /home/airflow/.local/lib/python3.7/site-packages/airflow/example_dags/example_trigger_target_dag.py
[2024-04-16T13:17:35.703+0000] {processor.py:766} INFO - DAG(s) dict_keys(['example_trigger_target_dag']) retrieved from /home/airflow/.local/lib/python3.7/site-packages/airflow/example_dags/example_trigger_target_dag.py
[2024-04-16T13:17:35.819+0000] {logging_mixin.py:120} INFO - [2024-04-16T13:17:35.819+0000] {dag.py:2585} INFO - Sync 1 DAGs
[2024-04-16T13:17:35.902+0000] {logging_mixin.py:120} INFO - [2024-04-16T13:17:35.902+0000] {dag.py:3340} INFO - Setting next_dagrun for example_trigger_target_dag to None, run_after=None
[2024-04-16T13:17:35.965+0000] {processor.py:176} INFO - Processing /home/airflow/.local/lib/python3.7/site-packages/airflow/example_dags/example_trigger_target_dag.py took 0.442 seconds
[2024-04-16T13:18:07.148+0000] {processor.py:154} INFO - Started process (PID=2698) to work on /home/airflow/.local/lib/python3.7/site-packages/airflow/example_dags/example_trigger_target_dag.py
[2024-04-16T13:18:07.150+0000] {processor.py:756} INFO - Processing file /home/airflow/.local/lib/python3.7/site-packages/airflow/example_dags/example_trigger_target_dag.py for tasks to queue
[2024-04-16T13:18:07.151+0000] {logging_mixin.py:120} INFO - [2024-04-16T13:18:07.151+0000] {dagbag.py:537} INFO - Filling up the DagBag from /home/airflow/.local/lib/python3.7/site-packages/airflow/example_dags/example_trigger_target_dag.py
[2024-04-16T13:18:07.191+0000] {processor.py:766} INFO - DAG(s) dict_keys(['example_trigger_target_dag']) retrieved from /home/airflow/.local/lib/python3.7/site-packages/airflow/example_dags/example_trigger_target_dag.py
[2024-04-16T13:18:07.270+0000] {logging_mixin.py:120} INFO - [2024-04-16T13:18:07.269+0000] {dag.py:2585} INFO - Sync 1 DAGs
[2024-04-16T13:18:07.316+0000] {logging_mixin.py:120} INFO - [2024-04-16T13:18:07.316+0000] {dag.py:3340} INFO - Setting next_dagrun for example_trigger_target_dag to None, run_after=None
[2024-04-16T13:18:07.351+0000] {processor.py:176} INFO - Processing /home/airflow/.local/lib/python3.7/site-packages/airflow/example_dags/example_trigger_target_dag.py took 0.210 seconds
[2024-04-16T13:18:39.018+0000] {processor.py:154} INFO - Started process (PID=2777) to work on /home/airflow/.local/lib/python3.7/site-packages/airflow/example_dags/example_trigger_target_dag.py
[2024-04-16T13:18:39.022+0000] {processor.py:756} INFO - Processing file /home/airflow/.local/lib/python3.7/site-packages/airflow/example_dags/example_trigger_target_dag.py for tasks to queue
[2024-04-16T13:18:39.026+0000] {logging_mixin.py:120} INFO - [2024-04-16T13:18:39.026+0000] {dagbag.py:537} INFO - Filling up the DagBag from /home/airflow/.local/lib/python3.7/site-packages/airflow/example_dags/example_trigger_target_dag.py
[2024-04-16T13:18:39.065+0000] {processor.py:766} INFO - DAG(s) dict_keys(['example_trigger_target_dag']) retrieved from /home/airflow/.local/lib/python3.7/site-packages/airflow/example_dags/example_trigger_target_dag.py
[2024-04-16T13:18:39.150+0000] {logging_mixin.py:120} INFO - [2024-04-16T13:18:39.149+0000] {dag.py:2585} INFO - Sync 1 DAGs
[2024-04-16T13:18:39.197+0000] {logging_mixin.py:120} INFO - [2024-04-16T13:18:39.197+0000] {dag.py:3340} INFO - Setting next_dagrun for example_trigger_target_dag to None, run_after=None
[2024-04-16T13:18:39.251+0000] {processor.py:176} INFO - Processing /home/airflow/.local/lib/python3.7/site-packages/airflow/example_dags/example_trigger_target_dag.py took 0.240 seconds
[2024-04-16T13:19:09.609+0000] {processor.py:154} INFO - Started process (PID=2844) to work on /home/airflow/.local/lib/python3.7/site-packages/airflow/example_dags/example_trigger_target_dag.py
[2024-04-16T13:19:09.612+0000] {processor.py:756} INFO - Processing file /home/airflow/.local/lib/python3.7/site-packages/airflow/example_dags/example_trigger_target_dag.py for tasks to queue
[2024-04-16T13:19:09.613+0000] {logging_mixin.py:120} INFO - [2024-04-16T13:19:09.613+0000] {dagbag.py:537} INFO - Filling up the DagBag from /home/airflow/.local/lib/python3.7/site-packages/airflow/example_dags/example_trigger_target_dag.py
[2024-04-16T13:19:09.648+0000] {processor.py:766} INFO - DAG(s) dict_keys(['example_trigger_target_dag']) retrieved from /home/airflow/.local/lib/python3.7/site-packages/airflow/example_dags/example_trigger_target_dag.py
[2024-04-16T13:19:09.724+0000] {logging_mixin.py:120} INFO - [2024-04-16T13:19:09.723+0000] {dag.py:2585} INFO - Sync 1 DAGs
[2024-04-16T13:19:09.772+0000] {logging_mixin.py:120} INFO - [2024-04-16T13:19:09.771+0000] {dag.py:3340} INFO - Setting next_dagrun for example_trigger_target_dag to None, run_after=None
[2024-04-16T13:19:09.803+0000] {processor.py:176} INFO - Processing /home/airflow/.local/lib/python3.7/site-packages/airflow/example_dags/example_trigger_target_dag.py took 0.200 seconds
[2024-04-16T13:19:39.938+0000] {processor.py:154} INFO - Started process (PID=2919) to work on /home/airflow/.local/lib/python3.7/site-packages/airflow/example_dags/example_trigger_target_dag.py
[2024-04-16T13:19:39.940+0000] {processor.py:756} INFO - Processing file /home/airflow/.local/lib/python3.7/site-packages/airflow/example_dags/example_trigger_target_dag.py for tasks to queue
[2024-04-16T13:19:39.941+0000] {logging_mixin.py:120} INFO - [2024-04-16T13:19:39.941+0000] {dagbag.py:537} INFO - Filling up the DagBag from /home/airflow/.local/lib/python3.7/site-packages/airflow/example_dags/example_trigger_target_dag.py
[2024-04-16T13:19:39.975+0000] {processor.py:766} INFO - DAG(s) dict_keys(['example_trigger_target_dag']) retrieved from /home/airflow/.local/lib/python3.7/site-packages/airflow/example_dags/example_trigger_target_dag.py
[2024-04-16T13:19:40.039+0000] {logging_mixin.py:120} INFO - [2024-04-16T13:19:40.039+0000] {dag.py:2585} INFO - Sync 1 DAGs
[2024-04-16T13:19:40.098+0000] {logging_mixin.py:120} INFO - [2024-04-16T13:19:40.098+0000] {dag.py:3340} INFO - Setting next_dagrun for example_trigger_target_dag to None, run_after=None
[2024-04-16T13:19:40.155+0000] {processor.py:176} INFO - Processing /home/airflow/.local/lib/python3.7/site-packages/airflow/example_dags/example_trigger_target_dag.py took 0.223 seconds
[2024-04-16T13:20:10.510+0000] {processor.py:154} INFO - Started process (PID=2987) to work on /home/airflow/.local/lib/python3.7/site-packages/airflow/example_dags/example_trigger_target_dag.py
[2024-04-16T13:20:10.512+0000] {processor.py:756} INFO - Processing file /home/airflow/.local/lib/python3.7/site-packages/airflow/example_dags/example_trigger_target_dag.py for tasks to queue
[2024-04-16T13:20:10.514+0000] {logging_mixin.py:120} INFO - [2024-04-16T13:20:10.514+0000] {dagbag.py:537} INFO - Filling up the DagBag from /home/airflow/.local/lib/python3.7/site-packages/airflow/example_dags/example_trigger_target_dag.py
[2024-04-16T13:20:10.551+0000] {processor.py:766} INFO - DAG(s) dict_keys(['example_trigger_target_dag']) retrieved from /home/airflow/.local/lib/python3.7/site-packages/airflow/example_dags/example_trigger_target_dag.py
[2024-04-16T13:20:10.645+0000] {logging_mixin.py:120} INFO - [2024-04-16T13:20:10.645+0000] {dag.py:2585} INFO - Sync 1 DAGs
[2024-04-16T13:20:10.690+0000] {logging_mixin.py:120} INFO - [2024-04-16T13:20:10.690+0000] {dag.py:3340} INFO - Setting next_dagrun for example_trigger_target_dag to None, run_after=None
[2024-04-16T13:20:10.725+0000] {processor.py:176} INFO - Processing /home/airflow/.local/lib/python3.7/site-packages/airflow/example_dags/example_trigger_target_dag.py took 0.221 seconds
[2024-04-16T13:20:40.874+0000] {processor.py:154} INFO - Started process (PID=3064) to work on /home/airflow/.local/lib/python3.7/site-packages/airflow/example_dags/example_trigger_target_dag.py
[2024-04-16T13:20:40.875+0000] {processor.py:756} INFO - Processing file /home/airflow/.local/lib/python3.7/site-packages/airflow/example_dags/example_trigger_target_dag.py for tasks to queue
[2024-04-16T13:20:40.877+0000] {logging_mixin.py:120} INFO - [2024-04-16T13:20:40.877+0000] {dagbag.py:537} INFO - Filling up the DagBag from /home/airflow/.local/lib/python3.7/site-packages/airflow/example_dags/example_trigger_target_dag.py
[2024-04-16T13:20:40.911+0000] {processor.py:766} INFO - DAG(s) dict_keys(['example_trigger_target_dag']) retrieved from /home/airflow/.local/lib/python3.7/site-packages/airflow/example_dags/example_trigger_target_dag.py
[2024-04-16T13:20:40.978+0000] {logging_mixin.py:120} INFO - [2024-04-16T13:20:40.977+0000] {dag.py:2585} INFO - Sync 1 DAGs
[2024-04-16T13:20:41.021+0000] {logging_mixin.py:120} INFO - [2024-04-16T13:20:41.021+0000] {dag.py:3340} INFO - Setting next_dagrun for example_trigger_target_dag to None, run_after=None
[2024-04-16T13:20:41.056+0000] {processor.py:176} INFO - Processing /home/airflow/.local/lib/python3.7/site-packages/airflow/example_dags/example_trigger_target_dag.py took 0.188 seconds
[2024-04-16T13:21:11.590+0000] {processor.py:154} INFO - Started process (PID=3133) to work on /home/airflow/.local/lib/python3.7/site-packages/airflow/example_dags/example_trigger_target_dag.py
[2024-04-16T13:21:11.594+0000] {processor.py:756} INFO - Processing file /home/airflow/.local/lib/python3.7/site-packages/airflow/example_dags/example_trigger_target_dag.py for tasks to queue
[2024-04-16T13:21:11.596+0000] {logging_mixin.py:120} INFO - [2024-04-16T13:21:11.596+0000] {dagbag.py:537} INFO - Filling up the DagBag from /home/airflow/.local/lib/python3.7/site-packages/airflow/example_dags/example_trigger_target_dag.py
[2024-04-16T13:21:11.666+0000] {processor.py:766} INFO - DAG(s) dict_keys(['example_trigger_target_dag']) retrieved from /home/airflow/.local/lib/python3.7/site-packages/airflow/example_dags/example_trigger_target_dag.py
[2024-04-16T13:21:11.787+0000] {logging_mixin.py:120} INFO - [2024-04-16T13:21:11.786+0000] {dag.py:2585} INFO - Sync 1 DAGs
[2024-04-16T13:21:11.844+0000] {logging_mixin.py:120} INFO - [2024-04-16T13:21:11.843+0000] {dag.py:3340} INFO - Setting next_dagrun for example_trigger_target_dag to None, run_after=None
[2024-04-16T13:21:11.899+0000] {processor.py:176} INFO - Processing /home/airflow/.local/lib/python3.7/site-packages/airflow/example_dags/example_trigger_target_dag.py took 0.318 seconds
[2024-04-16T13:21:43.075+0000] {processor.py:154} INFO - Started process (PID=3212) to work on /home/airflow/.local/lib/python3.7/site-packages/airflow/example_dags/example_trigger_target_dag.py
[2024-04-16T13:21:43.078+0000] {processor.py:756} INFO - Processing file /home/airflow/.local/lib/python3.7/site-packages/airflow/example_dags/example_trigger_target_dag.py for tasks to queue
[2024-04-16T13:21:43.080+0000] {logging_mixin.py:120} INFO - [2024-04-16T13:21:43.080+0000] {dagbag.py:537} INFO - Filling up the DagBag from /home/airflow/.local/lib/python3.7/site-packages/airflow/example_dags/example_trigger_target_dag.py
[2024-04-16T13:21:43.121+0000] {processor.py:766} INFO - DAG(s) dict_keys(['example_trigger_target_dag']) retrieved from /home/airflow/.local/lib/python3.7/site-packages/airflow/example_dags/example_trigger_target_dag.py
[2024-04-16T13:21:43.204+0000] {logging_mixin.py:120} INFO - [2024-04-16T13:21:43.204+0000] {dag.py:2585} INFO - Sync 1 DAGs
[2024-04-16T13:21:43.242+0000] {logging_mixin.py:120} INFO - [2024-04-16T13:21:43.242+0000] {dag.py:3340} INFO - Setting next_dagrun for example_trigger_target_dag to None, run_after=None
[2024-04-16T13:21:43.271+0000] {processor.py:176} INFO - Processing /home/airflow/.local/lib/python3.7/site-packages/airflow/example_dags/example_trigger_target_dag.py took 0.203 seconds
[2024-04-16T13:22:14.057+0000] {processor.py:154} INFO - Started process (PID=3281) to work on /home/airflow/.local/lib/python3.7/site-packages/airflow/example_dags/example_trigger_target_dag.py
[2024-04-16T13:22:14.059+0000] {processor.py:756} INFO - Processing file /home/airflow/.local/lib/python3.7/site-packages/airflow/example_dags/example_trigger_target_dag.py for tasks to queue
[2024-04-16T13:22:14.061+0000] {logging_mixin.py:120} INFO - [2024-04-16T13:22:14.061+0000] {dagbag.py:537} INFO - Filling up the DagBag from /home/airflow/.local/lib/python3.7/site-packages/airflow/example_dags/example_trigger_target_dag.py
[2024-04-16T13:22:14.092+0000] {processor.py:766} INFO - DAG(s) dict_keys(['example_trigger_target_dag']) retrieved from /home/airflow/.local/lib/python3.7/site-packages/airflow/example_dags/example_trigger_target_dag.py
[2024-04-16T13:22:14.166+0000] {logging_mixin.py:120} INFO - [2024-04-16T13:22:14.165+0000] {dag.py:2585} INFO - Sync 1 DAGs
[2024-04-16T13:22:14.204+0000] {logging_mixin.py:120} INFO - [2024-04-16T13:22:14.204+0000] {dag.py:3340} INFO - Setting next_dagrun for example_trigger_target_dag to None, run_after=None
[2024-04-16T13:22:14.236+0000] {processor.py:176} INFO - Processing /home/airflow/.local/lib/python3.7/site-packages/airflow/example_dags/example_trigger_target_dag.py took 0.184 seconds
[2024-04-16T13:22:45.035+0000] {processor.py:154} INFO - Started process (PID=3358) to work on /home/airflow/.local/lib/python3.7/site-packages/airflow/example_dags/example_trigger_target_dag.py
[2024-04-16T13:22:45.037+0000] {processor.py:756} INFO - Processing file /home/airflow/.local/lib/python3.7/site-packages/airflow/example_dags/example_trigger_target_dag.py for tasks to queue
[2024-04-16T13:22:45.038+0000] {logging_mixin.py:120} INFO - [2024-04-16T13:22:45.038+0000] {dagbag.py:537} INFO - Filling up the DagBag from /home/airflow/.local/lib/python3.7/site-packages/airflow/example_dags/example_trigger_target_dag.py
[2024-04-16T13:22:45.074+0000] {processor.py:766} INFO - DAG(s) dict_keys(['example_trigger_target_dag']) retrieved from /home/airflow/.local/lib/python3.7/site-packages/airflow/example_dags/example_trigger_target_dag.py
[2024-04-16T13:22:45.141+0000] {logging_mixin.py:120} INFO - [2024-04-16T13:22:45.141+0000] {dag.py:2585} INFO - Sync 1 DAGs
[2024-04-16T13:22:45.180+0000] {logging_mixin.py:120} INFO - [2024-04-16T13:22:45.179+0000] {dag.py:3340} INFO - Setting next_dagrun for example_trigger_target_dag to None, run_after=None
[2024-04-16T13:22:45.215+0000] {processor.py:176} INFO - Processing /home/airflow/.local/lib/python3.7/site-packages/airflow/example_dags/example_trigger_target_dag.py took 0.185 seconds
[2024-04-16T13:23:15.448+0000] {processor.py:154} INFO - Started process (PID=3426) to work on /home/airflow/.local/lib/python3.7/site-packages/airflow/example_dags/example_trigger_target_dag.py
[2024-04-16T13:23:15.450+0000] {processor.py:756} INFO - Processing file /home/airflow/.local/lib/python3.7/site-packages/airflow/example_dags/example_trigger_target_dag.py for tasks to queue
[2024-04-16T13:23:15.452+0000] {logging_mixin.py:120} INFO - [2024-04-16T13:23:15.452+0000] {dagbag.py:537} INFO - Filling up the DagBag from /home/airflow/.local/lib/python3.7/site-packages/airflow/example_dags/example_trigger_target_dag.py
[2024-04-16T13:23:15.494+0000] {processor.py:766} INFO - DAG(s) dict_keys(['example_trigger_target_dag']) retrieved from /home/airflow/.local/lib/python3.7/site-packages/airflow/example_dags/example_trigger_target_dag.py
[2024-04-16T13:23:15.568+0000] {logging_mixin.py:120} INFO - [2024-04-16T13:23:15.568+0000] {dag.py:2585} INFO - Sync 1 DAGs
[2024-04-16T13:23:15.612+0000] {logging_mixin.py:120} INFO - [2024-04-16T13:23:15.612+0000] {dag.py:3340} INFO - Setting next_dagrun for example_trigger_target_dag to None, run_after=None
[2024-04-16T13:23:15.641+0000] {processor.py:176} INFO - Processing /home/airflow/.local/lib/python3.7/site-packages/airflow/example_dags/example_trigger_target_dag.py took 0.199 seconds
[2024-04-16T13:23:46.106+0000] {processor.py:154} INFO - Started process (PID=3495) to work on /home/airflow/.local/lib/python3.7/site-packages/airflow/example_dags/example_trigger_target_dag.py
[2024-04-16T13:23:46.108+0000] {processor.py:756} INFO - Processing file /home/airflow/.local/lib/python3.7/site-packages/airflow/example_dags/example_trigger_target_dag.py for tasks to queue
[2024-04-16T13:23:46.110+0000] {logging_mixin.py:120} INFO - [2024-04-16T13:23:46.110+0000] {dagbag.py:537} INFO - Filling up the DagBag from /home/airflow/.local/lib/python3.7/site-packages/airflow/example_dags/example_trigger_target_dag.py
[2024-04-16T13:23:46.149+0000] {processor.py:766} INFO - DAG(s) dict_keys(['example_trigger_target_dag']) retrieved from /home/airflow/.local/lib/python3.7/site-packages/airflow/example_dags/example_trigger_target_dag.py
[2024-04-16T13:23:46.223+0000] {logging_mixin.py:120} INFO - [2024-04-16T13:23:46.223+0000] {dag.py:2585} INFO - Sync 1 DAGs
[2024-04-16T13:23:46.266+0000] {logging_mixin.py:120} INFO - [2024-04-16T13:23:46.266+0000] {dag.py:3340} INFO - Setting next_dagrun for example_trigger_target_dag to None, run_after=None
[2024-04-16T13:23:46.307+0000] {processor.py:176} INFO - Processing /home/airflow/.local/lib/python3.7/site-packages/airflow/example_dags/example_trigger_target_dag.py took 0.208 seconds
[2024-04-16T13:24:17.078+0000] {processor.py:154} INFO - Started process (PID=3574) to work on /home/airflow/.local/lib/python3.7/site-packages/airflow/example_dags/example_trigger_target_dag.py
[2024-04-16T13:24:17.080+0000] {processor.py:756} INFO - Processing file /home/airflow/.local/lib/python3.7/site-packages/airflow/example_dags/example_trigger_target_dag.py for tasks to queue
[2024-04-16T13:24:17.082+0000] {logging_mixin.py:120} INFO - [2024-04-16T13:24:17.082+0000] {dagbag.py:537} INFO - Filling up the DagBag from /home/airflow/.local/lib/python3.7/site-packages/airflow/example_dags/example_trigger_target_dag.py
[2024-04-16T13:24:17.119+0000] {processor.py:766} INFO - DAG(s) dict_keys(['example_trigger_target_dag']) retrieved from /home/airflow/.local/lib/python3.7/site-packages/airflow/example_dags/example_trigger_target_dag.py
[2024-04-16T13:24:17.187+0000] {logging_mixin.py:120} INFO - [2024-04-16T13:24:17.186+0000] {dag.py:2585} INFO - Sync 1 DAGs
[2024-04-16T13:24:17.225+0000] {logging_mixin.py:120} INFO - [2024-04-16T13:24:17.225+0000] {dag.py:3340} INFO - Setting next_dagrun for example_trigger_target_dag to None, run_after=None
[2024-04-16T13:24:17.256+0000] {processor.py:176} INFO - Processing /home/airflow/.local/lib/python3.7/site-packages/airflow/example_dags/example_trigger_target_dag.py took 0.184 seconds
[2024-04-16T13:24:48.199+0000] {processor.py:154} INFO - Started process (PID=3643) to work on /home/airflow/.local/lib/python3.7/site-packages/airflow/example_dags/example_trigger_target_dag.py
[2024-04-16T13:24:48.201+0000] {processor.py:756} INFO - Processing file /home/airflow/.local/lib/python3.7/site-packages/airflow/example_dags/example_trigger_target_dag.py for tasks to queue
[2024-04-16T13:24:48.204+0000] {logging_mixin.py:120} INFO - [2024-04-16T13:24:48.204+0000] {dagbag.py:537} INFO - Filling up the DagBag from /home/airflow/.local/lib/python3.7/site-packages/airflow/example_dags/example_trigger_target_dag.py
[2024-04-16T13:24:48.245+0000] {processor.py:766} INFO - DAG(s) dict_keys(['example_trigger_target_dag']) retrieved from /home/airflow/.local/lib/python3.7/site-packages/airflow/example_dags/example_trigger_target_dag.py
[2024-04-16T13:24:48.313+0000] {logging_mixin.py:120} INFO - [2024-04-16T13:24:48.313+0000] {dag.py:2585} INFO - Sync 1 DAGs
[2024-04-16T13:24:48.354+0000] {logging_mixin.py:120} INFO - [2024-04-16T13:24:48.354+0000] {dag.py:3340} INFO - Setting next_dagrun for example_trigger_target_dag to None, run_after=None
[2024-04-16T13:24:48.383+0000] {processor.py:176} INFO - Processing /home/airflow/.local/lib/python3.7/site-packages/airflow/example_dags/example_trigger_target_dag.py took 0.190 seconds
[2024-04-16T13:25:18.904+0000] {processor.py:154} INFO - Started process (PID=3721) to work on /home/airflow/.local/lib/python3.7/site-packages/airflow/example_dags/example_trigger_target_dag.py
[2024-04-16T13:25:18.907+0000] {processor.py:756} INFO - Processing file /home/airflow/.local/lib/python3.7/site-packages/airflow/example_dags/example_trigger_target_dag.py for tasks to queue
[2024-04-16T13:25:18.909+0000] {logging_mixin.py:120} INFO - [2024-04-16T13:25:18.909+0000] {dagbag.py:537} INFO - Filling up the DagBag from /home/airflow/.local/lib/python3.7/site-packages/airflow/example_dags/example_trigger_target_dag.py
[2024-04-16T13:25:18.944+0000] {processor.py:766} INFO - DAG(s) dict_keys(['example_trigger_target_dag']) retrieved from /home/airflow/.local/lib/python3.7/site-packages/airflow/example_dags/example_trigger_target_dag.py
[2024-04-16T13:25:19.007+0000] {logging_mixin.py:120} INFO - [2024-04-16T13:25:19.007+0000] {dag.py:2585} INFO - Sync 1 DAGs
[2024-04-16T13:25:19.046+0000] {logging_mixin.py:120} INFO - [2024-04-16T13:25:19.046+0000] {dag.py:3340} INFO - Setting next_dagrun for example_trigger_target_dag to None, run_after=None
[2024-04-16T13:25:19.077+0000] {processor.py:176} INFO - Processing /home/airflow/.local/lib/python3.7/site-packages/airflow/example_dags/example_trigger_target_dag.py took 0.179 seconds
[2024-04-16T13:25:49.617+0000] {processor.py:154} INFO - Started process (PID=3790) to work on /home/airflow/.local/lib/python3.7/site-packages/airflow/example_dags/example_trigger_target_dag.py
[2024-04-16T13:25:49.619+0000] {processor.py:756} INFO - Processing file /home/airflow/.local/lib/python3.7/site-packages/airflow/example_dags/example_trigger_target_dag.py for tasks to queue
[2024-04-16T13:25:49.620+0000] {logging_mixin.py:120} INFO - [2024-04-16T13:25:49.620+0000] {dagbag.py:537} INFO - Filling up the DagBag from /home/airflow/.local/lib/python3.7/site-packages/airflow/example_dags/example_trigger_target_dag.py
[2024-04-16T13:25:49.652+0000] {processor.py:766} INFO - DAG(s) dict_keys(['example_trigger_target_dag']) retrieved from /home/airflow/.local/lib/python3.7/site-packages/airflow/example_dags/example_trigger_target_dag.py
[2024-04-16T13:25:49.733+0000] {logging_mixin.py:120} INFO - [2024-04-16T13:25:49.732+0000] {dag.py:2585} INFO - Sync 1 DAGs
[2024-04-16T13:25:49.788+0000] {logging_mixin.py:120} INFO - [2024-04-16T13:25:49.788+0000] {dag.py:3340} INFO - Setting next_dagrun for example_trigger_target_dag to None, run_after=None
[2024-04-16T13:25:49.840+0000] {processor.py:176} INFO - Processing /home/airflow/.local/lib/python3.7/site-packages/airflow/example_dags/example_trigger_target_dag.py took 0.228 seconds
[2024-04-16T13:26:20.157+0000] {processor.py:154} INFO - Started process (PID=3868) to work on /home/airflow/.local/lib/python3.7/site-packages/airflow/example_dags/example_trigger_target_dag.py
[2024-04-16T13:26:20.159+0000] {processor.py:756} INFO - Processing file /home/airflow/.local/lib/python3.7/site-packages/airflow/example_dags/example_trigger_target_dag.py for tasks to queue
[2024-04-16T13:26:20.161+0000] {logging_mixin.py:120} INFO - [2024-04-16T13:26:20.160+0000] {dagbag.py:537} INFO - Filling up the DagBag from /home/airflow/.local/lib/python3.7/site-packages/airflow/example_dags/example_trigger_target_dag.py
[2024-04-16T13:26:20.196+0000] {processor.py:766} INFO - DAG(s) dict_keys(['example_trigger_target_dag']) retrieved from /home/airflow/.local/lib/python3.7/site-packages/airflow/example_dags/example_trigger_target_dag.py
[2024-04-16T13:26:20.264+0000] {logging_mixin.py:120} INFO - [2024-04-16T13:26:20.263+0000] {dag.py:2585} INFO - Sync 1 DAGs
[2024-04-16T13:26:20.301+0000] {logging_mixin.py:120} INFO - [2024-04-16T13:26:20.301+0000] {dag.py:3340} INFO - Setting next_dagrun for example_trigger_target_dag to None, run_after=None
[2024-04-16T13:26:20.330+0000] {processor.py:176} INFO - Processing /home/airflow/.local/lib/python3.7/site-packages/airflow/example_dags/example_trigger_target_dag.py took 0.179 seconds
[2024-04-16T13:26:50.445+0000] {processor.py:154} INFO - Started process (PID=3938) to work on /home/airflow/.local/lib/python3.7/site-packages/airflow/example_dags/example_trigger_target_dag.py
[2024-04-16T13:26:50.447+0000] {processor.py:756} INFO - Processing file /home/airflow/.local/lib/python3.7/site-packages/airflow/example_dags/example_trigger_target_dag.py for tasks to queue
[2024-04-16T13:26:50.448+0000] {logging_mixin.py:120} INFO - [2024-04-16T13:26:50.448+0000] {dagbag.py:537} INFO - Filling up the DagBag from /home/airflow/.local/lib/python3.7/site-packages/airflow/example_dags/example_trigger_target_dag.py
[2024-04-16T13:26:50.484+0000] {processor.py:766} INFO - DAG(s) dict_keys(['example_trigger_target_dag']) retrieved from /home/airflow/.local/lib/python3.7/site-packages/airflow/example_dags/example_trigger_target_dag.py
[2024-04-16T13:26:50.561+0000] {logging_mixin.py:120} INFO - [2024-04-16T13:26:50.561+0000] {dag.py:2585} INFO - Sync 1 DAGs
[2024-04-16T13:26:50.606+0000] {logging_mixin.py:120} INFO - [2024-04-16T13:26:50.605+0000] {dag.py:3340} INFO - Setting next_dagrun for example_trigger_target_dag to None, run_after=None
[2024-04-16T13:26:50.656+0000] {processor.py:176} INFO - Processing /home/airflow/.local/lib/python3.7/site-packages/airflow/example_dags/example_trigger_target_dag.py took 0.217 seconds
[2024-04-16T13:27:21.058+0000] {processor.py:154} INFO - Started process (PID=4016) to work on /home/airflow/.local/lib/python3.7/site-packages/airflow/example_dags/example_trigger_target_dag.py
[2024-04-16T13:27:21.061+0000] {processor.py:756} INFO - Processing file /home/airflow/.local/lib/python3.7/site-packages/airflow/example_dags/example_trigger_target_dag.py for tasks to queue
[2024-04-16T13:27:21.064+0000] {logging_mixin.py:120} INFO - [2024-04-16T13:27:21.064+0000] {dagbag.py:537} INFO - Filling up the DagBag from /home/airflow/.local/lib/python3.7/site-packages/airflow/example_dags/example_trigger_target_dag.py
[2024-04-16T13:27:21.095+0000] {processor.py:766} INFO - DAG(s) dict_keys(['example_trigger_target_dag']) retrieved from /home/airflow/.local/lib/python3.7/site-packages/airflow/example_dags/example_trigger_target_dag.py
[2024-04-16T13:27:21.168+0000] {logging_mixin.py:120} INFO - [2024-04-16T13:27:21.168+0000] {dag.py:2585} INFO - Sync 1 DAGs
[2024-04-16T13:27:21.217+0000] {logging_mixin.py:120} INFO - [2024-04-16T13:27:21.217+0000] {dag.py:3340} INFO - Setting next_dagrun for example_trigger_target_dag to None, run_after=None
[2024-04-16T13:27:21.251+0000] {processor.py:176} INFO - Processing /home/airflow/.local/lib/python3.7/site-packages/airflow/example_dags/example_trigger_target_dag.py took 0.204 seconds
[2024-04-16T13:27:52.210+0000] {processor.py:154} INFO - Started process (PID=4094) to work on /home/airflow/.local/lib/python3.7/site-packages/airflow/example_dags/example_trigger_target_dag.py
[2024-04-16T13:27:52.213+0000] {processor.py:756} INFO - Processing file /home/airflow/.local/lib/python3.7/site-packages/airflow/example_dags/example_trigger_target_dag.py for tasks to queue
[2024-04-16T13:27:52.215+0000] {logging_mixin.py:120} INFO - [2024-04-16T13:27:52.215+0000] {dagbag.py:537} INFO - Filling up the DagBag from /home/airflow/.local/lib/python3.7/site-packages/airflow/example_dags/example_trigger_target_dag.py
[2024-04-16T13:27:52.253+0000] {processor.py:766} INFO - DAG(s) dict_keys(['example_trigger_target_dag']) retrieved from /home/airflow/.local/lib/python3.7/site-packages/airflow/example_dags/example_trigger_target_dag.py
[2024-04-16T13:27:52.330+0000] {logging_mixin.py:120} INFO - [2024-04-16T13:27:52.330+0000] {dag.py:2585} INFO - Sync 1 DAGs
[2024-04-16T13:27:52.374+0000] {logging_mixin.py:120} INFO - [2024-04-16T13:27:52.374+0000] {dag.py:3340} INFO - Setting next_dagrun for example_trigger_target_dag to None, run_after=None
[2024-04-16T13:27:52.423+0000] {processor.py:176} INFO - Processing /home/airflow/.local/lib/python3.7/site-packages/airflow/example_dags/example_trigger_target_dag.py took 0.219 seconds
[2024-04-16T13:28:22.997+0000] {processor.py:154} INFO - Started process (PID=4163) to work on /home/airflow/.local/lib/python3.7/site-packages/airflow/example_dags/example_trigger_target_dag.py
[2024-04-16T13:28:22.999+0000] {processor.py:756} INFO - Processing file /home/airflow/.local/lib/python3.7/site-packages/airflow/example_dags/example_trigger_target_dag.py for tasks to queue
[2024-04-16T13:28:23.001+0000] {logging_mixin.py:120} INFO - [2024-04-16T13:28:23.000+0000] {dagbag.py:537} INFO - Filling up the DagBag from /home/airflow/.local/lib/python3.7/site-packages/airflow/example_dags/example_trigger_target_dag.py
[2024-04-16T13:28:23.031+0000] {processor.py:766} INFO - DAG(s) dict_keys(['example_trigger_target_dag']) retrieved from /home/airflow/.local/lib/python3.7/site-packages/airflow/example_dags/example_trigger_target_dag.py
[2024-04-16T13:28:23.097+0000] {logging_mixin.py:120} INFO - [2024-04-16T13:28:23.097+0000] {dag.py:2585} INFO - Sync 1 DAGs
[2024-04-16T13:28:23.136+0000] {logging_mixin.py:120} INFO - [2024-04-16T13:28:23.136+0000] {dag.py:3340} INFO - Setting next_dagrun for example_trigger_target_dag to None, run_after=None
[2024-04-16T13:28:23.166+0000] {processor.py:176} INFO - Processing /home/airflow/.local/lib/python3.7/site-packages/airflow/example_dags/example_trigger_target_dag.py took 0.175 seconds
[2024-04-16T13:28:53.438+0000] {processor.py:154} INFO - Started process (PID=4233) to work on /home/airflow/.local/lib/python3.7/site-packages/airflow/example_dags/example_trigger_target_dag.py
[2024-04-16T13:28:53.440+0000] {processor.py:756} INFO - Processing file /home/airflow/.local/lib/python3.7/site-packages/airflow/example_dags/example_trigger_target_dag.py for tasks to queue
[2024-04-16T13:28:53.443+0000] {logging_mixin.py:120} INFO - [2024-04-16T13:28:53.443+0000] {dagbag.py:537} INFO - Filling up the DagBag from /home/airflow/.local/lib/python3.7/site-packages/airflow/example_dags/example_trigger_target_dag.py
[2024-04-16T13:28:53.485+0000] {processor.py:766} INFO - DAG(s) dict_keys(['example_trigger_target_dag']) retrieved from /home/airflow/.local/lib/python3.7/site-packages/airflow/example_dags/example_trigger_target_dag.py
[2024-04-16T13:28:53.558+0000] {logging_mixin.py:120} INFO - [2024-04-16T13:28:53.558+0000] {dag.py:2585} INFO - Sync 1 DAGs
[2024-04-16T13:28:53.630+0000] {logging_mixin.py:120} INFO - [2024-04-16T13:28:53.629+0000] {dag.py:3340} INFO - Setting next_dagrun for example_trigger_target_dag to None, run_after=None
[2024-04-16T13:28:53.680+0000] {processor.py:176} INFO - Processing /home/airflow/.local/lib/python3.7/site-packages/airflow/example_dags/example_trigger_target_dag.py took 0.250 seconds
[2024-04-16T13:29:24.753+0000] {processor.py:154} INFO - Started process (PID=4312) to work on /home/airflow/.local/lib/python3.7/site-packages/airflow/example_dags/example_trigger_target_dag.py
[2024-04-16T13:29:24.755+0000] {processor.py:756} INFO - Processing file /home/airflow/.local/lib/python3.7/site-packages/airflow/example_dags/example_trigger_target_dag.py for tasks to queue
[2024-04-16T13:29:24.757+0000] {logging_mixin.py:120} INFO - [2024-04-16T13:29:24.757+0000] {dagbag.py:537} INFO - Filling up the DagBag from /home/airflow/.local/lib/python3.7/site-packages/airflow/example_dags/example_trigger_target_dag.py
[2024-04-16T13:29:24.795+0000] {processor.py:766} INFO - DAG(s) dict_keys(['example_trigger_target_dag']) retrieved from /home/airflow/.local/lib/python3.7/site-packages/airflow/example_dags/example_trigger_target_dag.py
[2024-04-16T13:29:24.871+0000] {logging_mixin.py:120} INFO - [2024-04-16T13:29:24.871+0000] {dag.py:2585} INFO - Sync 1 DAGs
[2024-04-16T13:29:24.914+0000] {logging_mixin.py:120} INFO - [2024-04-16T13:29:24.913+0000] {dag.py:3340} INFO - Setting next_dagrun for example_trigger_target_dag to None, run_after=None
[2024-04-16T13:29:24.948+0000] {processor.py:176} INFO - Processing /home/airflow/.local/lib/python3.7/site-packages/airflow/example_dags/example_trigger_target_dag.py took 0.201 seconds
[2024-04-16T13:29:55.785+0000] {processor.py:154} INFO - Started process (PID=4392) to work on /home/airflow/.local/lib/python3.7/site-packages/airflow/example_dags/example_trigger_target_dag.py
[2024-04-16T13:29:55.787+0000] {processor.py:756} INFO - Processing file /home/airflow/.local/lib/python3.7/site-packages/airflow/example_dags/example_trigger_target_dag.py for tasks to queue
[2024-04-16T13:29:55.789+0000] {logging_mixin.py:120} INFO - [2024-04-16T13:29:55.789+0000] {dagbag.py:537} INFO - Filling up the DagBag from /home/airflow/.local/lib/python3.7/site-packages/airflow/example_dags/example_trigger_target_dag.py
[2024-04-16T13:29:55.821+0000] {processor.py:766} INFO - DAG(s) dict_keys(['example_trigger_target_dag']) retrieved from /home/airflow/.local/lib/python3.7/site-packages/airflow/example_dags/example_trigger_target_dag.py
[2024-04-16T13:29:55.901+0000] {logging_mixin.py:120} INFO - [2024-04-16T13:29:55.901+0000] {dag.py:2585} INFO - Sync 1 DAGs
[2024-04-16T13:29:55.942+0000] {logging_mixin.py:120} INFO - [2024-04-16T13:29:55.942+0000] {dag.py:3340} INFO - Setting next_dagrun for example_trigger_target_dag to None, run_after=None
[2024-04-16T13:29:55.975+0000] {processor.py:176} INFO - Processing /home/airflow/.local/lib/python3.7/site-packages/airflow/example_dags/example_trigger_target_dag.py took 0.195 seconds
[2024-04-16T13:30:26.168+0000] {processor.py:154} INFO - Started process (PID=4461) to work on /home/airflow/.local/lib/python3.7/site-packages/airflow/example_dags/example_trigger_target_dag.py
[2024-04-16T13:30:26.171+0000] {processor.py:756} INFO - Processing file /home/airflow/.local/lib/python3.7/site-packages/airflow/example_dags/example_trigger_target_dag.py for tasks to queue
[2024-04-16T13:30:26.173+0000] {logging_mixin.py:120} INFO - [2024-04-16T13:30:26.173+0000] {dagbag.py:537} INFO - Filling up the DagBag from /home/airflow/.local/lib/python3.7/site-packages/airflow/example_dags/example_trigger_target_dag.py
[2024-04-16T13:30:26.208+0000] {processor.py:766} INFO - DAG(s) dict_keys(['example_trigger_target_dag']) retrieved from /home/airflow/.local/lib/python3.7/site-packages/airflow/example_dags/example_trigger_target_dag.py
[2024-04-16T13:30:26.280+0000] {logging_mixin.py:120} INFO - [2024-04-16T13:30:26.280+0000] {dag.py:2585} INFO - Sync 1 DAGs
[2024-04-16T13:30:26.325+0000] {logging_mixin.py:120} INFO - [2024-04-16T13:30:26.325+0000] {dag.py:3340} INFO - Setting next_dagrun for example_trigger_target_dag to None, run_after=None
[2024-04-16T13:30:26.361+0000] {processor.py:176} INFO - Processing /home/airflow/.local/lib/python3.7/site-packages/airflow/example_dags/example_trigger_target_dag.py took 0.201 seconds
[2024-04-16T13:30:57.359+0000] {processor.py:154} INFO - Started process (PID=4539) to work on /home/airflow/.local/lib/python3.7/site-packages/airflow/example_dags/example_trigger_target_dag.py
[2024-04-16T13:30:57.361+0000] {processor.py:756} INFO - Processing file /home/airflow/.local/lib/python3.7/site-packages/airflow/example_dags/example_trigger_target_dag.py for tasks to queue
[2024-04-16T13:30:57.362+0000] {logging_mixin.py:120} INFO - [2024-04-16T13:30:57.362+0000] {dagbag.py:537} INFO - Filling up the DagBag from /home/airflow/.local/lib/python3.7/site-packages/airflow/example_dags/example_trigger_target_dag.py
[2024-04-16T13:30:57.404+0000] {processor.py:766} INFO - DAG(s) dict_keys(['example_trigger_target_dag']) retrieved from /home/airflow/.local/lib/python3.7/site-packages/airflow/example_dags/example_trigger_target_dag.py
[2024-04-16T13:30:57.464+0000] {logging_mixin.py:120} INFO - [2024-04-16T13:30:57.464+0000] {dag.py:2585} INFO - Sync 1 DAGs
[2024-04-16T13:30:57.500+0000] {logging_mixin.py:120} INFO - [2024-04-16T13:30:57.500+0000] {dag.py:3340} INFO - Setting next_dagrun for example_trigger_target_dag to None, run_after=None
[2024-04-16T13:30:57.527+0000] {processor.py:176} INFO - Processing /home/airflow/.local/lib/python3.7/site-packages/airflow/example_dags/example_trigger_target_dag.py took 0.173 seconds
