[2024-04-16T10:09:03.200+0000] {processor.py:154} INFO - Started process (PID=23870) to work on /home/airflow/.local/lib/python3.7/site-packages/airflow/example_dags/example_external_task_marker_dag.py
[2024-04-16T10:09:03.211+0000] {processor.py:756} INFO - Processing file /home/airflow/.local/lib/python3.7/site-packages/airflow/example_dags/example_external_task_marker_dag.py for tasks to queue
[2024-04-16T10:09:03.218+0000] {logging_mixin.py:120} INFO - [2024-04-16T10:09:03.217+0000] {dagbag.py:537} INFO - Filling up the DagBag from /home/airflow/.local/lib/python3.7/site-packages/airflow/example_dags/example_external_task_marker_dag.py
[2024-04-16T10:09:03.315+0000] {processor.py:766} INFO - DAG(s) dict_keys(['example_external_task_marker_parent', 'example_external_task_marker_child']) retrieved from /home/airflow/.local/lib/python3.7/site-packages/airflow/example_dags/example_external_task_marker_dag.py
[2024-04-16T10:09:38.258+0000] {logging_mixin.py:120} INFO - [2024-04-16T10:09:38.193+0000] {dag.py:2585} INFO - Sync 2 DAGs
[2024-04-16T10:09:40.602+0000] {logging_mixin.py:120} INFO - [2024-04-16T10:09:40.602+0000] {dag.py:3340} INFO - Setting next_dagrun for example_external_task_marker_child to None, run_after=None
[2024-04-16T10:09:40.805+0000] {logging_mixin.py:120} INFO - [2024-04-16T10:09:40.785+0000] {dag.py:3340} INFO - Setting next_dagrun for example_external_task_marker_parent to None, run_after=None
[2024-04-16T10:09:41.966+0000] {processor.py:176} INFO - Processing /home/airflow/.local/lib/python3.7/site-packages/airflow/example_dags/example_external_task_marker_dag.py took 38.793 seconds
[2024-04-16T10:23:25.190+0000] {processor.py:154} INFO - Started process (PID=91) to work on /home/airflow/.local/lib/python3.7/site-packages/airflow/example_dags/example_external_task_marker_dag.py
[2024-04-16T10:23:25.202+0000] {processor.py:756} INFO - Processing file /home/airflow/.local/lib/python3.7/site-packages/airflow/example_dags/example_external_task_marker_dag.py for tasks to queue
[2024-04-16T10:23:25.210+0000] {logging_mixin.py:120} INFO - [2024-04-16T10:23:25.209+0000] {dagbag.py:537} INFO - Filling up the DagBag from /home/airflow/.local/lib/python3.7/site-packages/airflow/example_dags/example_external_task_marker_dag.py
[2024-04-16T10:23:25.293+0000] {processor.py:766} INFO - DAG(s) dict_keys(['example_external_task_marker_child', 'example_external_task_marker_parent']) retrieved from /home/airflow/.local/lib/python3.7/site-packages/airflow/example_dags/example_external_task_marker_dag.py
[2024-04-16T10:23:27.395+0000] {logging_mixin.py:120} INFO - [2024-04-16T10:23:27.395+0000] {dag.py:2585} INFO - Sync 2 DAGs
[2024-04-16T10:23:27.492+0000] {logging_mixin.py:120} INFO - [2024-04-16T10:23:27.491+0000] {dag.py:3340} INFO - Setting next_dagrun for example_external_task_marker_child to None, run_after=None
[2024-04-16T10:23:27.517+0000] {logging_mixin.py:120} INFO - [2024-04-16T10:23:27.516+0000] {dag.py:3340} INFO - Setting next_dagrun for example_external_task_marker_parent to None, run_after=None
[2024-04-16T10:23:27.575+0000] {processor.py:176} INFO - Processing /home/airflow/.local/lib/python3.7/site-packages/airflow/example_dags/example_external_task_marker_dag.py took 2.418 seconds
[2024-04-16T10:24:03.290+0000] {processor.py:154} INFO - Started process (PID=161) to work on /home/airflow/.local/lib/python3.7/site-packages/airflow/example_dags/example_external_task_marker_dag.py
[2024-04-16T10:24:03.292+0000] {processor.py:756} INFO - Processing file /home/airflow/.local/lib/python3.7/site-packages/airflow/example_dags/example_external_task_marker_dag.py for tasks to queue
[2024-04-16T10:24:03.294+0000] {logging_mixin.py:120} INFO - [2024-04-16T10:24:03.294+0000] {dagbag.py:537} INFO - Filling up the DagBag from /home/airflow/.local/lib/python3.7/site-packages/airflow/example_dags/example_external_task_marker_dag.py
[2024-04-16T10:24:03.317+0000] {processor.py:766} INFO - DAG(s) dict_keys(['example_external_task_marker_child', 'example_external_task_marker_parent']) retrieved from /home/airflow/.local/lib/python3.7/site-packages/airflow/example_dags/example_external_task_marker_dag.py
[2024-04-16T10:24:04.055+0000] {logging_mixin.py:120} INFO - [2024-04-16T10:24:04.054+0000] {dag.py:2585} INFO - Sync 2 DAGs
[2024-04-16T10:24:04.095+0000] {logging_mixin.py:120} INFO - [2024-04-16T10:24:04.095+0000] {dag.py:3340} INFO - Setting next_dagrun for example_external_task_marker_child to None, run_after=None
[2024-04-16T10:24:04.101+0000] {logging_mixin.py:120} INFO - [2024-04-16T10:24:04.101+0000] {dag.py:3340} INFO - Setting next_dagrun for example_external_task_marker_parent to None, run_after=None
[2024-04-16T10:24:04.129+0000] {processor.py:176} INFO - Processing /home/airflow/.local/lib/python3.7/site-packages/airflow/example_dags/example_external_task_marker_dag.py took 0.845 seconds
[2024-04-16T10:24:53.628+0000] {processor.py:154} INFO - Started process (PID=240) to work on /home/airflow/.local/lib/python3.7/site-packages/airflow/example_dags/example_external_task_marker_dag.py
[2024-04-16T10:24:53.630+0000] {processor.py:756} INFO - Processing file /home/airflow/.local/lib/python3.7/site-packages/airflow/example_dags/example_external_task_marker_dag.py for tasks to queue
[2024-04-16T10:24:53.632+0000] {logging_mixin.py:120} INFO - [2024-04-16T10:24:53.632+0000] {dagbag.py:537} INFO - Filling up the DagBag from /home/airflow/.local/lib/python3.7/site-packages/airflow/example_dags/example_external_task_marker_dag.py
[2024-04-16T10:24:53.653+0000] {processor.py:766} INFO - DAG(s) dict_keys(['example_external_task_marker_parent', 'example_external_task_marker_child']) retrieved from /home/airflow/.local/lib/python3.7/site-packages/airflow/example_dags/example_external_task_marker_dag.py
[2024-04-16T10:24:54.319+0000] {logging_mixin.py:120} INFO - [2024-04-16T10:24:54.317+0000] {dag.py:2585} INFO - Sync 2 DAGs
[2024-04-16T10:24:54.355+0000] {logging_mixin.py:120} INFO - [2024-04-16T10:24:54.354+0000] {dag.py:3340} INFO - Setting next_dagrun for example_external_task_marker_child to None, run_after=None
[2024-04-16T10:24:54.361+0000] {logging_mixin.py:120} INFO - [2024-04-16T10:24:54.361+0000] {dag.py:3340} INFO - Setting next_dagrun for example_external_task_marker_parent to None, run_after=None
[2024-04-16T10:24:54.398+0000] {processor.py:176} INFO - Processing /home/airflow/.local/lib/python3.7/site-packages/airflow/example_dags/example_external_task_marker_dag.py took 0.775 seconds
[2024-04-16T10:25:24.698+0000] {processor.py:154} INFO - Started process (PID=318) to work on /home/airflow/.local/lib/python3.7/site-packages/airflow/example_dags/example_external_task_marker_dag.py
[2024-04-16T10:25:24.701+0000] {processor.py:756} INFO - Processing file /home/airflow/.local/lib/python3.7/site-packages/airflow/example_dags/example_external_task_marker_dag.py for tasks to queue
[2024-04-16T10:25:24.705+0000] {logging_mixin.py:120} INFO - [2024-04-16T10:25:24.704+0000] {dagbag.py:537} INFO - Filling up the DagBag from /home/airflow/.local/lib/python3.7/site-packages/airflow/example_dags/example_external_task_marker_dag.py
[2024-04-16T10:25:24.759+0000] {processor.py:766} INFO - DAG(s) dict_keys(['example_external_task_marker_parent', 'example_external_task_marker_child']) retrieved from /home/airflow/.local/lib/python3.7/site-packages/airflow/example_dags/example_external_task_marker_dag.py
[2024-04-16T10:25:25.546+0000] {logging_mixin.py:120} INFO - [2024-04-16T10:25:25.545+0000] {dag.py:2585} INFO - Sync 2 DAGs
[2024-04-16T10:25:25.591+0000] {logging_mixin.py:120} INFO - [2024-04-16T10:25:25.591+0000] {dag.py:3340} INFO - Setting next_dagrun for example_external_task_marker_child to None, run_after=None
[2024-04-16T10:25:25.599+0000] {logging_mixin.py:120} INFO - [2024-04-16T10:25:25.599+0000] {dag.py:3340} INFO - Setting next_dagrun for example_external_task_marker_parent to None, run_after=None
[2024-04-16T10:25:25.630+0000] {processor.py:176} INFO - Processing /home/airflow/.local/lib/python3.7/site-packages/airflow/example_dags/example_external_task_marker_dag.py took 0.940 seconds
[2024-04-16T10:26:09.742+0000] {processor.py:154} INFO - Started process (PID=411) to work on /home/airflow/.local/lib/python3.7/site-packages/airflow/example_dags/example_external_task_marker_dag.py
[2024-04-16T10:26:09.768+0000] {processor.py:756} INFO - Processing file /home/airflow/.local/lib/python3.7/site-packages/airflow/example_dags/example_external_task_marker_dag.py for tasks to queue
[2024-04-16T10:26:09.772+0000] {logging_mixin.py:120} INFO - [2024-04-16T10:26:09.771+0000] {dagbag.py:537} INFO - Filling up the DagBag from /home/airflow/.local/lib/python3.7/site-packages/airflow/example_dags/example_external_task_marker_dag.py
[2024-04-16T10:26:09.896+0000] {processor.py:766} INFO - DAG(s) dict_keys(['example_external_task_marker_child', 'example_external_task_marker_parent']) retrieved from /home/airflow/.local/lib/python3.7/site-packages/airflow/example_dags/example_external_task_marker_dag.py
[2024-04-16T10:26:10.682+0000] {logging_mixin.py:120} INFO - [2024-04-16T10:26:10.681+0000] {dag.py:2585} INFO - Sync 2 DAGs
[2024-04-16T10:26:10.717+0000] {logging_mixin.py:120} INFO - [2024-04-16T10:26:10.717+0000] {dag.py:3340} INFO - Setting next_dagrun for example_external_task_marker_child to None, run_after=None
[2024-04-16T10:26:10.723+0000] {logging_mixin.py:120} INFO - [2024-04-16T10:26:10.723+0000] {dag.py:3340} INFO - Setting next_dagrun for example_external_task_marker_parent to None, run_after=None
[2024-04-16T10:26:10.749+0000] {processor.py:176} INFO - Processing /home/airflow/.local/lib/python3.7/site-packages/airflow/example_dags/example_external_task_marker_dag.py took 1.054 seconds
[2024-04-16T10:26:40.877+0000] {processor.py:154} INFO - Started process (PID=480) to work on /home/airflow/.local/lib/python3.7/site-packages/airflow/example_dags/example_external_task_marker_dag.py
[2024-04-16T10:26:40.880+0000] {processor.py:756} INFO - Processing file /home/airflow/.local/lib/python3.7/site-packages/airflow/example_dags/example_external_task_marker_dag.py for tasks to queue
[2024-04-16T10:26:40.884+0000] {logging_mixin.py:120} INFO - [2024-04-16T10:26:40.884+0000] {dagbag.py:537} INFO - Filling up the DagBag from /home/airflow/.local/lib/python3.7/site-packages/airflow/example_dags/example_external_task_marker_dag.py
[2024-04-16T10:26:40.908+0000] {processor.py:766} INFO - DAG(s) dict_keys(['example_external_task_marker_parent', 'example_external_task_marker_child']) retrieved from /home/airflow/.local/lib/python3.7/site-packages/airflow/example_dags/example_external_task_marker_dag.py
[2024-04-16T10:26:41.551+0000] {logging_mixin.py:120} INFO - [2024-04-16T10:26:41.550+0000] {dag.py:2585} INFO - Sync 2 DAGs
[2024-04-16T10:26:41.589+0000] {logging_mixin.py:120} INFO - [2024-04-16T10:26:41.589+0000] {dag.py:3340} INFO - Setting next_dagrun for example_external_task_marker_child to None, run_after=None
[2024-04-16T10:26:41.594+0000] {logging_mixin.py:120} INFO - [2024-04-16T10:26:41.594+0000] {dag.py:3340} INFO - Setting next_dagrun for example_external_task_marker_parent to None, run_after=None
[2024-04-16T10:26:41.622+0000] {processor.py:176} INFO - Processing /home/airflow/.local/lib/python3.7/site-packages/airflow/example_dags/example_external_task_marker_dag.py took 0.753 seconds
[2024-04-16T10:27:12.171+0000] {processor.py:154} INFO - Started process (PID=552) to work on /home/airflow/.local/lib/python3.7/site-packages/airflow/example_dags/example_external_task_marker_dag.py
[2024-04-16T10:27:12.174+0000] {processor.py:756} INFO - Processing file /home/airflow/.local/lib/python3.7/site-packages/airflow/example_dags/example_external_task_marker_dag.py for tasks to queue
[2024-04-16T10:27:12.177+0000] {logging_mixin.py:120} INFO - [2024-04-16T10:27:12.177+0000] {dagbag.py:537} INFO - Filling up the DagBag from /home/airflow/.local/lib/python3.7/site-packages/airflow/example_dags/example_external_task_marker_dag.py
[2024-04-16T10:27:12.214+0000] {processor.py:766} INFO - DAG(s) dict_keys(['example_external_task_marker_parent', 'example_external_task_marker_child']) retrieved from /home/airflow/.local/lib/python3.7/site-packages/airflow/example_dags/example_external_task_marker_dag.py
[2024-04-16T10:27:13.122+0000] {logging_mixin.py:120} INFO - [2024-04-16T10:27:13.119+0000] {dag.py:2585} INFO - Sync 2 DAGs
[2024-04-16T10:27:13.220+0000] {logging_mixin.py:120} INFO - [2024-04-16T10:27:13.219+0000] {dag.py:3340} INFO - Setting next_dagrun for example_external_task_marker_child to None, run_after=None
[2024-04-16T10:27:13.234+0000] {logging_mixin.py:120} INFO - [2024-04-16T10:27:13.234+0000] {dag.py:3340} INFO - Setting next_dagrun for example_external_task_marker_parent to None, run_after=None
[2024-04-16T10:27:13.332+0000] {processor.py:176} INFO - Processing /home/airflow/.local/lib/python3.7/site-packages/airflow/example_dags/example_external_task_marker_dag.py took 1.171 seconds
[2024-04-16T10:27:43.616+0000] {processor.py:154} INFO - Started process (PID=621) to work on /home/airflow/.local/lib/python3.7/site-packages/airflow/example_dags/example_external_task_marker_dag.py
[2024-04-16T10:27:43.618+0000] {processor.py:756} INFO - Processing file /home/airflow/.local/lib/python3.7/site-packages/airflow/example_dags/example_external_task_marker_dag.py for tasks to queue
[2024-04-16T10:27:43.620+0000] {logging_mixin.py:120} INFO - [2024-04-16T10:27:43.619+0000] {dagbag.py:537} INFO - Filling up the DagBag from /home/airflow/.local/lib/python3.7/site-packages/airflow/example_dags/example_external_task_marker_dag.py
[2024-04-16T10:27:43.647+0000] {processor.py:766} INFO - DAG(s) dict_keys(['example_external_task_marker_child', 'example_external_task_marker_parent']) retrieved from /home/airflow/.local/lib/python3.7/site-packages/airflow/example_dags/example_external_task_marker_dag.py
[2024-04-16T10:27:44.313+0000] {logging_mixin.py:120} INFO - [2024-04-16T10:27:44.312+0000] {dag.py:2585} INFO - Sync 2 DAGs
[2024-04-16T10:27:44.349+0000] {logging_mixin.py:120} INFO - [2024-04-16T10:27:44.349+0000] {dag.py:3340} INFO - Setting next_dagrun for example_external_task_marker_child to None, run_after=None
[2024-04-16T10:27:44.355+0000] {logging_mixin.py:120} INFO - [2024-04-16T10:27:44.355+0000] {dag.py:3340} INFO - Setting next_dagrun for example_external_task_marker_parent to None, run_after=None
[2024-04-16T10:27:44.387+0000] {processor.py:176} INFO - Processing /home/airflow/.local/lib/python3.7/site-packages/airflow/example_dags/example_external_task_marker_dag.py took 0.775 seconds
[2024-04-16T13:04:18.948+0000] {processor.py:154} INFO - Started process (PID=731) to work on /home/airflow/.local/lib/python3.7/site-packages/airflow/example_dags/example_external_task_marker_dag.py
[2024-04-16T13:04:18.961+0000] {processor.py:756} INFO - Processing file /home/airflow/.local/lib/python3.7/site-packages/airflow/example_dags/example_external_task_marker_dag.py for tasks to queue
[2024-04-16T13:04:18.964+0000] {logging_mixin.py:120} INFO - [2024-04-16T13:04:18.963+0000] {dagbag.py:537} INFO - Filling up the DagBag from /home/airflow/.local/lib/python3.7/site-packages/airflow/example_dags/example_external_task_marker_dag.py
[2024-04-16T13:04:19.020+0000] {processor.py:766} INFO - DAG(s) dict_keys(['example_external_task_marker_parent', 'example_external_task_marker_child']) retrieved from /home/airflow/.local/lib/python3.7/site-packages/airflow/example_dags/example_external_task_marker_dag.py
[2024-04-16T13:04:20.006+0000] {logging_mixin.py:120} INFO - [2024-04-16T13:04:20.004+0000] {dag.py:2585} INFO - Sync 2 DAGs
[2024-04-16T13:04:20.059+0000] {logging_mixin.py:120} INFO - [2024-04-16T13:04:20.058+0000] {dag.py:3340} INFO - Setting next_dagrun for example_external_task_marker_child to None, run_after=None
[2024-04-16T13:04:20.064+0000] {logging_mixin.py:120} INFO - [2024-04-16T13:04:20.064+0000] {dag.py:3340} INFO - Setting next_dagrun for example_external_task_marker_parent to None, run_after=None
[2024-04-16T13:04:20.093+0000] {processor.py:176} INFO - Processing /home/airflow/.local/lib/python3.7/site-packages/airflow/example_dags/example_external_task_marker_dag.py took 1.155 seconds
[2024-04-16T13:04:50.502+0000] {processor.py:154} INFO - Started process (PID=809) to work on /home/airflow/.local/lib/python3.7/site-packages/airflow/example_dags/example_external_task_marker_dag.py
[2024-04-16T13:04:50.507+0000] {processor.py:756} INFO - Processing file /home/airflow/.local/lib/python3.7/site-packages/airflow/example_dags/example_external_task_marker_dag.py for tasks to queue
[2024-04-16T13:04:50.510+0000] {logging_mixin.py:120} INFO - [2024-04-16T13:04:50.509+0000] {dagbag.py:537} INFO - Filling up the DagBag from /home/airflow/.local/lib/python3.7/site-packages/airflow/example_dags/example_external_task_marker_dag.py
[2024-04-16T13:04:50.553+0000] {processor.py:766} INFO - DAG(s) dict_keys(['example_external_task_marker_parent', 'example_external_task_marker_child']) retrieved from /home/airflow/.local/lib/python3.7/site-packages/airflow/example_dags/example_external_task_marker_dag.py
[2024-04-16T13:04:51.612+0000] {logging_mixin.py:120} INFO - [2024-04-16T13:04:51.611+0000] {dag.py:2585} INFO - Sync 2 DAGs
[2024-04-16T13:04:51.654+0000] {logging_mixin.py:120} INFO - [2024-04-16T13:04:51.653+0000] {dag.py:3340} INFO - Setting next_dagrun for example_external_task_marker_child to None, run_after=None
[2024-04-16T13:04:51.666+0000] {logging_mixin.py:120} INFO - [2024-04-16T13:04:51.666+0000] {dag.py:3340} INFO - Setting next_dagrun for example_external_task_marker_parent to None, run_after=None
[2024-04-16T13:04:51.701+0000] {processor.py:176} INFO - Processing /home/airflow/.local/lib/python3.7/site-packages/airflow/example_dags/example_external_task_marker_dag.py took 1.208 seconds
[2024-04-16T13:05:21.851+0000] {processor.py:154} INFO - Started process (PID=889) to work on /home/airflow/.local/lib/python3.7/site-packages/airflow/example_dags/example_external_task_marker_dag.py
[2024-04-16T13:05:21.854+0000] {processor.py:756} INFO - Processing file /home/airflow/.local/lib/python3.7/site-packages/airflow/example_dags/example_external_task_marker_dag.py for tasks to queue
[2024-04-16T13:05:21.857+0000] {logging_mixin.py:120} INFO - [2024-04-16T13:05:21.857+0000] {dagbag.py:537} INFO - Filling up the DagBag from /home/airflow/.local/lib/python3.7/site-packages/airflow/example_dags/example_external_task_marker_dag.py
[2024-04-16T13:05:21.898+0000] {processor.py:766} INFO - DAG(s) dict_keys(['example_external_task_marker_child', 'example_external_task_marker_parent']) retrieved from /home/airflow/.local/lib/python3.7/site-packages/airflow/example_dags/example_external_task_marker_dag.py
[2024-04-16T13:05:22.757+0000] {logging_mixin.py:120} INFO - [2024-04-16T13:05:22.756+0000] {dag.py:2585} INFO - Sync 2 DAGs
[2024-04-16T13:05:22.816+0000] {logging_mixin.py:120} INFO - [2024-04-16T13:05:22.816+0000] {dag.py:3340} INFO - Setting next_dagrun for example_external_task_marker_child to None, run_after=None
[2024-04-16T13:05:22.825+0000] {logging_mixin.py:120} INFO - [2024-04-16T13:05:22.825+0000] {dag.py:3340} INFO - Setting next_dagrun for example_external_task_marker_parent to None, run_after=None
[2024-04-16T13:05:22.859+0000] {processor.py:176} INFO - Processing /home/airflow/.local/lib/python3.7/site-packages/airflow/example_dags/example_external_task_marker_dag.py took 1.021 seconds
[2024-04-16T13:05:53.611+0000] {processor.py:154} INFO - Started process (PID=958) to work on /home/airflow/.local/lib/python3.7/site-packages/airflow/example_dags/example_external_task_marker_dag.py
[2024-04-16T13:05:53.615+0000] {processor.py:756} INFO - Processing file /home/airflow/.local/lib/python3.7/site-packages/airflow/example_dags/example_external_task_marker_dag.py for tasks to queue
[2024-04-16T13:05:53.617+0000] {logging_mixin.py:120} INFO - [2024-04-16T13:05:53.617+0000] {dagbag.py:537} INFO - Filling up the DagBag from /home/airflow/.local/lib/python3.7/site-packages/airflow/example_dags/example_external_task_marker_dag.py
[2024-04-16T13:05:53.643+0000] {processor.py:766} INFO - DAG(s) dict_keys(['example_external_task_marker_parent', 'example_external_task_marker_child']) retrieved from /home/airflow/.local/lib/python3.7/site-packages/airflow/example_dags/example_external_task_marker_dag.py
[2024-04-16T13:05:54.359+0000] {logging_mixin.py:120} INFO - [2024-04-16T13:05:54.357+0000] {dag.py:2585} INFO - Sync 2 DAGs
[2024-04-16T13:05:54.399+0000] {logging_mixin.py:120} INFO - [2024-04-16T13:05:54.398+0000] {dag.py:3340} INFO - Setting next_dagrun for example_external_task_marker_child to None, run_after=None
[2024-04-16T13:05:54.406+0000] {logging_mixin.py:120} INFO - [2024-04-16T13:05:54.406+0000] {dag.py:3340} INFO - Setting next_dagrun for example_external_task_marker_parent to None, run_after=None
[2024-04-16T13:05:54.442+0000] {processor.py:176} INFO - Processing /home/airflow/.local/lib/python3.7/site-packages/airflow/example_dags/example_external_task_marker_dag.py took 0.837 seconds
[2024-04-16T13:06:30.256+0000] {processor.py:154} INFO - Started process (PID=1036) to work on /home/airflow/.local/lib/python3.7/site-packages/airflow/example_dags/example_external_task_marker_dag.py
[2024-04-16T13:06:30.259+0000] {processor.py:756} INFO - Processing file /home/airflow/.local/lib/python3.7/site-packages/airflow/example_dags/example_external_task_marker_dag.py for tasks to queue
[2024-04-16T13:06:30.262+0000] {logging_mixin.py:120} INFO - [2024-04-16T13:06:30.262+0000] {dagbag.py:537} INFO - Filling up the DagBag from /home/airflow/.local/lib/python3.7/site-packages/airflow/example_dags/example_external_task_marker_dag.py
[2024-04-16T13:06:30.303+0000] {processor.py:766} INFO - DAG(s) dict_keys(['example_external_task_marker_parent', 'example_external_task_marker_child']) retrieved from /home/airflow/.local/lib/python3.7/site-packages/airflow/example_dags/example_external_task_marker_dag.py
[2024-04-16T13:06:31.311+0000] {logging_mixin.py:120} INFO - [2024-04-16T13:06:31.308+0000] {dag.py:2585} INFO - Sync 2 DAGs
[2024-04-16T13:06:31.445+0000] {logging_mixin.py:120} INFO - [2024-04-16T13:06:31.445+0000] {dag.py:3340} INFO - Setting next_dagrun for example_external_task_marker_child to None, run_after=None
[2024-04-16T13:06:31.454+0000] {logging_mixin.py:120} INFO - [2024-04-16T13:06:31.454+0000] {dag.py:3340} INFO - Setting next_dagrun for example_external_task_marker_parent to None, run_after=None
[2024-04-16T13:06:31.497+0000] {processor.py:176} INFO - Processing /home/airflow/.local/lib/python3.7/site-packages/airflow/example_dags/example_external_task_marker_dag.py took 1.252 seconds
[2024-04-16T13:07:01.713+0000] {processor.py:154} INFO - Started process (PID=1104) to work on /home/airflow/.local/lib/python3.7/site-packages/airflow/example_dags/example_external_task_marker_dag.py
[2024-04-16T13:07:01.716+0000] {processor.py:756} INFO - Processing file /home/airflow/.local/lib/python3.7/site-packages/airflow/example_dags/example_external_task_marker_dag.py for tasks to queue
[2024-04-16T13:07:01.718+0000] {logging_mixin.py:120} INFO - [2024-04-16T13:07:01.718+0000] {dagbag.py:537} INFO - Filling up the DagBag from /home/airflow/.local/lib/python3.7/site-packages/airflow/example_dags/example_external_task_marker_dag.py
[2024-04-16T13:07:01.744+0000] {processor.py:766} INFO - DAG(s) dict_keys(['example_external_task_marker_child', 'example_external_task_marker_parent']) retrieved from /home/airflow/.local/lib/python3.7/site-packages/airflow/example_dags/example_external_task_marker_dag.py
[2024-04-16T13:07:02.513+0000] {logging_mixin.py:120} INFO - [2024-04-16T13:07:02.513+0000] {dag.py:2585} INFO - Sync 2 DAGs
[2024-04-16T13:07:02.553+0000] {logging_mixin.py:120} INFO - [2024-04-16T13:07:02.552+0000] {dag.py:3340} INFO - Setting next_dagrun for example_external_task_marker_child to None, run_after=None
[2024-04-16T13:07:02.558+0000] {logging_mixin.py:120} INFO - [2024-04-16T13:07:02.558+0000] {dag.py:3340} INFO - Setting next_dagrun for example_external_task_marker_parent to None, run_after=None
[2024-04-16T13:07:02.591+0000] {processor.py:176} INFO - Processing /home/airflow/.local/lib/python3.7/site-packages/airflow/example_dags/example_external_task_marker_dag.py took 0.886 seconds
[2024-04-16T13:07:33.763+0000] {processor.py:154} INFO - Started process (PID=1182) to work on /home/airflow/.local/lib/python3.7/site-packages/airflow/example_dags/example_external_task_marker_dag.py
[2024-04-16T13:07:33.766+0000] {processor.py:756} INFO - Processing file /home/airflow/.local/lib/python3.7/site-packages/airflow/example_dags/example_external_task_marker_dag.py for tasks to queue
[2024-04-16T13:07:33.768+0000] {logging_mixin.py:120} INFO - [2024-04-16T13:07:33.768+0000] {dagbag.py:537} INFO - Filling up the DagBag from /home/airflow/.local/lib/python3.7/site-packages/airflow/example_dags/example_external_task_marker_dag.py
[2024-04-16T13:07:33.797+0000] {processor.py:766} INFO - DAG(s) dict_keys(['example_external_task_marker_parent', 'example_external_task_marker_child']) retrieved from /home/airflow/.local/lib/python3.7/site-packages/airflow/example_dags/example_external_task_marker_dag.py
[2024-04-16T13:07:34.637+0000] {logging_mixin.py:120} INFO - [2024-04-16T13:07:34.636+0000] {dag.py:2585} INFO - Sync 2 DAGs
[2024-04-16T13:07:34.678+0000] {logging_mixin.py:120} INFO - [2024-04-16T13:07:34.678+0000] {dag.py:3340} INFO - Setting next_dagrun for example_external_task_marker_child to None, run_after=None
[2024-04-16T13:07:34.684+0000] {logging_mixin.py:120} INFO - [2024-04-16T13:07:34.684+0000] {dag.py:3340} INFO - Setting next_dagrun for example_external_task_marker_parent to None, run_after=None
[2024-04-16T13:07:34.711+0000] {processor.py:176} INFO - Processing /home/airflow/.local/lib/python3.7/site-packages/airflow/example_dags/example_external_task_marker_dag.py took 0.958 seconds
[2024-04-16T13:08:05.088+0000] {processor.py:154} INFO - Started process (PID=1251) to work on /home/airflow/.local/lib/python3.7/site-packages/airflow/example_dags/example_external_task_marker_dag.py
[2024-04-16T13:08:05.090+0000] {processor.py:756} INFO - Processing file /home/airflow/.local/lib/python3.7/site-packages/airflow/example_dags/example_external_task_marker_dag.py for tasks to queue
[2024-04-16T13:08:05.093+0000] {logging_mixin.py:120} INFO - [2024-04-16T13:08:05.093+0000] {dagbag.py:537} INFO - Filling up the DagBag from /home/airflow/.local/lib/python3.7/site-packages/airflow/example_dags/example_external_task_marker_dag.py
[2024-04-16T13:08:05.119+0000] {processor.py:766} INFO - DAG(s) dict_keys(['example_external_task_marker_parent', 'example_external_task_marker_child']) retrieved from /home/airflow/.local/lib/python3.7/site-packages/airflow/example_dags/example_external_task_marker_dag.py
[2024-04-16T13:08:05.841+0000] {logging_mixin.py:120} INFO - [2024-04-16T13:08:05.840+0000] {dag.py:2585} INFO - Sync 2 DAGs
[2024-04-16T13:08:05.881+0000] {logging_mixin.py:120} INFO - [2024-04-16T13:08:05.881+0000] {dag.py:3340} INFO - Setting next_dagrun for example_external_task_marker_child to None, run_after=None
[2024-04-16T13:08:05.888+0000] {logging_mixin.py:120} INFO - [2024-04-16T13:08:05.888+0000] {dag.py:3340} INFO - Setting next_dagrun for example_external_task_marker_parent to None, run_after=None
[2024-04-16T13:08:05.918+0000] {processor.py:176} INFO - Processing /home/airflow/.local/lib/python3.7/site-packages/airflow/example_dags/example_external_task_marker_dag.py took 0.836 seconds
[2024-04-16T13:08:35.988+0000] {processor.py:154} INFO - Started process (PID=1328) to work on /home/airflow/.local/lib/python3.7/site-packages/airflow/example_dags/example_external_task_marker_dag.py
[2024-04-16T13:08:35.991+0000] {processor.py:756} INFO - Processing file /home/airflow/.local/lib/python3.7/site-packages/airflow/example_dags/example_external_task_marker_dag.py for tasks to queue
[2024-04-16T13:08:35.994+0000] {logging_mixin.py:120} INFO - [2024-04-16T13:08:35.994+0000] {dagbag.py:537} INFO - Filling up the DagBag from /home/airflow/.local/lib/python3.7/site-packages/airflow/example_dags/example_external_task_marker_dag.py
[2024-04-16T13:08:36.019+0000] {processor.py:766} INFO - DAG(s) dict_keys(['example_external_task_marker_parent', 'example_external_task_marker_child']) retrieved from /home/airflow/.local/lib/python3.7/site-packages/airflow/example_dags/example_external_task_marker_dag.py
[2024-04-16T13:08:36.759+0000] {logging_mixin.py:120} INFO - [2024-04-16T13:08:36.758+0000] {dag.py:2585} INFO - Sync 2 DAGs
[2024-04-16T13:08:36.811+0000] {logging_mixin.py:120} INFO - [2024-04-16T13:08:36.811+0000] {dag.py:3340} INFO - Setting next_dagrun for example_external_task_marker_child to None, run_after=None
[2024-04-16T13:08:36.819+0000] {logging_mixin.py:120} INFO - [2024-04-16T13:08:36.819+0000] {dag.py:3340} INFO - Setting next_dagrun for example_external_task_marker_parent to None, run_after=None
[2024-04-16T13:08:36.854+0000] {processor.py:176} INFO - Processing /home/airflow/.local/lib/python3.7/site-packages/airflow/example_dags/example_external_task_marker_dag.py took 0.872 seconds
[2024-04-16T13:09:07.271+0000] {processor.py:154} INFO - Started process (PID=1398) to work on /home/airflow/.local/lib/python3.7/site-packages/airflow/example_dags/example_external_task_marker_dag.py
[2024-04-16T13:09:07.273+0000] {processor.py:756} INFO - Processing file /home/airflow/.local/lib/python3.7/site-packages/airflow/example_dags/example_external_task_marker_dag.py for tasks to queue
[2024-04-16T13:09:07.275+0000] {logging_mixin.py:120} INFO - [2024-04-16T13:09:07.275+0000] {dagbag.py:537} INFO - Filling up the DagBag from /home/airflow/.local/lib/python3.7/site-packages/airflow/example_dags/example_external_task_marker_dag.py
[2024-04-16T13:09:07.306+0000] {processor.py:766} INFO - DAG(s) dict_keys(['example_external_task_marker_child', 'example_external_task_marker_parent']) retrieved from /home/airflow/.local/lib/python3.7/site-packages/airflow/example_dags/example_external_task_marker_dag.py
[2024-04-16T13:09:08.850+0000] {logging_mixin.py:120} INFO - [2024-04-16T13:09:08.849+0000] {dag.py:2585} INFO - Sync 2 DAGs
[2024-04-16T13:09:09.001+0000] {logging_mixin.py:120} INFO - [2024-04-16T13:09:09.000+0000] {dag.py:3340} INFO - Setting next_dagrun for example_external_task_marker_child to None, run_after=None
[2024-04-16T13:09:09.045+0000] {logging_mixin.py:120} INFO - [2024-04-16T13:09:09.045+0000] {dag.py:3340} INFO - Setting next_dagrun for example_external_task_marker_parent to None, run_after=None
[2024-04-16T13:09:09.212+0000] {processor.py:176} INFO - Processing /home/airflow/.local/lib/python3.7/site-packages/airflow/example_dags/example_external_task_marker_dag.py took 1.949 seconds
[2024-04-16T13:09:39.398+0000] {processor.py:154} INFO - Started process (PID=1479) to work on /home/airflow/.local/lib/python3.7/site-packages/airflow/example_dags/example_external_task_marker_dag.py
[2024-04-16T13:09:39.402+0000] {processor.py:756} INFO - Processing file /home/airflow/.local/lib/python3.7/site-packages/airflow/example_dags/example_external_task_marker_dag.py for tasks to queue
[2024-04-16T13:09:39.406+0000] {logging_mixin.py:120} INFO - [2024-04-16T13:09:39.405+0000] {dagbag.py:537} INFO - Filling up the DagBag from /home/airflow/.local/lib/python3.7/site-packages/airflow/example_dags/example_external_task_marker_dag.py
[2024-04-16T13:09:39.461+0000] {processor.py:766} INFO - DAG(s) dict_keys(['example_external_task_marker_parent', 'example_external_task_marker_child']) retrieved from /home/airflow/.local/lib/python3.7/site-packages/airflow/example_dags/example_external_task_marker_dag.py
[2024-04-16T13:09:40.370+0000] {logging_mixin.py:120} INFO - [2024-04-16T13:09:40.369+0000] {dag.py:2585} INFO - Sync 2 DAGs
[2024-04-16T13:09:40.408+0000] {logging_mixin.py:120} INFO - [2024-04-16T13:09:40.408+0000] {dag.py:3340} INFO - Setting next_dagrun for example_external_task_marker_child to None, run_after=None
[2024-04-16T13:09:40.417+0000] {logging_mixin.py:120} INFO - [2024-04-16T13:09:40.417+0000] {dag.py:3340} INFO - Setting next_dagrun for example_external_task_marker_parent to None, run_after=None
[2024-04-16T13:09:40.454+0000] {processor.py:176} INFO - Processing /home/airflow/.local/lib/python3.7/site-packages/airflow/example_dags/example_external_task_marker_dag.py took 1.067 seconds
[2024-04-16T13:10:10.831+0000] {processor.py:154} INFO - Started process (PID=1548) to work on /home/airflow/.local/lib/python3.7/site-packages/airflow/example_dags/example_external_task_marker_dag.py
[2024-04-16T13:10:10.834+0000] {processor.py:756} INFO - Processing file /home/airflow/.local/lib/python3.7/site-packages/airflow/example_dags/example_external_task_marker_dag.py for tasks to queue
[2024-04-16T13:10:10.837+0000] {logging_mixin.py:120} INFO - [2024-04-16T13:10:10.836+0000] {dagbag.py:537} INFO - Filling up the DagBag from /home/airflow/.local/lib/python3.7/site-packages/airflow/example_dags/example_external_task_marker_dag.py
[2024-04-16T13:10:10.861+0000] {processor.py:766} INFO - DAG(s) dict_keys(['example_external_task_marker_child', 'example_external_task_marker_parent']) retrieved from /home/airflow/.local/lib/python3.7/site-packages/airflow/example_dags/example_external_task_marker_dag.py
[2024-04-16T13:10:11.690+0000] {logging_mixin.py:120} INFO - [2024-04-16T13:10:11.689+0000] {dag.py:2585} INFO - Sync 2 DAGs
[2024-04-16T13:10:11.730+0000] {logging_mixin.py:120} INFO - [2024-04-16T13:10:11.730+0000] {dag.py:3340} INFO - Setting next_dagrun for example_external_task_marker_child to None, run_after=None
[2024-04-16T13:10:11.735+0000] {logging_mixin.py:120} INFO - [2024-04-16T13:10:11.735+0000] {dag.py:3340} INFO - Setting next_dagrun for example_external_task_marker_parent to None, run_after=None
[2024-04-16T13:10:11.760+0000] {processor.py:176} INFO - Processing /home/airflow/.local/lib/python3.7/site-packages/airflow/example_dags/example_external_task_marker_dag.py took 0.936 seconds
[2024-04-16T13:10:42.646+0000] {processor.py:154} INFO - Started process (PID=1626) to work on /home/airflow/.local/lib/python3.7/site-packages/airflow/example_dags/example_external_task_marker_dag.py
[2024-04-16T13:10:42.649+0000] {processor.py:756} INFO - Processing file /home/airflow/.local/lib/python3.7/site-packages/airflow/example_dags/example_external_task_marker_dag.py for tasks to queue
[2024-04-16T13:10:42.651+0000] {logging_mixin.py:120} INFO - [2024-04-16T13:10:42.651+0000] {dagbag.py:537} INFO - Filling up the DagBag from /home/airflow/.local/lib/python3.7/site-packages/airflow/example_dags/example_external_task_marker_dag.py
[2024-04-16T13:10:42.686+0000] {processor.py:766} INFO - DAG(s) dict_keys(['example_external_task_marker_parent', 'example_external_task_marker_child']) retrieved from /home/airflow/.local/lib/python3.7/site-packages/airflow/example_dags/example_external_task_marker_dag.py
[2024-04-16T13:10:43.379+0000] {logging_mixin.py:120} INFO - [2024-04-16T13:10:43.377+0000] {dag.py:2585} INFO - Sync 2 DAGs
[2024-04-16T13:10:43.448+0000] {logging_mixin.py:120} INFO - [2024-04-16T13:10:43.447+0000] {dag.py:3340} INFO - Setting next_dagrun for example_external_task_marker_child to None, run_after=None
[2024-04-16T13:10:43.459+0000] {logging_mixin.py:120} INFO - [2024-04-16T13:10:43.459+0000] {dag.py:3340} INFO - Setting next_dagrun for example_external_task_marker_parent to None, run_after=None
[2024-04-16T13:10:43.490+0000] {processor.py:176} INFO - Processing /home/airflow/.local/lib/python3.7/site-packages/airflow/example_dags/example_external_task_marker_dag.py took 0.852 seconds
[2024-04-16T13:11:14.292+0000] {processor.py:154} INFO - Started process (PID=1695) to work on /home/airflow/.local/lib/python3.7/site-packages/airflow/example_dags/example_external_task_marker_dag.py
[2024-04-16T13:11:14.294+0000] {processor.py:756} INFO - Processing file /home/airflow/.local/lib/python3.7/site-packages/airflow/example_dags/example_external_task_marker_dag.py for tasks to queue
[2024-04-16T13:11:14.296+0000] {logging_mixin.py:120} INFO - [2024-04-16T13:11:14.295+0000] {dagbag.py:537} INFO - Filling up the DagBag from /home/airflow/.local/lib/python3.7/site-packages/airflow/example_dags/example_external_task_marker_dag.py
[2024-04-16T13:11:14.319+0000] {processor.py:766} INFO - DAG(s) dict_keys(['example_external_task_marker_parent', 'example_external_task_marker_child']) retrieved from /home/airflow/.local/lib/python3.7/site-packages/airflow/example_dags/example_external_task_marker_dag.py
[2024-04-16T13:11:15.329+0000] {logging_mixin.py:120} INFO - [2024-04-16T13:11:15.327+0000] {dag.py:2585} INFO - Sync 2 DAGs
[2024-04-16T13:11:15.367+0000] {logging_mixin.py:120} INFO - [2024-04-16T13:11:15.366+0000] {dag.py:3340} INFO - Setting next_dagrun for example_external_task_marker_child to None, run_after=None
[2024-04-16T13:11:15.373+0000] {logging_mixin.py:120} INFO - [2024-04-16T13:11:15.373+0000] {dag.py:3340} INFO - Setting next_dagrun for example_external_task_marker_parent to None, run_after=None
[2024-04-16T13:11:15.410+0000] {processor.py:176} INFO - Processing /home/airflow/.local/lib/python3.7/site-packages/airflow/example_dags/example_external_task_marker_dag.py took 1.125 seconds
[2024-04-16T13:11:46.300+0000] {processor.py:154} INFO - Started process (PID=1776) to work on /home/airflow/.local/lib/python3.7/site-packages/airflow/example_dags/example_external_task_marker_dag.py
[2024-04-16T13:11:46.304+0000] {processor.py:756} INFO - Processing file /home/airflow/.local/lib/python3.7/site-packages/airflow/example_dags/example_external_task_marker_dag.py for tasks to queue
[2024-04-16T13:11:46.306+0000] {logging_mixin.py:120} INFO - [2024-04-16T13:11:46.305+0000] {dagbag.py:537} INFO - Filling up the DagBag from /home/airflow/.local/lib/python3.7/site-packages/airflow/example_dags/example_external_task_marker_dag.py
[2024-04-16T13:11:46.346+0000] {processor.py:766} INFO - DAG(s) dict_keys(['example_external_task_marker_parent', 'example_external_task_marker_child']) retrieved from /home/airflow/.local/lib/python3.7/site-packages/airflow/example_dags/example_external_task_marker_dag.py
[2024-04-16T13:11:47.128+0000] {logging_mixin.py:120} INFO - [2024-04-16T13:11:47.126+0000] {dag.py:2585} INFO - Sync 2 DAGs
[2024-04-16T13:11:47.185+0000] {logging_mixin.py:120} INFO - [2024-04-16T13:11:47.185+0000] {dag.py:3340} INFO - Setting next_dagrun for example_external_task_marker_child to None, run_after=None
[2024-04-16T13:11:47.192+0000] {logging_mixin.py:120} INFO - [2024-04-16T13:11:47.192+0000] {dag.py:3340} INFO - Setting next_dagrun for example_external_task_marker_parent to None, run_after=None
[2024-04-16T13:11:47.219+0000] {processor.py:176} INFO - Processing /home/airflow/.local/lib/python3.7/site-packages/airflow/example_dags/example_external_task_marker_dag.py took 0.928 seconds
[2024-04-16T13:12:17.417+0000] {processor.py:154} INFO - Started process (PID=1846) to work on /home/airflow/.local/lib/python3.7/site-packages/airflow/example_dags/example_external_task_marker_dag.py
[2024-04-16T13:12:17.420+0000] {processor.py:756} INFO - Processing file /home/airflow/.local/lib/python3.7/site-packages/airflow/example_dags/example_external_task_marker_dag.py for tasks to queue
[2024-04-16T13:12:17.422+0000] {logging_mixin.py:120} INFO - [2024-04-16T13:12:17.421+0000] {dagbag.py:537} INFO - Filling up the DagBag from /home/airflow/.local/lib/python3.7/site-packages/airflow/example_dags/example_external_task_marker_dag.py
[2024-04-16T13:12:17.448+0000] {processor.py:766} INFO - DAG(s) dict_keys(['example_external_task_marker_child', 'example_external_task_marker_parent']) retrieved from /home/airflow/.local/lib/python3.7/site-packages/airflow/example_dags/example_external_task_marker_dag.py
[2024-04-16T13:12:18.192+0000] {logging_mixin.py:120} INFO - [2024-04-16T13:12:18.191+0000] {dag.py:2585} INFO - Sync 2 DAGs
[2024-04-16T13:12:18.233+0000] {logging_mixin.py:120} INFO - [2024-04-16T13:12:18.232+0000] {dag.py:3340} INFO - Setting next_dagrun for example_external_task_marker_child to None, run_after=None
[2024-04-16T13:12:18.239+0000] {logging_mixin.py:120} INFO - [2024-04-16T13:12:18.238+0000] {dag.py:3340} INFO - Setting next_dagrun for example_external_task_marker_parent to None, run_after=None
[2024-04-16T13:12:18.264+0000] {processor.py:176} INFO - Processing /home/airflow/.local/lib/python3.7/site-packages/airflow/example_dags/example_external_task_marker_dag.py took 0.855 seconds
[2024-04-16T13:12:49.292+0000] {processor.py:154} INFO - Started process (PID=1928) to work on /home/airflow/.local/lib/python3.7/site-packages/airflow/example_dags/example_external_task_marker_dag.py
[2024-04-16T13:12:49.299+0000] {processor.py:756} INFO - Processing file /home/airflow/.local/lib/python3.7/site-packages/airflow/example_dags/example_external_task_marker_dag.py for tasks to queue
[2024-04-16T13:12:49.303+0000] {logging_mixin.py:120} INFO - [2024-04-16T13:12:49.302+0000] {dagbag.py:537} INFO - Filling up the DagBag from /home/airflow/.local/lib/python3.7/site-packages/airflow/example_dags/example_external_task_marker_dag.py
[2024-04-16T13:12:49.359+0000] {processor.py:766} INFO - DAG(s) dict_keys(['example_external_task_marker_child', 'example_external_task_marker_parent']) retrieved from /home/airflow/.local/lib/python3.7/site-packages/airflow/example_dags/example_external_task_marker_dag.py
[2024-04-16T13:12:50.428+0000] {logging_mixin.py:120} INFO - [2024-04-16T13:12:50.427+0000] {dag.py:2585} INFO - Sync 2 DAGs
[2024-04-16T13:12:50.466+0000] {logging_mixin.py:120} INFO - [2024-04-16T13:12:50.465+0000] {dag.py:3340} INFO - Setting next_dagrun for example_external_task_marker_child to None, run_after=None
[2024-04-16T13:12:50.471+0000] {logging_mixin.py:120} INFO - [2024-04-16T13:12:50.471+0000] {dag.py:3340} INFO - Setting next_dagrun for example_external_task_marker_parent to None, run_after=None
[2024-04-16T13:12:50.498+0000] {processor.py:176} INFO - Processing /home/airflow/.local/lib/python3.7/site-packages/airflow/example_dags/example_external_task_marker_dag.py took 1.229 seconds
[2024-04-16T13:13:20.808+0000] {processor.py:154} INFO - Started process (PID=2000) to work on /home/airflow/.local/lib/python3.7/site-packages/airflow/example_dags/example_external_task_marker_dag.py
[2024-04-16T13:13:20.811+0000] {processor.py:756} INFO - Processing file /home/airflow/.local/lib/python3.7/site-packages/airflow/example_dags/example_external_task_marker_dag.py for tasks to queue
[2024-04-16T13:13:20.813+0000] {logging_mixin.py:120} INFO - [2024-04-16T13:13:20.813+0000] {dagbag.py:537} INFO - Filling up the DagBag from /home/airflow/.local/lib/python3.7/site-packages/airflow/example_dags/example_external_task_marker_dag.py
[2024-04-16T13:13:20.846+0000] {processor.py:766} INFO - DAG(s) dict_keys(['example_external_task_marker_parent', 'example_external_task_marker_child']) retrieved from /home/airflow/.local/lib/python3.7/site-packages/airflow/example_dags/example_external_task_marker_dag.py
[2024-04-16T13:13:21.676+0000] {logging_mixin.py:120} INFO - [2024-04-16T13:13:21.675+0000] {dag.py:2585} INFO - Sync 2 DAGs
[2024-04-16T13:13:21.717+0000] {logging_mixin.py:120} INFO - [2024-04-16T13:13:21.716+0000] {dag.py:3340} INFO - Setting next_dagrun for example_external_task_marker_child to None, run_after=None
[2024-04-16T13:13:21.722+0000] {logging_mixin.py:120} INFO - [2024-04-16T13:13:21.722+0000] {dag.py:3340} INFO - Setting next_dagrun for example_external_task_marker_parent to None, run_after=None
[2024-04-16T13:13:21.750+0000] {processor.py:176} INFO - Processing /home/airflow/.local/lib/python3.7/site-packages/airflow/example_dags/example_external_task_marker_dag.py took 0.954 seconds
[2024-04-16T13:13:52.797+0000] {processor.py:154} INFO - Started process (PID=2081) to work on /home/airflow/.local/lib/python3.7/site-packages/airflow/example_dags/example_external_task_marker_dag.py
[2024-04-16T13:13:52.799+0000] {processor.py:756} INFO - Processing file /home/airflow/.local/lib/python3.7/site-packages/airflow/example_dags/example_external_task_marker_dag.py for tasks to queue
[2024-04-16T13:13:52.802+0000] {logging_mixin.py:120} INFO - [2024-04-16T13:13:52.801+0000] {dagbag.py:537} INFO - Filling up the DagBag from /home/airflow/.local/lib/python3.7/site-packages/airflow/example_dags/example_external_task_marker_dag.py
[2024-04-16T13:13:52.832+0000] {processor.py:766} INFO - DAG(s) dict_keys(['example_external_task_marker_parent', 'example_external_task_marker_child']) retrieved from /home/airflow/.local/lib/python3.7/site-packages/airflow/example_dags/example_external_task_marker_dag.py
[2024-04-16T13:13:53.670+0000] {logging_mixin.py:120} INFO - [2024-04-16T13:13:53.667+0000] {dag.py:2585} INFO - Sync 2 DAGs
[2024-04-16T13:13:53.717+0000] {logging_mixin.py:120} INFO - [2024-04-16T13:13:53.717+0000] {dag.py:3340} INFO - Setting next_dagrun for example_external_task_marker_child to None, run_after=None
[2024-04-16T13:13:53.724+0000] {logging_mixin.py:120} INFO - [2024-04-16T13:13:53.724+0000] {dag.py:3340} INFO - Setting next_dagrun for example_external_task_marker_parent to None, run_after=None
[2024-04-16T13:13:53.757+0000] {processor.py:176} INFO - Processing /home/airflow/.local/lib/python3.7/site-packages/airflow/example_dags/example_external_task_marker_dag.py took 0.967 seconds
[2024-04-16T13:14:24.493+0000] {processor.py:154} INFO - Started process (PID=2155) to work on /home/airflow/.local/lib/python3.7/site-packages/airflow/example_dags/example_external_task_marker_dag.py
[2024-04-16T13:14:24.496+0000] {processor.py:756} INFO - Processing file /home/airflow/.local/lib/python3.7/site-packages/airflow/example_dags/example_external_task_marker_dag.py for tasks to queue
[2024-04-16T13:14:24.498+0000] {logging_mixin.py:120} INFO - [2024-04-16T13:14:24.498+0000] {dagbag.py:537} INFO - Filling up the DagBag from /home/airflow/.local/lib/python3.7/site-packages/airflow/example_dags/example_external_task_marker_dag.py
[2024-04-16T13:14:24.522+0000] {processor.py:766} INFO - DAG(s) dict_keys(['example_external_task_marker_parent', 'example_external_task_marker_child']) retrieved from /home/airflow/.local/lib/python3.7/site-packages/airflow/example_dags/example_external_task_marker_dag.py
[2024-04-16T13:14:25.243+0000] {logging_mixin.py:120} INFO - [2024-04-16T13:14:25.241+0000] {dag.py:2585} INFO - Sync 2 DAGs
[2024-04-16T13:14:25.280+0000] {logging_mixin.py:120} INFO - [2024-04-16T13:14:25.280+0000] {dag.py:3340} INFO - Setting next_dagrun for example_external_task_marker_child to None, run_after=None
[2024-04-16T13:14:25.287+0000] {logging_mixin.py:120} INFO - [2024-04-16T13:14:25.287+0000] {dag.py:3340} INFO - Setting next_dagrun for example_external_task_marker_parent to None, run_after=None
[2024-04-16T13:14:25.317+0000] {processor.py:176} INFO - Processing /home/airflow/.local/lib/python3.7/site-packages/airflow/example_dags/example_external_task_marker_dag.py took 0.830 seconds
[2024-04-16T13:14:56.302+0000] {processor.py:154} INFO - Started process (PID=2235) to work on /home/airflow/.local/lib/python3.7/site-packages/airflow/example_dags/example_external_task_marker_dag.py
[2024-04-16T13:14:56.306+0000] {processor.py:756} INFO - Processing file /home/airflow/.local/lib/python3.7/site-packages/airflow/example_dags/example_external_task_marker_dag.py for tasks to queue
[2024-04-16T13:14:56.308+0000] {logging_mixin.py:120} INFO - [2024-04-16T13:14:56.307+0000] {dagbag.py:537} INFO - Filling up the DagBag from /home/airflow/.local/lib/python3.7/site-packages/airflow/example_dags/example_external_task_marker_dag.py
[2024-04-16T13:14:56.341+0000] {processor.py:766} INFO - DAG(s) dict_keys(['example_external_task_marker_child', 'example_external_task_marker_parent']) retrieved from /home/airflow/.local/lib/python3.7/site-packages/airflow/example_dags/example_external_task_marker_dag.py
[2024-04-16T13:14:57.100+0000] {logging_mixin.py:120} INFO - [2024-04-16T13:14:57.099+0000] {dag.py:2585} INFO - Sync 2 DAGs
[2024-04-16T13:14:57.143+0000] {logging_mixin.py:120} INFO - [2024-04-16T13:14:57.142+0000] {dag.py:3340} INFO - Setting next_dagrun for example_external_task_marker_child to None, run_after=None
[2024-04-16T13:14:57.149+0000] {logging_mixin.py:120} INFO - [2024-04-16T13:14:57.149+0000] {dag.py:3340} INFO - Setting next_dagrun for example_external_task_marker_parent to None, run_after=None
[2024-04-16T13:14:57.182+0000] {processor.py:176} INFO - Processing /home/airflow/.local/lib/python3.7/site-packages/airflow/example_dags/example_external_task_marker_dag.py took 0.886 seconds
[2024-04-16T13:15:27.428+0000] {processor.py:154} INFO - Started process (PID=2315) to work on /home/airflow/.local/lib/python3.7/site-packages/airflow/example_dags/example_external_task_marker_dag.py
[2024-04-16T13:15:27.430+0000] {processor.py:756} INFO - Processing file /home/airflow/.local/lib/python3.7/site-packages/airflow/example_dags/example_external_task_marker_dag.py for tasks to queue
[2024-04-16T13:15:27.432+0000] {logging_mixin.py:120} INFO - [2024-04-16T13:15:27.432+0000] {dagbag.py:537} INFO - Filling up the DagBag from /home/airflow/.local/lib/python3.7/site-packages/airflow/example_dags/example_external_task_marker_dag.py
[2024-04-16T13:15:27.455+0000] {processor.py:766} INFO - DAG(s) dict_keys(['example_external_task_marker_child', 'example_external_task_marker_parent']) retrieved from /home/airflow/.local/lib/python3.7/site-packages/airflow/example_dags/example_external_task_marker_dag.py
[2024-04-16T13:15:28.091+0000] {logging_mixin.py:120} INFO - [2024-04-16T13:15:28.090+0000] {dag.py:2585} INFO - Sync 2 DAGs
[2024-04-16T13:15:28.131+0000] {logging_mixin.py:120} INFO - [2024-04-16T13:15:28.130+0000] {dag.py:3340} INFO - Setting next_dagrun for example_external_task_marker_child to None, run_after=None
[2024-04-16T13:15:28.137+0000] {logging_mixin.py:120} INFO - [2024-04-16T13:15:28.137+0000] {dag.py:3340} INFO - Setting next_dagrun for example_external_task_marker_parent to None, run_after=None
[2024-04-16T13:15:28.165+0000] {processor.py:176} INFO - Processing /home/airflow/.local/lib/python3.7/site-packages/airflow/example_dags/example_external_task_marker_dag.py took 0.742 seconds
[2024-04-16T13:15:58.773+0000] {processor.py:154} INFO - Started process (PID=2384) to work on /home/airflow/.local/lib/python3.7/site-packages/airflow/example_dags/example_external_task_marker_dag.py
[2024-04-16T13:15:58.775+0000] {processor.py:756} INFO - Processing file /home/airflow/.local/lib/python3.7/site-packages/airflow/example_dags/example_external_task_marker_dag.py for tasks to queue
[2024-04-16T13:15:58.776+0000] {logging_mixin.py:120} INFO - [2024-04-16T13:15:58.776+0000] {dagbag.py:537} INFO - Filling up the DagBag from /home/airflow/.local/lib/python3.7/site-packages/airflow/example_dags/example_external_task_marker_dag.py
[2024-04-16T13:15:58.798+0000] {processor.py:766} INFO - DAG(s) dict_keys(['example_external_task_marker_child', 'example_external_task_marker_parent']) retrieved from /home/airflow/.local/lib/python3.7/site-packages/airflow/example_dags/example_external_task_marker_dag.py
[2024-04-16T13:15:59.483+0000] {logging_mixin.py:120} INFO - [2024-04-16T13:15:59.483+0000] {dag.py:2585} INFO - Sync 2 DAGs
[2024-04-16T13:15:59.522+0000] {logging_mixin.py:120} INFO - [2024-04-16T13:15:59.522+0000] {dag.py:3340} INFO - Setting next_dagrun for example_external_task_marker_child to None, run_after=None
[2024-04-16T13:15:59.529+0000] {logging_mixin.py:120} INFO - [2024-04-16T13:15:59.529+0000] {dag.py:3340} INFO - Setting next_dagrun for example_external_task_marker_parent to None, run_after=None
[2024-04-16T13:15:59.555+0000] {processor.py:176} INFO - Processing /home/airflow/.local/lib/python3.7/site-packages/airflow/example_dags/example_external_task_marker_dag.py took 0.787 seconds
[2024-04-16T13:16:29.828+0000] {processor.py:154} INFO - Started process (PID=2462) to work on /home/airflow/.local/lib/python3.7/site-packages/airflow/example_dags/example_external_task_marker_dag.py
[2024-04-16T13:16:29.830+0000] {processor.py:756} INFO - Processing file /home/airflow/.local/lib/python3.7/site-packages/airflow/example_dags/example_external_task_marker_dag.py for tasks to queue
[2024-04-16T13:16:29.831+0000] {logging_mixin.py:120} INFO - [2024-04-16T13:16:29.831+0000] {dagbag.py:537} INFO - Filling up the DagBag from /home/airflow/.local/lib/python3.7/site-packages/airflow/example_dags/example_external_task_marker_dag.py
[2024-04-16T13:16:29.862+0000] {processor.py:766} INFO - DAG(s) dict_keys(['example_external_task_marker_parent', 'example_external_task_marker_child']) retrieved from /home/airflow/.local/lib/python3.7/site-packages/airflow/example_dags/example_external_task_marker_dag.py
[2024-04-16T13:16:30.631+0000] {logging_mixin.py:120} INFO - [2024-04-16T13:16:30.630+0000] {dag.py:2585} INFO - Sync 2 DAGs
[2024-04-16T13:16:30.674+0000] {logging_mixin.py:120} INFO - [2024-04-16T13:16:30.674+0000] {dag.py:3340} INFO - Setting next_dagrun for example_external_task_marker_child to None, run_after=None
[2024-04-16T13:16:30.680+0000] {logging_mixin.py:120} INFO - [2024-04-16T13:16:30.680+0000] {dag.py:3340} INFO - Setting next_dagrun for example_external_task_marker_parent to None, run_after=None
[2024-04-16T13:16:30.703+0000] {processor.py:176} INFO - Processing /home/airflow/.local/lib/python3.7/site-packages/airflow/example_dags/example_external_task_marker_dag.py took 0.882 seconds
[2024-04-16T13:17:00.935+0000] {processor.py:154} INFO - Started process (PID=2540) to work on /home/airflow/.local/lib/python3.7/site-packages/airflow/example_dags/example_external_task_marker_dag.py
[2024-04-16T13:17:00.938+0000] {processor.py:756} INFO - Processing file /home/airflow/.local/lib/python3.7/site-packages/airflow/example_dags/example_external_task_marker_dag.py for tasks to queue
[2024-04-16T13:17:00.940+0000] {logging_mixin.py:120} INFO - [2024-04-16T13:17:00.940+0000] {dagbag.py:537} INFO - Filling up the DagBag from /home/airflow/.local/lib/python3.7/site-packages/airflow/example_dags/example_external_task_marker_dag.py
[2024-04-16T13:17:00.962+0000] {processor.py:766} INFO - DAG(s) dict_keys(['example_external_task_marker_parent', 'example_external_task_marker_child']) retrieved from /home/airflow/.local/lib/python3.7/site-packages/airflow/example_dags/example_external_task_marker_dag.py
[2024-04-16T13:17:01.700+0000] {logging_mixin.py:120} INFO - [2024-04-16T13:17:01.698+0000] {dag.py:2585} INFO - Sync 2 DAGs
[2024-04-16T13:17:01.736+0000] {logging_mixin.py:120} INFO - [2024-04-16T13:17:01.735+0000] {dag.py:3340} INFO - Setting next_dagrun for example_external_task_marker_child to None, run_after=None
[2024-04-16T13:17:01.741+0000] {logging_mixin.py:120} INFO - [2024-04-16T13:17:01.741+0000] {dag.py:3340} INFO - Setting next_dagrun for example_external_task_marker_parent to None, run_after=None
[2024-04-16T13:17:01.769+0000] {processor.py:176} INFO - Processing /home/airflow/.local/lib/python3.7/site-packages/airflow/example_dags/example_external_task_marker_dag.py took 0.841 seconds
[2024-04-16T13:17:31.860+0000] {processor.py:154} INFO - Started process (PID=2608) to work on /home/airflow/.local/lib/python3.7/site-packages/airflow/example_dags/example_external_task_marker_dag.py
[2024-04-16T13:17:31.863+0000] {processor.py:756} INFO - Processing file /home/airflow/.local/lib/python3.7/site-packages/airflow/example_dags/example_external_task_marker_dag.py for tasks to queue
[2024-04-16T13:17:31.866+0000] {logging_mixin.py:120} INFO - [2024-04-16T13:17:31.865+0000] {dagbag.py:537} INFO - Filling up the DagBag from /home/airflow/.local/lib/python3.7/site-packages/airflow/example_dags/example_external_task_marker_dag.py
[2024-04-16T13:17:31.893+0000] {processor.py:766} INFO - DAG(s) dict_keys(['example_external_task_marker_parent', 'example_external_task_marker_child']) retrieved from /home/airflow/.local/lib/python3.7/site-packages/airflow/example_dags/example_external_task_marker_dag.py
[2024-04-16T13:17:33.203+0000] {logging_mixin.py:120} INFO - [2024-04-16T13:17:33.202+0000] {dag.py:2585} INFO - Sync 2 DAGs
[2024-04-16T13:17:33.338+0000] {logging_mixin.py:120} INFO - [2024-04-16T13:17:33.338+0000] {dag.py:3340} INFO - Setting next_dagrun for example_external_task_marker_child to None, run_after=None
[2024-04-16T13:17:33.355+0000] {logging_mixin.py:120} INFO - [2024-04-16T13:17:33.355+0000] {dag.py:3340} INFO - Setting next_dagrun for example_external_task_marker_parent to None, run_after=None
[2024-04-16T13:17:33.483+0000] {processor.py:176} INFO - Processing /home/airflow/.local/lib/python3.7/site-packages/airflow/example_dags/example_external_task_marker_dag.py took 1.654 seconds
[2024-04-16T13:18:04.206+0000] {processor.py:154} INFO - Started process (PID=2686) to work on /home/airflow/.local/lib/python3.7/site-packages/airflow/example_dags/example_external_task_marker_dag.py
[2024-04-16T13:18:04.211+0000] {processor.py:756} INFO - Processing file /home/airflow/.local/lib/python3.7/site-packages/airflow/example_dags/example_external_task_marker_dag.py for tasks to queue
[2024-04-16T13:18:04.214+0000] {logging_mixin.py:120} INFO - [2024-04-16T13:18:04.214+0000] {dagbag.py:537} INFO - Filling up the DagBag from /home/airflow/.local/lib/python3.7/site-packages/airflow/example_dags/example_external_task_marker_dag.py
[2024-04-16T13:18:04.267+0000] {processor.py:766} INFO - DAG(s) dict_keys(['example_external_task_marker_parent', 'example_external_task_marker_child']) retrieved from /home/airflow/.local/lib/python3.7/site-packages/airflow/example_dags/example_external_task_marker_dag.py
[2024-04-16T13:18:05.124+0000] {logging_mixin.py:120} INFO - [2024-04-16T13:18:05.122+0000] {dag.py:2585} INFO - Sync 2 DAGs
[2024-04-16T13:18:05.163+0000] {logging_mixin.py:120} INFO - [2024-04-16T13:18:05.163+0000] {dag.py:3340} INFO - Setting next_dagrun for example_external_task_marker_child to None, run_after=None
[2024-04-16T13:18:05.170+0000] {logging_mixin.py:120} INFO - [2024-04-16T13:18:05.170+0000] {dag.py:3340} INFO - Setting next_dagrun for example_external_task_marker_parent to None, run_after=None
[2024-04-16T13:18:05.200+0000] {processor.py:176} INFO - Processing /home/airflow/.local/lib/python3.7/site-packages/airflow/example_dags/example_external_task_marker_dag.py took 1.011 seconds
[2024-04-16T13:18:37.050+0000] {processor.py:154} INFO - Started process (PID=2769) to work on /home/airflow/.local/lib/python3.7/site-packages/airflow/example_dags/example_external_task_marker_dag.py
[2024-04-16T13:18:37.053+0000] {processor.py:756} INFO - Processing file /home/airflow/.local/lib/python3.7/site-packages/airflow/example_dags/example_external_task_marker_dag.py for tasks to queue
[2024-04-16T13:18:37.056+0000] {logging_mixin.py:120} INFO - [2024-04-16T13:18:37.055+0000] {dagbag.py:537} INFO - Filling up the DagBag from /home/airflow/.local/lib/python3.7/site-packages/airflow/example_dags/example_external_task_marker_dag.py
[2024-04-16T13:18:37.084+0000] {processor.py:766} INFO - DAG(s) dict_keys(['example_external_task_marker_child', 'example_external_task_marker_parent']) retrieved from /home/airflow/.local/lib/python3.7/site-packages/airflow/example_dags/example_external_task_marker_dag.py
[2024-04-16T13:18:37.876+0000] {logging_mixin.py:120} INFO - [2024-04-16T13:18:37.875+0000] {dag.py:2585} INFO - Sync 2 DAGs
[2024-04-16T13:18:37.912+0000] {logging_mixin.py:120} INFO - [2024-04-16T13:18:37.912+0000] {dag.py:3340} INFO - Setting next_dagrun for example_external_task_marker_child to None, run_after=None
[2024-04-16T13:18:37.918+0000] {logging_mixin.py:120} INFO - [2024-04-16T13:18:37.918+0000] {dag.py:3340} INFO - Setting next_dagrun for example_external_task_marker_parent to None, run_after=None
[2024-04-16T13:18:37.944+0000] {processor.py:176} INFO - Processing /home/airflow/.local/lib/python3.7/site-packages/airflow/example_dags/example_external_task_marker_dag.py took 0.903 seconds
[2024-04-16T13:19:08.734+0000] {processor.py:154} INFO - Started process (PID=2841) to work on /home/airflow/.local/lib/python3.7/site-packages/airflow/example_dags/example_external_task_marker_dag.py
[2024-04-16T13:19:08.736+0000] {processor.py:756} INFO - Processing file /home/airflow/.local/lib/python3.7/site-packages/airflow/example_dags/example_external_task_marker_dag.py for tasks to queue
[2024-04-16T13:19:08.738+0000] {logging_mixin.py:120} INFO - [2024-04-16T13:19:08.738+0000] {dagbag.py:537} INFO - Filling up the DagBag from /home/airflow/.local/lib/python3.7/site-packages/airflow/example_dags/example_external_task_marker_dag.py
[2024-04-16T13:19:08.771+0000] {processor.py:766} INFO - DAG(s) dict_keys(['example_external_task_marker_child', 'example_external_task_marker_parent']) retrieved from /home/airflow/.local/lib/python3.7/site-packages/airflow/example_dags/example_external_task_marker_dag.py
[2024-04-16T13:19:09.479+0000] {logging_mixin.py:120} INFO - [2024-04-16T13:19:09.478+0000] {dag.py:2585} INFO - Sync 2 DAGs
[2024-04-16T13:19:09.515+0000] {logging_mixin.py:120} INFO - [2024-04-16T13:19:09.515+0000] {dag.py:3340} INFO - Setting next_dagrun for example_external_task_marker_child to None, run_after=None
[2024-04-16T13:19:09.522+0000] {logging_mixin.py:120} INFO - [2024-04-16T13:19:09.522+0000] {dag.py:3340} INFO - Setting next_dagrun for example_external_task_marker_parent to None, run_after=None
[2024-04-16T13:19:09.547+0000] {processor.py:176} INFO - Processing /home/airflow/.local/lib/python3.7/site-packages/airflow/example_dags/example_external_task_marker_dag.py took 0.827 seconds
[2024-04-16T13:19:40.241+0000] {processor.py:154} INFO - Started process (PID=2921) to work on /home/airflow/.local/lib/python3.7/site-packages/airflow/example_dags/example_external_task_marker_dag.py
[2024-04-16T13:19:40.244+0000] {processor.py:756} INFO - Processing file /home/airflow/.local/lib/python3.7/site-packages/airflow/example_dags/example_external_task_marker_dag.py for tasks to queue
[2024-04-16T13:19:40.247+0000] {logging_mixin.py:120} INFO - [2024-04-16T13:19:40.246+0000] {dagbag.py:537} INFO - Filling up the DagBag from /home/airflow/.local/lib/python3.7/site-packages/airflow/example_dags/example_external_task_marker_dag.py
[2024-04-16T13:19:40.277+0000] {processor.py:766} INFO - DAG(s) dict_keys(['example_external_task_marker_parent', 'example_external_task_marker_child']) retrieved from /home/airflow/.local/lib/python3.7/site-packages/airflow/example_dags/example_external_task_marker_dag.py
[2024-04-16T13:19:41.007+0000] {logging_mixin.py:120} INFO - [2024-04-16T13:19:41.006+0000] {dag.py:2585} INFO - Sync 2 DAGs
[2024-04-16T13:19:41.045+0000] {logging_mixin.py:120} INFO - [2024-04-16T13:19:41.045+0000] {dag.py:3340} INFO - Setting next_dagrun for example_external_task_marker_child to None, run_after=None
[2024-04-16T13:19:41.053+0000] {logging_mixin.py:120} INFO - [2024-04-16T13:19:41.052+0000] {dag.py:3340} INFO - Setting next_dagrun for example_external_task_marker_parent to None, run_after=None
[2024-04-16T13:19:41.087+0000] {processor.py:176} INFO - Processing /home/airflow/.local/lib/python3.7/site-packages/airflow/example_dags/example_external_task_marker_dag.py took 0.857 seconds
[2024-04-16T13:20:11.255+0000] {processor.py:154} INFO - Started process (PID=2990) to work on /home/airflow/.local/lib/python3.7/site-packages/airflow/example_dags/example_external_task_marker_dag.py
[2024-04-16T13:20:11.257+0000] {processor.py:756} INFO - Processing file /home/airflow/.local/lib/python3.7/site-packages/airflow/example_dags/example_external_task_marker_dag.py for tasks to queue
[2024-04-16T13:20:11.259+0000] {logging_mixin.py:120} INFO - [2024-04-16T13:20:11.259+0000] {dagbag.py:537} INFO - Filling up the DagBag from /home/airflow/.local/lib/python3.7/site-packages/airflow/example_dags/example_external_task_marker_dag.py
[2024-04-16T13:20:11.281+0000] {processor.py:766} INFO - DAG(s) dict_keys(['example_external_task_marker_child', 'example_external_task_marker_parent']) retrieved from /home/airflow/.local/lib/python3.7/site-packages/airflow/example_dags/example_external_task_marker_dag.py
[2024-04-16T13:20:11.929+0000] {logging_mixin.py:120} INFO - [2024-04-16T13:20:11.928+0000] {dag.py:2585} INFO - Sync 2 DAGs
[2024-04-16T13:20:11.966+0000] {logging_mixin.py:120} INFO - [2024-04-16T13:20:11.965+0000] {dag.py:3340} INFO - Setting next_dagrun for example_external_task_marker_child to None, run_after=None
[2024-04-16T13:20:11.972+0000] {logging_mixin.py:120} INFO - [2024-04-16T13:20:11.972+0000] {dag.py:3340} INFO - Setting next_dagrun for example_external_task_marker_parent to None, run_after=None
[2024-04-16T13:20:11.998+0000] {processor.py:176} INFO - Processing /home/airflow/.local/lib/python3.7/site-packages/airflow/example_dags/example_external_task_marker_dag.py took 0.748 seconds
[2024-04-16T13:20:42.304+0000] {processor.py:154} INFO - Started process (PID=3069) to work on /home/airflow/.local/lib/python3.7/site-packages/airflow/example_dags/example_external_task_marker_dag.py
[2024-04-16T13:20:42.306+0000] {processor.py:756} INFO - Processing file /home/airflow/.local/lib/python3.7/site-packages/airflow/example_dags/example_external_task_marker_dag.py for tasks to queue
[2024-04-16T13:20:42.308+0000] {logging_mixin.py:120} INFO - [2024-04-16T13:20:42.308+0000] {dagbag.py:537} INFO - Filling up the DagBag from /home/airflow/.local/lib/python3.7/site-packages/airflow/example_dags/example_external_task_marker_dag.py
[2024-04-16T13:20:42.330+0000] {processor.py:766} INFO - DAG(s) dict_keys(['example_external_task_marker_parent', 'example_external_task_marker_child']) retrieved from /home/airflow/.local/lib/python3.7/site-packages/airflow/example_dags/example_external_task_marker_dag.py
[2024-04-16T13:20:42.969+0000] {logging_mixin.py:120} INFO - [2024-04-16T13:20:42.967+0000] {dag.py:2585} INFO - Sync 2 DAGs
[2024-04-16T13:20:43.006+0000] {logging_mixin.py:120} INFO - [2024-04-16T13:20:43.006+0000] {dag.py:3340} INFO - Setting next_dagrun for example_external_task_marker_child to None, run_after=None
[2024-04-16T13:20:43.013+0000] {logging_mixin.py:120} INFO - [2024-04-16T13:20:43.013+0000] {dag.py:3340} INFO - Setting next_dagrun for example_external_task_marker_parent to None, run_after=None
[2024-04-16T13:20:43.040+0000] {processor.py:176} INFO - Processing /home/airflow/.local/lib/python3.7/site-packages/airflow/example_dags/example_external_task_marker_dag.py took 0.742 seconds
[2024-04-16T13:21:13.244+0000] {processor.py:154} INFO - Started process (PID=3137) to work on /home/airflow/.local/lib/python3.7/site-packages/airflow/example_dags/example_external_task_marker_dag.py
[2024-04-16T13:21:13.247+0000] {processor.py:756} INFO - Processing file /home/airflow/.local/lib/python3.7/site-packages/airflow/example_dags/example_external_task_marker_dag.py for tasks to queue
[2024-04-16T13:21:13.249+0000] {logging_mixin.py:120} INFO - [2024-04-16T13:21:13.249+0000] {dagbag.py:537} INFO - Filling up the DagBag from /home/airflow/.local/lib/python3.7/site-packages/airflow/example_dags/example_external_task_marker_dag.py
[2024-04-16T13:21:13.275+0000] {processor.py:766} INFO - DAG(s) dict_keys(['example_external_task_marker_parent', 'example_external_task_marker_child']) retrieved from /home/airflow/.local/lib/python3.7/site-packages/airflow/example_dags/example_external_task_marker_dag.py
[2024-04-16T13:21:14.118+0000] {logging_mixin.py:120} INFO - [2024-04-16T13:21:14.117+0000] {dag.py:2585} INFO - Sync 2 DAGs
[2024-04-16T13:21:14.163+0000] {logging_mixin.py:120} INFO - [2024-04-16T13:21:14.163+0000] {dag.py:3340} INFO - Setting next_dagrun for example_external_task_marker_child to None, run_after=None
[2024-04-16T13:21:14.170+0000] {logging_mixin.py:120} INFO - [2024-04-16T13:21:14.170+0000] {dag.py:3340} INFO - Setting next_dagrun for example_external_task_marker_parent to None, run_after=None
[2024-04-16T13:21:14.543+0000] {processor.py:176} INFO - Processing /home/airflow/.local/lib/python3.7/site-packages/airflow/example_dags/example_external_task_marker_dag.py took 1.308 seconds
[2024-04-16T13:21:45.753+0000] {processor.py:154} INFO - Started process (PID=3218) to work on /home/airflow/.local/lib/python3.7/site-packages/airflow/example_dags/example_external_task_marker_dag.py
[2024-04-16T13:21:45.755+0000] {processor.py:756} INFO - Processing file /home/airflow/.local/lib/python3.7/site-packages/airflow/example_dags/example_external_task_marker_dag.py for tasks to queue
[2024-04-16T13:21:45.757+0000] {logging_mixin.py:120} INFO - [2024-04-16T13:21:45.756+0000] {dagbag.py:537} INFO - Filling up the DagBag from /home/airflow/.local/lib/python3.7/site-packages/airflow/example_dags/example_external_task_marker_dag.py
[2024-04-16T13:21:45.779+0000] {processor.py:766} INFO - DAG(s) dict_keys(['example_external_task_marker_parent', 'example_external_task_marker_child']) retrieved from /home/airflow/.local/lib/python3.7/site-packages/airflow/example_dags/example_external_task_marker_dag.py
[2024-04-16T13:21:46.481+0000] {logging_mixin.py:120} INFO - [2024-04-16T13:21:46.480+0000] {dag.py:2585} INFO - Sync 2 DAGs
[2024-04-16T13:21:46.519+0000] {logging_mixin.py:120} INFO - [2024-04-16T13:21:46.519+0000] {dag.py:3340} INFO - Setting next_dagrun for example_external_task_marker_child to None, run_after=None
[2024-04-16T13:21:46.526+0000] {logging_mixin.py:120} INFO - [2024-04-16T13:21:46.525+0000] {dag.py:3340} INFO - Setting next_dagrun for example_external_task_marker_parent to None, run_after=None
[2024-04-16T13:21:46.554+0000] {processor.py:176} INFO - Processing /home/airflow/.local/lib/python3.7/site-packages/airflow/example_dags/example_external_task_marker_dag.py took 0.807 seconds
[2024-04-16T13:22:16.744+0000] {processor.py:154} INFO - Started process (PID=3286) to work on /home/airflow/.local/lib/python3.7/site-packages/airflow/example_dags/example_external_task_marker_dag.py
[2024-04-16T13:22:16.746+0000] {processor.py:756} INFO - Processing file /home/airflow/.local/lib/python3.7/site-packages/airflow/example_dags/example_external_task_marker_dag.py for tasks to queue
[2024-04-16T13:22:16.748+0000] {logging_mixin.py:120} INFO - [2024-04-16T13:22:16.747+0000] {dagbag.py:537} INFO - Filling up the DagBag from /home/airflow/.local/lib/python3.7/site-packages/airflow/example_dags/example_external_task_marker_dag.py
[2024-04-16T13:22:16.773+0000] {processor.py:766} INFO - DAG(s) dict_keys(['example_external_task_marker_child', 'example_external_task_marker_parent']) retrieved from /home/airflow/.local/lib/python3.7/site-packages/airflow/example_dags/example_external_task_marker_dag.py
[2024-04-16T13:22:17.568+0000] {logging_mixin.py:120} INFO - [2024-04-16T13:22:17.567+0000] {dag.py:2585} INFO - Sync 2 DAGs
[2024-04-16T13:22:17.625+0000] {logging_mixin.py:120} INFO - [2024-04-16T13:22:17.625+0000] {dag.py:3340} INFO - Setting next_dagrun for example_external_task_marker_child to None, run_after=None
[2024-04-16T13:22:17.631+0000] {logging_mixin.py:120} INFO - [2024-04-16T13:22:17.631+0000] {dag.py:3340} INFO - Setting next_dagrun for example_external_task_marker_parent to None, run_after=None
[2024-04-16T13:22:17.658+0000] {processor.py:176} INFO - Processing /home/airflow/.local/lib/python3.7/site-packages/airflow/example_dags/example_external_task_marker_dag.py took 0.920 seconds
[2024-04-16T13:22:47.848+0000] {processor.py:154} INFO - Started process (PID=3364) to work on /home/airflow/.local/lib/python3.7/site-packages/airflow/example_dags/example_external_task_marker_dag.py
[2024-04-16T13:22:47.850+0000] {processor.py:756} INFO - Processing file /home/airflow/.local/lib/python3.7/site-packages/airflow/example_dags/example_external_task_marker_dag.py for tasks to queue
[2024-04-16T13:22:47.852+0000] {logging_mixin.py:120} INFO - [2024-04-16T13:22:47.852+0000] {dagbag.py:537} INFO - Filling up the DagBag from /home/airflow/.local/lib/python3.7/site-packages/airflow/example_dags/example_external_task_marker_dag.py
[2024-04-16T13:22:47.874+0000] {processor.py:766} INFO - DAG(s) dict_keys(['example_external_task_marker_child', 'example_external_task_marker_parent']) retrieved from /home/airflow/.local/lib/python3.7/site-packages/airflow/example_dags/example_external_task_marker_dag.py
[2024-04-16T13:22:48.567+0000] {logging_mixin.py:120} INFO - [2024-04-16T13:22:48.567+0000] {dag.py:2585} INFO - Sync 2 DAGs
[2024-04-16T13:22:48.610+0000] {logging_mixin.py:120} INFO - [2024-04-16T13:22:48.610+0000] {dag.py:3340} INFO - Setting next_dagrun for example_external_task_marker_child to None, run_after=None
[2024-04-16T13:22:48.617+0000] {logging_mixin.py:120} INFO - [2024-04-16T13:22:48.617+0000] {dag.py:3340} INFO - Setting next_dagrun for example_external_task_marker_parent to None, run_after=None
[2024-04-16T13:22:48.650+0000] {processor.py:176} INFO - Processing /home/airflow/.local/lib/python3.7/site-packages/airflow/example_dags/example_external_task_marker_dag.py took 0.808 seconds
[2024-04-16T13:23:19.757+0000] {processor.py:154} INFO - Started process (PID=3436) to work on /home/airflow/.local/lib/python3.7/site-packages/airflow/example_dags/example_external_task_marker_dag.py
[2024-04-16T13:23:19.759+0000] {processor.py:756} INFO - Processing file /home/airflow/.local/lib/python3.7/site-packages/airflow/example_dags/example_external_task_marker_dag.py for tasks to queue
[2024-04-16T13:23:19.762+0000] {logging_mixin.py:120} INFO - [2024-04-16T13:23:19.761+0000] {dagbag.py:537} INFO - Filling up the DagBag from /home/airflow/.local/lib/python3.7/site-packages/airflow/example_dags/example_external_task_marker_dag.py
[2024-04-16T13:23:19.784+0000] {processor.py:766} INFO - DAG(s) dict_keys(['example_external_task_marker_parent', 'example_external_task_marker_child']) retrieved from /home/airflow/.local/lib/python3.7/site-packages/airflow/example_dags/example_external_task_marker_dag.py
[2024-04-16T13:23:20.568+0000] {logging_mixin.py:120} INFO - [2024-04-16T13:23:20.566+0000] {dag.py:2585} INFO - Sync 2 DAGs
[2024-04-16T13:23:20.637+0000] {logging_mixin.py:120} INFO - [2024-04-16T13:23:20.637+0000] {dag.py:3340} INFO - Setting next_dagrun for example_external_task_marker_child to None, run_after=None
[2024-04-16T13:23:20.648+0000] {logging_mixin.py:120} INFO - [2024-04-16T13:23:20.647+0000] {dag.py:3340} INFO - Setting next_dagrun for example_external_task_marker_parent to None, run_after=None
[2024-04-16T13:23:20.685+0000] {processor.py:176} INFO - Processing /home/airflow/.local/lib/python3.7/site-packages/airflow/example_dags/example_external_task_marker_dag.py took 0.933 seconds
[2024-04-16T13:23:51.046+0000] {processor.py:154} INFO - Started process (PID=3513) to work on /home/airflow/.local/lib/python3.7/site-packages/airflow/example_dags/example_external_task_marker_dag.py
[2024-04-16T13:23:51.052+0000] {processor.py:756} INFO - Processing file /home/airflow/.local/lib/python3.7/site-packages/airflow/example_dags/example_external_task_marker_dag.py for tasks to queue
[2024-04-16T13:23:51.057+0000] {logging_mixin.py:120} INFO - [2024-04-16T13:23:51.056+0000] {dagbag.py:537} INFO - Filling up the DagBag from /home/airflow/.local/lib/python3.7/site-packages/airflow/example_dags/example_external_task_marker_dag.py
[2024-04-16T13:23:51.130+0000] {processor.py:766} INFO - DAG(s) dict_keys(['example_external_task_marker_child', 'example_external_task_marker_parent']) retrieved from /home/airflow/.local/lib/python3.7/site-packages/airflow/example_dags/example_external_task_marker_dag.py
[2024-04-16T13:23:51.995+0000] {logging_mixin.py:120} INFO - [2024-04-16T13:23:51.994+0000] {dag.py:2585} INFO - Sync 2 DAGs
[2024-04-16T13:23:52.133+0000] {logging_mixin.py:120} INFO - [2024-04-16T13:23:52.132+0000] {dag.py:3340} INFO - Setting next_dagrun for example_external_task_marker_child to None, run_after=None
[2024-04-16T13:23:52.141+0000] {logging_mixin.py:120} INFO - [2024-04-16T13:23:52.141+0000] {dag.py:3340} INFO - Setting next_dagrun for example_external_task_marker_parent to None, run_after=None
[2024-04-16T13:23:52.168+0000] {processor.py:176} INFO - Processing /home/airflow/.local/lib/python3.7/site-packages/airflow/example_dags/example_external_task_marker_dag.py took 1.151 seconds
[2024-04-16T13:24:22.970+0000] {processor.py:154} INFO - Started process (PID=3584) to work on /home/airflow/.local/lib/python3.7/site-packages/airflow/example_dags/example_external_task_marker_dag.py
[2024-04-16T13:24:22.972+0000] {processor.py:756} INFO - Processing file /home/airflow/.local/lib/python3.7/site-packages/airflow/example_dags/example_external_task_marker_dag.py for tasks to queue
[2024-04-16T13:24:22.974+0000] {logging_mixin.py:120} INFO - [2024-04-16T13:24:22.974+0000] {dagbag.py:537} INFO - Filling up the DagBag from /home/airflow/.local/lib/python3.7/site-packages/airflow/example_dags/example_external_task_marker_dag.py
[2024-04-16T13:24:23.000+0000] {processor.py:766} INFO - DAG(s) dict_keys(['example_external_task_marker_child', 'example_external_task_marker_parent']) retrieved from /home/airflow/.local/lib/python3.7/site-packages/airflow/example_dags/example_external_task_marker_dag.py
[2024-04-16T13:24:23.703+0000] {logging_mixin.py:120} INFO - [2024-04-16T13:24:23.702+0000] {dag.py:2585} INFO - Sync 2 DAGs
[2024-04-16T13:24:23.743+0000] {logging_mixin.py:120} INFO - [2024-04-16T13:24:23.743+0000] {dag.py:3340} INFO - Setting next_dagrun for example_external_task_marker_child to None, run_after=None
[2024-04-16T13:24:23.750+0000] {logging_mixin.py:120} INFO - [2024-04-16T13:24:23.750+0000] {dag.py:3340} INFO - Setting next_dagrun for example_external_task_marker_parent to None, run_after=None
[2024-04-16T13:24:23.776+0000] {processor.py:176} INFO - Processing /home/airflow/.local/lib/python3.7/site-packages/airflow/example_dags/example_external_task_marker_dag.py took 0.812 seconds
[2024-04-16T13:24:54.346+0000] {processor.py:154} INFO - Started process (PID=3663) to work on /home/airflow/.local/lib/python3.7/site-packages/airflow/example_dags/example_external_task_marker_dag.py
[2024-04-16T13:24:54.348+0000] {processor.py:756} INFO - Processing file /home/airflow/.local/lib/python3.7/site-packages/airflow/example_dags/example_external_task_marker_dag.py for tasks to queue
[2024-04-16T13:24:54.350+0000] {logging_mixin.py:120} INFO - [2024-04-16T13:24:54.350+0000] {dagbag.py:537} INFO - Filling up the DagBag from /home/airflow/.local/lib/python3.7/site-packages/airflow/example_dags/example_external_task_marker_dag.py
[2024-04-16T13:24:54.373+0000] {processor.py:766} INFO - DAG(s) dict_keys(['example_external_task_marker_parent', 'example_external_task_marker_child']) retrieved from /home/airflow/.local/lib/python3.7/site-packages/airflow/example_dags/example_external_task_marker_dag.py
[2024-04-16T13:24:55.065+0000] {logging_mixin.py:120} INFO - [2024-04-16T13:24:55.064+0000] {dag.py:2585} INFO - Sync 2 DAGs
[2024-04-16T13:24:55.101+0000] {logging_mixin.py:120} INFO - [2024-04-16T13:24:55.101+0000] {dag.py:3340} INFO - Setting next_dagrun for example_external_task_marker_child to None, run_after=None
[2024-04-16T13:24:55.107+0000] {logging_mixin.py:120} INFO - [2024-04-16T13:24:55.107+0000] {dag.py:3340} INFO - Setting next_dagrun for example_external_task_marker_parent to None, run_after=None
[2024-04-16T13:24:55.350+0000] {processor.py:176} INFO - Processing /home/airflow/.local/lib/python3.7/site-packages/airflow/example_dags/example_external_task_marker_dag.py took 1.010 seconds
[2024-04-16T13:25:26.721+0000] {processor.py:154} INFO - Started process (PID=3744) to work on /home/airflow/.local/lib/python3.7/site-packages/airflow/example_dags/example_external_task_marker_dag.py
[2024-04-16T13:25:26.723+0000] {processor.py:756} INFO - Processing file /home/airflow/.local/lib/python3.7/site-packages/airflow/example_dags/example_external_task_marker_dag.py for tasks to queue
[2024-04-16T13:25:26.725+0000] {logging_mixin.py:120} INFO - [2024-04-16T13:25:26.724+0000] {dagbag.py:537} INFO - Filling up the DagBag from /home/airflow/.local/lib/python3.7/site-packages/airflow/example_dags/example_external_task_marker_dag.py
[2024-04-16T13:25:26.773+0000] {processor.py:766} INFO - DAG(s) dict_keys(['example_external_task_marker_parent', 'example_external_task_marker_child']) retrieved from /home/airflow/.local/lib/python3.7/site-packages/airflow/example_dags/example_external_task_marker_dag.py
[2024-04-16T13:25:27.705+0000] {logging_mixin.py:120} INFO - [2024-04-16T13:25:27.704+0000] {dag.py:2585} INFO - Sync 2 DAGs
[2024-04-16T13:25:27.754+0000] {logging_mixin.py:120} INFO - [2024-04-16T13:25:27.753+0000] {dag.py:3340} INFO - Setting next_dagrun for example_external_task_marker_child to None, run_after=None
[2024-04-16T13:25:27.759+0000] {logging_mixin.py:120} INFO - [2024-04-16T13:25:27.759+0000] {dag.py:3340} INFO - Setting next_dagrun for example_external_task_marker_parent to None, run_after=None
[2024-04-16T13:25:27.793+0000] {processor.py:176} INFO - Processing /home/airflow/.local/lib/python3.7/site-packages/airflow/example_dags/example_external_task_marker_dag.py took 1.084 seconds
[2024-04-16T13:25:57.916+0000] {processor.py:154} INFO - Started process (PID=3813) to work on /home/airflow/.local/lib/python3.7/site-packages/airflow/example_dags/example_external_task_marker_dag.py
[2024-04-16T13:25:57.918+0000] {processor.py:756} INFO - Processing file /home/airflow/.local/lib/python3.7/site-packages/airflow/example_dags/example_external_task_marker_dag.py for tasks to queue
[2024-04-16T13:25:57.921+0000] {logging_mixin.py:120} INFO - [2024-04-16T13:25:57.920+0000] {dagbag.py:537} INFO - Filling up the DagBag from /home/airflow/.local/lib/python3.7/site-packages/airflow/example_dags/example_external_task_marker_dag.py
[2024-04-16T13:25:57.944+0000] {processor.py:766} INFO - DAG(s) dict_keys(['example_external_task_marker_child', 'example_external_task_marker_parent']) retrieved from /home/airflow/.local/lib/python3.7/site-packages/airflow/example_dags/example_external_task_marker_dag.py
[2024-04-16T13:25:58.603+0000] {logging_mixin.py:120} INFO - [2024-04-16T13:25:58.602+0000] {dag.py:2585} INFO - Sync 2 DAGs
[2024-04-16T13:25:58.641+0000] {logging_mixin.py:120} INFO - [2024-04-16T13:25:58.640+0000] {dag.py:3340} INFO - Setting next_dagrun for example_external_task_marker_child to None, run_after=None
[2024-04-16T13:25:58.646+0000] {logging_mixin.py:120} INFO - [2024-04-16T13:25:58.646+0000] {dag.py:3340} INFO - Setting next_dagrun for example_external_task_marker_parent to None, run_after=None
[2024-04-16T13:25:58.668+0000] {processor.py:176} INFO - Processing /home/airflow/.local/lib/python3.7/site-packages/airflow/example_dags/example_external_task_marker_dag.py took 0.757 seconds
[2024-04-16T13:26:29.474+0000] {processor.py:154} INFO - Started process (PID=3894) to work on /home/airflow/.local/lib/python3.7/site-packages/airflow/example_dags/example_external_task_marker_dag.py
[2024-04-16T13:26:29.476+0000] {processor.py:756} INFO - Processing file /home/airflow/.local/lib/python3.7/site-packages/airflow/example_dags/example_external_task_marker_dag.py for tasks to queue
[2024-04-16T13:26:29.478+0000] {logging_mixin.py:120} INFO - [2024-04-16T13:26:29.477+0000] {dagbag.py:537} INFO - Filling up the DagBag from /home/airflow/.local/lib/python3.7/site-packages/airflow/example_dags/example_external_task_marker_dag.py
[2024-04-16T13:26:29.509+0000] {processor.py:766} INFO - DAG(s) dict_keys(['example_external_task_marker_child', 'example_external_task_marker_parent']) retrieved from /home/airflow/.local/lib/python3.7/site-packages/airflow/example_dags/example_external_task_marker_dag.py
[2024-04-16T13:26:30.189+0000] {logging_mixin.py:120} INFO - [2024-04-16T13:26:30.188+0000] {dag.py:2585} INFO - Sync 2 DAGs
[2024-04-16T13:26:30.231+0000] {logging_mixin.py:120} INFO - [2024-04-16T13:26:30.231+0000] {dag.py:3340} INFO - Setting next_dagrun for example_external_task_marker_child to None, run_after=None
[2024-04-16T13:26:30.240+0000] {logging_mixin.py:120} INFO - [2024-04-16T13:26:30.239+0000] {dag.py:3340} INFO - Setting next_dagrun for example_external_task_marker_parent to None, run_after=None
[2024-04-16T13:26:30.266+0000] {processor.py:176} INFO - Processing /home/airflow/.local/lib/python3.7/site-packages/airflow/example_dags/example_external_task_marker_dag.py took 0.798 seconds
[2024-04-16T13:27:00.914+0000] {processor.py:154} INFO - Started process (PID=3965) to work on /home/airflow/.local/lib/python3.7/site-packages/airflow/example_dags/example_external_task_marker_dag.py
[2024-04-16T13:27:00.916+0000] {processor.py:756} INFO - Processing file /home/airflow/.local/lib/python3.7/site-packages/airflow/example_dags/example_external_task_marker_dag.py for tasks to queue
[2024-04-16T13:27:00.920+0000] {logging_mixin.py:120} INFO - [2024-04-16T13:27:00.920+0000] {dagbag.py:537} INFO - Filling up the DagBag from /home/airflow/.local/lib/python3.7/site-packages/airflow/example_dags/example_external_task_marker_dag.py
[2024-04-16T13:27:00.952+0000] {processor.py:766} INFO - DAG(s) dict_keys(['example_external_task_marker_child', 'example_external_task_marker_parent']) retrieved from /home/airflow/.local/lib/python3.7/site-packages/airflow/example_dags/example_external_task_marker_dag.py
[2024-04-16T13:27:01.883+0000] {logging_mixin.py:120} INFO - [2024-04-16T13:27:01.882+0000] {dag.py:2585} INFO - Sync 2 DAGs
[2024-04-16T13:27:01.919+0000] {logging_mixin.py:120} INFO - [2024-04-16T13:27:01.919+0000] {dag.py:3340} INFO - Setting next_dagrun for example_external_task_marker_child to None, run_after=None
[2024-04-16T13:27:01.926+0000] {logging_mixin.py:120} INFO - [2024-04-16T13:27:01.926+0000] {dag.py:3340} INFO - Setting next_dagrun for example_external_task_marker_parent to None, run_after=None
[2024-04-16T13:27:01.954+0000] {processor.py:176} INFO - Processing /home/airflow/.local/lib/python3.7/site-packages/airflow/example_dags/example_external_task_marker_dag.py took 1.047 seconds
[2024-04-16T13:27:33.808+0000] {processor.py:154} INFO - Started process (PID=4045) to work on /home/airflow/.local/lib/python3.7/site-packages/airflow/example_dags/example_external_task_marker_dag.py
[2024-04-16T13:27:33.810+0000] {processor.py:756} INFO - Processing file /home/airflow/.local/lib/python3.7/site-packages/airflow/example_dags/example_external_task_marker_dag.py for tasks to queue
[2024-04-16T13:27:33.812+0000] {logging_mixin.py:120} INFO - [2024-04-16T13:27:33.812+0000] {dagbag.py:537} INFO - Filling up the DagBag from /home/airflow/.local/lib/python3.7/site-packages/airflow/example_dags/example_external_task_marker_dag.py
[2024-04-16T13:27:33.835+0000] {processor.py:766} INFO - DAG(s) dict_keys(['example_external_task_marker_child', 'example_external_task_marker_parent']) retrieved from /home/airflow/.local/lib/python3.7/site-packages/airflow/example_dags/example_external_task_marker_dag.py
[2024-04-16T13:27:34.632+0000] {logging_mixin.py:120} INFO - [2024-04-16T13:27:34.632+0000] {dag.py:2585} INFO - Sync 2 DAGs
[2024-04-16T13:27:34.672+0000] {logging_mixin.py:120} INFO - [2024-04-16T13:27:34.672+0000] {dag.py:3340} INFO - Setting next_dagrun for example_external_task_marker_child to None, run_after=None
[2024-04-16T13:27:34.681+0000] {logging_mixin.py:120} INFO - [2024-04-16T13:27:34.680+0000] {dag.py:3340} INFO - Setting next_dagrun for example_external_task_marker_parent to None, run_after=None
[2024-04-16T13:27:34.705+0000] {processor.py:176} INFO - Processing /home/airflow/.local/lib/python3.7/site-packages/airflow/example_dags/example_external_task_marker_dag.py took 0.904 seconds
[2024-04-16T13:28:05.241+0000] {processor.py:154} INFO - Started process (PID=4123) to work on /home/airflow/.local/lib/python3.7/site-packages/airflow/example_dags/example_external_task_marker_dag.py
[2024-04-16T13:28:05.244+0000] {processor.py:756} INFO - Processing file /home/airflow/.local/lib/python3.7/site-packages/airflow/example_dags/example_external_task_marker_dag.py for tasks to queue
[2024-04-16T13:28:05.247+0000] {logging_mixin.py:120} INFO - [2024-04-16T13:28:05.246+0000] {dagbag.py:537} INFO - Filling up the DagBag from /home/airflow/.local/lib/python3.7/site-packages/airflow/example_dags/example_external_task_marker_dag.py
[2024-04-16T13:28:05.277+0000] {processor.py:766} INFO - DAG(s) dict_keys(['example_external_task_marker_child', 'example_external_task_marker_parent']) retrieved from /home/airflow/.local/lib/python3.7/site-packages/airflow/example_dags/example_external_task_marker_dag.py
[2024-04-16T13:28:06.034+0000] {logging_mixin.py:120} INFO - [2024-04-16T13:28:06.034+0000] {dag.py:2585} INFO - Sync 2 DAGs
[2024-04-16T13:28:06.074+0000] {logging_mixin.py:120} INFO - [2024-04-16T13:28:06.073+0000] {dag.py:3340} INFO - Setting next_dagrun for example_external_task_marker_child to None, run_after=None
[2024-04-16T13:28:06.080+0000] {logging_mixin.py:120} INFO - [2024-04-16T13:28:06.080+0000] {dag.py:3340} INFO - Setting next_dagrun for example_external_task_marker_parent to None, run_after=None
[2024-04-16T13:28:06.107+0000] {processor.py:176} INFO - Processing /home/airflow/.local/lib/python3.7/site-packages/airflow/example_dags/example_external_task_marker_dag.py took 0.873 seconds
[2024-04-16T13:28:37.146+0000] {processor.py:154} INFO - Started process (PID=4192) to work on /home/airflow/.local/lib/python3.7/site-packages/airflow/example_dags/example_external_task_marker_dag.py
[2024-04-16T13:28:37.149+0000] {processor.py:756} INFO - Processing file /home/airflow/.local/lib/python3.7/site-packages/airflow/example_dags/example_external_task_marker_dag.py for tasks to queue
[2024-04-16T13:28:37.153+0000] {logging_mixin.py:120} INFO - [2024-04-16T13:28:37.152+0000] {dagbag.py:537} INFO - Filling up the DagBag from /home/airflow/.local/lib/python3.7/site-packages/airflow/example_dags/example_external_task_marker_dag.py
[2024-04-16T13:28:37.186+0000] {processor.py:766} INFO - DAG(s) dict_keys(['example_external_task_marker_parent', 'example_external_task_marker_child']) retrieved from /home/airflow/.local/lib/python3.7/site-packages/airflow/example_dags/example_external_task_marker_dag.py
[2024-04-16T13:28:37.882+0000] {logging_mixin.py:120} INFO - [2024-04-16T13:28:37.881+0000] {dag.py:2585} INFO - Sync 2 DAGs
[2024-04-16T13:28:37.921+0000] {logging_mixin.py:120} INFO - [2024-04-16T13:28:37.921+0000] {dag.py:3340} INFO - Setting next_dagrun for example_external_task_marker_child to None, run_after=None
[2024-04-16T13:28:37.927+0000] {logging_mixin.py:120} INFO - [2024-04-16T13:28:37.927+0000] {dag.py:3340} INFO - Setting next_dagrun for example_external_task_marker_parent to None, run_after=None
[2024-04-16T13:28:37.953+0000] {processor.py:176} INFO - Processing /home/airflow/.local/lib/python3.7/site-packages/airflow/example_dags/example_external_task_marker_dag.py took 0.814 seconds
[2024-04-16T13:29:08.245+0000] {processor.py:154} INFO - Started process (PID=4272) to work on /home/airflow/.local/lib/python3.7/site-packages/airflow/example_dags/example_external_task_marker_dag.py
[2024-04-16T13:29:08.247+0000] {processor.py:756} INFO - Processing file /home/airflow/.local/lib/python3.7/site-packages/airflow/example_dags/example_external_task_marker_dag.py for tasks to queue
[2024-04-16T13:29:08.250+0000] {logging_mixin.py:120} INFO - [2024-04-16T13:29:08.249+0000] {dagbag.py:537} INFO - Filling up the DagBag from /home/airflow/.local/lib/python3.7/site-packages/airflow/example_dags/example_external_task_marker_dag.py
[2024-04-16T13:29:08.282+0000] {processor.py:766} INFO - DAG(s) dict_keys(['example_external_task_marker_child', 'example_external_task_marker_parent']) retrieved from /home/airflow/.local/lib/python3.7/site-packages/airflow/example_dags/example_external_task_marker_dag.py
[2024-04-16T13:29:09.430+0000] {logging_mixin.py:120} INFO - [2024-04-16T13:29:09.429+0000] {dag.py:2585} INFO - Sync 2 DAGs
[2024-04-16T13:29:09.472+0000] {logging_mixin.py:120} INFO - [2024-04-16T13:29:09.472+0000] {dag.py:3340} INFO - Setting next_dagrun for example_external_task_marker_child to None, run_after=None
[2024-04-16T13:29:09.478+0000] {logging_mixin.py:120} INFO - [2024-04-16T13:29:09.478+0000] {dag.py:3340} INFO - Setting next_dagrun for example_external_task_marker_parent to None, run_after=None
[2024-04-16T13:29:09.712+0000] {processor.py:176} INFO - Processing /home/airflow/.local/lib/python3.7/site-packages/airflow/example_dags/example_external_task_marker_dag.py took 1.472 seconds
[2024-04-16T13:29:40.607+0000] {processor.py:154} INFO - Started process (PID=4343) to work on /home/airflow/.local/lib/python3.7/site-packages/airflow/example_dags/example_external_task_marker_dag.py
[2024-04-16T13:29:40.609+0000] {processor.py:756} INFO - Processing file /home/airflow/.local/lib/python3.7/site-packages/airflow/example_dags/example_external_task_marker_dag.py for tasks to queue
[2024-04-16T13:29:40.611+0000] {logging_mixin.py:120} INFO - [2024-04-16T13:29:40.611+0000] {dagbag.py:537} INFO - Filling up the DagBag from /home/airflow/.local/lib/python3.7/site-packages/airflow/example_dags/example_external_task_marker_dag.py
[2024-04-16T13:29:40.634+0000] {processor.py:766} INFO - DAG(s) dict_keys(['example_external_task_marker_parent', 'example_external_task_marker_child']) retrieved from /home/airflow/.local/lib/python3.7/site-packages/airflow/example_dags/example_external_task_marker_dag.py
[2024-04-16T13:29:41.277+0000] {logging_mixin.py:120} INFO - [2024-04-16T13:29:41.276+0000] {dag.py:2585} INFO - Sync 2 DAGs
[2024-04-16T13:29:41.312+0000] {logging_mixin.py:120} INFO - [2024-04-16T13:29:41.311+0000] {dag.py:3340} INFO - Setting next_dagrun for example_external_task_marker_child to None, run_after=None
[2024-04-16T13:29:41.318+0000] {logging_mixin.py:120} INFO - [2024-04-16T13:29:41.318+0000] {dag.py:3340} INFO - Setting next_dagrun for example_external_task_marker_parent to None, run_after=None
[2024-04-16T13:29:41.343+0000] {processor.py:176} INFO - Processing /home/airflow/.local/lib/python3.7/site-packages/airflow/example_dags/example_external_task_marker_dag.py took 0.743 seconds
[2024-04-16T13:30:11.790+0000] {processor.py:154} INFO - Started process (PID=4423) to work on /home/airflow/.local/lib/python3.7/site-packages/airflow/example_dags/example_external_task_marker_dag.py
[2024-04-16T13:30:11.792+0000] {processor.py:756} INFO - Processing file /home/airflow/.local/lib/python3.7/site-packages/airflow/example_dags/example_external_task_marker_dag.py for tasks to queue
[2024-04-16T13:30:11.793+0000] {logging_mixin.py:120} INFO - [2024-04-16T13:30:11.793+0000] {dagbag.py:537} INFO - Filling up the DagBag from /home/airflow/.local/lib/python3.7/site-packages/airflow/example_dags/example_external_task_marker_dag.py
[2024-04-16T13:30:11.814+0000] {processor.py:766} INFO - DAG(s) dict_keys(['example_external_task_marker_child', 'example_external_task_marker_parent']) retrieved from /home/airflow/.local/lib/python3.7/site-packages/airflow/example_dags/example_external_task_marker_dag.py
[2024-04-16T13:30:12.467+0000] {logging_mixin.py:120} INFO - [2024-04-16T13:30:12.467+0000] {dag.py:2585} INFO - Sync 2 DAGs
[2024-04-16T13:30:12.504+0000] {logging_mixin.py:120} INFO - [2024-04-16T13:30:12.504+0000] {dag.py:3340} INFO - Setting next_dagrun for example_external_task_marker_child to None, run_after=None
[2024-04-16T13:30:12.510+0000] {logging_mixin.py:120} INFO - [2024-04-16T13:30:12.510+0000] {dag.py:3340} INFO - Setting next_dagrun for example_external_task_marker_parent to None, run_after=None
[2024-04-16T13:30:12.537+0000] {processor.py:176} INFO - Processing /home/airflow/.local/lib/python3.7/site-packages/airflow/example_dags/example_external_task_marker_dag.py took 0.752 seconds
[2024-04-16T13:30:42.958+0000] {processor.py:154} INFO - Started process (PID=4501) to work on /home/airflow/.local/lib/python3.7/site-packages/airflow/example_dags/example_external_task_marker_dag.py
[2024-04-16T13:30:42.962+0000] {processor.py:756} INFO - Processing file /home/airflow/.local/lib/python3.7/site-packages/airflow/example_dags/example_external_task_marker_dag.py for tasks to queue
[2024-04-16T13:30:42.967+0000] {logging_mixin.py:120} INFO - [2024-04-16T13:30:42.967+0000] {dagbag.py:537} INFO - Filling up the DagBag from /home/airflow/.local/lib/python3.7/site-packages/airflow/example_dags/example_external_task_marker_dag.py
[2024-04-16T13:30:42.993+0000] {processor.py:766} INFO - DAG(s) dict_keys(['example_external_task_marker_parent', 'example_external_task_marker_child']) retrieved from /home/airflow/.local/lib/python3.7/site-packages/airflow/example_dags/example_external_task_marker_dag.py
[2024-04-16T13:30:43.679+0000] {logging_mixin.py:120} INFO - [2024-04-16T13:30:43.677+0000] {dag.py:2585} INFO - Sync 2 DAGs
[2024-04-16T13:30:43.715+0000] {logging_mixin.py:120} INFO - [2024-04-16T13:30:43.714+0000] {dag.py:3340} INFO - Setting next_dagrun for example_external_task_marker_child to None, run_after=None
[2024-04-16T13:30:43.721+0000] {logging_mixin.py:120} INFO - [2024-04-16T13:30:43.721+0000] {dag.py:3340} INFO - Setting next_dagrun for example_external_task_marker_parent to None, run_after=None
[2024-04-16T13:30:43.752+0000] {processor.py:176} INFO - Processing /home/airflow/.local/lib/python3.7/site-packages/airflow/example_dags/example_external_task_marker_dag.py took 0.805 seconds
[2024-04-16T13:31:25.378+0000] {processor.py:154} INFO - Started process (PID=4579) to work on /home/airflow/.local/lib/python3.7/site-packages/airflow/example_dags/example_external_task_marker_dag.py
[2024-04-16T13:31:25.471+0000] {processor.py:756} INFO - Processing file /home/airflow/.local/lib/python3.7/site-packages/airflow/example_dags/example_external_task_marker_dag.py for tasks to queue
[2024-04-16T13:31:25.500+0000] {logging_mixin.py:120} INFO - [2024-04-16T13:31:25.499+0000] {dagbag.py:537} INFO - Filling up the DagBag from /home/airflow/.local/lib/python3.7/site-packages/airflow/example_dags/example_external_task_marker_dag.py
[2024-04-16T13:31:26.285+0000] {processor.py:766} INFO - DAG(s) dict_keys(['example_external_task_marker_parent', 'example_external_task_marker_child']) retrieved from /home/airflow/.local/lib/python3.7/site-packages/airflow/example_dags/example_external_task_marker_dag.py
