[2024-04-16T09:52:24.448+0000] {processor.py:154} INFO - Started process (PID=23807) to work on /home/airflow/.local/lib/python3.7/site-packages/airflow/example_dags/example_branch_labels.py
[2024-04-16T09:52:24.471+0000] {processor.py:756} INFO - Processing file /home/airflow/.local/lib/python3.7/site-packages/airflow/example_dags/example_branch_labels.py for tasks to queue
[2024-04-16T09:52:24.483+0000] {logging_mixin.py:120} INFO - [2024-04-16T09:52:24.483+0000] {dagbag.py:537} INFO - Filling up the DagBag from /home/airflow/.local/lib/python3.7/site-packages/airflow/example_dags/example_branch_labels.py
[2024-04-16T09:52:24.784+0000] {processor.py:766} INFO - DAG(s) dict_keys(['example_branch_labels']) retrieved from /home/airflow/.local/lib/python3.7/site-packages/airflow/example_dags/example_branch_labels.py
[2024-04-16T09:52:25.371+0000] {logging_mixin.py:120} INFO - [2024-04-16T09:52:25.371+0000] {dag.py:2585} INFO - Sync 1 DAGs
[2024-04-16T09:52:25.685+0000] {logging_mixin.py:120} INFO - [2024-04-16T09:52:25.684+0000] {dag.py:3340} INFO - Setting next_dagrun for example_branch_labels to 2024-04-15T00:00:00+00:00, run_after=2024-04-16T00:00:00+00:00
[2024-04-16T09:52:25.976+0000] {processor.py:176} INFO - Processing /home/airflow/.local/lib/python3.7/site-packages/airflow/example_dags/example_branch_labels.py took 1.566 seconds
[2024-04-16T10:13:25.956+0000] {processor.py:154} INFO - Started process (PID=24008) to work on /home/airflow/.local/lib/python3.7/site-packages/airflow/example_dags/example_branch_labels.py
[2024-04-16T10:13:26.031+0000] {processor.py:756} INFO - Processing file /home/airflow/.local/lib/python3.7/site-packages/airflow/example_dags/example_branch_labels.py for tasks to queue
[2024-04-16T10:13:26.092+0000] {logging_mixin.py:120} INFO - [2024-04-16T10:13:26.079+0000] {dagbag.py:537} INFO - Filling up the DagBag from /home/airflow/.local/lib/python3.7/site-packages/airflow/example_dags/example_branch_labels.py
[2024-04-16T10:13:31.226+0000] {processor.py:766} INFO - DAG(s) dict_keys(['example_branch_labels']) retrieved from /home/airflow/.local/lib/python3.7/site-packages/airflow/example_dags/example_branch_labels.py
[2024-04-16T10:13:49.915+0000] {logging_mixin.py:120} INFO - [2024-04-16T10:13:49.857+0000] {dag.py:2585} INFO - Sync 1 DAGs
[2024-04-16T10:14:01.347+0000] {logging_mixin.py:120} INFO - [2024-04-16T10:14:01.189+0000] {dag.py:3340} INFO - Setting next_dagrun for example_branch_labels to 2024-04-15T00:00:00+00:00, run_after=2024-04-16T00:00:00+00:00
[2024-04-16T10:14:10.538+0000] {processor.py:176} INFO - Processing /home/airflow/.local/lib/python3.7/site-packages/airflow/example_dags/example_branch_labels.py took 46.253 seconds
[2024-04-16T10:23:12.809+0000] {processor.py:154} INFO - Started process (PID=67) to work on /home/airflow/.local/lib/python3.7/site-packages/airflow/example_dags/example_branch_labels.py
[2024-04-16T10:23:12.811+0000] {processor.py:756} INFO - Processing file /home/airflow/.local/lib/python3.7/site-packages/airflow/example_dags/example_branch_labels.py for tasks to queue
[2024-04-16T10:23:12.817+0000] {logging_mixin.py:120} INFO - [2024-04-16T10:23:12.817+0000] {dagbag.py:537} INFO - Filling up the DagBag from /home/airflow/.local/lib/python3.7/site-packages/airflow/example_dags/example_branch_labels.py
[2024-04-16T10:23:12.924+0000] {processor.py:766} INFO - DAG(s) dict_keys(['example_branch_labels']) retrieved from /home/airflow/.local/lib/python3.7/site-packages/airflow/example_dags/example_branch_labels.py
[2024-04-16T10:23:13.221+0000] {logging_mixin.py:120} INFO - [2024-04-16T10:23:13.220+0000] {dag.py:2585} INFO - Sync 1 DAGs
[2024-04-16T10:23:13.408+0000] {logging_mixin.py:120} INFO - [2024-04-16T10:23:13.408+0000] {dag.py:3340} INFO - Setting next_dagrun for example_branch_labels to 2024-04-15T00:00:00+00:00, run_after=2024-04-16T00:00:00+00:00
[2024-04-16T10:23:13.583+0000] {processor.py:176} INFO - Processing /home/airflow/.local/lib/python3.7/site-packages/airflow/example_dags/example_branch_labels.py took 0.793 seconds
[2024-04-16T10:23:57.666+0000] {processor.py:154} INFO - Started process (PID=136) to work on /home/airflow/.local/lib/python3.7/site-packages/airflow/example_dags/example_branch_labels.py
[2024-04-16T10:23:57.678+0000] {processor.py:756} INFO - Processing file /home/airflow/.local/lib/python3.7/site-packages/airflow/example_dags/example_branch_labels.py for tasks to queue
[2024-04-16T10:23:57.679+0000] {logging_mixin.py:120} INFO - [2024-04-16T10:23:57.679+0000] {dagbag.py:537} INFO - Filling up the DagBag from /home/airflow/.local/lib/python3.7/site-packages/airflow/example_dags/example_branch_labels.py
[2024-04-16T10:23:57.782+0000] {processor.py:766} INFO - DAG(s) dict_keys(['example_branch_labels']) retrieved from /home/airflow/.local/lib/python3.7/site-packages/airflow/example_dags/example_branch_labels.py
[2024-04-16T10:23:58.040+0000] {logging_mixin.py:120} INFO - [2024-04-16T10:23:58.040+0000] {dag.py:2585} INFO - Sync 1 DAGs
[2024-04-16T10:23:58.212+0000] {logging_mixin.py:120} INFO - [2024-04-16T10:23:58.212+0000] {dag.py:3340} INFO - Setting next_dagrun for example_branch_labels to 2024-04-15T00:00:00+00:00, run_after=2024-04-16T00:00:00+00:00
[2024-04-16T10:23:58.326+0000] {processor.py:176} INFO - Processing /home/airflow/.local/lib/python3.7/site-packages/airflow/example_dags/example_branch_labels.py took 0.680 seconds
[2024-04-16T10:24:28.650+0000] {processor.py:154} INFO - Started process (PID=205) to work on /home/airflow/.local/lib/python3.7/site-packages/airflow/example_dags/example_branch_labels.py
[2024-04-16T10:24:28.652+0000] {processor.py:756} INFO - Processing file /home/airflow/.local/lib/python3.7/site-packages/airflow/example_dags/example_branch_labels.py for tasks to queue
[2024-04-16T10:24:28.655+0000] {logging_mixin.py:120} INFO - [2024-04-16T10:24:28.654+0000] {dagbag.py:537} INFO - Filling up the DagBag from /home/airflow/.local/lib/python3.7/site-packages/airflow/example_dags/example_branch_labels.py
[2024-04-16T10:24:28.685+0000] {processor.py:766} INFO - DAG(s) dict_keys(['example_branch_labels']) retrieved from /home/airflow/.local/lib/python3.7/site-packages/airflow/example_dags/example_branch_labels.py
[2024-04-16T10:24:28.753+0000] {logging_mixin.py:120} INFO - [2024-04-16T10:24:28.753+0000] {dag.py:2585} INFO - Sync 1 DAGs
[2024-04-16T10:24:28.812+0000] {logging_mixin.py:120} INFO - [2024-04-16T10:24:28.812+0000] {dag.py:3340} INFO - Setting next_dagrun for example_branch_labels to 2024-04-15T00:00:00+00:00, run_after=2024-04-16T00:00:00+00:00
[2024-04-16T10:24:28.885+0000] {processor.py:176} INFO - Processing /home/airflow/.local/lib/python3.7/site-packages/airflow/example_dags/example_branch_labels.py took 0.240 seconds
[2024-04-16T10:24:59.576+0000] {processor.py:154} INFO - Started process (PID=272) to work on /home/airflow/.local/lib/python3.7/site-packages/airflow/example_dags/example_branch_labels.py
[2024-04-16T10:24:59.579+0000] {processor.py:756} INFO - Processing file /home/airflow/.local/lib/python3.7/site-packages/airflow/example_dags/example_branch_labels.py for tasks to queue
[2024-04-16T10:24:59.581+0000] {logging_mixin.py:120} INFO - [2024-04-16T10:24:59.581+0000] {dagbag.py:537} INFO - Filling up the DagBag from /home/airflow/.local/lib/python3.7/site-packages/airflow/example_dags/example_branch_labels.py
[2024-04-16T10:24:59.608+0000] {processor.py:766} INFO - DAG(s) dict_keys(['example_branch_labels']) retrieved from /home/airflow/.local/lib/python3.7/site-packages/airflow/example_dags/example_branch_labels.py
[2024-04-16T10:24:59.688+0000] {logging_mixin.py:120} INFO - [2024-04-16T10:24:59.688+0000] {dag.py:2585} INFO - Sync 1 DAGs
[2024-04-16T10:24:59.727+0000] {logging_mixin.py:120} INFO - [2024-04-16T10:24:59.727+0000] {dag.py:3340} INFO - Setting next_dagrun for example_branch_labels to 2024-04-15T00:00:00+00:00, run_after=2024-04-16T00:00:00+00:00
[2024-04-16T10:24:59.757+0000] {processor.py:176} INFO - Processing /home/airflow/.local/lib/python3.7/site-packages/airflow/example_dags/example_branch_labels.py took 0.186 seconds
[2024-04-16T10:25:29.804+0000] {processor.py:154} INFO - Started process (PID=341) to work on /home/airflow/.local/lib/python3.7/site-packages/airflow/example_dags/example_branch_labels.py
[2024-04-16T10:25:29.811+0000] {processor.py:756} INFO - Processing file /home/airflow/.local/lib/python3.7/site-packages/airflow/example_dags/example_branch_labels.py for tasks to queue
[2024-04-16T10:25:29.813+0000] {logging_mixin.py:120} INFO - [2024-04-16T10:25:29.813+0000] {dagbag.py:537} INFO - Filling up the DagBag from /home/airflow/.local/lib/python3.7/site-packages/airflow/example_dags/example_branch_labels.py
[2024-04-16T10:25:29.837+0000] {processor.py:766} INFO - DAG(s) dict_keys(['example_branch_labels']) retrieved from /home/airflow/.local/lib/python3.7/site-packages/airflow/example_dags/example_branch_labels.py
[2024-04-16T10:25:29.914+0000] {logging_mixin.py:120} INFO - [2024-04-16T10:25:29.913+0000] {dag.py:2585} INFO - Sync 1 DAGs
[2024-04-16T10:25:29.958+0000] {logging_mixin.py:120} INFO - [2024-04-16T10:25:29.957+0000] {dag.py:3340} INFO - Setting next_dagrun for example_branch_labels to 2024-04-15T00:00:00+00:00, run_after=2024-04-16T00:00:00+00:00
[2024-04-16T10:25:29.998+0000] {processor.py:176} INFO - Processing /home/airflow/.local/lib/python3.7/site-packages/airflow/example_dags/example_branch_labels.py took 0.199 seconds
[2024-04-16T10:26:09.507+0000] {processor.py:154} INFO - Started process (PID=410) to work on /home/airflow/.local/lib/python3.7/site-packages/airflow/example_dags/example_branch_labels.py
[2024-04-16T10:26:09.511+0000] {processor.py:756} INFO - Processing file /home/airflow/.local/lib/python3.7/site-packages/airflow/example_dags/example_branch_labels.py for tasks to queue
[2024-04-16T10:26:09.531+0000] {logging_mixin.py:120} INFO - [2024-04-16T10:26:09.531+0000] {dagbag.py:537} INFO - Filling up the DagBag from /home/airflow/.local/lib/python3.7/site-packages/airflow/example_dags/example_branch_labels.py
[2024-04-16T10:26:09.596+0000] {processor.py:766} INFO - DAG(s) dict_keys(['example_branch_labels']) retrieved from /home/airflow/.local/lib/python3.7/site-packages/airflow/example_dags/example_branch_labels.py
[2024-04-16T10:26:09.818+0000] {logging_mixin.py:120} INFO - [2024-04-16T10:26:09.818+0000] {dag.py:2585} INFO - Sync 1 DAGs
[2024-04-16T10:26:09.874+0000] {logging_mixin.py:120} INFO - [2024-04-16T10:26:09.874+0000] {dag.py:3340} INFO - Setting next_dagrun for example_branch_labels to 2024-04-15T00:00:00+00:00, run_after=2024-04-16T00:00:00+00:00
[2024-04-16T10:26:09.917+0000] {processor.py:176} INFO - Processing /home/airflow/.local/lib/python3.7/site-packages/airflow/example_dags/example_branch_labels.py took 0.424 seconds
[2024-04-16T10:26:40.673+0000] {processor.py:154} INFO - Started process (PID=479) to work on /home/airflow/.local/lib/python3.7/site-packages/airflow/example_dags/example_branch_labels.py
[2024-04-16T10:26:40.675+0000] {processor.py:756} INFO - Processing file /home/airflow/.local/lib/python3.7/site-packages/airflow/example_dags/example_branch_labels.py for tasks to queue
[2024-04-16T10:26:40.677+0000] {logging_mixin.py:120} INFO - [2024-04-16T10:26:40.676+0000] {dagbag.py:537} INFO - Filling up the DagBag from /home/airflow/.local/lib/python3.7/site-packages/airflow/example_dags/example_branch_labels.py
[2024-04-16T10:26:40.700+0000] {processor.py:766} INFO - DAG(s) dict_keys(['example_branch_labels']) retrieved from /home/airflow/.local/lib/python3.7/site-packages/airflow/example_dags/example_branch_labels.py
[2024-04-16T10:26:40.764+0000] {logging_mixin.py:120} INFO - [2024-04-16T10:26:40.764+0000] {dag.py:2585} INFO - Sync 1 DAGs
[2024-04-16T10:26:40.802+0000] {logging_mixin.py:120} INFO - [2024-04-16T10:26:40.802+0000] {dag.py:3340} INFO - Setting next_dagrun for example_branch_labels to 2024-04-15T00:00:00+00:00, run_after=2024-04-16T00:00:00+00:00
[2024-04-16T10:26:40.831+0000] {processor.py:176} INFO - Processing /home/airflow/.local/lib/python3.7/site-packages/airflow/example_dags/example_branch_labels.py took 0.164 seconds
[2024-04-16T10:27:10.937+0000] {processor.py:154} INFO - Started process (PID=549) to work on /home/airflow/.local/lib/python3.7/site-packages/airflow/example_dags/example_branch_labels.py
[2024-04-16T10:27:10.942+0000] {processor.py:756} INFO - Processing file /home/airflow/.local/lib/python3.7/site-packages/airflow/example_dags/example_branch_labels.py for tasks to queue
[2024-04-16T10:27:10.945+0000] {logging_mixin.py:120} INFO - [2024-04-16T10:27:10.944+0000] {dagbag.py:537} INFO - Filling up the DagBag from /home/airflow/.local/lib/python3.7/site-packages/airflow/example_dags/example_branch_labels.py
[2024-04-16T10:27:10.980+0000] {processor.py:766} INFO - DAG(s) dict_keys(['example_branch_labels']) retrieved from /home/airflow/.local/lib/python3.7/site-packages/airflow/example_dags/example_branch_labels.py
[2024-04-16T10:27:11.063+0000] {logging_mixin.py:120} INFO - [2024-04-16T10:27:11.063+0000] {dag.py:2585} INFO - Sync 1 DAGs
[2024-04-16T10:27:11.106+0000] {logging_mixin.py:120} INFO - [2024-04-16T10:27:11.106+0000] {dag.py:3340} INFO - Setting next_dagrun for example_branch_labels to 2024-04-15T00:00:00+00:00, run_after=2024-04-16T00:00:00+00:00
[2024-04-16T10:27:11.138+0000] {processor.py:176} INFO - Processing /home/airflow/.local/lib/python3.7/site-packages/airflow/example_dags/example_branch_labels.py took 0.211 seconds
[2024-04-16T10:27:41.263+0000] {processor.py:154} INFO - Started process (PID=618) to work on /home/airflow/.local/lib/python3.7/site-packages/airflow/example_dags/example_branch_labels.py
[2024-04-16T10:27:41.265+0000] {processor.py:756} INFO - Processing file /home/airflow/.local/lib/python3.7/site-packages/airflow/example_dags/example_branch_labels.py for tasks to queue
[2024-04-16T10:27:41.266+0000] {logging_mixin.py:120} INFO - [2024-04-16T10:27:41.266+0000] {dagbag.py:537} INFO - Filling up the DagBag from /home/airflow/.local/lib/python3.7/site-packages/airflow/example_dags/example_branch_labels.py
[2024-04-16T10:27:41.291+0000] {processor.py:766} INFO - DAG(s) dict_keys(['example_branch_labels']) retrieved from /home/airflow/.local/lib/python3.7/site-packages/airflow/example_dags/example_branch_labels.py
[2024-04-16T10:27:41.355+0000] {logging_mixin.py:120} INFO - [2024-04-16T10:27:41.354+0000] {dag.py:2585} INFO - Sync 1 DAGs
[2024-04-16T10:27:41.395+0000] {logging_mixin.py:120} INFO - [2024-04-16T10:27:41.395+0000] {dag.py:3340} INFO - Setting next_dagrun for example_branch_labels to 2024-04-15T00:00:00+00:00, run_after=2024-04-16T00:00:00+00:00
[2024-04-16T10:27:41.450+0000] {processor.py:176} INFO - Processing /home/airflow/.local/lib/python3.7/site-packages/airflow/example_dags/example_branch_labels.py took 0.192 seconds
[2024-04-16T13:04:09.021+0000] {processor.py:154} INFO - Started process (PID=699) to work on /home/airflow/.local/lib/python3.7/site-packages/airflow/example_dags/example_branch_labels.py
[2024-04-16T13:04:09.027+0000] {processor.py:756} INFO - Processing file /home/airflow/.local/lib/python3.7/site-packages/airflow/example_dags/example_branch_labels.py for tasks to queue
[2024-04-16T13:04:09.034+0000] {logging_mixin.py:120} INFO - [2024-04-16T13:04:09.034+0000] {dagbag.py:537} INFO - Filling up the DagBag from /home/airflow/.local/lib/python3.7/site-packages/airflow/example_dags/example_branch_labels.py
[2024-04-16T13:04:09.151+0000] {processor.py:766} INFO - DAG(s) dict_keys(['example_branch_labels']) retrieved from /home/airflow/.local/lib/python3.7/site-packages/airflow/example_dags/example_branch_labels.py
[2024-04-16T13:04:09.349+0000] {logging_mixin.py:120} INFO - [2024-04-16T13:04:09.349+0000] {dag.py:2585} INFO - Sync 1 DAGs
[2024-04-16T13:04:09.476+0000] {logging_mixin.py:120} INFO - [2024-04-16T13:04:09.476+0000] {dag.py:3340} INFO - Setting next_dagrun for example_branch_labels to 2024-04-15T00:00:00+00:00, run_after=2024-04-16T00:00:00+00:00
[2024-04-16T13:04:09.516+0000] {processor.py:176} INFO - Processing /home/airflow/.local/lib/python3.7/site-packages/airflow/example_dags/example_branch_labels.py took 0.537 seconds
[2024-04-16T13:04:40.498+0000] {processor.py:154} INFO - Started process (PID=768) to work on /home/airflow/.local/lib/python3.7/site-packages/airflow/example_dags/example_branch_labels.py
[2024-04-16T13:04:40.504+0000] {processor.py:756} INFO - Processing file /home/airflow/.local/lib/python3.7/site-packages/airflow/example_dags/example_branch_labels.py for tasks to queue
[2024-04-16T13:04:40.510+0000] {logging_mixin.py:120} INFO - [2024-04-16T13:04:40.509+0000] {dagbag.py:537} INFO - Filling up the DagBag from /home/airflow/.local/lib/python3.7/site-packages/airflow/example_dags/example_branch_labels.py
[2024-04-16T13:04:40.597+0000] {processor.py:766} INFO - DAG(s) dict_keys(['example_branch_labels']) retrieved from /home/airflow/.local/lib/python3.7/site-packages/airflow/example_dags/example_branch_labels.py
[2024-04-16T13:04:40.908+0000] {logging_mixin.py:120} INFO - [2024-04-16T13:04:40.907+0000] {dag.py:2585} INFO - Sync 1 DAGs
[2024-04-16T13:04:40.981+0000] {logging_mixin.py:120} INFO - [2024-04-16T13:04:40.980+0000] {dag.py:3340} INFO - Setting next_dagrun for example_branch_labels to 2024-04-15T00:00:00+00:00, run_after=2024-04-16T00:00:00+00:00
[2024-04-16T13:04:41.020+0000] {processor.py:176} INFO - Processing /home/airflow/.local/lib/python3.7/site-packages/airflow/example_dags/example_branch_labels.py took 0.560 seconds
[2024-04-16T13:05:11.775+0000] {processor.py:154} INFO - Started process (PID=846) to work on /home/airflow/.local/lib/python3.7/site-packages/airflow/example_dags/example_branch_labels.py
[2024-04-16T13:05:11.777+0000] {processor.py:756} INFO - Processing file /home/airflow/.local/lib/python3.7/site-packages/airflow/example_dags/example_branch_labels.py for tasks to queue
[2024-04-16T13:05:11.782+0000] {logging_mixin.py:120} INFO - [2024-04-16T13:05:11.781+0000] {dagbag.py:537} INFO - Filling up the DagBag from /home/airflow/.local/lib/python3.7/site-packages/airflow/example_dags/example_branch_labels.py
[2024-04-16T13:05:11.813+0000] {processor.py:766} INFO - DAG(s) dict_keys(['example_branch_labels']) retrieved from /home/airflow/.local/lib/python3.7/site-packages/airflow/example_dags/example_branch_labels.py
[2024-04-16T13:05:11.877+0000] {logging_mixin.py:120} INFO - [2024-04-16T13:05:11.876+0000] {dag.py:2585} INFO - Sync 1 DAGs
[2024-04-16T13:05:11.918+0000] {logging_mixin.py:120} INFO - [2024-04-16T13:05:11.917+0000] {dag.py:3340} INFO - Setting next_dagrun for example_branch_labels to 2024-04-15T00:00:00+00:00, run_after=2024-04-16T00:00:00+00:00
[2024-04-16T13:05:11.943+0000] {processor.py:176} INFO - Processing /home/airflow/.local/lib/python3.7/site-packages/airflow/example_dags/example_branch_labels.py took 0.174 seconds
[2024-04-16T13:05:42.210+0000] {processor.py:154} INFO - Started process (PID=916) to work on /home/airflow/.local/lib/python3.7/site-packages/airflow/example_dags/example_branch_labels.py
[2024-04-16T13:05:42.213+0000] {processor.py:756} INFO - Processing file /home/airflow/.local/lib/python3.7/site-packages/airflow/example_dags/example_branch_labels.py for tasks to queue
[2024-04-16T13:05:42.216+0000] {logging_mixin.py:120} INFO - [2024-04-16T13:05:42.216+0000] {dagbag.py:537} INFO - Filling up the DagBag from /home/airflow/.local/lib/python3.7/site-packages/airflow/example_dags/example_branch_labels.py
[2024-04-16T13:05:42.259+0000] {processor.py:766} INFO - DAG(s) dict_keys(['example_branch_labels']) retrieved from /home/airflow/.local/lib/python3.7/site-packages/airflow/example_dags/example_branch_labels.py
[2024-04-16T13:05:42.336+0000] {logging_mixin.py:120} INFO - [2024-04-16T13:05:42.336+0000] {dag.py:2585} INFO - Sync 1 DAGs
[2024-04-16T13:05:42.393+0000] {logging_mixin.py:120} INFO - [2024-04-16T13:05:42.393+0000] {dag.py:3340} INFO - Setting next_dagrun for example_branch_labels to 2024-04-15T00:00:00+00:00, run_after=2024-04-16T00:00:00+00:00
[2024-04-16T13:05:42.424+0000] {processor.py:176} INFO - Processing /home/airflow/.local/lib/python3.7/site-packages/airflow/example_dags/example_branch_labels.py took 0.222 seconds
[2024-04-16T13:06:12.907+0000] {processor.py:154} INFO - Started process (PID=995) to work on /home/airflow/.local/lib/python3.7/site-packages/airflow/example_dags/example_branch_labels.py
[2024-04-16T13:06:12.911+0000] {processor.py:756} INFO - Processing file /home/airflow/.local/lib/python3.7/site-packages/airflow/example_dags/example_branch_labels.py for tasks to queue
[2024-04-16T13:06:12.913+0000] {logging_mixin.py:120} INFO - [2024-04-16T13:06:12.913+0000] {dagbag.py:537} INFO - Filling up the DagBag from /home/airflow/.local/lib/python3.7/site-packages/airflow/example_dags/example_branch_labels.py
[2024-04-16T13:06:12.938+0000] {processor.py:766} INFO - DAG(s) dict_keys(['example_branch_labels']) retrieved from /home/airflow/.local/lib/python3.7/site-packages/airflow/example_dags/example_branch_labels.py
[2024-04-16T13:06:13.009+0000] {logging_mixin.py:120} INFO - [2024-04-16T13:06:13.009+0000] {dag.py:2585} INFO - Sync 1 DAGs
[2024-04-16T13:06:13.060+0000] {logging_mixin.py:120} INFO - [2024-04-16T13:06:13.059+0000] {dag.py:3340} INFO - Setting next_dagrun for example_branch_labels to 2024-04-15T00:00:00+00:00, run_after=2024-04-16T00:00:00+00:00
[2024-04-16T13:06:13.094+0000] {processor.py:176} INFO - Processing /home/airflow/.local/lib/python3.7/site-packages/airflow/example_dags/example_branch_labels.py took 0.194 seconds
[2024-04-16T13:06:43.321+0000] {processor.py:154} INFO - Started process (PID=1063) to work on /home/airflow/.local/lib/python3.7/site-packages/airflow/example_dags/example_branch_labels.py
[2024-04-16T13:06:43.324+0000] {processor.py:756} INFO - Processing file /home/airflow/.local/lib/python3.7/site-packages/airflow/example_dags/example_branch_labels.py for tasks to queue
[2024-04-16T13:06:43.327+0000] {logging_mixin.py:120} INFO - [2024-04-16T13:06:43.326+0000] {dagbag.py:537} INFO - Filling up the DagBag from /home/airflow/.local/lib/python3.7/site-packages/airflow/example_dags/example_branch_labels.py
[2024-04-16T13:06:43.364+0000] {processor.py:766} INFO - DAG(s) dict_keys(['example_branch_labels']) retrieved from /home/airflow/.local/lib/python3.7/site-packages/airflow/example_dags/example_branch_labels.py
[2024-04-16T13:06:43.475+0000] {logging_mixin.py:120} INFO - [2024-04-16T13:06:43.475+0000] {dag.py:2585} INFO - Sync 1 DAGs
[2024-04-16T13:06:43.531+0000] {logging_mixin.py:120} INFO - [2024-04-16T13:06:43.531+0000] {dag.py:3340} INFO - Setting next_dagrun for example_branch_labels to 2024-04-15T00:00:00+00:00, run_after=2024-04-16T00:00:00+00:00
[2024-04-16T13:06:43.576+0000] {processor.py:176} INFO - Processing /home/airflow/.local/lib/python3.7/site-packages/airflow/example_dags/example_branch_labels.py took 0.265 seconds
[2024-04-16T13:07:14.044+0000] {processor.py:154} INFO - Started process (PID=1133) to work on /home/airflow/.local/lib/python3.7/site-packages/airflow/example_dags/example_branch_labels.py
[2024-04-16T13:07:14.047+0000] {processor.py:756} INFO - Processing file /home/airflow/.local/lib/python3.7/site-packages/airflow/example_dags/example_branch_labels.py for tasks to queue
[2024-04-16T13:07:14.050+0000] {logging_mixin.py:120} INFO - [2024-04-16T13:07:14.049+0000] {dagbag.py:537} INFO - Filling up the DagBag from /home/airflow/.local/lib/python3.7/site-packages/airflow/example_dags/example_branch_labels.py
[2024-04-16T13:07:14.084+0000] {processor.py:766} INFO - DAG(s) dict_keys(['example_branch_labels']) retrieved from /home/airflow/.local/lib/python3.7/site-packages/airflow/example_dags/example_branch_labels.py
[2024-04-16T13:07:14.176+0000] {logging_mixin.py:120} INFO - [2024-04-16T13:07:14.176+0000] {dag.py:2585} INFO - Sync 1 DAGs
[2024-04-16T13:07:14.229+0000] {logging_mixin.py:120} INFO - [2024-04-16T13:07:14.228+0000] {dag.py:3340} INFO - Setting next_dagrun for example_branch_labels to 2024-04-15T00:00:00+00:00, run_after=2024-04-16T00:00:00+00:00
[2024-04-16T13:07:14.280+0000] {processor.py:176} INFO - Processing /home/airflow/.local/lib/python3.7/site-packages/airflow/example_dags/example_branch_labels.py took 0.249 seconds
[2024-04-16T13:07:44.640+0000] {processor.py:154} INFO - Started process (PID=1209) to work on /home/airflow/.local/lib/python3.7/site-packages/airflow/example_dags/example_branch_labels.py
[2024-04-16T13:07:44.643+0000] {processor.py:756} INFO - Processing file /home/airflow/.local/lib/python3.7/site-packages/airflow/example_dags/example_branch_labels.py for tasks to queue
[2024-04-16T13:07:44.645+0000] {logging_mixin.py:120} INFO - [2024-04-16T13:07:44.645+0000] {dagbag.py:537} INFO - Filling up the DagBag from /home/airflow/.local/lib/python3.7/site-packages/airflow/example_dags/example_branch_labels.py
[2024-04-16T13:07:44.715+0000] {processor.py:766} INFO - DAG(s) dict_keys(['example_branch_labels']) retrieved from /home/airflow/.local/lib/python3.7/site-packages/airflow/example_dags/example_branch_labels.py
[2024-04-16T13:07:44.852+0000] {logging_mixin.py:120} INFO - [2024-04-16T13:07:44.852+0000] {dag.py:2585} INFO - Sync 1 DAGs
[2024-04-16T13:07:44.925+0000] {logging_mixin.py:120} INFO - [2024-04-16T13:07:44.925+0000] {dag.py:3340} INFO - Setting next_dagrun for example_branch_labels to 2024-04-15T00:00:00+00:00, run_after=2024-04-16T00:00:00+00:00
[2024-04-16T13:07:44.993+0000] {processor.py:176} INFO - Processing /home/airflow/.local/lib/python3.7/site-packages/airflow/example_dags/example_branch_labels.py took 0.359 seconds
[2024-04-16T13:08:15.080+0000] {processor.py:154} INFO - Started process (PID=1280) to work on /home/airflow/.local/lib/python3.7/site-packages/airflow/example_dags/example_branch_labels.py
[2024-04-16T13:08:15.083+0000] {processor.py:756} INFO - Processing file /home/airflow/.local/lib/python3.7/site-packages/airflow/example_dags/example_branch_labels.py for tasks to queue
[2024-04-16T13:08:15.086+0000] {logging_mixin.py:120} INFO - [2024-04-16T13:08:15.086+0000] {dagbag.py:537} INFO - Filling up the DagBag from /home/airflow/.local/lib/python3.7/site-packages/airflow/example_dags/example_branch_labels.py
[2024-04-16T13:08:15.117+0000] {processor.py:766} INFO - DAG(s) dict_keys(['example_branch_labels']) retrieved from /home/airflow/.local/lib/python3.7/site-packages/airflow/example_dags/example_branch_labels.py
[2024-04-16T13:08:15.191+0000] {logging_mixin.py:120} INFO - [2024-04-16T13:08:15.190+0000] {dag.py:2585} INFO - Sync 1 DAGs
[2024-04-16T13:08:15.235+0000] {logging_mixin.py:120} INFO - [2024-04-16T13:08:15.235+0000] {dag.py:3340} INFO - Setting next_dagrun for example_branch_labels to 2024-04-15T00:00:00+00:00, run_after=2024-04-16T00:00:00+00:00
[2024-04-16T13:08:15.267+0000] {processor.py:176} INFO - Processing /home/airflow/.local/lib/python3.7/site-packages/airflow/example_dags/example_branch_labels.py took 0.196 seconds
[2024-04-16T13:08:45.605+0000] {processor.py:154} INFO - Started process (PID=1356) to work on /home/airflow/.local/lib/python3.7/site-packages/airflow/example_dags/example_branch_labels.py
[2024-04-16T13:08:45.607+0000] {processor.py:756} INFO - Processing file /home/airflow/.local/lib/python3.7/site-packages/airflow/example_dags/example_branch_labels.py for tasks to queue
[2024-04-16T13:08:45.609+0000] {logging_mixin.py:120} INFO - [2024-04-16T13:08:45.609+0000] {dagbag.py:537} INFO - Filling up the DagBag from /home/airflow/.local/lib/python3.7/site-packages/airflow/example_dags/example_branch_labels.py
[2024-04-16T13:08:45.633+0000] {processor.py:766} INFO - DAG(s) dict_keys(['example_branch_labels']) retrieved from /home/airflow/.local/lib/python3.7/site-packages/airflow/example_dags/example_branch_labels.py
[2024-04-16T13:08:45.711+0000] {logging_mixin.py:120} INFO - [2024-04-16T13:08:45.711+0000] {dag.py:2585} INFO - Sync 1 DAGs
[2024-04-16T13:08:45.761+0000] {logging_mixin.py:120} INFO - [2024-04-16T13:08:45.760+0000] {dag.py:3340} INFO - Setting next_dagrun for example_branch_labels to 2024-04-15T00:00:00+00:00, run_after=2024-04-16T00:00:00+00:00
[2024-04-16T13:08:45.787+0000] {processor.py:176} INFO - Processing /home/airflow/.local/lib/python3.7/site-packages/airflow/example_dags/example_branch_labels.py took 0.188 seconds
[2024-04-16T13:09:15.929+0000] {processor.py:154} INFO - Started process (PID=1428) to work on /home/airflow/.local/lib/python3.7/site-packages/airflow/example_dags/example_branch_labels.py
[2024-04-16T13:09:15.932+0000] {processor.py:756} INFO - Processing file /home/airflow/.local/lib/python3.7/site-packages/airflow/example_dags/example_branch_labels.py for tasks to queue
[2024-04-16T13:09:15.933+0000] {logging_mixin.py:120} INFO - [2024-04-16T13:09:15.933+0000] {dagbag.py:537} INFO - Filling up the DagBag from /home/airflow/.local/lib/python3.7/site-packages/airflow/example_dags/example_branch_labels.py
[2024-04-16T13:09:15.957+0000] {processor.py:766} INFO - DAG(s) dict_keys(['example_branch_labels']) retrieved from /home/airflow/.local/lib/python3.7/site-packages/airflow/example_dags/example_branch_labels.py
[2024-04-16T13:09:16.023+0000] {logging_mixin.py:120} INFO - [2024-04-16T13:09:16.022+0000] {dag.py:2585} INFO - Sync 1 DAGs
[2024-04-16T13:09:16.063+0000] {logging_mixin.py:120} INFO - [2024-04-16T13:09:16.062+0000] {dag.py:3340} INFO - Setting next_dagrun for example_branch_labels to 2024-04-15T00:00:00+00:00, run_after=2024-04-16T00:00:00+00:00
[2024-04-16T13:09:16.093+0000] {processor.py:176} INFO - Processing /home/airflow/.local/lib/python3.7/site-packages/airflow/example_dags/example_branch_labels.py took 0.169 seconds
[2024-04-16T13:09:46.664+0000] {processor.py:154} INFO - Started process (PID=1499) to work on /home/airflow/.local/lib/python3.7/site-packages/airflow/example_dags/example_branch_labels.py
[2024-04-16T13:09:46.671+0000] {processor.py:756} INFO - Processing file /home/airflow/.local/lib/python3.7/site-packages/airflow/example_dags/example_branch_labels.py for tasks to queue
[2024-04-16T13:09:46.676+0000] {logging_mixin.py:120} INFO - [2024-04-16T13:09:46.676+0000] {dagbag.py:537} INFO - Filling up the DagBag from /home/airflow/.local/lib/python3.7/site-packages/airflow/example_dags/example_branch_labels.py
[2024-04-16T13:09:46.730+0000] {processor.py:766} INFO - DAG(s) dict_keys(['example_branch_labels']) retrieved from /home/airflow/.local/lib/python3.7/site-packages/airflow/example_dags/example_branch_labels.py
[2024-04-16T13:09:46.867+0000] {logging_mixin.py:120} INFO - [2024-04-16T13:09:46.867+0000] {dag.py:2585} INFO - Sync 1 DAGs
[2024-04-16T13:09:46.953+0000] {logging_mixin.py:120} INFO - [2024-04-16T13:09:46.953+0000] {dag.py:3340} INFO - Setting next_dagrun for example_branch_labels to 2024-04-15T00:00:00+00:00, run_after=2024-04-16T00:00:00+00:00
[2024-04-16T13:09:46.996+0000] {processor.py:176} INFO - Processing /home/airflow/.local/lib/python3.7/site-packages/airflow/example_dags/example_branch_labels.py took 0.351 seconds
[2024-04-16T13:10:17.261+0000] {processor.py:154} INFO - Started process (PID=1577) to work on /home/airflow/.local/lib/python3.7/site-packages/airflow/example_dags/example_branch_labels.py
[2024-04-16T13:10:17.264+0000] {processor.py:756} INFO - Processing file /home/airflow/.local/lib/python3.7/site-packages/airflow/example_dags/example_branch_labels.py for tasks to queue
[2024-04-16T13:10:17.268+0000] {logging_mixin.py:120} INFO - [2024-04-16T13:10:17.268+0000] {dagbag.py:537} INFO - Filling up the DagBag from /home/airflow/.local/lib/python3.7/site-packages/airflow/example_dags/example_branch_labels.py
[2024-04-16T13:10:17.317+0000] {processor.py:766} INFO - DAG(s) dict_keys(['example_branch_labels']) retrieved from /home/airflow/.local/lib/python3.7/site-packages/airflow/example_dags/example_branch_labels.py
[2024-04-16T13:10:17.427+0000] {logging_mixin.py:120} INFO - [2024-04-16T13:10:17.426+0000] {dag.py:2585} INFO - Sync 1 DAGs
[2024-04-16T13:10:17.475+0000] {logging_mixin.py:120} INFO - [2024-04-16T13:10:17.475+0000] {dag.py:3340} INFO - Setting next_dagrun for example_branch_labels to 2024-04-15T00:00:00+00:00, run_after=2024-04-16T00:00:00+00:00
[2024-04-16T13:10:17.505+0000] {processor.py:176} INFO - Processing /home/airflow/.local/lib/python3.7/site-packages/airflow/example_dags/example_branch_labels.py took 0.255 seconds
[2024-04-16T13:10:47.637+0000] {processor.py:154} INFO - Started process (PID=1646) to work on /home/airflow/.local/lib/python3.7/site-packages/airflow/example_dags/example_branch_labels.py
[2024-04-16T13:10:47.640+0000] {processor.py:756} INFO - Processing file /home/airflow/.local/lib/python3.7/site-packages/airflow/example_dags/example_branch_labels.py for tasks to queue
[2024-04-16T13:10:47.643+0000] {logging_mixin.py:120} INFO - [2024-04-16T13:10:47.643+0000] {dagbag.py:537} INFO - Filling up the DagBag from /home/airflow/.local/lib/python3.7/site-packages/airflow/example_dags/example_branch_labels.py
[2024-04-16T13:10:47.677+0000] {processor.py:766} INFO - DAG(s) dict_keys(['example_branch_labels']) retrieved from /home/airflow/.local/lib/python3.7/site-packages/airflow/example_dags/example_branch_labels.py
[2024-04-16T13:10:47.769+0000] {logging_mixin.py:120} INFO - [2024-04-16T13:10:47.769+0000] {dag.py:2585} INFO - Sync 1 DAGs
[2024-04-16T13:10:47.818+0000] {logging_mixin.py:120} INFO - [2024-04-16T13:10:47.818+0000] {dag.py:3340} INFO - Setting next_dagrun for example_branch_labels to 2024-04-15T00:00:00+00:00, run_after=2024-04-16T00:00:00+00:00
[2024-04-16T13:10:47.857+0000] {processor.py:176} INFO - Processing /home/airflow/.local/lib/python3.7/site-packages/airflow/example_dags/example_branch_labels.py took 0.227 seconds
[2024-04-16T13:11:19.977+0000] {processor.py:154} INFO - Started process (PID=1727) to work on /home/airflow/.local/lib/python3.7/site-packages/airflow/example_dags/example_branch_labels.py
[2024-04-16T13:11:19.979+0000] {processor.py:756} INFO - Processing file /home/airflow/.local/lib/python3.7/site-packages/airflow/example_dags/example_branch_labels.py for tasks to queue
[2024-04-16T13:11:19.981+0000] {logging_mixin.py:120} INFO - [2024-04-16T13:11:19.981+0000] {dagbag.py:537} INFO - Filling up the DagBag from /home/airflow/.local/lib/python3.7/site-packages/airflow/example_dags/example_branch_labels.py
[2024-04-16T13:11:20.008+0000] {processor.py:766} INFO - DAG(s) dict_keys(['example_branch_labels']) retrieved from /home/airflow/.local/lib/python3.7/site-packages/airflow/example_dags/example_branch_labels.py
[2024-04-16T13:11:20.080+0000] {logging_mixin.py:120} INFO - [2024-04-16T13:11:20.080+0000] {dag.py:2585} INFO - Sync 1 DAGs
[2024-04-16T13:11:20.134+0000] {logging_mixin.py:120} INFO - [2024-04-16T13:11:20.134+0000] {dag.py:3340} INFO - Setting next_dagrun for example_branch_labels to 2024-04-15T00:00:00+00:00, run_after=2024-04-16T00:00:00+00:00
[2024-04-16T13:11:20.160+0000] {processor.py:176} INFO - Processing /home/airflow/.local/lib/python3.7/site-packages/airflow/example_dags/example_branch_labels.py took 0.191 seconds
[2024-04-16T13:11:50.295+0000] {processor.py:154} INFO - Started process (PID=1796) to work on /home/airflow/.local/lib/python3.7/site-packages/airflow/example_dags/example_branch_labels.py
[2024-04-16T13:11:50.297+0000] {processor.py:756} INFO - Processing file /home/airflow/.local/lib/python3.7/site-packages/airflow/example_dags/example_branch_labels.py for tasks to queue
[2024-04-16T13:11:50.299+0000] {logging_mixin.py:120} INFO - [2024-04-16T13:11:50.299+0000] {dagbag.py:537} INFO - Filling up the DagBag from /home/airflow/.local/lib/python3.7/site-packages/airflow/example_dags/example_branch_labels.py
[2024-04-16T13:11:50.322+0000] {processor.py:766} INFO - DAG(s) dict_keys(['example_branch_labels']) retrieved from /home/airflow/.local/lib/python3.7/site-packages/airflow/example_dags/example_branch_labels.py
[2024-04-16T13:11:50.402+0000] {logging_mixin.py:120} INFO - [2024-04-16T13:11:50.402+0000] {dag.py:2585} INFO - Sync 1 DAGs
[2024-04-16T13:11:50.452+0000] {logging_mixin.py:120} INFO - [2024-04-16T13:11:50.452+0000] {dag.py:3340} INFO - Setting next_dagrun for example_branch_labels to 2024-04-15T00:00:00+00:00, run_after=2024-04-16T00:00:00+00:00
[2024-04-16T13:11:50.482+0000] {processor.py:176} INFO - Processing /home/airflow/.local/lib/python3.7/site-packages/airflow/example_dags/example_branch_labels.py took 0.193 seconds
[2024-04-16T13:12:21.620+0000] {processor.py:154} INFO - Started process (PID=1872) to work on /home/airflow/.local/lib/python3.7/site-packages/airflow/example_dags/example_branch_labels.py
[2024-04-16T13:12:21.631+0000] {processor.py:756} INFO - Processing file /home/airflow/.local/lib/python3.7/site-packages/airflow/example_dags/example_branch_labels.py for tasks to queue
[2024-04-16T13:12:21.634+0000] {logging_mixin.py:120} INFO - [2024-04-16T13:12:21.634+0000] {dagbag.py:537} INFO - Filling up the DagBag from /home/airflow/.local/lib/python3.7/site-packages/airflow/example_dags/example_branch_labels.py
[2024-04-16T13:12:21.731+0000] {processor.py:766} INFO - DAG(s) dict_keys(['example_branch_labels']) retrieved from /home/airflow/.local/lib/python3.7/site-packages/airflow/example_dags/example_branch_labels.py
[2024-04-16T13:12:21.917+0000] {logging_mixin.py:120} INFO - [2024-04-16T13:12:21.916+0000] {dag.py:2585} INFO - Sync 1 DAGs
[2024-04-16T13:12:22.000+0000] {logging_mixin.py:120} INFO - [2024-04-16T13:12:21.999+0000] {dag.py:3340} INFO - Setting next_dagrun for example_branch_labels to 2024-04-15T00:00:00+00:00, run_after=2024-04-16T00:00:00+00:00
[2024-04-16T13:12:22.037+0000] {processor.py:176} INFO - Processing /home/airflow/.local/lib/python3.7/site-packages/airflow/example_dags/example_branch_labels.py took 0.424 seconds
[2024-04-16T13:12:52.247+0000] {processor.py:154} INFO - Started process (PID=1944) to work on /home/airflow/.local/lib/python3.7/site-packages/airflow/example_dags/example_branch_labels.py
[2024-04-16T13:12:52.250+0000] {processor.py:756} INFO - Processing file /home/airflow/.local/lib/python3.7/site-packages/airflow/example_dags/example_branch_labels.py for tasks to queue
[2024-04-16T13:12:52.252+0000] {logging_mixin.py:120} INFO - [2024-04-16T13:12:52.252+0000] {dagbag.py:537} INFO - Filling up the DagBag from /home/airflow/.local/lib/python3.7/site-packages/airflow/example_dags/example_branch_labels.py
[2024-04-16T13:12:52.286+0000] {processor.py:766} INFO - DAG(s) dict_keys(['example_branch_labels']) retrieved from /home/airflow/.local/lib/python3.7/site-packages/airflow/example_dags/example_branch_labels.py
[2024-04-16T13:12:52.360+0000] {logging_mixin.py:120} INFO - [2024-04-16T13:12:52.359+0000] {dag.py:2585} INFO - Sync 1 DAGs
[2024-04-16T13:12:52.404+0000] {logging_mixin.py:120} INFO - [2024-04-16T13:12:52.404+0000] {dag.py:3340} INFO - Setting next_dagrun for example_branch_labels to 2024-04-15T00:00:00+00:00, run_after=2024-04-16T00:00:00+00:00
[2024-04-16T13:12:52.435+0000] {processor.py:176} INFO - Processing /home/airflow/.local/lib/python3.7/site-packages/airflow/example_dags/example_branch_labels.py took 0.198 seconds
[2024-04-16T13:13:23.670+0000] {processor.py:154} INFO - Started process (PID=2022) to work on /home/airflow/.local/lib/python3.7/site-packages/airflow/example_dags/example_branch_labels.py
[2024-04-16T13:13:23.673+0000] {processor.py:756} INFO - Processing file /home/airflow/.local/lib/python3.7/site-packages/airflow/example_dags/example_branch_labels.py for tasks to queue
[2024-04-16T13:13:23.676+0000] {logging_mixin.py:120} INFO - [2024-04-16T13:13:23.676+0000] {dagbag.py:537} INFO - Filling up the DagBag from /home/airflow/.local/lib/python3.7/site-packages/airflow/example_dags/example_branch_labels.py
[2024-04-16T13:13:23.718+0000] {processor.py:766} INFO - DAG(s) dict_keys(['example_branch_labels']) retrieved from /home/airflow/.local/lib/python3.7/site-packages/airflow/example_dags/example_branch_labels.py
[2024-04-16T13:13:23.832+0000] {logging_mixin.py:120} INFO - [2024-04-16T13:13:23.831+0000] {dag.py:2585} INFO - Sync 1 DAGs
[2024-04-16T13:13:23.892+0000] {logging_mixin.py:120} INFO - [2024-04-16T13:13:23.892+0000] {dag.py:3340} INFO - Setting next_dagrun for example_branch_labels to 2024-04-15T00:00:00+00:00, run_after=2024-04-16T00:00:00+00:00
[2024-04-16T13:13:23.939+0000] {processor.py:176} INFO - Processing /home/airflow/.local/lib/python3.7/site-packages/airflow/example_dags/example_branch_labels.py took 0.279 seconds
[2024-04-16T13:13:54.700+0000] {processor.py:154} INFO - Started process (PID=2092) to work on /home/airflow/.local/lib/python3.7/site-packages/airflow/example_dags/example_branch_labels.py
[2024-04-16T13:13:54.702+0000] {processor.py:756} INFO - Processing file /home/airflow/.local/lib/python3.7/site-packages/airflow/example_dags/example_branch_labels.py for tasks to queue
[2024-04-16T13:13:54.706+0000] {logging_mixin.py:120} INFO - [2024-04-16T13:13:54.705+0000] {dagbag.py:537} INFO - Filling up the DagBag from /home/airflow/.local/lib/python3.7/site-packages/airflow/example_dags/example_branch_labels.py
[2024-04-16T13:13:54.737+0000] {processor.py:766} INFO - DAG(s) dict_keys(['example_branch_labels']) retrieved from /home/airflow/.local/lib/python3.7/site-packages/airflow/example_dags/example_branch_labels.py
[2024-04-16T13:13:54.821+0000] {logging_mixin.py:120} INFO - [2024-04-16T13:13:54.821+0000] {dag.py:2585} INFO - Sync 1 DAGs
[2024-04-16T13:13:54.885+0000] {logging_mixin.py:120} INFO - [2024-04-16T13:13:54.884+0000] {dag.py:3340} INFO - Setting next_dagrun for example_branch_labels to 2024-04-15T00:00:00+00:00, run_after=2024-04-16T00:00:00+00:00
[2024-04-16T13:13:54.933+0000] {processor.py:176} INFO - Processing /home/airflow/.local/lib/python3.7/site-packages/airflow/example_dags/example_branch_labels.py took 0.241 seconds
[2024-04-16T13:14:25.329+0000] {processor.py:154} INFO - Started process (PID=2168) to work on /home/airflow/.local/lib/python3.7/site-packages/airflow/example_dags/example_branch_labels.py
[2024-04-16T13:14:25.331+0000] {processor.py:756} INFO - Processing file /home/airflow/.local/lib/python3.7/site-packages/airflow/example_dags/example_branch_labels.py for tasks to queue
[2024-04-16T13:14:25.333+0000] {logging_mixin.py:120} INFO - [2024-04-16T13:14:25.333+0000] {dagbag.py:537} INFO - Filling up the DagBag from /home/airflow/.local/lib/python3.7/site-packages/airflow/example_dags/example_branch_labels.py
[2024-04-16T13:14:25.361+0000] {processor.py:766} INFO - DAG(s) dict_keys(['example_branch_labels']) retrieved from /home/airflow/.local/lib/python3.7/site-packages/airflow/example_dags/example_branch_labels.py
[2024-04-16T13:14:25.463+0000] {logging_mixin.py:120} INFO - [2024-04-16T13:14:25.463+0000] {dag.py:2585} INFO - Sync 1 DAGs
[2024-04-16T13:14:25.511+0000] {logging_mixin.py:120} INFO - [2024-04-16T13:14:25.511+0000] {dag.py:3340} INFO - Setting next_dagrun for example_branch_labels to 2024-04-15T00:00:00+00:00, run_after=2024-04-16T00:00:00+00:00
[2024-04-16T13:14:25.542+0000] {processor.py:176} INFO - Processing /home/airflow/.local/lib/python3.7/site-packages/airflow/example_dags/example_branch_labels.py took 0.219 seconds
[2024-04-16T13:14:56.280+0000] {processor.py:154} INFO - Started process (PID=2234) to work on /home/airflow/.local/lib/python3.7/site-packages/airflow/example_dags/example_branch_labels.py
[2024-04-16T13:14:56.283+0000] {processor.py:756} INFO - Processing file /home/airflow/.local/lib/python3.7/site-packages/airflow/example_dags/example_branch_labels.py for tasks to queue
[2024-04-16T13:14:56.286+0000] {logging_mixin.py:120} INFO - [2024-04-16T13:14:56.286+0000] {dagbag.py:537} INFO - Filling up the DagBag from /home/airflow/.local/lib/python3.7/site-packages/airflow/example_dags/example_branch_labels.py
[2024-04-16T13:14:56.329+0000] {processor.py:766} INFO - DAG(s) dict_keys(['example_branch_labels']) retrieved from /home/airflow/.local/lib/python3.7/site-packages/airflow/example_dags/example_branch_labels.py
[2024-04-16T13:14:56.412+0000] {logging_mixin.py:120} INFO - [2024-04-16T13:14:56.412+0000] {dag.py:2585} INFO - Sync 1 DAGs
[2024-04-16T13:14:56.457+0000] {logging_mixin.py:120} INFO - [2024-04-16T13:14:56.457+0000] {dag.py:3340} INFO - Setting next_dagrun for example_branch_labels to 2024-04-15T00:00:00+00:00, run_after=2024-04-16T00:00:00+00:00
[2024-04-16T13:14:56.490+0000] {processor.py:176} INFO - Processing /home/airflow/.local/lib/python3.7/site-packages/airflow/example_dags/example_branch_labels.py took 0.221 seconds
[2024-04-16T13:15:26.758+0000] {processor.py:154} INFO - Started process (PID=2312) to work on /home/airflow/.local/lib/python3.7/site-packages/airflow/example_dags/example_branch_labels.py
[2024-04-16T13:15:26.760+0000] {processor.py:756} INFO - Processing file /home/airflow/.local/lib/python3.7/site-packages/airflow/example_dags/example_branch_labels.py for tasks to queue
[2024-04-16T13:15:26.764+0000] {logging_mixin.py:120} INFO - [2024-04-16T13:15:26.764+0000] {dagbag.py:537} INFO - Filling up the DagBag from /home/airflow/.local/lib/python3.7/site-packages/airflow/example_dags/example_branch_labels.py
[2024-04-16T13:15:26.810+0000] {processor.py:766} INFO - DAG(s) dict_keys(['example_branch_labels']) retrieved from /home/airflow/.local/lib/python3.7/site-packages/airflow/example_dags/example_branch_labels.py
[2024-04-16T13:15:26.887+0000] {logging_mixin.py:120} INFO - [2024-04-16T13:15:26.887+0000] {dag.py:2585} INFO - Sync 1 DAGs
[2024-04-16T13:15:26.934+0000] {logging_mixin.py:120} INFO - [2024-04-16T13:15:26.933+0000] {dag.py:3340} INFO - Setting next_dagrun for example_branch_labels to 2024-04-15T00:00:00+00:00, run_after=2024-04-16T00:00:00+00:00
[2024-04-16T13:15:26.962+0000] {processor.py:176} INFO - Processing /home/airflow/.local/lib/python3.7/site-packages/airflow/example_dags/example_branch_labels.py took 0.209 seconds
[2024-04-16T13:15:57.053+0000] {processor.py:154} INFO - Started process (PID=2380) to work on /home/airflow/.local/lib/python3.7/site-packages/airflow/example_dags/example_branch_labels.py
[2024-04-16T13:15:57.056+0000] {processor.py:756} INFO - Processing file /home/airflow/.local/lib/python3.7/site-packages/airflow/example_dags/example_branch_labels.py for tasks to queue
[2024-04-16T13:15:57.058+0000] {logging_mixin.py:120} INFO - [2024-04-16T13:15:57.057+0000] {dagbag.py:537} INFO - Filling up the DagBag from /home/airflow/.local/lib/python3.7/site-packages/airflow/example_dags/example_branch_labels.py
[2024-04-16T13:15:57.080+0000] {processor.py:766} INFO - DAG(s) dict_keys(['example_branch_labels']) retrieved from /home/airflow/.local/lib/python3.7/site-packages/airflow/example_dags/example_branch_labels.py
[2024-04-16T13:15:57.158+0000] {logging_mixin.py:120} INFO - [2024-04-16T13:15:57.158+0000] {dag.py:2585} INFO - Sync 1 DAGs
[2024-04-16T13:15:57.207+0000] {logging_mixin.py:120} INFO - [2024-04-16T13:15:57.207+0000] {dag.py:3340} INFO - Setting next_dagrun for example_branch_labels to 2024-04-15T00:00:00+00:00, run_after=2024-04-16T00:00:00+00:00
[2024-04-16T13:15:57.237+0000] {processor.py:176} INFO - Processing /home/airflow/.local/lib/python3.7/site-packages/airflow/example_dags/example_branch_labels.py took 0.190 seconds
[2024-04-16T13:16:27.394+0000] {processor.py:154} INFO - Started process (PID=2457) to work on /home/airflow/.local/lib/python3.7/site-packages/airflow/example_dags/example_branch_labels.py
[2024-04-16T13:16:27.397+0000] {processor.py:756} INFO - Processing file /home/airflow/.local/lib/python3.7/site-packages/airflow/example_dags/example_branch_labels.py for tasks to queue
[2024-04-16T13:16:27.400+0000] {logging_mixin.py:120} INFO - [2024-04-16T13:16:27.400+0000] {dagbag.py:537} INFO - Filling up the DagBag from /home/airflow/.local/lib/python3.7/site-packages/airflow/example_dags/example_branch_labels.py
[2024-04-16T13:16:27.426+0000] {processor.py:766} INFO - DAG(s) dict_keys(['example_branch_labels']) retrieved from /home/airflow/.local/lib/python3.7/site-packages/airflow/example_dags/example_branch_labels.py
[2024-04-16T13:16:27.492+0000] {logging_mixin.py:120} INFO - [2024-04-16T13:16:27.492+0000] {dag.py:2585} INFO - Sync 1 DAGs
[2024-04-16T13:16:27.546+0000] {logging_mixin.py:120} INFO - [2024-04-16T13:16:27.546+0000] {dag.py:3340} INFO - Setting next_dagrun for example_branch_labels to 2024-04-15T00:00:00+00:00, run_after=2024-04-16T00:00:00+00:00
[2024-04-16T13:16:27.590+0000] {processor.py:176} INFO - Processing /home/airflow/.local/lib/python3.7/site-packages/airflow/example_dags/example_branch_labels.py took 0.203 seconds
[2024-04-16T13:16:57.779+0000] {processor.py:154} INFO - Started process (PID=2524) to work on /home/airflow/.local/lib/python3.7/site-packages/airflow/example_dags/example_branch_labels.py
[2024-04-16T13:16:57.782+0000] {processor.py:756} INFO - Processing file /home/airflow/.local/lib/python3.7/site-packages/airflow/example_dags/example_branch_labels.py for tasks to queue
[2024-04-16T13:16:57.785+0000] {logging_mixin.py:120} INFO - [2024-04-16T13:16:57.785+0000] {dagbag.py:537} INFO - Filling up the DagBag from /home/airflow/.local/lib/python3.7/site-packages/airflow/example_dags/example_branch_labels.py
[2024-04-16T13:16:57.818+0000] {processor.py:766} INFO - DAG(s) dict_keys(['example_branch_labels']) retrieved from /home/airflow/.local/lib/python3.7/site-packages/airflow/example_dags/example_branch_labels.py
[2024-04-16T13:16:57.889+0000] {logging_mixin.py:120} INFO - [2024-04-16T13:16:57.889+0000] {dag.py:2585} INFO - Sync 1 DAGs
[2024-04-16T13:16:57.948+0000] {logging_mixin.py:120} INFO - [2024-04-16T13:16:57.947+0000] {dag.py:3340} INFO - Setting next_dagrun for example_branch_labels to 2024-04-15T00:00:00+00:00, run_after=2024-04-16T00:00:00+00:00
[2024-04-16T13:16:57.978+0000] {processor.py:176} INFO - Processing /home/airflow/.local/lib/python3.7/site-packages/airflow/example_dags/example_branch_labels.py took 0.205 seconds
[2024-04-16T13:17:28.266+0000] {processor.py:154} INFO - Started process (PID=2602) to work on /home/airflow/.local/lib/python3.7/site-packages/airflow/example_dags/example_branch_labels.py
[2024-04-16T13:17:28.268+0000] {processor.py:756} INFO - Processing file /home/airflow/.local/lib/python3.7/site-packages/airflow/example_dags/example_branch_labels.py for tasks to queue
[2024-04-16T13:17:28.270+0000] {logging_mixin.py:120} INFO - [2024-04-16T13:17:28.270+0000] {dagbag.py:537} INFO - Filling up the DagBag from /home/airflow/.local/lib/python3.7/site-packages/airflow/example_dags/example_branch_labels.py
[2024-04-16T13:17:28.300+0000] {processor.py:766} INFO - DAG(s) dict_keys(['example_branch_labels']) retrieved from /home/airflow/.local/lib/python3.7/site-packages/airflow/example_dags/example_branch_labels.py
[2024-04-16T13:17:28.370+0000] {logging_mixin.py:120} INFO - [2024-04-16T13:17:28.370+0000] {dag.py:2585} INFO - Sync 1 DAGs
[2024-04-16T13:17:28.411+0000] {logging_mixin.py:120} INFO - [2024-04-16T13:17:28.411+0000] {dag.py:3340} INFO - Setting next_dagrun for example_branch_labels to 2024-04-15T00:00:00+00:00, run_after=2024-04-16T00:00:00+00:00
[2024-04-16T13:17:28.442+0000] {processor.py:176} INFO - Processing /home/airflow/.local/lib/python3.7/site-packages/airflow/example_dags/example_branch_labels.py took 0.185 seconds
[2024-04-16T13:17:58.964+0000] {processor.py:154} INFO - Started process (PID=2671) to work on /home/airflow/.local/lib/python3.7/site-packages/airflow/example_dags/example_branch_labels.py
[2024-04-16T13:17:58.968+0000] {processor.py:756} INFO - Processing file /home/airflow/.local/lib/python3.7/site-packages/airflow/example_dags/example_branch_labels.py for tasks to queue
[2024-04-16T13:17:58.970+0000] {logging_mixin.py:120} INFO - [2024-04-16T13:17:58.970+0000] {dagbag.py:537} INFO - Filling up the DagBag from /home/airflow/.local/lib/python3.7/site-packages/airflow/example_dags/example_branch_labels.py
[2024-04-16T13:17:59.015+0000] {processor.py:766} INFO - DAG(s) dict_keys(['example_branch_labels']) retrieved from /home/airflow/.local/lib/python3.7/site-packages/airflow/example_dags/example_branch_labels.py
[2024-04-16T13:17:59.089+0000] {logging_mixin.py:120} INFO - [2024-04-16T13:17:59.089+0000] {dag.py:2585} INFO - Sync 1 DAGs
[2024-04-16T13:17:59.143+0000] {logging_mixin.py:120} INFO - [2024-04-16T13:17:59.142+0000] {dag.py:3340} INFO - Setting next_dagrun for example_branch_labels to 2024-04-15T00:00:00+00:00, run_after=2024-04-16T00:00:00+00:00
[2024-04-16T13:17:59.185+0000] {processor.py:176} INFO - Processing /home/airflow/.local/lib/python3.7/site-packages/airflow/example_dags/example_branch_labels.py took 0.238 seconds
[2024-04-16T13:18:29.621+0000] {processor.py:154} INFO - Started process (PID=2749) to work on /home/airflow/.local/lib/python3.7/site-packages/airflow/example_dags/example_branch_labels.py
[2024-04-16T13:18:29.624+0000] {processor.py:756} INFO - Processing file /home/airflow/.local/lib/python3.7/site-packages/airflow/example_dags/example_branch_labels.py for tasks to queue
[2024-04-16T13:18:29.629+0000] {logging_mixin.py:120} INFO - [2024-04-16T13:18:29.628+0000] {dagbag.py:537} INFO - Filling up the DagBag from /home/airflow/.local/lib/python3.7/site-packages/airflow/example_dags/example_branch_labels.py
[2024-04-16T13:18:29.686+0000] {processor.py:766} INFO - DAG(s) dict_keys(['example_branch_labels']) retrieved from /home/airflow/.local/lib/python3.7/site-packages/airflow/example_dags/example_branch_labels.py
[2024-04-16T13:18:29.782+0000] {logging_mixin.py:120} INFO - [2024-04-16T13:18:29.782+0000] {dag.py:2585} INFO - Sync 1 DAGs
[2024-04-16T13:18:29.824+0000] {logging_mixin.py:120} INFO - [2024-04-16T13:18:29.823+0000] {dag.py:3340} INFO - Setting next_dagrun for example_branch_labels to 2024-04-15T00:00:00+00:00, run_after=2024-04-16T00:00:00+00:00
[2024-04-16T13:18:29.851+0000] {processor.py:176} INFO - Processing /home/airflow/.local/lib/python3.7/site-packages/airflow/example_dags/example_branch_labels.py took 0.241 seconds
[2024-04-16T13:19:00.189+0000] {processor.py:154} INFO - Started process (PID=2828) to work on /home/airflow/.local/lib/python3.7/site-packages/airflow/example_dags/example_branch_labels.py
[2024-04-16T13:19:00.196+0000] {processor.py:756} INFO - Processing file /home/airflow/.local/lib/python3.7/site-packages/airflow/example_dags/example_branch_labels.py for tasks to queue
[2024-04-16T13:19:00.198+0000] {logging_mixin.py:120} INFO - [2024-04-16T13:19:00.198+0000] {dagbag.py:537} INFO - Filling up the DagBag from /home/airflow/.local/lib/python3.7/site-packages/airflow/example_dags/example_branch_labels.py
[2024-04-16T13:19:00.240+0000] {processor.py:766} INFO - DAG(s) dict_keys(['example_branch_labels']) retrieved from /home/airflow/.local/lib/python3.7/site-packages/airflow/example_dags/example_branch_labels.py
[2024-04-16T13:19:00.348+0000] {logging_mixin.py:120} INFO - [2024-04-16T13:19:00.348+0000] {dag.py:2585} INFO - Sync 1 DAGs
[2024-04-16T13:19:00.397+0000] {logging_mixin.py:120} INFO - [2024-04-16T13:19:00.397+0000] {dag.py:3340} INFO - Setting next_dagrun for example_branch_labels to 2024-04-15T00:00:00+00:00, run_after=2024-04-16T00:00:00+00:00
[2024-04-16T13:19:00.429+0000] {processor.py:176} INFO - Processing /home/airflow/.local/lib/python3.7/site-packages/airflow/example_dags/example_branch_labels.py took 0.249 seconds
[2024-04-16T13:19:31.211+0000] {processor.py:154} INFO - Started process (PID=2896) to work on /home/airflow/.local/lib/python3.7/site-packages/airflow/example_dags/example_branch_labels.py
[2024-04-16T13:19:31.214+0000] {processor.py:756} INFO - Processing file /home/airflow/.local/lib/python3.7/site-packages/airflow/example_dags/example_branch_labels.py for tasks to queue
[2024-04-16T13:19:31.216+0000] {logging_mixin.py:120} INFO - [2024-04-16T13:19:31.216+0000] {dagbag.py:537} INFO - Filling up the DagBag from /home/airflow/.local/lib/python3.7/site-packages/airflow/example_dags/example_branch_labels.py
[2024-04-16T13:19:31.243+0000] {processor.py:766} INFO - DAG(s) dict_keys(['example_branch_labels']) retrieved from /home/airflow/.local/lib/python3.7/site-packages/airflow/example_dags/example_branch_labels.py
[2024-04-16T13:19:31.316+0000] {logging_mixin.py:120} INFO - [2024-04-16T13:19:31.316+0000] {dag.py:2585} INFO - Sync 1 DAGs
[2024-04-16T13:19:31.362+0000] {logging_mixin.py:120} INFO - [2024-04-16T13:19:31.362+0000] {dag.py:3340} INFO - Setting next_dagrun for example_branch_labels to 2024-04-15T00:00:00+00:00, run_after=2024-04-16T00:00:00+00:00
[2024-04-16T13:19:31.397+0000] {processor.py:176} INFO - Processing /home/airflow/.local/lib/python3.7/site-packages/airflow/example_dags/example_branch_labels.py took 0.191 seconds
[2024-04-16T13:20:01.959+0000] {processor.py:154} INFO - Started process (PID=2973) to work on /home/airflow/.local/lib/python3.7/site-packages/airflow/example_dags/example_branch_labels.py
[2024-04-16T13:20:01.965+0000] {processor.py:756} INFO - Processing file /home/airflow/.local/lib/python3.7/site-packages/airflow/example_dags/example_branch_labels.py for tasks to queue
[2024-04-16T13:20:01.971+0000] {logging_mixin.py:120} INFO - [2024-04-16T13:20:01.970+0000] {dagbag.py:537} INFO - Filling up the DagBag from /home/airflow/.local/lib/python3.7/site-packages/airflow/example_dags/example_branch_labels.py
[2024-04-16T13:20:02.036+0000] {processor.py:766} INFO - DAG(s) dict_keys(['example_branch_labels']) retrieved from /home/airflow/.local/lib/python3.7/site-packages/airflow/example_dags/example_branch_labels.py
[2024-04-16T13:20:02.206+0000] {logging_mixin.py:120} INFO - [2024-04-16T13:20:02.205+0000] {dag.py:2585} INFO - Sync 1 DAGs
[2024-04-16T13:20:02.293+0000] {logging_mixin.py:120} INFO - [2024-04-16T13:20:02.292+0000] {dag.py:3340} INFO - Setting next_dagrun for example_branch_labels to 2024-04-15T00:00:00+00:00, run_after=2024-04-16T00:00:00+00:00
[2024-04-16T13:20:02.335+0000] {processor.py:176} INFO - Processing /home/airflow/.local/lib/python3.7/site-packages/airflow/example_dags/example_branch_labels.py took 0.420 seconds
[2024-04-16T13:20:32.615+0000] {processor.py:154} INFO - Started process (PID=3043) to work on /home/airflow/.local/lib/python3.7/site-packages/airflow/example_dags/example_branch_labels.py
[2024-04-16T13:20:32.618+0000] {processor.py:756} INFO - Processing file /home/airflow/.local/lib/python3.7/site-packages/airflow/example_dags/example_branch_labels.py for tasks to queue
[2024-04-16T13:20:32.620+0000] {logging_mixin.py:120} INFO - [2024-04-16T13:20:32.620+0000] {dagbag.py:537} INFO - Filling up the DagBag from /home/airflow/.local/lib/python3.7/site-packages/airflow/example_dags/example_branch_labels.py
[2024-04-16T13:20:32.647+0000] {processor.py:766} INFO - DAG(s) dict_keys(['example_branch_labels']) retrieved from /home/airflow/.local/lib/python3.7/site-packages/airflow/example_dags/example_branch_labels.py
[2024-04-16T13:20:32.757+0000] {logging_mixin.py:120} INFO - [2024-04-16T13:20:32.756+0000] {dag.py:2585} INFO - Sync 1 DAGs
[2024-04-16T13:20:32.807+0000] {logging_mixin.py:120} INFO - [2024-04-16T13:20:32.807+0000] {dag.py:3340} INFO - Setting next_dagrun for example_branch_labels to 2024-04-15T00:00:00+00:00, run_after=2024-04-16T00:00:00+00:00
[2024-04-16T13:20:32.846+0000] {processor.py:176} INFO - Processing /home/airflow/.local/lib/python3.7/site-packages/airflow/example_dags/example_branch_labels.py took 0.237 seconds
[2024-04-16T13:21:03.430+0000] {processor.py:154} INFO - Started process (PID=3121) to work on /home/airflow/.local/lib/python3.7/site-packages/airflow/example_dags/example_branch_labels.py
[2024-04-16T13:21:03.433+0000] {processor.py:756} INFO - Processing file /home/airflow/.local/lib/python3.7/site-packages/airflow/example_dags/example_branch_labels.py for tasks to queue
[2024-04-16T13:21:03.435+0000] {logging_mixin.py:120} INFO - [2024-04-16T13:21:03.435+0000] {dagbag.py:537} INFO - Filling up the DagBag from /home/airflow/.local/lib/python3.7/site-packages/airflow/example_dags/example_branch_labels.py
[2024-04-16T13:21:03.507+0000] {processor.py:766} INFO - DAG(s) dict_keys(['example_branch_labels']) retrieved from /home/airflow/.local/lib/python3.7/site-packages/airflow/example_dags/example_branch_labels.py
[2024-04-16T13:21:03.675+0000] {logging_mixin.py:120} INFO - [2024-04-16T13:21:03.675+0000] {dag.py:2585} INFO - Sync 1 DAGs
[2024-04-16T13:21:03.780+0000] {logging_mixin.py:120} INFO - [2024-04-16T13:21:03.780+0000] {dag.py:3340} INFO - Setting next_dagrun for example_branch_labels to 2024-04-15T00:00:00+00:00, run_after=2024-04-16T00:00:00+00:00
[2024-04-16T13:21:03.839+0000] {processor.py:176} INFO - Processing /home/airflow/.local/lib/python3.7/site-packages/airflow/example_dags/example_branch_labels.py took 0.427 seconds
[2024-04-16T13:21:33.976+0000] {processor.py:154} INFO - Started process (PID=3191) to work on /home/airflow/.local/lib/python3.7/site-packages/airflow/example_dags/example_branch_labels.py
[2024-04-16T13:21:33.978+0000] {processor.py:756} INFO - Processing file /home/airflow/.local/lib/python3.7/site-packages/airflow/example_dags/example_branch_labels.py for tasks to queue
[2024-04-16T13:21:33.980+0000] {logging_mixin.py:120} INFO - [2024-04-16T13:21:33.980+0000] {dagbag.py:537} INFO - Filling up the DagBag from /home/airflow/.local/lib/python3.7/site-packages/airflow/example_dags/example_branch_labels.py
[2024-04-16T13:21:34.010+0000] {processor.py:766} INFO - DAG(s) dict_keys(['example_branch_labels']) retrieved from /home/airflow/.local/lib/python3.7/site-packages/airflow/example_dags/example_branch_labels.py
[2024-04-16T13:21:34.082+0000] {logging_mixin.py:120} INFO - [2024-04-16T13:21:34.082+0000] {dag.py:2585} INFO - Sync 1 DAGs
[2024-04-16T13:21:34.135+0000] {logging_mixin.py:120} INFO - [2024-04-16T13:21:34.135+0000] {dag.py:3340} INFO - Setting next_dagrun for example_branch_labels to 2024-04-15T00:00:00+00:00, run_after=2024-04-16T00:00:00+00:00
[2024-04-16T13:21:34.170+0000] {processor.py:176} INFO - Processing /home/airflow/.local/lib/python3.7/site-packages/airflow/example_dags/example_branch_labels.py took 0.201 seconds
[2024-04-16T13:22:04.483+0000] {processor.py:154} INFO - Started process (PID=3259) to work on /home/airflow/.local/lib/python3.7/site-packages/airflow/example_dags/example_branch_labels.py
[2024-04-16T13:22:04.485+0000] {processor.py:756} INFO - Processing file /home/airflow/.local/lib/python3.7/site-packages/airflow/example_dags/example_branch_labels.py for tasks to queue
[2024-04-16T13:22:04.487+0000] {logging_mixin.py:120} INFO - [2024-04-16T13:22:04.486+0000] {dagbag.py:537} INFO - Filling up the DagBag from /home/airflow/.local/lib/python3.7/site-packages/airflow/example_dags/example_branch_labels.py
[2024-04-16T13:22:04.511+0000] {processor.py:766} INFO - DAG(s) dict_keys(['example_branch_labels']) retrieved from /home/airflow/.local/lib/python3.7/site-packages/airflow/example_dags/example_branch_labels.py
[2024-04-16T13:22:04.587+0000] {logging_mixin.py:120} INFO - [2024-04-16T13:22:04.586+0000] {dag.py:2585} INFO - Sync 1 DAGs
[2024-04-16T13:22:04.628+0000] {logging_mixin.py:120} INFO - [2024-04-16T13:22:04.628+0000] {dag.py:3340} INFO - Setting next_dagrun for example_branch_labels to 2024-04-15T00:00:00+00:00, run_after=2024-04-16T00:00:00+00:00
[2024-04-16T13:22:04.663+0000] {processor.py:176} INFO - Processing /home/airflow/.local/lib/python3.7/site-packages/airflow/example_dags/example_branch_labels.py took 0.186 seconds
[2024-04-16T13:22:35.074+0000] {processor.py:154} INFO - Started process (PID=3338) to work on /home/airflow/.local/lib/python3.7/site-packages/airflow/example_dags/example_branch_labels.py
[2024-04-16T13:22:35.076+0000] {processor.py:756} INFO - Processing file /home/airflow/.local/lib/python3.7/site-packages/airflow/example_dags/example_branch_labels.py for tasks to queue
[2024-04-16T13:22:35.078+0000] {logging_mixin.py:120} INFO - [2024-04-16T13:22:35.078+0000] {dagbag.py:537} INFO - Filling up the DagBag from /home/airflow/.local/lib/python3.7/site-packages/airflow/example_dags/example_branch_labels.py
[2024-04-16T13:22:35.102+0000] {processor.py:766} INFO - DAG(s) dict_keys(['example_branch_labels']) retrieved from /home/airflow/.local/lib/python3.7/site-packages/airflow/example_dags/example_branch_labels.py
[2024-04-16T13:22:35.180+0000] {logging_mixin.py:120} INFO - [2024-04-16T13:22:35.179+0000] {dag.py:2585} INFO - Sync 1 DAGs
[2024-04-16T13:22:35.224+0000] {logging_mixin.py:120} INFO - [2024-04-16T13:22:35.224+0000] {dag.py:3340} INFO - Setting next_dagrun for example_branch_labels to 2024-04-15T00:00:00+00:00, run_after=2024-04-16T00:00:00+00:00
[2024-04-16T13:22:35.251+0000] {processor.py:176} INFO - Processing /home/airflow/.local/lib/python3.7/site-packages/airflow/example_dags/example_branch_labels.py took 0.183 seconds
[2024-04-16T13:23:05.942+0000] {processor.py:154} INFO - Started process (PID=3407) to work on /home/airflow/.local/lib/python3.7/site-packages/airflow/example_dags/example_branch_labels.py
[2024-04-16T13:23:05.944+0000] {processor.py:756} INFO - Processing file /home/airflow/.local/lib/python3.7/site-packages/airflow/example_dags/example_branch_labels.py for tasks to queue
[2024-04-16T13:23:05.946+0000] {logging_mixin.py:120} INFO - [2024-04-16T13:23:05.945+0000] {dagbag.py:537} INFO - Filling up the DagBag from /home/airflow/.local/lib/python3.7/site-packages/airflow/example_dags/example_branch_labels.py
[2024-04-16T13:23:05.972+0000] {processor.py:766} INFO - DAG(s) dict_keys(['example_branch_labels']) retrieved from /home/airflow/.local/lib/python3.7/site-packages/airflow/example_dags/example_branch_labels.py
[2024-04-16T13:23:06.047+0000] {logging_mixin.py:120} INFO - [2024-04-16T13:23:06.047+0000] {dag.py:2585} INFO - Sync 1 DAGs
[2024-04-16T13:23:06.091+0000] {logging_mixin.py:120} INFO - [2024-04-16T13:23:06.091+0000] {dag.py:3340} INFO - Setting next_dagrun for example_branch_labels to 2024-04-15T00:00:00+00:00, run_after=2024-04-16T00:00:00+00:00
[2024-04-16T13:23:06.123+0000] {processor.py:176} INFO - Processing /home/airflow/.local/lib/python3.7/site-packages/airflow/example_dags/example_branch_labels.py took 0.187 seconds
[2024-04-16T13:23:37.763+0000] {processor.py:154} INFO - Started process (PID=3485) to work on /home/airflow/.local/lib/python3.7/site-packages/airflow/example_dags/example_branch_labels.py
[2024-04-16T13:23:37.766+0000] {processor.py:756} INFO - Processing file /home/airflow/.local/lib/python3.7/site-packages/airflow/example_dags/example_branch_labels.py for tasks to queue
[2024-04-16T13:23:37.767+0000] {logging_mixin.py:120} INFO - [2024-04-16T13:23:37.767+0000] {dagbag.py:537} INFO - Filling up the DagBag from /home/airflow/.local/lib/python3.7/site-packages/airflow/example_dags/example_branch_labels.py
[2024-04-16T13:23:37.794+0000] {processor.py:766} INFO - DAG(s) dict_keys(['example_branch_labels']) retrieved from /home/airflow/.local/lib/python3.7/site-packages/airflow/example_dags/example_branch_labels.py
[2024-04-16T13:23:37.875+0000] {logging_mixin.py:120} INFO - [2024-04-16T13:23:37.874+0000] {dag.py:2585} INFO - Sync 1 DAGs
[2024-04-16T13:23:37.939+0000] {logging_mixin.py:120} INFO - [2024-04-16T13:23:37.938+0000] {dag.py:3340} INFO - Setting next_dagrun for example_branch_labels to 2024-04-15T00:00:00+00:00, run_after=2024-04-16T00:00:00+00:00
[2024-04-16T13:23:37.985+0000] {processor.py:176} INFO - Processing /home/airflow/.local/lib/python3.7/site-packages/airflow/example_dags/example_branch_labels.py took 0.228 seconds
[2024-04-16T13:24:08.265+0000] {processor.py:154} INFO - Started process (PID=3549) to work on /home/airflow/.local/lib/python3.7/site-packages/airflow/example_dags/example_branch_labels.py
[2024-04-16T13:24:08.266+0000] {processor.py:756} INFO - Processing file /home/airflow/.local/lib/python3.7/site-packages/airflow/example_dags/example_branch_labels.py for tasks to queue
[2024-04-16T13:24:08.268+0000] {logging_mixin.py:120} INFO - [2024-04-16T13:24:08.268+0000] {dagbag.py:537} INFO - Filling up the DagBag from /home/airflow/.local/lib/python3.7/site-packages/airflow/example_dags/example_branch_labels.py
[2024-04-16T13:24:08.297+0000] {processor.py:766} INFO - DAG(s) dict_keys(['example_branch_labels']) retrieved from /home/airflow/.local/lib/python3.7/site-packages/airflow/example_dags/example_branch_labels.py
[2024-04-16T13:24:08.419+0000] {logging_mixin.py:120} INFO - [2024-04-16T13:24:08.419+0000] {dag.py:2585} INFO - Sync 1 DAGs
[2024-04-16T13:24:08.469+0000] {logging_mixin.py:120} INFO - [2024-04-16T13:24:08.469+0000] {dag.py:3340} INFO - Setting next_dagrun for example_branch_labels to 2024-04-15T00:00:00+00:00, run_after=2024-04-16T00:00:00+00:00
[2024-04-16T13:24:08.515+0000] {processor.py:176} INFO - Processing /home/airflow/.local/lib/python3.7/site-packages/airflow/example_dags/example_branch_labels.py took 0.257 seconds
[2024-04-16T13:24:39.407+0000] {processor.py:154} INFO - Started process (PID=3628) to work on /home/airflow/.local/lib/python3.7/site-packages/airflow/example_dags/example_branch_labels.py
[2024-04-16T13:24:39.411+0000] {processor.py:756} INFO - Processing file /home/airflow/.local/lib/python3.7/site-packages/airflow/example_dags/example_branch_labels.py for tasks to queue
[2024-04-16T13:24:39.414+0000] {logging_mixin.py:120} INFO - [2024-04-16T13:24:39.414+0000] {dagbag.py:537} INFO - Filling up the DagBag from /home/airflow/.local/lib/python3.7/site-packages/airflow/example_dags/example_branch_labels.py
[2024-04-16T13:24:39.452+0000] {processor.py:766} INFO - DAG(s) dict_keys(['example_branch_labels']) retrieved from /home/airflow/.local/lib/python3.7/site-packages/airflow/example_dags/example_branch_labels.py
[2024-04-16T13:24:39.556+0000] {logging_mixin.py:120} INFO - [2024-04-16T13:24:39.556+0000] {dag.py:2585} INFO - Sync 1 DAGs
[2024-04-16T13:24:39.627+0000] {logging_mixin.py:120} INFO - [2024-04-16T13:24:39.626+0000] {dag.py:3340} INFO - Setting next_dagrun for example_branch_labels to 2024-04-15T00:00:00+00:00, run_after=2024-04-16T00:00:00+00:00
[2024-04-16T13:24:39.660+0000] {processor.py:176} INFO - Processing /home/airflow/.local/lib/python3.7/site-packages/airflow/example_dags/example_branch_labels.py took 0.266 seconds
[2024-04-16T13:25:10.267+0000] {processor.py:154} INFO - Started process (PID=3696) to work on /home/airflow/.local/lib/python3.7/site-packages/airflow/example_dags/example_branch_labels.py
[2024-04-16T13:25:10.269+0000] {processor.py:756} INFO - Processing file /home/airflow/.local/lib/python3.7/site-packages/airflow/example_dags/example_branch_labels.py for tasks to queue
[2024-04-16T13:25:10.271+0000] {logging_mixin.py:120} INFO - [2024-04-16T13:25:10.271+0000] {dagbag.py:537} INFO - Filling up the DagBag from /home/airflow/.local/lib/python3.7/site-packages/airflow/example_dags/example_branch_labels.py
[2024-04-16T13:25:10.307+0000] {processor.py:766} INFO - DAG(s) dict_keys(['example_branch_labels']) retrieved from /home/airflow/.local/lib/python3.7/site-packages/airflow/example_dags/example_branch_labels.py
[2024-04-16T13:25:10.369+0000] {logging_mixin.py:120} INFO - [2024-04-16T13:25:10.369+0000] {dag.py:2585} INFO - Sync 1 DAGs
[2024-04-16T13:25:10.413+0000] {logging_mixin.py:120} INFO - [2024-04-16T13:25:10.413+0000] {dag.py:3340} INFO - Setting next_dagrun for example_branch_labels to 2024-04-15T00:00:00+00:00, run_after=2024-04-16T00:00:00+00:00
[2024-04-16T13:25:10.446+0000] {processor.py:176} INFO - Processing /home/airflow/.local/lib/python3.7/site-packages/airflow/example_dags/example_branch_labels.py took 0.185 seconds
[2024-04-16T13:25:40.769+0000] {processor.py:154} INFO - Started process (PID=3775) to work on /home/airflow/.local/lib/python3.7/site-packages/airflow/example_dags/example_branch_labels.py
[2024-04-16T13:25:40.772+0000] {processor.py:756} INFO - Processing file /home/airflow/.local/lib/python3.7/site-packages/airflow/example_dags/example_branch_labels.py for tasks to queue
[2024-04-16T13:25:40.774+0000] {logging_mixin.py:120} INFO - [2024-04-16T13:25:40.774+0000] {dagbag.py:537} INFO - Filling up the DagBag from /home/airflow/.local/lib/python3.7/site-packages/airflow/example_dags/example_branch_labels.py
[2024-04-16T13:25:40.798+0000] {processor.py:766} INFO - DAG(s) dict_keys(['example_branch_labels']) retrieved from /home/airflow/.local/lib/python3.7/site-packages/airflow/example_dags/example_branch_labels.py
[2024-04-16T13:25:40.871+0000] {logging_mixin.py:120} INFO - [2024-04-16T13:25:40.871+0000] {dag.py:2585} INFO - Sync 1 DAGs
[2024-04-16T13:25:40.912+0000] {logging_mixin.py:120} INFO - [2024-04-16T13:25:40.911+0000] {dag.py:3340} INFO - Setting next_dagrun for example_branch_labels to 2024-04-15T00:00:00+00:00, run_after=2024-04-16T00:00:00+00:00
[2024-04-16T13:25:40.943+0000] {processor.py:176} INFO - Processing /home/airflow/.local/lib/python3.7/site-packages/airflow/example_dags/example_branch_labels.py took 0.179 seconds
[2024-04-16T13:26:11.087+0000] {processor.py:154} INFO - Started process (PID=3844) to work on /home/airflow/.local/lib/python3.7/site-packages/airflow/example_dags/example_branch_labels.py
[2024-04-16T13:26:11.090+0000] {processor.py:756} INFO - Processing file /home/airflow/.local/lib/python3.7/site-packages/airflow/example_dags/example_branch_labels.py for tasks to queue
[2024-04-16T13:26:11.092+0000] {logging_mixin.py:120} INFO - [2024-04-16T13:26:11.092+0000] {dagbag.py:537} INFO - Filling up the DagBag from /home/airflow/.local/lib/python3.7/site-packages/airflow/example_dags/example_branch_labels.py
[2024-04-16T13:26:11.120+0000] {processor.py:766} INFO - DAG(s) dict_keys(['example_branch_labels']) retrieved from /home/airflow/.local/lib/python3.7/site-packages/airflow/example_dags/example_branch_labels.py
[2024-04-16T13:26:11.185+0000] {logging_mixin.py:120} INFO - [2024-04-16T13:26:11.185+0000] {dag.py:2585} INFO - Sync 1 DAGs
[2024-04-16T13:26:11.226+0000] {logging_mixin.py:120} INFO - [2024-04-16T13:26:11.226+0000] {dag.py:3340} INFO - Setting next_dagrun for example_branch_labels to 2024-04-15T00:00:00+00:00, run_after=2024-04-16T00:00:00+00:00
[2024-04-16T13:26:11.254+0000] {processor.py:176} INFO - Processing /home/airflow/.local/lib/python3.7/site-packages/airflow/example_dags/example_branch_labels.py took 0.176 seconds
[2024-04-16T13:26:42.064+0000] {processor.py:154} INFO - Started process (PID=3922) to work on /home/airflow/.local/lib/python3.7/site-packages/airflow/example_dags/example_branch_labels.py
[2024-04-16T13:26:42.068+0000] {processor.py:756} INFO - Processing file /home/airflow/.local/lib/python3.7/site-packages/airflow/example_dags/example_branch_labels.py for tasks to queue
[2024-04-16T13:26:42.070+0000] {logging_mixin.py:120} INFO - [2024-04-16T13:26:42.070+0000] {dagbag.py:537} INFO - Filling up the DagBag from /home/airflow/.local/lib/python3.7/site-packages/airflow/example_dags/example_branch_labels.py
[2024-04-16T13:26:42.102+0000] {processor.py:766} INFO - DAG(s) dict_keys(['example_branch_labels']) retrieved from /home/airflow/.local/lib/python3.7/site-packages/airflow/example_dags/example_branch_labels.py
[2024-04-16T13:26:42.189+0000] {logging_mixin.py:120} INFO - [2024-04-16T13:26:42.188+0000] {dag.py:2585} INFO - Sync 1 DAGs
[2024-04-16T13:26:42.245+0000] {logging_mixin.py:120} INFO - [2024-04-16T13:26:42.245+0000] {dag.py:3340} INFO - Setting next_dagrun for example_branch_labels to 2024-04-15T00:00:00+00:00, run_after=2024-04-16T00:00:00+00:00
[2024-04-16T13:26:42.293+0000] {processor.py:176} INFO - Processing /home/airflow/.local/lib/python3.7/site-packages/airflow/example_dags/example_branch_labels.py took 0.237 seconds
[2024-04-16T13:27:13.305+0000] {processor.py:154} INFO - Started process (PID=3991) to work on /home/airflow/.local/lib/python3.7/site-packages/airflow/example_dags/example_branch_labels.py
[2024-04-16T13:27:13.307+0000] {processor.py:756} INFO - Processing file /home/airflow/.local/lib/python3.7/site-packages/airflow/example_dags/example_branch_labels.py for tasks to queue
[2024-04-16T13:27:13.309+0000] {logging_mixin.py:120} INFO - [2024-04-16T13:27:13.308+0000] {dagbag.py:537} INFO - Filling up the DagBag from /home/airflow/.local/lib/python3.7/site-packages/airflow/example_dags/example_branch_labels.py
[2024-04-16T13:27:13.332+0000] {processor.py:766} INFO - DAG(s) dict_keys(['example_branch_labels']) retrieved from /home/airflow/.local/lib/python3.7/site-packages/airflow/example_dags/example_branch_labels.py
[2024-04-16T13:27:13.396+0000] {logging_mixin.py:120} INFO - [2024-04-16T13:27:13.396+0000] {dag.py:2585} INFO - Sync 1 DAGs
[2024-04-16T13:27:13.436+0000] {logging_mixin.py:120} INFO - [2024-04-16T13:27:13.436+0000] {dag.py:3340} INFO - Setting next_dagrun for example_branch_labels to 2024-04-15T00:00:00+00:00, run_after=2024-04-16T00:00:00+00:00
[2024-04-16T13:27:13.469+0000] {processor.py:176} INFO - Processing /home/airflow/.local/lib/python3.7/site-packages/airflow/example_dags/example_branch_labels.py took 0.171 seconds
[2024-04-16T13:27:43.831+0000] {processor.py:154} INFO - Started process (PID=4069) to work on /home/airflow/.local/lib/python3.7/site-packages/airflow/example_dags/example_branch_labels.py
[2024-04-16T13:27:43.833+0000] {processor.py:756} INFO - Processing file /home/airflow/.local/lib/python3.7/site-packages/airflow/example_dags/example_branch_labels.py for tasks to queue
[2024-04-16T13:27:43.834+0000] {logging_mixin.py:120} INFO - [2024-04-16T13:27:43.834+0000] {dagbag.py:537} INFO - Filling up the DagBag from /home/airflow/.local/lib/python3.7/site-packages/airflow/example_dags/example_branch_labels.py
[2024-04-16T13:27:43.861+0000] {processor.py:766} INFO - DAG(s) dict_keys(['example_branch_labels']) retrieved from /home/airflow/.local/lib/python3.7/site-packages/airflow/example_dags/example_branch_labels.py
[2024-04-16T13:27:43.929+0000] {logging_mixin.py:120} INFO - [2024-04-16T13:27:43.929+0000] {dag.py:2585} INFO - Sync 1 DAGs
[2024-04-16T13:27:43.981+0000] {logging_mixin.py:120} INFO - [2024-04-16T13:27:43.981+0000] {dag.py:3340} INFO - Setting next_dagrun for example_branch_labels to 2024-04-15T00:00:00+00:00, run_after=2024-04-16T00:00:00+00:00
[2024-04-16T13:27:44.011+0000] {processor.py:176} INFO - Processing /home/airflow/.local/lib/python3.7/site-packages/airflow/example_dags/example_branch_labels.py took 0.186 seconds
[2024-04-16T13:28:14.208+0000] {processor.py:154} INFO - Started process (PID=4138) to work on /home/airflow/.local/lib/python3.7/site-packages/airflow/example_dags/example_branch_labels.py
[2024-04-16T13:28:14.211+0000] {processor.py:756} INFO - Processing file /home/airflow/.local/lib/python3.7/site-packages/airflow/example_dags/example_branch_labels.py for tasks to queue
[2024-04-16T13:28:14.212+0000] {logging_mixin.py:120} INFO - [2024-04-16T13:28:14.212+0000] {dagbag.py:537} INFO - Filling up the DagBag from /home/airflow/.local/lib/python3.7/site-packages/airflow/example_dags/example_branch_labels.py
[2024-04-16T13:28:14.236+0000] {processor.py:766} INFO - DAG(s) dict_keys(['example_branch_labels']) retrieved from /home/airflow/.local/lib/python3.7/site-packages/airflow/example_dags/example_branch_labels.py
[2024-04-16T13:28:14.305+0000] {logging_mixin.py:120} INFO - [2024-04-16T13:28:14.305+0000] {dag.py:2585} INFO - Sync 1 DAGs
[2024-04-16T13:28:14.347+0000] {logging_mixin.py:120} INFO - [2024-04-16T13:28:14.346+0000] {dag.py:3340} INFO - Setting next_dagrun for example_branch_labels to 2024-04-15T00:00:00+00:00, run_after=2024-04-16T00:00:00+00:00
[2024-04-16T13:28:14.393+0000] {processor.py:176} INFO - Processing /home/airflow/.local/lib/python3.7/site-packages/airflow/example_dags/example_branch_labels.py took 0.194 seconds
[2024-04-16T13:28:45.823+0000] {processor.py:154} INFO - Started process (PID=4217) to work on /home/airflow/.local/lib/python3.7/site-packages/airflow/example_dags/example_branch_labels.py
[2024-04-16T13:28:45.826+0000] {processor.py:756} INFO - Processing file /home/airflow/.local/lib/python3.7/site-packages/airflow/example_dags/example_branch_labels.py for tasks to queue
[2024-04-16T13:28:45.828+0000] {logging_mixin.py:120} INFO - [2024-04-16T13:28:45.828+0000] {dagbag.py:537} INFO - Filling up the DagBag from /home/airflow/.local/lib/python3.7/site-packages/airflow/example_dags/example_branch_labels.py
[2024-04-16T13:28:45.864+0000] {processor.py:766} INFO - DAG(s) dict_keys(['example_branch_labels']) retrieved from /home/airflow/.local/lib/python3.7/site-packages/airflow/example_dags/example_branch_labels.py
[2024-04-16T13:28:45.939+0000] {logging_mixin.py:120} INFO - [2024-04-16T13:28:45.939+0000] {dag.py:2585} INFO - Sync 1 DAGs
[2024-04-16T13:28:45.992+0000] {logging_mixin.py:120} INFO - [2024-04-16T13:28:45.991+0000] {dag.py:3340} INFO - Setting next_dagrun for example_branch_labels to 2024-04-15T00:00:00+00:00, run_after=2024-04-16T00:00:00+00:00
[2024-04-16T13:28:46.027+0000] {processor.py:176} INFO - Processing /home/airflow/.local/lib/python3.7/site-packages/airflow/example_dags/example_branch_labels.py took 0.209 seconds
[2024-04-16T13:29:16.425+0000] {processor.py:154} INFO - Started process (PID=4287) to work on /home/airflow/.local/lib/python3.7/site-packages/airflow/example_dags/example_branch_labels.py
[2024-04-16T13:29:16.427+0000] {processor.py:756} INFO - Processing file /home/airflow/.local/lib/python3.7/site-packages/airflow/example_dags/example_branch_labels.py for tasks to queue
[2024-04-16T13:29:16.428+0000] {logging_mixin.py:120} INFO - [2024-04-16T13:29:16.428+0000] {dagbag.py:537} INFO - Filling up the DagBag from /home/airflow/.local/lib/python3.7/site-packages/airflow/example_dags/example_branch_labels.py
[2024-04-16T13:29:16.455+0000] {processor.py:766} INFO - DAG(s) dict_keys(['example_branch_labels']) retrieved from /home/airflow/.local/lib/python3.7/site-packages/airflow/example_dags/example_branch_labels.py
[2024-04-16T13:29:16.531+0000] {logging_mixin.py:120} INFO - [2024-04-16T13:29:16.531+0000] {dag.py:2585} INFO - Sync 1 DAGs
[2024-04-16T13:29:16.578+0000] {logging_mixin.py:120} INFO - [2024-04-16T13:29:16.578+0000] {dag.py:3340} INFO - Setting next_dagrun for example_branch_labels to 2024-04-15T00:00:00+00:00, run_after=2024-04-16T00:00:00+00:00
[2024-04-16T13:29:16.612+0000] {processor.py:176} INFO - Processing /home/airflow/.local/lib/python3.7/site-packages/airflow/example_dags/example_branch_labels.py took 0.194 seconds
[2024-04-16T13:29:46.708+0000] {processor.py:154} INFO - Started process (PID=4367) to work on /home/airflow/.local/lib/python3.7/site-packages/airflow/example_dags/example_branch_labels.py
[2024-04-16T13:29:46.713+0000] {processor.py:756} INFO - Processing file /home/airflow/.local/lib/python3.7/site-packages/airflow/example_dags/example_branch_labels.py for tasks to queue
[2024-04-16T13:29:46.714+0000] {logging_mixin.py:120} INFO - [2024-04-16T13:29:46.714+0000] {dagbag.py:537} INFO - Filling up the DagBag from /home/airflow/.local/lib/python3.7/site-packages/airflow/example_dags/example_branch_labels.py
[2024-04-16T13:29:46.738+0000] {processor.py:766} INFO - DAG(s) dict_keys(['example_branch_labels']) retrieved from /home/airflow/.local/lib/python3.7/site-packages/airflow/example_dags/example_branch_labels.py
[2024-04-16T13:29:46.820+0000] {logging_mixin.py:120} INFO - [2024-04-16T13:29:46.820+0000] {dag.py:2585} INFO - Sync 1 DAGs
[2024-04-16T13:29:46.884+0000] {logging_mixin.py:120} INFO - [2024-04-16T13:29:46.883+0000] {dag.py:3340} INFO - Setting next_dagrun for example_branch_labels to 2024-04-15T00:00:00+00:00, run_after=2024-04-16T00:00:00+00:00
[2024-04-16T13:29:46.912+0000] {processor.py:176} INFO - Processing /home/airflow/.local/lib/python3.7/site-packages/airflow/example_dags/example_branch_labels.py took 0.211 seconds
[2024-04-16T13:30:16.978+0000] {processor.py:154} INFO - Started process (PID=4441) to work on /home/airflow/.local/lib/python3.7/site-packages/airflow/example_dags/example_branch_labels.py
[2024-04-16T13:30:16.980+0000] {processor.py:756} INFO - Processing file /home/airflow/.local/lib/python3.7/site-packages/airflow/example_dags/example_branch_labels.py for tasks to queue
[2024-04-16T13:30:16.982+0000] {logging_mixin.py:120} INFO - [2024-04-16T13:30:16.982+0000] {dagbag.py:537} INFO - Filling up the DagBag from /home/airflow/.local/lib/python3.7/site-packages/airflow/example_dags/example_branch_labels.py
[2024-04-16T13:30:17.009+0000] {processor.py:766} INFO - DAG(s) dict_keys(['example_branch_labels']) retrieved from /home/airflow/.local/lib/python3.7/site-packages/airflow/example_dags/example_branch_labels.py
[2024-04-16T13:30:17.075+0000] {logging_mixin.py:120} INFO - [2024-04-16T13:30:17.075+0000] {dag.py:2585} INFO - Sync 1 DAGs
[2024-04-16T13:30:17.122+0000] {logging_mixin.py:120} INFO - [2024-04-16T13:30:17.122+0000] {dag.py:3340} INFO - Setting next_dagrun for example_branch_labels to 2024-04-15T00:00:00+00:00, run_after=2024-04-16T00:00:00+00:00
[2024-04-16T13:30:17.155+0000] {processor.py:176} INFO - Processing /home/airflow/.local/lib/python3.7/site-packages/airflow/example_dags/example_branch_labels.py took 0.186 seconds
[2024-04-16T13:30:48.275+0000] {processor.py:154} INFO - Started process (PID=4514) to work on /home/airflow/.local/lib/python3.7/site-packages/airflow/example_dags/example_branch_labels.py
[2024-04-16T13:30:48.277+0000] {processor.py:756} INFO - Processing file /home/airflow/.local/lib/python3.7/site-packages/airflow/example_dags/example_branch_labels.py for tasks to queue
[2024-04-16T13:30:48.279+0000] {logging_mixin.py:120} INFO - [2024-04-16T13:30:48.278+0000] {dagbag.py:537} INFO - Filling up the DagBag from /home/airflow/.local/lib/python3.7/site-packages/airflow/example_dags/example_branch_labels.py
[2024-04-16T13:30:48.303+0000] {processor.py:766} INFO - DAG(s) dict_keys(['example_branch_labels']) retrieved from /home/airflow/.local/lib/python3.7/site-packages/airflow/example_dags/example_branch_labels.py
[2024-04-16T13:30:48.380+0000] {logging_mixin.py:120} INFO - [2024-04-16T13:30:48.380+0000] {dag.py:2585} INFO - Sync 1 DAGs
[2024-04-16T13:30:48.420+0000] {logging_mixin.py:120} INFO - [2024-04-16T13:30:48.419+0000] {dag.py:3340} INFO - Setting next_dagrun for example_branch_labels to 2024-04-15T00:00:00+00:00, run_after=2024-04-16T00:00:00+00:00
[2024-04-16T13:30:48.454+0000] {processor.py:176} INFO - Processing /home/airflow/.local/lib/python3.7/site-packages/airflow/example_dags/example_branch_labels.py took 0.185 seconds
