[2024-04-16T09:53:02.157+0000] {processor.py:154} INFO - Started process (PID=23838) to work on /home/airflow/.local/lib/python3.7/site-packages/airflow/example_dags/tutorial_taskflow_api.py
[2024-04-16T09:53:02.211+0000] {processor.py:756} INFO - Processing file /home/airflow/.local/lib/python3.7/site-packages/airflow/example_dags/tutorial_taskflow_api.py for tasks to queue
[2024-04-16T09:53:02.282+0000] {logging_mixin.py:120} INFO - [2024-04-16T09:53:02.281+0000] {dagbag.py:537} INFO - Filling up the DagBag from /home/airflow/.local/lib/python3.7/site-packages/airflow/example_dags/tutorial_taskflow_api.py
[2024-04-16T09:53:04.932+0000] {processor.py:766} INFO - DAG(s) dict_keys(['tutorial_taskflow_api']) retrieved from /home/airflow/.local/lib/python3.7/site-packages/airflow/example_dags/tutorial_taskflow_api.py
[2024-04-16T09:53:07.995+0000] {logging_mixin.py:120} INFO - [2024-04-16T09:53:07.993+0000] {dag.py:2585} INFO - Sync 1 DAGs
[2024-04-16T09:53:11.296+0000] {logging_mixin.py:120} INFO - [2024-04-16T09:53:11.295+0000] {dag.py:3340} INFO - Setting next_dagrun for tutorial_taskflow_api to None, run_after=None
[2024-04-16T09:53:14.948+0000] {processor.py:176} INFO - Processing /home/airflow/.local/lib/python3.7/site-packages/airflow/example_dags/tutorial_taskflow_api.py took 13.058 seconds
[2024-04-16T10:18:36.100+0000] {processor.py:154} INFO - Started process (PID=24149) to work on /home/airflow/.local/lib/python3.7/site-packages/airflow/example_dags/tutorial_taskflow_api.py
[2024-04-16T10:18:36.766+0000] {processor.py:756} INFO - Processing file /home/airflow/.local/lib/python3.7/site-packages/airflow/example_dags/tutorial_taskflow_api.py for tasks to queue
[2024-04-16T10:18:37.430+0000] {logging_mixin.py:120} INFO - [2024-04-16T10:18:37.428+0000] {dagbag.py:537} INFO - Filling up the DagBag from /home/airflow/.local/lib/python3.7/site-packages/airflow/example_dags/tutorial_taskflow_api.py
[2024-04-16T10:18:52.360+0000] {processor.py:766} INFO - DAG(s) dict_keys(['tutorial_taskflow_api']) retrieved from /home/airflow/.local/lib/python3.7/site-packages/airflow/example_dags/tutorial_taskflow_api.py
[2024-04-16T10:19:18.258+0000] {logging_mixin.py:120} INFO - [2024-04-16T10:19:18.188+0000] {dag.py:2585} INFO - Sync 1 DAGs
[2024-04-16T10:23:21.601+0000] {processor.py:154} INFO - Started process (PID=80) to work on /home/airflow/.local/lib/python3.7/site-packages/airflow/example_dags/tutorial_taskflow_api.py
[2024-04-16T10:23:21.605+0000] {processor.py:756} INFO - Processing file /home/airflow/.local/lib/python3.7/site-packages/airflow/example_dags/tutorial_taskflow_api.py for tasks to queue
[2024-04-16T10:23:21.612+0000] {logging_mixin.py:120} INFO - [2024-04-16T10:23:21.612+0000] {dagbag.py:537} INFO - Filling up the DagBag from /home/airflow/.local/lib/python3.7/site-packages/airflow/example_dags/tutorial_taskflow_api.py
[2024-04-16T10:23:21.743+0000] {processor.py:766} INFO - DAG(s) dict_keys(['tutorial_taskflow_api']) retrieved from /home/airflow/.local/lib/python3.7/site-packages/airflow/example_dags/tutorial_taskflow_api.py
[2024-04-16T10:23:21.982+0000] {logging_mixin.py:120} INFO - [2024-04-16T10:23:21.982+0000] {dag.py:2585} INFO - Sync 1 DAGs
[2024-04-16T10:23:22.091+0000] {logging_mixin.py:120} INFO - [2024-04-16T10:23:22.090+0000] {dag.py:3340} INFO - Setting next_dagrun for tutorial_taskflow_api to None, run_after=None
[2024-04-16T10:23:22.172+0000] {processor.py:176} INFO - Processing /home/airflow/.local/lib/python3.7/site-packages/airflow/example_dags/tutorial_taskflow_api.py took 0.620 seconds
[2024-04-16T10:24:01.910+0000] {processor.py:154} INFO - Started process (PID=150) to work on /home/airflow/.local/lib/python3.7/site-packages/airflow/example_dags/tutorial_taskflow_api.py
[2024-04-16T10:24:01.912+0000] {processor.py:756} INFO - Processing file /home/airflow/.local/lib/python3.7/site-packages/airflow/example_dags/tutorial_taskflow_api.py for tasks to queue
[2024-04-16T10:24:01.914+0000] {logging_mixin.py:120} INFO - [2024-04-16T10:24:01.914+0000] {dagbag.py:537} INFO - Filling up the DagBag from /home/airflow/.local/lib/python3.7/site-packages/airflow/example_dags/tutorial_taskflow_api.py
[2024-04-16T10:24:01.953+0000] {processor.py:766} INFO - DAG(s) dict_keys(['tutorial_taskflow_api']) retrieved from /home/airflow/.local/lib/python3.7/site-packages/airflow/example_dags/tutorial_taskflow_api.py
[2024-04-16T10:24:02.018+0000] {logging_mixin.py:120} INFO - [2024-04-16T10:24:02.018+0000] {dag.py:2585} INFO - Sync 1 DAGs
[2024-04-16T10:24:02.056+0000] {logging_mixin.py:120} INFO - [2024-04-16T10:24:02.056+0000] {dag.py:3340} INFO - Setting next_dagrun for tutorial_taskflow_api to None, run_after=None
[2024-04-16T10:24:02.086+0000] {processor.py:176} INFO - Processing /home/airflow/.local/lib/python3.7/site-packages/airflow/example_dags/tutorial_taskflow_api.py took 0.181 seconds
[2024-04-16T10:24:52.119+0000] {processor.py:154} INFO - Started process (PID=229) to work on /home/airflow/.local/lib/python3.7/site-packages/airflow/example_dags/tutorial_taskflow_api.py
[2024-04-16T10:24:52.123+0000] {processor.py:756} INFO - Processing file /home/airflow/.local/lib/python3.7/site-packages/airflow/example_dags/tutorial_taskflow_api.py for tasks to queue
[2024-04-16T10:24:52.127+0000] {logging_mixin.py:120} INFO - [2024-04-16T10:24:52.127+0000] {dagbag.py:537} INFO - Filling up the DagBag from /home/airflow/.local/lib/python3.7/site-packages/airflow/example_dags/tutorial_taskflow_api.py
[2024-04-16T10:24:52.172+0000] {processor.py:766} INFO - DAG(s) dict_keys(['tutorial_taskflow_api']) retrieved from /home/airflow/.local/lib/python3.7/site-packages/airflow/example_dags/tutorial_taskflow_api.py
[2024-04-16T10:24:52.282+0000] {logging_mixin.py:120} INFO - [2024-04-16T10:24:52.282+0000] {dag.py:2585} INFO - Sync 1 DAGs
[2024-04-16T10:24:52.335+0000] {logging_mixin.py:120} INFO - [2024-04-16T10:24:52.335+0000] {dag.py:3340} INFO - Setting next_dagrun for tutorial_taskflow_api to None, run_after=None
[2024-04-16T10:24:52.376+0000] {processor.py:176} INFO - Processing /home/airflow/.local/lib/python3.7/site-packages/airflow/example_dags/tutorial_taskflow_api.py took 0.265 seconds
[2024-04-16T10:25:22.840+0000] {processor.py:154} INFO - Started process (PID=298) to work on /home/airflow/.local/lib/python3.7/site-packages/airflow/example_dags/tutorial_taskflow_api.py
[2024-04-16T10:25:22.842+0000] {processor.py:756} INFO - Processing file /home/airflow/.local/lib/python3.7/site-packages/airflow/example_dags/tutorial_taskflow_api.py for tasks to queue
[2024-04-16T10:25:22.846+0000] {logging_mixin.py:120} INFO - [2024-04-16T10:25:22.845+0000] {dagbag.py:537} INFO - Filling up the DagBag from /home/airflow/.local/lib/python3.7/site-packages/airflow/example_dags/tutorial_taskflow_api.py
[2024-04-16T10:25:22.883+0000] {processor.py:766} INFO - DAG(s) dict_keys(['tutorial_taskflow_api']) retrieved from /home/airflow/.local/lib/python3.7/site-packages/airflow/example_dags/tutorial_taskflow_api.py
[2024-04-16T10:25:22.951+0000] {logging_mixin.py:120} INFO - [2024-04-16T10:25:22.950+0000] {dag.py:2585} INFO - Sync 1 DAGs
[2024-04-16T10:25:22.993+0000] {logging_mixin.py:120} INFO - [2024-04-16T10:25:22.993+0000] {dag.py:3340} INFO - Setting next_dagrun for tutorial_taskflow_api to None, run_after=None
[2024-04-16T10:25:23.027+0000] {processor.py:176} INFO - Processing /home/airflow/.local/lib/python3.7/site-packages/airflow/example_dags/tutorial_taskflow_api.py took 0.193 seconds
[2024-04-16T10:25:56.020+0000] {processor.py:154} INFO - Started process (PID=376) to work on /home/airflow/.local/lib/python3.7/site-packages/airflow/example_dags/tutorial_taskflow_api.py
[2024-04-16T10:25:56.022+0000] {processor.py:756} INFO - Processing file /home/airflow/.local/lib/python3.7/site-packages/airflow/example_dags/tutorial_taskflow_api.py for tasks to queue
[2024-04-16T10:25:56.025+0000] {logging_mixin.py:120} INFO - [2024-04-16T10:25:56.024+0000] {dagbag.py:537} INFO - Filling up the DagBag from /home/airflow/.local/lib/python3.7/site-packages/airflow/example_dags/tutorial_taskflow_api.py
[2024-04-16T10:25:56.055+0000] {processor.py:766} INFO - DAG(s) dict_keys(['tutorial_taskflow_api']) retrieved from /home/airflow/.local/lib/python3.7/site-packages/airflow/example_dags/tutorial_taskflow_api.py
[2024-04-16T10:25:56.120+0000] {logging_mixin.py:120} INFO - [2024-04-16T10:25:56.120+0000] {dag.py:2585} INFO - Sync 1 DAGs
[2024-04-16T10:25:56.160+0000] {logging_mixin.py:120} INFO - [2024-04-16T10:25:56.159+0000] {dag.py:3340} INFO - Setting next_dagrun for tutorial_taskflow_api to None, run_after=None
[2024-04-16T10:25:56.188+0000] {processor.py:176} INFO - Processing /home/airflow/.local/lib/python3.7/site-packages/airflow/example_dags/tutorial_taskflow_api.py took 0.174 seconds
[2024-04-16T10:26:26.388+0000] {processor.py:154} INFO - Started process (PID=445) to work on /home/airflow/.local/lib/python3.7/site-packages/airflow/example_dags/tutorial_taskflow_api.py
[2024-04-16T10:26:26.390+0000] {processor.py:756} INFO - Processing file /home/airflow/.local/lib/python3.7/site-packages/airflow/example_dags/tutorial_taskflow_api.py for tasks to queue
[2024-04-16T10:26:26.392+0000] {logging_mixin.py:120} INFO - [2024-04-16T10:26:26.392+0000] {dagbag.py:537} INFO - Filling up the DagBag from /home/airflow/.local/lib/python3.7/site-packages/airflow/example_dags/tutorial_taskflow_api.py
[2024-04-16T10:26:26.424+0000] {processor.py:766} INFO - DAG(s) dict_keys(['tutorial_taskflow_api']) retrieved from /home/airflow/.local/lib/python3.7/site-packages/airflow/example_dags/tutorial_taskflow_api.py
[2024-04-16T10:26:26.489+0000] {logging_mixin.py:120} INFO - [2024-04-16T10:26:26.489+0000] {dag.py:2585} INFO - Sync 1 DAGs
[2024-04-16T10:26:26.527+0000] {logging_mixin.py:120} INFO - [2024-04-16T10:26:26.526+0000] {dag.py:3340} INFO - Setting next_dagrun for tutorial_taskflow_api to None, run_after=None
[2024-04-16T10:26:26.569+0000] {processor.py:176} INFO - Processing /home/airflow/.local/lib/python3.7/site-packages/airflow/example_dags/tutorial_taskflow_api.py took 0.186 seconds
[2024-04-16T10:27:03.755+0000] {processor.py:154} INFO - Started process (PID=516) to work on /home/airflow/.local/lib/python3.7/site-packages/airflow/example_dags/tutorial_taskflow_api.py
[2024-04-16T10:27:03.758+0000] {processor.py:756} INFO - Processing file /home/airflow/.local/lib/python3.7/site-packages/airflow/example_dags/tutorial_taskflow_api.py for tasks to queue
[2024-04-16T10:27:03.760+0000] {logging_mixin.py:120} INFO - [2024-04-16T10:27:03.760+0000] {dagbag.py:537} INFO - Filling up the DagBag from /home/airflow/.local/lib/python3.7/site-packages/airflow/example_dags/tutorial_taskflow_api.py
[2024-04-16T10:27:03.800+0000] {processor.py:766} INFO - DAG(s) dict_keys(['tutorial_taskflow_api']) retrieved from /home/airflow/.local/lib/python3.7/site-packages/airflow/example_dags/tutorial_taskflow_api.py
[2024-04-16T10:27:03.891+0000] {logging_mixin.py:120} INFO - [2024-04-16T10:27:03.890+0000] {dag.py:2585} INFO - Sync 1 DAGs
[2024-04-16T10:27:03.938+0000] {logging_mixin.py:120} INFO - [2024-04-16T10:27:03.938+0000] {dag.py:3340} INFO - Setting next_dagrun for tutorial_taskflow_api to None, run_after=None
[2024-04-16T10:27:03.973+0000] {processor.py:176} INFO - Processing /home/airflow/.local/lib/python3.7/site-packages/airflow/example_dags/tutorial_taskflow_api.py took 0.227 seconds
[2024-04-16T10:27:34.852+0000] {processor.py:154} INFO - Started process (PID=594) to work on /home/airflow/.local/lib/python3.7/site-packages/airflow/example_dags/tutorial_taskflow_api.py
[2024-04-16T10:27:34.855+0000] {processor.py:756} INFO - Processing file /home/airflow/.local/lib/python3.7/site-packages/airflow/example_dags/tutorial_taskflow_api.py for tasks to queue
[2024-04-16T10:27:34.858+0000] {logging_mixin.py:120} INFO - [2024-04-16T10:27:34.858+0000] {dagbag.py:537} INFO - Filling up the DagBag from /home/airflow/.local/lib/python3.7/site-packages/airflow/example_dags/tutorial_taskflow_api.py
[2024-04-16T10:27:34.898+0000] {processor.py:766} INFO - DAG(s) dict_keys(['tutorial_taskflow_api']) retrieved from /home/airflow/.local/lib/python3.7/site-packages/airflow/example_dags/tutorial_taskflow_api.py
[2024-04-16T10:27:34.990+0000] {logging_mixin.py:120} INFO - [2024-04-16T10:27:34.990+0000] {dag.py:2585} INFO - Sync 1 DAGs
[2024-04-16T10:27:35.038+0000] {logging_mixin.py:120} INFO - [2024-04-16T10:27:35.038+0000] {dag.py:3340} INFO - Setting next_dagrun for tutorial_taskflow_api to None, run_after=None
[2024-04-16T10:27:35.078+0000] {processor.py:176} INFO - Processing /home/airflow/.local/lib/python3.7/site-packages/airflow/example_dags/tutorial_taskflow_api.py took 0.236 seconds
[2024-04-16T10:28:10.203+0000] {processor.py:154} INFO - Started process (PID=676) to work on /home/airflow/.local/lib/python3.7/site-packages/airflow/example_dags/tutorial_taskflow_api.py
[2024-04-16T10:28:10.220+0000] {processor.py:756} INFO - Processing file /home/airflow/.local/lib/python3.7/site-packages/airflow/example_dags/tutorial_taskflow_api.py for tasks to queue
[2024-04-16T10:28:10.230+0000] {logging_mixin.py:120} INFO - [2024-04-16T10:28:10.229+0000] {dagbag.py:537} INFO - Filling up the DagBag from /home/airflow/.local/lib/python3.7/site-packages/airflow/example_dags/tutorial_taskflow_api.py
[2024-04-16T10:28:10.445+0000] {processor.py:766} INFO - DAG(s) dict_keys(['tutorial_taskflow_api']) retrieved from /home/airflow/.local/lib/python3.7/site-packages/airflow/example_dags/tutorial_taskflow_api.py
[2024-04-16T10:28:10.994+0000] {logging_mixin.py:120} INFO - [2024-04-16T10:28:10.981+0000] {dag.py:2585} INFO - Sync 1 DAGs
[2024-04-16T10:28:11.242+0000] {logging_mixin.py:120} INFO - [2024-04-16T10:28:11.241+0000] {dag.py:3340} INFO - Setting next_dagrun for tutorial_taskflow_api to None, run_after=None
[2024-04-16T10:28:11.480+0000] {processor.py:176} INFO - Processing /home/airflow/.local/lib/python3.7/site-packages/airflow/example_dags/tutorial_taskflow_api.py took 1.300 seconds
[2024-04-16T13:04:18.284+0000] {processor.py:154} INFO - Started process (PID=728) to work on /home/airflow/.local/lib/python3.7/site-packages/airflow/example_dags/tutorial_taskflow_api.py
[2024-04-16T13:04:18.292+0000] {processor.py:756} INFO - Processing file /home/airflow/.local/lib/python3.7/site-packages/airflow/example_dags/tutorial_taskflow_api.py for tasks to queue
[2024-04-16T13:04:18.297+0000] {logging_mixin.py:120} INFO - [2024-04-16T13:04:18.296+0000] {dagbag.py:537} INFO - Filling up the DagBag from /home/airflow/.local/lib/python3.7/site-packages/airflow/example_dags/tutorial_taskflow_api.py
[2024-04-16T13:04:18.437+0000] {processor.py:766} INFO - DAG(s) dict_keys(['tutorial_taskflow_api']) retrieved from /home/airflow/.local/lib/python3.7/site-packages/airflow/example_dags/tutorial_taskflow_api.py
[2024-04-16T13:04:18.616+0000] {logging_mixin.py:120} INFO - [2024-04-16T13:04:18.616+0000] {dag.py:2585} INFO - Sync 1 DAGs
[2024-04-16T13:04:18.706+0000] {logging_mixin.py:120} INFO - [2024-04-16T13:04:18.706+0000] {dag.py:3340} INFO - Setting next_dagrun for tutorial_taskflow_api to None, run_after=None
[2024-04-16T13:04:18.748+0000] {processor.py:176} INFO - Processing /home/airflow/.local/lib/python3.7/site-packages/airflow/example_dags/tutorial_taskflow_api.py took 0.483 seconds
[2024-04-16T13:04:49.137+0000] {processor.py:154} INFO - Started process (PID=806) to work on /home/airflow/.local/lib/python3.7/site-packages/airflow/example_dags/tutorial_taskflow_api.py
[2024-04-16T13:04:49.139+0000] {processor.py:756} INFO - Processing file /home/airflow/.local/lib/python3.7/site-packages/airflow/example_dags/tutorial_taskflow_api.py for tasks to queue
[2024-04-16T13:04:49.142+0000] {logging_mixin.py:120} INFO - [2024-04-16T13:04:49.142+0000] {dagbag.py:537} INFO - Filling up the DagBag from /home/airflow/.local/lib/python3.7/site-packages/airflow/example_dags/tutorial_taskflow_api.py
[2024-04-16T13:04:49.178+0000] {processor.py:766} INFO - DAG(s) dict_keys(['tutorial_taskflow_api']) retrieved from /home/airflow/.local/lib/python3.7/site-packages/airflow/example_dags/tutorial_taskflow_api.py
[2024-04-16T13:04:49.252+0000] {logging_mixin.py:120} INFO - [2024-04-16T13:04:49.252+0000] {dag.py:2585} INFO - Sync 1 DAGs
[2024-04-16T13:04:49.293+0000] {logging_mixin.py:120} INFO - [2024-04-16T13:04:49.292+0000] {dag.py:3340} INFO - Setting next_dagrun for tutorial_taskflow_api to None, run_after=None
[2024-04-16T13:04:49.325+0000] {processor.py:176} INFO - Processing /home/airflow/.local/lib/python3.7/site-packages/airflow/example_dags/tutorial_taskflow_api.py took 0.206 seconds
[2024-04-16T13:05:19.933+0000] {processor.py:154} INFO - Started process (PID=875) to work on /home/airflow/.local/lib/python3.7/site-packages/airflow/example_dags/tutorial_taskflow_api.py
[2024-04-16T13:05:19.936+0000] {processor.py:756} INFO - Processing file /home/airflow/.local/lib/python3.7/site-packages/airflow/example_dags/tutorial_taskflow_api.py for tasks to queue
[2024-04-16T13:05:19.937+0000] {logging_mixin.py:120} INFO - [2024-04-16T13:05:19.937+0000] {dagbag.py:537} INFO - Filling up the DagBag from /home/airflow/.local/lib/python3.7/site-packages/airflow/example_dags/tutorial_taskflow_api.py
[2024-04-16T13:05:19.977+0000] {processor.py:766} INFO - DAG(s) dict_keys(['tutorial_taskflow_api']) retrieved from /home/airflow/.local/lib/python3.7/site-packages/airflow/example_dags/tutorial_taskflow_api.py
[2024-04-16T13:05:20.112+0000] {logging_mixin.py:120} INFO - [2024-04-16T13:05:20.112+0000] {dag.py:2585} INFO - Sync 1 DAGs
[2024-04-16T13:05:20.224+0000] {logging_mixin.py:120} INFO - [2024-04-16T13:05:20.223+0000] {dag.py:3340} INFO - Setting next_dagrun for tutorial_taskflow_api to None, run_after=None
[2024-04-16T13:05:20.281+0000] {processor.py:176} INFO - Processing /home/airflow/.local/lib/python3.7/site-packages/airflow/example_dags/tutorial_taskflow_api.py took 0.354 seconds
[2024-04-16T13:05:50.942+0000] {processor.py:154} INFO - Started process (PID=954) to work on /home/airflow/.local/lib/python3.7/site-packages/airflow/example_dags/tutorial_taskflow_api.py
[2024-04-16T13:05:50.945+0000] {processor.py:756} INFO - Processing file /home/airflow/.local/lib/python3.7/site-packages/airflow/example_dags/tutorial_taskflow_api.py for tasks to queue
[2024-04-16T13:05:50.948+0000] {logging_mixin.py:120} INFO - [2024-04-16T13:05:50.947+0000] {dagbag.py:537} INFO - Filling up the DagBag from /home/airflow/.local/lib/python3.7/site-packages/airflow/example_dags/tutorial_taskflow_api.py
[2024-04-16T13:05:50.991+0000] {processor.py:766} INFO - DAG(s) dict_keys(['tutorial_taskflow_api']) retrieved from /home/airflow/.local/lib/python3.7/site-packages/airflow/example_dags/tutorial_taskflow_api.py
[2024-04-16T13:05:51.074+0000] {logging_mixin.py:120} INFO - [2024-04-16T13:05:51.074+0000] {dag.py:2585} INFO - Sync 1 DAGs
[2024-04-16T13:05:51.124+0000] {logging_mixin.py:120} INFO - [2024-04-16T13:05:51.124+0000] {dag.py:3340} INFO - Setting next_dagrun for tutorial_taskflow_api to None, run_after=None
[2024-04-16T13:05:51.184+0000] {processor.py:176} INFO - Processing /home/airflow/.local/lib/python3.7/site-packages/airflow/example_dags/tutorial_taskflow_api.py took 0.249 seconds
[2024-04-16T13:06:29.519+0000] {processor.py:154} INFO - Started process (PID=1033) to work on /home/airflow/.local/lib/python3.7/site-packages/airflow/example_dags/tutorial_taskflow_api.py
[2024-04-16T13:06:29.521+0000] {processor.py:756} INFO - Processing file /home/airflow/.local/lib/python3.7/site-packages/airflow/example_dags/tutorial_taskflow_api.py for tasks to queue
[2024-04-16T13:06:29.523+0000] {logging_mixin.py:120} INFO - [2024-04-16T13:06:29.523+0000] {dagbag.py:537} INFO - Filling up the DagBag from /home/airflow/.local/lib/python3.7/site-packages/airflow/example_dags/tutorial_taskflow_api.py
[2024-04-16T13:06:29.565+0000] {processor.py:766} INFO - DAG(s) dict_keys(['tutorial_taskflow_api']) retrieved from /home/airflow/.local/lib/python3.7/site-packages/airflow/example_dags/tutorial_taskflow_api.py
[2024-04-16T13:06:29.670+0000] {logging_mixin.py:120} INFO - [2024-04-16T13:06:29.670+0000] {dag.py:2585} INFO - Sync 1 DAGs
[2024-04-16T13:06:29.729+0000] {logging_mixin.py:120} INFO - [2024-04-16T13:06:29.729+0000] {dag.py:3340} INFO - Setting next_dagrun for tutorial_taskflow_api to None, run_after=None
[2024-04-16T13:06:29.775+0000] {processor.py:176} INFO - Processing /home/airflow/.local/lib/python3.7/site-packages/airflow/example_dags/tutorial_taskflow_api.py took 0.262 seconds
[2024-04-16T13:07:01.356+0000] {processor.py:154} INFO - Started process (PID=1101) to work on /home/airflow/.local/lib/python3.7/site-packages/airflow/example_dags/tutorial_taskflow_api.py
[2024-04-16T13:07:01.359+0000] {processor.py:756} INFO - Processing file /home/airflow/.local/lib/python3.7/site-packages/airflow/example_dags/tutorial_taskflow_api.py for tasks to queue
[2024-04-16T13:07:01.361+0000] {logging_mixin.py:120} INFO - [2024-04-16T13:07:01.360+0000] {dagbag.py:537} INFO - Filling up the DagBag from /home/airflow/.local/lib/python3.7/site-packages/airflow/example_dags/tutorial_taskflow_api.py
[2024-04-16T13:07:01.402+0000] {processor.py:766} INFO - DAG(s) dict_keys(['tutorial_taskflow_api']) retrieved from /home/airflow/.local/lib/python3.7/site-packages/airflow/example_dags/tutorial_taskflow_api.py
[2024-04-16T13:07:01.487+0000] {logging_mixin.py:120} INFO - [2024-04-16T13:07:01.487+0000] {dag.py:2585} INFO - Sync 1 DAGs
[2024-04-16T13:07:01.529+0000] {logging_mixin.py:120} INFO - [2024-04-16T13:07:01.529+0000] {dag.py:3340} INFO - Setting next_dagrun for tutorial_taskflow_api to None, run_after=None
[2024-04-16T13:07:01.569+0000] {processor.py:176} INFO - Processing /home/airflow/.local/lib/python3.7/site-packages/airflow/example_dags/tutorial_taskflow_api.py took 0.222 seconds
[2024-04-16T13:07:32.467+0000] {processor.py:154} INFO - Started process (PID=1179) to work on /home/airflow/.local/lib/python3.7/site-packages/airflow/example_dags/tutorial_taskflow_api.py
[2024-04-16T13:07:32.478+0000] {processor.py:756} INFO - Processing file /home/airflow/.local/lib/python3.7/site-packages/airflow/example_dags/tutorial_taskflow_api.py for tasks to queue
[2024-04-16T13:07:32.493+0000] {logging_mixin.py:120} INFO - [2024-04-16T13:07:32.492+0000] {dagbag.py:537} INFO - Filling up the DagBag from /home/airflow/.local/lib/python3.7/site-packages/airflow/example_dags/tutorial_taskflow_api.py
[2024-04-16T13:07:32.634+0000] {processor.py:766} INFO - DAG(s) dict_keys(['tutorial_taskflow_api']) retrieved from /home/airflow/.local/lib/python3.7/site-packages/airflow/example_dags/tutorial_taskflow_api.py
[2024-04-16T13:07:32.836+0000] {logging_mixin.py:120} INFO - [2024-04-16T13:07:32.835+0000] {dag.py:2585} INFO - Sync 1 DAGs
[2024-04-16T13:07:33.004+0000] {logging_mixin.py:120} INFO - [2024-04-16T13:07:33.004+0000] {dag.py:3340} INFO - Setting next_dagrun for tutorial_taskflow_api to None, run_after=None
[2024-04-16T13:07:33.061+0000] {processor.py:176} INFO - Processing /home/airflow/.local/lib/python3.7/site-packages/airflow/example_dags/tutorial_taskflow_api.py took 0.645 seconds
[2024-04-16T13:08:03.137+0000] {processor.py:154} INFO - Started process (PID=1246) to work on /home/airflow/.local/lib/python3.7/site-packages/airflow/example_dags/tutorial_taskflow_api.py
[2024-04-16T13:08:03.139+0000] {processor.py:756} INFO - Processing file /home/airflow/.local/lib/python3.7/site-packages/airflow/example_dags/tutorial_taskflow_api.py for tasks to queue
[2024-04-16T13:08:03.142+0000] {logging_mixin.py:120} INFO - [2024-04-16T13:08:03.142+0000] {dagbag.py:537} INFO - Filling up the DagBag from /home/airflow/.local/lib/python3.7/site-packages/airflow/example_dags/tutorial_taskflow_api.py
[2024-04-16T13:08:03.175+0000] {processor.py:766} INFO - DAG(s) dict_keys(['tutorial_taskflow_api']) retrieved from /home/airflow/.local/lib/python3.7/site-packages/airflow/example_dags/tutorial_taskflow_api.py
[2024-04-16T13:08:03.239+0000] {logging_mixin.py:120} INFO - [2024-04-16T13:08:03.239+0000] {dag.py:2585} INFO - Sync 1 DAGs
[2024-04-16T13:08:03.275+0000] {logging_mixin.py:120} INFO - [2024-04-16T13:08:03.275+0000] {dag.py:3340} INFO - Setting next_dagrun for tutorial_taskflow_api to None, run_after=None
[2024-04-16T13:08:03.318+0000] {processor.py:176} INFO - Processing /home/airflow/.local/lib/python3.7/site-packages/airflow/example_dags/tutorial_taskflow_api.py took 0.187 seconds
[2024-04-16T13:08:34.324+0000] {processor.py:154} INFO - Started process (PID=1324) to work on /home/airflow/.local/lib/python3.7/site-packages/airflow/example_dags/tutorial_taskflow_api.py
[2024-04-16T13:08:34.330+0000] {processor.py:756} INFO - Processing file /home/airflow/.local/lib/python3.7/site-packages/airflow/example_dags/tutorial_taskflow_api.py for tasks to queue
[2024-04-16T13:08:34.338+0000] {logging_mixin.py:120} INFO - [2024-04-16T13:08:34.337+0000] {dagbag.py:537} INFO - Filling up the DagBag from /home/airflow/.local/lib/python3.7/site-packages/airflow/example_dags/tutorial_taskflow_api.py
[2024-04-16T13:08:34.387+0000] {processor.py:766} INFO - DAG(s) dict_keys(['tutorial_taskflow_api']) retrieved from /home/airflow/.local/lib/python3.7/site-packages/airflow/example_dags/tutorial_taskflow_api.py
[2024-04-16T13:08:34.499+0000] {logging_mixin.py:120} INFO - [2024-04-16T13:08:34.498+0000] {dag.py:2585} INFO - Sync 1 DAGs
[2024-04-16T13:08:34.541+0000] {logging_mixin.py:120} INFO - [2024-04-16T13:08:34.541+0000] {dag.py:3340} INFO - Setting next_dagrun for tutorial_taskflow_api to None, run_after=None
[2024-04-16T13:08:34.570+0000] {processor.py:176} INFO - Processing /home/airflow/.local/lib/python3.7/site-packages/airflow/example_dags/tutorial_taskflow_api.py took 0.263 seconds
[2024-04-16T13:09:05.809+0000] {processor.py:154} INFO - Started process (PID=1393) to work on /home/airflow/.local/lib/python3.7/site-packages/airflow/example_dags/tutorial_taskflow_api.py
[2024-04-16T13:09:05.812+0000] {processor.py:756} INFO - Processing file /home/airflow/.local/lib/python3.7/site-packages/airflow/example_dags/tutorial_taskflow_api.py for tasks to queue
[2024-04-16T13:09:05.813+0000] {logging_mixin.py:120} INFO - [2024-04-16T13:09:05.813+0000] {dagbag.py:537} INFO - Filling up the DagBag from /home/airflow/.local/lib/python3.7/site-packages/airflow/example_dags/tutorial_taskflow_api.py
[2024-04-16T13:09:05.848+0000] {processor.py:766} INFO - DAG(s) dict_keys(['tutorial_taskflow_api']) retrieved from /home/airflow/.local/lib/python3.7/site-packages/airflow/example_dags/tutorial_taskflow_api.py
[2024-04-16T13:09:05.920+0000] {logging_mixin.py:120} INFO - [2024-04-16T13:09:05.920+0000] {dag.py:2585} INFO - Sync 1 DAGs
[2024-04-16T13:09:05.961+0000] {logging_mixin.py:120} INFO - [2024-04-16T13:09:05.960+0000] {dag.py:3340} INFO - Setting next_dagrun for tutorial_taskflow_api to None, run_after=None
[2024-04-16T13:09:05.985+0000] {processor.py:176} INFO - Processing /home/airflow/.local/lib/python3.7/site-packages/airflow/example_dags/tutorial_taskflow_api.py took 0.181 seconds
[2024-04-16T13:09:36.440+0000] {processor.py:154} INFO - Started process (PID=1471) to work on /home/airflow/.local/lib/python3.7/site-packages/airflow/example_dags/tutorial_taskflow_api.py
[2024-04-16T13:09:36.447+0000] {processor.py:756} INFO - Processing file /home/airflow/.local/lib/python3.7/site-packages/airflow/example_dags/tutorial_taskflow_api.py for tasks to queue
[2024-04-16T13:09:36.464+0000] {logging_mixin.py:120} INFO - [2024-04-16T13:09:36.463+0000] {dagbag.py:537} INFO - Filling up the DagBag from /home/airflow/.local/lib/python3.7/site-packages/airflow/example_dags/tutorial_taskflow_api.py
[2024-04-16T13:09:36.529+0000] {processor.py:766} INFO - DAG(s) dict_keys(['tutorial_taskflow_api']) retrieved from /home/airflow/.local/lib/python3.7/site-packages/airflow/example_dags/tutorial_taskflow_api.py
[2024-04-16T13:09:36.680+0000] {logging_mixin.py:120} INFO - [2024-04-16T13:09:36.679+0000] {dag.py:2585} INFO - Sync 1 DAGs
[2024-04-16T13:09:36.742+0000] {logging_mixin.py:120} INFO - [2024-04-16T13:09:36.742+0000] {dag.py:3340} INFO - Setting next_dagrun for tutorial_taskflow_api to None, run_after=None
[2024-04-16T13:09:36.776+0000] {processor.py:176} INFO - Processing /home/airflow/.local/lib/python3.7/site-packages/airflow/example_dags/tutorial_taskflow_api.py took 0.343 seconds
[2024-04-16T13:10:07.488+0000] {processor.py:154} INFO - Started process (PID=1541) to work on /home/airflow/.local/lib/python3.7/site-packages/airflow/example_dags/tutorial_taskflow_api.py
[2024-04-16T13:10:07.490+0000] {processor.py:756} INFO - Processing file /home/airflow/.local/lib/python3.7/site-packages/airflow/example_dags/tutorial_taskflow_api.py for tasks to queue
[2024-04-16T13:10:07.493+0000] {logging_mixin.py:120} INFO - [2024-04-16T13:10:07.493+0000] {dagbag.py:537} INFO - Filling up the DagBag from /home/airflow/.local/lib/python3.7/site-packages/airflow/example_dags/tutorial_taskflow_api.py
[2024-04-16T13:10:07.525+0000] {processor.py:766} INFO - DAG(s) dict_keys(['tutorial_taskflow_api']) retrieved from /home/airflow/.local/lib/python3.7/site-packages/airflow/example_dags/tutorial_taskflow_api.py
[2024-04-16T13:10:07.592+0000] {logging_mixin.py:120} INFO - [2024-04-16T13:10:07.592+0000] {dag.py:2585} INFO - Sync 1 DAGs
[2024-04-16T13:10:07.634+0000] {logging_mixin.py:120} INFO - [2024-04-16T13:10:07.634+0000] {dag.py:3340} INFO - Setting next_dagrun for tutorial_taskflow_api to None, run_after=None
[2024-04-16T13:10:07.699+0000] {processor.py:176} INFO - Processing /home/airflow/.local/lib/python3.7/site-packages/airflow/example_dags/tutorial_taskflow_api.py took 0.217 seconds
[2024-04-16T13:10:38.030+0000] {processor.py:154} INFO - Started process (PID=1610) to work on /home/airflow/.local/lib/python3.7/site-packages/airflow/example_dags/tutorial_taskflow_api.py
[2024-04-16T13:10:38.032+0000] {processor.py:756} INFO - Processing file /home/airflow/.local/lib/python3.7/site-packages/airflow/example_dags/tutorial_taskflow_api.py for tasks to queue
[2024-04-16T13:10:38.034+0000] {logging_mixin.py:120} INFO - [2024-04-16T13:10:38.034+0000] {dagbag.py:537} INFO - Filling up the DagBag from /home/airflow/.local/lib/python3.7/site-packages/airflow/example_dags/tutorial_taskflow_api.py
[2024-04-16T13:10:38.078+0000] {processor.py:766} INFO - DAG(s) dict_keys(['tutorial_taskflow_api']) retrieved from /home/airflow/.local/lib/python3.7/site-packages/airflow/example_dags/tutorial_taskflow_api.py
[2024-04-16T13:10:38.165+0000] {logging_mixin.py:120} INFO - [2024-04-16T13:10:38.165+0000] {dag.py:2585} INFO - Sync 1 DAGs
[2024-04-16T13:10:38.242+0000] {logging_mixin.py:120} INFO - [2024-04-16T13:10:38.242+0000] {dag.py:3340} INFO - Setting next_dagrun for tutorial_taskflow_api to None, run_after=None
[2024-04-16T13:10:38.295+0000] {processor.py:176} INFO - Processing /home/airflow/.local/lib/python3.7/site-packages/airflow/example_dags/tutorial_taskflow_api.py took 0.278 seconds
[2024-04-16T13:11:09.011+0000] {processor.py:154} INFO - Started process (PID=1688) to work on /home/airflow/.local/lib/python3.7/site-packages/airflow/example_dags/tutorial_taskflow_api.py
[2024-04-16T13:11:09.014+0000] {processor.py:756} INFO - Processing file /home/airflow/.local/lib/python3.7/site-packages/airflow/example_dags/tutorial_taskflow_api.py for tasks to queue
[2024-04-16T13:11:09.017+0000] {logging_mixin.py:120} INFO - [2024-04-16T13:11:09.016+0000] {dagbag.py:537} INFO - Filling up the DagBag from /home/airflow/.local/lib/python3.7/site-packages/airflow/example_dags/tutorial_taskflow_api.py
[2024-04-16T13:11:09.053+0000] {processor.py:766} INFO - DAG(s) dict_keys(['tutorial_taskflow_api']) retrieved from /home/airflow/.local/lib/python3.7/site-packages/airflow/example_dags/tutorial_taskflow_api.py
[2024-04-16T13:11:09.136+0000] {logging_mixin.py:120} INFO - [2024-04-16T13:11:09.135+0000] {dag.py:2585} INFO - Sync 1 DAGs
[2024-04-16T13:11:09.182+0000] {logging_mixin.py:120} INFO - [2024-04-16T13:11:09.181+0000] {dag.py:3340} INFO - Setting next_dagrun for tutorial_taskflow_api to None, run_after=None
[2024-04-16T13:11:09.215+0000] {processor.py:176} INFO - Processing /home/airflow/.local/lib/python3.7/site-packages/airflow/example_dags/tutorial_taskflow_api.py took 0.211 seconds
[2024-04-16T13:11:39.883+0000] {processor.py:154} INFO - Started process (PID=1758) to work on /home/airflow/.local/lib/python3.7/site-packages/airflow/example_dags/tutorial_taskflow_api.py
[2024-04-16T13:11:39.885+0000] {processor.py:756} INFO - Processing file /home/airflow/.local/lib/python3.7/site-packages/airflow/example_dags/tutorial_taskflow_api.py for tasks to queue
[2024-04-16T13:11:39.887+0000] {logging_mixin.py:120} INFO - [2024-04-16T13:11:39.886+0000] {dagbag.py:537} INFO - Filling up the DagBag from /home/airflow/.local/lib/python3.7/site-packages/airflow/example_dags/tutorial_taskflow_api.py
[2024-04-16T13:11:39.921+0000] {processor.py:766} INFO - DAG(s) dict_keys(['tutorial_taskflow_api']) retrieved from /home/airflow/.local/lib/python3.7/site-packages/airflow/example_dags/tutorial_taskflow_api.py
[2024-04-16T13:11:39.997+0000] {logging_mixin.py:120} INFO - [2024-04-16T13:11:39.997+0000] {dag.py:2585} INFO - Sync 1 DAGs
[2024-04-16T13:11:40.045+0000] {logging_mixin.py:120} INFO - [2024-04-16T13:11:40.045+0000] {dag.py:3340} INFO - Setting next_dagrun for tutorial_taskflow_api to None, run_after=None
[2024-04-16T13:11:40.078+0000] {processor.py:176} INFO - Processing /home/airflow/.local/lib/python3.7/site-packages/airflow/example_dags/tutorial_taskflow_api.py took 0.201 seconds
[2024-04-16T13:12:10.166+0000] {processor.py:154} INFO - Started process (PID=1836) to work on /home/airflow/.local/lib/python3.7/site-packages/airflow/example_dags/tutorial_taskflow_api.py
[2024-04-16T13:12:10.179+0000] {processor.py:756} INFO - Processing file /home/airflow/.local/lib/python3.7/site-packages/airflow/example_dags/tutorial_taskflow_api.py for tasks to queue
[2024-04-16T13:12:10.181+0000] {logging_mixin.py:120} INFO - [2024-04-16T13:12:10.181+0000] {dagbag.py:537} INFO - Filling up the DagBag from /home/airflow/.local/lib/python3.7/site-packages/airflow/example_dags/tutorial_taskflow_api.py
[2024-04-16T13:12:10.235+0000] {processor.py:766} INFO - DAG(s) dict_keys(['tutorial_taskflow_api']) retrieved from /home/airflow/.local/lib/python3.7/site-packages/airflow/example_dags/tutorial_taskflow_api.py
[2024-04-16T13:12:10.329+0000] {logging_mixin.py:120} INFO - [2024-04-16T13:12:10.329+0000] {dag.py:2585} INFO - Sync 1 DAGs
[2024-04-16T13:12:10.404+0000] {logging_mixin.py:120} INFO - [2024-04-16T13:12:10.403+0000] {dag.py:3340} INFO - Setting next_dagrun for tutorial_taskflow_api to None, run_after=None
[2024-04-16T13:12:10.442+0000] {processor.py:176} INFO - Processing /home/airflow/.local/lib/python3.7/site-packages/airflow/example_dags/tutorial_taskflow_api.py took 0.290 seconds
[2024-04-16T13:12:40.965+0000] {processor.py:154} INFO - Started process (PID=1905) to work on /home/airflow/.local/lib/python3.7/site-packages/airflow/example_dags/tutorial_taskflow_api.py
[2024-04-16T13:12:40.967+0000] {processor.py:756} INFO - Processing file /home/airflow/.local/lib/python3.7/site-packages/airflow/example_dags/tutorial_taskflow_api.py for tasks to queue
[2024-04-16T13:12:40.969+0000] {logging_mixin.py:120} INFO - [2024-04-16T13:12:40.968+0000] {dagbag.py:537} INFO - Filling up the DagBag from /home/airflow/.local/lib/python3.7/site-packages/airflow/example_dags/tutorial_taskflow_api.py
[2024-04-16T13:12:41.006+0000] {processor.py:766} INFO - DAG(s) dict_keys(['tutorial_taskflow_api']) retrieved from /home/airflow/.local/lib/python3.7/site-packages/airflow/example_dags/tutorial_taskflow_api.py
[2024-04-16T13:12:41.101+0000] {logging_mixin.py:120} INFO - [2024-04-16T13:12:41.101+0000] {dag.py:2585} INFO - Sync 1 DAGs
[2024-04-16T13:12:41.152+0000] {logging_mixin.py:120} INFO - [2024-04-16T13:12:41.152+0000] {dag.py:3340} INFO - Setting next_dagrun for tutorial_taskflow_api to None, run_after=None
[2024-04-16T13:12:41.208+0000] {processor.py:176} INFO - Processing /home/airflow/.local/lib/python3.7/site-packages/airflow/example_dags/tutorial_taskflow_api.py took 0.251 seconds
[2024-04-16T13:13:11.839+0000] {processor.py:154} INFO - Started process (PID=1984) to work on /home/airflow/.local/lib/python3.7/site-packages/airflow/example_dags/tutorial_taskflow_api.py
[2024-04-16T13:13:11.841+0000] {processor.py:756} INFO - Processing file /home/airflow/.local/lib/python3.7/site-packages/airflow/example_dags/tutorial_taskflow_api.py for tasks to queue
[2024-04-16T13:13:11.846+0000] {logging_mixin.py:120} INFO - [2024-04-16T13:13:11.846+0000] {dagbag.py:537} INFO - Filling up the DagBag from /home/airflow/.local/lib/python3.7/site-packages/airflow/example_dags/tutorial_taskflow_api.py
[2024-04-16T13:13:11.964+0000] {processor.py:766} INFO - DAG(s) dict_keys(['tutorial_taskflow_api']) retrieved from /home/airflow/.local/lib/python3.7/site-packages/airflow/example_dags/tutorial_taskflow_api.py
[2024-04-16T13:13:12.184+0000] {logging_mixin.py:120} INFO - [2024-04-16T13:13:12.184+0000] {dag.py:2585} INFO - Sync 1 DAGs
[2024-04-16T13:13:12.280+0000] {logging_mixin.py:120} INFO - [2024-04-16T13:13:12.279+0000] {dag.py:3340} INFO - Setting next_dagrun for tutorial_taskflow_api to None, run_after=None
[2024-04-16T13:13:12.343+0000] {processor.py:176} INFO - Processing /home/airflow/.local/lib/python3.7/site-packages/airflow/example_dags/tutorial_taskflow_api.py took 0.515 seconds
[2024-04-16T13:13:43.108+0000] {processor.py:154} INFO - Started process (PID=2054) to work on /home/airflow/.local/lib/python3.7/site-packages/airflow/example_dags/tutorial_taskflow_api.py
[2024-04-16T13:13:43.110+0000] {processor.py:756} INFO - Processing file /home/airflow/.local/lib/python3.7/site-packages/airflow/example_dags/tutorial_taskflow_api.py for tasks to queue
[2024-04-16T13:13:43.112+0000] {logging_mixin.py:120} INFO - [2024-04-16T13:13:43.112+0000] {dagbag.py:537} INFO - Filling up the DagBag from /home/airflow/.local/lib/python3.7/site-packages/airflow/example_dags/tutorial_taskflow_api.py
[2024-04-16T13:13:43.146+0000] {processor.py:766} INFO - DAG(s) dict_keys(['tutorial_taskflow_api']) retrieved from /home/airflow/.local/lib/python3.7/site-packages/airflow/example_dags/tutorial_taskflow_api.py
[2024-04-16T13:13:43.210+0000] {logging_mixin.py:120} INFO - [2024-04-16T13:13:43.210+0000] {dag.py:2585} INFO - Sync 1 DAGs
[2024-04-16T13:13:43.251+0000] {logging_mixin.py:120} INFO - [2024-04-16T13:13:43.251+0000] {dag.py:3340} INFO - Setting next_dagrun for tutorial_taskflow_api to None, run_after=None
[2024-04-16T13:13:43.283+0000] {processor.py:176} INFO - Processing /home/airflow/.local/lib/python3.7/site-packages/airflow/example_dags/tutorial_taskflow_api.py took 0.182 seconds
[2024-04-16T13:14:13.753+0000] {processor.py:154} INFO - Started process (PID=2133) to work on /home/airflow/.local/lib/python3.7/site-packages/airflow/example_dags/tutorial_taskflow_api.py
[2024-04-16T13:14:13.755+0000] {processor.py:756} INFO - Processing file /home/airflow/.local/lib/python3.7/site-packages/airflow/example_dags/tutorial_taskflow_api.py for tasks to queue
[2024-04-16T13:14:13.756+0000] {logging_mixin.py:120} INFO - [2024-04-16T13:14:13.756+0000] {dagbag.py:537} INFO - Filling up the DagBag from /home/airflow/.local/lib/python3.7/site-packages/airflow/example_dags/tutorial_taskflow_api.py
[2024-04-16T13:14:13.793+0000] {processor.py:766} INFO - DAG(s) dict_keys(['tutorial_taskflow_api']) retrieved from /home/airflow/.local/lib/python3.7/site-packages/airflow/example_dags/tutorial_taskflow_api.py
[2024-04-16T13:14:13.866+0000] {logging_mixin.py:120} INFO - [2024-04-16T13:14:13.866+0000] {dag.py:2585} INFO - Sync 1 DAGs
[2024-04-16T13:14:13.907+0000] {logging_mixin.py:120} INFO - [2024-04-16T13:14:13.907+0000] {dag.py:3340} INFO - Setting next_dagrun for tutorial_taskflow_api to None, run_after=None
[2024-04-16T13:14:13.943+0000] {processor.py:176} INFO - Processing /home/airflow/.local/lib/python3.7/site-packages/airflow/example_dags/tutorial_taskflow_api.py took 0.203 seconds
[2024-04-16T13:14:44.236+0000] {processor.py:154} INFO - Started process (PID=2200) to work on /home/airflow/.local/lib/python3.7/site-packages/airflow/example_dags/tutorial_taskflow_api.py
[2024-04-16T13:14:44.238+0000] {processor.py:756} INFO - Processing file /home/airflow/.local/lib/python3.7/site-packages/airflow/example_dags/tutorial_taskflow_api.py for tasks to queue
[2024-04-16T13:14:44.241+0000] {logging_mixin.py:120} INFO - [2024-04-16T13:14:44.241+0000] {dagbag.py:537} INFO - Filling up the DagBag from /home/airflow/.local/lib/python3.7/site-packages/airflow/example_dags/tutorial_taskflow_api.py
[2024-04-16T13:14:44.276+0000] {processor.py:766} INFO - DAG(s) dict_keys(['tutorial_taskflow_api']) retrieved from /home/airflow/.local/lib/python3.7/site-packages/airflow/example_dags/tutorial_taskflow_api.py
[2024-04-16T13:14:44.342+0000] {logging_mixin.py:120} INFO - [2024-04-16T13:14:44.342+0000] {dag.py:2585} INFO - Sync 1 DAGs
[2024-04-16T13:14:44.384+0000] {logging_mixin.py:120} INFO - [2024-04-16T13:14:44.384+0000] {dag.py:3340} INFO - Setting next_dagrun for tutorial_taskflow_api to None, run_after=None
[2024-04-16T13:14:44.414+0000] {processor.py:176} INFO - Processing /home/airflow/.local/lib/python3.7/site-packages/airflow/example_dags/tutorial_taskflow_api.py took 0.188 seconds
[2024-04-16T13:15:14.865+0000] {processor.py:154} INFO - Started process (PID=2279) to work on /home/airflow/.local/lib/python3.7/site-packages/airflow/example_dags/tutorial_taskflow_api.py
[2024-04-16T13:15:14.867+0000] {processor.py:756} INFO - Processing file /home/airflow/.local/lib/python3.7/site-packages/airflow/example_dags/tutorial_taskflow_api.py for tasks to queue
[2024-04-16T13:15:14.869+0000] {logging_mixin.py:120} INFO - [2024-04-16T13:15:14.869+0000] {dagbag.py:537} INFO - Filling up the DagBag from /home/airflow/.local/lib/python3.7/site-packages/airflow/example_dags/tutorial_taskflow_api.py
[2024-04-16T13:15:14.901+0000] {processor.py:766} INFO - DAG(s) dict_keys(['tutorial_taskflow_api']) retrieved from /home/airflow/.local/lib/python3.7/site-packages/airflow/example_dags/tutorial_taskflow_api.py
[2024-04-16T13:15:14.965+0000] {logging_mixin.py:120} INFO - [2024-04-16T13:15:14.965+0000] {dag.py:2585} INFO - Sync 1 DAGs
[2024-04-16T13:15:15.004+0000] {logging_mixin.py:120} INFO - [2024-04-16T13:15:15.004+0000] {dag.py:3340} INFO - Setting next_dagrun for tutorial_taskflow_api to None, run_after=None
[2024-04-16T13:15:15.034+0000] {processor.py:176} INFO - Processing /home/airflow/.local/lib/python3.7/site-packages/airflow/example_dags/tutorial_taskflow_api.py took 0.174 seconds
[2024-04-16T13:15:45.759+0000] {processor.py:154} INFO - Started process (PID=2347) to work on /home/airflow/.local/lib/python3.7/site-packages/airflow/example_dags/tutorial_taskflow_api.py
[2024-04-16T13:15:45.762+0000] {processor.py:756} INFO - Processing file /home/airflow/.local/lib/python3.7/site-packages/airflow/example_dags/tutorial_taskflow_api.py for tasks to queue
[2024-04-16T13:15:45.765+0000] {logging_mixin.py:120} INFO - [2024-04-16T13:15:45.764+0000] {dagbag.py:537} INFO - Filling up the DagBag from /home/airflow/.local/lib/python3.7/site-packages/airflow/example_dags/tutorial_taskflow_api.py
[2024-04-16T13:15:45.822+0000] {processor.py:766} INFO - DAG(s) dict_keys(['tutorial_taskflow_api']) retrieved from /home/airflow/.local/lib/python3.7/site-packages/airflow/example_dags/tutorial_taskflow_api.py
[2024-04-16T13:15:45.895+0000] {logging_mixin.py:120} INFO - [2024-04-16T13:15:45.894+0000] {dag.py:2585} INFO - Sync 1 DAGs
[2024-04-16T13:15:45.937+0000] {logging_mixin.py:120} INFO - [2024-04-16T13:15:45.936+0000] {dag.py:3340} INFO - Setting next_dagrun for tutorial_taskflow_api to None, run_after=None
[2024-04-16T13:15:45.980+0000] {processor.py:176} INFO - Processing /home/airflow/.local/lib/python3.7/site-packages/airflow/example_dags/tutorial_taskflow_api.py took 0.233 seconds
[2024-04-16T13:16:16.752+0000] {processor.py:154} INFO - Started process (PID=2425) to work on /home/airflow/.local/lib/python3.7/site-packages/airflow/example_dags/tutorial_taskflow_api.py
[2024-04-16T13:16:16.756+0000] {processor.py:756} INFO - Processing file /home/airflow/.local/lib/python3.7/site-packages/airflow/example_dags/tutorial_taskflow_api.py for tasks to queue
[2024-04-16T13:16:16.758+0000] {logging_mixin.py:120} INFO - [2024-04-16T13:16:16.758+0000] {dagbag.py:537} INFO - Filling up the DagBag from /home/airflow/.local/lib/python3.7/site-packages/airflow/example_dags/tutorial_taskflow_api.py
[2024-04-16T13:16:16.791+0000] {processor.py:766} INFO - DAG(s) dict_keys(['tutorial_taskflow_api']) retrieved from /home/airflow/.local/lib/python3.7/site-packages/airflow/example_dags/tutorial_taskflow_api.py
[2024-04-16T13:16:16.871+0000] {logging_mixin.py:120} INFO - [2024-04-16T13:16:16.871+0000] {dag.py:2585} INFO - Sync 1 DAGs
[2024-04-16T13:16:16.910+0000] {logging_mixin.py:120} INFO - [2024-04-16T13:16:16.910+0000] {dag.py:3340} INFO - Setting next_dagrun for tutorial_taskflow_api to None, run_after=None
[2024-04-16T13:16:16.938+0000] {processor.py:176} INFO - Processing /home/airflow/.local/lib/python3.7/site-packages/airflow/example_dags/tutorial_taskflow_api.py took 0.197 seconds
[2024-04-16T13:16:47.088+0000] {processor.py:154} INFO - Started process (PID=2494) to work on /home/airflow/.local/lib/python3.7/site-packages/airflow/example_dags/tutorial_taskflow_api.py
[2024-04-16T13:16:47.091+0000] {processor.py:756} INFO - Processing file /home/airflow/.local/lib/python3.7/site-packages/airflow/example_dags/tutorial_taskflow_api.py for tasks to queue
[2024-04-16T13:16:47.093+0000] {logging_mixin.py:120} INFO - [2024-04-16T13:16:47.093+0000] {dagbag.py:537} INFO - Filling up the DagBag from /home/airflow/.local/lib/python3.7/site-packages/airflow/example_dags/tutorial_taskflow_api.py
[2024-04-16T13:16:47.124+0000] {processor.py:766} INFO - DAG(s) dict_keys(['tutorial_taskflow_api']) retrieved from /home/airflow/.local/lib/python3.7/site-packages/airflow/example_dags/tutorial_taskflow_api.py
[2024-04-16T13:16:47.187+0000] {logging_mixin.py:120} INFO - [2024-04-16T13:16:47.187+0000] {dag.py:2585} INFO - Sync 1 DAGs
[2024-04-16T13:16:47.223+0000] {logging_mixin.py:120} INFO - [2024-04-16T13:16:47.223+0000] {dag.py:3340} INFO - Setting next_dagrun for tutorial_taskflow_api to None, run_after=None
[2024-04-16T13:16:47.253+0000] {processor.py:176} INFO - Processing /home/airflow/.local/lib/python3.7/site-packages/airflow/example_dags/tutorial_taskflow_api.py took 0.170 seconds
[2024-04-16T13:17:17.545+0000] {processor.py:154} INFO - Started process (PID=2572) to work on /home/airflow/.local/lib/python3.7/site-packages/airflow/example_dags/tutorial_taskflow_api.py
[2024-04-16T13:17:17.548+0000] {processor.py:756} INFO - Processing file /home/airflow/.local/lib/python3.7/site-packages/airflow/example_dags/tutorial_taskflow_api.py for tasks to queue
[2024-04-16T13:17:17.552+0000] {logging_mixin.py:120} INFO - [2024-04-16T13:17:17.551+0000] {dagbag.py:537} INFO - Filling up the DagBag from /home/airflow/.local/lib/python3.7/site-packages/airflow/example_dags/tutorial_taskflow_api.py
[2024-04-16T13:17:17.597+0000] {processor.py:766} INFO - DAG(s) dict_keys(['tutorial_taskflow_api']) retrieved from /home/airflow/.local/lib/python3.7/site-packages/airflow/example_dags/tutorial_taskflow_api.py
[2024-04-16T13:17:17.677+0000] {logging_mixin.py:120} INFO - [2024-04-16T13:17:17.677+0000] {dag.py:2585} INFO - Sync 1 DAGs
[2024-04-16T13:17:17.719+0000] {logging_mixin.py:120} INFO - [2024-04-16T13:17:17.719+0000] {dag.py:3340} INFO - Setting next_dagrun for tutorial_taskflow_api to None, run_after=None
[2024-04-16T13:17:17.750+0000] {processor.py:176} INFO - Processing /home/airflow/.local/lib/python3.7/site-packages/airflow/example_dags/tutorial_taskflow_api.py took 0.212 seconds
[2024-04-16T13:17:48.292+0000] {processor.py:154} INFO - Started process (PID=2650) to work on /home/airflow/.local/lib/python3.7/site-packages/airflow/example_dags/tutorial_taskflow_api.py
[2024-04-16T13:17:48.295+0000] {processor.py:756} INFO - Processing file /home/airflow/.local/lib/python3.7/site-packages/airflow/example_dags/tutorial_taskflow_api.py for tasks to queue
[2024-04-16T13:17:48.296+0000] {logging_mixin.py:120} INFO - [2024-04-16T13:17:48.296+0000] {dagbag.py:537} INFO - Filling up the DagBag from /home/airflow/.local/lib/python3.7/site-packages/airflow/example_dags/tutorial_taskflow_api.py
[2024-04-16T13:17:48.335+0000] {processor.py:766} INFO - DAG(s) dict_keys(['tutorial_taskflow_api']) retrieved from /home/airflow/.local/lib/python3.7/site-packages/airflow/example_dags/tutorial_taskflow_api.py
[2024-04-16T13:17:48.413+0000] {logging_mixin.py:120} INFO - [2024-04-16T13:17:48.413+0000] {dag.py:2585} INFO - Sync 1 DAGs
[2024-04-16T13:17:48.464+0000] {logging_mixin.py:120} INFO - [2024-04-16T13:17:48.464+0000] {dag.py:3340} INFO - Setting next_dagrun for tutorial_taskflow_api to None, run_after=None
[2024-04-16T13:17:48.500+0000] {processor.py:176} INFO - Processing /home/airflow/.local/lib/python3.7/site-packages/airflow/example_dags/tutorial_taskflow_api.py took 0.218 seconds
[2024-04-16T13:18:18.638+0000] {processor.py:154} INFO - Started process (PID=2719) to work on /home/airflow/.local/lib/python3.7/site-packages/airflow/example_dags/tutorial_taskflow_api.py
[2024-04-16T13:18:18.642+0000] {processor.py:756} INFO - Processing file /home/airflow/.local/lib/python3.7/site-packages/airflow/example_dags/tutorial_taskflow_api.py for tasks to queue
[2024-04-16T13:18:18.645+0000] {logging_mixin.py:120} INFO - [2024-04-16T13:18:18.644+0000] {dagbag.py:537} INFO - Filling up the DagBag from /home/airflow/.local/lib/python3.7/site-packages/airflow/example_dags/tutorial_taskflow_api.py
[2024-04-16T13:18:18.710+0000] {processor.py:766} INFO - DAG(s) dict_keys(['tutorial_taskflow_api']) retrieved from /home/airflow/.local/lib/python3.7/site-packages/airflow/example_dags/tutorial_taskflow_api.py
[2024-04-16T13:18:18.783+0000] {logging_mixin.py:120} INFO - [2024-04-16T13:18:18.783+0000] {dag.py:2585} INFO - Sync 1 DAGs
[2024-04-16T13:18:18.821+0000] {logging_mixin.py:120} INFO - [2024-04-16T13:18:18.820+0000] {dag.py:3340} INFO - Setting next_dagrun for tutorial_taskflow_api to None, run_after=None
[2024-04-16T13:18:18.854+0000] {processor.py:176} INFO - Processing /home/airflow/.local/lib/python3.7/site-packages/airflow/example_dags/tutorial_taskflow_api.py took 0.224 seconds
[2024-04-16T13:18:49.436+0000] {processor.py:154} INFO - Started process (PID=2798) to work on /home/airflow/.local/lib/python3.7/site-packages/airflow/example_dags/tutorial_taskflow_api.py
[2024-04-16T13:18:49.438+0000] {processor.py:756} INFO - Processing file /home/airflow/.local/lib/python3.7/site-packages/airflow/example_dags/tutorial_taskflow_api.py for tasks to queue
[2024-04-16T13:18:49.440+0000] {logging_mixin.py:120} INFO - [2024-04-16T13:18:49.440+0000] {dagbag.py:537} INFO - Filling up the DagBag from /home/airflow/.local/lib/python3.7/site-packages/airflow/example_dags/tutorial_taskflow_api.py
[2024-04-16T13:18:49.478+0000] {processor.py:766} INFO - DAG(s) dict_keys(['tutorial_taskflow_api']) retrieved from /home/airflow/.local/lib/python3.7/site-packages/airflow/example_dags/tutorial_taskflow_api.py
[2024-04-16T13:18:49.563+0000] {logging_mixin.py:120} INFO - [2024-04-16T13:18:49.563+0000] {dag.py:2585} INFO - Sync 1 DAGs
[2024-04-16T13:18:49.605+0000] {logging_mixin.py:120} INFO - [2024-04-16T13:18:49.605+0000] {dag.py:3340} INFO - Setting next_dagrun for tutorial_taskflow_api to None, run_after=None
[2024-04-16T13:18:49.636+0000] {processor.py:176} INFO - Processing /home/airflow/.local/lib/python3.7/site-packages/airflow/example_dags/tutorial_taskflow_api.py took 0.214 seconds
[2024-04-16T13:19:19.988+0000] {processor.py:154} INFO - Started process (PID=2867) to work on /home/airflow/.local/lib/python3.7/site-packages/airflow/example_dags/tutorial_taskflow_api.py
[2024-04-16T13:19:19.991+0000] {processor.py:756} INFO - Processing file /home/airflow/.local/lib/python3.7/site-packages/airflow/example_dags/tutorial_taskflow_api.py for tasks to queue
[2024-04-16T13:19:19.993+0000] {logging_mixin.py:120} INFO - [2024-04-16T13:19:19.993+0000] {dagbag.py:537} INFO - Filling up the DagBag from /home/airflow/.local/lib/python3.7/site-packages/airflow/example_dags/tutorial_taskflow_api.py
[2024-04-16T13:19:20.029+0000] {processor.py:766} INFO - DAG(s) dict_keys(['tutorial_taskflow_api']) retrieved from /home/airflow/.local/lib/python3.7/site-packages/airflow/example_dags/tutorial_taskflow_api.py
[2024-04-16T13:19:20.096+0000] {logging_mixin.py:120} INFO - [2024-04-16T13:19:20.096+0000] {dag.py:2585} INFO - Sync 1 DAGs
[2024-04-16T13:19:20.140+0000] {logging_mixin.py:120} INFO - [2024-04-16T13:19:20.140+0000] {dag.py:3340} INFO - Setting next_dagrun for tutorial_taskflow_api to None, run_after=None
[2024-04-16T13:19:20.173+0000] {processor.py:176} INFO - Processing /home/airflow/.local/lib/python3.7/site-packages/airflow/example_dags/tutorial_taskflow_api.py took 0.191 seconds
[2024-04-16T13:19:50.704+0000] {processor.py:154} INFO - Started process (PID=2944) to work on /home/airflow/.local/lib/python3.7/site-packages/airflow/example_dags/tutorial_taskflow_api.py
[2024-04-16T13:19:50.706+0000] {processor.py:756} INFO - Processing file /home/airflow/.local/lib/python3.7/site-packages/airflow/example_dags/tutorial_taskflow_api.py for tasks to queue
[2024-04-16T13:19:50.708+0000] {logging_mixin.py:120} INFO - [2024-04-16T13:19:50.708+0000] {dagbag.py:537} INFO - Filling up the DagBag from /home/airflow/.local/lib/python3.7/site-packages/airflow/example_dags/tutorial_taskflow_api.py
[2024-04-16T13:19:50.787+0000] {processor.py:766} INFO - DAG(s) dict_keys(['tutorial_taskflow_api']) retrieved from /home/airflow/.local/lib/python3.7/site-packages/airflow/example_dags/tutorial_taskflow_api.py
[2024-04-16T13:19:51.054+0000] {logging_mixin.py:120} INFO - [2024-04-16T13:19:51.053+0000] {dag.py:2585} INFO - Sync 1 DAGs
[2024-04-16T13:19:51.100+0000] {logging_mixin.py:120} INFO - [2024-04-16T13:19:51.100+0000] {dag.py:3340} INFO - Setting next_dagrun for tutorial_taskflow_api to None, run_after=None
[2024-04-16T13:19:51.145+0000] {processor.py:176} INFO - Processing /home/airflow/.local/lib/python3.7/site-packages/airflow/example_dags/tutorial_taskflow_api.py took 0.447 seconds
[2024-04-16T13:20:21.405+0000] {processor.py:154} INFO - Started process (PID=3012) to work on /home/airflow/.local/lib/python3.7/site-packages/airflow/example_dags/tutorial_taskflow_api.py
[2024-04-16T13:20:21.407+0000] {processor.py:756} INFO - Processing file /home/airflow/.local/lib/python3.7/site-packages/airflow/example_dags/tutorial_taskflow_api.py for tasks to queue
[2024-04-16T13:20:21.409+0000] {logging_mixin.py:120} INFO - [2024-04-16T13:20:21.409+0000] {dagbag.py:537} INFO - Filling up the DagBag from /home/airflow/.local/lib/python3.7/site-packages/airflow/example_dags/tutorial_taskflow_api.py
[2024-04-16T13:20:21.448+0000] {processor.py:766} INFO - DAG(s) dict_keys(['tutorial_taskflow_api']) retrieved from /home/airflow/.local/lib/python3.7/site-packages/airflow/example_dags/tutorial_taskflow_api.py
[2024-04-16T13:20:21.513+0000] {logging_mixin.py:120} INFO - [2024-04-16T13:20:21.512+0000] {dag.py:2585} INFO - Sync 1 DAGs
[2024-04-16T13:20:21.552+0000] {logging_mixin.py:120} INFO - [2024-04-16T13:20:21.552+0000] {dag.py:3340} INFO - Setting next_dagrun for tutorial_taskflow_api to None, run_after=None
[2024-04-16T13:20:21.587+0000] {processor.py:176} INFO - Processing /home/airflow/.local/lib/python3.7/site-packages/airflow/example_dags/tutorial_taskflow_api.py took 0.188 seconds
[2024-04-16T13:20:51.903+0000] {processor.py:154} INFO - Started process (PID=3091) to work on /home/airflow/.local/lib/python3.7/site-packages/airflow/example_dags/tutorial_taskflow_api.py
[2024-04-16T13:20:51.906+0000] {processor.py:756} INFO - Processing file /home/airflow/.local/lib/python3.7/site-packages/airflow/example_dags/tutorial_taskflow_api.py for tasks to queue
[2024-04-16T13:20:51.909+0000] {logging_mixin.py:120} INFO - [2024-04-16T13:20:51.908+0000] {dagbag.py:537} INFO - Filling up the DagBag from /home/airflow/.local/lib/python3.7/site-packages/airflow/example_dags/tutorial_taskflow_api.py
[2024-04-16T13:20:51.948+0000] {processor.py:766} INFO - DAG(s) dict_keys(['tutorial_taskflow_api']) retrieved from /home/airflow/.local/lib/python3.7/site-packages/airflow/example_dags/tutorial_taskflow_api.py
[2024-04-16T13:20:52.022+0000] {logging_mixin.py:120} INFO - [2024-04-16T13:20:52.021+0000] {dag.py:2585} INFO - Sync 1 DAGs
[2024-04-16T13:20:52.059+0000] {logging_mixin.py:120} INFO - [2024-04-16T13:20:52.059+0000] {dag.py:3340} INFO - Setting next_dagrun for tutorial_taskflow_api to None, run_after=None
[2024-04-16T13:20:52.096+0000] {processor.py:176} INFO - Processing /home/airflow/.local/lib/python3.7/site-packages/airflow/example_dags/tutorial_taskflow_api.py took 0.201 seconds
[2024-04-16T13:21:22.816+0000] {processor.py:154} INFO - Started process (PID=3160) to work on /home/airflow/.local/lib/python3.7/site-packages/airflow/example_dags/tutorial_taskflow_api.py
[2024-04-16T13:21:22.819+0000] {processor.py:756} INFO - Processing file /home/airflow/.local/lib/python3.7/site-packages/airflow/example_dags/tutorial_taskflow_api.py for tasks to queue
[2024-04-16T13:21:22.821+0000] {logging_mixin.py:120} INFO - [2024-04-16T13:21:22.820+0000] {dagbag.py:537} INFO - Filling up the DagBag from /home/airflow/.local/lib/python3.7/site-packages/airflow/example_dags/tutorial_taskflow_api.py
[2024-04-16T13:21:22.863+0000] {processor.py:766} INFO - DAG(s) dict_keys(['tutorial_taskflow_api']) retrieved from /home/airflow/.local/lib/python3.7/site-packages/airflow/example_dags/tutorial_taskflow_api.py
[2024-04-16T13:21:22.955+0000] {logging_mixin.py:120} INFO - [2024-04-16T13:21:22.955+0000] {dag.py:2585} INFO - Sync 1 DAGs
[2024-04-16T13:21:22.995+0000] {logging_mixin.py:120} INFO - [2024-04-16T13:21:22.994+0000] {dag.py:3340} INFO - Setting next_dagrun for tutorial_taskflow_api to None, run_after=None
[2024-04-16T13:21:23.037+0000] {processor.py:176} INFO - Processing /home/airflow/.local/lib/python3.7/site-packages/airflow/example_dags/tutorial_taskflow_api.py took 0.231 seconds
[2024-04-16T13:21:53.701+0000] {processor.py:154} INFO - Started process (PID=3238) to work on /home/airflow/.local/lib/python3.7/site-packages/airflow/example_dags/tutorial_taskflow_api.py
[2024-04-16T13:21:53.705+0000] {processor.py:756} INFO - Processing file /home/airflow/.local/lib/python3.7/site-packages/airflow/example_dags/tutorial_taskflow_api.py for tasks to queue
[2024-04-16T13:21:53.708+0000] {logging_mixin.py:120} INFO - [2024-04-16T13:21:53.707+0000] {dagbag.py:537} INFO - Filling up the DagBag from /home/airflow/.local/lib/python3.7/site-packages/airflow/example_dags/tutorial_taskflow_api.py
[2024-04-16T13:21:53.752+0000] {processor.py:766} INFO - DAG(s) dict_keys(['tutorial_taskflow_api']) retrieved from /home/airflow/.local/lib/python3.7/site-packages/airflow/example_dags/tutorial_taskflow_api.py
[2024-04-16T13:21:53.893+0000] {logging_mixin.py:120} INFO - [2024-04-16T13:21:53.892+0000] {dag.py:2585} INFO - Sync 1 DAGs
[2024-04-16T13:21:53.968+0000] {logging_mixin.py:120} INFO - [2024-04-16T13:21:53.967+0000] {dag.py:3340} INFO - Setting next_dagrun for tutorial_taskflow_api to None, run_after=None
[2024-04-16T13:21:54.020+0000] {processor.py:176} INFO - Processing /home/airflow/.local/lib/python3.7/site-packages/airflow/example_dags/tutorial_taskflow_api.py took 0.339 seconds
[2024-04-16T13:22:24.488+0000] {processor.py:154} INFO - Started process (PID=3308) to work on /home/airflow/.local/lib/python3.7/site-packages/airflow/example_dags/tutorial_taskflow_api.py
[2024-04-16T13:22:24.491+0000] {processor.py:756} INFO - Processing file /home/airflow/.local/lib/python3.7/site-packages/airflow/example_dags/tutorial_taskflow_api.py for tasks to queue
[2024-04-16T13:22:24.493+0000] {logging_mixin.py:120} INFO - [2024-04-16T13:22:24.493+0000] {dagbag.py:537} INFO - Filling up the DagBag from /home/airflow/.local/lib/python3.7/site-packages/airflow/example_dags/tutorial_taskflow_api.py
[2024-04-16T13:22:24.532+0000] {processor.py:766} INFO - DAG(s) dict_keys(['tutorial_taskflow_api']) retrieved from /home/airflow/.local/lib/python3.7/site-packages/airflow/example_dags/tutorial_taskflow_api.py
[2024-04-16T13:22:24.600+0000] {logging_mixin.py:120} INFO - [2024-04-16T13:22:24.600+0000] {dag.py:2585} INFO - Sync 1 DAGs
[2024-04-16T13:22:24.640+0000] {logging_mixin.py:120} INFO - [2024-04-16T13:22:24.640+0000] {dag.py:3340} INFO - Setting next_dagrun for tutorial_taskflow_api to None, run_after=None
[2024-04-16T13:22:24.671+0000] {processor.py:176} INFO - Processing /home/airflow/.local/lib/python3.7/site-packages/airflow/example_dags/tutorial_taskflow_api.py took 0.191 seconds
[2024-04-16T13:22:55.535+0000] {processor.py:154} INFO - Started process (PID=3377) to work on /home/airflow/.local/lib/python3.7/site-packages/airflow/example_dags/tutorial_taskflow_api.py
[2024-04-16T13:22:55.540+0000] {processor.py:756} INFO - Processing file /home/airflow/.local/lib/python3.7/site-packages/airflow/example_dags/tutorial_taskflow_api.py for tasks to queue
[2024-04-16T13:22:55.544+0000] {logging_mixin.py:120} INFO - [2024-04-16T13:22:55.543+0000] {dagbag.py:537} INFO - Filling up the DagBag from /home/airflow/.local/lib/python3.7/site-packages/airflow/example_dags/tutorial_taskflow_api.py
[2024-04-16T13:22:55.676+0000] {processor.py:766} INFO - DAG(s) dict_keys(['tutorial_taskflow_api']) retrieved from /home/airflow/.local/lib/python3.7/site-packages/airflow/example_dags/tutorial_taskflow_api.py
[2024-04-16T13:22:55.749+0000] {logging_mixin.py:120} INFO - [2024-04-16T13:22:55.749+0000] {dag.py:2585} INFO - Sync 1 DAGs
[2024-04-16T13:22:55.807+0000] {logging_mixin.py:120} INFO - [2024-04-16T13:22:55.806+0000] {dag.py:3340} INFO - Setting next_dagrun for tutorial_taskflow_api to None, run_after=None
[2024-04-16T13:22:55.854+0000] {processor.py:176} INFO - Processing /home/airflow/.local/lib/python3.7/site-packages/airflow/example_dags/tutorial_taskflow_api.py took 0.342 seconds
[2024-04-16T13:23:26.152+0000] {processor.py:154} INFO - Started process (PID=3455) to work on /home/airflow/.local/lib/python3.7/site-packages/airflow/example_dags/tutorial_taskflow_api.py
[2024-04-16T13:23:26.154+0000] {processor.py:756} INFO - Processing file /home/airflow/.local/lib/python3.7/site-packages/airflow/example_dags/tutorial_taskflow_api.py for tasks to queue
[2024-04-16T13:23:26.156+0000] {logging_mixin.py:120} INFO - [2024-04-16T13:23:26.156+0000] {dagbag.py:537} INFO - Filling up the DagBag from /home/airflow/.local/lib/python3.7/site-packages/airflow/example_dags/tutorial_taskflow_api.py
[2024-04-16T13:23:26.194+0000] {processor.py:766} INFO - DAG(s) dict_keys(['tutorial_taskflow_api']) retrieved from /home/airflow/.local/lib/python3.7/site-packages/airflow/example_dags/tutorial_taskflow_api.py
[2024-04-16T13:23:26.276+0000] {logging_mixin.py:120} INFO - [2024-04-16T13:23:26.276+0000] {dag.py:2585} INFO - Sync 1 DAGs
[2024-04-16T13:23:26.319+0000] {logging_mixin.py:120} INFO - [2024-04-16T13:23:26.319+0000] {dag.py:3340} INFO - Setting next_dagrun for tutorial_taskflow_api to None, run_after=None
[2024-04-16T13:23:26.353+0000] {processor.py:176} INFO - Processing /home/airflow/.local/lib/python3.7/site-packages/airflow/example_dags/tutorial_taskflow_api.py took 0.207 seconds
[2024-04-16T13:23:56.871+0000] {processor.py:154} INFO - Started process (PID=3524) to work on /home/airflow/.local/lib/python3.7/site-packages/airflow/example_dags/tutorial_taskflow_api.py
[2024-04-16T13:23:56.874+0000] {processor.py:756} INFO - Processing file /home/airflow/.local/lib/python3.7/site-packages/airflow/example_dags/tutorial_taskflow_api.py for tasks to queue
[2024-04-16T13:23:56.875+0000] {logging_mixin.py:120} INFO - [2024-04-16T13:23:56.875+0000] {dagbag.py:537} INFO - Filling up the DagBag from /home/airflow/.local/lib/python3.7/site-packages/airflow/example_dags/tutorial_taskflow_api.py
[2024-04-16T13:23:56.907+0000] {processor.py:766} INFO - DAG(s) dict_keys(['tutorial_taskflow_api']) retrieved from /home/airflow/.local/lib/python3.7/site-packages/airflow/example_dags/tutorial_taskflow_api.py
[2024-04-16T13:23:56.972+0000] {logging_mixin.py:120} INFO - [2024-04-16T13:23:56.972+0000] {dag.py:2585} INFO - Sync 1 DAGs
[2024-04-16T13:23:57.012+0000] {logging_mixin.py:120} INFO - [2024-04-16T13:23:57.012+0000] {dag.py:3340} INFO - Setting next_dagrun for tutorial_taskflow_api to None, run_after=None
[2024-04-16T13:23:57.046+0000] {processor.py:176} INFO - Processing /home/airflow/.local/lib/python3.7/site-packages/airflow/example_dags/tutorial_taskflow_api.py took 0.182 seconds
[2024-04-16T13:24:27.163+0000] {processor.py:154} INFO - Started process (PID=3603) to work on /home/airflow/.local/lib/python3.7/site-packages/airflow/example_dags/tutorial_taskflow_api.py
[2024-04-16T13:24:27.166+0000] {processor.py:756} INFO - Processing file /home/airflow/.local/lib/python3.7/site-packages/airflow/example_dags/tutorial_taskflow_api.py for tasks to queue
[2024-04-16T13:24:27.169+0000] {logging_mixin.py:120} INFO - [2024-04-16T13:24:27.168+0000] {dagbag.py:537} INFO - Filling up the DagBag from /home/airflow/.local/lib/python3.7/site-packages/airflow/example_dags/tutorial_taskflow_api.py
[2024-04-16T13:24:27.207+0000] {processor.py:766} INFO - DAG(s) dict_keys(['tutorial_taskflow_api']) retrieved from /home/airflow/.local/lib/python3.7/site-packages/airflow/example_dags/tutorial_taskflow_api.py
[2024-04-16T13:24:27.275+0000] {logging_mixin.py:120} INFO - [2024-04-16T13:24:27.274+0000] {dag.py:2585} INFO - Sync 1 DAGs
[2024-04-16T13:24:27.314+0000] {logging_mixin.py:120} INFO - [2024-04-16T13:24:27.314+0000] {dag.py:3340} INFO - Setting next_dagrun for tutorial_taskflow_api to None, run_after=None
[2024-04-16T13:24:27.342+0000] {processor.py:176} INFO - Processing /home/airflow/.local/lib/python3.7/site-packages/airflow/example_dags/tutorial_taskflow_api.py took 0.188 seconds
[2024-04-16T13:24:57.608+0000] {processor.py:154} INFO - Started process (PID=3669) to work on /home/airflow/.local/lib/python3.7/site-packages/airflow/example_dags/tutorial_taskflow_api.py
[2024-04-16T13:24:57.612+0000] {processor.py:756} INFO - Processing file /home/airflow/.local/lib/python3.7/site-packages/airflow/example_dags/tutorial_taskflow_api.py for tasks to queue
[2024-04-16T13:24:57.617+0000] {logging_mixin.py:120} INFO - [2024-04-16T13:24:57.616+0000] {dagbag.py:537} INFO - Filling up the DagBag from /home/airflow/.local/lib/python3.7/site-packages/airflow/example_dags/tutorial_taskflow_api.py
[2024-04-16T13:24:57.672+0000] {processor.py:766} INFO - DAG(s) dict_keys(['tutorial_taskflow_api']) retrieved from /home/airflow/.local/lib/python3.7/site-packages/airflow/example_dags/tutorial_taskflow_api.py
[2024-04-16T13:24:57.744+0000] {logging_mixin.py:120} INFO - [2024-04-16T13:24:57.744+0000] {dag.py:2585} INFO - Sync 1 DAGs
[2024-04-16T13:24:57.793+0000] {logging_mixin.py:120} INFO - [2024-04-16T13:24:57.793+0000] {dag.py:3340} INFO - Setting next_dagrun for tutorial_taskflow_api to None, run_after=None
[2024-04-16T13:24:57.835+0000] {processor.py:176} INFO - Processing /home/airflow/.local/lib/python3.7/site-packages/airflow/example_dags/tutorial_taskflow_api.py took 0.244 seconds
[2024-04-16T13:25:28.113+0000] {processor.py:154} INFO - Started process (PID=3749) to work on /home/airflow/.local/lib/python3.7/site-packages/airflow/example_dags/tutorial_taskflow_api.py
[2024-04-16T13:25:28.115+0000] {processor.py:756} INFO - Processing file /home/airflow/.local/lib/python3.7/site-packages/airflow/example_dags/tutorial_taskflow_api.py for tasks to queue
[2024-04-16T13:25:28.117+0000] {logging_mixin.py:120} INFO - [2024-04-16T13:25:28.117+0000] {dagbag.py:537} INFO - Filling up the DagBag from /home/airflow/.local/lib/python3.7/site-packages/airflow/example_dags/tutorial_taskflow_api.py
[2024-04-16T13:25:28.152+0000] {processor.py:766} INFO - DAG(s) dict_keys(['tutorial_taskflow_api']) retrieved from /home/airflow/.local/lib/python3.7/site-packages/airflow/example_dags/tutorial_taskflow_api.py
[2024-04-16T13:25:28.224+0000] {logging_mixin.py:120} INFO - [2024-04-16T13:25:28.224+0000] {dag.py:2585} INFO - Sync 1 DAGs
[2024-04-16T13:25:28.262+0000] {logging_mixin.py:120} INFO - [2024-04-16T13:25:28.262+0000] {dag.py:3340} INFO - Setting next_dagrun for tutorial_taskflow_api to None, run_after=None
[2024-04-16T13:25:28.290+0000] {processor.py:176} INFO - Processing /home/airflow/.local/lib/python3.7/site-packages/airflow/example_dags/tutorial_taskflow_api.py took 0.183 seconds
[2024-04-16T13:25:58.940+0000] {processor.py:154} INFO - Started process (PID=3817) to work on /home/airflow/.local/lib/python3.7/site-packages/airflow/example_dags/tutorial_taskflow_api.py
[2024-04-16T13:25:58.943+0000] {processor.py:756} INFO - Processing file /home/airflow/.local/lib/python3.7/site-packages/airflow/example_dags/tutorial_taskflow_api.py for tasks to queue
[2024-04-16T13:25:58.945+0000] {logging_mixin.py:120} INFO - [2024-04-16T13:25:58.945+0000] {dagbag.py:537} INFO - Filling up the DagBag from /home/airflow/.local/lib/python3.7/site-packages/airflow/example_dags/tutorial_taskflow_api.py
[2024-04-16T13:25:58.980+0000] {processor.py:766} INFO - DAG(s) dict_keys(['tutorial_taskflow_api']) retrieved from /home/airflow/.local/lib/python3.7/site-packages/airflow/example_dags/tutorial_taskflow_api.py
[2024-04-16T13:25:59.062+0000] {logging_mixin.py:120} INFO - [2024-04-16T13:25:59.062+0000] {dag.py:2585} INFO - Sync 1 DAGs
[2024-04-16T13:25:59.118+0000] {logging_mixin.py:120} INFO - [2024-04-16T13:25:59.117+0000] {dag.py:3340} INFO - Setting next_dagrun for tutorial_taskflow_api to None, run_after=None
[2024-04-16T13:25:59.157+0000] {processor.py:176} INFO - Processing /home/airflow/.local/lib/python3.7/site-packages/airflow/example_dags/tutorial_taskflow_api.py took 0.224 seconds
[2024-04-16T13:26:30.153+0000] {processor.py:154} INFO - Started process (PID=3897) to work on /home/airflow/.local/lib/python3.7/site-packages/airflow/example_dags/tutorial_taskflow_api.py
[2024-04-16T13:26:30.159+0000] {processor.py:756} INFO - Processing file /home/airflow/.local/lib/python3.7/site-packages/airflow/example_dags/tutorial_taskflow_api.py for tasks to queue
[2024-04-16T13:26:30.163+0000] {logging_mixin.py:120} INFO - [2024-04-16T13:26:30.162+0000] {dagbag.py:537} INFO - Filling up the DagBag from /home/airflow/.local/lib/python3.7/site-packages/airflow/example_dags/tutorial_taskflow_api.py
[2024-04-16T13:26:30.218+0000] {processor.py:766} INFO - DAG(s) dict_keys(['tutorial_taskflow_api']) retrieved from /home/airflow/.local/lib/python3.7/site-packages/airflow/example_dags/tutorial_taskflow_api.py
[2024-04-16T13:26:30.301+0000] {logging_mixin.py:120} INFO - [2024-04-16T13:26:30.300+0000] {dag.py:2585} INFO - Sync 1 DAGs
[2024-04-16T13:26:30.348+0000] {logging_mixin.py:120} INFO - [2024-04-16T13:26:30.348+0000] {dag.py:3340} INFO - Setting next_dagrun for tutorial_taskflow_api to None, run_after=None
[2024-04-16T13:26:30.380+0000] {processor.py:176} INFO - Processing /home/airflow/.local/lib/python3.7/site-packages/airflow/example_dags/tutorial_taskflow_api.py took 0.237 seconds
[2024-04-16T13:27:00.638+0000] {processor.py:154} INFO - Started process (PID=3963) to work on /home/airflow/.local/lib/python3.7/site-packages/airflow/example_dags/tutorial_taskflow_api.py
[2024-04-16T13:27:00.641+0000] {processor.py:756} INFO - Processing file /home/airflow/.local/lib/python3.7/site-packages/airflow/example_dags/tutorial_taskflow_api.py for tasks to queue
[2024-04-16T13:27:00.643+0000] {logging_mixin.py:120} INFO - [2024-04-16T13:27:00.642+0000] {dagbag.py:537} INFO - Filling up the DagBag from /home/airflow/.local/lib/python3.7/site-packages/airflow/example_dags/tutorial_taskflow_api.py
[2024-04-16T13:27:00.684+0000] {processor.py:766} INFO - DAG(s) dict_keys(['tutorial_taskflow_api']) retrieved from /home/airflow/.local/lib/python3.7/site-packages/airflow/example_dags/tutorial_taskflow_api.py
[2024-04-16T13:27:00.793+0000] {logging_mixin.py:120} INFO - [2024-04-16T13:27:00.792+0000] {dag.py:2585} INFO - Sync 1 DAGs
[2024-04-16T13:27:00.836+0000] {logging_mixin.py:120} INFO - [2024-04-16T13:27:00.836+0000] {dag.py:3340} INFO - Setting next_dagrun for tutorial_taskflow_api to None, run_after=None
[2024-04-16T13:27:00.867+0000] {processor.py:176} INFO - Processing /home/airflow/.local/lib/python3.7/site-packages/airflow/example_dags/tutorial_taskflow_api.py took 0.235 seconds
[2024-04-16T13:27:31.676+0000] {processor.py:154} INFO - Started process (PID=4040) to work on /home/airflow/.local/lib/python3.7/site-packages/airflow/example_dags/tutorial_taskflow_api.py
[2024-04-16T13:27:31.678+0000] {processor.py:756} INFO - Processing file /home/airflow/.local/lib/python3.7/site-packages/airflow/example_dags/tutorial_taskflow_api.py for tasks to queue
[2024-04-16T13:27:31.682+0000] {logging_mixin.py:120} INFO - [2024-04-16T13:27:31.681+0000] {dagbag.py:537} INFO - Filling up the DagBag from /home/airflow/.local/lib/python3.7/site-packages/airflow/example_dags/tutorial_taskflow_api.py
[2024-04-16T13:27:31.717+0000] {processor.py:766} INFO - DAG(s) dict_keys(['tutorial_taskflow_api']) retrieved from /home/airflow/.local/lib/python3.7/site-packages/airflow/example_dags/tutorial_taskflow_api.py
[2024-04-16T13:27:31.791+0000] {logging_mixin.py:120} INFO - [2024-04-16T13:27:31.791+0000] {dag.py:2585} INFO - Sync 1 DAGs
[2024-04-16T13:27:31.844+0000] {logging_mixin.py:120} INFO - [2024-04-16T13:27:31.843+0000] {dag.py:3340} INFO - Setting next_dagrun for tutorial_taskflow_api to None, run_after=None
[2024-04-16T13:27:31.878+0000] {processor.py:176} INFO - Processing /home/airflow/.local/lib/python3.7/site-packages/airflow/example_dags/tutorial_taskflow_api.py took 0.212 seconds
[2024-04-16T13:28:01.954+0000] {processor.py:154} INFO - Started process (PID=4109) to work on /home/airflow/.local/lib/python3.7/site-packages/airflow/example_dags/tutorial_taskflow_api.py
[2024-04-16T13:28:01.956+0000] {processor.py:756} INFO - Processing file /home/airflow/.local/lib/python3.7/site-packages/airflow/example_dags/tutorial_taskflow_api.py for tasks to queue
[2024-04-16T13:28:01.957+0000] {logging_mixin.py:120} INFO - [2024-04-16T13:28:01.957+0000] {dagbag.py:537} INFO - Filling up the DagBag from /home/airflow/.local/lib/python3.7/site-packages/airflow/example_dags/tutorial_taskflow_api.py
[2024-04-16T13:28:01.988+0000] {processor.py:766} INFO - DAG(s) dict_keys(['tutorial_taskflow_api']) retrieved from /home/airflow/.local/lib/python3.7/site-packages/airflow/example_dags/tutorial_taskflow_api.py
[2024-04-16T13:28:02.055+0000] {logging_mixin.py:120} INFO - [2024-04-16T13:28:02.055+0000] {dag.py:2585} INFO - Sync 1 DAGs
[2024-04-16T13:28:02.093+0000] {logging_mixin.py:120} INFO - [2024-04-16T13:28:02.092+0000] {dag.py:3340} INFO - Setting next_dagrun for tutorial_taskflow_api to None, run_after=None
[2024-04-16T13:28:02.122+0000] {processor.py:176} INFO - Processing /home/airflow/.local/lib/python3.7/site-packages/airflow/example_dags/tutorial_taskflow_api.py took 0.175 seconds
[2024-04-16T13:28:32.803+0000] {processor.py:154} INFO - Started process (PID=4187) to work on /home/airflow/.local/lib/python3.7/site-packages/airflow/example_dags/tutorial_taskflow_api.py
[2024-04-16T13:28:32.806+0000] {processor.py:756} INFO - Processing file /home/airflow/.local/lib/python3.7/site-packages/airflow/example_dags/tutorial_taskflow_api.py for tasks to queue
[2024-04-16T13:28:32.808+0000] {logging_mixin.py:120} INFO - [2024-04-16T13:28:32.808+0000] {dagbag.py:537} INFO - Filling up the DagBag from /home/airflow/.local/lib/python3.7/site-packages/airflow/example_dags/tutorial_taskflow_api.py
[2024-04-16T13:28:32.846+0000] {processor.py:766} INFO - DAG(s) dict_keys(['tutorial_taskflow_api']) retrieved from /home/airflow/.local/lib/python3.7/site-packages/airflow/example_dags/tutorial_taskflow_api.py
[2024-04-16T13:28:32.914+0000] {logging_mixin.py:120} INFO - [2024-04-16T13:28:32.914+0000] {dag.py:2585} INFO - Sync 1 DAGs
[2024-04-16T13:28:32.961+0000] {logging_mixin.py:120} INFO - [2024-04-16T13:28:32.961+0000] {dag.py:3340} INFO - Setting next_dagrun for tutorial_taskflow_api to None, run_after=None
[2024-04-16T13:28:32.995+0000] {processor.py:176} INFO - Processing /home/airflow/.local/lib/python3.7/site-packages/airflow/example_dags/tutorial_taskflow_api.py took 0.200 seconds
[2024-04-16T13:29:03.549+0000] {processor.py:154} INFO - Started process (PID=4257) to work on /home/airflow/.local/lib/python3.7/site-packages/airflow/example_dags/tutorial_taskflow_api.py
[2024-04-16T13:29:03.551+0000] {processor.py:756} INFO - Processing file /home/airflow/.local/lib/python3.7/site-packages/airflow/example_dags/tutorial_taskflow_api.py for tasks to queue
[2024-04-16T13:29:03.553+0000] {logging_mixin.py:120} INFO - [2024-04-16T13:29:03.553+0000] {dagbag.py:537} INFO - Filling up the DagBag from /home/airflow/.local/lib/python3.7/site-packages/airflow/example_dags/tutorial_taskflow_api.py
[2024-04-16T13:29:03.585+0000] {processor.py:766} INFO - DAG(s) dict_keys(['tutorial_taskflow_api']) retrieved from /home/airflow/.local/lib/python3.7/site-packages/airflow/example_dags/tutorial_taskflow_api.py
[2024-04-16T13:29:03.657+0000] {logging_mixin.py:120} INFO - [2024-04-16T13:29:03.657+0000] {dag.py:2585} INFO - Sync 1 DAGs
[2024-04-16T13:29:03.694+0000] {logging_mixin.py:120} INFO - [2024-04-16T13:29:03.694+0000] {dag.py:3340} INFO - Setting next_dagrun for tutorial_taskflow_api to None, run_after=None
[2024-04-16T13:29:03.722+0000] {processor.py:176} INFO - Processing /home/airflow/.local/lib/python3.7/site-packages/airflow/example_dags/tutorial_taskflow_api.py took 0.179 seconds
[2024-04-16T13:29:33.980+0000] {processor.py:154} INFO - Started process (PID=4337) to work on /home/airflow/.local/lib/python3.7/site-packages/airflow/example_dags/tutorial_taskflow_api.py
[2024-04-16T13:29:33.982+0000] {processor.py:756} INFO - Processing file /home/airflow/.local/lib/python3.7/site-packages/airflow/example_dags/tutorial_taskflow_api.py for tasks to queue
[2024-04-16T13:29:33.985+0000] {logging_mixin.py:120} INFO - [2024-04-16T13:29:33.984+0000] {dagbag.py:537} INFO - Filling up the DagBag from /home/airflow/.local/lib/python3.7/site-packages/airflow/example_dags/tutorial_taskflow_api.py
[2024-04-16T13:29:34.018+0000] {processor.py:766} INFO - DAG(s) dict_keys(['tutorial_taskflow_api']) retrieved from /home/airflow/.local/lib/python3.7/site-packages/airflow/example_dags/tutorial_taskflow_api.py
[2024-04-16T13:29:34.092+0000] {logging_mixin.py:120} INFO - [2024-04-16T13:29:34.092+0000] {dag.py:2585} INFO - Sync 1 DAGs
[2024-04-16T13:29:34.138+0000] {logging_mixin.py:120} INFO - [2024-04-16T13:29:34.137+0000] {dag.py:3340} INFO - Setting next_dagrun for tutorial_taskflow_api to None, run_after=None
[2024-04-16T13:29:34.185+0000] {processor.py:176} INFO - Processing /home/airflow/.local/lib/python3.7/site-packages/airflow/example_dags/tutorial_taskflow_api.py took 0.215 seconds
[2024-04-16T13:30:04.997+0000] {processor.py:154} INFO - Started process (PID=4407) to work on /home/airflow/.local/lib/python3.7/site-packages/airflow/example_dags/tutorial_taskflow_api.py
[2024-04-16T13:30:05.000+0000] {processor.py:756} INFO - Processing file /home/airflow/.local/lib/python3.7/site-packages/airflow/example_dags/tutorial_taskflow_api.py for tasks to queue
[2024-04-16T13:30:05.003+0000] {logging_mixin.py:120} INFO - [2024-04-16T13:30:05.003+0000] {dagbag.py:537} INFO - Filling up the DagBag from /home/airflow/.local/lib/python3.7/site-packages/airflow/example_dags/tutorial_taskflow_api.py
[2024-04-16T13:30:05.042+0000] {processor.py:766} INFO - DAG(s) dict_keys(['tutorial_taskflow_api']) retrieved from /home/airflow/.local/lib/python3.7/site-packages/airflow/example_dags/tutorial_taskflow_api.py
[2024-04-16T13:30:05.139+0000] {logging_mixin.py:120} INFO - [2024-04-16T13:30:05.138+0000] {dag.py:2585} INFO - Sync 1 DAGs
[2024-04-16T13:30:05.179+0000] {logging_mixin.py:120} INFO - [2024-04-16T13:30:05.179+0000] {dag.py:3340} INFO - Setting next_dagrun for tutorial_taskflow_api to None, run_after=None
[2024-04-16T13:30:05.211+0000] {processor.py:176} INFO - Processing /home/airflow/.local/lib/python3.7/site-packages/airflow/example_dags/tutorial_taskflow_api.py took 0.223 seconds
[2024-04-16T13:30:35.340+0000] {processor.py:154} INFO - Started process (PID=4485) to work on /home/airflow/.local/lib/python3.7/site-packages/airflow/example_dags/tutorial_taskflow_api.py
[2024-04-16T13:30:35.342+0000] {processor.py:756} INFO - Processing file /home/airflow/.local/lib/python3.7/site-packages/airflow/example_dags/tutorial_taskflow_api.py for tasks to queue
[2024-04-16T13:30:35.344+0000] {logging_mixin.py:120} INFO - [2024-04-16T13:30:35.343+0000] {dagbag.py:537} INFO - Filling up the DagBag from /home/airflow/.local/lib/python3.7/site-packages/airflow/example_dags/tutorial_taskflow_api.py
[2024-04-16T13:30:35.376+0000] {processor.py:766} INFO - DAG(s) dict_keys(['tutorial_taskflow_api']) retrieved from /home/airflow/.local/lib/python3.7/site-packages/airflow/example_dags/tutorial_taskflow_api.py
[2024-04-16T13:30:35.439+0000] {logging_mixin.py:120} INFO - [2024-04-16T13:30:35.439+0000] {dag.py:2585} INFO - Sync 1 DAGs
[2024-04-16T13:30:35.476+0000] {logging_mixin.py:120} INFO - [2024-04-16T13:30:35.476+0000] {dag.py:3340} INFO - Setting next_dagrun for tutorial_taskflow_api to None, run_after=None
[2024-04-16T13:30:35.511+0000] {processor.py:176} INFO - Processing /home/airflow/.local/lib/python3.7/site-packages/airflow/example_dags/tutorial_taskflow_api.py took 0.177 seconds
[2024-04-16T13:31:06.082+0000] {processor.py:154} INFO - Started process (PID=4561) to work on /home/airflow/.local/lib/python3.7/site-packages/airflow/example_dags/tutorial_taskflow_api.py
[2024-04-16T13:31:06.085+0000] {processor.py:756} INFO - Processing file /home/airflow/.local/lib/python3.7/site-packages/airflow/example_dags/tutorial_taskflow_api.py for tasks to queue
[2024-04-16T13:31:06.088+0000] {logging_mixin.py:120} INFO - [2024-04-16T13:31:06.087+0000] {dagbag.py:537} INFO - Filling up the DagBag from /home/airflow/.local/lib/python3.7/site-packages/airflow/example_dags/tutorial_taskflow_api.py
[2024-04-16T13:31:06.136+0000] {processor.py:766} INFO - DAG(s) dict_keys(['tutorial_taskflow_api']) retrieved from /home/airflow/.local/lib/python3.7/site-packages/airflow/example_dags/tutorial_taskflow_api.py
[2024-04-16T13:31:06.219+0000] {logging_mixin.py:120} INFO - [2024-04-16T13:31:06.219+0000] {dag.py:2585} INFO - Sync 1 DAGs
[2024-04-16T13:31:06.265+0000] {logging_mixin.py:120} INFO - [2024-04-16T13:31:06.265+0000] {dag.py:3340} INFO - Setting next_dagrun for tutorial_taskflow_api to None, run_after=None
[2024-04-16T13:31:06.310+0000] {processor.py:176} INFO - Processing /home/airflow/.local/lib/python3.7/site-packages/airflow/example_dags/tutorial_taskflow_api.py took 0.233 seconds
