[2024-04-16T09:52:25.664+0000] {processor.py:154} INFO - Started process (PID=23808) to work on /home/airflow/.local/lib/python3.7/site-packages/airflow/example_dags/tutorial_dag.py
[2024-04-16T09:52:25.696+0000] {processor.py:756} INFO - Processing file /home/airflow/.local/lib/python3.7/site-packages/airflow/example_dags/tutorial_dag.py for tasks to queue
[2024-04-16T09:52:25.724+0000] {logging_mixin.py:120} INFO - [2024-04-16T09:52:25.724+0000] {dagbag.py:537} INFO - Filling up the DagBag from /home/airflow/.local/lib/python3.7/site-packages/airflow/example_dags/tutorial_dag.py
[2024-04-16T09:52:26.021+0000] {processor.py:766} INFO - DAG(s) dict_keys(['tutorial_dag']) retrieved from /home/airflow/.local/lib/python3.7/site-packages/airflow/example_dags/tutorial_dag.py
[2024-04-16T09:52:26.535+0000] {logging_mixin.py:120} INFO - [2024-04-16T09:52:26.535+0000] {dag.py:2585} INFO - Sync 1 DAGs
[2024-04-16T09:52:26.809+0000] {logging_mixin.py:120} INFO - [2024-04-16T09:52:26.809+0000] {dag.py:3340} INFO - Setting next_dagrun for tutorial_dag to None, run_after=None
[2024-04-16T09:52:26.944+0000] {processor.py:176} INFO - Processing /home/airflow/.local/lib/python3.7/site-packages/airflow/example_dags/tutorial_dag.py took 1.316 seconds
[2024-04-16T10:13:59.029+0000] {processor.py:154} INFO - Started process (PID=24024) to work on /home/airflow/.local/lib/python3.7/site-packages/airflow/example_dags/tutorial_dag.py
[2024-04-16T10:13:59.635+0000] {processor.py:756} INFO - Processing file /home/airflow/.local/lib/python3.7/site-packages/airflow/example_dags/tutorial_dag.py for tasks to queue
[2024-04-16T10:14:01.078+0000] {logging_mixin.py:120} INFO - [2024-04-16T10:14:01.076+0000] {dagbag.py:537} INFO - Filling up the DagBag from /home/airflow/.local/lib/python3.7/site-packages/airflow/example_dags/tutorial_dag.py
[2024-04-16T10:14:06.494+0000] {processor.py:766} INFO - DAG(s) dict_keys(['tutorial_dag']) retrieved from /home/airflow/.local/lib/python3.7/site-packages/airflow/example_dags/tutorial_dag.py
[2024-04-16T10:14:18.249+0000] {logging_mixin.py:120} INFO - [2024-04-16T10:14:18.137+0000] {dag.py:2585} INFO - Sync 1 DAGs
[2024-04-16T10:14:28.470+0000] {logging_mixin.py:120} INFO - [2024-04-16T10:14:28.403+0000] {dag.py:3340} INFO - Setting next_dagrun for tutorial_dag to None, run_after=None
[2024-04-16T10:14:34.066+0000] {processor.py:176} INFO - Processing /home/airflow/.local/lib/python3.7/site-packages/airflow/example_dags/tutorial_dag.py took 36.886 seconds
[2024-04-16T10:23:12.875+0000] {processor.py:154} INFO - Started process (PID=68) to work on /home/airflow/.local/lib/python3.7/site-packages/airflow/example_dags/tutorial_dag.py
[2024-04-16T10:23:12.895+0000] {processor.py:756} INFO - Processing file /home/airflow/.local/lib/python3.7/site-packages/airflow/example_dags/tutorial_dag.py for tasks to queue
[2024-04-16T10:23:12.897+0000] {logging_mixin.py:120} INFO - [2024-04-16T10:23:12.897+0000] {dagbag.py:537} INFO - Filling up the DagBag from /home/airflow/.local/lib/python3.7/site-packages/airflow/example_dags/tutorial_dag.py
[2024-04-16T10:23:12.993+0000] {processor.py:766} INFO - DAG(s) dict_keys(['tutorial_dag']) retrieved from /home/airflow/.local/lib/python3.7/site-packages/airflow/example_dags/tutorial_dag.py
[2024-04-16T10:23:13.291+0000] {logging_mixin.py:120} INFO - [2024-04-16T10:23:13.291+0000] {dag.py:2585} INFO - Sync 1 DAGs
[2024-04-16T10:23:13.534+0000] {logging_mixin.py:120} INFO - [2024-04-16T10:23:13.534+0000] {dag.py:3340} INFO - Setting next_dagrun for tutorial_dag to None, run_after=None
[2024-04-16T10:23:13.705+0000] {processor.py:176} INFO - Processing /home/airflow/.local/lib/python3.7/site-packages/airflow/example_dags/tutorial_dag.py took 0.847 seconds
[2024-04-16T10:23:58.473+0000] {processor.py:154} INFO - Started process (PID=137) to work on /home/airflow/.local/lib/python3.7/site-packages/airflow/example_dags/tutorial_dag.py
[2024-04-16T10:23:58.479+0000] {processor.py:756} INFO - Processing file /home/airflow/.local/lib/python3.7/site-packages/airflow/example_dags/tutorial_dag.py for tasks to queue
[2024-04-16T10:23:58.485+0000] {logging_mixin.py:120} INFO - [2024-04-16T10:23:58.483+0000] {dagbag.py:537} INFO - Filling up the DagBag from /home/airflow/.local/lib/python3.7/site-packages/airflow/example_dags/tutorial_dag.py
[2024-04-16T10:23:58.547+0000] {processor.py:766} INFO - DAG(s) dict_keys(['tutorial_dag']) retrieved from /home/airflow/.local/lib/python3.7/site-packages/airflow/example_dags/tutorial_dag.py
[2024-04-16T10:23:58.710+0000] {logging_mixin.py:120} INFO - [2024-04-16T10:23:58.710+0000] {dag.py:2585} INFO - Sync 1 DAGs
[2024-04-16T10:23:58.829+0000] {logging_mixin.py:120} INFO - [2024-04-16T10:23:58.828+0000] {dag.py:3340} INFO - Setting next_dagrun for tutorial_dag to None, run_after=None
[2024-04-16T10:23:58.905+0000] {processor.py:176} INFO - Processing /home/airflow/.local/lib/python3.7/site-packages/airflow/example_dags/tutorial_dag.py took 0.448 seconds
[2024-04-16T10:24:29.680+0000] {processor.py:154} INFO - Started process (PID=207) to work on /home/airflow/.local/lib/python3.7/site-packages/airflow/example_dags/tutorial_dag.py
[2024-04-16T10:24:29.683+0000] {processor.py:756} INFO - Processing file /home/airflow/.local/lib/python3.7/site-packages/airflow/example_dags/tutorial_dag.py for tasks to queue
[2024-04-16T10:24:29.685+0000] {logging_mixin.py:120} INFO - [2024-04-16T10:24:29.684+0000] {dagbag.py:537} INFO - Filling up the DagBag from /home/airflow/.local/lib/python3.7/site-packages/airflow/example_dags/tutorial_dag.py
[2024-04-16T10:24:29.708+0000] {processor.py:766} INFO - DAG(s) dict_keys(['tutorial_dag']) retrieved from /home/airflow/.local/lib/python3.7/site-packages/airflow/example_dags/tutorial_dag.py
[2024-04-16T10:24:29.840+0000] {logging_mixin.py:120} INFO - [2024-04-16T10:24:29.839+0000] {dag.py:2585} INFO - Sync 1 DAGs
[2024-04-16T10:24:31.223+0000] {logging_mixin.py:120} INFO - [2024-04-16T10:24:31.222+0000] {dag.py:3340} INFO - Setting next_dagrun for tutorial_dag to None, run_after=None
[2024-04-16T10:24:32.490+0000] {processor.py:176} INFO - Processing /home/airflow/.local/lib/python3.7/site-packages/airflow/example_dags/tutorial_dag.py took 2.816 seconds
[2024-04-16T10:25:02.834+0000] {processor.py:154} INFO - Started process (PID=275) to work on /home/airflow/.local/lib/python3.7/site-packages/airflow/example_dags/tutorial_dag.py
[2024-04-16T10:25:02.837+0000] {processor.py:756} INFO - Processing file /home/airflow/.local/lib/python3.7/site-packages/airflow/example_dags/tutorial_dag.py for tasks to queue
[2024-04-16T10:25:02.841+0000] {logging_mixin.py:120} INFO - [2024-04-16T10:25:02.841+0000] {dagbag.py:537} INFO - Filling up the DagBag from /home/airflow/.local/lib/python3.7/site-packages/airflow/example_dags/tutorial_dag.py
[2024-04-16T10:25:02.865+0000] {processor.py:766} INFO - DAG(s) dict_keys(['tutorial_dag']) retrieved from /home/airflow/.local/lib/python3.7/site-packages/airflow/example_dags/tutorial_dag.py
[2024-04-16T10:25:02.979+0000] {logging_mixin.py:120} INFO - [2024-04-16T10:25:02.979+0000] {dag.py:2585} INFO - Sync 1 DAGs
[2024-04-16T10:25:03.052+0000] {logging_mixin.py:120} INFO - [2024-04-16T10:25:03.052+0000] {dag.py:3340} INFO - Setting next_dagrun for tutorial_dag to None, run_after=None
[2024-04-16T10:25:03.106+0000] {processor.py:176} INFO - Processing /home/airflow/.local/lib/python3.7/site-packages/airflow/example_dags/tutorial_dag.py took 0.281 seconds
[2024-04-16T10:25:33.841+0000] {processor.py:154} INFO - Started process (PID=344) to work on /home/airflow/.local/lib/python3.7/site-packages/airflow/example_dags/tutorial_dag.py
[2024-04-16T10:25:33.844+0000] {processor.py:756} INFO - Processing file /home/airflow/.local/lib/python3.7/site-packages/airflow/example_dags/tutorial_dag.py for tasks to queue
[2024-04-16T10:25:33.847+0000] {logging_mixin.py:120} INFO - [2024-04-16T10:25:33.847+0000] {dagbag.py:537} INFO - Filling up the DagBag from /home/airflow/.local/lib/python3.7/site-packages/airflow/example_dags/tutorial_dag.py
[2024-04-16T10:25:33.870+0000] {processor.py:766} INFO - DAG(s) dict_keys(['tutorial_dag']) retrieved from /home/airflow/.local/lib/python3.7/site-packages/airflow/example_dags/tutorial_dag.py
[2024-04-16T10:25:33.945+0000] {logging_mixin.py:120} INFO - [2024-04-16T10:25:33.944+0000] {dag.py:2585} INFO - Sync 1 DAGs
[2024-04-16T10:25:33.983+0000] {logging_mixin.py:120} INFO - [2024-04-16T10:25:33.983+0000] {dag.py:3340} INFO - Setting next_dagrun for tutorial_dag to None, run_after=None
[2024-04-16T10:25:34.014+0000] {processor.py:176} INFO - Processing /home/airflow/.local/lib/python3.7/site-packages/airflow/example_dags/tutorial_dag.py took 0.179 seconds
[2024-04-16T10:26:11.583+0000] {processor.py:154} INFO - Started process (PID=424) to work on /home/airflow/.local/lib/python3.7/site-packages/airflow/example_dags/tutorial_dag.py
[2024-04-16T10:26:11.585+0000] {processor.py:756} INFO - Processing file /home/airflow/.local/lib/python3.7/site-packages/airflow/example_dags/tutorial_dag.py for tasks to queue
[2024-04-16T10:26:11.586+0000] {logging_mixin.py:120} INFO - [2024-04-16T10:26:11.586+0000] {dagbag.py:537} INFO - Filling up the DagBag from /home/airflow/.local/lib/python3.7/site-packages/airflow/example_dags/tutorial_dag.py
[2024-04-16T10:26:11.608+0000] {processor.py:766} INFO - DAG(s) dict_keys(['tutorial_dag']) retrieved from /home/airflow/.local/lib/python3.7/site-packages/airflow/example_dags/tutorial_dag.py
[2024-04-16T10:26:11.675+0000] {logging_mixin.py:120} INFO - [2024-04-16T10:26:11.675+0000] {dag.py:2585} INFO - Sync 1 DAGs
[2024-04-16T10:26:11.724+0000] {logging_mixin.py:120} INFO - [2024-04-16T10:26:11.724+0000] {dag.py:3340} INFO - Setting next_dagrun for tutorial_dag to None, run_after=None
[2024-04-16T10:26:11.753+0000] {processor.py:176} INFO - Processing /home/airflow/.local/lib/python3.7/site-packages/airflow/example_dags/tutorial_dag.py took 0.176 seconds
[2024-04-16T10:26:43.192+0000] {processor.py:154} INFO - Started process (PID=493) to work on /home/airflow/.local/lib/python3.7/site-packages/airflow/example_dags/tutorial_dag.py
[2024-04-16T10:26:43.195+0000] {processor.py:756} INFO - Processing file /home/airflow/.local/lib/python3.7/site-packages/airflow/example_dags/tutorial_dag.py for tasks to queue
[2024-04-16T10:26:43.196+0000] {logging_mixin.py:120} INFO - [2024-04-16T10:26:43.196+0000] {dagbag.py:537} INFO - Filling up the DagBag from /home/airflow/.local/lib/python3.7/site-packages/airflow/example_dags/tutorial_dag.py
[2024-04-16T10:26:43.218+0000] {processor.py:766} INFO - DAG(s) dict_keys(['tutorial_dag']) retrieved from /home/airflow/.local/lib/python3.7/site-packages/airflow/example_dags/tutorial_dag.py
[2024-04-16T10:26:43.305+0000] {logging_mixin.py:120} INFO - [2024-04-16T10:26:43.305+0000] {dag.py:2585} INFO - Sync 1 DAGs
[2024-04-16T10:26:43.373+0000] {logging_mixin.py:120} INFO - [2024-04-16T10:26:43.373+0000] {dag.py:3340} INFO - Setting next_dagrun for tutorial_dag to None, run_after=None
[2024-04-16T10:26:43.411+0000] {processor.py:176} INFO - Processing /home/airflow/.local/lib/python3.7/site-packages/airflow/example_dags/tutorial_dag.py took 0.226 seconds
[2024-04-16T10:27:14.568+0000] {processor.py:154} INFO - Started process (PID=562) to work on /home/airflow/.local/lib/python3.7/site-packages/airflow/example_dags/tutorial_dag.py
[2024-04-16T10:27:14.570+0000] {processor.py:756} INFO - Processing file /home/airflow/.local/lib/python3.7/site-packages/airflow/example_dags/tutorial_dag.py for tasks to queue
[2024-04-16T10:27:14.572+0000] {logging_mixin.py:120} INFO - [2024-04-16T10:27:14.571+0000] {dagbag.py:537} INFO - Filling up the DagBag from /home/airflow/.local/lib/python3.7/site-packages/airflow/example_dags/tutorial_dag.py
[2024-04-16T10:27:14.592+0000] {processor.py:766} INFO - DAG(s) dict_keys(['tutorial_dag']) retrieved from /home/airflow/.local/lib/python3.7/site-packages/airflow/example_dags/tutorial_dag.py
[2024-04-16T10:27:14.661+0000] {logging_mixin.py:120} INFO - [2024-04-16T10:27:14.661+0000] {dag.py:2585} INFO - Sync 1 DAGs
[2024-04-16T10:27:14.705+0000] {logging_mixin.py:120} INFO - [2024-04-16T10:27:14.705+0000] {dag.py:3340} INFO - Setting next_dagrun for tutorial_dag to None, run_after=None
[2024-04-16T10:27:14.740+0000] {processor.py:176} INFO - Processing /home/airflow/.local/lib/python3.7/site-packages/airflow/example_dags/tutorial_dag.py took 0.179 seconds
[2024-04-16T10:27:45.142+0000] {processor.py:154} INFO - Started process (PID=637) to work on /home/airflow/.local/lib/python3.7/site-packages/airflow/example_dags/tutorial_dag.py
[2024-04-16T10:27:45.144+0000] {processor.py:756} INFO - Processing file /home/airflow/.local/lib/python3.7/site-packages/airflow/example_dags/tutorial_dag.py for tasks to queue
[2024-04-16T10:27:45.146+0000] {logging_mixin.py:120} INFO - [2024-04-16T10:27:45.146+0000] {dagbag.py:537} INFO - Filling up the DagBag from /home/airflow/.local/lib/python3.7/site-packages/airflow/example_dags/tutorial_dag.py
[2024-04-16T10:27:45.172+0000] {processor.py:766} INFO - DAG(s) dict_keys(['tutorial_dag']) retrieved from /home/airflow/.local/lib/python3.7/site-packages/airflow/example_dags/tutorial_dag.py
[2024-04-16T10:27:45.237+0000] {logging_mixin.py:120} INFO - [2024-04-16T10:27:45.237+0000] {dag.py:2585} INFO - Sync 1 DAGs
[2024-04-16T10:27:45.285+0000] {logging_mixin.py:120} INFO - [2024-04-16T10:27:45.284+0000] {dag.py:3340} INFO - Setting next_dagrun for tutorial_dag to None, run_after=None
[2024-04-16T10:27:45.337+0000] {processor.py:176} INFO - Processing /home/airflow/.local/lib/python3.7/site-packages/airflow/example_dags/tutorial_dag.py took 0.201 seconds
[2024-04-16T13:04:12.428+0000] {processor.py:154} INFO - Started process (PID=715) to work on /home/airflow/.local/lib/python3.7/site-packages/airflow/example_dags/tutorial_dag.py
[2024-04-16T13:04:12.432+0000] {processor.py:756} INFO - Processing file /home/airflow/.local/lib/python3.7/site-packages/airflow/example_dags/tutorial_dag.py for tasks to queue
[2024-04-16T13:04:12.436+0000] {logging_mixin.py:120} INFO - [2024-04-16T13:04:12.435+0000] {dagbag.py:537} INFO - Filling up the DagBag from /home/airflow/.local/lib/python3.7/site-packages/airflow/example_dags/tutorial_dag.py
[2024-04-16T13:04:12.463+0000] {processor.py:766} INFO - DAG(s) dict_keys(['tutorial_dag']) retrieved from /home/airflow/.local/lib/python3.7/site-packages/airflow/example_dags/tutorial_dag.py
[2024-04-16T13:04:12.546+0000] {logging_mixin.py:120} INFO - [2024-04-16T13:04:12.546+0000] {dag.py:2585} INFO - Sync 1 DAGs
[2024-04-16T13:04:12.629+0000] {logging_mixin.py:120} INFO - [2024-04-16T13:04:12.629+0000] {dag.py:3340} INFO - Setting next_dagrun for tutorial_dag to None, run_after=None
[2024-04-16T13:04:12.711+0000] {processor.py:176} INFO - Processing /home/airflow/.local/lib/python3.7/site-packages/airflow/example_dags/tutorial_dag.py took 0.290 seconds
[2024-04-16T13:04:44.162+0000] {processor.py:154} INFO - Started process (PID=783) to work on /home/airflow/.local/lib/python3.7/site-packages/airflow/example_dags/tutorial_dag.py
[2024-04-16T13:04:44.167+0000] {processor.py:756} INFO - Processing file /home/airflow/.local/lib/python3.7/site-packages/airflow/example_dags/tutorial_dag.py for tasks to queue
[2024-04-16T13:04:44.170+0000] {logging_mixin.py:120} INFO - [2024-04-16T13:04:44.170+0000] {dagbag.py:537} INFO - Filling up the DagBag from /home/airflow/.local/lib/python3.7/site-packages/airflow/example_dags/tutorial_dag.py
[2024-04-16T13:04:44.225+0000] {processor.py:766} INFO - DAG(s) dict_keys(['tutorial_dag']) retrieved from /home/airflow/.local/lib/python3.7/site-packages/airflow/example_dags/tutorial_dag.py
[2024-04-16T13:04:44.360+0000] {logging_mixin.py:120} INFO - [2024-04-16T13:04:44.359+0000] {dag.py:2585} INFO - Sync 1 DAGs
[2024-04-16T13:04:44.417+0000] {logging_mixin.py:120} INFO - [2024-04-16T13:04:44.416+0000] {dag.py:3340} INFO - Setting next_dagrun for tutorial_dag to None, run_after=None
[2024-04-16T13:04:44.447+0000] {processor.py:176} INFO - Processing /home/airflow/.local/lib/python3.7/site-packages/airflow/example_dags/tutorial_dag.py took 0.297 seconds
[2024-04-16T13:05:14.962+0000] {processor.py:154} INFO - Started process (PID=861) to work on /home/airflow/.local/lib/python3.7/site-packages/airflow/example_dags/tutorial_dag.py
[2024-04-16T13:05:14.965+0000] {processor.py:756} INFO - Processing file /home/airflow/.local/lib/python3.7/site-packages/airflow/example_dags/tutorial_dag.py for tasks to queue
[2024-04-16T13:05:14.967+0000] {logging_mixin.py:120} INFO - [2024-04-16T13:05:14.967+0000] {dagbag.py:537} INFO - Filling up the DagBag from /home/airflow/.local/lib/python3.7/site-packages/airflow/example_dags/tutorial_dag.py
[2024-04-16T13:05:14.995+0000] {processor.py:766} INFO - DAG(s) dict_keys(['tutorial_dag']) retrieved from /home/airflow/.local/lib/python3.7/site-packages/airflow/example_dags/tutorial_dag.py
[2024-04-16T13:05:15.066+0000] {logging_mixin.py:120} INFO - [2024-04-16T13:05:15.066+0000] {dag.py:2585} INFO - Sync 1 DAGs
[2024-04-16T13:05:15.112+0000] {logging_mixin.py:120} INFO - [2024-04-16T13:05:15.112+0000] {dag.py:3340} INFO - Setting next_dagrun for tutorial_dag to None, run_after=None
[2024-04-16T13:05:15.145+0000] {processor.py:176} INFO - Processing /home/airflow/.local/lib/python3.7/site-packages/airflow/example_dags/tutorial_dag.py took 0.189 seconds
[2024-04-16T13:05:45.800+0000] {processor.py:154} INFO - Started process (PID=939) to work on /home/airflow/.local/lib/python3.7/site-packages/airflow/example_dags/tutorial_dag.py
[2024-04-16T13:05:45.802+0000] {processor.py:756} INFO - Processing file /home/airflow/.local/lib/python3.7/site-packages/airflow/example_dags/tutorial_dag.py for tasks to queue
[2024-04-16T13:05:45.805+0000] {logging_mixin.py:120} INFO - [2024-04-16T13:05:45.805+0000] {dagbag.py:537} INFO - Filling up the DagBag from /home/airflow/.local/lib/python3.7/site-packages/airflow/example_dags/tutorial_dag.py
[2024-04-16T13:05:45.832+0000] {processor.py:766} INFO - DAG(s) dict_keys(['tutorial_dag']) retrieved from /home/airflow/.local/lib/python3.7/site-packages/airflow/example_dags/tutorial_dag.py
[2024-04-16T13:05:45.933+0000] {logging_mixin.py:120} INFO - [2024-04-16T13:05:45.933+0000] {dag.py:2585} INFO - Sync 1 DAGs
[2024-04-16T13:05:45.997+0000] {logging_mixin.py:120} INFO - [2024-04-16T13:05:45.996+0000] {dag.py:3340} INFO - Setting next_dagrun for tutorial_dag to None, run_after=None
[2024-04-16T13:05:46.061+0000] {processor.py:176} INFO - Processing /home/airflow/.local/lib/python3.7/site-packages/airflow/example_dags/tutorial_dag.py took 0.268 seconds
[2024-04-16T13:06:17.633+0000] {processor.py:154} INFO - Started process (PID=1007) to work on /home/airflow/.local/lib/python3.7/site-packages/airflow/example_dags/tutorial_dag.py
[2024-04-16T13:06:17.641+0000] {processor.py:756} INFO - Processing file /home/airflow/.local/lib/python3.7/site-packages/airflow/example_dags/tutorial_dag.py for tasks to queue
[2024-04-16T13:06:17.653+0000] {logging_mixin.py:120} INFO - [2024-04-16T13:06:17.652+0000] {dagbag.py:537} INFO - Filling up the DagBag from /home/airflow/.local/lib/python3.7/site-packages/airflow/example_dags/tutorial_dag.py
[2024-04-16T13:06:17.792+0000] {processor.py:766} INFO - DAG(s) dict_keys(['tutorial_dag']) retrieved from /home/airflow/.local/lib/python3.7/site-packages/airflow/example_dags/tutorial_dag.py
[2024-04-16T13:06:18.262+0000] {logging_mixin.py:120} INFO - [2024-04-16T13:06:18.261+0000] {dag.py:2585} INFO - Sync 1 DAGs
[2024-04-16T13:06:18.419+0000] {logging_mixin.py:120} INFO - [2024-04-16T13:06:18.417+0000] {dag.py:3340} INFO - Setting next_dagrun for tutorial_dag to None, run_after=None
[2024-04-16T13:06:18.578+0000] {processor.py:176} INFO - Processing /home/airflow/.local/lib/python3.7/site-packages/airflow/example_dags/tutorial_dag.py took 0.970 seconds
[2024-04-16T13:06:48.952+0000] {processor.py:154} INFO - Started process (PID=1074) to work on /home/airflow/.local/lib/python3.7/site-packages/airflow/example_dags/tutorial_dag.py
[2024-04-16T13:06:48.955+0000] {processor.py:756} INFO - Processing file /home/airflow/.local/lib/python3.7/site-packages/airflow/example_dags/tutorial_dag.py for tasks to queue
[2024-04-16T13:06:48.957+0000] {logging_mixin.py:120} INFO - [2024-04-16T13:06:48.957+0000] {dagbag.py:537} INFO - Filling up the DagBag from /home/airflow/.local/lib/python3.7/site-packages/airflow/example_dags/tutorial_dag.py
[2024-04-16T13:06:48.988+0000] {processor.py:766} INFO - DAG(s) dict_keys(['tutorial_dag']) retrieved from /home/airflow/.local/lib/python3.7/site-packages/airflow/example_dags/tutorial_dag.py
[2024-04-16T13:06:49.075+0000] {logging_mixin.py:120} INFO - [2024-04-16T13:06:49.075+0000] {dag.py:2585} INFO - Sync 1 DAGs
[2024-04-16T13:06:49.122+0000] {logging_mixin.py:120} INFO - [2024-04-16T13:06:49.122+0000] {dag.py:3340} INFO - Setting next_dagrun for tutorial_dag to None, run_after=None
[2024-04-16T13:06:49.166+0000] {processor.py:176} INFO - Processing /home/airflow/.local/lib/python3.7/site-packages/airflow/example_dags/tutorial_dag.py took 0.224 seconds
[2024-04-16T13:07:19.418+0000] {processor.py:154} INFO - Started process (PID=1152) to work on /home/airflow/.local/lib/python3.7/site-packages/airflow/example_dags/tutorial_dag.py
[2024-04-16T13:07:19.421+0000] {processor.py:756} INFO - Processing file /home/airflow/.local/lib/python3.7/site-packages/airflow/example_dags/tutorial_dag.py for tasks to queue
[2024-04-16T13:07:19.425+0000] {logging_mixin.py:120} INFO - [2024-04-16T13:07:19.424+0000] {dagbag.py:537} INFO - Filling up the DagBag from /home/airflow/.local/lib/python3.7/site-packages/airflow/example_dags/tutorial_dag.py
[2024-04-16T13:07:19.500+0000] {processor.py:766} INFO - DAG(s) dict_keys(['tutorial_dag']) retrieved from /home/airflow/.local/lib/python3.7/site-packages/airflow/example_dags/tutorial_dag.py
[2024-04-16T13:07:19.632+0000] {logging_mixin.py:120} INFO - [2024-04-16T13:07:19.631+0000] {dag.py:2585} INFO - Sync 1 DAGs
[2024-04-16T13:07:19.686+0000] {logging_mixin.py:120} INFO - [2024-04-16T13:07:19.686+0000] {dag.py:3340} INFO - Setting next_dagrun for tutorial_dag to None, run_after=None
[2024-04-16T13:07:19.746+0000] {processor.py:176} INFO - Processing /home/airflow/.local/lib/python3.7/site-packages/airflow/example_dags/tutorial_dag.py took 0.373 seconds
[2024-04-16T13:07:50.120+0000] {processor.py:154} INFO - Started process (PID=1221) to work on /home/airflow/.local/lib/python3.7/site-packages/airflow/example_dags/tutorial_dag.py
[2024-04-16T13:07:50.122+0000] {processor.py:756} INFO - Processing file /home/airflow/.local/lib/python3.7/site-packages/airflow/example_dags/tutorial_dag.py for tasks to queue
[2024-04-16T13:07:50.124+0000] {logging_mixin.py:120} INFO - [2024-04-16T13:07:50.124+0000] {dagbag.py:537} INFO - Filling up the DagBag from /home/airflow/.local/lib/python3.7/site-packages/airflow/example_dags/tutorial_dag.py
[2024-04-16T13:07:50.147+0000] {processor.py:766} INFO - DAG(s) dict_keys(['tutorial_dag']) retrieved from /home/airflow/.local/lib/python3.7/site-packages/airflow/example_dags/tutorial_dag.py
[2024-04-16T13:07:50.255+0000] {logging_mixin.py:120} INFO - [2024-04-16T13:07:50.254+0000] {dag.py:2585} INFO - Sync 1 DAGs
[2024-04-16T13:07:50.307+0000] {logging_mixin.py:120} INFO - [2024-04-16T13:07:50.307+0000] {dag.py:3340} INFO - Setting next_dagrun for tutorial_dag to None, run_after=None
[2024-04-16T13:07:50.334+0000] {processor.py:176} INFO - Processing /home/airflow/.local/lib/python3.7/site-packages/airflow/example_dags/tutorial_dag.py took 0.220 seconds
[2024-04-16T13:08:20.461+0000] {processor.py:154} INFO - Started process (PID=1290) to work on /home/airflow/.local/lib/python3.7/site-packages/airflow/example_dags/tutorial_dag.py
[2024-04-16T13:08:20.464+0000] {processor.py:756} INFO - Processing file /home/airflow/.local/lib/python3.7/site-packages/airflow/example_dags/tutorial_dag.py for tasks to queue
[2024-04-16T13:08:20.468+0000] {logging_mixin.py:120} INFO - [2024-04-16T13:08:20.468+0000] {dagbag.py:537} INFO - Filling up the DagBag from /home/airflow/.local/lib/python3.7/site-packages/airflow/example_dags/tutorial_dag.py
[2024-04-16T13:08:20.494+0000] {processor.py:766} INFO - DAG(s) dict_keys(['tutorial_dag']) retrieved from /home/airflow/.local/lib/python3.7/site-packages/airflow/example_dags/tutorial_dag.py
[2024-04-16T13:08:20.604+0000] {logging_mixin.py:120} INFO - [2024-04-16T13:08:20.603+0000] {dag.py:2585} INFO - Sync 1 DAGs
[2024-04-16T13:08:20.645+0000] {logging_mixin.py:120} INFO - [2024-04-16T13:08:20.645+0000] {dag.py:3340} INFO - Setting next_dagrun for tutorial_dag to None, run_after=None
[2024-04-16T13:08:20.689+0000] {processor.py:176} INFO - Processing /home/airflow/.local/lib/python3.7/site-packages/airflow/example_dags/tutorial_dag.py took 0.237 seconds
[2024-04-16T13:08:51.029+0000] {processor.py:154} INFO - Started process (PID=1368) to work on /home/airflow/.local/lib/python3.7/site-packages/airflow/example_dags/tutorial_dag.py
[2024-04-16T13:08:51.031+0000] {processor.py:756} INFO - Processing file /home/airflow/.local/lib/python3.7/site-packages/airflow/example_dags/tutorial_dag.py for tasks to queue
[2024-04-16T13:08:51.033+0000] {logging_mixin.py:120} INFO - [2024-04-16T13:08:51.032+0000] {dagbag.py:537} INFO - Filling up the DagBag from /home/airflow/.local/lib/python3.7/site-packages/airflow/example_dags/tutorial_dag.py
[2024-04-16T13:08:51.057+0000] {processor.py:766} INFO - DAG(s) dict_keys(['tutorial_dag']) retrieved from /home/airflow/.local/lib/python3.7/site-packages/airflow/example_dags/tutorial_dag.py
[2024-04-16T13:08:51.126+0000] {logging_mixin.py:120} INFO - [2024-04-16T13:08:51.126+0000] {dag.py:2585} INFO - Sync 1 DAGs
[2024-04-16T13:08:51.170+0000] {logging_mixin.py:120} INFO - [2024-04-16T13:08:51.170+0000] {dag.py:3340} INFO - Setting next_dagrun for tutorial_dag to None, run_after=None
[2024-04-16T13:08:51.214+0000] {processor.py:176} INFO - Processing /home/airflow/.local/lib/python3.7/site-packages/airflow/example_dags/tutorial_dag.py took 0.192 seconds
[2024-04-16T13:09:22.151+0000] {processor.py:154} INFO - Started process (PID=1438) to work on /home/airflow/.local/lib/python3.7/site-packages/airflow/example_dags/tutorial_dag.py
[2024-04-16T13:09:22.155+0000] {processor.py:756} INFO - Processing file /home/airflow/.local/lib/python3.7/site-packages/airflow/example_dags/tutorial_dag.py for tasks to queue
[2024-04-16T13:09:22.160+0000] {logging_mixin.py:120} INFO - [2024-04-16T13:09:22.159+0000] {dagbag.py:537} INFO - Filling up the DagBag from /home/airflow/.local/lib/python3.7/site-packages/airflow/example_dags/tutorial_dag.py
[2024-04-16T13:09:22.218+0000] {processor.py:766} INFO - DAG(s) dict_keys(['tutorial_dag']) retrieved from /home/airflow/.local/lib/python3.7/site-packages/airflow/example_dags/tutorial_dag.py
[2024-04-16T13:09:22.353+0000] {logging_mixin.py:120} INFO - [2024-04-16T13:09:22.352+0000] {dag.py:2585} INFO - Sync 1 DAGs
[2024-04-16T13:09:22.432+0000] {logging_mixin.py:120} INFO - [2024-04-16T13:09:22.431+0000] {dag.py:3340} INFO - Setting next_dagrun for tutorial_dag to None, run_after=None
[2024-04-16T13:09:22.512+0000] {processor.py:176} INFO - Processing /home/airflow/.local/lib/python3.7/site-packages/airflow/example_dags/tutorial_dag.py took 0.371 seconds
[2024-04-16T13:09:52.724+0000] {processor.py:154} INFO - Started process (PID=1518) to work on /home/airflow/.local/lib/python3.7/site-packages/airflow/example_dags/tutorial_dag.py
[2024-04-16T13:09:52.726+0000] {processor.py:756} INFO - Processing file /home/airflow/.local/lib/python3.7/site-packages/airflow/example_dags/tutorial_dag.py for tasks to queue
[2024-04-16T13:09:52.728+0000] {logging_mixin.py:120} INFO - [2024-04-16T13:09:52.728+0000] {dagbag.py:537} INFO - Filling up the DagBag from /home/airflow/.local/lib/python3.7/site-packages/airflow/example_dags/tutorial_dag.py
[2024-04-16T13:09:52.748+0000] {processor.py:766} INFO - DAG(s) dict_keys(['tutorial_dag']) retrieved from /home/airflow/.local/lib/python3.7/site-packages/airflow/example_dags/tutorial_dag.py
[2024-04-16T13:09:52.813+0000] {logging_mixin.py:120} INFO - [2024-04-16T13:09:52.813+0000] {dag.py:2585} INFO - Sync 1 DAGs
[2024-04-16T13:09:52.855+0000] {logging_mixin.py:120} INFO - [2024-04-16T13:09:52.855+0000] {dag.py:3340} INFO - Setting next_dagrun for tutorial_dag to None, run_after=None
[2024-04-16T13:09:52.889+0000] {processor.py:176} INFO - Processing /home/airflow/.local/lib/python3.7/site-packages/airflow/example_dags/tutorial_dag.py took 0.171 seconds
[2024-04-16T13:10:23.516+0000] {processor.py:154} INFO - Started process (PID=1587) to work on /home/airflow/.local/lib/python3.7/site-packages/airflow/example_dags/tutorial_dag.py
[2024-04-16T13:10:23.519+0000] {processor.py:756} INFO - Processing file /home/airflow/.local/lib/python3.7/site-packages/airflow/example_dags/tutorial_dag.py for tasks to queue
[2024-04-16T13:10:23.521+0000] {logging_mixin.py:120} INFO - [2024-04-16T13:10:23.520+0000] {dagbag.py:537} INFO - Filling up the DagBag from /home/airflow/.local/lib/python3.7/site-packages/airflow/example_dags/tutorial_dag.py
[2024-04-16T13:10:23.541+0000] {processor.py:766} INFO - DAG(s) dict_keys(['tutorial_dag']) retrieved from /home/airflow/.local/lib/python3.7/site-packages/airflow/example_dags/tutorial_dag.py
[2024-04-16T13:10:23.607+0000] {logging_mixin.py:120} INFO - [2024-04-16T13:10:23.607+0000] {dag.py:2585} INFO - Sync 1 DAGs
[2024-04-16T13:10:23.644+0000] {logging_mixin.py:120} INFO - [2024-04-16T13:10:23.643+0000] {dag.py:3340} INFO - Setting next_dagrun for tutorial_dag to None, run_after=None
[2024-04-16T13:10:23.675+0000] {processor.py:176} INFO - Processing /home/airflow/.local/lib/python3.7/site-packages/airflow/example_dags/tutorial_dag.py took 0.165 seconds
[2024-04-16T13:10:54.206+0000] {processor.py:154} INFO - Started process (PID=1665) to work on /home/airflow/.local/lib/python3.7/site-packages/airflow/example_dags/tutorial_dag.py
[2024-04-16T13:10:54.214+0000] {processor.py:756} INFO - Processing file /home/airflow/.local/lib/python3.7/site-packages/airflow/example_dags/tutorial_dag.py for tasks to queue
[2024-04-16T13:10:54.216+0000] {logging_mixin.py:120} INFO - [2024-04-16T13:10:54.216+0000] {dagbag.py:537} INFO - Filling up the DagBag from /home/airflow/.local/lib/python3.7/site-packages/airflow/example_dags/tutorial_dag.py
[2024-04-16T13:10:54.247+0000] {processor.py:766} INFO - DAG(s) dict_keys(['tutorial_dag']) retrieved from /home/airflow/.local/lib/python3.7/site-packages/airflow/example_dags/tutorial_dag.py
[2024-04-16T13:10:54.364+0000] {logging_mixin.py:120} INFO - [2024-04-16T13:10:54.364+0000] {dag.py:2585} INFO - Sync 1 DAGs
[2024-04-16T13:10:54.404+0000] {logging_mixin.py:120} INFO - [2024-04-16T13:10:54.404+0000] {dag.py:3340} INFO - Setting next_dagrun for tutorial_dag to None, run_after=None
[2024-04-16T13:10:54.448+0000] {processor.py:176} INFO - Processing /home/airflow/.local/lib/python3.7/site-packages/airflow/example_dags/tutorial_dag.py took 0.260 seconds
[2024-04-16T13:11:25.055+0000] {processor.py:154} INFO - Started process (PID=1734) to work on /home/airflow/.local/lib/python3.7/site-packages/airflow/example_dags/tutorial_dag.py
[2024-04-16T13:11:25.058+0000] {processor.py:756} INFO - Processing file /home/airflow/.local/lib/python3.7/site-packages/airflow/example_dags/tutorial_dag.py for tasks to queue
[2024-04-16T13:11:25.061+0000] {logging_mixin.py:120} INFO - [2024-04-16T13:11:25.060+0000] {dagbag.py:537} INFO - Filling up the DagBag from /home/airflow/.local/lib/python3.7/site-packages/airflow/example_dags/tutorial_dag.py
[2024-04-16T13:11:25.091+0000] {processor.py:766} INFO - DAG(s) dict_keys(['tutorial_dag']) retrieved from /home/airflow/.local/lib/python3.7/site-packages/airflow/example_dags/tutorial_dag.py
[2024-04-16T13:11:25.171+0000] {logging_mixin.py:120} INFO - [2024-04-16T13:11:25.171+0000] {dag.py:2585} INFO - Sync 1 DAGs
[2024-04-16T13:11:25.217+0000] {logging_mixin.py:120} INFO - [2024-04-16T13:11:25.217+0000] {dag.py:3340} INFO - Setting next_dagrun for tutorial_dag to None, run_after=None
[2024-04-16T13:11:25.258+0000] {processor.py:176} INFO - Processing /home/airflow/.local/lib/python3.7/site-packages/airflow/example_dags/tutorial_dag.py took 0.211 seconds
[2024-04-16T13:11:56.404+0000] {processor.py:154} INFO - Started process (PID=1809) to work on /home/airflow/.local/lib/python3.7/site-packages/airflow/example_dags/tutorial_dag.py
[2024-04-16T13:11:56.427+0000] {processor.py:756} INFO - Processing file /home/airflow/.local/lib/python3.7/site-packages/airflow/example_dags/tutorial_dag.py for tasks to queue
[2024-04-16T13:11:56.433+0000] {logging_mixin.py:120} INFO - [2024-04-16T13:11:56.432+0000] {dagbag.py:537} INFO - Filling up the DagBag from /home/airflow/.local/lib/python3.7/site-packages/airflow/example_dags/tutorial_dag.py
[2024-04-16T13:11:56.555+0000] {processor.py:766} INFO - DAG(s) dict_keys(['tutorial_dag']) retrieved from /home/airflow/.local/lib/python3.7/site-packages/airflow/example_dags/tutorial_dag.py
[2024-04-16T13:11:56.933+0000] {logging_mixin.py:120} INFO - [2024-04-16T13:11:56.933+0000] {dag.py:2585} INFO - Sync 1 DAGs
[2024-04-16T13:11:57.102+0000] {logging_mixin.py:120} INFO - [2024-04-16T13:11:57.102+0000] {dag.py:3340} INFO - Setting next_dagrun for tutorial_dag to None, run_after=None
[2024-04-16T13:11:57.194+0000] {processor.py:176} INFO - Processing /home/airflow/.local/lib/python3.7/site-packages/airflow/example_dags/tutorial_dag.py took 0.818 seconds
[2024-04-16T13:12:27.709+0000] {processor.py:154} INFO - Started process (PID=1879) to work on /home/airflow/.local/lib/python3.7/site-packages/airflow/example_dags/tutorial_dag.py
[2024-04-16T13:12:27.711+0000] {processor.py:756} INFO - Processing file /home/airflow/.local/lib/python3.7/site-packages/airflow/example_dags/tutorial_dag.py for tasks to queue
[2024-04-16T13:12:27.715+0000] {logging_mixin.py:120} INFO - [2024-04-16T13:12:27.714+0000] {dagbag.py:537} INFO - Filling up the DagBag from /home/airflow/.local/lib/python3.7/site-packages/airflow/example_dags/tutorial_dag.py
[2024-04-16T13:12:27.744+0000] {processor.py:766} INFO - DAG(s) dict_keys(['tutorial_dag']) retrieved from /home/airflow/.local/lib/python3.7/site-packages/airflow/example_dags/tutorial_dag.py
[2024-04-16T13:12:27.831+0000] {logging_mixin.py:120} INFO - [2024-04-16T13:12:27.830+0000] {dag.py:2585} INFO - Sync 1 DAGs
[2024-04-16T13:12:27.918+0000] {logging_mixin.py:120} INFO - [2024-04-16T13:12:27.917+0000] {dag.py:3340} INFO - Setting next_dagrun for tutorial_dag to None, run_after=None
[2024-04-16T13:12:27.950+0000] {processor.py:176} INFO - Processing /home/airflow/.local/lib/python3.7/site-packages/airflow/example_dags/tutorial_dag.py took 0.251 seconds
[2024-04-16T13:12:58.154+0000] {processor.py:154} INFO - Started process (PID=1956) to work on /home/airflow/.local/lib/python3.7/site-packages/airflow/example_dags/tutorial_dag.py
[2024-04-16T13:12:58.156+0000] {processor.py:756} INFO - Processing file /home/airflow/.local/lib/python3.7/site-packages/airflow/example_dags/tutorial_dag.py for tasks to queue
[2024-04-16T13:12:58.159+0000] {logging_mixin.py:120} INFO - [2024-04-16T13:12:58.158+0000] {dagbag.py:537} INFO - Filling up the DagBag from /home/airflow/.local/lib/python3.7/site-packages/airflow/example_dags/tutorial_dag.py
[2024-04-16T13:12:58.211+0000] {processor.py:766} INFO - DAG(s) dict_keys(['tutorial_dag']) retrieved from /home/airflow/.local/lib/python3.7/site-packages/airflow/example_dags/tutorial_dag.py
[2024-04-16T13:12:58.393+0000] {logging_mixin.py:120} INFO - [2024-04-16T13:12:58.392+0000] {dag.py:2585} INFO - Sync 1 DAGs
[2024-04-16T13:12:58.435+0000] {logging_mixin.py:120} INFO - [2024-04-16T13:12:58.435+0000] {dag.py:3340} INFO - Setting next_dagrun for tutorial_dag to None, run_after=None
[2024-04-16T13:12:58.467+0000] {processor.py:176} INFO - Processing /home/airflow/.local/lib/python3.7/site-packages/airflow/example_dags/tutorial_dag.py took 0.320 seconds
[2024-04-16T13:13:28.782+0000] {processor.py:154} INFO - Started process (PID=2027) to work on /home/airflow/.local/lib/python3.7/site-packages/airflow/example_dags/tutorial_dag.py
[2024-04-16T13:13:28.784+0000] {processor.py:756} INFO - Processing file /home/airflow/.local/lib/python3.7/site-packages/airflow/example_dags/tutorial_dag.py for tasks to queue
[2024-04-16T13:13:28.786+0000] {logging_mixin.py:120} INFO - [2024-04-16T13:13:28.785+0000] {dagbag.py:537} INFO - Filling up the DagBag from /home/airflow/.local/lib/python3.7/site-packages/airflow/example_dags/tutorial_dag.py
[2024-04-16T13:13:28.808+0000] {processor.py:766} INFO - DAG(s) dict_keys(['tutorial_dag']) retrieved from /home/airflow/.local/lib/python3.7/site-packages/airflow/example_dags/tutorial_dag.py
[2024-04-16T13:13:28.875+0000] {logging_mixin.py:120} INFO - [2024-04-16T13:13:28.875+0000] {dag.py:2585} INFO - Sync 1 DAGs
[2024-04-16T13:13:28.911+0000] {logging_mixin.py:120} INFO - [2024-04-16T13:13:28.911+0000] {dag.py:3340} INFO - Setting next_dagrun for tutorial_dag to None, run_after=None
[2024-04-16T13:13:28.941+0000] {processor.py:176} INFO - Processing /home/airflow/.local/lib/python3.7/site-packages/airflow/example_dags/tutorial_dag.py took 0.165 seconds
[2024-04-16T13:13:59.465+0000] {processor.py:154} INFO - Started process (PID=2097) to work on /home/airflow/.local/lib/python3.7/site-packages/airflow/example_dags/tutorial_dag.py
[2024-04-16T13:13:59.468+0000] {processor.py:756} INFO - Processing file /home/airflow/.local/lib/python3.7/site-packages/airflow/example_dags/tutorial_dag.py for tasks to queue
[2024-04-16T13:13:59.469+0000] {logging_mixin.py:120} INFO - [2024-04-16T13:13:59.469+0000] {dagbag.py:537} INFO - Filling up the DagBag from /home/airflow/.local/lib/python3.7/site-packages/airflow/example_dags/tutorial_dag.py
[2024-04-16T13:13:59.496+0000] {processor.py:766} INFO - DAG(s) dict_keys(['tutorial_dag']) retrieved from /home/airflow/.local/lib/python3.7/site-packages/airflow/example_dags/tutorial_dag.py
[2024-04-16T13:13:59.575+0000] {logging_mixin.py:120} INFO - [2024-04-16T13:13:59.575+0000] {dag.py:2585} INFO - Sync 1 DAGs
[2024-04-16T13:13:59.622+0000] {logging_mixin.py:120} INFO - [2024-04-16T13:13:59.622+0000] {dag.py:3340} INFO - Setting next_dagrun for tutorial_dag to None, run_after=None
[2024-04-16T13:13:59.654+0000] {processor.py:176} INFO - Processing /home/airflow/.local/lib/python3.7/site-packages/airflow/example_dags/tutorial_dag.py took 0.203 seconds
[2024-04-16T13:14:30.386+0000] {processor.py:154} INFO - Started process (PID=2175) to work on /home/airflow/.local/lib/python3.7/site-packages/airflow/example_dags/tutorial_dag.py
[2024-04-16T13:14:30.389+0000] {processor.py:756} INFO - Processing file /home/airflow/.local/lib/python3.7/site-packages/airflow/example_dags/tutorial_dag.py for tasks to queue
[2024-04-16T13:14:30.392+0000] {logging_mixin.py:120} INFO - [2024-04-16T13:14:30.391+0000] {dagbag.py:537} INFO - Filling up the DagBag from /home/airflow/.local/lib/python3.7/site-packages/airflow/example_dags/tutorial_dag.py
[2024-04-16T13:14:30.421+0000] {processor.py:766} INFO - DAG(s) dict_keys(['tutorial_dag']) retrieved from /home/airflow/.local/lib/python3.7/site-packages/airflow/example_dags/tutorial_dag.py
[2024-04-16T13:14:30.493+0000] {logging_mixin.py:120} INFO - [2024-04-16T13:14:30.493+0000] {dag.py:2585} INFO - Sync 1 DAGs
[2024-04-16T13:14:30.534+0000] {logging_mixin.py:120} INFO - [2024-04-16T13:14:30.534+0000] {dag.py:3340} INFO - Setting next_dagrun for tutorial_dag to None, run_after=None
[2024-04-16T13:14:30.571+0000] {processor.py:176} INFO - Processing /home/airflow/.local/lib/python3.7/site-packages/airflow/example_dags/tutorial_dag.py took 0.190 seconds
[2024-04-16T13:15:01.359+0000] {processor.py:154} INFO - Started process (PID=2253) to work on /home/airflow/.local/lib/python3.7/site-packages/airflow/example_dags/tutorial_dag.py
[2024-04-16T13:15:01.363+0000] {processor.py:756} INFO - Processing file /home/airflow/.local/lib/python3.7/site-packages/airflow/example_dags/tutorial_dag.py for tasks to queue
[2024-04-16T13:15:01.366+0000] {logging_mixin.py:120} INFO - [2024-04-16T13:15:01.366+0000] {dagbag.py:537} INFO - Filling up the DagBag from /home/airflow/.local/lib/python3.7/site-packages/airflow/example_dags/tutorial_dag.py
[2024-04-16T13:15:01.397+0000] {processor.py:766} INFO - DAG(s) dict_keys(['tutorial_dag']) retrieved from /home/airflow/.local/lib/python3.7/site-packages/airflow/example_dags/tutorial_dag.py
[2024-04-16T13:15:01.481+0000] {logging_mixin.py:120} INFO - [2024-04-16T13:15:01.480+0000] {dag.py:2585} INFO - Sync 1 DAGs
[2024-04-16T13:15:01.591+0000] {logging_mixin.py:120} INFO - [2024-04-16T13:15:01.591+0000] {dag.py:3340} INFO - Setting next_dagrun for tutorial_dag to None, run_after=None
[2024-04-16T13:15:01.622+0000] {processor.py:176} INFO - Processing /home/airflow/.local/lib/python3.7/site-packages/airflow/example_dags/tutorial_dag.py took 0.272 seconds
[2024-04-16T13:15:31.739+0000] {processor.py:154} INFO - Started process (PID=2321) to work on /home/airflow/.local/lib/python3.7/site-packages/airflow/example_dags/tutorial_dag.py
[2024-04-16T13:15:31.743+0000] {processor.py:756} INFO - Processing file /home/airflow/.local/lib/python3.7/site-packages/airflow/example_dags/tutorial_dag.py for tasks to queue
[2024-04-16T13:15:31.747+0000] {logging_mixin.py:120} INFO - [2024-04-16T13:15:31.747+0000] {dagbag.py:537} INFO - Filling up the DagBag from /home/airflow/.local/lib/python3.7/site-packages/airflow/example_dags/tutorial_dag.py
[2024-04-16T13:15:31.779+0000] {processor.py:766} INFO - DAG(s) dict_keys(['tutorial_dag']) retrieved from /home/airflow/.local/lib/python3.7/site-packages/airflow/example_dags/tutorial_dag.py
[2024-04-16T13:15:31.860+0000] {logging_mixin.py:120} INFO - [2024-04-16T13:15:31.860+0000] {dag.py:2585} INFO - Sync 1 DAGs
[2024-04-16T13:15:31.907+0000] {logging_mixin.py:120} INFO - [2024-04-16T13:15:31.907+0000] {dag.py:3340} INFO - Setting next_dagrun for tutorial_dag to None, run_after=None
[2024-04-16T13:15:31.952+0000] {processor.py:176} INFO - Processing /home/airflow/.local/lib/python3.7/site-packages/airflow/example_dags/tutorial_dag.py took 0.220 seconds
[2024-04-16T13:16:02.390+0000] {processor.py:154} INFO - Started process (PID=2399) to work on /home/airflow/.local/lib/python3.7/site-packages/airflow/example_dags/tutorial_dag.py
[2024-04-16T13:16:02.393+0000] {processor.py:756} INFO - Processing file /home/airflow/.local/lib/python3.7/site-packages/airflow/example_dags/tutorial_dag.py for tasks to queue
[2024-04-16T13:16:02.394+0000] {logging_mixin.py:120} INFO - [2024-04-16T13:16:02.394+0000] {dagbag.py:537} INFO - Filling up the DagBag from /home/airflow/.local/lib/python3.7/site-packages/airflow/example_dags/tutorial_dag.py
[2024-04-16T13:16:02.419+0000] {processor.py:766} INFO - DAG(s) dict_keys(['tutorial_dag']) retrieved from /home/airflow/.local/lib/python3.7/site-packages/airflow/example_dags/tutorial_dag.py
[2024-04-16T13:16:02.467+0000] {logging_mixin.py:120} INFO - [2024-04-16T13:16:02.467+0000] {dag.py:2585} INFO - Sync 1 DAGs
[2024-04-16T13:16:02.515+0000] {logging_mixin.py:120} INFO - [2024-04-16T13:16:02.515+0000] {dag.py:3340} INFO - Setting next_dagrun for tutorial_dag to None, run_after=None
[2024-04-16T13:16:02.550+0000] {processor.py:176} INFO - Processing /home/airflow/.local/lib/python3.7/site-packages/airflow/example_dags/tutorial_dag.py took 0.201 seconds
[2024-04-16T13:16:33.458+0000] {processor.py:154} INFO - Started process (PID=2468) to work on /home/airflow/.local/lib/python3.7/site-packages/airflow/example_dags/tutorial_dag.py
[2024-04-16T13:16:33.460+0000] {processor.py:756} INFO - Processing file /home/airflow/.local/lib/python3.7/site-packages/airflow/example_dags/tutorial_dag.py for tasks to queue
[2024-04-16T13:16:33.464+0000] {logging_mixin.py:120} INFO - [2024-04-16T13:16:33.464+0000] {dagbag.py:537} INFO - Filling up the DagBag from /home/airflow/.local/lib/python3.7/site-packages/airflow/example_dags/tutorial_dag.py
[2024-04-16T13:16:33.497+0000] {processor.py:766} INFO - DAG(s) dict_keys(['tutorial_dag']) retrieved from /home/airflow/.local/lib/python3.7/site-packages/airflow/example_dags/tutorial_dag.py
[2024-04-16T13:16:33.580+0000] {logging_mixin.py:120} INFO - [2024-04-16T13:16:33.579+0000] {dag.py:2585} INFO - Sync 1 DAGs
[2024-04-16T13:16:33.624+0000] {logging_mixin.py:120} INFO - [2024-04-16T13:16:33.623+0000] {dag.py:3340} INFO - Setting next_dagrun for tutorial_dag to None, run_after=None
[2024-04-16T13:16:33.656+0000] {processor.py:176} INFO - Processing /home/airflow/.local/lib/python3.7/site-packages/airflow/example_dags/tutorial_dag.py took 0.209 seconds
[2024-04-16T13:17:03.720+0000] {processor.py:154} INFO - Started process (PID=2546) to work on /home/airflow/.local/lib/python3.7/site-packages/airflow/example_dags/tutorial_dag.py
[2024-04-16T13:17:03.722+0000] {processor.py:756} INFO - Processing file /home/airflow/.local/lib/python3.7/site-packages/airflow/example_dags/tutorial_dag.py for tasks to queue
[2024-04-16T13:17:03.724+0000] {logging_mixin.py:120} INFO - [2024-04-16T13:17:03.724+0000] {dagbag.py:537} INFO - Filling up the DagBag from /home/airflow/.local/lib/python3.7/site-packages/airflow/example_dags/tutorial_dag.py
[2024-04-16T13:17:03.745+0000] {processor.py:766} INFO - DAG(s) dict_keys(['tutorial_dag']) retrieved from /home/airflow/.local/lib/python3.7/site-packages/airflow/example_dags/tutorial_dag.py
[2024-04-16T13:17:03.812+0000] {logging_mixin.py:120} INFO - [2024-04-16T13:17:03.812+0000] {dag.py:2585} INFO - Sync 1 DAGs
[2024-04-16T13:17:03.850+0000] {logging_mixin.py:120} INFO - [2024-04-16T13:17:03.850+0000] {dag.py:3340} INFO - Setting next_dagrun for tutorial_dag to None, run_after=None
[2024-04-16T13:17:03.881+0000] {processor.py:176} INFO - Processing /home/airflow/.local/lib/python3.7/site-packages/airflow/example_dags/tutorial_dag.py took 0.167 seconds
[2024-04-16T13:17:34.694+0000] {processor.py:154} INFO - Started process (PID=2615) to work on /home/airflow/.local/lib/python3.7/site-packages/airflow/example_dags/tutorial_dag.py
[2024-04-16T13:17:34.696+0000] {processor.py:756} INFO - Processing file /home/airflow/.local/lib/python3.7/site-packages/airflow/example_dags/tutorial_dag.py for tasks to queue
[2024-04-16T13:17:34.698+0000] {logging_mixin.py:120} INFO - [2024-04-16T13:17:34.698+0000] {dagbag.py:537} INFO - Filling up the DagBag from /home/airflow/.local/lib/python3.7/site-packages/airflow/example_dags/tutorial_dag.py
[2024-04-16T13:17:34.739+0000] {processor.py:766} INFO - DAG(s) dict_keys(['tutorial_dag']) retrieved from /home/airflow/.local/lib/python3.7/site-packages/airflow/example_dags/tutorial_dag.py
[2024-04-16T13:17:34.822+0000] {logging_mixin.py:120} INFO - [2024-04-16T13:17:34.822+0000] {dag.py:2585} INFO - Sync 1 DAGs
[2024-04-16T13:17:34.871+0000] {logging_mixin.py:120} INFO - [2024-04-16T13:17:34.871+0000] {dag.py:3340} INFO - Setting next_dagrun for tutorial_dag to None, run_after=None
[2024-04-16T13:17:34.903+0000] {processor.py:176} INFO - Processing /home/airflow/.local/lib/python3.7/site-packages/airflow/example_dags/tutorial_dag.py took 0.215 seconds
[2024-04-16T13:18:05.583+0000] {processor.py:154} INFO - Started process (PID=2691) to work on /home/airflow/.local/lib/python3.7/site-packages/airflow/example_dags/tutorial_dag.py
[2024-04-16T13:18:05.587+0000] {processor.py:756} INFO - Processing file /home/airflow/.local/lib/python3.7/site-packages/airflow/example_dags/tutorial_dag.py for tasks to queue
[2024-04-16T13:18:05.589+0000] {logging_mixin.py:120} INFO - [2024-04-16T13:18:05.589+0000] {dagbag.py:537} INFO - Filling up the DagBag from /home/airflow/.local/lib/python3.7/site-packages/airflow/example_dags/tutorial_dag.py
[2024-04-16T13:18:05.611+0000] {processor.py:766} INFO - DAG(s) dict_keys(['tutorial_dag']) retrieved from /home/airflow/.local/lib/python3.7/site-packages/airflow/example_dags/tutorial_dag.py
[2024-04-16T13:18:05.676+0000] {logging_mixin.py:120} INFO - [2024-04-16T13:18:05.676+0000] {dag.py:2585} INFO - Sync 1 DAGs
[2024-04-16T13:18:05.714+0000] {logging_mixin.py:120} INFO - [2024-04-16T13:18:05.713+0000] {dag.py:3340} INFO - Setting next_dagrun for tutorial_dag to None, run_after=None
[2024-04-16T13:18:05.744+0000] {processor.py:176} INFO - Processing /home/airflow/.local/lib/python3.7/site-packages/airflow/example_dags/tutorial_dag.py took 0.167 seconds
[2024-04-16T13:18:36.822+0000] {processor.py:154} INFO - Started process (PID=2768) to work on /home/airflow/.local/lib/python3.7/site-packages/airflow/example_dags/tutorial_dag.py
[2024-04-16T13:18:36.825+0000] {processor.py:756} INFO - Processing file /home/airflow/.local/lib/python3.7/site-packages/airflow/example_dags/tutorial_dag.py for tasks to queue
[2024-04-16T13:18:36.829+0000] {logging_mixin.py:120} INFO - [2024-04-16T13:18:36.828+0000] {dagbag.py:537} INFO - Filling up the DagBag from /home/airflow/.local/lib/python3.7/site-packages/airflow/example_dags/tutorial_dag.py
[2024-04-16T13:18:36.855+0000] {processor.py:766} INFO - DAG(s) dict_keys(['tutorial_dag']) retrieved from /home/airflow/.local/lib/python3.7/site-packages/airflow/example_dags/tutorial_dag.py
[2024-04-16T13:18:36.928+0000] {logging_mixin.py:120} INFO - [2024-04-16T13:18:36.928+0000] {dag.py:2585} INFO - Sync 1 DAGs
[2024-04-16T13:18:36.965+0000] {logging_mixin.py:120} INFO - [2024-04-16T13:18:36.964+0000] {dag.py:3340} INFO - Setting next_dagrun for tutorial_dag to None, run_after=None
[2024-04-16T13:18:36.998+0000] {processor.py:176} INFO - Processing /home/airflow/.local/lib/python3.7/site-packages/airflow/example_dags/tutorial_dag.py took 0.183 seconds
[2024-04-16T13:19:07.697+0000] {processor.py:154} INFO - Started process (PID=2836) to work on /home/airflow/.local/lib/python3.7/site-packages/airflow/example_dags/tutorial_dag.py
[2024-04-16T13:19:07.699+0000] {processor.py:756} INFO - Processing file /home/airflow/.local/lib/python3.7/site-packages/airflow/example_dags/tutorial_dag.py for tasks to queue
[2024-04-16T13:19:07.701+0000] {logging_mixin.py:120} INFO - [2024-04-16T13:19:07.701+0000] {dagbag.py:537} INFO - Filling up the DagBag from /home/airflow/.local/lib/python3.7/site-packages/airflow/example_dags/tutorial_dag.py
[2024-04-16T13:19:07.728+0000] {processor.py:766} INFO - DAG(s) dict_keys(['tutorial_dag']) retrieved from /home/airflow/.local/lib/python3.7/site-packages/airflow/example_dags/tutorial_dag.py
[2024-04-16T13:19:07.800+0000] {logging_mixin.py:120} INFO - [2024-04-16T13:19:07.799+0000] {dag.py:2585} INFO - Sync 1 DAGs
[2024-04-16T13:19:07.849+0000] {logging_mixin.py:120} INFO - [2024-04-16T13:19:07.849+0000] {dag.py:3340} INFO - Setting next_dagrun for tutorial_dag to None, run_after=None
[2024-04-16T13:19:07.888+0000] {processor.py:176} INFO - Processing /home/airflow/.local/lib/python3.7/site-packages/airflow/example_dags/tutorial_dag.py took 0.201 seconds
[2024-04-16T13:19:37.970+0000] {processor.py:154} INFO - Started process (PID=2912) to work on /home/airflow/.local/lib/python3.7/site-packages/airflow/example_dags/tutorial_dag.py
[2024-04-16T13:19:37.972+0000] {processor.py:756} INFO - Processing file /home/airflow/.local/lib/python3.7/site-packages/airflow/example_dags/tutorial_dag.py for tasks to queue
[2024-04-16T13:19:37.974+0000] {logging_mixin.py:120} INFO - [2024-04-16T13:19:37.974+0000] {dagbag.py:537} INFO - Filling up the DagBag from /home/airflow/.local/lib/python3.7/site-packages/airflow/example_dags/tutorial_dag.py
[2024-04-16T13:19:37.995+0000] {processor.py:766} INFO - DAG(s) dict_keys(['tutorial_dag']) retrieved from /home/airflow/.local/lib/python3.7/site-packages/airflow/example_dags/tutorial_dag.py
[2024-04-16T13:19:38.060+0000] {logging_mixin.py:120} INFO - [2024-04-16T13:19:38.060+0000] {dag.py:2585} INFO - Sync 1 DAGs
[2024-04-16T13:19:38.100+0000] {logging_mixin.py:120} INFO - [2024-04-16T13:19:38.100+0000] {dag.py:3340} INFO - Setting next_dagrun for tutorial_dag to None, run_after=None
[2024-04-16T13:19:38.135+0000] {processor.py:176} INFO - Processing /home/airflow/.local/lib/python3.7/site-packages/airflow/example_dags/tutorial_dag.py took 0.170 seconds
[2024-04-16T13:20:08.720+0000] {processor.py:154} INFO - Started process (PID=2980) to work on /home/airflow/.local/lib/python3.7/site-packages/airflow/example_dags/tutorial_dag.py
[2024-04-16T13:20:08.722+0000] {processor.py:756} INFO - Processing file /home/airflow/.local/lib/python3.7/site-packages/airflow/example_dags/tutorial_dag.py for tasks to queue
[2024-04-16T13:20:08.724+0000] {logging_mixin.py:120} INFO - [2024-04-16T13:20:08.724+0000] {dagbag.py:537} INFO - Filling up the DagBag from /home/airflow/.local/lib/python3.7/site-packages/airflow/example_dags/tutorial_dag.py
[2024-04-16T13:20:08.748+0000] {processor.py:766} INFO - DAG(s) dict_keys(['tutorial_dag']) retrieved from /home/airflow/.local/lib/python3.7/site-packages/airflow/example_dags/tutorial_dag.py
[2024-04-16T13:20:08.815+0000] {logging_mixin.py:120} INFO - [2024-04-16T13:20:08.814+0000] {dag.py:2585} INFO - Sync 1 DAGs
[2024-04-16T13:20:08.853+0000] {logging_mixin.py:120} INFO - [2024-04-16T13:20:08.852+0000] {dag.py:3340} INFO - Setting next_dagrun for tutorial_dag to None, run_after=None
[2024-04-16T13:20:08.884+0000] {processor.py:176} INFO - Processing /home/airflow/.local/lib/python3.7/site-packages/airflow/example_dags/tutorial_dag.py took 0.169 seconds
[2024-04-16T13:20:39.219+0000] {processor.py:154} INFO - Started process (PID=3059) to work on /home/airflow/.local/lib/python3.7/site-packages/airflow/example_dags/tutorial_dag.py
[2024-04-16T13:20:39.227+0000] {processor.py:756} INFO - Processing file /home/airflow/.local/lib/python3.7/site-packages/airflow/example_dags/tutorial_dag.py for tasks to queue
[2024-04-16T13:20:39.229+0000] {logging_mixin.py:120} INFO - [2024-04-16T13:20:39.229+0000] {dagbag.py:537} INFO - Filling up the DagBag from /home/airflow/.local/lib/python3.7/site-packages/airflow/example_dags/tutorial_dag.py
[2024-04-16T13:20:39.305+0000] {processor.py:766} INFO - DAG(s) dict_keys(['tutorial_dag']) retrieved from /home/airflow/.local/lib/python3.7/site-packages/airflow/example_dags/tutorial_dag.py
[2024-04-16T13:20:39.380+0000] {logging_mixin.py:120} INFO - [2024-04-16T13:20:39.380+0000] {dag.py:2585} INFO - Sync 1 DAGs
[2024-04-16T13:20:39.417+0000] {logging_mixin.py:120} INFO - [2024-04-16T13:20:39.416+0000] {dag.py:3340} INFO - Setting next_dagrun for tutorial_dag to None, run_after=None
[2024-04-16T13:20:39.451+0000] {processor.py:176} INFO - Processing /home/airflow/.local/lib/python3.7/site-packages/airflow/example_dags/tutorial_dag.py took 0.242 seconds
[2024-04-16T13:21:10.219+0000] {processor.py:154} INFO - Started process (PID=3126) to work on /home/airflow/.local/lib/python3.7/site-packages/airflow/example_dags/tutorial_dag.py
[2024-04-16T13:21:10.223+0000] {processor.py:756} INFO - Processing file /home/airflow/.local/lib/python3.7/site-packages/airflow/example_dags/tutorial_dag.py for tasks to queue
[2024-04-16T13:21:10.227+0000] {logging_mixin.py:120} INFO - [2024-04-16T13:21:10.226+0000] {dagbag.py:537} INFO - Filling up the DagBag from /home/airflow/.local/lib/python3.7/site-packages/airflow/example_dags/tutorial_dag.py
[2024-04-16T13:21:10.261+0000] {processor.py:766} INFO - DAG(s) dict_keys(['tutorial_dag']) retrieved from /home/airflow/.local/lib/python3.7/site-packages/airflow/example_dags/tutorial_dag.py
[2024-04-16T13:21:10.346+0000] {logging_mixin.py:120} INFO - [2024-04-16T13:21:10.346+0000] {dag.py:2585} INFO - Sync 1 DAGs
[2024-04-16T13:21:10.387+0000] {logging_mixin.py:120} INFO - [2024-04-16T13:21:10.387+0000] {dag.py:3340} INFO - Setting next_dagrun for tutorial_dag to None, run_after=None
[2024-04-16T13:21:10.419+0000] {processor.py:176} INFO - Processing /home/airflow/.local/lib/python3.7/site-packages/airflow/example_dags/tutorial_dag.py took 0.209 seconds
[2024-04-16T13:21:40.680+0000] {processor.py:154} INFO - Started process (PID=3205) to work on /home/airflow/.local/lib/python3.7/site-packages/airflow/example_dags/tutorial_dag.py
[2024-04-16T13:21:40.693+0000] {processor.py:756} INFO - Processing file /home/airflow/.local/lib/python3.7/site-packages/airflow/example_dags/tutorial_dag.py for tasks to queue
[2024-04-16T13:21:40.697+0000] {logging_mixin.py:120} INFO - [2024-04-16T13:21:40.696+0000] {dagbag.py:537} INFO - Filling up the DagBag from /home/airflow/.local/lib/python3.7/site-packages/airflow/example_dags/tutorial_dag.py
[2024-04-16T13:21:40.745+0000] {processor.py:766} INFO - DAG(s) dict_keys(['tutorial_dag']) retrieved from /home/airflow/.local/lib/python3.7/site-packages/airflow/example_dags/tutorial_dag.py
[2024-04-16T13:21:40.852+0000] {logging_mixin.py:120} INFO - [2024-04-16T13:21:40.852+0000] {dag.py:2585} INFO - Sync 1 DAGs
[2024-04-16T13:21:40.923+0000] {logging_mixin.py:120} INFO - [2024-04-16T13:21:40.922+0000] {dag.py:3340} INFO - Setting next_dagrun for tutorial_dag to None, run_after=None
[2024-04-16T13:21:40.974+0000] {processor.py:176} INFO - Processing /home/airflow/.local/lib/python3.7/site-packages/airflow/example_dags/tutorial_dag.py took 0.307 seconds
[2024-04-16T13:22:11.087+0000] {processor.py:154} INFO - Started process (PID=3274) to work on /home/airflow/.local/lib/python3.7/site-packages/airflow/example_dags/tutorial_dag.py
[2024-04-16T13:22:11.089+0000] {processor.py:756} INFO - Processing file /home/airflow/.local/lib/python3.7/site-packages/airflow/example_dags/tutorial_dag.py for tasks to queue
[2024-04-16T13:22:11.091+0000] {logging_mixin.py:120} INFO - [2024-04-16T13:22:11.091+0000] {dagbag.py:537} INFO - Filling up the DagBag from /home/airflow/.local/lib/python3.7/site-packages/airflow/example_dags/tutorial_dag.py
[2024-04-16T13:22:11.112+0000] {processor.py:766} INFO - DAG(s) dict_keys(['tutorial_dag']) retrieved from /home/airflow/.local/lib/python3.7/site-packages/airflow/example_dags/tutorial_dag.py
[2024-04-16T13:22:11.183+0000] {logging_mixin.py:120} INFO - [2024-04-16T13:22:11.182+0000] {dag.py:2585} INFO - Sync 1 DAGs
[2024-04-16T13:22:11.228+0000] {logging_mixin.py:120} INFO - [2024-04-16T13:22:11.228+0000] {dag.py:3340} INFO - Setting next_dagrun for tutorial_dag to None, run_after=None
[2024-04-16T13:22:11.266+0000] {processor.py:176} INFO - Processing /home/airflow/.local/lib/python3.7/site-packages/airflow/example_dags/tutorial_dag.py took 0.184 seconds
[2024-04-16T13:22:41.789+0000] {processor.py:154} INFO - Started process (PID=3343) to work on /home/airflow/.local/lib/python3.7/site-packages/airflow/example_dags/tutorial_dag.py
[2024-04-16T13:22:41.794+0000] {processor.py:756} INFO - Processing file /home/airflow/.local/lib/python3.7/site-packages/airflow/example_dags/tutorial_dag.py for tasks to queue
[2024-04-16T13:22:41.796+0000] {logging_mixin.py:120} INFO - [2024-04-16T13:22:41.796+0000] {dagbag.py:537} INFO - Filling up the DagBag from /home/airflow/.local/lib/python3.7/site-packages/airflow/example_dags/tutorial_dag.py
[2024-04-16T13:22:41.818+0000] {processor.py:766} INFO - DAG(s) dict_keys(['tutorial_dag']) retrieved from /home/airflow/.local/lib/python3.7/site-packages/airflow/example_dags/tutorial_dag.py
[2024-04-16T13:22:41.879+0000] {logging_mixin.py:120} INFO - [2024-04-16T13:22:41.878+0000] {dag.py:2585} INFO - Sync 1 DAGs
[2024-04-16T13:22:41.915+0000] {logging_mixin.py:120} INFO - [2024-04-16T13:22:41.915+0000] {dag.py:3340} INFO - Setting next_dagrun for tutorial_dag to None, run_after=None
[2024-04-16T13:22:41.943+0000] {processor.py:176} INFO - Processing /home/airflow/.local/lib/python3.7/site-packages/airflow/example_dags/tutorial_dag.py took 0.161 seconds
[2024-04-16T13:23:12.718+0000] {processor.py:154} INFO - Started process (PID=3421) to work on /home/airflow/.local/lib/python3.7/site-packages/airflow/example_dags/tutorial_dag.py
[2024-04-16T13:23:12.720+0000] {processor.py:756} INFO - Processing file /home/airflow/.local/lib/python3.7/site-packages/airflow/example_dags/tutorial_dag.py for tasks to queue
[2024-04-16T13:23:12.722+0000] {logging_mixin.py:120} INFO - [2024-04-16T13:23:12.722+0000] {dagbag.py:537} INFO - Filling up the DagBag from /home/airflow/.local/lib/python3.7/site-packages/airflow/example_dags/tutorial_dag.py
[2024-04-16T13:23:12.748+0000] {processor.py:766} INFO - DAG(s) dict_keys(['tutorial_dag']) retrieved from /home/airflow/.local/lib/python3.7/site-packages/airflow/example_dags/tutorial_dag.py
[2024-04-16T13:23:12.820+0000] {logging_mixin.py:120} INFO - [2024-04-16T13:23:12.819+0000] {dag.py:2585} INFO - Sync 1 DAGs
[2024-04-16T13:23:12.858+0000] {logging_mixin.py:120} INFO - [2024-04-16T13:23:12.858+0000] {dag.py:3340} INFO - Setting next_dagrun for tutorial_dag to None, run_after=None
[2024-04-16T13:23:12.890+0000] {processor.py:176} INFO - Processing /home/airflow/.local/lib/python3.7/site-packages/airflow/example_dags/tutorial_dag.py took 0.178 seconds
[2024-04-16T13:23:43.623+0000] {processor.py:154} INFO - Started process (PID=3490) to work on /home/airflow/.local/lib/python3.7/site-packages/airflow/example_dags/tutorial_dag.py
[2024-04-16T13:23:43.629+0000] {processor.py:756} INFO - Processing file /home/airflow/.local/lib/python3.7/site-packages/airflow/example_dags/tutorial_dag.py for tasks to queue
[2024-04-16T13:23:43.631+0000] {logging_mixin.py:120} INFO - [2024-04-16T13:23:43.630+0000] {dagbag.py:537} INFO - Filling up the DagBag from /home/airflow/.local/lib/python3.7/site-packages/airflow/example_dags/tutorial_dag.py
[2024-04-16T13:23:43.654+0000] {processor.py:766} INFO - DAG(s) dict_keys(['tutorial_dag']) retrieved from /home/airflow/.local/lib/python3.7/site-packages/airflow/example_dags/tutorial_dag.py
[2024-04-16T13:23:43.720+0000] {logging_mixin.py:120} INFO - [2024-04-16T13:23:43.720+0000] {dag.py:2585} INFO - Sync 1 DAGs
[2024-04-16T13:23:43.757+0000] {logging_mixin.py:120} INFO - [2024-04-16T13:23:43.756+0000] {dag.py:3340} INFO - Setting next_dagrun for tutorial_dag to None, run_after=None
[2024-04-16T13:23:43.790+0000] {processor.py:176} INFO - Processing /home/airflow/.local/lib/python3.7/site-packages/airflow/example_dags/tutorial_dag.py took 0.174 seconds
[2024-04-16T13:24:14.581+0000] {processor.py:154} INFO - Started process (PID=3569) to work on /home/airflow/.local/lib/python3.7/site-packages/airflow/example_dags/tutorial_dag.py
[2024-04-16T13:24:14.583+0000] {processor.py:756} INFO - Processing file /home/airflow/.local/lib/python3.7/site-packages/airflow/example_dags/tutorial_dag.py for tasks to queue
[2024-04-16T13:24:14.584+0000] {logging_mixin.py:120} INFO - [2024-04-16T13:24:14.584+0000] {dagbag.py:537} INFO - Filling up the DagBag from /home/airflow/.local/lib/python3.7/site-packages/airflow/example_dags/tutorial_dag.py
[2024-04-16T13:24:14.605+0000] {processor.py:766} INFO - DAG(s) dict_keys(['tutorial_dag']) retrieved from /home/airflow/.local/lib/python3.7/site-packages/airflow/example_dags/tutorial_dag.py
[2024-04-16T13:24:14.671+0000] {logging_mixin.py:120} INFO - [2024-04-16T13:24:14.671+0000] {dag.py:2585} INFO - Sync 1 DAGs
[2024-04-16T13:24:14.713+0000] {logging_mixin.py:120} INFO - [2024-04-16T13:24:14.712+0000] {dag.py:3340} INFO - Setting next_dagrun for tutorial_dag to None, run_after=None
[2024-04-16T13:24:14.750+0000] {processor.py:176} INFO - Processing /home/airflow/.local/lib/python3.7/site-packages/airflow/example_dags/tutorial_dag.py took 0.175 seconds
[2024-04-16T13:24:45.470+0000] {processor.py:154} INFO - Started process (PID=3638) to work on /home/airflow/.local/lib/python3.7/site-packages/airflow/example_dags/tutorial_dag.py
[2024-04-16T13:24:45.472+0000] {processor.py:756} INFO - Processing file /home/airflow/.local/lib/python3.7/site-packages/airflow/example_dags/tutorial_dag.py for tasks to queue
[2024-04-16T13:24:45.475+0000] {logging_mixin.py:120} INFO - [2024-04-16T13:24:45.474+0000] {dagbag.py:537} INFO - Filling up the DagBag from /home/airflow/.local/lib/python3.7/site-packages/airflow/example_dags/tutorial_dag.py
[2024-04-16T13:24:45.496+0000] {processor.py:766} INFO - DAG(s) dict_keys(['tutorial_dag']) retrieved from /home/airflow/.local/lib/python3.7/site-packages/airflow/example_dags/tutorial_dag.py
[2024-04-16T13:24:45.564+0000] {logging_mixin.py:120} INFO - [2024-04-16T13:24:45.563+0000] {dag.py:2585} INFO - Sync 1 DAGs
[2024-04-16T13:24:45.614+0000] {logging_mixin.py:120} INFO - [2024-04-16T13:24:45.614+0000] {dag.py:3340} INFO - Setting next_dagrun for tutorial_dag to None, run_after=None
[2024-04-16T13:24:45.649+0000] {processor.py:176} INFO - Processing /home/airflow/.local/lib/python3.7/site-packages/airflow/example_dags/tutorial_dag.py took 0.185 seconds
[2024-04-16T13:25:16.422+0000] {processor.py:154} INFO - Started process (PID=3716) to work on /home/airflow/.local/lib/python3.7/site-packages/airflow/example_dags/tutorial_dag.py
[2024-04-16T13:25:16.423+0000] {processor.py:756} INFO - Processing file /home/airflow/.local/lib/python3.7/site-packages/airflow/example_dags/tutorial_dag.py for tasks to queue
[2024-04-16T13:25:16.425+0000] {logging_mixin.py:120} INFO - [2024-04-16T13:25:16.425+0000] {dagbag.py:537} INFO - Filling up the DagBag from /home/airflow/.local/lib/python3.7/site-packages/airflow/example_dags/tutorial_dag.py
[2024-04-16T13:25:16.446+0000] {processor.py:766} INFO - DAG(s) dict_keys(['tutorial_dag']) retrieved from /home/airflow/.local/lib/python3.7/site-packages/airflow/example_dags/tutorial_dag.py
[2024-04-16T13:25:16.506+0000] {logging_mixin.py:120} INFO - [2024-04-16T13:25:16.506+0000] {dag.py:2585} INFO - Sync 1 DAGs
[2024-04-16T13:25:16.547+0000] {logging_mixin.py:120} INFO - [2024-04-16T13:25:16.547+0000] {dag.py:3340} INFO - Setting next_dagrun for tutorial_dag to None, run_after=None
[2024-04-16T13:25:16.585+0000] {processor.py:176} INFO - Processing /home/airflow/.local/lib/python3.7/site-packages/airflow/example_dags/tutorial_dag.py took 0.169 seconds
[2024-04-16T13:25:46.911+0000] {processor.py:154} INFO - Started process (PID=3785) to work on /home/airflow/.local/lib/python3.7/site-packages/airflow/example_dags/tutorial_dag.py
[2024-04-16T13:25:46.915+0000] {processor.py:756} INFO - Processing file /home/airflow/.local/lib/python3.7/site-packages/airflow/example_dags/tutorial_dag.py for tasks to queue
[2024-04-16T13:25:46.917+0000] {logging_mixin.py:120} INFO - [2024-04-16T13:25:46.917+0000] {dagbag.py:537} INFO - Filling up the DagBag from /home/airflow/.local/lib/python3.7/site-packages/airflow/example_dags/tutorial_dag.py
[2024-04-16T13:25:46.940+0000] {processor.py:766} INFO - DAG(s) dict_keys(['tutorial_dag']) retrieved from /home/airflow/.local/lib/python3.7/site-packages/airflow/example_dags/tutorial_dag.py
[2024-04-16T13:25:47.019+0000] {logging_mixin.py:120} INFO - [2024-04-16T13:25:47.019+0000] {dag.py:2585} INFO - Sync 1 DAGs
[2024-04-16T13:25:47.059+0000] {logging_mixin.py:120} INFO - [2024-04-16T13:25:47.059+0000] {dag.py:3340} INFO - Setting next_dagrun for tutorial_dag to None, run_after=None
[2024-04-16T13:25:47.093+0000] {processor.py:176} INFO - Processing /home/airflow/.local/lib/python3.7/site-packages/airflow/example_dags/tutorial_dag.py took 0.191 seconds
[2024-04-16T13:26:17.412+0000] {processor.py:154} INFO - Started process (PID=3863) to work on /home/airflow/.local/lib/python3.7/site-packages/airflow/example_dags/tutorial_dag.py
[2024-04-16T13:26:17.414+0000] {processor.py:756} INFO - Processing file /home/airflow/.local/lib/python3.7/site-packages/airflow/example_dags/tutorial_dag.py for tasks to queue
[2024-04-16T13:26:17.416+0000] {logging_mixin.py:120} INFO - [2024-04-16T13:26:17.416+0000] {dagbag.py:537} INFO - Filling up the DagBag from /home/airflow/.local/lib/python3.7/site-packages/airflow/example_dags/tutorial_dag.py
[2024-04-16T13:26:17.439+0000] {processor.py:766} INFO - DAG(s) dict_keys(['tutorial_dag']) retrieved from /home/airflow/.local/lib/python3.7/site-packages/airflow/example_dags/tutorial_dag.py
[2024-04-16T13:26:17.506+0000] {logging_mixin.py:120} INFO - [2024-04-16T13:26:17.506+0000] {dag.py:2585} INFO - Sync 1 DAGs
[2024-04-16T13:26:17.544+0000] {logging_mixin.py:120} INFO - [2024-04-16T13:26:17.544+0000] {dag.py:3340} INFO - Setting next_dagrun for tutorial_dag to None, run_after=None
[2024-04-16T13:26:17.574+0000] {processor.py:176} INFO - Processing /home/airflow/.local/lib/python3.7/site-packages/airflow/example_dags/tutorial_dag.py took 0.168 seconds
[2024-04-16T13:26:48.514+0000] {processor.py:154} INFO - Started process (PID=3933) to work on /home/airflow/.local/lib/python3.7/site-packages/airflow/example_dags/tutorial_dag.py
[2024-04-16T13:26:48.516+0000] {processor.py:756} INFO - Processing file /home/airflow/.local/lib/python3.7/site-packages/airflow/example_dags/tutorial_dag.py for tasks to queue
[2024-04-16T13:26:48.518+0000] {logging_mixin.py:120} INFO - [2024-04-16T13:26:48.518+0000] {dagbag.py:537} INFO - Filling up the DagBag from /home/airflow/.local/lib/python3.7/site-packages/airflow/example_dags/tutorial_dag.py
[2024-04-16T13:26:48.546+0000] {processor.py:766} INFO - DAG(s) dict_keys(['tutorial_dag']) retrieved from /home/airflow/.local/lib/python3.7/site-packages/airflow/example_dags/tutorial_dag.py
[2024-04-16T13:26:48.637+0000] {logging_mixin.py:120} INFO - [2024-04-16T13:26:48.637+0000] {dag.py:2585} INFO - Sync 1 DAGs
[2024-04-16T13:26:48.680+0000] {logging_mixin.py:120} INFO - [2024-04-16T13:26:48.680+0000] {dag.py:3340} INFO - Setting next_dagrun for tutorial_dag to None, run_after=None
[2024-04-16T13:26:48.711+0000] {processor.py:176} INFO - Processing /home/airflow/.local/lib/python3.7/site-packages/airflow/example_dags/tutorial_dag.py took 0.203 seconds
[2024-04-16T13:27:19.518+0000] {processor.py:154} INFO - Started process (PID=4011) to work on /home/airflow/.local/lib/python3.7/site-packages/airflow/example_dags/tutorial_dag.py
[2024-04-16T13:27:19.521+0000] {processor.py:756} INFO - Processing file /home/airflow/.local/lib/python3.7/site-packages/airflow/example_dags/tutorial_dag.py for tasks to queue
[2024-04-16T13:27:19.524+0000] {logging_mixin.py:120} INFO - [2024-04-16T13:27:19.523+0000] {dagbag.py:537} INFO - Filling up the DagBag from /home/airflow/.local/lib/python3.7/site-packages/airflow/example_dags/tutorial_dag.py
[2024-04-16T13:27:19.555+0000] {processor.py:766} INFO - DAG(s) dict_keys(['tutorial_dag']) retrieved from /home/airflow/.local/lib/python3.7/site-packages/airflow/example_dags/tutorial_dag.py
[2024-04-16T13:27:19.647+0000] {logging_mixin.py:120} INFO - [2024-04-16T13:27:19.647+0000] {dag.py:2585} INFO - Sync 1 DAGs
[2024-04-16T13:27:19.696+0000] {logging_mixin.py:120} INFO - [2024-04-16T13:27:19.696+0000] {dag.py:3340} INFO - Setting next_dagrun for tutorial_dag to None, run_after=None
[2024-04-16T13:27:19.735+0000] {processor.py:176} INFO - Processing /home/airflow/.local/lib/python3.7/site-packages/airflow/example_dags/tutorial_dag.py took 0.224 seconds
[2024-04-16T13:27:50.358+0000] {processor.py:154} INFO - Started process (PID=4080) to work on /home/airflow/.local/lib/python3.7/site-packages/airflow/example_dags/tutorial_dag.py
[2024-04-16T13:27:50.364+0000] {processor.py:756} INFO - Processing file /home/airflow/.local/lib/python3.7/site-packages/airflow/example_dags/tutorial_dag.py for tasks to queue
[2024-04-16T13:27:50.368+0000] {logging_mixin.py:120} INFO - [2024-04-16T13:27:50.367+0000] {dagbag.py:537} INFO - Filling up the DagBag from /home/airflow/.local/lib/python3.7/site-packages/airflow/example_dags/tutorial_dag.py
[2024-04-16T13:27:50.409+0000] {processor.py:766} INFO - DAG(s) dict_keys(['tutorial_dag']) retrieved from /home/airflow/.local/lib/python3.7/site-packages/airflow/example_dags/tutorial_dag.py
[2024-04-16T13:27:50.484+0000] {logging_mixin.py:120} INFO - [2024-04-16T13:27:50.484+0000] {dag.py:2585} INFO - Sync 1 DAGs
[2024-04-16T13:27:50.527+0000] {logging_mixin.py:120} INFO - [2024-04-16T13:27:50.527+0000] {dag.py:3340} INFO - Setting next_dagrun for tutorial_dag to None, run_after=None
[2024-04-16T13:27:50.648+0000] {processor.py:176} INFO - Processing /home/airflow/.local/lib/python3.7/site-packages/airflow/example_dags/tutorial_dag.py took 0.298 seconds
[2024-04-16T13:28:21.600+0000] {processor.py:154} INFO - Started process (PID=4158) to work on /home/airflow/.local/lib/python3.7/site-packages/airflow/example_dags/tutorial_dag.py
[2024-04-16T13:28:21.604+0000] {processor.py:756} INFO - Processing file /home/airflow/.local/lib/python3.7/site-packages/airflow/example_dags/tutorial_dag.py for tasks to queue
[2024-04-16T13:28:21.608+0000] {logging_mixin.py:120} INFO - [2024-04-16T13:28:21.608+0000] {dagbag.py:537} INFO - Filling up the DagBag from /home/airflow/.local/lib/python3.7/site-packages/airflow/example_dags/tutorial_dag.py
[2024-04-16T13:28:21.638+0000] {processor.py:766} INFO - DAG(s) dict_keys(['tutorial_dag']) retrieved from /home/airflow/.local/lib/python3.7/site-packages/airflow/example_dags/tutorial_dag.py
[2024-04-16T13:28:21.718+0000] {logging_mixin.py:120} INFO - [2024-04-16T13:28:21.717+0000] {dag.py:2585} INFO - Sync 1 DAGs
[2024-04-16T13:28:21.758+0000] {logging_mixin.py:120} INFO - [2024-04-16T13:28:21.758+0000] {dag.py:3340} INFO - Setting next_dagrun for tutorial_dag to None, run_after=None
[2024-04-16T13:28:21.791+0000] {processor.py:176} INFO - Processing /home/airflow/.local/lib/python3.7/site-packages/airflow/example_dags/tutorial_dag.py took 0.198 seconds
[2024-04-16T13:28:52.063+0000] {processor.py:154} INFO - Started process (PID=4228) to work on /home/airflow/.local/lib/python3.7/site-packages/airflow/example_dags/tutorial_dag.py
[2024-04-16T13:28:52.066+0000] {processor.py:756} INFO - Processing file /home/airflow/.local/lib/python3.7/site-packages/airflow/example_dags/tutorial_dag.py for tasks to queue
[2024-04-16T13:28:52.068+0000] {logging_mixin.py:120} INFO - [2024-04-16T13:28:52.068+0000] {dagbag.py:537} INFO - Filling up the DagBag from /home/airflow/.local/lib/python3.7/site-packages/airflow/example_dags/tutorial_dag.py
[2024-04-16T13:28:52.091+0000] {processor.py:766} INFO - DAG(s) dict_keys(['tutorial_dag']) retrieved from /home/airflow/.local/lib/python3.7/site-packages/airflow/example_dags/tutorial_dag.py
[2024-04-16T13:28:52.173+0000] {logging_mixin.py:120} INFO - [2024-04-16T13:28:52.172+0000] {dag.py:2585} INFO - Sync 1 DAGs
[2024-04-16T13:28:52.228+0000] {logging_mixin.py:120} INFO - [2024-04-16T13:28:52.228+0000] {dag.py:3340} INFO - Setting next_dagrun for tutorial_dag to None, run_after=None
[2024-04-16T13:28:52.286+0000] {processor.py:176} INFO - Processing /home/airflow/.local/lib/python3.7/site-packages/airflow/example_dags/tutorial_dag.py took 0.229 seconds
[2024-04-16T13:29:23.120+0000] {processor.py:154} INFO - Started process (PID=4307) to work on /home/airflow/.local/lib/python3.7/site-packages/airflow/example_dags/tutorial_dag.py
[2024-04-16T13:29:23.122+0000] {processor.py:756} INFO - Processing file /home/airflow/.local/lib/python3.7/site-packages/airflow/example_dags/tutorial_dag.py for tasks to queue
[2024-04-16T13:29:23.124+0000] {logging_mixin.py:120} INFO - [2024-04-16T13:29:23.123+0000] {dagbag.py:537} INFO - Filling up the DagBag from /home/airflow/.local/lib/python3.7/site-packages/airflow/example_dags/tutorial_dag.py
[2024-04-16T13:29:23.147+0000] {processor.py:766} INFO - DAG(s) dict_keys(['tutorial_dag']) retrieved from /home/airflow/.local/lib/python3.7/site-packages/airflow/example_dags/tutorial_dag.py
[2024-04-16T13:29:23.216+0000] {logging_mixin.py:120} INFO - [2024-04-16T13:29:23.215+0000] {dag.py:2585} INFO - Sync 1 DAGs
[2024-04-16T13:29:23.255+0000] {logging_mixin.py:120} INFO - [2024-04-16T13:29:23.255+0000] {dag.py:3340} INFO - Setting next_dagrun for tutorial_dag to None, run_after=None
[2024-04-16T13:29:23.286+0000] {processor.py:176} INFO - Processing /home/airflow/.local/lib/python3.7/site-packages/airflow/example_dags/tutorial_dag.py took 0.172 seconds
[2024-04-16T13:29:54.107+0000] {processor.py:154} INFO - Started process (PID=4387) to work on /home/airflow/.local/lib/python3.7/site-packages/airflow/example_dags/tutorial_dag.py
[2024-04-16T13:29:54.109+0000] {processor.py:756} INFO - Processing file /home/airflow/.local/lib/python3.7/site-packages/airflow/example_dags/tutorial_dag.py for tasks to queue
[2024-04-16T13:29:54.111+0000] {logging_mixin.py:120} INFO - [2024-04-16T13:29:54.111+0000] {dagbag.py:537} INFO - Filling up the DagBag from /home/airflow/.local/lib/python3.7/site-packages/airflow/example_dags/tutorial_dag.py
[2024-04-16T13:29:54.137+0000] {processor.py:766} INFO - DAG(s) dict_keys(['tutorial_dag']) retrieved from /home/airflow/.local/lib/python3.7/site-packages/airflow/example_dags/tutorial_dag.py
[2024-04-16T13:29:54.204+0000] {logging_mixin.py:120} INFO - [2024-04-16T13:29:54.204+0000] {dag.py:2585} INFO - Sync 1 DAGs
[2024-04-16T13:29:54.241+0000] {logging_mixin.py:120} INFO - [2024-04-16T13:29:54.240+0000] {dag.py:3340} INFO - Setting next_dagrun for tutorial_dag to None, run_after=None
[2024-04-16T13:29:54.270+0000] {processor.py:176} INFO - Processing /home/airflow/.local/lib/python3.7/site-packages/airflow/example_dags/tutorial_dag.py took 0.168 seconds
[2024-04-16T13:30:24.470+0000] {processor.py:154} INFO - Started process (PID=4456) to work on /home/airflow/.local/lib/python3.7/site-packages/airflow/example_dags/tutorial_dag.py
[2024-04-16T13:30:24.472+0000] {processor.py:756} INFO - Processing file /home/airflow/.local/lib/python3.7/site-packages/airflow/example_dags/tutorial_dag.py for tasks to queue
[2024-04-16T13:30:24.476+0000] {logging_mixin.py:120} INFO - [2024-04-16T13:30:24.475+0000] {dagbag.py:537} INFO - Filling up the DagBag from /home/airflow/.local/lib/python3.7/site-packages/airflow/example_dags/tutorial_dag.py
[2024-04-16T13:30:24.503+0000] {processor.py:766} INFO - DAG(s) dict_keys(['tutorial_dag']) retrieved from /home/airflow/.local/lib/python3.7/site-packages/airflow/example_dags/tutorial_dag.py
[2024-04-16T13:30:24.572+0000] {logging_mixin.py:120} INFO - [2024-04-16T13:30:24.572+0000] {dag.py:2585} INFO - Sync 1 DAGs
[2024-04-16T13:30:24.613+0000] {logging_mixin.py:120} INFO - [2024-04-16T13:30:24.613+0000] {dag.py:3340} INFO - Setting next_dagrun for tutorial_dag to None, run_after=None
[2024-04-16T13:30:24.641+0000] {processor.py:176} INFO - Processing /home/airflow/.local/lib/python3.7/site-packages/airflow/example_dags/tutorial_dag.py took 0.179 seconds
[2024-04-16T13:30:54.700+0000] {processor.py:154} INFO - Started process (PID=4534) to work on /home/airflow/.local/lib/python3.7/site-packages/airflow/example_dags/tutorial_dag.py
[2024-04-16T13:30:54.702+0000] {processor.py:756} INFO - Processing file /home/airflow/.local/lib/python3.7/site-packages/airflow/example_dags/tutorial_dag.py for tasks to queue
[2024-04-16T13:30:54.705+0000] {logging_mixin.py:120} INFO - [2024-04-16T13:30:54.704+0000] {dagbag.py:537} INFO - Filling up the DagBag from /home/airflow/.local/lib/python3.7/site-packages/airflow/example_dags/tutorial_dag.py
[2024-04-16T13:30:54.729+0000] {processor.py:766} INFO - DAG(s) dict_keys(['tutorial_dag']) retrieved from /home/airflow/.local/lib/python3.7/site-packages/airflow/example_dags/tutorial_dag.py
[2024-04-16T13:30:54.793+0000] {logging_mixin.py:120} INFO - [2024-04-16T13:30:54.792+0000] {dag.py:2585} INFO - Sync 1 DAGs
[2024-04-16T13:30:54.830+0000] {logging_mixin.py:120} INFO - [2024-04-16T13:30:54.830+0000] {dag.py:3340} INFO - Setting next_dagrun for tutorial_dag to None, run_after=None
[2024-04-16T13:30:54.864+0000] {processor.py:176} INFO - Processing /home/airflow/.local/lib/python3.7/site-packages/airflow/example_dags/tutorial_dag.py took 0.169 seconds
