[2024-03-24T08:54:47.647+0000] {taskinstance.py:1165} INFO - Dependencies all met for <TaskInstance: example_bash_operator.runme_2 manual__2024-03-24T08:54:41.613216+00:00 [queued]>
[2024-03-24T08:54:47.819+0000] {taskinstance.py:1165} INFO - Dependencies all met for <TaskInstance: example_bash_operator.runme_2 manual__2024-03-24T08:54:41.613216+00:00 [queued]>
[2024-03-24T08:54:47.820+0000] {taskinstance.py:1362} INFO - 
--------------------------------------------------------------------------------
[2024-03-24T08:54:47.821+0000] {taskinstance.py:1363} INFO - Starting attempt 1 of 1
[2024-03-24T08:54:47.823+0000] {taskinstance.py:1364} INFO - 
--------------------------------------------------------------------------------
[2024-03-24T08:54:47.955+0000] {taskinstance.py:1383} INFO - Executing <Task(BashOperator): runme_2> on 2024-03-24 08:54:41.613216+00:00
[2024-03-24T08:54:47.989+0000] {standard_task_runner.py:55} INFO - Started process 1107 to run task
[2024-03-24T08:54:48.029+0000] {standard_task_runner.py:82} INFO - Running: ['***', 'tasks', 'run', 'example_bash_operator', 'runme_2', 'manual__2024-03-24T08:54:41.613216+00:00', '--job-id', '10', '--raw', '--subdir', '/home/***/.local/lib/python3.7/site-packages/***/example_dags/example_bash_operator.py', '--cfg-path', '/tmp/tmp30tsujrd']
[2024-03-24T08:54:48.036+0000] {standard_task_runner.py:83} INFO - Job 10: Subtask runme_2
[2024-03-24T08:54:49.128+0000] {task_command.py:376} INFO - Running <TaskInstance: example_bash_operator.runme_2 manual__2024-03-24T08:54:41.613216+00:00 [running]> on host 0245ea477832
[2024-03-24T08:54:49.782+0000] {taskinstance.py:1592} INFO - Exporting the following env vars:
AIRFLOW_CTX_DAG_OWNER=***
AIRFLOW_CTX_DAG_ID=example_bash_operator
AIRFLOW_CTX_TASK_ID=runme_2
AIRFLOW_CTX_EXECUTION_DATE=2024-03-24T08:54:41.613216+00:00
AIRFLOW_CTX_TRY_NUMBER=1
AIRFLOW_CTX_DAG_RUN_ID=manual__2024-03-24T08:54:41.613216+00:00
[2024-03-24T08:54:49.787+0000] {subprocess.py:63} INFO - Tmp dir root location: 
 /tmp
[2024-03-24T08:54:49.790+0000] {subprocess.py:75} INFO - Running command: ['/bin/bash', '-c', 'echo "example_bash_operator__runme_2__20240324" && sleep 1']
[2024-03-24T08:54:49.963+0000] {subprocess.py:86} INFO - Output:
[2024-03-24T08:54:49.983+0000] {subprocess.py:93} INFO - example_bash_operator__runme_2__20240324
[2024-03-24T08:54:51.012+0000] {subprocess.py:97} INFO - Command exited with return code 0
[2024-03-24T08:54:51.264+0000] {taskinstance.py:1406} INFO - Marking task as SUCCESS. dag_id=example_bash_operator, task_id=runme_2, execution_date=20240324T085441, start_date=20240324T085447, end_date=20240324T085451
[2024-03-24T08:54:51.503+0000] {local_task_job.py:164} INFO - Task exited with return code 0
[2024-03-24T08:54:51.616+0000] {local_task_job.py:273} INFO - 0 downstream tasks scheduled from follow-on schedule check
