[2024-04-15T15:40:38.516+0000] {taskinstance.py:1165} INFO - Dependencies all met for <TaskInstance: parallel_dag.load_a scheduled__2024-04-14T00:00:00+00:00 [queued]>
[2024-04-15T15:40:38.532+0000] {taskinstance.py:1165} INFO - Dependencies all met for <TaskInstance: parallel_dag.load_a scheduled__2024-04-14T00:00:00+00:00 [queued]>
[2024-04-15T15:40:38.535+0000] {taskinstance.py:1362} INFO - 
--------------------------------------------------------------------------------
[2024-04-15T15:40:38.536+0000] {taskinstance.py:1363} INFO - Starting attempt 1 of 1
[2024-04-15T15:40:38.536+0000] {taskinstance.py:1364} INFO - 
--------------------------------------------------------------------------------
[2024-04-15T15:40:38.560+0000] {taskinstance.py:1383} INFO - Executing <Task(BashOperator): load_a> on 2024-04-14 00:00:00+00:00
[2024-04-15T15:40:38.577+0000] {standard_task_runner.py:55} INFO - Started process 41647 to run task
[2024-04-15T15:40:38.595+0000] {standard_task_runner.py:82} INFO - Running: ['***', 'tasks', 'run', 'parallel_dag', 'load_a', 'scheduled__2024-04-14T00:00:00+00:00', '--job-id', '267', '--raw', '--subdir', 'DAGS_FOLDER/parallel_dag.py', '--cfg-path', '/tmp/tmp255045ue']
[2024-04-15T15:40:38.600+0000] {standard_task_runner.py:83} INFO - Job 267: Subtask load_a
[2024-04-15T15:40:38.920+0000] {task_command.py:376} INFO - Running <TaskInstance: parallel_dag.load_a scheduled__2024-04-14T00:00:00+00:00 [running]> on host a868c0c748e3
[2024-04-15T15:40:39.337+0000] {taskinstance.py:1592} INFO - Exporting the following env vars:
AIRFLOW_CTX_DAG_OWNER=***
AIRFLOW_CTX_DAG_ID=parallel_dag
AIRFLOW_CTX_TASK_ID=load_a
AIRFLOW_CTX_EXECUTION_DATE=2024-04-14T00:00:00+00:00
AIRFLOW_CTX_TRY_NUMBER=1
AIRFLOW_CTX_DAG_RUN_ID=scheduled__2024-04-14T00:00:00+00:00
[2024-04-15T15:40:39.364+0000] {subprocess.py:63} INFO - Tmp dir root location: 
 /tmp
[2024-04-15T15:40:39.367+0000] {subprocess.py:75} INFO - Running command: ['/bin/bash', '-c', 'sleep 1']
[2024-04-15T15:40:39.522+0000] {subprocess.py:86} INFO - Output:
[2024-04-15T15:40:40.550+0000] {subprocess.py:97} INFO - Command exited with return code 0
[2024-04-15T15:40:40.591+0000] {taskinstance.py:1406} INFO - Marking task as SUCCESS. dag_id=parallel_dag, task_id=load_a, execution_date=20240414T000000, start_date=20240415T154038, end_date=20240415T154040
[2024-04-15T15:40:40.637+0000] {local_task_job.py:164} INFO - Task exited with return code 0
[2024-04-15T15:40:40.677+0000] {local_task_job.py:273} INFO - 0 downstream tasks scheduled from follow-on schedule check
