[2024-04-13T01:04:47.195+0000] {taskinstance.py:1165} INFO - Dependencies all met for <TaskInstance: parallel_dag.extract_a scheduled__2024-04-12T00:00:00+00:00 [queued]>
[2024-04-13T01:04:48.081+0000] {taskinstance.py:1165} INFO - Dependencies all met for <TaskInstance: parallel_dag.extract_a scheduled__2024-04-12T00:00:00+00:00 [queued]>
[2024-04-13T01:04:48.083+0000] {taskinstance.py:1362} INFO - 
--------------------------------------------------------------------------------
[2024-04-13T01:04:48.085+0000] {taskinstance.py:1363} INFO - Starting attempt 1 of 1
[2024-04-13T01:04:48.100+0000] {taskinstance.py:1364} INFO - 
--------------------------------------------------------------------------------
[2024-04-13T01:04:48.483+0000] {taskinstance.py:1383} INFO - Executing <Task(BashOperator): extract_a> on 2024-04-12 00:00:00+00:00
[2024-04-13T01:04:48.606+0000] {standard_task_runner.py:82} INFO - Running: ['***', 'tasks', 'run', 'parallel_dag', 'extract_a', 'scheduled__2024-04-12T00:00:00+00:00', '--job-id', '230', '--raw', '--subdir', 'DAGS_FOLDER/parallel_dag.py', '--cfg-path', '/tmp/tmp1so586qa']
[2024-04-13T01:04:48.612+0000] {standard_task_runner.py:83} INFO - Job 230: Subtask extract_a
[2024-04-13T01:04:48.608+0000] {standard_task_runner.py:55} INFO - Started process 20006 to run task
[2024-04-13T01:04:49.630+0000] {task_command.py:376} INFO - Running <TaskInstance: parallel_dag.extract_a scheduled__2024-04-12T00:00:00+00:00 [running]> on host a868c0c748e3
[2024-04-13T01:04:51.890+0000] {taskinstance.py:1592} INFO - Exporting the following env vars:
AIRFLOW_CTX_DAG_OWNER=***
AIRFLOW_CTX_DAG_ID=parallel_dag
AIRFLOW_CTX_TASK_ID=extract_a
AIRFLOW_CTX_EXECUTION_DATE=2024-04-12T00:00:00+00:00
AIRFLOW_CTX_TRY_NUMBER=1
AIRFLOW_CTX_DAG_RUN_ID=scheduled__2024-04-12T00:00:00+00:00
[2024-04-13T01:04:51.905+0000] {subprocess.py:63} INFO - Tmp dir root location: 
 /tmp
[2024-04-13T01:04:51.913+0000] {subprocess.py:75} INFO - Running command: ['/bin/bash', '-c', 'sleep 1']
[2024-04-13T01:04:52.199+0000] {subprocess.py:86} INFO - Output:
[2024-04-13T01:04:53.299+0000] {subprocess.py:97} INFO - Command exited with return code 0
[2024-04-13T01:04:53.563+0000] {taskinstance.py:1406} INFO - Marking task as SUCCESS. dag_id=parallel_dag, task_id=extract_a, execution_date=20240412T000000, start_date=20240413T010447, end_date=20240413T010453
[2024-04-13T01:04:53.910+0000] {local_task_job.py:164} INFO - Task exited with return code 0
[2024-04-13T01:04:54.200+0000] {local_task_job.py:273} INFO - 1 downstream tasks scheduled from follow-on schedule check
