[2024-04-05T16:09:08.906+0000] {processor.py:154} INFO - Started process (PID=8802) to work on /opt/airflow/dags/parallel_dag.py
[2024-04-05T16:09:08.918+0000] {processor.py:756} INFO - Processing file /opt/airflow/dags/parallel_dag.py for tasks to queue
[2024-04-05T16:09:08.920+0000] {logging_mixin.py:120} INFO - [2024-04-05T16:09:08.920+0000] {dagbag.py:537} INFO - Filling up the DagBag from /opt/airflow/dags/parallel_dag.py
[2024-04-05T16:09:09.128+0000] {processor.py:766} INFO - DAG(s) dict_keys(['parallel_dag']) retrieved from /opt/airflow/dags/parallel_dag.py
[2024-04-05T16:09:09.658+0000] {logging_mixin.py:120} INFO - [2024-04-05T16:09:09.658+0000] {dag.py:2585} INFO - Sync 1 DAGs
[2024-04-05T16:09:10.000+0000] {logging_mixin.py:120} INFO - [2024-04-05T16:09:09.993+0000] {dag.py:3340} INFO - Setting next_dagrun for parallel_dag to 2024-04-05T00:00:00+00:00, run_after=2024-04-06T00:00:00+00:00
[2024-04-05T16:09:10.194+0000] {processor.py:176} INFO - Processing /opt/airflow/dags/parallel_dag.py took 1.312 seconds
[2024-04-05T16:09:41.707+0000] {processor.py:154} INFO - Started process (PID=8869) to work on /opt/airflow/dags/parallel_dag.py
[2024-04-05T16:09:41.716+0000] {processor.py:756} INFO - Processing file /opt/airflow/dags/parallel_dag.py for tasks to queue
[2024-04-05T16:09:41.726+0000] {logging_mixin.py:120} INFO - [2024-04-05T16:09:41.725+0000] {dagbag.py:537} INFO - Filling up the DagBag from /opt/airflow/dags/parallel_dag.py
[2024-04-05T16:09:41.810+0000] {processor.py:766} INFO - DAG(s) dict_keys(['parallel_dag']) retrieved from /opt/airflow/dags/parallel_dag.py
[2024-04-05T16:09:41.944+0000] {logging_mixin.py:120} INFO - [2024-04-05T16:09:41.943+0000] {dag.py:2585} INFO - Sync 1 DAGs
[2024-04-05T16:09:42.030+0000] {logging_mixin.py:120} INFO - [2024-04-05T16:09:42.030+0000] {dag.py:3340} INFO - Setting next_dagrun for parallel_dag to 2024-04-05T00:00:00+00:00, run_after=2024-04-06T00:00:00+00:00
[2024-04-05T16:09:42.159+0000] {processor.py:176} INFO - Processing /opt/airflow/dags/parallel_dag.py took 0.484 seconds
[2024-04-05T16:10:12.303+0000] {processor.py:154} INFO - Started process (PID=8920) to work on /opt/airflow/dags/parallel_dag.py
[2024-04-05T16:10:12.305+0000] {processor.py:756} INFO - Processing file /opt/airflow/dags/parallel_dag.py for tasks to queue
[2024-04-05T16:10:12.307+0000] {logging_mixin.py:120} INFO - [2024-04-05T16:10:12.307+0000] {dagbag.py:537} INFO - Filling up the DagBag from /opt/airflow/dags/parallel_dag.py
[2024-04-05T16:10:12.340+0000] {processor.py:766} INFO - DAG(s) dict_keys(['parallel_dag']) retrieved from /opt/airflow/dags/parallel_dag.py
[2024-04-05T16:10:12.412+0000] {logging_mixin.py:120} INFO - [2024-04-05T16:10:12.412+0000] {dag.py:2585} INFO - Sync 1 DAGs
[2024-04-05T16:10:12.471+0000] {logging_mixin.py:120} INFO - [2024-04-05T16:10:12.471+0000] {dag.py:3340} INFO - Setting next_dagrun for parallel_dag to 2024-04-05T00:00:00+00:00, run_after=2024-04-06T00:00:00+00:00
[2024-04-05T16:10:12.503+0000] {processor.py:176} INFO - Processing /opt/airflow/dags/parallel_dag.py took 0.207 seconds
[2024-04-05T16:10:42.606+0000] {processor.py:154} INFO - Started process (PID=8980) to work on /opt/airflow/dags/parallel_dag.py
[2024-04-05T16:10:42.609+0000] {processor.py:756} INFO - Processing file /opt/airflow/dags/parallel_dag.py for tasks to queue
[2024-04-05T16:10:42.611+0000] {logging_mixin.py:120} INFO - [2024-04-05T16:10:42.610+0000] {dagbag.py:537} INFO - Filling up the DagBag from /opt/airflow/dags/parallel_dag.py
[2024-04-05T16:10:42.645+0000] {processor.py:766} INFO - DAG(s) dict_keys(['parallel_dag']) retrieved from /opt/airflow/dags/parallel_dag.py
[2024-04-05T16:10:42.714+0000] {logging_mixin.py:120} INFO - [2024-04-05T16:10:42.714+0000] {dag.py:2585} INFO - Sync 1 DAGs
[2024-04-05T16:10:42.762+0000] {logging_mixin.py:120} INFO - [2024-04-05T16:10:42.762+0000] {dag.py:3340} INFO - Setting next_dagrun for parallel_dag to 2024-04-05T00:00:00+00:00, run_after=2024-04-06T00:00:00+00:00
[2024-04-05T16:10:42.808+0000] {processor.py:176} INFO - Processing /opt/airflow/dags/parallel_dag.py took 0.209 seconds
[2024-04-05T16:11:13.224+0000] {processor.py:154} INFO - Started process (PID=9048) to work on /opt/airflow/dags/parallel_dag.py
[2024-04-05T16:11:13.226+0000] {processor.py:756} INFO - Processing file /opt/airflow/dags/parallel_dag.py for tasks to queue
[2024-04-05T16:11:13.227+0000] {logging_mixin.py:120} INFO - [2024-04-05T16:11:13.227+0000] {dagbag.py:537} INFO - Filling up the DagBag from /opt/airflow/dags/parallel_dag.py
[2024-04-05T16:11:13.280+0000] {processor.py:766} INFO - DAG(s) dict_keys(['parallel_dag']) retrieved from /opt/airflow/dags/parallel_dag.py
[2024-04-05T16:11:13.355+0000] {logging_mixin.py:120} INFO - [2024-04-05T16:11:13.355+0000] {dag.py:2585} INFO - Sync 1 DAGs
[2024-04-05T16:11:13.410+0000] {logging_mixin.py:120} INFO - [2024-04-05T16:11:13.410+0000] {dag.py:3340} INFO - Setting next_dagrun for parallel_dag to 2024-04-05T00:00:00+00:00, run_after=2024-04-06T00:00:00+00:00
[2024-04-05T16:11:13.459+0000] {processor.py:176} INFO - Processing /opt/airflow/dags/parallel_dag.py took 0.245 seconds
[2024-04-05T16:11:44.207+0000] {processor.py:154} INFO - Started process (PID=9108) to work on /opt/airflow/dags/parallel_dag.py
[2024-04-05T16:11:44.209+0000] {processor.py:756} INFO - Processing file /opt/airflow/dags/parallel_dag.py for tasks to queue
[2024-04-05T16:11:44.211+0000] {logging_mixin.py:120} INFO - [2024-04-05T16:11:44.210+0000] {dagbag.py:537} INFO - Filling up the DagBag from /opt/airflow/dags/parallel_dag.py
[2024-04-05T16:11:44.245+0000] {processor.py:766} INFO - DAG(s) dict_keys(['parallel_dag']) retrieved from /opt/airflow/dags/parallel_dag.py
[2024-04-05T16:11:44.314+0000] {logging_mixin.py:120} INFO - [2024-04-05T16:11:44.314+0000] {dag.py:2585} INFO - Sync 1 DAGs
[2024-04-05T16:11:44.357+0000] {logging_mixin.py:120} INFO - [2024-04-05T16:11:44.356+0000] {dag.py:3340} INFO - Setting next_dagrun for parallel_dag to 2024-04-05T00:00:00+00:00, run_after=2024-04-06T00:00:00+00:00
[2024-04-05T16:11:44.386+0000] {processor.py:176} INFO - Processing /opt/airflow/dags/parallel_dag.py took 0.187 seconds
[2024-04-05T16:12:14.448+0000] {processor.py:154} INFO - Started process (PID=9173) to work on /opt/airflow/dags/parallel_dag.py
[2024-04-05T16:12:14.450+0000] {processor.py:756} INFO - Processing file /opt/airflow/dags/parallel_dag.py for tasks to queue
[2024-04-05T16:12:14.452+0000] {logging_mixin.py:120} INFO - [2024-04-05T16:12:14.452+0000] {dagbag.py:537} INFO - Filling up the DagBag from /opt/airflow/dags/parallel_dag.py
[2024-04-05T16:12:14.490+0000] {processor.py:766} INFO - DAG(s) dict_keys(['parallel_dag']) retrieved from /opt/airflow/dags/parallel_dag.py
[2024-04-05T16:12:14.569+0000] {logging_mixin.py:120} INFO - [2024-04-05T16:12:14.569+0000] {dag.py:2585} INFO - Sync 1 DAGs
[2024-04-05T16:12:14.649+0000] {logging_mixin.py:120} INFO - [2024-04-05T16:12:14.649+0000] {dag.py:3340} INFO - Setting next_dagrun for parallel_dag to 2024-04-05T00:00:00+00:00, run_after=2024-04-06T00:00:00+00:00
[2024-04-05T16:12:14.686+0000] {processor.py:176} INFO - Processing /opt/airflow/dags/parallel_dag.py took 0.245 seconds
[2024-04-05T16:12:45.972+0000] {processor.py:154} INFO - Started process (PID=9233) to work on /opt/airflow/dags/parallel_dag.py
[2024-04-05T16:12:45.984+0000] {processor.py:756} INFO - Processing file /opt/airflow/dags/parallel_dag.py for tasks to queue
[2024-04-05T16:12:45.999+0000] {logging_mixin.py:120} INFO - [2024-04-05T16:12:45.998+0000] {dagbag.py:537} INFO - Filling up the DagBag from /opt/airflow/dags/parallel_dag.py
[2024-04-05T16:12:46.133+0000] {processor.py:766} INFO - DAG(s) dict_keys(['parallel_dag']) retrieved from /opt/airflow/dags/parallel_dag.py
[2024-04-05T16:12:46.380+0000] {logging_mixin.py:120} INFO - [2024-04-05T16:12:46.380+0000] {dag.py:2585} INFO - Sync 1 DAGs
[2024-04-05T16:12:46.503+0000] {logging_mixin.py:120} INFO - [2024-04-05T16:12:46.502+0000] {dag.py:3340} INFO - Setting next_dagrun for parallel_dag to 2024-04-05T00:00:00+00:00, run_after=2024-04-06T00:00:00+00:00
[2024-04-05T16:12:46.575+0000] {processor.py:176} INFO - Processing /opt/airflow/dags/parallel_dag.py took 0.615 seconds
[2024-04-05T16:13:16.859+0000] {processor.py:154} INFO - Started process (PID=9300) to work on /opt/airflow/dags/parallel_dag.py
[2024-04-05T16:13:16.863+0000] {processor.py:756} INFO - Processing file /opt/airflow/dags/parallel_dag.py for tasks to queue
[2024-04-05T16:13:16.866+0000] {logging_mixin.py:120} INFO - [2024-04-05T16:13:16.865+0000] {dagbag.py:537} INFO - Filling up the DagBag from /opt/airflow/dags/parallel_dag.py
[2024-04-05T16:13:16.907+0000] {processor.py:766} INFO - DAG(s) dict_keys(['parallel_dag']) retrieved from /opt/airflow/dags/parallel_dag.py
[2024-04-05T16:13:17.005+0000] {logging_mixin.py:120} INFO - [2024-04-05T16:13:17.005+0000] {dag.py:2585} INFO - Sync 1 DAGs
[2024-04-05T16:13:17.110+0000] {logging_mixin.py:120} INFO - [2024-04-05T16:13:17.110+0000] {dag.py:3340} INFO - Setting next_dagrun for parallel_dag to 2024-04-05T00:00:00+00:00, run_after=2024-04-06T00:00:00+00:00
[2024-04-05T16:13:17.194+0000] {processor.py:176} INFO - Processing /opt/airflow/dags/parallel_dag.py took 0.344 seconds
[2024-04-05T16:13:47.309+0000] {processor.py:154} INFO - Started process (PID=9360) to work on /opt/airflow/dags/parallel_dag.py
[2024-04-05T16:13:47.312+0000] {processor.py:756} INFO - Processing file /opt/airflow/dags/parallel_dag.py for tasks to queue
[2024-04-05T16:13:47.314+0000] {logging_mixin.py:120} INFO - [2024-04-05T16:13:47.314+0000] {dagbag.py:537} INFO - Filling up the DagBag from /opt/airflow/dags/parallel_dag.py
[2024-04-05T16:13:47.354+0000] {processor.py:766} INFO - DAG(s) dict_keys(['parallel_dag']) retrieved from /opt/airflow/dags/parallel_dag.py
[2024-04-05T16:13:47.419+0000] {logging_mixin.py:120} INFO - [2024-04-05T16:13:47.419+0000] {dag.py:2585} INFO - Sync 1 DAGs
[2024-04-05T16:13:47.464+0000] {logging_mixin.py:120} INFO - [2024-04-05T16:13:47.464+0000] {dag.py:3340} INFO - Setting next_dagrun for parallel_dag to 2024-04-05T00:00:00+00:00, run_after=2024-04-06T00:00:00+00:00
[2024-04-05T16:13:47.497+0000] {processor.py:176} INFO - Processing /opt/airflow/dags/parallel_dag.py took 0.195 seconds
[2024-04-05T16:14:17.750+0000] {processor.py:154} INFO - Started process (PID=9427) to work on /opt/airflow/dags/parallel_dag.py
[2024-04-05T16:14:17.754+0000] {processor.py:756} INFO - Processing file /opt/airflow/dags/parallel_dag.py for tasks to queue
[2024-04-05T16:14:17.757+0000] {logging_mixin.py:120} INFO - [2024-04-05T16:14:17.757+0000] {dagbag.py:537} INFO - Filling up the DagBag from /opt/airflow/dags/parallel_dag.py
[2024-04-05T16:14:17.803+0000] {processor.py:766} INFO - DAG(s) dict_keys(['parallel_dag']) retrieved from /opt/airflow/dags/parallel_dag.py
[2024-04-05T16:14:17.880+0000] {logging_mixin.py:120} INFO - [2024-04-05T16:14:17.880+0000] {dag.py:2585} INFO - Sync 1 DAGs
[2024-04-05T16:14:17.926+0000] {logging_mixin.py:120} INFO - [2024-04-05T16:14:17.926+0000] {dag.py:3340} INFO - Setting next_dagrun for parallel_dag to 2024-04-05T00:00:00+00:00, run_after=2024-04-06T00:00:00+00:00
[2024-04-05T16:14:17.964+0000] {processor.py:176} INFO - Processing /opt/airflow/dags/parallel_dag.py took 0.220 seconds
[2024-04-05T16:14:48.610+0000] {processor.py:154} INFO - Started process (PID=9487) to work on /opt/airflow/dags/parallel_dag.py
[2024-04-05T16:14:48.612+0000] {processor.py:756} INFO - Processing file /opt/airflow/dags/parallel_dag.py for tasks to queue
[2024-04-05T16:14:48.614+0000] {logging_mixin.py:120} INFO - [2024-04-05T16:14:48.614+0000] {dagbag.py:537} INFO - Filling up the DagBag from /opt/airflow/dags/parallel_dag.py
[2024-04-05T16:14:48.650+0000] {processor.py:766} INFO - DAG(s) dict_keys(['parallel_dag']) retrieved from /opt/airflow/dags/parallel_dag.py
[2024-04-05T16:14:48.716+0000] {logging_mixin.py:120} INFO - [2024-04-05T16:14:48.716+0000] {dag.py:2585} INFO - Sync 1 DAGs
[2024-04-05T16:14:48.764+0000] {logging_mixin.py:120} INFO - [2024-04-05T16:14:48.763+0000] {dag.py:3340} INFO - Setting next_dagrun for parallel_dag to 2024-04-05T00:00:00+00:00, run_after=2024-04-06T00:00:00+00:00
[2024-04-05T16:14:48.802+0000] {processor.py:176} INFO - Processing /opt/airflow/dags/parallel_dag.py took 0.199 seconds
[2024-04-05T16:15:19.018+0000] {processor.py:154} INFO - Started process (PID=9557) to work on /opt/airflow/dags/parallel_dag.py
[2024-04-05T16:15:19.020+0000] {processor.py:756} INFO - Processing file /opt/airflow/dags/parallel_dag.py for tasks to queue
[2024-04-05T16:15:19.022+0000] {logging_mixin.py:120} INFO - [2024-04-05T16:15:19.022+0000] {dagbag.py:537} INFO - Filling up the DagBag from /opt/airflow/dags/parallel_dag.py
[2024-04-05T16:15:19.054+0000] {processor.py:766} INFO - DAG(s) dict_keys(['parallel_dag']) retrieved from /opt/airflow/dags/parallel_dag.py
[2024-04-05T16:15:19.122+0000] {logging_mixin.py:120} INFO - [2024-04-05T16:15:19.122+0000] {dag.py:2585} INFO - Sync 1 DAGs
[2024-04-05T16:15:19.168+0000] {logging_mixin.py:120} INFO - [2024-04-05T16:15:19.168+0000] {dag.py:3340} INFO - Setting next_dagrun for parallel_dag to 2024-04-05T00:00:00+00:00, run_after=2024-04-06T00:00:00+00:00
[2024-04-05T16:15:19.198+0000] {processor.py:176} INFO - Processing /opt/airflow/dags/parallel_dag.py took 0.185 seconds
[2024-04-05T16:15:49.738+0000] {processor.py:154} INFO - Started process (PID=9617) to work on /opt/airflow/dags/parallel_dag.py
[2024-04-05T16:15:49.742+0000] {processor.py:756} INFO - Processing file /opt/airflow/dags/parallel_dag.py for tasks to queue
[2024-04-05T16:15:49.746+0000] {logging_mixin.py:120} INFO - [2024-04-05T16:15:49.746+0000] {dagbag.py:537} INFO - Filling up the DagBag from /opt/airflow/dags/parallel_dag.py
[2024-04-05T16:15:49.792+0000] {processor.py:766} INFO - DAG(s) dict_keys(['parallel_dag']) retrieved from /opt/airflow/dags/parallel_dag.py
[2024-04-05T16:15:49.870+0000] {logging_mixin.py:120} INFO - [2024-04-05T16:15:49.870+0000] {dag.py:2585} INFO - Sync 1 DAGs
[2024-04-05T16:15:49.923+0000] {logging_mixin.py:120} INFO - [2024-04-05T16:15:49.923+0000] {dag.py:3340} INFO - Setting next_dagrun for parallel_dag to 2024-04-05T00:00:00+00:00, run_after=2024-04-06T00:00:00+00:00
[2024-04-05T16:15:49.957+0000] {processor.py:176} INFO - Processing /opt/airflow/dags/parallel_dag.py took 0.226 seconds
[2024-04-05T16:16:20.143+0000] {processor.py:154} INFO - Started process (PID=9687) to work on /opt/airflow/dags/parallel_dag.py
[2024-04-05T16:16:20.145+0000] {processor.py:756} INFO - Processing file /opt/airflow/dags/parallel_dag.py for tasks to queue
[2024-04-05T16:16:20.147+0000] {logging_mixin.py:120} INFO - [2024-04-05T16:16:20.147+0000] {dagbag.py:537} INFO - Filling up the DagBag from /opt/airflow/dags/parallel_dag.py
[2024-04-05T16:16:20.180+0000] {processor.py:766} INFO - DAG(s) dict_keys(['parallel_dag']) retrieved from /opt/airflow/dags/parallel_dag.py
[2024-04-05T16:16:20.253+0000] {logging_mixin.py:120} INFO - [2024-04-05T16:16:20.253+0000] {dag.py:2585} INFO - Sync 1 DAGs
[2024-04-05T16:16:20.299+0000] {logging_mixin.py:120} INFO - [2024-04-05T16:16:20.299+0000] {dag.py:3340} INFO - Setting next_dagrun for parallel_dag to 2024-04-05T00:00:00+00:00, run_after=2024-04-06T00:00:00+00:00
[2024-04-05T16:16:20.331+0000] {processor.py:176} INFO - Processing /opt/airflow/dags/parallel_dag.py took 0.195 seconds
[2024-04-05T16:16:50.552+0000] {processor.py:154} INFO - Started process (PID=9757) to work on /opt/airflow/dags/parallel_dag.py
[2024-04-05T16:16:50.555+0000] {processor.py:756} INFO - Processing file /opt/airflow/dags/parallel_dag.py for tasks to queue
[2024-04-05T16:16:50.557+0000] {logging_mixin.py:120} INFO - [2024-04-05T16:16:50.557+0000] {dagbag.py:537} INFO - Filling up the DagBag from /opt/airflow/dags/parallel_dag.py
[2024-04-05T16:16:50.604+0000] {processor.py:766} INFO - DAG(s) dict_keys(['parallel_dag']) retrieved from /opt/airflow/dags/parallel_dag.py
[2024-04-05T16:16:50.702+0000] {logging_mixin.py:120} INFO - [2024-04-05T16:16:50.702+0000] {dag.py:2585} INFO - Sync 1 DAGs
[2024-04-05T16:16:50.812+0000] {logging_mixin.py:120} INFO - [2024-04-05T16:16:50.812+0000] {dag.py:3340} INFO - Setting next_dagrun for parallel_dag to 2024-04-05T00:00:00+00:00, run_after=2024-04-06T00:00:00+00:00
[2024-04-05T16:16:50.861+0000] {processor.py:176} INFO - Processing /opt/airflow/dags/parallel_dag.py took 0.319 seconds
[2024-04-05T16:17:21.190+0000] {processor.py:154} INFO - Started process (PID=9815) to work on /opt/airflow/dags/parallel_dag.py
[2024-04-05T16:17:21.192+0000] {processor.py:756} INFO - Processing file /opt/airflow/dags/parallel_dag.py for tasks to queue
[2024-04-05T16:17:21.195+0000] {logging_mixin.py:120} INFO - [2024-04-05T16:17:21.195+0000] {dagbag.py:537} INFO - Filling up the DagBag from /opt/airflow/dags/parallel_dag.py
[2024-04-05T16:17:21.235+0000] {processor.py:766} INFO - DAG(s) dict_keys(['parallel_dag']) retrieved from /opt/airflow/dags/parallel_dag.py
[2024-04-05T16:17:21.333+0000] {logging_mixin.py:120} INFO - [2024-04-05T16:17:21.332+0000] {dag.py:2585} INFO - Sync 1 DAGs
[2024-04-05T16:17:21.396+0000] {logging_mixin.py:120} INFO - [2024-04-05T16:17:21.396+0000] {dag.py:3340} INFO - Setting next_dagrun for parallel_dag to 2024-04-05T00:00:00+00:00, run_after=2024-04-06T00:00:00+00:00
[2024-04-05T16:17:21.447+0000] {processor.py:176} INFO - Processing /opt/airflow/dags/parallel_dag.py took 0.266 seconds
[2024-04-05T16:17:51.677+0000] {processor.py:154} INFO - Started process (PID=9885) to work on /opt/airflow/dags/parallel_dag.py
[2024-04-05T16:17:51.682+0000] {processor.py:756} INFO - Processing file /opt/airflow/dags/parallel_dag.py for tasks to queue
[2024-04-05T16:17:51.686+0000] {logging_mixin.py:120} INFO - [2024-04-05T16:17:51.685+0000] {dagbag.py:537} INFO - Filling up the DagBag from /opt/airflow/dags/parallel_dag.py
[2024-04-05T16:17:51.733+0000] {processor.py:766} INFO - DAG(s) dict_keys(['parallel_dag']) retrieved from /opt/airflow/dags/parallel_dag.py
[2024-04-05T16:17:51.812+0000] {logging_mixin.py:120} INFO - [2024-04-05T16:17:51.812+0000] {dag.py:2585} INFO - Sync 1 DAGs
[2024-04-05T16:17:51.862+0000] {logging_mixin.py:120} INFO - [2024-04-05T16:17:51.862+0000] {dag.py:3340} INFO - Setting next_dagrun for parallel_dag to 2024-04-05T00:00:00+00:00, run_after=2024-04-06T00:00:00+00:00
[2024-04-05T16:17:51.904+0000] {processor.py:176} INFO - Processing /opt/airflow/dags/parallel_dag.py took 0.239 seconds
[2024-04-05T16:18:21.961+0000] {processor.py:154} INFO - Started process (PID=9946) to work on /opt/airflow/dags/parallel_dag.py
[2024-04-05T16:18:21.963+0000] {processor.py:756} INFO - Processing file /opt/airflow/dags/parallel_dag.py for tasks to queue
[2024-04-05T16:18:21.965+0000] {logging_mixin.py:120} INFO - [2024-04-05T16:18:21.965+0000] {dagbag.py:537} INFO - Filling up the DagBag from /opt/airflow/dags/parallel_dag.py
[2024-04-05T16:18:22.002+0000] {processor.py:766} INFO - DAG(s) dict_keys(['parallel_dag']) retrieved from /opt/airflow/dags/parallel_dag.py
[2024-04-05T16:18:22.072+0000] {logging_mixin.py:120} INFO - [2024-04-05T16:18:22.072+0000] {dag.py:2585} INFO - Sync 1 DAGs
[2024-04-05T16:18:22.123+0000] {logging_mixin.py:120} INFO - [2024-04-05T16:18:22.123+0000] {dag.py:3340} INFO - Setting next_dagrun for parallel_dag to 2024-04-05T00:00:00+00:00, run_after=2024-04-06T00:00:00+00:00
[2024-04-05T16:18:22.159+0000] {processor.py:176} INFO - Processing /opt/airflow/dags/parallel_dag.py took 0.205 seconds
[2024-04-05T16:18:52.440+0000] {processor.py:154} INFO - Started process (PID=10015) to work on /opt/airflow/dags/parallel_dag.py
[2024-04-05T16:18:52.442+0000] {processor.py:756} INFO - Processing file /opt/airflow/dags/parallel_dag.py for tasks to queue
[2024-04-05T16:18:52.444+0000] {logging_mixin.py:120} INFO - [2024-04-05T16:18:52.443+0000] {dagbag.py:537} INFO - Filling up the DagBag from /opt/airflow/dags/parallel_dag.py
[2024-04-05T16:18:52.489+0000] {processor.py:766} INFO - DAG(s) dict_keys(['parallel_dag']) retrieved from /opt/airflow/dags/parallel_dag.py
[2024-04-05T16:18:52.562+0000] {logging_mixin.py:120} INFO - [2024-04-05T16:18:52.562+0000] {dag.py:2585} INFO - Sync 1 DAGs
[2024-04-05T16:18:52.604+0000] {logging_mixin.py:120} INFO - [2024-04-05T16:18:52.604+0000] {dag.py:3340} INFO - Setting next_dagrun for parallel_dag to 2024-04-05T00:00:00+00:00, run_after=2024-04-06T00:00:00+00:00
[2024-04-05T16:18:52.640+0000] {processor.py:176} INFO - Processing /opt/airflow/dags/parallel_dag.py took 0.208 seconds
[2024-04-05T16:19:23.358+0000] {processor.py:154} INFO - Started process (PID=10075) to work on /opt/airflow/dags/parallel_dag.py
[2024-04-05T16:19:23.360+0000] {processor.py:756} INFO - Processing file /opt/airflow/dags/parallel_dag.py for tasks to queue
[2024-04-05T16:19:23.362+0000] {logging_mixin.py:120} INFO - [2024-04-05T16:19:23.361+0000] {dagbag.py:537} INFO - Filling up the DagBag from /opt/airflow/dags/parallel_dag.py
[2024-04-05T16:19:23.394+0000] {processor.py:766} INFO - DAG(s) dict_keys(['parallel_dag']) retrieved from /opt/airflow/dags/parallel_dag.py
[2024-04-05T16:19:23.463+0000] {logging_mixin.py:120} INFO - [2024-04-05T16:19:23.463+0000] {dag.py:2585} INFO - Sync 1 DAGs
[2024-04-05T16:19:23.510+0000] {logging_mixin.py:120} INFO - [2024-04-05T16:19:23.510+0000] {dag.py:3340} INFO - Setting next_dagrun for parallel_dag to 2024-04-05T00:00:00+00:00, run_after=2024-04-06T00:00:00+00:00
[2024-04-05T16:19:23.541+0000] {processor.py:176} INFO - Processing /opt/airflow/dags/parallel_dag.py took 0.190 seconds
[2024-04-05T16:19:53.699+0000] {processor.py:154} INFO - Started process (PID=10144) to work on /opt/airflow/dags/parallel_dag.py
[2024-04-05T16:19:53.701+0000] {processor.py:756} INFO - Processing file /opt/airflow/dags/parallel_dag.py for tasks to queue
[2024-04-05T16:19:53.703+0000] {logging_mixin.py:120} INFO - [2024-04-05T16:19:53.703+0000] {dagbag.py:537} INFO - Filling up the DagBag from /opt/airflow/dags/parallel_dag.py
[2024-04-05T16:19:53.736+0000] {processor.py:766} INFO - DAG(s) dict_keys(['parallel_dag']) retrieved from /opt/airflow/dags/parallel_dag.py
[2024-04-05T16:19:53.808+0000] {logging_mixin.py:120} INFO - [2024-04-05T16:19:53.808+0000] {dag.py:2585} INFO - Sync 1 DAGs
[2024-04-05T16:19:53.861+0000] {logging_mixin.py:120} INFO - [2024-04-05T16:19:53.861+0000] {dag.py:3340} INFO - Setting next_dagrun for parallel_dag to 2024-04-05T00:00:00+00:00, run_after=2024-04-06T00:00:00+00:00
[2024-04-05T16:19:53.894+0000] {processor.py:176} INFO - Processing /opt/airflow/dags/parallel_dag.py took 0.202 seconds
[2024-04-05T16:20:24.300+0000] {processor.py:154} INFO - Started process (PID=10204) to work on /opt/airflow/dags/parallel_dag.py
[2024-04-05T16:20:24.302+0000] {processor.py:756} INFO - Processing file /opt/airflow/dags/parallel_dag.py for tasks to queue
[2024-04-05T16:20:24.304+0000] {logging_mixin.py:120} INFO - [2024-04-05T16:20:24.304+0000] {dagbag.py:537} INFO - Filling up the DagBag from /opt/airflow/dags/parallel_dag.py
[2024-04-05T16:20:24.338+0000] {processor.py:766} INFO - DAG(s) dict_keys(['parallel_dag']) retrieved from /opt/airflow/dags/parallel_dag.py
[2024-04-05T16:20:24.403+0000] {logging_mixin.py:120} INFO - [2024-04-05T16:20:24.403+0000] {dag.py:2585} INFO - Sync 1 DAGs
[2024-04-05T16:20:24.445+0000] {logging_mixin.py:120} INFO - [2024-04-05T16:20:24.445+0000] {dag.py:3340} INFO - Setting next_dagrun for parallel_dag to 2024-04-05T00:00:00+00:00, run_after=2024-04-06T00:00:00+00:00
[2024-04-05T16:20:24.475+0000] {processor.py:176} INFO - Processing /opt/airflow/dags/parallel_dag.py took 0.180 seconds
[2024-04-05T16:20:54.816+0000] {processor.py:154} INFO - Started process (PID=10274) to work on /opt/airflow/dags/parallel_dag.py
[2024-04-05T16:20:54.818+0000] {processor.py:756} INFO - Processing file /opt/airflow/dags/parallel_dag.py for tasks to queue
[2024-04-05T16:20:54.820+0000] {logging_mixin.py:120} INFO - [2024-04-05T16:20:54.820+0000] {dagbag.py:537} INFO - Filling up the DagBag from /opt/airflow/dags/parallel_dag.py
[2024-04-05T16:20:54.854+0000] {processor.py:766} INFO - DAG(s) dict_keys(['parallel_dag']) retrieved from /opt/airflow/dags/parallel_dag.py
[2024-04-05T16:20:54.928+0000] {logging_mixin.py:120} INFO - [2024-04-05T16:20:54.927+0000] {dag.py:2585} INFO - Sync 1 DAGs
[2024-04-05T16:20:54.972+0000] {logging_mixin.py:120} INFO - [2024-04-05T16:20:54.972+0000] {dag.py:3340} INFO - Setting next_dagrun for parallel_dag to 2024-04-05T00:00:00+00:00, run_after=2024-04-06T00:00:00+00:00
[2024-04-05T16:20:55.004+0000] {processor.py:176} INFO - Processing /opt/airflow/dags/parallel_dag.py took 0.193 seconds
[2024-04-05T16:21:25.528+0000] {processor.py:154} INFO - Started process (PID=10334) to work on /opt/airflow/dags/parallel_dag.py
[2024-04-05T16:21:25.530+0000] {processor.py:756} INFO - Processing file /opt/airflow/dags/parallel_dag.py for tasks to queue
[2024-04-05T16:21:25.531+0000] {logging_mixin.py:120} INFO - [2024-04-05T16:21:25.531+0000] {dagbag.py:537} INFO - Filling up the DagBag from /opt/airflow/dags/parallel_dag.py
[2024-04-05T16:21:25.572+0000] {processor.py:766} INFO - DAG(s) dict_keys(['parallel_dag']) retrieved from /opt/airflow/dags/parallel_dag.py
[2024-04-05T16:21:25.644+0000] {logging_mixin.py:120} INFO - [2024-04-05T16:21:25.644+0000] {dag.py:2585} INFO - Sync 1 DAGs
[2024-04-05T16:21:25.697+0000] {logging_mixin.py:120} INFO - [2024-04-05T16:21:25.697+0000] {dag.py:3340} INFO - Setting next_dagrun for parallel_dag to 2024-04-05T00:00:00+00:00, run_after=2024-04-06T00:00:00+00:00
[2024-04-05T16:21:25.732+0000] {processor.py:176} INFO - Processing /opt/airflow/dags/parallel_dag.py took 0.210 seconds
[2024-04-05T16:21:55.884+0000] {processor.py:154} INFO - Started process (PID=10403) to work on /opt/airflow/dags/parallel_dag.py
[2024-04-05T16:21:55.886+0000] {processor.py:756} INFO - Processing file /opt/airflow/dags/parallel_dag.py for tasks to queue
[2024-04-05T16:21:55.888+0000] {logging_mixin.py:120} INFO - [2024-04-05T16:21:55.888+0000] {dagbag.py:537} INFO - Filling up the DagBag from /opt/airflow/dags/parallel_dag.py
[2024-04-05T16:21:55.920+0000] {processor.py:766} INFO - DAG(s) dict_keys(['parallel_dag']) retrieved from /opt/airflow/dags/parallel_dag.py
[2024-04-05T16:21:55.990+0000] {logging_mixin.py:120} INFO - [2024-04-05T16:21:55.989+0000] {dag.py:2585} INFO - Sync 1 DAGs
[2024-04-05T16:21:56.035+0000] {logging_mixin.py:120} INFO - [2024-04-05T16:21:56.035+0000] {dag.py:3340} INFO - Setting next_dagrun for parallel_dag to 2024-04-05T00:00:00+00:00, run_after=2024-04-06T00:00:00+00:00
[2024-04-05T16:21:56.068+0000] {processor.py:176} INFO - Processing /opt/airflow/dags/parallel_dag.py took 0.190 seconds
[2024-04-05T16:22:26.323+0000] {processor.py:154} INFO - Started process (PID=10471) to work on /opt/airflow/dags/parallel_dag.py
[2024-04-05T16:22:26.326+0000] {processor.py:756} INFO - Processing file /opt/airflow/dags/parallel_dag.py for tasks to queue
[2024-04-05T16:22:26.328+0000] {logging_mixin.py:120} INFO - [2024-04-05T16:22:26.328+0000] {dagbag.py:537} INFO - Filling up the DagBag from /opt/airflow/dags/parallel_dag.py
[2024-04-05T16:22:26.359+0000] {processor.py:766} INFO - DAG(s) dict_keys(['parallel_dag']) retrieved from /opt/airflow/dags/parallel_dag.py
[2024-04-05T16:22:26.424+0000] {logging_mixin.py:120} INFO - [2024-04-05T16:22:26.424+0000] {dag.py:2585} INFO - Sync 1 DAGs
[2024-04-05T16:22:26.468+0000] {logging_mixin.py:120} INFO - [2024-04-05T16:22:26.468+0000] {dag.py:3340} INFO - Setting next_dagrun for parallel_dag to 2024-04-05T00:00:00+00:00, run_after=2024-04-06T00:00:00+00:00
[2024-04-05T16:22:26.503+0000] {processor.py:176} INFO - Processing /opt/airflow/dags/parallel_dag.py took 0.187 seconds
[2024-04-05T16:22:56.676+0000] {processor.py:154} INFO - Started process (PID=10531) to work on /opt/airflow/dags/parallel_dag.py
[2024-04-05T16:22:56.678+0000] {processor.py:756} INFO - Processing file /opt/airflow/dags/parallel_dag.py for tasks to queue
[2024-04-05T16:22:56.680+0000] {logging_mixin.py:120} INFO - [2024-04-05T16:22:56.680+0000] {dagbag.py:537} INFO - Filling up the DagBag from /opt/airflow/dags/parallel_dag.py
[2024-04-05T16:22:56.715+0000] {processor.py:766} INFO - DAG(s) dict_keys(['parallel_dag']) retrieved from /opt/airflow/dags/parallel_dag.py
[2024-04-05T16:22:56.786+0000] {logging_mixin.py:120} INFO - [2024-04-05T16:22:56.786+0000] {dag.py:2585} INFO - Sync 1 DAGs
[2024-04-05T16:22:56.833+0000] {logging_mixin.py:120} INFO - [2024-04-05T16:22:56.833+0000] {dag.py:3340} INFO - Setting next_dagrun for parallel_dag to 2024-04-05T00:00:00+00:00, run_after=2024-04-06T00:00:00+00:00
[2024-04-05T16:22:56.863+0000] {processor.py:176} INFO - Processing /opt/airflow/dags/parallel_dag.py took 0.194 seconds
[2024-04-05T16:23:27.293+0000] {processor.py:154} INFO - Started process (PID=10600) to work on /opt/airflow/dags/parallel_dag.py
[2024-04-05T16:23:27.295+0000] {processor.py:756} INFO - Processing file /opt/airflow/dags/parallel_dag.py for tasks to queue
[2024-04-05T16:23:27.297+0000] {logging_mixin.py:120} INFO - [2024-04-05T16:23:27.297+0000] {dagbag.py:537} INFO - Filling up the DagBag from /opt/airflow/dags/parallel_dag.py
[2024-04-05T16:23:27.335+0000] {processor.py:766} INFO - DAG(s) dict_keys(['parallel_dag']) retrieved from /opt/airflow/dags/parallel_dag.py
[2024-04-05T16:23:27.417+0000] {logging_mixin.py:120} INFO - [2024-04-05T16:23:27.417+0000] {dag.py:2585} INFO - Sync 1 DAGs
[2024-04-05T16:23:27.483+0000] {logging_mixin.py:120} INFO - [2024-04-05T16:23:27.483+0000] {dag.py:3340} INFO - Setting next_dagrun for parallel_dag to 2024-04-05T00:00:00+00:00, run_after=2024-04-06T00:00:00+00:00
[2024-04-05T16:23:27.673+0000] {processor.py:176} INFO - Processing /opt/airflow/dags/parallel_dag.py took 0.386 seconds
[2024-04-05T16:23:58.113+0000] {processor.py:154} INFO - Started process (PID=10669) to work on /opt/airflow/dags/parallel_dag.py
[2024-04-05T16:23:58.118+0000] {processor.py:756} INFO - Processing file /opt/airflow/dags/parallel_dag.py for tasks to queue
[2024-04-05T16:23:58.122+0000] {logging_mixin.py:120} INFO - [2024-04-05T16:23:58.121+0000] {dagbag.py:537} INFO - Filling up the DagBag from /opt/airflow/dags/parallel_dag.py
[2024-04-05T16:23:58.165+0000] {processor.py:766} INFO - DAG(s) dict_keys(['parallel_dag']) retrieved from /opt/airflow/dags/parallel_dag.py
[2024-04-05T16:23:58.252+0000] {logging_mixin.py:120} INFO - [2024-04-05T16:23:58.251+0000] {dag.py:2585} INFO - Sync 1 DAGs
[2024-04-05T16:23:58.294+0000] {logging_mixin.py:120} INFO - [2024-04-05T16:23:58.294+0000] {dag.py:3340} INFO - Setting next_dagrun for parallel_dag to 2024-04-05T00:00:00+00:00, run_after=2024-04-06T00:00:00+00:00
[2024-04-05T16:23:58.324+0000] {processor.py:176} INFO - Processing /opt/airflow/dags/parallel_dag.py took 0.225 seconds
[2024-04-05T16:24:28.480+0000] {processor.py:154} INFO - Started process (PID=10729) to work on /opt/airflow/dags/parallel_dag.py
[2024-04-05T16:24:28.483+0000] {processor.py:756} INFO - Processing file /opt/airflow/dags/parallel_dag.py for tasks to queue
[2024-04-05T16:24:28.487+0000] {logging_mixin.py:120} INFO - [2024-04-05T16:24:28.486+0000] {dagbag.py:537} INFO - Filling up the DagBag from /opt/airflow/dags/parallel_dag.py
[2024-04-05T16:24:28.533+0000] {processor.py:766} INFO - DAG(s) dict_keys(['parallel_dag']) retrieved from /opt/airflow/dags/parallel_dag.py
[2024-04-05T16:24:28.636+0000] {logging_mixin.py:120} INFO - [2024-04-05T16:24:28.636+0000] {dag.py:2585} INFO - Sync 1 DAGs
[2024-04-05T16:24:28.686+0000] {logging_mixin.py:120} INFO - [2024-04-05T16:24:28.683+0000] {dag.py:3340} INFO - Setting next_dagrun for parallel_dag to 2024-04-05T00:00:00+00:00, run_after=2024-04-06T00:00:00+00:00
[2024-04-05T16:24:28.720+0000] {processor.py:176} INFO - Processing /opt/airflow/dags/parallel_dag.py took 0.249 seconds
[2024-04-05T16:24:59.130+0000] {processor.py:154} INFO - Started process (PID=10799) to work on /opt/airflow/dags/parallel_dag.py
[2024-04-05T16:24:59.132+0000] {processor.py:756} INFO - Processing file /opt/airflow/dags/parallel_dag.py for tasks to queue
[2024-04-05T16:24:59.136+0000] {logging_mixin.py:120} INFO - [2024-04-05T16:24:59.136+0000] {dagbag.py:537} INFO - Filling up the DagBag from /opt/airflow/dags/parallel_dag.py
[2024-04-05T16:24:59.173+0000] {processor.py:766} INFO - DAG(s) dict_keys(['parallel_dag']) retrieved from /opt/airflow/dags/parallel_dag.py
[2024-04-05T16:24:59.236+0000] {logging_mixin.py:120} INFO - [2024-04-05T16:24:59.236+0000] {dag.py:2585} INFO - Sync 1 DAGs
[2024-04-05T16:24:59.283+0000] {logging_mixin.py:120} INFO - [2024-04-05T16:24:59.282+0000] {dag.py:3340} INFO - Setting next_dagrun for parallel_dag to 2024-04-05T00:00:00+00:00, run_after=2024-04-06T00:00:00+00:00
[2024-04-05T16:24:59.314+0000] {processor.py:176} INFO - Processing /opt/airflow/dags/parallel_dag.py took 0.192 seconds
[2024-04-05T16:25:29.437+0000] {processor.py:154} INFO - Started process (PID=10859) to work on /opt/airflow/dags/parallel_dag.py
[2024-04-05T16:25:29.442+0000] {processor.py:756} INFO - Processing file /opt/airflow/dags/parallel_dag.py for tasks to queue
[2024-04-05T16:25:29.452+0000] {logging_mixin.py:120} INFO - [2024-04-05T16:25:29.452+0000] {dagbag.py:537} INFO - Filling up the DagBag from /opt/airflow/dags/parallel_dag.py
[2024-04-05T16:25:29.512+0000] {processor.py:766} INFO - DAG(s) dict_keys(['parallel_dag']) retrieved from /opt/airflow/dags/parallel_dag.py
[2024-04-05T16:25:29.648+0000] {logging_mixin.py:120} INFO - [2024-04-05T16:25:29.648+0000] {dag.py:2585} INFO - Sync 1 DAGs
[2024-04-05T16:25:29.730+0000] {logging_mixin.py:120} INFO - [2024-04-05T16:25:29.730+0000] {dag.py:3340} INFO - Setting next_dagrun for parallel_dag to 2024-04-05T00:00:00+00:00, run_after=2024-04-06T00:00:00+00:00
[2024-04-05T16:25:29.788+0000] {processor.py:176} INFO - Processing /opt/airflow/dags/parallel_dag.py took 0.359 seconds
[2024-04-05T16:26:00.141+0000] {processor.py:154} INFO - Started process (PID=10929) to work on /opt/airflow/dags/parallel_dag.py
[2024-04-05T16:26:00.143+0000] {processor.py:756} INFO - Processing file /opt/airflow/dags/parallel_dag.py for tasks to queue
[2024-04-05T16:26:00.144+0000] {logging_mixin.py:120} INFO - [2024-04-05T16:26:00.144+0000] {dagbag.py:537} INFO - Filling up the DagBag from /opt/airflow/dags/parallel_dag.py
[2024-04-05T16:26:00.179+0000] {processor.py:766} INFO - DAG(s) dict_keys(['parallel_dag']) retrieved from /opt/airflow/dags/parallel_dag.py
[2024-04-05T16:26:00.252+0000] {logging_mixin.py:120} INFO - [2024-04-05T16:26:00.252+0000] {dag.py:2585} INFO - Sync 1 DAGs
[2024-04-05T16:26:00.302+0000] {logging_mixin.py:120} INFO - [2024-04-05T16:26:00.302+0000] {dag.py:3340} INFO - Setting next_dagrun for parallel_dag to 2024-04-05T00:00:00+00:00, run_after=2024-04-06T00:00:00+00:00
[2024-04-05T16:26:00.353+0000] {processor.py:176} INFO - Processing /opt/airflow/dags/parallel_dag.py took 0.219 seconds
[2024-04-05T16:26:31.229+0000] {processor.py:154} INFO - Started process (PID=10996) to work on /opt/airflow/dags/parallel_dag.py
[2024-04-05T16:26:31.240+0000] {processor.py:756} INFO - Processing file /opt/airflow/dags/parallel_dag.py for tasks to queue
[2024-04-05T16:26:31.254+0000] {logging_mixin.py:120} INFO - [2024-04-05T16:26:31.253+0000] {dagbag.py:537} INFO - Filling up the DagBag from /opt/airflow/dags/parallel_dag.py
[2024-04-05T16:26:31.367+0000] {processor.py:766} INFO - DAG(s) dict_keys(['parallel_dag']) retrieved from /opt/airflow/dags/parallel_dag.py
[2024-04-05T16:26:31.475+0000] {logging_mixin.py:120} INFO - [2024-04-05T16:26:31.475+0000] {dag.py:2585} INFO - Sync 1 DAGs
[2024-04-05T16:26:31.515+0000] {logging_mixin.py:120} INFO - [2024-04-05T16:26:31.515+0000] {dag.py:3340} INFO - Setting next_dagrun for parallel_dag to 2024-04-05T00:00:00+00:00, run_after=2024-04-06T00:00:00+00:00
[2024-04-05T16:26:31.539+0000] {processor.py:176} INFO - Processing /opt/airflow/dags/parallel_dag.py took 0.325 seconds
[2024-04-05T16:27:01.625+0000] {processor.py:154} INFO - Started process (PID=11058) to work on /opt/airflow/dags/parallel_dag.py
[2024-04-05T16:27:01.628+0000] {processor.py:756} INFO - Processing file /opt/airflow/dags/parallel_dag.py for tasks to queue
[2024-04-05T16:27:01.631+0000] {logging_mixin.py:120} INFO - [2024-04-05T16:27:01.631+0000] {dagbag.py:537} INFO - Filling up the DagBag from /opt/airflow/dags/parallel_dag.py
[2024-04-05T16:27:01.670+0000] {processor.py:766} INFO - DAG(s) dict_keys(['parallel_dag']) retrieved from /opt/airflow/dags/parallel_dag.py
[2024-04-05T16:27:01.744+0000] {logging_mixin.py:120} INFO - [2024-04-05T16:27:01.744+0000] {dag.py:2585} INFO - Sync 1 DAGs
[2024-04-05T16:27:01.797+0000] {logging_mixin.py:120} INFO - [2024-04-05T16:27:01.797+0000] {dag.py:3340} INFO - Setting next_dagrun for parallel_dag to 2024-04-05T00:00:00+00:00, run_after=2024-04-06T00:00:00+00:00
[2024-04-05T16:27:01.823+0000] {processor.py:176} INFO - Processing /opt/airflow/dags/parallel_dag.py took 0.210 seconds
[2024-04-05T16:27:32.094+0000] {processor.py:154} INFO - Started process (PID=11126) to work on /opt/airflow/dags/parallel_dag.py
[2024-04-05T16:27:32.106+0000] {processor.py:756} INFO - Processing file /opt/airflow/dags/parallel_dag.py for tasks to queue
[2024-04-05T16:27:32.109+0000] {logging_mixin.py:120} INFO - [2024-04-05T16:27:32.108+0000] {dagbag.py:537} INFO - Filling up the DagBag from /opt/airflow/dags/parallel_dag.py
[2024-04-05T16:27:32.162+0000] {processor.py:766} INFO - DAG(s) dict_keys(['parallel_dag']) retrieved from /opt/airflow/dags/parallel_dag.py
[2024-04-05T16:27:32.286+0000] {logging_mixin.py:120} INFO - [2024-04-05T16:27:32.286+0000] {dag.py:2585} INFO - Sync 1 DAGs
[2024-04-05T16:27:32.357+0000] {logging_mixin.py:120} INFO - [2024-04-05T16:27:32.357+0000] {dag.py:3340} INFO - Setting next_dagrun for parallel_dag to 2024-04-05T00:00:00+00:00, run_after=2024-04-06T00:00:00+00:00
[2024-04-05T16:27:32.391+0000] {processor.py:176} INFO - Processing /opt/airflow/dags/parallel_dag.py took 0.355 seconds
[2024-04-05T16:28:02.468+0000] {processor.py:154} INFO - Started process (PID=11187) to work on /opt/airflow/dags/parallel_dag.py
[2024-04-05T16:28:02.470+0000] {processor.py:756} INFO - Processing file /opt/airflow/dags/parallel_dag.py for tasks to queue
[2024-04-05T16:28:02.472+0000] {logging_mixin.py:120} INFO - [2024-04-05T16:28:02.472+0000] {dagbag.py:537} INFO - Filling up the DagBag from /opt/airflow/dags/parallel_dag.py
[2024-04-05T16:28:02.510+0000] {processor.py:766} INFO - DAG(s) dict_keys(['parallel_dag']) retrieved from /opt/airflow/dags/parallel_dag.py
[2024-04-05T16:28:02.592+0000] {logging_mixin.py:120} INFO - [2024-04-05T16:28:02.592+0000] {dag.py:2585} INFO - Sync 1 DAGs
[2024-04-05T16:28:02.636+0000] {logging_mixin.py:120} INFO - [2024-04-05T16:28:02.636+0000] {dag.py:3340} INFO - Setting next_dagrun for parallel_dag to 2024-04-05T00:00:00+00:00, run_after=2024-04-06T00:00:00+00:00
[2024-04-05T16:28:02.680+0000] {processor.py:176} INFO - Processing /opt/airflow/dags/parallel_dag.py took 0.217 seconds
[2024-04-05T16:28:32.977+0000] {processor.py:154} INFO - Started process (PID=11256) to work on /opt/airflow/dags/parallel_dag.py
[2024-04-05T16:28:32.979+0000] {processor.py:756} INFO - Processing file /opt/airflow/dags/parallel_dag.py for tasks to queue
[2024-04-05T16:28:32.981+0000] {logging_mixin.py:120} INFO - [2024-04-05T16:28:32.981+0000] {dagbag.py:537} INFO - Filling up the DagBag from /opt/airflow/dags/parallel_dag.py
[2024-04-05T16:28:33.022+0000] {processor.py:766} INFO - DAG(s) dict_keys(['parallel_dag']) retrieved from /opt/airflow/dags/parallel_dag.py
[2024-04-05T16:28:33.158+0000] {logging_mixin.py:120} INFO - [2024-04-05T16:28:33.158+0000] {dag.py:2585} INFO - Sync 1 DAGs
[2024-04-05T16:28:33.270+0000] {logging_mixin.py:120} INFO - [2024-04-05T16:28:33.269+0000] {dag.py:3340} INFO - Setting next_dagrun for parallel_dag to 2024-04-05T00:00:00+00:00, run_after=2024-04-06T00:00:00+00:00
[2024-04-05T16:28:33.339+0000] {processor.py:176} INFO - Processing /opt/airflow/dags/parallel_dag.py took 0.368 seconds
[2024-04-05T16:29:03.425+0000] {processor.py:154} INFO - Started process (PID=11316) to work on /opt/airflow/dags/parallel_dag.py
[2024-04-05T16:29:03.427+0000] {processor.py:756} INFO - Processing file /opt/airflow/dags/parallel_dag.py for tasks to queue
[2024-04-05T16:29:03.430+0000] {logging_mixin.py:120} INFO - [2024-04-05T16:29:03.429+0000] {dagbag.py:537} INFO - Filling up the DagBag from /opt/airflow/dags/parallel_dag.py
[2024-04-05T16:29:03.469+0000] {processor.py:766} INFO - DAG(s) dict_keys(['parallel_dag']) retrieved from /opt/airflow/dags/parallel_dag.py
[2024-04-05T16:29:03.565+0000] {logging_mixin.py:120} INFO - [2024-04-05T16:29:03.565+0000] {dag.py:2585} INFO - Sync 1 DAGs
[2024-04-05T16:29:03.642+0000] {logging_mixin.py:120} INFO - [2024-04-05T16:29:03.642+0000] {dag.py:3340} INFO - Setting next_dagrun for parallel_dag to 2024-04-05T00:00:00+00:00, run_after=2024-04-06T00:00:00+00:00
[2024-04-05T16:29:03.685+0000] {processor.py:176} INFO - Processing /opt/airflow/dags/parallel_dag.py took 0.267 seconds
[2024-04-05T16:29:33.926+0000] {processor.py:154} INFO - Started process (PID=11385) to work on /opt/airflow/dags/parallel_dag.py
[2024-04-05T16:29:33.928+0000] {processor.py:756} INFO - Processing file /opt/airflow/dags/parallel_dag.py for tasks to queue
[2024-04-05T16:29:33.929+0000] {logging_mixin.py:120} INFO - [2024-04-05T16:29:33.929+0000] {dagbag.py:537} INFO - Filling up the DagBag from /opt/airflow/dags/parallel_dag.py
[2024-04-05T16:29:33.978+0000] {processor.py:766} INFO - DAG(s) dict_keys(['parallel_dag']) retrieved from /opt/airflow/dags/parallel_dag.py
[2024-04-05T16:29:34.047+0000] {logging_mixin.py:120} INFO - [2024-04-05T16:29:34.046+0000] {dag.py:2585} INFO - Sync 1 DAGs
[2024-04-05T16:29:34.111+0000] {logging_mixin.py:120} INFO - [2024-04-05T16:29:34.111+0000] {dag.py:3340} INFO - Setting next_dagrun for parallel_dag to 2024-04-05T00:00:00+00:00, run_after=2024-04-06T00:00:00+00:00
[2024-04-05T16:29:34.141+0000] {processor.py:176} INFO - Processing /opt/airflow/dags/parallel_dag.py took 0.223 seconds
[2024-04-05T16:30:04.505+0000] {processor.py:154} INFO - Started process (PID=11444) to work on /opt/airflow/dags/parallel_dag.py
[2024-04-05T16:30:04.507+0000] {processor.py:756} INFO - Processing file /opt/airflow/dags/parallel_dag.py for tasks to queue
[2024-04-05T16:30:04.510+0000] {logging_mixin.py:120} INFO - [2024-04-05T16:30:04.510+0000] {dagbag.py:537} INFO - Filling up the DagBag from /opt/airflow/dags/parallel_dag.py
[2024-04-05T16:30:04.547+0000] {processor.py:766} INFO - DAG(s) dict_keys(['parallel_dag']) retrieved from /opt/airflow/dags/parallel_dag.py
[2024-04-05T16:30:04.647+0000] {logging_mixin.py:120} INFO - [2024-04-05T16:30:04.647+0000] {dag.py:2585} INFO - Sync 1 DAGs
[2024-04-05T16:30:04.715+0000] {logging_mixin.py:120} INFO - [2024-04-05T16:30:04.714+0000] {dag.py:3340} INFO - Setting next_dagrun for parallel_dag to 2024-04-05T00:00:00+00:00, run_after=2024-04-06T00:00:00+00:00
[2024-04-05T16:30:04.751+0000] {processor.py:176} INFO - Processing /opt/airflow/dags/parallel_dag.py took 0.254 seconds
[2024-04-05T16:30:35.152+0000] {processor.py:154} INFO - Started process (PID=11512) to work on /opt/airflow/dags/parallel_dag.py
[2024-04-05T16:30:35.155+0000] {processor.py:756} INFO - Processing file /opt/airflow/dags/parallel_dag.py for tasks to queue
[2024-04-05T16:30:35.158+0000] {logging_mixin.py:120} INFO - [2024-04-05T16:30:35.157+0000] {dagbag.py:537} INFO - Filling up the DagBag from /opt/airflow/dags/parallel_dag.py
[2024-04-05T16:30:35.204+0000] {processor.py:766} INFO - DAG(s) dict_keys(['parallel_dag']) retrieved from /opt/airflow/dags/parallel_dag.py
[2024-04-05T16:30:35.295+0000] {logging_mixin.py:120} INFO - [2024-04-05T16:30:35.295+0000] {dag.py:2585} INFO - Sync 1 DAGs
[2024-04-05T16:30:35.352+0000] {logging_mixin.py:120} INFO - [2024-04-05T16:30:35.352+0000] {dag.py:3340} INFO - Setting next_dagrun for parallel_dag to 2024-04-05T00:00:00+00:00, run_after=2024-04-06T00:00:00+00:00
[2024-04-05T16:30:35.384+0000] {processor.py:176} INFO - Processing /opt/airflow/dags/parallel_dag.py took 0.242 seconds
[2024-04-05T16:31:05.615+0000] {processor.py:154} INFO - Started process (PID=11572) to work on /opt/airflow/dags/parallel_dag.py
[2024-04-05T16:31:05.617+0000] {processor.py:756} INFO - Processing file /opt/airflow/dags/parallel_dag.py for tasks to queue
[2024-04-05T16:31:05.619+0000] {logging_mixin.py:120} INFO - [2024-04-05T16:31:05.619+0000] {dagbag.py:537} INFO - Filling up the DagBag from /opt/airflow/dags/parallel_dag.py
[2024-04-05T16:31:05.654+0000] {processor.py:766} INFO - DAG(s) dict_keys(['parallel_dag']) retrieved from /opt/airflow/dags/parallel_dag.py
[2024-04-05T16:31:05.726+0000] {logging_mixin.py:120} INFO - [2024-04-05T16:31:05.726+0000] {dag.py:2585} INFO - Sync 1 DAGs
[2024-04-05T16:31:05.773+0000] {logging_mixin.py:120} INFO - [2024-04-05T16:31:05.773+0000] {dag.py:3340} INFO - Setting next_dagrun for parallel_dag to 2024-04-05T00:00:00+00:00, run_after=2024-04-06T00:00:00+00:00
[2024-04-05T16:31:05.810+0000] {processor.py:176} INFO - Processing /opt/airflow/dags/parallel_dag.py took 0.200 seconds
[2024-04-05T16:31:36.024+0000] {processor.py:154} INFO - Started process (PID=11642) to work on /opt/airflow/dags/parallel_dag.py
[2024-04-05T16:31:36.026+0000] {processor.py:756} INFO - Processing file /opt/airflow/dags/parallel_dag.py for tasks to queue
[2024-04-05T16:31:36.028+0000] {logging_mixin.py:120} INFO - [2024-04-05T16:31:36.028+0000] {dagbag.py:537} INFO - Filling up the DagBag from /opt/airflow/dags/parallel_dag.py
[2024-04-05T16:31:36.065+0000] {processor.py:766} INFO - DAG(s) dict_keys(['parallel_dag']) retrieved from /opt/airflow/dags/parallel_dag.py
[2024-04-05T16:31:36.141+0000] {logging_mixin.py:120} INFO - [2024-04-05T16:31:36.141+0000] {dag.py:2585} INFO - Sync 1 DAGs
[2024-04-05T16:31:36.188+0000] {logging_mixin.py:120} INFO - [2024-04-05T16:31:36.187+0000] {dag.py:3340} INFO - Setting next_dagrun for parallel_dag to 2024-04-05T00:00:00+00:00, run_after=2024-04-06T00:00:00+00:00
[2024-04-05T16:31:36.222+0000] {processor.py:176} INFO - Processing /opt/airflow/dags/parallel_dag.py took 0.217 seconds
[2024-04-05T16:32:06.285+0000] {processor.py:154} INFO - Started process (PID=11712) to work on /opt/airflow/dags/parallel_dag.py
[2024-04-05T16:32:06.288+0000] {processor.py:756} INFO - Processing file /opt/airflow/dags/parallel_dag.py for tasks to queue
[2024-04-05T16:32:06.291+0000] {logging_mixin.py:120} INFO - [2024-04-05T16:32:06.290+0000] {dagbag.py:537} INFO - Filling up the DagBag from /opt/airflow/dags/parallel_dag.py
[2024-04-05T16:32:06.336+0000] {processor.py:766} INFO - DAG(s) dict_keys(['parallel_dag']) retrieved from /opt/airflow/dags/parallel_dag.py
[2024-04-05T16:32:06.422+0000] {logging_mixin.py:120} INFO - [2024-04-05T16:32:06.421+0000] {dag.py:2585} INFO - Sync 1 DAGs
[2024-04-05T16:32:06.496+0000] {logging_mixin.py:120} INFO - [2024-04-05T16:32:06.496+0000] {dag.py:3340} INFO - Setting next_dagrun for parallel_dag to 2024-04-05T00:00:00+00:00, run_after=2024-04-06T00:00:00+00:00
[2024-04-05T16:32:06.561+0000] {processor.py:176} INFO - Processing /opt/airflow/dags/parallel_dag.py took 0.289 seconds
[2024-04-05T16:32:36.888+0000] {processor.py:154} INFO - Started process (PID=11773) to work on /opt/airflow/dags/parallel_dag.py
[2024-04-05T16:32:36.890+0000] {processor.py:756} INFO - Processing file /opt/airflow/dags/parallel_dag.py for tasks to queue
[2024-04-05T16:32:36.893+0000] {logging_mixin.py:120} INFO - [2024-04-05T16:32:36.893+0000] {dagbag.py:537} INFO - Filling up the DagBag from /opt/airflow/dags/parallel_dag.py
[2024-04-05T16:32:36.946+0000] {processor.py:766} INFO - DAG(s) dict_keys(['parallel_dag']) retrieved from /opt/airflow/dags/parallel_dag.py
[2024-04-05T16:32:37.053+0000] {logging_mixin.py:120} INFO - [2024-04-05T16:32:37.052+0000] {dag.py:2585} INFO - Sync 1 DAGs
[2024-04-05T16:32:37.132+0000] {logging_mixin.py:120} INFO - [2024-04-05T16:32:37.131+0000] {dag.py:3340} INFO - Setting next_dagrun for parallel_dag to 2024-04-05T00:00:00+00:00, run_after=2024-04-06T00:00:00+00:00
[2024-04-05T16:32:37.182+0000] {processor.py:176} INFO - Processing /opt/airflow/dags/parallel_dag.py took 0.303 seconds
[2024-04-05T16:33:07.335+0000] {processor.py:154} INFO - Started process (PID=11842) to work on /opt/airflow/dags/parallel_dag.py
[2024-04-05T16:33:07.337+0000] {processor.py:756} INFO - Processing file /opt/airflow/dags/parallel_dag.py for tasks to queue
[2024-04-05T16:33:07.343+0000] {logging_mixin.py:120} INFO - [2024-04-05T16:33:07.343+0000] {dagbag.py:537} INFO - Filling up the DagBag from /opt/airflow/dags/parallel_dag.py
[2024-04-05T16:33:07.376+0000] {processor.py:766} INFO - DAG(s) dict_keys(['parallel_dag']) retrieved from /opt/airflow/dags/parallel_dag.py
[2024-04-05T16:33:07.451+0000] {logging_mixin.py:120} INFO - [2024-04-05T16:33:07.451+0000] {dag.py:2585} INFO - Sync 1 DAGs
[2024-04-05T16:33:07.502+0000] {logging_mixin.py:120} INFO - [2024-04-05T16:33:07.502+0000] {dag.py:3340} INFO - Setting next_dagrun for parallel_dag to 2024-04-05T00:00:00+00:00, run_after=2024-04-06T00:00:00+00:00
[2024-04-05T16:33:07.546+0000] {processor.py:176} INFO - Processing /opt/airflow/dags/parallel_dag.py took 0.221 seconds
[2024-04-05T16:33:38.062+0000] {processor.py:154} INFO - Started process (PID=11902) to work on /opt/airflow/dags/parallel_dag.py
[2024-04-05T16:33:38.064+0000] {processor.py:756} INFO - Processing file /opt/airflow/dags/parallel_dag.py for tasks to queue
[2024-04-05T16:33:38.067+0000] {logging_mixin.py:120} INFO - [2024-04-05T16:33:38.067+0000] {dagbag.py:537} INFO - Filling up the DagBag from /opt/airflow/dags/parallel_dag.py
[2024-04-05T16:33:38.116+0000] {processor.py:766} INFO - DAG(s) dict_keys(['parallel_dag']) retrieved from /opt/airflow/dags/parallel_dag.py
[2024-04-05T16:33:38.199+0000] {logging_mixin.py:120} INFO - [2024-04-05T16:33:38.198+0000] {dag.py:2585} INFO - Sync 1 DAGs
[2024-04-05T16:33:38.241+0000] {logging_mixin.py:120} INFO - [2024-04-05T16:33:38.241+0000] {dag.py:3340} INFO - Setting next_dagrun for parallel_dag to 2024-04-05T00:00:00+00:00, run_after=2024-04-06T00:00:00+00:00
[2024-04-05T16:33:38.265+0000] {processor.py:176} INFO - Processing /opt/airflow/dags/parallel_dag.py took 0.210 seconds
[2024-04-05T16:34:09.009+0000] {processor.py:154} INFO - Started process (PID=11970) to work on /opt/airflow/dags/parallel_dag.py
[2024-04-05T16:34:09.012+0000] {processor.py:756} INFO - Processing file /opt/airflow/dags/parallel_dag.py for tasks to queue
[2024-04-05T16:34:09.015+0000] {logging_mixin.py:120} INFO - [2024-04-05T16:34:09.014+0000] {dagbag.py:537} INFO - Filling up the DagBag from /opt/airflow/dags/parallel_dag.py
[2024-04-05T16:34:09.067+0000] {processor.py:766} INFO - DAG(s) dict_keys(['parallel_dag']) retrieved from /opt/airflow/dags/parallel_dag.py
[2024-04-05T16:34:09.154+0000] {logging_mixin.py:120} INFO - [2024-04-05T16:34:09.154+0000] {dag.py:2585} INFO - Sync 1 DAGs
[2024-04-05T16:34:09.208+0000] {logging_mixin.py:120} INFO - [2024-04-05T16:34:09.208+0000] {dag.py:3340} INFO - Setting next_dagrun for parallel_dag to 2024-04-05T00:00:00+00:00, run_after=2024-04-06T00:00:00+00:00
[2024-04-05T16:34:09.233+0000] {processor.py:176} INFO - Processing /opt/airflow/dags/parallel_dag.py took 0.229 seconds
[2024-04-05T16:34:39.846+0000] {processor.py:154} INFO - Started process (PID=12039) to work on /opt/airflow/dags/parallel_dag.py
[2024-04-05T16:34:39.848+0000] {processor.py:756} INFO - Processing file /opt/airflow/dags/parallel_dag.py for tasks to queue
[2024-04-05T16:34:39.850+0000] {logging_mixin.py:120} INFO - [2024-04-05T16:34:39.850+0000] {dagbag.py:537} INFO - Filling up the DagBag from /opt/airflow/dags/parallel_dag.py
[2024-04-05T16:34:39.885+0000] {processor.py:766} INFO - DAG(s) dict_keys(['parallel_dag']) retrieved from /opt/airflow/dags/parallel_dag.py
[2024-04-05T16:34:39.953+0000] {logging_mixin.py:120} INFO - [2024-04-05T16:34:39.953+0000] {dag.py:2585} INFO - Sync 1 DAGs
[2024-04-05T16:34:39.997+0000] {logging_mixin.py:120} INFO - [2024-04-05T16:34:39.997+0000] {dag.py:3340} INFO - Setting next_dagrun for parallel_dag to 2024-04-05T00:00:00+00:00, run_after=2024-04-06T00:00:00+00:00
[2024-04-05T16:34:40.026+0000] {processor.py:176} INFO - Processing /opt/airflow/dags/parallel_dag.py took 0.186 seconds
[2024-04-05T16:35:10.485+0000] {processor.py:154} INFO - Started process (PID=12099) to work on /opt/airflow/dags/parallel_dag.py
[2024-04-05T16:35:10.487+0000] {processor.py:756} INFO - Processing file /opt/airflow/dags/parallel_dag.py for tasks to queue
[2024-04-05T16:35:10.489+0000] {logging_mixin.py:120} INFO - [2024-04-05T16:35:10.489+0000] {dagbag.py:537} INFO - Filling up the DagBag from /opt/airflow/dags/parallel_dag.py
[2024-04-05T16:35:10.535+0000] {processor.py:766} INFO - DAG(s) dict_keys(['parallel_dag']) retrieved from /opt/airflow/dags/parallel_dag.py
[2024-04-05T16:35:10.616+0000] {logging_mixin.py:120} INFO - [2024-04-05T16:35:10.616+0000] {dag.py:2585} INFO - Sync 1 DAGs
[2024-04-05T16:35:10.663+0000] {logging_mixin.py:120} INFO - [2024-04-05T16:35:10.662+0000] {dag.py:3340} INFO - Setting next_dagrun for parallel_dag to 2024-04-05T00:00:00+00:00, run_after=2024-04-06T00:00:00+00:00
[2024-04-05T16:35:10.698+0000] {processor.py:176} INFO - Processing /opt/airflow/dags/parallel_dag.py took 0.219 seconds
[2024-04-05T16:35:41.078+0000] {processor.py:154} INFO - Started process (PID=12170) to work on /opt/airflow/dags/parallel_dag.py
[2024-04-05T16:35:41.081+0000] {processor.py:756} INFO - Processing file /opt/airflow/dags/parallel_dag.py for tasks to queue
[2024-04-05T16:35:41.083+0000] {logging_mixin.py:120} INFO - [2024-04-05T16:35:41.083+0000] {dagbag.py:537} INFO - Filling up the DagBag from /opt/airflow/dags/parallel_dag.py
[2024-04-05T16:35:41.120+0000] {processor.py:766} INFO - DAG(s) dict_keys(['parallel_dag']) retrieved from /opt/airflow/dags/parallel_dag.py
[2024-04-05T16:35:41.189+0000] {logging_mixin.py:120} INFO - [2024-04-05T16:35:41.188+0000] {dag.py:2585} INFO - Sync 1 DAGs
[2024-04-05T16:35:41.240+0000] {logging_mixin.py:120} INFO - [2024-04-05T16:35:41.240+0000] {dag.py:3340} INFO - Setting next_dagrun for parallel_dag to 2024-04-05T00:00:00+00:00, run_after=2024-04-06T00:00:00+00:00
[2024-04-05T16:35:41.272+0000] {processor.py:176} INFO - Processing /opt/airflow/dags/parallel_dag.py took 0.207 seconds
[2024-04-05T16:36:11.610+0000] {processor.py:154} INFO - Started process (PID=12231) to work on /opt/airflow/dags/parallel_dag.py
[2024-04-05T16:36:11.613+0000] {processor.py:756} INFO - Processing file /opt/airflow/dags/parallel_dag.py for tasks to queue
[2024-04-05T16:36:11.615+0000] {logging_mixin.py:120} INFO - [2024-04-05T16:36:11.615+0000] {dagbag.py:537} INFO - Filling up the DagBag from /opt/airflow/dags/parallel_dag.py
[2024-04-05T16:36:11.647+0000] {processor.py:766} INFO - DAG(s) dict_keys(['parallel_dag']) retrieved from /opt/airflow/dags/parallel_dag.py
[2024-04-05T16:36:11.884+0000] {logging_mixin.py:120} INFO - [2024-04-05T16:36:11.884+0000] {dag.py:2585} INFO - Sync 1 DAGs
[2024-04-05T16:36:11.934+0000] {logging_mixin.py:120} INFO - [2024-04-05T16:36:11.934+0000] {dag.py:3340} INFO - Setting next_dagrun for parallel_dag to 2024-04-05T00:00:00+00:00, run_after=2024-04-06T00:00:00+00:00
[2024-04-05T16:36:11.964+0000] {processor.py:176} INFO - Processing /opt/airflow/dags/parallel_dag.py took 0.361 seconds
[2024-04-05T16:36:42.977+0000] {processor.py:154} INFO - Started process (PID=12300) to work on /opt/airflow/dags/parallel_dag.py
[2024-04-05T16:36:42.980+0000] {processor.py:756} INFO - Processing file /opt/airflow/dags/parallel_dag.py for tasks to queue
[2024-04-05T16:36:42.983+0000] {logging_mixin.py:120} INFO - [2024-04-05T16:36:42.982+0000] {dagbag.py:537} INFO - Filling up the DagBag from /opt/airflow/dags/parallel_dag.py
[2024-04-05T16:36:43.021+0000] {processor.py:766} INFO - DAG(s) dict_keys(['parallel_dag']) retrieved from /opt/airflow/dags/parallel_dag.py
[2024-04-05T16:36:43.085+0000] {logging_mixin.py:120} INFO - [2024-04-05T16:36:43.085+0000] {dag.py:2585} INFO - Sync 1 DAGs
[2024-04-05T16:36:43.128+0000] {logging_mixin.py:120} INFO - [2024-04-05T16:36:43.128+0000] {dag.py:3340} INFO - Setting next_dagrun for parallel_dag to 2024-04-05T00:00:00+00:00, run_after=2024-04-06T00:00:00+00:00
[2024-04-05T16:36:43.158+0000] {processor.py:176} INFO - Processing /opt/airflow/dags/parallel_dag.py took 0.187 seconds
[2024-04-05T16:37:13.386+0000] {processor.py:154} INFO - Started process (PID=12359) to work on /opt/airflow/dags/parallel_dag.py
[2024-04-05T16:37:13.388+0000] {processor.py:756} INFO - Processing file /opt/airflow/dags/parallel_dag.py for tasks to queue
[2024-04-05T16:37:13.390+0000] {logging_mixin.py:120} INFO - [2024-04-05T16:37:13.390+0000] {dagbag.py:537} INFO - Filling up the DagBag from /opt/airflow/dags/parallel_dag.py
[2024-04-05T16:37:13.431+0000] {processor.py:766} INFO - DAG(s) dict_keys(['parallel_dag']) retrieved from /opt/airflow/dags/parallel_dag.py
[2024-04-05T16:37:13.497+0000] {logging_mixin.py:120} INFO - [2024-04-05T16:37:13.497+0000] {dag.py:2585} INFO - Sync 1 DAGs
[2024-04-05T16:37:13.541+0000] {logging_mixin.py:120} INFO - [2024-04-05T16:37:13.541+0000] {dag.py:3340} INFO - Setting next_dagrun for parallel_dag to 2024-04-05T00:00:00+00:00, run_after=2024-04-06T00:00:00+00:00
[2024-04-05T16:37:13.573+0000] {processor.py:176} INFO - Processing /opt/airflow/dags/parallel_dag.py took 0.198 seconds
[2024-04-05T16:37:43.890+0000] {processor.py:154} INFO - Started process (PID=12427) to work on /opt/airflow/dags/parallel_dag.py
[2024-04-05T16:37:43.893+0000] {processor.py:756} INFO - Processing file /opt/airflow/dags/parallel_dag.py for tasks to queue
[2024-04-05T16:37:43.896+0000] {logging_mixin.py:120} INFO - [2024-04-05T16:37:43.895+0000] {dagbag.py:537} INFO - Filling up the DagBag from /opt/airflow/dags/parallel_dag.py
[2024-04-05T16:37:43.929+0000] {processor.py:766} INFO - DAG(s) dict_keys(['parallel_dag']) retrieved from /opt/airflow/dags/parallel_dag.py
[2024-04-05T16:37:43.998+0000] {logging_mixin.py:120} INFO - [2024-04-05T16:37:43.998+0000] {dag.py:2585} INFO - Sync 1 DAGs
[2024-04-05T16:37:44.042+0000] {logging_mixin.py:120} INFO - [2024-04-05T16:37:44.041+0000] {dag.py:3340} INFO - Setting next_dagrun for parallel_dag to 2024-04-05T00:00:00+00:00, run_after=2024-04-06T00:00:00+00:00
[2024-04-05T16:37:44.081+0000] {processor.py:176} INFO - Processing /opt/airflow/dags/parallel_dag.py took 0.197 seconds
[2024-04-05T16:38:14.203+0000] {processor.py:154} INFO - Started process (PID=12487) to work on /opt/airflow/dags/parallel_dag.py
[2024-04-05T16:38:14.207+0000] {processor.py:756} INFO - Processing file /opt/airflow/dags/parallel_dag.py for tasks to queue
[2024-04-05T16:38:14.210+0000] {logging_mixin.py:120} INFO - [2024-04-05T16:38:14.209+0000] {dagbag.py:537} INFO - Filling up the DagBag from /opt/airflow/dags/parallel_dag.py
[2024-04-05T16:38:14.249+0000] {processor.py:766} INFO - DAG(s) dict_keys(['parallel_dag']) retrieved from /opt/airflow/dags/parallel_dag.py
[2024-04-05T16:38:14.324+0000] {logging_mixin.py:120} INFO - [2024-04-05T16:38:14.324+0000] {dag.py:2585} INFO - Sync 1 DAGs
[2024-04-05T16:38:14.368+0000] {logging_mixin.py:120} INFO - [2024-04-05T16:38:14.368+0000] {dag.py:3340} INFO - Setting next_dagrun for parallel_dag to 2024-04-05T00:00:00+00:00, run_after=2024-04-06T00:00:00+00:00
[2024-04-05T16:38:14.399+0000] {processor.py:176} INFO - Processing /opt/airflow/dags/parallel_dag.py took 0.207 seconds
[2024-04-05T16:38:45.099+0000] {processor.py:154} INFO - Started process (PID=12556) to work on /opt/airflow/dags/parallel_dag.py
[2024-04-05T16:38:45.101+0000] {processor.py:756} INFO - Processing file /opt/airflow/dags/parallel_dag.py for tasks to queue
[2024-04-05T16:38:45.103+0000] {logging_mixin.py:120} INFO - [2024-04-05T16:38:45.103+0000] {dagbag.py:537} INFO - Filling up the DagBag from /opt/airflow/dags/parallel_dag.py
[2024-04-05T16:38:45.138+0000] {processor.py:766} INFO - DAG(s) dict_keys(['parallel_dag']) retrieved from /opt/airflow/dags/parallel_dag.py
[2024-04-05T16:38:45.204+0000] {logging_mixin.py:120} INFO - [2024-04-05T16:38:45.203+0000] {dag.py:2585} INFO - Sync 1 DAGs
[2024-04-05T16:38:45.254+0000] {logging_mixin.py:120} INFO - [2024-04-05T16:38:45.254+0000] {dag.py:3340} INFO - Setting next_dagrun for parallel_dag to 2024-04-05T00:00:00+00:00, run_after=2024-04-06T00:00:00+00:00
[2024-04-05T16:38:45.291+0000] {processor.py:176} INFO - Processing /opt/airflow/dags/parallel_dag.py took 0.198 seconds
[2024-04-05T16:39:15.757+0000] {processor.py:154} INFO - Started process (PID=12625) to work on /opt/airflow/dags/parallel_dag.py
[2024-04-05T16:39:15.759+0000] {processor.py:756} INFO - Processing file /opt/airflow/dags/parallel_dag.py for tasks to queue
[2024-04-05T16:39:15.761+0000] {logging_mixin.py:120} INFO - [2024-04-05T16:39:15.761+0000] {dagbag.py:537} INFO - Filling up the DagBag from /opt/airflow/dags/parallel_dag.py
[2024-04-05T16:39:15.812+0000] {processor.py:766} INFO - DAG(s) dict_keys(['parallel_dag']) retrieved from /opt/airflow/dags/parallel_dag.py
[2024-04-05T16:39:15.885+0000] {logging_mixin.py:120} INFO - [2024-04-05T16:39:15.884+0000] {dag.py:2585} INFO - Sync 1 DAGs
[2024-04-05T16:39:15.933+0000] {logging_mixin.py:120} INFO - [2024-04-05T16:39:15.933+0000] {dag.py:3340} INFO - Setting next_dagrun for parallel_dag to 2024-04-05T00:00:00+00:00, run_after=2024-04-06T00:00:00+00:00
[2024-04-05T16:39:15.973+0000] {processor.py:176} INFO - Processing /opt/airflow/dags/parallel_dag.py took 0.222 seconds
[2024-04-05T16:39:46.489+0000] {processor.py:154} INFO - Started process (PID=12685) to work on /opt/airflow/dags/parallel_dag.py
[2024-04-05T16:39:46.491+0000] {processor.py:756} INFO - Processing file /opt/airflow/dags/parallel_dag.py for tasks to queue
[2024-04-05T16:39:46.493+0000] {logging_mixin.py:120} INFO - [2024-04-05T16:39:46.493+0000] {dagbag.py:537} INFO - Filling up the DagBag from /opt/airflow/dags/parallel_dag.py
[2024-04-05T16:39:46.529+0000] {processor.py:766} INFO - DAG(s) dict_keys(['parallel_dag']) retrieved from /opt/airflow/dags/parallel_dag.py
[2024-04-05T16:39:46.611+0000] {logging_mixin.py:120} INFO - [2024-04-05T16:39:46.611+0000] {dag.py:2585} INFO - Sync 1 DAGs
[2024-04-05T16:39:46.670+0000] {logging_mixin.py:120} INFO - [2024-04-05T16:39:46.670+0000] {dag.py:3340} INFO - Setting next_dagrun for parallel_dag to 2024-04-05T00:00:00+00:00, run_after=2024-04-06T00:00:00+00:00
[2024-04-05T16:39:46.706+0000] {processor.py:176} INFO - Processing /opt/airflow/dags/parallel_dag.py took 0.225 seconds
[2024-04-05T16:40:16.909+0000] {processor.py:154} INFO - Started process (PID=12754) to work on /opt/airflow/dags/parallel_dag.py
[2024-04-05T16:40:16.911+0000] {processor.py:756} INFO - Processing file /opt/airflow/dags/parallel_dag.py for tasks to queue
[2024-04-05T16:40:16.913+0000] {logging_mixin.py:120} INFO - [2024-04-05T16:40:16.913+0000] {dagbag.py:537} INFO - Filling up the DagBag from /opt/airflow/dags/parallel_dag.py
[2024-04-05T16:40:16.947+0000] {processor.py:766} INFO - DAG(s) dict_keys(['parallel_dag']) retrieved from /opt/airflow/dags/parallel_dag.py
[2024-04-05T16:40:17.036+0000] {logging_mixin.py:120} INFO - [2024-04-05T16:40:17.035+0000] {dag.py:2585} INFO - Sync 1 DAGs
[2024-04-05T16:40:17.087+0000] {logging_mixin.py:120} INFO - [2024-04-05T16:40:17.087+0000] {dag.py:3340} INFO - Setting next_dagrun for parallel_dag to 2024-04-05T00:00:00+00:00, run_after=2024-04-06T00:00:00+00:00
[2024-04-05T16:40:17.119+0000] {processor.py:176} INFO - Processing /opt/airflow/dags/parallel_dag.py took 0.220 seconds
[2024-04-05T16:40:47.745+0000] {processor.py:154} INFO - Started process (PID=12814) to work on /opt/airflow/dags/parallel_dag.py
[2024-04-05T16:40:47.747+0000] {processor.py:756} INFO - Processing file /opt/airflow/dags/parallel_dag.py for tasks to queue
[2024-04-05T16:40:47.748+0000] {logging_mixin.py:120} INFO - [2024-04-05T16:40:47.748+0000] {dagbag.py:537} INFO - Filling up the DagBag from /opt/airflow/dags/parallel_dag.py
[2024-04-05T16:40:47.782+0000] {processor.py:766} INFO - DAG(s) dict_keys(['parallel_dag']) retrieved from /opt/airflow/dags/parallel_dag.py
[2024-04-05T16:40:47.888+0000] {logging_mixin.py:120} INFO - [2024-04-05T16:40:47.888+0000] {dag.py:2585} INFO - Sync 1 DAGs
[2024-04-05T16:40:47.943+0000] {logging_mixin.py:120} INFO - [2024-04-05T16:40:47.942+0000] {dag.py:3340} INFO - Setting next_dagrun for parallel_dag to 2024-04-05T00:00:00+00:00, run_after=2024-04-06T00:00:00+00:00
[2024-04-05T16:40:47.968+0000] {processor.py:176} INFO - Processing /opt/airflow/dags/parallel_dag.py took 0.229 seconds
[2024-04-05T16:41:18.364+0000] {processor.py:154} INFO - Started process (PID=12883) to work on /opt/airflow/dags/parallel_dag.py
[2024-04-05T16:41:18.367+0000] {processor.py:756} INFO - Processing file /opt/airflow/dags/parallel_dag.py for tasks to queue
[2024-04-05T16:41:18.370+0000] {logging_mixin.py:120} INFO - [2024-04-05T16:41:18.369+0000] {dagbag.py:537} INFO - Filling up the DagBag from /opt/airflow/dags/parallel_dag.py
[2024-04-05T16:41:18.408+0000] {processor.py:766} INFO - DAG(s) dict_keys(['parallel_dag']) retrieved from /opt/airflow/dags/parallel_dag.py
[2024-04-05T16:41:18.488+0000] {logging_mixin.py:120} INFO - [2024-04-05T16:41:18.488+0000] {dag.py:2585} INFO - Sync 1 DAGs
[2024-04-05T16:41:18.541+0000] {logging_mixin.py:120} INFO - [2024-04-05T16:41:18.541+0000] {dag.py:3340} INFO - Setting next_dagrun for parallel_dag to 2024-04-05T00:00:00+00:00, run_after=2024-04-06T00:00:00+00:00
[2024-04-05T16:41:18.587+0000] {processor.py:176} INFO - Processing /opt/airflow/dags/parallel_dag.py took 0.233 seconds
[2024-04-05T16:41:49.298+0000] {processor.py:154} INFO - Started process (PID=12952) to work on /opt/airflow/dags/parallel_dag.py
[2024-04-05T16:41:49.300+0000] {processor.py:756} INFO - Processing file /opt/airflow/dags/parallel_dag.py for tasks to queue
[2024-04-05T16:41:49.302+0000] {logging_mixin.py:120} INFO - [2024-04-05T16:41:49.302+0000] {dagbag.py:537} INFO - Filling up the DagBag from /opt/airflow/dags/parallel_dag.py
[2024-04-05T16:41:49.341+0000] {processor.py:766} INFO - DAG(s) dict_keys(['parallel_dag']) retrieved from /opt/airflow/dags/parallel_dag.py
[2024-04-05T16:41:49.419+0000] {logging_mixin.py:120} INFO - [2024-04-05T16:41:49.419+0000] {dag.py:2585} INFO - Sync 1 DAGs
[2024-04-05T16:41:49.461+0000] {logging_mixin.py:120} INFO - [2024-04-05T16:41:49.461+0000] {dag.py:3340} INFO - Setting next_dagrun for parallel_dag to 2024-04-05T00:00:00+00:00, run_after=2024-04-06T00:00:00+00:00
[2024-04-05T16:41:49.493+0000] {processor.py:176} INFO - Processing /opt/airflow/dags/parallel_dag.py took 0.202 seconds
[2024-04-05T16:42:19.675+0000] {processor.py:154} INFO - Started process (PID=13012) to work on /opt/airflow/dags/parallel_dag.py
[2024-04-05T16:42:19.677+0000] {processor.py:756} INFO - Processing file /opt/airflow/dags/parallel_dag.py for tasks to queue
[2024-04-05T16:42:19.679+0000] {logging_mixin.py:120} INFO - [2024-04-05T16:42:19.679+0000] {dagbag.py:537} INFO - Filling up the DagBag from /opt/airflow/dags/parallel_dag.py
[2024-04-05T16:42:19.714+0000] {processor.py:766} INFO - DAG(s) dict_keys(['parallel_dag']) retrieved from /opt/airflow/dags/parallel_dag.py
[2024-04-05T16:42:19.794+0000] {logging_mixin.py:120} INFO - [2024-04-05T16:42:19.794+0000] {dag.py:2585} INFO - Sync 1 DAGs
[2024-04-05T16:42:19.850+0000] {logging_mixin.py:120} INFO - [2024-04-05T16:42:19.850+0000] {dag.py:3340} INFO - Setting next_dagrun for parallel_dag to 2024-04-05T00:00:00+00:00, run_after=2024-04-06T00:00:00+00:00
[2024-04-05T16:42:19.894+0000] {processor.py:176} INFO - Processing /opt/airflow/dags/parallel_dag.py took 0.226 seconds
[2024-04-05T16:42:50.252+0000] {processor.py:154} INFO - Started process (PID=13081) to work on /opt/airflow/dags/parallel_dag.py
[2024-04-05T16:42:50.253+0000] {processor.py:756} INFO - Processing file /opt/airflow/dags/parallel_dag.py for tasks to queue
[2024-04-05T16:42:50.255+0000] {logging_mixin.py:120} INFO - [2024-04-05T16:42:50.255+0000] {dagbag.py:537} INFO - Filling up the DagBag from /opt/airflow/dags/parallel_dag.py
[2024-04-05T16:42:50.284+0000] {processor.py:766} INFO - DAG(s) dict_keys(['parallel_dag']) retrieved from /opt/airflow/dags/parallel_dag.py
[2024-04-05T16:42:50.353+0000] {logging_mixin.py:120} INFO - [2024-04-05T16:42:50.353+0000] {dag.py:2585} INFO - Sync 1 DAGs
[2024-04-05T16:42:50.396+0000] {logging_mixin.py:120} INFO - [2024-04-05T16:42:50.396+0000] {dag.py:3340} INFO - Setting next_dagrun for parallel_dag to 2024-04-05T00:00:00+00:00, run_after=2024-04-06T00:00:00+00:00
[2024-04-05T16:42:50.427+0000] {processor.py:176} INFO - Processing /opt/airflow/dags/parallel_dag.py took 0.182 seconds
[2024-04-05T16:43:20.532+0000] {processor.py:154} INFO - Started process (PID=13141) to work on /opt/airflow/dags/parallel_dag.py
[2024-04-05T16:43:20.534+0000] {processor.py:756} INFO - Processing file /opt/airflow/dags/parallel_dag.py for tasks to queue
[2024-04-05T16:43:20.536+0000] {logging_mixin.py:120} INFO - [2024-04-05T16:43:20.536+0000] {dagbag.py:537} INFO - Filling up the DagBag from /opt/airflow/dags/parallel_dag.py
[2024-04-05T16:43:20.571+0000] {processor.py:766} INFO - DAG(s) dict_keys(['parallel_dag']) retrieved from /opt/airflow/dags/parallel_dag.py
[2024-04-05T16:43:20.634+0000] {logging_mixin.py:120} INFO - [2024-04-05T16:43:20.634+0000] {dag.py:2585} INFO - Sync 1 DAGs
[2024-04-05T16:43:20.681+0000] {logging_mixin.py:120} INFO - [2024-04-05T16:43:20.680+0000] {dag.py:3340} INFO - Setting next_dagrun for parallel_dag to 2024-04-05T00:00:00+00:00, run_after=2024-04-06T00:00:00+00:00
[2024-04-05T16:43:20.722+0000] {processor.py:176} INFO - Processing /opt/airflow/dags/parallel_dag.py took 0.196 seconds
[2024-04-05T16:43:50.806+0000] {processor.py:154} INFO - Started process (PID=13209) to work on /opt/airflow/dags/parallel_dag.py
[2024-04-05T16:43:50.809+0000] {processor.py:756} INFO - Processing file /opt/airflow/dags/parallel_dag.py for tasks to queue
[2024-04-05T16:43:50.812+0000] {logging_mixin.py:120} INFO - [2024-04-05T16:43:50.811+0000] {dagbag.py:537} INFO - Filling up the DagBag from /opt/airflow/dags/parallel_dag.py
[2024-04-05T16:43:50.853+0000] {processor.py:766} INFO - DAG(s) dict_keys(['parallel_dag']) retrieved from /opt/airflow/dags/parallel_dag.py
[2024-04-05T16:43:50.929+0000] {logging_mixin.py:120} INFO - [2024-04-05T16:43:50.929+0000] {dag.py:2585} INFO - Sync 1 DAGs
[2024-04-05T16:43:50.971+0000] {logging_mixin.py:120} INFO - [2024-04-05T16:43:50.970+0000] {dag.py:3340} INFO - Setting next_dagrun for parallel_dag to 2024-04-05T00:00:00+00:00, run_after=2024-04-06T00:00:00+00:00
[2024-04-05T16:43:51.003+0000] {processor.py:176} INFO - Processing /opt/airflow/dags/parallel_dag.py took 0.205 seconds
[2024-04-05T16:44:21.100+0000] {processor.py:154} INFO - Started process (PID=13268) to work on /opt/airflow/dags/parallel_dag.py
[2024-04-05T16:44:21.103+0000] {processor.py:756} INFO - Processing file /opt/airflow/dags/parallel_dag.py for tasks to queue
[2024-04-05T16:44:21.106+0000] {logging_mixin.py:120} INFO - [2024-04-05T16:44:21.105+0000] {dagbag.py:537} INFO - Filling up the DagBag from /opt/airflow/dags/parallel_dag.py
[2024-04-05T16:44:21.142+0000] {processor.py:766} INFO - DAG(s) dict_keys(['parallel_dag']) retrieved from /opt/airflow/dags/parallel_dag.py
[2024-04-05T16:44:21.209+0000] {logging_mixin.py:120} INFO - [2024-04-05T16:44:21.209+0000] {dag.py:2585} INFO - Sync 1 DAGs
[2024-04-05T16:44:21.258+0000] {logging_mixin.py:120} INFO - [2024-04-05T16:44:21.257+0000] {dag.py:3340} INFO - Setting next_dagrun for parallel_dag to 2024-04-05T00:00:00+00:00, run_after=2024-04-06T00:00:00+00:00
[2024-04-05T16:44:21.306+0000] {processor.py:176} INFO - Processing /opt/airflow/dags/parallel_dag.py took 0.214 seconds
[2024-04-05T16:44:51.485+0000] {processor.py:154} INFO - Started process (PID=13337) to work on /opt/airflow/dags/parallel_dag.py
[2024-04-05T16:44:51.488+0000] {processor.py:756} INFO - Processing file /opt/airflow/dags/parallel_dag.py for tasks to queue
[2024-04-05T16:44:51.490+0000] {logging_mixin.py:120} INFO - [2024-04-05T16:44:51.490+0000] {dagbag.py:537} INFO - Filling up the DagBag from /opt/airflow/dags/parallel_dag.py
[2024-04-05T16:44:51.525+0000] {processor.py:766} INFO - DAG(s) dict_keys(['parallel_dag']) retrieved from /opt/airflow/dags/parallel_dag.py
[2024-04-05T16:44:51.609+0000] {logging_mixin.py:120} INFO - [2024-04-05T16:44:51.609+0000] {dag.py:2585} INFO - Sync 1 DAGs
[2024-04-05T16:44:51.665+0000] {logging_mixin.py:120} INFO - [2024-04-05T16:44:51.665+0000] {dag.py:3340} INFO - Setting next_dagrun for parallel_dag to 2024-04-05T00:00:00+00:00, run_after=2024-04-06T00:00:00+00:00
[2024-04-05T16:44:51.705+0000] {processor.py:176} INFO - Processing /opt/airflow/dags/parallel_dag.py took 0.226 seconds
[2024-04-05T16:45:21.972+0000] {processor.py:154} INFO - Started process (PID=13398) to work on /opt/airflow/dags/parallel_dag.py
[2024-04-05T16:45:21.976+0000] {processor.py:756} INFO - Processing file /opt/airflow/dags/parallel_dag.py for tasks to queue
[2024-04-05T16:45:21.979+0000] {logging_mixin.py:120} INFO - [2024-04-05T16:45:21.979+0000] {dagbag.py:537} INFO - Filling up the DagBag from /opt/airflow/dags/parallel_dag.py
[2024-04-05T16:45:22.016+0000] {processor.py:766} INFO - DAG(s) dict_keys(['parallel_dag']) retrieved from /opt/airflow/dags/parallel_dag.py
[2024-04-05T16:45:22.085+0000] {logging_mixin.py:120} INFO - [2024-04-05T16:45:22.084+0000] {dag.py:2585} INFO - Sync 1 DAGs
[2024-04-05T16:45:22.135+0000] {logging_mixin.py:120} INFO - [2024-04-05T16:45:22.135+0000] {dag.py:3340} INFO - Setting next_dagrun for parallel_dag to 2024-04-05T00:00:00+00:00, run_after=2024-04-06T00:00:00+00:00
[2024-04-05T16:45:22.165+0000] {processor.py:176} INFO - Processing /opt/airflow/dags/parallel_dag.py took 0.198 seconds
[2024-04-05T16:45:52.382+0000] {processor.py:154} INFO - Started process (PID=13468) to work on /opt/airflow/dags/parallel_dag.py
[2024-04-05T16:45:52.385+0000] {processor.py:756} INFO - Processing file /opt/airflow/dags/parallel_dag.py for tasks to queue
[2024-04-05T16:45:52.388+0000] {logging_mixin.py:120} INFO - [2024-04-05T16:45:52.387+0000] {dagbag.py:537} INFO - Filling up the DagBag from /opt/airflow/dags/parallel_dag.py
[2024-04-05T16:45:52.428+0000] {processor.py:766} INFO - DAG(s) dict_keys(['parallel_dag']) retrieved from /opt/airflow/dags/parallel_dag.py
[2024-04-05T16:45:52.495+0000] {logging_mixin.py:120} INFO - [2024-04-05T16:45:52.494+0000] {dag.py:2585} INFO - Sync 1 DAGs
[2024-04-05T16:45:52.543+0000] {logging_mixin.py:120} INFO - [2024-04-05T16:45:52.543+0000] {dag.py:3340} INFO - Setting next_dagrun for parallel_dag to 2024-04-05T00:00:00+00:00, run_after=2024-04-06T00:00:00+00:00
[2024-04-05T16:45:52.599+0000] {processor.py:176} INFO - Processing /opt/airflow/dags/parallel_dag.py took 0.227 seconds
[2024-04-05T16:46:22.828+0000] {processor.py:154} INFO - Started process (PID=13537) to work on /opt/airflow/dags/parallel_dag.py
[2024-04-05T16:46:22.839+0000] {processor.py:756} INFO - Processing file /opt/airflow/dags/parallel_dag.py for tasks to queue
[2024-04-05T16:46:22.841+0000] {logging_mixin.py:120} INFO - [2024-04-05T16:46:22.841+0000] {dagbag.py:537} INFO - Filling up the DagBag from /opt/airflow/dags/parallel_dag.py
[2024-04-05T16:46:22.931+0000] {processor.py:766} INFO - DAG(s) dict_keys(['parallel_dag']) retrieved from /opt/airflow/dags/parallel_dag.py
[2024-04-05T16:46:23.047+0000] {logging_mixin.py:120} INFO - [2024-04-05T16:46:23.047+0000] {dag.py:2585} INFO - Sync 1 DAGs
[2024-04-05T16:46:23.134+0000] {logging_mixin.py:120} INFO - [2024-04-05T16:46:23.134+0000] {dag.py:3340} INFO - Setting next_dagrun for parallel_dag to 2024-04-05T00:00:00+00:00, run_after=2024-04-06T00:00:00+00:00
[2024-04-05T16:46:23.186+0000] {processor.py:176} INFO - Processing /opt/airflow/dags/parallel_dag.py took 0.379 seconds
[2024-04-05T16:46:53.598+0000] {processor.py:154} INFO - Started process (PID=13597) to work on /opt/airflow/dags/parallel_dag.py
[2024-04-05T16:46:53.601+0000] {processor.py:756} INFO - Processing file /opt/airflow/dags/parallel_dag.py for tasks to queue
[2024-04-05T16:46:53.603+0000] {logging_mixin.py:120} INFO - [2024-04-05T16:46:53.603+0000] {dagbag.py:537} INFO - Filling up the DagBag from /opt/airflow/dags/parallel_dag.py
[2024-04-05T16:46:53.637+0000] {processor.py:766} INFO - DAG(s) dict_keys(['parallel_dag']) retrieved from /opt/airflow/dags/parallel_dag.py
[2024-04-05T16:46:53.702+0000] {logging_mixin.py:120} INFO - [2024-04-05T16:46:53.702+0000] {dag.py:2585} INFO - Sync 1 DAGs
[2024-04-05T16:46:53.747+0000] {logging_mixin.py:120} INFO - [2024-04-05T16:46:53.746+0000] {dag.py:3340} INFO - Setting next_dagrun for parallel_dag to 2024-04-05T00:00:00+00:00, run_after=2024-04-06T00:00:00+00:00
[2024-04-05T16:46:53.785+0000] {processor.py:176} INFO - Processing /opt/airflow/dags/parallel_dag.py took 0.194 seconds
[2024-04-05T16:47:24.251+0000] {processor.py:154} INFO - Started process (PID=13667) to work on /opt/airflow/dags/parallel_dag.py
[2024-04-05T16:47:24.254+0000] {processor.py:756} INFO - Processing file /opt/airflow/dags/parallel_dag.py for tasks to queue
[2024-04-05T16:47:24.262+0000] {logging_mixin.py:120} INFO - [2024-04-05T16:47:24.262+0000] {dagbag.py:537} INFO - Filling up the DagBag from /opt/airflow/dags/parallel_dag.py
[2024-04-05T16:47:24.346+0000] {processor.py:766} INFO - DAG(s) dict_keys(['parallel_dag']) retrieved from /opt/airflow/dags/parallel_dag.py
[2024-04-05T16:47:24.484+0000] {logging_mixin.py:120} INFO - [2024-04-05T16:47:24.483+0000] {dag.py:2585} INFO - Sync 1 DAGs
[2024-04-05T16:47:24.589+0000] {logging_mixin.py:120} INFO - [2024-04-05T16:47:24.589+0000] {dag.py:3340} INFO - Setting next_dagrun for parallel_dag to 2024-04-05T00:00:00+00:00, run_after=2024-04-06T00:00:00+00:00
[2024-04-05T16:47:24.631+0000] {processor.py:176} INFO - Processing /opt/airflow/dags/parallel_dag.py took 0.390 seconds
[2024-04-05T16:47:54.737+0000] {processor.py:154} INFO - Started process (PID=13728) to work on /opt/airflow/dags/parallel_dag.py
[2024-04-05T16:47:54.739+0000] {processor.py:756} INFO - Processing file /opt/airflow/dags/parallel_dag.py for tasks to queue
[2024-04-05T16:47:54.740+0000] {logging_mixin.py:120} INFO - [2024-04-05T16:47:54.740+0000] {dagbag.py:537} INFO - Filling up the DagBag from /opt/airflow/dags/parallel_dag.py
[2024-04-05T16:47:54.770+0000] {processor.py:766} INFO - DAG(s) dict_keys(['parallel_dag']) retrieved from /opt/airflow/dags/parallel_dag.py
[2024-04-05T16:47:54.838+0000] {logging_mixin.py:120} INFO - [2024-04-05T16:47:54.838+0000] {dag.py:2585} INFO - Sync 1 DAGs
[2024-04-05T16:47:54.880+0000] {logging_mixin.py:120} INFO - [2024-04-05T16:47:54.879+0000] {dag.py:3340} INFO - Setting next_dagrun for parallel_dag to 2024-04-05T00:00:00+00:00, run_after=2024-04-06T00:00:00+00:00
[2024-04-05T16:47:54.908+0000] {processor.py:176} INFO - Processing /opt/airflow/dags/parallel_dag.py took 0.177 seconds
[2024-04-05T16:48:25.685+0000] {processor.py:154} INFO - Started process (PID=13797) to work on /opt/airflow/dags/parallel_dag.py
[2024-04-05T16:48:25.688+0000] {processor.py:756} INFO - Processing file /opt/airflow/dags/parallel_dag.py for tasks to queue
[2024-04-05T16:48:25.690+0000] {logging_mixin.py:120} INFO - [2024-04-05T16:48:25.690+0000] {dagbag.py:537} INFO - Filling up the DagBag from /opt/airflow/dags/parallel_dag.py
[2024-04-05T16:48:25.737+0000] {processor.py:766} INFO - DAG(s) dict_keys(['parallel_dag']) retrieved from /opt/airflow/dags/parallel_dag.py
[2024-04-05T16:48:25.828+0000] {logging_mixin.py:120} INFO - [2024-04-05T16:48:25.828+0000] {dag.py:2585} INFO - Sync 1 DAGs
[2024-04-05T16:48:25.881+0000] {logging_mixin.py:120} INFO - [2024-04-05T16:48:25.881+0000] {dag.py:3340} INFO - Setting next_dagrun for parallel_dag to 2024-04-05T00:00:00+00:00, run_after=2024-04-06T00:00:00+00:00
[2024-04-05T16:48:25.951+0000] {processor.py:176} INFO - Processing /opt/airflow/dags/parallel_dag.py took 0.276 seconds
[2024-04-05T16:48:56.641+0000] {processor.py:154} INFO - Started process (PID=13858) to work on /opt/airflow/dags/parallel_dag.py
[2024-04-05T16:48:56.645+0000] {processor.py:756} INFO - Processing file /opt/airflow/dags/parallel_dag.py for tasks to queue
[2024-04-05T16:48:56.646+0000] {logging_mixin.py:120} INFO - [2024-04-05T16:48:56.646+0000] {dagbag.py:537} INFO - Filling up the DagBag from /opt/airflow/dags/parallel_dag.py
[2024-04-05T16:48:56.682+0000] {processor.py:766} INFO - DAG(s) dict_keys(['parallel_dag']) retrieved from /opt/airflow/dags/parallel_dag.py
[2024-04-05T16:48:56.751+0000] {logging_mixin.py:120} INFO - [2024-04-05T16:48:56.751+0000] {dag.py:2585} INFO - Sync 1 DAGs
[2024-04-05T16:48:56.795+0000] {logging_mixin.py:120} INFO - [2024-04-05T16:48:56.795+0000] {dag.py:3340} INFO - Setting next_dagrun for parallel_dag to 2024-04-05T00:00:00+00:00, run_after=2024-04-06T00:00:00+00:00
[2024-04-05T16:48:56.826+0000] {processor.py:176} INFO - Processing /opt/airflow/dags/parallel_dag.py took 0.192 seconds
[2024-04-05T16:49:26.997+0000] {processor.py:154} INFO - Started process (PID=13927) to work on /opt/airflow/dags/parallel_dag.py
[2024-04-05T16:49:27.000+0000] {processor.py:756} INFO - Processing file /opt/airflow/dags/parallel_dag.py for tasks to queue
[2024-04-05T16:49:27.004+0000] {logging_mixin.py:120} INFO - [2024-04-05T16:49:27.004+0000] {dagbag.py:537} INFO - Filling up the DagBag from /opt/airflow/dags/parallel_dag.py
[2024-04-05T16:49:27.039+0000] {processor.py:766} INFO - DAG(s) dict_keys(['parallel_dag']) retrieved from /opt/airflow/dags/parallel_dag.py
[2024-04-05T16:49:27.108+0000] {logging_mixin.py:120} INFO - [2024-04-05T16:49:27.108+0000] {dag.py:2585} INFO - Sync 1 DAGs
[2024-04-05T16:49:27.175+0000] {logging_mixin.py:120} INFO - [2024-04-05T16:49:27.175+0000] {dag.py:3340} INFO - Setting next_dagrun for parallel_dag to 2024-04-05T00:00:00+00:00, run_after=2024-04-06T00:00:00+00:00
[2024-04-05T16:49:27.213+0000] {processor.py:176} INFO - Processing /opt/airflow/dags/parallel_dag.py took 0.222 seconds
[2024-04-05T16:49:58.018+0000] {processor.py:154} INFO - Started process (PID=13996) to work on /opt/airflow/dags/parallel_dag.py
[2024-04-05T16:49:58.021+0000] {processor.py:756} INFO - Processing file /opt/airflow/dags/parallel_dag.py for tasks to queue
[2024-04-05T16:49:58.024+0000] {logging_mixin.py:120} INFO - [2024-04-05T16:49:58.024+0000] {dagbag.py:537} INFO - Filling up the DagBag from /opt/airflow/dags/parallel_dag.py
[2024-04-05T16:49:58.058+0000] {processor.py:766} INFO - DAG(s) dict_keys(['parallel_dag']) retrieved from /opt/airflow/dags/parallel_dag.py
[2024-04-05T16:49:58.130+0000] {logging_mixin.py:120} INFO - [2024-04-05T16:49:58.129+0000] {dag.py:2585} INFO - Sync 1 DAGs
[2024-04-05T16:49:58.179+0000] {logging_mixin.py:120} INFO - [2024-04-05T16:49:58.179+0000] {dag.py:3340} INFO - Setting next_dagrun for parallel_dag to 2024-04-05T00:00:00+00:00, run_after=2024-04-06T00:00:00+00:00
[2024-04-05T16:49:58.218+0000] {processor.py:176} INFO - Processing /opt/airflow/dags/parallel_dag.py took 0.205 seconds
[2024-04-05T16:50:28.469+0000] {processor.py:154} INFO - Started process (PID=14056) to work on /opt/airflow/dags/parallel_dag.py
[2024-04-05T16:50:28.471+0000] {processor.py:756} INFO - Processing file /opt/airflow/dags/parallel_dag.py for tasks to queue
[2024-04-05T16:50:28.474+0000] {logging_mixin.py:120} INFO - [2024-04-05T16:50:28.473+0000] {dagbag.py:537} INFO - Filling up the DagBag from /opt/airflow/dags/parallel_dag.py
[2024-04-05T16:50:28.509+0000] {processor.py:766} INFO - DAG(s) dict_keys(['parallel_dag']) retrieved from /opt/airflow/dags/parallel_dag.py
[2024-04-05T16:50:28.596+0000] {logging_mixin.py:120} INFO - [2024-04-05T16:50:28.596+0000] {dag.py:2585} INFO - Sync 1 DAGs
[2024-04-05T16:50:28.649+0000] {logging_mixin.py:120} INFO - [2024-04-05T16:50:28.648+0000] {dag.py:3340} INFO - Setting next_dagrun for parallel_dag to 2024-04-05T00:00:00+00:00, run_after=2024-04-06T00:00:00+00:00
[2024-04-05T16:50:28.678+0000] {processor.py:176} INFO - Processing /opt/airflow/dags/parallel_dag.py took 0.216 seconds
[2024-04-05T16:50:59.119+0000] {processor.py:154} INFO - Started process (PID=14124) to work on /opt/airflow/dags/parallel_dag.py
[2024-04-05T16:50:59.122+0000] {processor.py:756} INFO - Processing file /opt/airflow/dags/parallel_dag.py for tasks to queue
[2024-04-05T16:50:59.125+0000] {logging_mixin.py:120} INFO - [2024-04-05T16:50:59.124+0000] {dagbag.py:537} INFO - Filling up the DagBag from /opt/airflow/dags/parallel_dag.py
[2024-04-05T16:50:59.170+0000] {processor.py:766} INFO - DAG(s) dict_keys(['parallel_dag']) retrieved from /opt/airflow/dags/parallel_dag.py
[2024-04-05T16:50:59.244+0000] {logging_mixin.py:120} INFO - [2024-04-05T16:50:59.244+0000] {dag.py:2585} INFO - Sync 1 DAGs
[2024-04-05T16:50:59.292+0000] {logging_mixin.py:120} INFO - [2024-04-05T16:50:59.292+0000] {dag.py:3340} INFO - Setting next_dagrun for parallel_dag to 2024-04-05T00:00:00+00:00, run_after=2024-04-06T00:00:00+00:00
[2024-04-05T16:50:59.328+0000] {processor.py:176} INFO - Processing /opt/airflow/dags/parallel_dag.py took 0.222 seconds
[2024-04-05T16:51:29.384+0000] {processor.py:154} INFO - Started process (PID=14185) to work on /opt/airflow/dags/parallel_dag.py
[2024-04-05T16:51:29.387+0000] {processor.py:756} INFO - Processing file /opt/airflow/dags/parallel_dag.py for tasks to queue
[2024-04-05T16:51:29.389+0000] {logging_mixin.py:120} INFO - [2024-04-05T16:51:29.389+0000] {dagbag.py:537} INFO - Filling up the DagBag from /opt/airflow/dags/parallel_dag.py
[2024-04-05T16:51:29.427+0000] {processor.py:766} INFO - DAG(s) dict_keys(['parallel_dag']) retrieved from /opt/airflow/dags/parallel_dag.py
[2024-04-05T16:51:29.502+0000] {logging_mixin.py:120} INFO - [2024-04-05T16:51:29.501+0000] {dag.py:2585} INFO - Sync 1 DAGs
[2024-04-05T16:51:29.548+0000] {logging_mixin.py:120} INFO - [2024-04-05T16:51:29.547+0000] {dag.py:3340} INFO - Setting next_dagrun for parallel_dag to 2024-04-05T00:00:00+00:00, run_after=2024-04-06T00:00:00+00:00
[2024-04-05T16:51:29.577+0000] {processor.py:176} INFO - Processing /opt/airflow/dags/parallel_dag.py took 0.200 seconds
[2024-04-05T16:52:01.246+0000] {processor.py:154} INFO - Started process (PID=14251) to work on /opt/airflow/dags/parallel_dag.py
[2024-04-05T16:52:01.255+0000] {processor.py:756} INFO - Processing file /opt/airflow/dags/parallel_dag.py for tasks to queue
[2024-04-05T16:52:01.263+0000] {logging_mixin.py:120} INFO - [2024-04-05T16:52:01.262+0000] {dagbag.py:537} INFO - Filling up the DagBag from /opt/airflow/dags/parallel_dag.py
[2024-04-05T16:52:01.490+0000] {processor.py:766} INFO - DAG(s) dict_keys(['parallel_dag']) retrieved from /opt/airflow/dags/parallel_dag.py
[2024-04-05T16:52:02.177+0000] {logging_mixin.py:120} INFO - [2024-04-05T16:52:02.176+0000] {dag.py:2585} INFO - Sync 1 DAGs
[2024-04-05T16:52:02.747+0000] {logging_mixin.py:120} INFO - [2024-04-05T16:52:02.746+0000] {dag.py:3340} INFO - Setting next_dagrun for parallel_dag to 2024-04-05T00:00:00+00:00, run_after=2024-04-06T00:00:00+00:00
[2024-04-05T16:52:03.408+0000] {processor.py:176} INFO - Processing /opt/airflow/dags/parallel_dag.py took 2.197 seconds
[2024-04-05T17:07:20.929+0000] {processor.py:154} INFO - Started process (PID=14259) to work on /opt/airflow/dags/parallel_dag.py
[2024-04-05T17:07:20.938+0000] {processor.py:756} INFO - Processing file /opt/airflow/dags/parallel_dag.py for tasks to queue
[2024-04-05T17:07:20.941+0000] {logging_mixin.py:120} INFO - [2024-04-05T17:07:20.941+0000] {dagbag.py:537} INFO - Filling up the DagBag from /opt/airflow/dags/parallel_dag.py
[2024-04-05T17:07:21.097+0000] {processor.py:766} INFO - DAG(s) dict_keys(['parallel_dag']) retrieved from /opt/airflow/dags/parallel_dag.py
[2024-04-05T17:07:22.033+0000] {logging_mixin.py:120} INFO - [2024-04-05T17:07:22.033+0000] {dag.py:2585} INFO - Sync 1 DAGs
[2024-04-05T17:07:22.578+0000] {logging_mixin.py:120} INFO - [2024-04-05T17:07:22.578+0000] {dag.py:3340} INFO - Setting next_dagrun for parallel_dag to 2024-04-05T00:00:00+00:00, run_after=2024-04-06T00:00:00+00:00
[2024-04-05T17:07:22.761+0000] {processor.py:176} INFO - Processing /opt/airflow/dags/parallel_dag.py took 1.959 seconds
