[2024-04-05T16:07:39.761+0000] {processor.py:154} INFO - Started process (PID=8731) to work on /opt/airflow/dags/producer.py
[2024-04-05T16:07:39.848+0000] {processor.py:756} INFO - Processing file /opt/airflow/dags/producer.py for tasks to queue
[2024-04-05T16:07:39.870+0000] {logging_mixin.py:120} INFO - [2024-04-05T16:07:39.864+0000] {dagbag.py:537} INFO - Filling up the DagBag from /opt/airflow/dags/producer.py
[2024-04-05T16:07:41.615+0000] {processor.py:766} INFO - DAG(s) dict_keys(['producer']) retrieved from /opt/airflow/dags/producer.py
[2024-04-05T16:07:42.879+0000] {logging_mixin.py:120} INFO - [2024-04-05T16:07:42.878+0000] {dag.py:2585} INFO - Sync 1 DAGs
[2024-04-05T16:07:44.284+0000] {logging_mixin.py:120} INFO - [2024-04-05T16:07:44.284+0000] {dag.py:3340} INFO - Setting next_dagrun for producer to 2024-04-04T00:00:00+00:00, run_after=2024-04-05T00:00:00+00:00
[2024-04-05T16:08:04.615+0000] {processor.py:176} INFO - Processing /opt/airflow/dags/producer.py took 25.265 seconds
[2024-04-05T16:09:11.751+0000] {processor.py:154} INFO - Started process (PID=8805) to work on /opt/airflow/dags/producer.py
[2024-04-05T16:09:11.759+0000] {processor.py:756} INFO - Processing file /opt/airflow/dags/producer.py for tasks to queue
[2024-04-05T16:09:11.761+0000] {logging_mixin.py:120} INFO - [2024-04-05T16:09:11.761+0000] {dagbag.py:537} INFO - Filling up the DagBag from /opt/airflow/dags/producer.py
[2024-04-05T16:09:12.430+0000] {processor.py:766} INFO - DAG(s) dict_keys(['producer']) retrieved from /opt/airflow/dags/producer.py
[2024-04-05T16:09:14.273+0000] {logging_mixin.py:120} INFO - [2024-04-05T16:09:14.272+0000] {dag.py:2585} INFO - Sync 1 DAGs
[2024-04-05T16:09:16.837+0000] {logging_mixin.py:120} INFO - [2024-04-05T16:09:16.828+0000] {dag.py:3340} INFO - Setting next_dagrun for producer to 2024-04-04T00:00:00+00:00, run_after=2024-04-05T00:00:00+00:00
[2024-04-05T16:09:17.116+0000] {processor.py:176} INFO - Processing /opt/airflow/dags/producer.py took 5.381 seconds
[2024-04-05T16:09:47.699+0000] {processor.py:154} INFO - Started process (PID=8874) to work on /opt/airflow/dags/producer.py
[2024-04-05T16:09:47.705+0000] {processor.py:756} INFO - Processing file /opt/airflow/dags/producer.py for tasks to queue
[2024-04-05T16:09:47.710+0000] {logging_mixin.py:120} INFO - [2024-04-05T16:09:47.710+0000] {dagbag.py:537} INFO - Filling up the DagBag from /opt/airflow/dags/producer.py
[2024-04-05T16:09:47.879+0000] {processor.py:766} INFO - DAG(s) dict_keys(['producer']) retrieved from /opt/airflow/dags/producer.py
[2024-04-05T16:09:48.023+0000] {logging_mixin.py:120} INFO - [2024-04-05T16:09:48.023+0000] {dag.py:2585} INFO - Sync 1 DAGs
[2024-04-05T16:09:48.306+0000] {logging_mixin.py:120} INFO - [2024-04-05T16:09:48.304+0000] {dag.py:3340} INFO - Setting next_dagrun for producer to 2024-04-04T00:00:00+00:00, run_after=2024-04-05T00:00:00+00:00
[2024-04-05T16:09:48.770+0000] {processor.py:176} INFO - Processing /opt/airflow/dags/producer.py took 1.080 seconds
[2024-04-05T16:10:19.406+0000] {processor.py:154} INFO - Started process (PID=8934) to work on /opt/airflow/dags/producer.py
[2024-04-05T16:10:19.411+0000] {processor.py:756} INFO - Processing file /opt/airflow/dags/producer.py for tasks to queue
[2024-04-05T16:10:19.420+0000] {logging_mixin.py:120} INFO - [2024-04-05T16:10:19.420+0000] {dagbag.py:537} INFO - Filling up the DagBag from /opt/airflow/dags/producer.py
[2024-04-05T16:10:19.553+0000] {processor.py:766} INFO - DAG(s) dict_keys(['producer']) retrieved from /opt/airflow/dags/producer.py
[2024-04-05T16:10:20.507+0000] {logging_mixin.py:120} INFO - [2024-04-05T16:10:20.506+0000] {dag.py:2585} INFO - Sync 1 DAGs
[2024-04-05T16:10:20.674+0000] {logging_mixin.py:120} INFO - [2024-04-05T16:10:20.674+0000] {dag.py:3340} INFO - Setting next_dagrun for producer to 2024-04-04T00:00:00+00:00, run_after=2024-04-05T00:00:00+00:00
[2024-04-05T16:10:20.770+0000] {processor.py:176} INFO - Processing /opt/airflow/dags/producer.py took 1.372 seconds
[2024-04-05T16:10:51.752+0000] {processor.py:154} INFO - Started process (PID=8994) to work on /opt/airflow/dags/producer.py
[2024-04-05T16:10:51.756+0000] {processor.py:756} INFO - Processing file /opt/airflow/dags/producer.py for tasks to queue
[2024-04-05T16:10:51.759+0000] {logging_mixin.py:120} INFO - [2024-04-05T16:10:51.758+0000] {dagbag.py:537} INFO - Filling up the DagBag from /opt/airflow/dags/producer.py
[2024-04-05T16:10:51.812+0000] {processor.py:766} INFO - DAG(s) dict_keys(['producer']) retrieved from /opt/airflow/dags/producer.py
[2024-04-05T16:10:51.890+0000] {logging_mixin.py:120} INFO - [2024-04-05T16:10:51.890+0000] {dag.py:2585} INFO - Sync 1 DAGs
[2024-04-05T16:10:51.939+0000] {logging_mixin.py:120} INFO - [2024-04-05T16:10:51.939+0000] {dag.py:3340} INFO - Setting next_dagrun for producer to 2024-04-04T00:00:00+00:00, run_after=2024-04-05T00:00:00+00:00
[2024-04-05T16:10:51.983+0000] {processor.py:176} INFO - Processing /opt/airflow/dags/producer.py took 0.243 seconds
[2024-04-05T16:11:22.347+0000] {processor.py:154} INFO - Started process (PID=9064) to work on /opt/airflow/dags/producer.py
[2024-04-05T16:11:22.354+0000] {processor.py:756} INFO - Processing file /opt/airflow/dags/producer.py for tasks to queue
[2024-04-05T16:11:22.358+0000] {logging_mixin.py:120} INFO - [2024-04-05T16:11:22.358+0000] {dagbag.py:537} INFO - Filling up the DagBag from /opt/airflow/dags/producer.py
[2024-04-05T16:11:22.479+0000] {processor.py:766} INFO - DAG(s) dict_keys(['producer']) retrieved from /opt/airflow/dags/producer.py
[2024-04-05T16:11:22.597+0000] {logging_mixin.py:120} INFO - [2024-04-05T16:11:22.597+0000] {dag.py:2585} INFO - Sync 1 DAGs
[2024-04-05T16:11:22.726+0000] {logging_mixin.py:120} INFO - [2024-04-05T16:11:22.725+0000] {dag.py:3340} INFO - Setting next_dagrun for producer to 2024-04-04T00:00:00+00:00, run_after=2024-04-05T00:00:00+00:00
[2024-04-05T16:11:22.791+0000] {processor.py:176} INFO - Processing /opt/airflow/dags/producer.py took 0.484 seconds
[2024-04-05T16:11:52.983+0000] {processor.py:154} INFO - Started process (PID=9124) to work on /opt/airflow/dags/producer.py
[2024-04-05T16:11:52.986+0000] {processor.py:756} INFO - Processing file /opt/airflow/dags/producer.py for tasks to queue
[2024-04-05T16:11:52.990+0000] {logging_mixin.py:120} INFO - [2024-04-05T16:11:52.990+0000] {dagbag.py:537} INFO - Filling up the DagBag from /opt/airflow/dags/producer.py
[2024-04-05T16:11:53.059+0000] {processor.py:766} INFO - DAG(s) dict_keys(['producer']) retrieved from /opt/airflow/dags/producer.py
[2024-04-05T16:11:53.233+0000] {logging_mixin.py:120} INFO - [2024-04-05T16:11:53.232+0000] {dag.py:2585} INFO - Sync 1 DAGs
[2024-04-05T16:11:53.315+0000] {logging_mixin.py:120} INFO - [2024-04-05T16:11:53.315+0000] {dag.py:3340} INFO - Setting next_dagrun for producer to 2024-04-04T00:00:00+00:00, run_after=2024-04-05T00:00:00+00:00
[2024-04-05T16:11:53.358+0000] {processor.py:176} INFO - Processing /opt/airflow/dags/producer.py took 0.385 seconds
[2024-04-05T16:12:23.985+0000] {processor.py:154} INFO - Started process (PID=9184) to work on /opt/airflow/dags/producer.py
[2024-04-05T16:12:23.988+0000] {processor.py:756} INFO - Processing file /opt/airflow/dags/producer.py for tasks to queue
[2024-04-05T16:12:23.991+0000] {logging_mixin.py:120} INFO - [2024-04-05T16:12:23.990+0000] {dagbag.py:537} INFO - Filling up the DagBag from /opt/airflow/dags/producer.py
[2024-04-05T16:12:24.035+0000] {processor.py:766} INFO - DAG(s) dict_keys(['producer']) retrieved from /opt/airflow/dags/producer.py
[2024-04-05T16:12:24.292+0000] {logging_mixin.py:120} INFO - [2024-04-05T16:12:24.292+0000] {dag.py:2585} INFO - Sync 1 DAGs
[2024-04-05T16:12:24.367+0000] {logging_mixin.py:120} INFO - [2024-04-05T16:12:24.367+0000] {dag.py:3340} INFO - Setting next_dagrun for producer to 2024-04-04T00:00:00+00:00, run_after=2024-04-05T00:00:00+00:00
[2024-04-05T16:12:24.402+0000] {processor.py:176} INFO - Processing /opt/airflow/dags/producer.py took 0.428 seconds
[2024-04-05T16:12:54.573+0000] {processor.py:154} INFO - Started process (PID=9253) to work on /opt/airflow/dags/producer.py
[2024-04-05T16:12:54.576+0000] {processor.py:756} INFO - Processing file /opt/airflow/dags/producer.py for tasks to queue
[2024-04-05T16:12:54.579+0000] {logging_mixin.py:120} INFO - [2024-04-05T16:12:54.579+0000] {dagbag.py:537} INFO - Filling up the DagBag from /opt/airflow/dags/producer.py
[2024-04-05T16:12:54.628+0000] {processor.py:766} INFO - DAG(s) dict_keys(['producer']) retrieved from /opt/airflow/dags/producer.py
[2024-04-05T16:12:54.671+0000] {logging_mixin.py:120} INFO - [2024-04-05T16:12:54.671+0000] {dag.py:2585} INFO - Sync 1 DAGs
[2024-04-05T16:12:54.720+0000] {logging_mixin.py:120} INFO - [2024-04-05T16:12:54.719+0000] {dag.py:3340} INFO - Setting next_dagrun for producer to 2024-04-04T00:00:00+00:00, run_after=2024-04-05T00:00:00+00:00
[2024-04-05T16:12:54.761+0000] {processor.py:176} INFO - Processing /opt/airflow/dags/producer.py took 0.202 seconds
[2024-04-05T16:13:25.042+0000] {processor.py:154} INFO - Started process (PID=9312) to work on /opt/airflow/dags/producer.py
[2024-04-05T16:13:25.045+0000] {processor.py:756} INFO - Processing file /opt/airflow/dags/producer.py for tasks to queue
[2024-04-05T16:13:25.047+0000] {logging_mixin.py:120} INFO - [2024-04-05T16:13:25.047+0000] {dagbag.py:537} INFO - Filling up the DagBag from /opt/airflow/dags/producer.py
[2024-04-05T16:13:25.100+0000] {processor.py:766} INFO - DAG(s) dict_keys(['producer']) retrieved from /opt/airflow/dags/producer.py
[2024-04-05T16:13:25.251+0000] {logging_mixin.py:120} INFO - [2024-04-05T16:13:25.251+0000] {dag.py:2585} INFO - Sync 1 DAGs
[2024-04-05T16:13:25.310+0000] {logging_mixin.py:120} INFO - [2024-04-05T16:13:25.310+0000] {dag.py:3340} INFO - Setting next_dagrun for producer to 2024-04-04T00:00:00+00:00, run_after=2024-04-05T00:00:00+00:00
[2024-04-05T16:13:25.366+0000] {processor.py:176} INFO - Processing /opt/airflow/dags/producer.py took 0.332 seconds
[2024-04-05T16:13:55.621+0000] {processor.py:154} INFO - Started process (PID=9381) to work on /opt/airflow/dags/producer.py
[2024-04-05T16:13:55.624+0000] {processor.py:756} INFO - Processing file /opt/airflow/dags/producer.py for tasks to queue
[2024-04-05T16:13:55.626+0000] {logging_mixin.py:120} INFO - [2024-04-05T16:13:55.626+0000] {dagbag.py:537} INFO - Filling up the DagBag from /opt/airflow/dags/producer.py
[2024-04-05T16:13:55.667+0000] {processor.py:766} INFO - DAG(s) dict_keys(['producer']) retrieved from /opt/airflow/dags/producer.py
[2024-04-05T16:13:55.736+0000] {logging_mixin.py:120} INFO - [2024-04-05T16:13:55.736+0000] {dag.py:2585} INFO - Sync 1 DAGs
[2024-04-05T16:13:55.791+0000] {logging_mixin.py:120} INFO - [2024-04-05T16:13:55.791+0000] {dag.py:3340} INFO - Setting next_dagrun for producer to 2024-04-04T00:00:00+00:00, run_after=2024-04-05T00:00:00+00:00
[2024-04-05T16:13:55.829+0000] {processor.py:176} INFO - Processing /opt/airflow/dags/producer.py took 0.214 seconds
[2024-04-05T16:14:26.214+0000] {processor.py:154} INFO - Started process (PID=9441) to work on /opt/airflow/dags/producer.py
[2024-04-05T16:14:26.216+0000] {processor.py:756} INFO - Processing file /opt/airflow/dags/producer.py for tasks to queue
[2024-04-05T16:14:26.219+0000] {logging_mixin.py:120} INFO - [2024-04-05T16:14:26.219+0000] {dagbag.py:537} INFO - Filling up the DagBag from /opt/airflow/dags/producer.py
[2024-04-05T16:14:26.267+0000] {processor.py:766} INFO - DAG(s) dict_keys(['producer']) retrieved from /opt/airflow/dags/producer.py
[2024-04-05T16:14:26.314+0000] {logging_mixin.py:120} INFO - [2024-04-05T16:14:26.314+0000] {dag.py:2585} INFO - Sync 1 DAGs
[2024-04-05T16:14:26.374+0000] {logging_mixin.py:120} INFO - [2024-04-05T16:14:26.373+0000] {dag.py:3340} INFO - Setting next_dagrun for producer to 2024-04-04T00:00:00+00:00, run_after=2024-04-05T00:00:00+00:00
[2024-04-05T16:14:26.411+0000] {processor.py:176} INFO - Processing /opt/airflow/dags/producer.py took 0.203 seconds
[2024-04-05T16:14:56.835+0000] {processor.py:154} INFO - Started process (PID=9510) to work on /opt/airflow/dags/producer.py
[2024-04-05T16:14:56.837+0000] {processor.py:756} INFO - Processing file /opt/airflow/dags/producer.py for tasks to queue
[2024-04-05T16:14:56.839+0000] {logging_mixin.py:120} INFO - [2024-04-05T16:14:56.839+0000] {dagbag.py:537} INFO - Filling up the DagBag from /opt/airflow/dags/producer.py
[2024-04-05T16:14:56.878+0000] {processor.py:766} INFO - DAG(s) dict_keys(['producer']) retrieved from /opt/airflow/dags/producer.py
[2024-04-05T16:14:57.007+0000] {logging_mixin.py:120} INFO - [2024-04-05T16:14:57.007+0000] {dag.py:2585} INFO - Sync 1 DAGs
[2024-04-05T16:14:57.060+0000] {logging_mixin.py:120} INFO - [2024-04-05T16:14:57.060+0000] {dag.py:3340} INFO - Setting next_dagrun for producer to 2024-04-04T00:00:00+00:00, run_after=2024-04-05T00:00:00+00:00
[2024-04-05T16:14:57.107+0000] {processor.py:176} INFO - Processing /opt/airflow/dags/producer.py took 0.279 seconds
[2024-04-05T16:15:27.290+0000] {processor.py:154} INFO - Started process (PID=9578) to work on /opt/airflow/dags/producer.py
[2024-04-05T16:15:27.292+0000] {processor.py:756} INFO - Processing file /opt/airflow/dags/producer.py for tasks to queue
[2024-04-05T16:15:27.294+0000] {logging_mixin.py:120} INFO - [2024-04-05T16:15:27.294+0000] {dagbag.py:537} INFO - Filling up the DagBag from /opt/airflow/dags/producer.py
[2024-04-05T16:15:27.334+0000] {processor.py:766} INFO - DAG(s) dict_keys(['producer']) retrieved from /opt/airflow/dags/producer.py
[2024-04-05T16:15:27.412+0000] {logging_mixin.py:120} INFO - [2024-04-05T16:15:27.412+0000] {dag.py:2585} INFO - Sync 1 DAGs
[2024-04-05T16:15:27.465+0000] {logging_mixin.py:120} INFO - [2024-04-05T16:15:27.465+0000] {dag.py:3340} INFO - Setting next_dagrun for producer to 2024-04-04T00:00:00+00:00, run_after=2024-04-05T00:00:00+00:00
[2024-04-05T16:15:27.507+0000] {processor.py:176} INFO - Processing /opt/airflow/dags/producer.py took 0.225 seconds
[2024-04-05T16:15:57.943+0000] {processor.py:154} INFO - Started process (PID=9640) to work on /opt/airflow/dags/producer.py
[2024-04-05T16:15:57.946+0000] {processor.py:756} INFO - Processing file /opt/airflow/dags/producer.py for tasks to queue
[2024-04-05T16:15:57.948+0000] {logging_mixin.py:120} INFO - [2024-04-05T16:15:57.948+0000] {dagbag.py:537} INFO - Filling up the DagBag from /opt/airflow/dags/producer.py
[2024-04-05T16:15:57.985+0000] {processor.py:766} INFO - DAG(s) dict_keys(['producer']) retrieved from /opt/airflow/dags/producer.py
[2024-04-05T16:15:58.030+0000] {logging_mixin.py:120} INFO - [2024-04-05T16:15:58.030+0000] {dag.py:2585} INFO - Sync 1 DAGs
[2024-04-05T16:15:58.097+0000] {logging_mixin.py:120} INFO - [2024-04-05T16:15:58.096+0000] {dag.py:3340} INFO - Setting next_dagrun for producer to 2024-04-04T00:00:00+00:00, run_after=2024-04-05T00:00:00+00:00
[2024-04-05T16:15:58.133+0000] {processor.py:176} INFO - Processing /opt/airflow/dags/producer.py took 0.195 seconds
[2024-04-05T16:16:28.492+0000] {processor.py:154} INFO - Started process (PID=9711) to work on /opt/airflow/dags/producer.py
[2024-04-05T16:16:28.495+0000] {processor.py:756} INFO - Processing file /opt/airflow/dags/producer.py for tasks to queue
[2024-04-05T16:16:28.497+0000] {logging_mixin.py:120} INFO - [2024-04-05T16:16:28.497+0000] {dagbag.py:537} INFO - Filling up the DagBag from /opt/airflow/dags/producer.py
[2024-04-05T16:16:28.542+0000] {processor.py:766} INFO - DAG(s) dict_keys(['producer']) retrieved from /opt/airflow/dags/producer.py
[2024-04-05T16:16:28.682+0000] {logging_mixin.py:120} INFO - [2024-04-05T16:16:28.681+0000] {dag.py:2585} INFO - Sync 1 DAGs
[2024-04-05T16:16:28.726+0000] {logging_mixin.py:120} INFO - [2024-04-05T16:16:28.726+0000] {dag.py:3340} INFO - Setting next_dagrun for producer to 2024-04-04T00:00:00+00:00, run_after=2024-04-05T00:00:00+00:00
[2024-04-05T16:16:28.768+0000] {processor.py:176} INFO - Processing /opt/airflow/dags/producer.py took 0.283 seconds
[2024-04-05T16:16:59.368+0000] {processor.py:154} INFO - Started process (PID=9771) to work on /opt/airflow/dags/producer.py
[2024-04-05T16:16:59.371+0000] {processor.py:756} INFO - Processing file /opt/airflow/dags/producer.py for tasks to queue
[2024-04-05T16:16:59.372+0000] {logging_mixin.py:120} INFO - [2024-04-05T16:16:59.372+0000] {dagbag.py:537} INFO - Filling up the DagBag from /opt/airflow/dags/producer.py
[2024-04-05T16:16:59.415+0000] {processor.py:766} INFO - DAG(s) dict_keys(['producer']) retrieved from /opt/airflow/dags/producer.py
[2024-04-05T16:16:59.484+0000] {logging_mixin.py:120} INFO - [2024-04-05T16:16:59.483+0000] {dag.py:2585} INFO - Sync 1 DAGs
[2024-04-05T16:16:59.547+0000] {logging_mixin.py:120} INFO - [2024-04-05T16:16:59.546+0000] {dag.py:3340} INFO - Setting next_dagrun for producer to 2024-04-04T00:00:00+00:00, run_after=2024-04-05T00:00:00+00:00
[2024-04-05T16:16:59.586+0000] {processor.py:176} INFO - Processing /opt/airflow/dags/producer.py took 0.223 seconds
[2024-04-05T16:17:29.672+0000] {processor.py:154} INFO - Started process (PID=9838) to work on /opt/airflow/dags/producer.py
[2024-04-05T16:17:29.674+0000] {processor.py:756} INFO - Processing file /opt/airflow/dags/producer.py for tasks to queue
[2024-04-05T16:17:29.676+0000] {logging_mixin.py:120} INFO - [2024-04-05T16:17:29.676+0000] {dagbag.py:537} INFO - Filling up the DagBag from /opt/airflow/dags/producer.py
[2024-04-05T16:17:29.718+0000] {processor.py:766} INFO - DAG(s) dict_keys(['producer']) retrieved from /opt/airflow/dags/producer.py
[2024-04-05T16:17:29.768+0000] {logging_mixin.py:120} INFO - [2024-04-05T16:17:29.767+0000] {dag.py:2585} INFO - Sync 1 DAGs
[2024-04-05T16:17:29.821+0000] {logging_mixin.py:120} INFO - [2024-04-05T16:17:29.821+0000] {dag.py:3340} INFO - Setting next_dagrun for producer to 2024-04-04T00:00:00+00:00, run_after=2024-04-05T00:00:00+00:00
[2024-04-05T16:17:29.858+0000] {processor.py:176} INFO - Processing /opt/airflow/dags/producer.py took 0.192 seconds
[2024-04-05T16:18:00.011+0000] {processor.py:154} INFO - Started process (PID=9899) to work on /opt/airflow/dags/producer.py
[2024-04-05T16:18:00.014+0000] {processor.py:756} INFO - Processing file /opt/airflow/dags/producer.py for tasks to queue
[2024-04-05T16:18:00.016+0000] {logging_mixin.py:120} INFO - [2024-04-05T16:18:00.016+0000] {dagbag.py:537} INFO - Filling up the DagBag from /opt/airflow/dags/producer.py
[2024-04-05T16:18:00.065+0000] {processor.py:766} INFO - DAG(s) dict_keys(['producer']) retrieved from /opt/airflow/dags/producer.py
[2024-04-05T16:18:00.214+0000] {logging_mixin.py:120} INFO - [2024-04-05T16:18:00.213+0000] {dag.py:2585} INFO - Sync 1 DAGs
[2024-04-05T16:18:00.263+0000] {logging_mixin.py:120} INFO - [2024-04-05T16:18:00.263+0000] {dag.py:3340} INFO - Setting next_dagrun for producer to 2024-04-04T00:00:00+00:00, run_after=2024-04-05T00:00:00+00:00
[2024-04-05T16:18:00.307+0000] {processor.py:176} INFO - Processing /opt/airflow/dags/producer.py took 0.303 seconds
[2024-04-05T16:18:30.720+0000] {processor.py:154} INFO - Started process (PID=9969) to work on /opt/airflow/dags/producer.py
[2024-04-05T16:18:30.723+0000] {processor.py:756} INFO - Processing file /opt/airflow/dags/producer.py for tasks to queue
[2024-04-05T16:18:30.724+0000] {logging_mixin.py:120} INFO - [2024-04-05T16:18:30.724+0000] {dagbag.py:537} INFO - Filling up the DagBag from /opt/airflow/dags/producer.py
[2024-04-05T16:18:30.763+0000] {processor.py:766} INFO - DAG(s) dict_keys(['producer']) retrieved from /opt/airflow/dags/producer.py
[2024-04-05T16:18:30.837+0000] {logging_mixin.py:120} INFO - [2024-04-05T16:18:30.837+0000] {dag.py:2585} INFO - Sync 1 DAGs
[2024-04-05T16:18:30.878+0000] {logging_mixin.py:120} INFO - [2024-04-05T16:18:30.878+0000] {dag.py:3340} INFO - Setting next_dagrun for producer to 2024-04-04T00:00:00+00:00, run_after=2024-04-05T00:00:00+00:00
[2024-04-05T16:18:30.914+0000] {processor.py:176} INFO - Processing /opt/airflow/dags/producer.py took 0.201 seconds
[2024-04-05T16:19:01.239+0000] {processor.py:154} INFO - Started process (PID=10029) to work on /opt/airflow/dags/producer.py
[2024-04-05T16:19:01.244+0000] {processor.py:756} INFO - Processing file /opt/airflow/dags/producer.py for tasks to queue
[2024-04-05T16:19:01.247+0000] {logging_mixin.py:120} INFO - [2024-04-05T16:19:01.246+0000] {dagbag.py:537} INFO - Filling up the DagBag from /opt/airflow/dags/producer.py
[2024-04-05T16:19:01.296+0000] {processor.py:766} INFO - DAG(s) dict_keys(['producer']) retrieved from /opt/airflow/dags/producer.py
[2024-04-05T16:19:01.347+0000] {logging_mixin.py:120} INFO - [2024-04-05T16:19:01.346+0000] {dag.py:2585} INFO - Sync 1 DAGs
[2024-04-05T16:19:01.536+0000] {logging_mixin.py:120} INFO - [2024-04-05T16:19:01.536+0000] {dag.py:3340} INFO - Setting next_dagrun for producer to 2024-04-04T00:00:00+00:00, run_after=2024-04-05T00:00:00+00:00
[2024-04-05T16:19:01.603+0000] {processor.py:176} INFO - Processing /opt/airflow/dags/producer.py took 0.372 seconds
[2024-04-05T16:19:31.854+0000] {processor.py:154} INFO - Started process (PID=10098) to work on /opt/airflow/dags/producer.py
[2024-04-05T16:19:31.857+0000] {processor.py:756} INFO - Processing file /opt/airflow/dags/producer.py for tasks to queue
[2024-04-05T16:19:31.859+0000] {logging_mixin.py:120} INFO - [2024-04-05T16:19:31.859+0000] {dagbag.py:537} INFO - Filling up the DagBag from /opt/airflow/dags/producer.py
[2024-04-05T16:19:31.898+0000] {processor.py:766} INFO - DAG(s) dict_keys(['producer']) retrieved from /opt/airflow/dags/producer.py
[2024-04-05T16:19:32.023+0000] {logging_mixin.py:120} INFO - [2024-04-05T16:19:32.023+0000] {dag.py:2585} INFO - Sync 1 DAGs
[2024-04-05T16:19:32.062+0000] {logging_mixin.py:120} INFO - [2024-04-05T16:19:32.062+0000] {dag.py:3340} INFO - Setting next_dagrun for producer to 2024-04-04T00:00:00+00:00, run_after=2024-04-05T00:00:00+00:00
[2024-04-05T16:19:32.103+0000] {processor.py:176} INFO - Processing /opt/airflow/dags/producer.py took 0.255 seconds
[2024-04-05T16:20:02.301+0000] {processor.py:154} INFO - Started process (PID=10158) to work on /opt/airflow/dags/producer.py
[2024-04-05T16:20:02.303+0000] {processor.py:756} INFO - Processing file /opt/airflow/dags/producer.py for tasks to queue
[2024-04-05T16:20:02.306+0000] {logging_mixin.py:120} INFO - [2024-04-05T16:20:02.306+0000] {dagbag.py:537} INFO - Filling up the DagBag from /opt/airflow/dags/producer.py
[2024-04-05T16:20:02.353+0000] {processor.py:766} INFO - DAG(s) dict_keys(['producer']) retrieved from /opt/airflow/dags/producer.py
[2024-04-05T16:20:02.429+0000] {logging_mixin.py:120} INFO - [2024-04-05T16:20:02.428+0000] {dag.py:2585} INFO - Sync 1 DAGs
[2024-04-05T16:20:02.517+0000] {logging_mixin.py:120} INFO - [2024-04-05T16:20:02.517+0000] {dag.py:3340} INFO - Setting next_dagrun for producer to 2024-04-04T00:00:00+00:00, run_after=2024-04-05T00:00:00+00:00
[2024-04-05T16:20:02.560+0000] {processor.py:176} INFO - Processing /opt/airflow/dags/producer.py took 0.266 seconds
[2024-04-05T16:20:32.876+0000] {processor.py:154} INFO - Started process (PID=10227) to work on /opt/airflow/dags/producer.py
[2024-04-05T16:20:32.878+0000] {processor.py:756} INFO - Processing file /opt/airflow/dags/producer.py for tasks to queue
[2024-04-05T16:20:32.880+0000] {logging_mixin.py:120} INFO - [2024-04-05T16:20:32.880+0000] {dagbag.py:537} INFO - Filling up the DagBag from /opt/airflow/dags/producer.py
[2024-04-05T16:20:32.917+0000] {processor.py:766} INFO - DAG(s) dict_keys(['producer']) retrieved from /opt/airflow/dags/producer.py
[2024-04-05T16:20:32.961+0000] {logging_mixin.py:120} INFO - [2024-04-05T16:20:32.961+0000] {dag.py:2585} INFO - Sync 1 DAGs
[2024-04-05T16:20:33.007+0000] {logging_mixin.py:120} INFO - [2024-04-05T16:20:33.007+0000] {dag.py:3340} INFO - Setting next_dagrun for producer to 2024-04-04T00:00:00+00:00, run_after=2024-04-05T00:00:00+00:00
[2024-04-05T16:20:33.042+0000] {processor.py:176} INFO - Processing /opt/airflow/dags/producer.py took 0.172 seconds
[2024-04-05T16:21:03.202+0000] {processor.py:154} INFO - Started process (PID=10297) to work on /opt/airflow/dags/producer.py
[2024-04-05T16:21:03.204+0000] {processor.py:756} INFO - Processing file /opt/airflow/dags/producer.py for tasks to queue
[2024-04-05T16:21:03.206+0000] {logging_mixin.py:120} INFO - [2024-04-05T16:21:03.206+0000] {dagbag.py:537} INFO - Filling up the DagBag from /opt/airflow/dags/producer.py
[2024-04-05T16:21:03.247+0000] {processor.py:766} INFO - DAG(s) dict_keys(['producer']) retrieved from /opt/airflow/dags/producer.py
[2024-04-05T16:21:03.390+0000] {logging_mixin.py:120} INFO - [2024-04-05T16:21:03.389+0000] {dag.py:2585} INFO - Sync 1 DAGs
[2024-04-05T16:21:03.441+0000] {logging_mixin.py:120} INFO - [2024-04-05T16:21:03.441+0000] {dag.py:3340} INFO - Setting next_dagrun for producer to 2024-04-04T00:00:00+00:00, run_after=2024-04-05T00:00:00+00:00
[2024-04-05T16:21:03.482+0000] {processor.py:176} INFO - Processing /opt/airflow/dags/producer.py took 0.287 seconds
[2024-04-05T16:21:33.535+0000] {processor.py:154} INFO - Started process (PID=10357) to work on /opt/airflow/dags/producer.py
[2024-04-05T16:21:33.537+0000] {processor.py:756} INFO - Processing file /opt/airflow/dags/producer.py for tasks to queue
[2024-04-05T16:21:33.539+0000] {logging_mixin.py:120} INFO - [2024-04-05T16:21:33.539+0000] {dagbag.py:537} INFO - Filling up the DagBag from /opt/airflow/dags/producer.py
[2024-04-05T16:21:33.594+0000] {processor.py:766} INFO - DAG(s) dict_keys(['producer']) retrieved from /opt/airflow/dags/producer.py
[2024-04-05T16:21:33.668+0000] {logging_mixin.py:120} INFO - [2024-04-05T16:21:33.667+0000] {dag.py:2585} INFO - Sync 1 DAGs
[2024-04-05T16:21:33.714+0000] {logging_mixin.py:120} INFO - [2024-04-05T16:21:33.714+0000] {dag.py:3340} INFO - Setting next_dagrun for producer to 2024-04-04T00:00:00+00:00, run_after=2024-04-05T00:00:00+00:00
[2024-04-05T16:21:33.759+0000] {processor.py:176} INFO - Processing /opt/airflow/dags/producer.py took 0.230 seconds
[2024-04-05T16:22:04.095+0000] {processor.py:154} INFO - Started process (PID=10426) to work on /opt/airflow/dags/producer.py
[2024-04-05T16:22:04.098+0000] {processor.py:756} INFO - Processing file /opt/airflow/dags/producer.py for tasks to queue
[2024-04-05T16:22:04.099+0000] {logging_mixin.py:120} INFO - [2024-04-05T16:22:04.099+0000] {dagbag.py:537} INFO - Filling up the DagBag from /opt/airflow/dags/producer.py
[2024-04-05T16:22:04.138+0000] {processor.py:766} INFO - DAG(s) dict_keys(['producer']) retrieved from /opt/airflow/dags/producer.py
[2024-04-05T16:22:04.185+0000] {logging_mixin.py:120} INFO - [2024-04-05T16:22:04.184+0000] {dag.py:2585} INFO - Sync 1 DAGs
[2024-04-05T16:22:04.238+0000] {logging_mixin.py:120} INFO - [2024-04-05T16:22:04.238+0000] {dag.py:3340} INFO - Setting next_dagrun for producer to 2024-04-04T00:00:00+00:00, run_after=2024-04-05T00:00:00+00:00
[2024-04-05T16:22:04.280+0000] {processor.py:176} INFO - Processing /opt/airflow/dags/producer.py took 0.192 seconds
[2024-04-05T16:22:34.730+0000] {processor.py:154} INFO - Started process (PID=10486) to work on /opt/airflow/dags/producer.py
[2024-04-05T16:22:34.733+0000] {processor.py:756} INFO - Processing file /opt/airflow/dags/producer.py for tasks to queue
[2024-04-05T16:22:34.735+0000] {logging_mixin.py:120} INFO - [2024-04-05T16:22:34.735+0000] {dagbag.py:537} INFO - Filling up the DagBag from /opt/airflow/dags/producer.py
[2024-04-05T16:22:34.777+0000] {processor.py:766} INFO - DAG(s) dict_keys(['producer']) retrieved from /opt/airflow/dags/producer.py
[2024-04-05T16:22:34.902+0000] {logging_mixin.py:120} INFO - [2024-04-05T16:22:34.901+0000] {dag.py:2585} INFO - Sync 1 DAGs
[2024-04-05T16:22:34.941+0000] {logging_mixin.py:120} INFO - [2024-04-05T16:22:34.940+0000] {dag.py:3340} INFO - Setting next_dagrun for producer to 2024-04-04T00:00:00+00:00, run_after=2024-04-05T00:00:00+00:00
[2024-04-05T16:22:34.991+0000] {processor.py:176} INFO - Processing /opt/airflow/dags/producer.py took 0.270 seconds
[2024-04-05T16:23:05.436+0000] {processor.py:154} INFO - Started process (PID=10555) to work on /opt/airflow/dags/producer.py
[2024-04-05T16:23:05.438+0000] {processor.py:756} INFO - Processing file /opt/airflow/dags/producer.py for tasks to queue
[2024-04-05T16:23:05.440+0000] {logging_mixin.py:120} INFO - [2024-04-05T16:23:05.439+0000] {dagbag.py:537} INFO - Filling up the DagBag from /opt/airflow/dags/producer.py
[2024-04-05T16:23:05.480+0000] {processor.py:766} INFO - DAG(s) dict_keys(['producer']) retrieved from /opt/airflow/dags/producer.py
[2024-04-05T16:23:05.550+0000] {logging_mixin.py:120} INFO - [2024-04-05T16:23:05.549+0000] {dag.py:2585} INFO - Sync 1 DAGs
[2024-04-05T16:23:05.593+0000] {logging_mixin.py:120} INFO - [2024-04-05T16:23:05.593+0000] {dag.py:3340} INFO - Setting next_dagrun for producer to 2024-04-04T00:00:00+00:00, run_after=2024-04-05T00:00:00+00:00
[2024-04-05T16:23:05.644+0000] {processor.py:176} INFO - Processing /opt/airflow/dags/producer.py took 0.214 seconds
[2024-04-05T16:23:35.877+0000] {processor.py:154} INFO - Started process (PID=10624) to work on /opt/airflow/dags/producer.py
[2024-04-05T16:23:35.879+0000] {processor.py:756} INFO - Processing file /opt/airflow/dags/producer.py for tasks to queue
[2024-04-05T16:23:35.881+0000] {logging_mixin.py:120} INFO - [2024-04-05T16:23:35.880+0000] {dagbag.py:537} INFO - Filling up the DagBag from /opt/airflow/dags/producer.py
[2024-04-05T16:23:35.921+0000] {processor.py:766} INFO - DAG(s) dict_keys(['producer']) retrieved from /opt/airflow/dags/producer.py
[2024-04-05T16:23:35.969+0000] {logging_mixin.py:120} INFO - [2024-04-05T16:23:35.969+0000] {dag.py:2585} INFO - Sync 1 DAGs
[2024-04-05T16:23:36.025+0000] {logging_mixin.py:120} INFO - [2024-04-05T16:23:36.022+0000] {dag.py:3340} INFO - Setting next_dagrun for producer to 2024-04-04T00:00:00+00:00, run_after=2024-04-05T00:00:00+00:00
[2024-04-05T16:23:36.064+0000] {processor.py:176} INFO - Processing /opt/airflow/dags/producer.py took 0.193 seconds
[2024-04-05T16:24:06.605+0000] {processor.py:154} INFO - Started process (PID=10684) to work on /opt/airflow/dags/producer.py
[2024-04-05T16:24:06.607+0000] {processor.py:756} INFO - Processing file /opt/airflow/dags/producer.py for tasks to queue
[2024-04-05T16:24:06.609+0000] {logging_mixin.py:120} INFO - [2024-04-05T16:24:06.609+0000] {dagbag.py:537} INFO - Filling up the DagBag from /opt/airflow/dags/producer.py
[2024-04-05T16:24:06.662+0000] {processor.py:766} INFO - DAG(s) dict_keys(['producer']) retrieved from /opt/airflow/dags/producer.py
[2024-04-05T16:24:06.797+0000] {logging_mixin.py:120} INFO - [2024-04-05T16:24:06.797+0000] {dag.py:2585} INFO - Sync 1 DAGs
[2024-04-05T16:24:06.842+0000] {logging_mixin.py:120} INFO - [2024-04-05T16:24:06.841+0000] {dag.py:3340} INFO - Setting next_dagrun for producer to 2024-04-04T00:00:00+00:00, run_after=2024-04-05T00:00:00+00:00
[2024-04-05T16:24:06.887+0000] {processor.py:176} INFO - Processing /opt/airflow/dags/producer.py took 0.297 seconds
[2024-04-05T16:24:37.137+0000] {processor.py:154} INFO - Started process (PID=10754) to work on /opt/airflow/dags/producer.py
[2024-04-05T16:24:37.139+0000] {processor.py:756} INFO - Processing file /opt/airflow/dags/producer.py for tasks to queue
[2024-04-05T16:24:37.140+0000] {logging_mixin.py:120} INFO - [2024-04-05T16:24:37.140+0000] {dagbag.py:537} INFO - Filling up the DagBag from /opt/airflow/dags/producer.py
[2024-04-05T16:24:37.177+0000] {processor.py:766} INFO - DAG(s) dict_keys(['producer']) retrieved from /opt/airflow/dags/producer.py
[2024-04-05T16:24:37.249+0000] {logging_mixin.py:120} INFO - [2024-04-05T16:24:37.249+0000] {dag.py:2585} INFO - Sync 1 DAGs
[2024-04-05T16:24:37.315+0000] {logging_mixin.py:120} INFO - [2024-04-05T16:24:37.315+0000] {dag.py:3340} INFO - Setting next_dagrun for producer to 2024-04-04T00:00:00+00:00, run_after=2024-04-05T00:00:00+00:00
[2024-04-05T16:24:37.361+0000] {processor.py:176} INFO - Processing /opt/airflow/dags/producer.py took 0.229 seconds
[2024-04-05T16:25:07.510+0000] {processor.py:154} INFO - Started process (PID=10814) to work on /opt/airflow/dags/producer.py
[2024-04-05T16:25:07.514+0000] {processor.py:756} INFO - Processing file /opt/airflow/dags/producer.py for tasks to queue
[2024-04-05T16:25:07.517+0000] {logging_mixin.py:120} INFO - [2024-04-05T16:25:07.517+0000] {dagbag.py:537} INFO - Filling up the DagBag from /opt/airflow/dags/producer.py
[2024-04-05T16:25:07.560+0000] {processor.py:766} INFO - DAG(s) dict_keys(['producer']) retrieved from /opt/airflow/dags/producer.py
[2024-04-05T16:25:07.615+0000] {logging_mixin.py:120} INFO - [2024-04-05T16:25:07.614+0000] {dag.py:2585} INFO - Sync 1 DAGs
[2024-04-05T16:25:07.669+0000] {logging_mixin.py:120} INFO - [2024-04-05T16:25:07.669+0000] {dag.py:3340} INFO - Setting next_dagrun for producer to 2024-04-04T00:00:00+00:00, run_after=2024-04-05T00:00:00+00:00
[2024-04-05T16:25:07.706+0000] {processor.py:176} INFO - Processing /opt/airflow/dags/producer.py took 0.204 seconds
[2024-04-05T16:25:38.031+0000] {processor.py:154} INFO - Started process (PID=10883) to work on /opt/airflow/dags/producer.py
[2024-04-05T16:25:38.033+0000] {processor.py:756} INFO - Processing file /opt/airflow/dags/producer.py for tasks to queue
[2024-04-05T16:25:38.035+0000] {logging_mixin.py:120} INFO - [2024-04-05T16:25:38.035+0000] {dagbag.py:537} INFO - Filling up the DagBag from /opt/airflow/dags/producer.py
[2024-04-05T16:25:38.077+0000] {processor.py:766} INFO - DAG(s) dict_keys(['producer']) retrieved from /opt/airflow/dags/producer.py
[2024-04-05T16:25:38.205+0000] {logging_mixin.py:120} INFO - [2024-04-05T16:25:38.204+0000] {dag.py:2585} INFO - Sync 1 DAGs
[2024-04-05T16:25:38.243+0000] {logging_mixin.py:120} INFO - [2024-04-05T16:25:38.243+0000] {dag.py:3340} INFO - Setting next_dagrun for producer to 2024-04-04T00:00:00+00:00, run_after=2024-04-05T00:00:00+00:00
[2024-04-05T16:25:38.281+0000] {processor.py:176} INFO - Processing /opt/airflow/dags/producer.py took 0.258 seconds
[2024-04-05T16:26:08.423+0000] {processor.py:154} INFO - Started process (PID=10951) to work on /opt/airflow/dags/producer.py
[2024-04-05T16:26:08.425+0000] {processor.py:756} INFO - Processing file /opt/airflow/dags/producer.py for tasks to queue
[2024-04-05T16:26:08.427+0000] {logging_mixin.py:120} INFO - [2024-04-05T16:26:08.427+0000] {dagbag.py:537} INFO - Filling up the DagBag from /opt/airflow/dags/producer.py
[2024-04-05T16:26:08.466+0000] {processor.py:766} INFO - DAG(s) dict_keys(['producer']) retrieved from /opt/airflow/dags/producer.py
[2024-04-05T16:26:08.534+0000] {logging_mixin.py:120} INFO - [2024-04-05T16:26:08.533+0000] {dag.py:2585} INFO - Sync 1 DAGs
[2024-04-05T16:26:08.576+0000] {logging_mixin.py:120} INFO - [2024-04-05T16:26:08.576+0000] {dag.py:3340} INFO - Setting next_dagrun for producer to 2024-04-04T00:00:00+00:00, run_after=2024-04-05T00:00:00+00:00
[2024-04-05T16:26:08.619+0000] {processor.py:176} INFO - Processing /opt/airflow/dags/producer.py took 0.203 seconds
[2024-04-05T16:26:38.767+0000] {processor.py:154} INFO - Started process (PID=11010) to work on /opt/airflow/dags/producer.py
[2024-04-05T16:26:38.769+0000] {processor.py:756} INFO - Processing file /opt/airflow/dags/producer.py for tasks to queue
[2024-04-05T16:26:38.771+0000] {logging_mixin.py:120} INFO - [2024-04-05T16:26:38.771+0000] {dagbag.py:537} INFO - Filling up the DagBag from /opt/airflow/dags/producer.py
[2024-04-05T16:26:38.813+0000] {processor.py:766} INFO - DAG(s) dict_keys(['producer']) retrieved from /opt/airflow/dags/producer.py
[2024-04-05T16:26:38.859+0000] {logging_mixin.py:120} INFO - [2024-04-05T16:26:38.858+0000] {dag.py:2585} INFO - Sync 1 DAGs
[2024-04-05T16:26:38.907+0000] {logging_mixin.py:120} INFO - [2024-04-05T16:26:38.907+0000] {dag.py:3340} INFO - Setting next_dagrun for producer to 2024-04-04T00:00:00+00:00, run_after=2024-04-05T00:00:00+00:00
[2024-04-05T16:26:38.949+0000] {processor.py:176} INFO - Processing /opt/airflow/dags/producer.py took 0.191 seconds
[2024-04-05T16:27:09.109+0000] {processor.py:154} INFO - Started process (PID=11078) to work on /opt/airflow/dags/producer.py
[2024-04-05T16:27:09.112+0000] {processor.py:756} INFO - Processing file /opt/airflow/dags/producer.py for tasks to queue
[2024-04-05T16:27:09.115+0000] {logging_mixin.py:120} INFO - [2024-04-05T16:27:09.114+0000] {dagbag.py:537} INFO - Filling up the DagBag from /opt/airflow/dags/producer.py
[2024-04-05T16:27:09.163+0000] {processor.py:766} INFO - DAG(s) dict_keys(['producer']) retrieved from /opt/airflow/dags/producer.py
[2024-04-05T16:27:09.308+0000] {logging_mixin.py:120} INFO - [2024-04-05T16:27:09.308+0000] {dag.py:2585} INFO - Sync 1 DAGs
[2024-04-05T16:27:09.365+0000] {logging_mixin.py:120} INFO - [2024-04-05T16:27:09.365+0000] {dag.py:3340} INFO - Setting next_dagrun for producer to 2024-04-04T00:00:00+00:00, run_after=2024-04-05T00:00:00+00:00
[2024-04-05T16:27:09.412+0000] {processor.py:176} INFO - Processing /opt/airflow/dags/producer.py took 0.312 seconds
[2024-04-05T16:27:39.689+0000] {processor.py:154} INFO - Started process (PID=11137) to work on /opt/airflow/dags/producer.py
[2024-04-05T16:27:39.691+0000] {processor.py:756} INFO - Processing file /opt/airflow/dags/producer.py for tasks to queue
[2024-04-05T16:27:39.693+0000] {logging_mixin.py:120} INFO - [2024-04-05T16:27:39.692+0000] {dagbag.py:537} INFO - Filling up the DagBag from /opt/airflow/dags/producer.py
[2024-04-05T16:27:39.731+0000] {processor.py:766} INFO - DAG(s) dict_keys(['producer']) retrieved from /opt/airflow/dags/producer.py
[2024-04-05T16:27:39.776+0000] {logging_mixin.py:120} INFO - [2024-04-05T16:27:39.776+0000] {dag.py:2585} INFO - Sync 1 DAGs
[2024-04-05T16:27:39.836+0000] {logging_mixin.py:120} INFO - [2024-04-05T16:27:39.836+0000] {dag.py:3340} INFO - Setting next_dagrun for producer to 2024-04-04T00:00:00+00:00, run_after=2024-04-05T00:00:00+00:00
[2024-04-05T16:27:39.872+0000] {processor.py:176} INFO - Processing /opt/airflow/dags/producer.py took 0.192 seconds
[2024-04-05T16:28:10.044+0000] {processor.py:154} INFO - Started process (PID=11207) to work on /opt/airflow/dags/producer.py
[2024-04-05T16:28:10.047+0000] {processor.py:756} INFO - Processing file /opt/airflow/dags/producer.py for tasks to queue
[2024-04-05T16:28:10.050+0000] {logging_mixin.py:120} INFO - [2024-04-05T16:28:10.050+0000] {dagbag.py:537} INFO - Filling up the DagBag from /opt/airflow/dags/producer.py
[2024-04-05T16:28:10.104+0000] {processor.py:766} INFO - DAG(s) dict_keys(['producer']) retrieved from /opt/airflow/dags/producer.py
[2024-04-05T16:28:10.322+0000] {logging_mixin.py:120} INFO - [2024-04-05T16:28:10.321+0000] {dag.py:2585} INFO - Sync 1 DAGs
[2024-04-05T16:28:10.436+0000] {logging_mixin.py:120} INFO - [2024-04-05T16:28:10.435+0000] {dag.py:3340} INFO - Setting next_dagrun for producer to 2024-04-04T00:00:00+00:00, run_after=2024-04-05T00:00:00+00:00
[2024-04-05T16:28:10.482+0000] {processor.py:176} INFO - Processing /opt/airflow/dags/producer.py took 0.450 seconds
[2024-04-05T16:28:41.430+0000] {processor.py:154} INFO - Started process (PID=11267) to work on /opt/airflow/dags/producer.py
[2024-04-05T16:28:41.432+0000] {processor.py:756} INFO - Processing file /opt/airflow/dags/producer.py for tasks to queue
[2024-04-05T16:28:41.433+0000] {logging_mixin.py:120} INFO - [2024-04-05T16:28:41.433+0000] {dagbag.py:537} INFO - Filling up the DagBag from /opt/airflow/dags/producer.py
[2024-04-05T16:28:41.487+0000] {processor.py:766} INFO - DAG(s) dict_keys(['producer']) retrieved from /opt/airflow/dags/producer.py
[2024-04-05T16:28:41.538+0000] {logging_mixin.py:120} INFO - [2024-04-05T16:28:41.537+0000] {dag.py:2585} INFO - Sync 1 DAGs
[2024-04-05T16:28:41.594+0000] {logging_mixin.py:120} INFO - [2024-04-05T16:28:41.593+0000] {dag.py:3340} INFO - Setting next_dagrun for producer to 2024-04-04T00:00:00+00:00, run_after=2024-04-05T00:00:00+00:00
[2024-04-05T16:28:41.638+0000] {processor.py:176} INFO - Processing /opt/airflow/dags/producer.py took 0.214 seconds
[2024-04-05T16:29:11.890+0000] {processor.py:154} INFO - Started process (PID=11336) to work on /opt/airflow/dags/producer.py
[2024-04-05T16:29:11.892+0000] {processor.py:756} INFO - Processing file /opt/airflow/dags/producer.py for tasks to queue
[2024-04-05T16:29:11.894+0000] {logging_mixin.py:120} INFO - [2024-04-05T16:29:11.894+0000] {dagbag.py:537} INFO - Filling up the DagBag from /opt/airflow/dags/producer.py
[2024-04-05T16:29:11.954+0000] {processor.py:766} INFO - DAG(s) dict_keys(['producer']) retrieved from /opt/airflow/dags/producer.py
[2024-04-05T16:29:12.086+0000] {logging_mixin.py:120} INFO - [2024-04-05T16:29:12.086+0000] {dag.py:2585} INFO - Sync 1 DAGs
[2024-04-05T16:29:12.139+0000] {logging_mixin.py:120} INFO - [2024-04-05T16:29:12.139+0000] {dag.py:3340} INFO - Setting next_dagrun for producer to 2024-04-04T00:00:00+00:00, run_after=2024-04-05T00:00:00+00:00
[2024-04-05T16:29:12.174+0000] {processor.py:176} INFO - Processing /opt/airflow/dags/producer.py took 0.296 seconds
[2024-04-05T16:29:42.325+0000] {processor.py:154} INFO - Started process (PID=11396) to work on /opt/airflow/dags/producer.py
[2024-04-05T16:29:42.327+0000] {processor.py:756} INFO - Processing file /opt/airflow/dags/producer.py for tasks to queue
[2024-04-05T16:29:42.329+0000] {logging_mixin.py:120} INFO - [2024-04-05T16:29:42.328+0000] {dagbag.py:537} INFO - Filling up the DagBag from /opt/airflow/dags/producer.py
[2024-04-05T16:29:42.377+0000] {processor.py:766} INFO - DAG(s) dict_keys(['producer']) retrieved from /opt/airflow/dags/producer.py
[2024-04-05T16:29:42.490+0000] {logging_mixin.py:120} INFO - [2024-04-05T16:29:42.489+0000] {dag.py:2585} INFO - Sync 1 DAGs
[2024-04-05T16:29:42.536+0000] {logging_mixin.py:120} INFO - [2024-04-05T16:29:42.536+0000] {dag.py:3340} INFO - Setting next_dagrun for producer to 2024-04-04T00:00:00+00:00, run_after=2024-04-05T00:00:00+00:00
[2024-04-05T16:29:42.577+0000] {processor.py:176} INFO - Processing /opt/airflow/dags/producer.py took 0.259 seconds
[2024-04-05T16:30:12.834+0000] {processor.py:154} INFO - Started process (PID=11464) to work on /opt/airflow/dags/producer.py
[2024-04-05T16:30:12.836+0000] {processor.py:756} INFO - Processing file /opt/airflow/dags/producer.py for tasks to queue
[2024-04-05T16:30:12.838+0000] {logging_mixin.py:120} INFO - [2024-04-05T16:30:12.838+0000] {dagbag.py:537} INFO - Filling up the DagBag from /opt/airflow/dags/producer.py
[2024-04-05T16:30:12.879+0000] {processor.py:766} INFO - DAG(s) dict_keys(['producer']) retrieved from /opt/airflow/dags/producer.py
[2024-04-05T16:30:12.928+0000] {logging_mixin.py:120} INFO - [2024-04-05T16:30:12.928+0000] {dag.py:2585} INFO - Sync 1 DAGs
[2024-04-05T16:30:12.973+0000] {logging_mixin.py:120} INFO - [2024-04-05T16:30:12.973+0000] {dag.py:3340} INFO - Setting next_dagrun for producer to 2024-04-04T00:00:00+00:00, run_after=2024-04-05T00:00:00+00:00
[2024-04-05T16:30:13.010+0000] {processor.py:176} INFO - Processing /opt/airflow/dags/producer.py took 0.182 seconds
[2024-04-05T16:30:43.203+0000] {processor.py:154} INFO - Started process (PID=11533) to work on /opt/airflow/dags/producer.py
[2024-04-05T16:30:43.205+0000] {processor.py:756} INFO - Processing file /opt/airflow/dags/producer.py for tasks to queue
[2024-04-05T16:30:43.207+0000] {logging_mixin.py:120} INFO - [2024-04-05T16:30:43.206+0000] {dagbag.py:537} INFO - Filling up the DagBag from /opt/airflow/dags/producer.py
[2024-04-05T16:30:43.249+0000] {processor.py:766} INFO - DAG(s) dict_keys(['producer']) retrieved from /opt/airflow/dags/producer.py
[2024-04-05T16:30:43.398+0000] {logging_mixin.py:120} INFO - [2024-04-05T16:30:43.398+0000] {dag.py:2585} INFO - Sync 1 DAGs
[2024-04-05T16:30:43.460+0000] {logging_mixin.py:120} INFO - [2024-04-05T16:30:43.460+0000] {dag.py:3340} INFO - Setting next_dagrun for producer to 2024-04-04T00:00:00+00:00, run_after=2024-04-05T00:00:00+00:00
[2024-04-05T16:30:43.521+0000] {processor.py:176} INFO - Processing /opt/airflow/dags/producer.py took 0.326 seconds
[2024-04-05T16:31:13.713+0000] {processor.py:154} INFO - Started process (PID=11595) to work on /opt/airflow/dags/producer.py
[2024-04-05T16:31:13.716+0000] {processor.py:756} INFO - Processing file /opt/airflow/dags/producer.py for tasks to queue
[2024-04-05T16:31:13.718+0000] {logging_mixin.py:120} INFO - [2024-04-05T16:31:13.718+0000] {dagbag.py:537} INFO - Filling up the DagBag from /opt/airflow/dags/producer.py
[2024-04-05T16:31:13.770+0000] {processor.py:766} INFO - DAG(s) dict_keys(['producer']) retrieved from /opt/airflow/dags/producer.py
[2024-04-05T16:31:13.867+0000] {logging_mixin.py:120} INFO - [2024-04-05T16:31:13.867+0000] {dag.py:2585} INFO - Sync 1 DAGs
[2024-04-05T16:31:13.913+0000] {logging_mixin.py:120} INFO - [2024-04-05T16:31:13.913+0000] {dag.py:3340} INFO - Setting next_dagrun for producer to 2024-04-04T00:00:00+00:00, run_after=2024-04-05T00:00:00+00:00
[2024-04-05T16:31:13.952+0000] {processor.py:176} INFO - Processing /opt/airflow/dags/producer.py took 0.245 seconds
[2024-04-05T16:31:44.212+0000] {processor.py:154} INFO - Started process (PID=11663) to work on /opt/airflow/dags/producer.py
[2024-04-05T16:31:44.214+0000] {processor.py:756} INFO - Processing file /opt/airflow/dags/producer.py for tasks to queue
[2024-04-05T16:31:44.217+0000] {logging_mixin.py:120} INFO - [2024-04-05T16:31:44.216+0000] {dagbag.py:537} INFO - Filling up the DagBag from /opt/airflow/dags/producer.py
[2024-04-05T16:31:44.261+0000] {processor.py:766} INFO - DAG(s) dict_keys(['producer']) retrieved from /opt/airflow/dags/producer.py
[2024-04-05T16:31:44.310+0000] {logging_mixin.py:120} INFO - [2024-04-05T16:31:44.309+0000] {dag.py:2585} INFO - Sync 1 DAGs
[2024-04-05T16:31:44.360+0000] {logging_mixin.py:120} INFO - [2024-04-05T16:31:44.360+0000] {dag.py:3340} INFO - Setting next_dagrun for producer to 2024-04-04T00:00:00+00:00, run_after=2024-04-05T00:00:00+00:00
[2024-04-05T16:31:44.400+0000] {processor.py:176} INFO - Processing /opt/airflow/dags/producer.py took 0.195 seconds
[2024-04-05T16:32:14.657+0000] {processor.py:154} INFO - Started process (PID=11724) to work on /opt/airflow/dags/producer.py
[2024-04-05T16:32:14.659+0000] {processor.py:756} INFO - Processing file /opt/airflow/dags/producer.py for tasks to queue
[2024-04-05T16:32:14.661+0000] {logging_mixin.py:120} INFO - [2024-04-05T16:32:14.661+0000] {dagbag.py:537} INFO - Filling up the DagBag from /opt/airflow/dags/producer.py
[2024-04-05T16:32:14.705+0000] {processor.py:766} INFO - DAG(s) dict_keys(['producer']) retrieved from /opt/airflow/dags/producer.py
[2024-04-05T16:32:14.838+0000] {logging_mixin.py:120} INFO - [2024-04-05T16:32:14.838+0000] {dag.py:2585} INFO - Sync 1 DAGs
[2024-04-05T16:32:14.884+0000] {logging_mixin.py:120} INFO - [2024-04-05T16:32:14.884+0000] {dag.py:3340} INFO - Setting next_dagrun for producer to 2024-04-04T00:00:00+00:00, run_after=2024-04-05T00:00:00+00:00
[2024-04-05T16:32:14.921+0000] {processor.py:176} INFO - Processing /opt/airflow/dags/producer.py took 0.269 seconds
[2024-04-05T16:32:45.333+0000] {processor.py:154} INFO - Started process (PID=11794) to work on /opt/airflow/dags/producer.py
[2024-04-05T16:32:45.337+0000] {processor.py:756} INFO - Processing file /opt/airflow/dags/producer.py for tasks to queue
[2024-04-05T16:32:45.339+0000] {logging_mixin.py:120} INFO - [2024-04-05T16:32:45.338+0000] {dagbag.py:537} INFO - Filling up the DagBag from /opt/airflow/dags/producer.py
[2024-04-05T16:32:45.386+0000] {processor.py:766} INFO - DAG(s) dict_keys(['producer']) retrieved from /opt/airflow/dags/producer.py
[2024-04-05T16:32:45.461+0000] {logging_mixin.py:120} INFO - [2024-04-05T16:32:45.461+0000] {dag.py:2585} INFO - Sync 1 DAGs
[2024-04-05T16:32:45.517+0000] {logging_mixin.py:120} INFO - [2024-04-05T16:32:45.516+0000] {dag.py:3340} INFO - Setting next_dagrun for producer to 2024-04-04T00:00:00+00:00, run_after=2024-04-05T00:00:00+00:00
[2024-04-05T16:32:45.550+0000] {processor.py:176} INFO - Processing /opt/airflow/dags/producer.py took 0.225 seconds
[2024-04-05T16:33:15.803+0000] {processor.py:154} INFO - Started process (PID=11860) to work on /opt/airflow/dags/producer.py
[2024-04-05T16:33:15.805+0000] {processor.py:756} INFO - Processing file /opt/airflow/dags/producer.py for tasks to queue
[2024-04-05T16:33:15.808+0000] {logging_mixin.py:120} INFO - [2024-04-05T16:33:15.808+0000] {dagbag.py:537} INFO - Filling up the DagBag from /opt/airflow/dags/producer.py
[2024-04-05T16:33:15.896+0000] {processor.py:766} INFO - DAG(s) dict_keys(['producer']) retrieved from /opt/airflow/dags/producer.py
[2024-04-05T16:33:15.942+0000] {logging_mixin.py:120} INFO - [2024-04-05T16:33:15.942+0000] {dag.py:2585} INFO - Sync 1 DAGs
[2024-04-05T16:33:16.001+0000] {logging_mixin.py:120} INFO - [2024-04-05T16:33:16.001+0000] {dag.py:3340} INFO - Setting next_dagrun for producer to 2024-04-04T00:00:00+00:00, run_after=2024-04-05T00:00:00+00:00
[2024-04-05T16:33:16.043+0000] {processor.py:176} INFO - Processing /opt/airflow/dags/producer.py took 0.247 seconds
[2024-04-05T16:33:46.178+0000] {processor.py:154} INFO - Started process (PID=11921) to work on /opt/airflow/dags/producer.py
[2024-04-05T16:33:46.180+0000] {processor.py:756} INFO - Processing file /opt/airflow/dags/producer.py for tasks to queue
[2024-04-05T16:33:46.182+0000] {logging_mixin.py:120} INFO - [2024-04-05T16:33:46.182+0000] {dagbag.py:537} INFO - Filling up the DagBag from /opt/airflow/dags/producer.py
[2024-04-05T16:33:46.223+0000] {processor.py:766} INFO - DAG(s) dict_keys(['producer']) retrieved from /opt/airflow/dags/producer.py
[2024-04-05T16:33:46.374+0000] {logging_mixin.py:120} INFO - [2024-04-05T16:33:46.373+0000] {dag.py:2585} INFO - Sync 1 DAGs
[2024-04-05T16:33:46.426+0000] {logging_mixin.py:120} INFO - [2024-04-05T16:33:46.426+0000] {dag.py:3340} INFO - Setting next_dagrun for producer to 2024-04-04T00:00:00+00:00, run_after=2024-04-05T00:00:00+00:00
[2024-04-05T16:33:46.462+0000] {processor.py:176} INFO - Processing /opt/airflow/dags/producer.py took 0.294 seconds
[2024-04-05T16:34:16.751+0000] {processor.py:154} INFO - Started process (PID=11990) to work on /opt/airflow/dags/producer.py
[2024-04-05T16:34:16.753+0000] {processor.py:756} INFO - Processing file /opt/airflow/dags/producer.py for tasks to queue
[2024-04-05T16:34:16.756+0000] {logging_mixin.py:120} INFO - [2024-04-05T16:34:16.756+0000] {dagbag.py:537} INFO - Filling up the DagBag from /opt/airflow/dags/producer.py
[2024-04-05T16:34:16.794+0000] {processor.py:766} INFO - DAG(s) dict_keys(['producer']) retrieved from /opt/airflow/dags/producer.py
[2024-04-05T16:34:16.862+0000] {logging_mixin.py:120} INFO - [2024-04-05T16:34:16.862+0000] {dag.py:2585} INFO - Sync 1 DAGs
[2024-04-05T16:34:16.906+0000] {logging_mixin.py:120} INFO - [2024-04-05T16:34:16.906+0000] {dag.py:3340} INFO - Setting next_dagrun for producer to 2024-04-04T00:00:00+00:00, run_after=2024-04-05T00:00:00+00:00
[2024-04-05T16:34:16.942+0000] {processor.py:176} INFO - Processing /opt/airflow/dags/producer.py took 0.198 seconds
[2024-04-05T16:34:47.283+0000] {processor.py:154} INFO - Started process (PID=12050) to work on /opt/airflow/dags/producer.py
[2024-04-05T16:34:47.285+0000] {processor.py:756} INFO - Processing file /opt/airflow/dags/producer.py for tasks to queue
[2024-04-05T16:34:47.291+0000] {logging_mixin.py:120} INFO - [2024-04-05T16:34:47.290+0000] {dagbag.py:537} INFO - Filling up the DagBag from /opt/airflow/dags/producer.py
[2024-04-05T16:34:47.349+0000] {processor.py:766} INFO - DAG(s) dict_keys(['producer']) retrieved from /opt/airflow/dags/producer.py
[2024-04-05T16:34:47.409+0000] {logging_mixin.py:120} INFO - [2024-04-05T16:34:47.408+0000] {dag.py:2585} INFO - Sync 1 DAGs
[2024-04-05T16:34:47.467+0000] {logging_mixin.py:120} INFO - [2024-04-05T16:34:47.467+0000] {dag.py:3340} INFO - Setting next_dagrun for producer to 2024-04-04T00:00:00+00:00, run_after=2024-04-05T00:00:00+00:00
[2024-04-05T16:34:47.507+0000] {processor.py:176} INFO - Processing /opt/airflow/dags/producer.py took 0.244 seconds
[2024-04-05T16:35:17.951+0000] {processor.py:154} INFO - Started process (PID=12120) to work on /opt/airflow/dags/producer.py
[2024-04-05T16:35:17.953+0000] {processor.py:756} INFO - Processing file /opt/airflow/dags/producer.py for tasks to queue
[2024-04-05T16:35:17.955+0000] {logging_mixin.py:120} INFO - [2024-04-05T16:35:17.955+0000] {dagbag.py:537} INFO - Filling up the DagBag from /opt/airflow/dags/producer.py
[2024-04-05T16:35:17.998+0000] {processor.py:766} INFO - DAG(s) dict_keys(['producer']) retrieved from /opt/airflow/dags/producer.py
[2024-04-05T16:35:18.126+0000] {logging_mixin.py:120} INFO - [2024-04-05T16:35:18.126+0000] {dag.py:2585} INFO - Sync 1 DAGs
[2024-04-05T16:35:18.185+0000] {logging_mixin.py:120} INFO - [2024-04-05T16:35:18.185+0000] {dag.py:3340} INFO - Setting next_dagrun for producer to 2024-04-04T00:00:00+00:00, run_after=2024-04-05T00:00:00+00:00
[2024-04-05T16:35:18.221+0000] {processor.py:176} INFO - Processing /opt/airflow/dags/producer.py took 0.277 seconds
[2024-04-05T16:35:48.577+0000] {processor.py:154} INFO - Started process (PID=12181) to work on /opt/airflow/dags/producer.py
[2024-04-05T16:35:48.581+0000] {processor.py:756} INFO - Processing file /opt/airflow/dags/producer.py for tasks to queue
[2024-04-05T16:35:48.583+0000] {logging_mixin.py:120} INFO - [2024-04-05T16:35:48.582+0000] {dagbag.py:537} INFO - Filling up the DagBag from /opt/airflow/dags/producer.py
[2024-04-05T16:35:48.626+0000] {processor.py:766} INFO - DAG(s) dict_keys(['producer']) retrieved from /opt/airflow/dags/producer.py
[2024-04-05T16:35:48.693+0000] {logging_mixin.py:120} INFO - [2024-04-05T16:35:48.693+0000] {dag.py:2585} INFO - Sync 1 DAGs
[2024-04-05T16:35:48.734+0000] {logging_mixin.py:120} INFO - [2024-04-05T16:35:48.733+0000] {dag.py:3340} INFO - Setting next_dagrun for producer to 2024-04-04T00:00:00+00:00, run_after=2024-04-05T00:00:00+00:00
[2024-04-05T16:35:48.772+0000] {processor.py:176} INFO - Processing /opt/airflow/dags/producer.py took 0.200 seconds
[2024-04-05T16:36:19.101+0000] {processor.py:154} INFO - Started process (PID=12251) to work on /opt/airflow/dags/producer.py
[2024-04-05T16:36:19.104+0000] {processor.py:756} INFO - Processing file /opt/airflow/dags/producer.py for tasks to queue
[2024-04-05T16:36:19.106+0000] {logging_mixin.py:120} INFO - [2024-04-05T16:36:19.106+0000] {dagbag.py:537} INFO - Filling up the DagBag from /opt/airflow/dags/producer.py
[2024-04-05T16:36:19.151+0000] {processor.py:766} INFO - DAG(s) dict_keys(['producer']) retrieved from /opt/airflow/dags/producer.py
[2024-04-05T16:36:19.193+0000] {logging_mixin.py:120} INFO - [2024-04-05T16:36:19.192+0000] {dag.py:2585} INFO - Sync 1 DAGs
[2024-04-05T16:36:19.241+0000] {logging_mixin.py:120} INFO - [2024-04-05T16:36:19.241+0000] {dag.py:3340} INFO - Setting next_dagrun for producer to 2024-04-04T00:00:00+00:00, run_after=2024-04-05T00:00:00+00:00
[2024-04-05T16:36:19.285+0000] {processor.py:176} INFO - Processing /opt/airflow/dags/producer.py took 0.196 seconds
[2024-04-05T16:36:49.757+0000] {processor.py:154} INFO - Started process (PID=12318) to work on /opt/airflow/dags/producer.py
[2024-04-05T16:36:49.759+0000] {processor.py:756} INFO - Processing file /opt/airflow/dags/producer.py for tasks to queue
[2024-04-05T16:36:49.761+0000] {logging_mixin.py:120} INFO - [2024-04-05T16:36:49.761+0000] {dagbag.py:537} INFO - Filling up the DagBag from /opt/airflow/dags/producer.py
[2024-04-05T16:36:49.828+0000] {processor.py:766} INFO - DAG(s) dict_keys(['producer']) retrieved from /opt/airflow/dags/producer.py
[2024-04-05T16:36:49.985+0000] {logging_mixin.py:120} INFO - [2024-04-05T16:36:49.985+0000] {dag.py:2585} INFO - Sync 1 DAGs
[2024-04-05T16:36:50.026+0000] {logging_mixin.py:120} INFO - [2024-04-05T16:36:50.026+0000] {dag.py:3340} INFO - Setting next_dagrun for producer to 2024-04-04T00:00:00+00:00, run_after=2024-04-05T00:00:00+00:00
[2024-04-05T16:36:50.066+0000] {processor.py:176} INFO - Processing /opt/airflow/dags/producer.py took 0.316 seconds
[2024-04-05T16:37:20.389+0000] {processor.py:154} INFO - Started process (PID=12379) to work on /opt/airflow/dags/producer.py
[2024-04-05T16:37:20.392+0000] {processor.py:756} INFO - Processing file /opt/airflow/dags/producer.py for tasks to queue
[2024-04-05T16:37:20.396+0000] {logging_mixin.py:120} INFO - [2024-04-05T16:37:20.396+0000] {dagbag.py:537} INFO - Filling up the DagBag from /opt/airflow/dags/producer.py
[2024-04-05T16:37:20.450+0000] {processor.py:766} INFO - DAG(s) dict_keys(['producer']) retrieved from /opt/airflow/dags/producer.py
[2024-04-05T16:37:20.523+0000] {logging_mixin.py:120} INFO - [2024-04-05T16:37:20.523+0000] {dag.py:2585} INFO - Sync 1 DAGs
[2024-04-05T16:37:20.565+0000] {logging_mixin.py:120} INFO - [2024-04-05T16:37:20.564+0000] {dag.py:3340} INFO - Setting next_dagrun for producer to 2024-04-04T00:00:00+00:00, run_after=2024-04-05T00:00:00+00:00
[2024-04-05T16:37:20.603+0000] {processor.py:176} INFO - Processing /opt/airflow/dags/producer.py took 0.221 seconds
[2024-04-05T16:37:51.219+0000] {processor.py:154} INFO - Started process (PID=12447) to work on /opt/airflow/dags/producer.py
[2024-04-05T16:37:51.221+0000] {processor.py:756} INFO - Processing file /opt/airflow/dags/producer.py for tasks to queue
[2024-04-05T16:37:51.222+0000] {logging_mixin.py:120} INFO - [2024-04-05T16:37:51.222+0000] {dagbag.py:537} INFO - Filling up the DagBag from /opt/airflow/dags/producer.py
[2024-04-05T16:37:51.332+0000] {processor.py:766} INFO - DAG(s) dict_keys(['producer']) retrieved from /opt/airflow/dags/producer.py
[2024-04-05T16:37:51.443+0000] {logging_mixin.py:120} INFO - [2024-04-05T16:37:51.443+0000] {dag.py:2585} INFO - Sync 1 DAGs
[2024-04-05T16:37:51.498+0000] {logging_mixin.py:120} INFO - [2024-04-05T16:37:51.498+0000] {dag.py:3340} INFO - Setting next_dagrun for producer to 2024-04-04T00:00:00+00:00, run_after=2024-04-05T00:00:00+00:00
[2024-04-05T16:37:51.530+0000] {processor.py:176} INFO - Processing /opt/airflow/dags/producer.py took 0.317 seconds
[2024-04-05T16:38:21.871+0000] {processor.py:154} INFO - Started process (PID=12507) to work on /opt/airflow/dags/producer.py
[2024-04-05T16:38:21.874+0000] {processor.py:756} INFO - Processing file /opt/airflow/dags/producer.py for tasks to queue
[2024-04-05T16:38:21.875+0000] {logging_mixin.py:120} INFO - [2024-04-05T16:38:21.875+0000] {dagbag.py:537} INFO - Filling up the DagBag from /opt/airflow/dags/producer.py
[2024-04-05T16:38:21.925+0000] {processor.py:766} INFO - DAG(s) dict_keys(['producer']) retrieved from /opt/airflow/dags/producer.py
[2024-04-05T16:38:22.081+0000] {logging_mixin.py:120} INFO - [2024-04-05T16:38:22.081+0000] {dag.py:2585} INFO - Sync 1 DAGs
[2024-04-05T16:38:22.131+0000] {logging_mixin.py:120} INFO - [2024-04-05T16:38:22.131+0000] {dag.py:3340} INFO - Setting next_dagrun for producer to 2024-04-04T00:00:00+00:00, run_after=2024-04-05T00:00:00+00:00
[2024-04-05T16:38:22.168+0000] {processor.py:176} INFO - Processing /opt/airflow/dags/producer.py took 0.303 seconds
[2024-04-05T16:38:52.410+0000] {processor.py:154} INFO - Started process (PID=12577) to work on /opt/airflow/dags/producer.py
[2024-04-05T16:38:52.412+0000] {processor.py:756} INFO - Processing file /opt/airflow/dags/producer.py for tasks to queue
[2024-04-05T16:38:52.414+0000] {logging_mixin.py:120} INFO - [2024-04-05T16:38:52.414+0000] {dagbag.py:537} INFO - Filling up the DagBag from /opt/airflow/dags/producer.py
[2024-04-05T16:38:52.512+0000] {processor.py:766} INFO - DAG(s) dict_keys(['producer']) retrieved from /opt/airflow/dags/producer.py
[2024-04-05T16:38:52.695+0000] {logging_mixin.py:120} INFO - [2024-04-05T16:38:52.695+0000] {dag.py:2585} INFO - Sync 1 DAGs
[2024-04-05T16:38:52.782+0000] {logging_mixin.py:120} INFO - [2024-04-05T16:38:52.782+0000] {dag.py:3340} INFO - Setting next_dagrun for producer to 2024-04-04T00:00:00+00:00, run_after=2024-04-05T00:00:00+00:00
[2024-04-05T16:38:52.842+0000] {processor.py:176} INFO - Processing /opt/airflow/dags/producer.py took 0.453 seconds
[2024-04-05T16:39:22.977+0000] {processor.py:154} INFO - Started process (PID=12637) to work on /opt/airflow/dags/producer.py
[2024-04-05T16:39:22.979+0000] {processor.py:756} INFO - Processing file /opt/airflow/dags/producer.py for tasks to queue
[2024-04-05T16:39:22.982+0000] {logging_mixin.py:120} INFO - [2024-04-05T16:39:22.981+0000] {dagbag.py:537} INFO - Filling up the DagBag from /opt/airflow/dags/producer.py
[2024-04-05T16:39:23.032+0000] {processor.py:766} INFO - DAG(s) dict_keys(['producer']) retrieved from /opt/airflow/dags/producer.py
[2024-04-05T16:39:23.079+0000] {logging_mixin.py:120} INFO - [2024-04-05T16:39:23.079+0000] {dag.py:2585} INFO - Sync 1 DAGs
[2024-04-05T16:39:23.137+0000] {logging_mixin.py:120} INFO - [2024-04-05T16:39:23.136+0000] {dag.py:3340} INFO - Setting next_dagrun for producer to 2024-04-04T00:00:00+00:00, run_after=2024-04-05T00:00:00+00:00
[2024-04-05T16:39:23.183+0000] {processor.py:176} INFO - Processing /opt/airflow/dags/producer.py took 0.219 seconds
[2024-04-05T16:39:53.246+0000] {processor.py:154} INFO - Started process (PID=12706) to work on /opt/airflow/dags/producer.py
[2024-04-05T16:39:53.249+0000] {processor.py:756} INFO - Processing file /opt/airflow/dags/producer.py for tasks to queue
[2024-04-05T16:39:53.251+0000] {logging_mixin.py:120} INFO - [2024-04-05T16:39:53.251+0000] {dagbag.py:537} INFO - Filling up the DagBag from /opt/airflow/dags/producer.py
[2024-04-05T16:39:53.291+0000] {processor.py:766} INFO - DAG(s) dict_keys(['producer']) retrieved from /opt/airflow/dags/producer.py
[2024-04-05T16:39:53.420+0000] {logging_mixin.py:120} INFO - [2024-04-05T16:39:53.420+0000] {dag.py:2585} INFO - Sync 1 DAGs
[2024-04-05T16:39:53.464+0000] {logging_mixin.py:120} INFO - [2024-04-05T16:39:53.464+0000] {dag.py:3340} INFO - Setting next_dagrun for producer to 2024-04-04T00:00:00+00:00, run_after=2024-04-05T00:00:00+00:00
[2024-04-05T16:39:53.512+0000] {processor.py:176} INFO - Processing /opt/airflow/dags/producer.py took 0.271 seconds
[2024-04-05T16:40:23.704+0000] {processor.py:154} INFO - Started process (PID=12766) to work on /opt/airflow/dags/producer.py
[2024-04-05T16:40:23.706+0000] {processor.py:756} INFO - Processing file /opt/airflow/dags/producer.py for tasks to queue
[2024-04-05T16:40:23.707+0000] {logging_mixin.py:120} INFO - [2024-04-05T16:40:23.707+0000] {dagbag.py:537} INFO - Filling up the DagBag from /opt/airflow/dags/producer.py
[2024-04-05T16:40:23.752+0000] {processor.py:766} INFO - DAG(s) dict_keys(['producer']) retrieved from /opt/airflow/dags/producer.py
[2024-04-05T16:40:23.822+0000] {logging_mixin.py:120} INFO - [2024-04-05T16:40:23.822+0000] {dag.py:2585} INFO - Sync 1 DAGs
[2024-04-05T16:40:23.867+0000] {logging_mixin.py:120} INFO - [2024-04-05T16:40:23.867+0000] {dag.py:3340} INFO - Setting next_dagrun for producer to 2024-04-04T00:00:00+00:00, run_after=2024-04-05T00:00:00+00:00
[2024-04-05T16:40:23.905+0000] {processor.py:176} INFO - Processing /opt/airflow/dags/producer.py took 0.211 seconds
[2024-04-05T16:40:54.181+0000] {processor.py:154} INFO - Started process (PID=12834) to work on /opt/airflow/dags/producer.py
[2024-04-05T16:40:54.183+0000] {processor.py:756} INFO - Processing file /opt/airflow/dags/producer.py for tasks to queue
[2024-04-05T16:40:54.190+0000] {logging_mixin.py:120} INFO - [2024-04-05T16:40:54.189+0000] {dagbag.py:537} INFO - Filling up the DagBag from /opt/airflow/dags/producer.py
[2024-04-05T16:40:54.254+0000] {processor.py:766} INFO - DAG(s) dict_keys(['producer']) retrieved from /opt/airflow/dags/producer.py
[2024-04-05T16:40:54.315+0000] {logging_mixin.py:120} INFO - [2024-04-05T16:40:54.315+0000] {dag.py:2585} INFO - Sync 1 DAGs
[2024-04-05T16:40:54.373+0000] {logging_mixin.py:120} INFO - [2024-04-05T16:40:54.373+0000] {dag.py:3340} INFO - Setting next_dagrun for producer to 2024-04-04T00:00:00+00:00, run_after=2024-04-05T00:00:00+00:00
[2024-04-05T16:40:54.406+0000] {processor.py:176} INFO - Processing /opt/airflow/dags/producer.py took 0.231 seconds
[2024-04-05T16:41:24.467+0000] {processor.py:154} INFO - Started process (PID=12893) to work on /opt/airflow/dags/producer.py
[2024-04-05T16:41:24.470+0000] {processor.py:756} INFO - Processing file /opt/airflow/dags/producer.py for tasks to queue
[2024-04-05T16:41:24.473+0000] {logging_mixin.py:120} INFO - [2024-04-05T16:41:24.473+0000] {dagbag.py:537} INFO - Filling up the DagBag from /opt/airflow/dags/producer.py
[2024-04-05T16:41:24.522+0000] {processor.py:766} INFO - DAG(s) dict_keys(['producer']) retrieved from /opt/airflow/dags/producer.py
[2024-04-05T16:41:24.728+0000] {logging_mixin.py:120} INFO - [2024-04-05T16:41:24.728+0000] {dag.py:2585} INFO - Sync 1 DAGs
[2024-04-05T16:41:24.773+0000] {logging_mixin.py:120} INFO - [2024-04-05T16:41:24.773+0000] {dag.py:3340} INFO - Setting next_dagrun for producer to 2024-04-04T00:00:00+00:00, run_after=2024-04-05T00:00:00+00:00
[2024-04-05T16:41:24.812+0000] {processor.py:176} INFO - Processing /opt/airflow/dags/producer.py took 0.354 seconds
[2024-04-05T16:41:55.028+0000] {processor.py:154} INFO - Started process (PID=12962) to work on /opt/airflow/dags/producer.py
[2024-04-05T16:41:55.031+0000] {processor.py:756} INFO - Processing file /opt/airflow/dags/producer.py for tasks to queue
[2024-04-05T16:41:55.033+0000] {logging_mixin.py:120} INFO - [2024-04-05T16:41:55.033+0000] {dagbag.py:537} INFO - Filling up the DagBag from /opt/airflow/dags/producer.py
[2024-04-05T16:41:55.083+0000] {processor.py:766} INFO - DAG(s) dict_keys(['producer']) retrieved from /opt/airflow/dags/producer.py
[2024-04-05T16:41:55.163+0000] {logging_mixin.py:120} INFO - [2024-04-05T16:41:55.163+0000] {dag.py:2585} INFO - Sync 1 DAGs
[2024-04-05T16:41:55.207+0000] {logging_mixin.py:120} INFO - [2024-04-05T16:41:55.207+0000] {dag.py:3340} INFO - Setting next_dagrun for producer to 2024-04-04T00:00:00+00:00, run_after=2024-04-05T00:00:00+00:00
[2024-04-05T16:41:55.245+0000] {processor.py:176} INFO - Processing /opt/airflow/dags/producer.py took 0.225 seconds
[2024-04-05T16:42:25.319+0000] {processor.py:154} INFO - Started process (PID=13031) to work on /opt/airflow/dags/producer.py
[2024-04-05T16:42:25.322+0000] {processor.py:756} INFO - Processing file /opt/airflow/dags/producer.py for tasks to queue
[2024-04-05T16:42:25.325+0000] {logging_mixin.py:120} INFO - [2024-04-05T16:42:25.325+0000] {dagbag.py:537} INFO - Filling up the DagBag from /opt/airflow/dags/producer.py
[2024-04-05T16:42:25.368+0000] {processor.py:766} INFO - DAG(s) dict_keys(['producer']) retrieved from /opt/airflow/dags/producer.py
[2024-04-05T16:42:25.410+0000] {logging_mixin.py:120} INFO - [2024-04-05T16:42:25.409+0000] {dag.py:2585} INFO - Sync 1 DAGs
[2024-04-05T16:42:25.456+0000] {logging_mixin.py:120} INFO - [2024-04-05T16:42:25.456+0000] {dag.py:3340} INFO - Setting next_dagrun for producer to 2024-04-04T00:00:00+00:00, run_after=2024-04-05T00:00:00+00:00
[2024-04-05T16:42:25.491+0000] {processor.py:176} INFO - Processing /opt/airflow/dags/producer.py took 0.180 seconds
[2024-04-05T16:42:55.546+0000] {processor.py:154} INFO - Started process (PID=13091) to work on /opt/airflow/dags/producer.py
[2024-04-05T16:42:55.549+0000] {processor.py:756} INFO - Processing file /opt/airflow/dags/producer.py for tasks to queue
[2024-04-05T16:42:55.551+0000] {logging_mixin.py:120} INFO - [2024-04-05T16:42:55.551+0000] {dagbag.py:537} INFO - Filling up the DagBag from /opt/airflow/dags/producer.py
[2024-04-05T16:42:55.600+0000] {processor.py:766} INFO - DAG(s) dict_keys(['producer']) retrieved from /opt/airflow/dags/producer.py
[2024-04-05T16:42:55.734+0000] {logging_mixin.py:120} INFO - [2024-04-05T16:42:55.734+0000] {dag.py:2585} INFO - Sync 1 DAGs
[2024-04-05T16:42:55.778+0000] {logging_mixin.py:120} INFO - [2024-04-05T16:42:55.778+0000] {dag.py:3340} INFO - Setting next_dagrun for producer to 2024-04-04T00:00:00+00:00, run_after=2024-04-05T00:00:00+00:00
[2024-04-05T16:42:55.821+0000] {processor.py:176} INFO - Processing /opt/airflow/dags/producer.py took 0.283 seconds
[2024-04-05T16:43:26.084+0000] {processor.py:154} INFO - Started process (PID=13160) to work on /opt/airflow/dags/producer.py
[2024-04-05T16:43:26.086+0000] {processor.py:756} INFO - Processing file /opt/airflow/dags/producer.py for tasks to queue
[2024-04-05T16:43:26.088+0000] {logging_mixin.py:120} INFO - [2024-04-05T16:43:26.088+0000] {dagbag.py:537} INFO - Filling up the DagBag from /opt/airflow/dags/producer.py
[2024-04-05T16:43:26.126+0000] {processor.py:766} INFO - DAG(s) dict_keys(['producer']) retrieved from /opt/airflow/dags/producer.py
[2024-04-05T16:43:26.195+0000] {logging_mixin.py:120} INFO - [2024-04-05T16:43:26.194+0000] {dag.py:2585} INFO - Sync 1 DAGs
[2024-04-05T16:43:26.240+0000] {logging_mixin.py:120} INFO - [2024-04-05T16:43:26.239+0000] {dag.py:3340} INFO - Setting next_dagrun for producer to 2024-04-04T00:00:00+00:00, run_after=2024-04-05T00:00:00+00:00
[2024-04-05T16:43:26.274+0000] {processor.py:176} INFO - Processing /opt/airflow/dags/producer.py took 0.196 seconds
[2024-04-05T16:43:56.481+0000] {processor.py:154} INFO - Started process (PID=13219) to work on /opt/airflow/dags/producer.py
[2024-04-05T16:43:56.484+0000] {processor.py:756} INFO - Processing file /opt/airflow/dags/producer.py for tasks to queue
[2024-04-05T16:43:56.488+0000] {logging_mixin.py:120} INFO - [2024-04-05T16:43:56.487+0000] {dagbag.py:537} INFO - Filling up the DagBag from /opt/airflow/dags/producer.py
[2024-04-05T16:43:56.538+0000] {processor.py:766} INFO - DAG(s) dict_keys(['producer']) retrieved from /opt/airflow/dags/producer.py
[2024-04-05T16:43:56.584+0000] {logging_mixin.py:120} INFO - [2024-04-05T16:43:56.584+0000] {dag.py:2585} INFO - Sync 1 DAGs
[2024-04-05T16:43:56.633+0000] {logging_mixin.py:120} INFO - [2024-04-05T16:43:56.632+0000] {dag.py:3340} INFO - Setting next_dagrun for producer to 2024-04-04T00:00:00+00:00, run_after=2024-04-05T00:00:00+00:00
[2024-04-05T16:43:56.670+0000] {processor.py:176} INFO - Processing /opt/airflow/dags/producer.py took 0.202 seconds
[2024-04-05T16:44:27.480+0000] {processor.py:154} INFO - Started process (PID=13287) to work on /opt/airflow/dags/producer.py
[2024-04-05T16:44:27.483+0000] {processor.py:756} INFO - Processing file /opt/airflow/dags/producer.py for tasks to queue
[2024-04-05T16:44:27.486+0000] {logging_mixin.py:120} INFO - [2024-04-05T16:44:27.485+0000] {dagbag.py:537} INFO - Filling up the DagBag from /opt/airflow/dags/producer.py
[2024-04-05T16:44:27.529+0000] {processor.py:766} INFO - DAG(s) dict_keys(['producer']) retrieved from /opt/airflow/dags/producer.py
[2024-04-05T16:44:27.657+0000] {logging_mixin.py:120} INFO - [2024-04-05T16:44:27.657+0000] {dag.py:2585} INFO - Sync 1 DAGs
[2024-04-05T16:44:27.695+0000] {logging_mixin.py:120} INFO - [2024-04-05T16:44:27.695+0000] {dag.py:3340} INFO - Setting next_dagrun for producer to 2024-04-04T00:00:00+00:00, run_after=2024-04-05T00:00:00+00:00
[2024-04-05T16:44:27.735+0000] {processor.py:176} INFO - Processing /opt/airflow/dags/producer.py took 0.261 seconds
[2024-04-05T16:44:57.859+0000] {processor.py:154} INFO - Started process (PID=13347) to work on /opt/airflow/dags/producer.py
[2024-04-05T16:44:57.861+0000] {processor.py:756} INFO - Processing file /opt/airflow/dags/producer.py for tasks to queue
[2024-04-05T16:44:57.863+0000] {logging_mixin.py:120} INFO - [2024-04-05T16:44:57.862+0000] {dagbag.py:537} INFO - Filling up the DagBag from /opt/airflow/dags/producer.py
[2024-04-05T16:44:57.902+0000] {processor.py:766} INFO - DAG(s) dict_keys(['producer']) retrieved from /opt/airflow/dags/producer.py
[2024-04-05T16:44:57.966+0000] {logging_mixin.py:120} INFO - [2024-04-05T16:44:57.966+0000] {dag.py:2585} INFO - Sync 1 DAGs
[2024-04-05T16:44:58.008+0000] {logging_mixin.py:120} INFO - [2024-04-05T16:44:58.008+0000] {dag.py:3340} INFO - Setting next_dagrun for producer to 2024-04-04T00:00:00+00:00, run_after=2024-04-05T00:00:00+00:00
[2024-04-05T16:44:58.044+0000] {processor.py:176} INFO - Processing /opt/airflow/dags/producer.py took 0.191 seconds
[2024-04-05T16:45:28.411+0000] {processor.py:154} INFO - Started process (PID=13417) to work on /opt/airflow/dags/producer.py
[2024-04-05T16:45:28.416+0000] {processor.py:756} INFO - Processing file /opt/airflow/dags/producer.py for tasks to queue
[2024-04-05T16:45:28.418+0000] {logging_mixin.py:120} INFO - [2024-04-05T16:45:28.418+0000] {dagbag.py:537} INFO - Filling up the DagBag from /opt/airflow/dags/producer.py
[2024-04-05T16:45:28.461+0000] {processor.py:766} INFO - DAG(s) dict_keys(['producer']) retrieved from /opt/airflow/dags/producer.py
[2024-04-05T16:45:28.510+0000] {logging_mixin.py:120} INFO - [2024-04-05T16:45:28.509+0000] {dag.py:2585} INFO - Sync 1 DAGs
[2024-04-05T16:45:28.573+0000] {logging_mixin.py:120} INFO - [2024-04-05T16:45:28.573+0000] {dag.py:3340} INFO - Setting next_dagrun for producer to 2024-04-04T00:00:00+00:00, run_after=2024-04-05T00:00:00+00:00
[2024-04-05T16:45:28.614+0000] {processor.py:176} INFO - Processing /opt/airflow/dags/producer.py took 0.211 seconds
[2024-04-05T16:45:58.857+0000] {processor.py:154} INFO - Started process (PID=13487) to work on /opt/airflow/dags/producer.py
[2024-04-05T16:45:58.868+0000] {processor.py:756} INFO - Processing file /opt/airflow/dags/producer.py for tasks to queue
[2024-04-05T16:45:58.871+0000] {logging_mixin.py:120} INFO - [2024-04-05T16:45:58.871+0000] {dagbag.py:537} INFO - Filling up the DagBag from /opt/airflow/dags/producer.py
[2024-04-05T16:45:58.974+0000] {processor.py:766} INFO - DAG(s) dict_keys(['producer']) retrieved from /opt/airflow/dags/producer.py
[2024-04-05T16:45:59.193+0000] {logging_mixin.py:120} INFO - [2024-04-05T16:45:59.193+0000] {dag.py:2585} INFO - Sync 1 DAGs
[2024-04-05T16:45:59.271+0000] {logging_mixin.py:120} INFO - [2024-04-05T16:45:59.271+0000] {dag.py:3340} INFO - Setting next_dagrun for producer to 2024-04-04T00:00:00+00:00, run_after=2024-04-05T00:00:00+00:00
[2024-04-05T16:45:59.343+0000] {processor.py:176} INFO - Processing /opt/airflow/dags/producer.py took 0.503 seconds
[2024-04-05T16:46:29.622+0000] {processor.py:154} INFO - Started process (PID=13548) to work on /opt/airflow/dags/producer.py
[2024-04-05T16:46:29.625+0000] {processor.py:756} INFO - Processing file /opt/airflow/dags/producer.py for tasks to queue
[2024-04-05T16:46:29.626+0000] {logging_mixin.py:120} INFO - [2024-04-05T16:46:29.626+0000] {dagbag.py:537} INFO - Filling up the DagBag from /opt/airflow/dags/producer.py
[2024-04-05T16:46:29.670+0000] {processor.py:766} INFO - DAG(s) dict_keys(['producer']) retrieved from /opt/airflow/dags/producer.py
[2024-04-05T16:46:29.761+0000] {logging_mixin.py:120} INFO - [2024-04-05T16:46:29.761+0000] {dag.py:2585} INFO - Sync 1 DAGs
[2024-04-05T16:46:29.805+0000] {logging_mixin.py:120} INFO - [2024-04-05T16:46:29.805+0000] {dag.py:3340} INFO - Setting next_dagrun for producer to 2024-04-04T00:00:00+00:00, run_after=2024-04-05T00:00:00+00:00
[2024-04-05T16:46:29.840+0000] {processor.py:176} INFO - Processing /opt/airflow/dags/producer.py took 0.228 seconds
[2024-04-05T16:46:59.954+0000] {processor.py:154} INFO - Started process (PID=13618) to work on /opt/airflow/dags/producer.py
[2024-04-05T16:46:59.956+0000] {processor.py:756} INFO - Processing file /opt/airflow/dags/producer.py for tasks to queue
[2024-04-05T16:46:59.958+0000] {logging_mixin.py:120} INFO - [2024-04-05T16:46:59.958+0000] {dagbag.py:537} INFO - Filling up the DagBag from /opt/airflow/dags/producer.py
[2024-04-05T16:47:00.004+0000] {processor.py:766} INFO - DAG(s) dict_keys(['producer']) retrieved from /opt/airflow/dags/producer.py
[2024-04-05T16:47:00.070+0000] {logging_mixin.py:120} INFO - [2024-04-05T16:47:00.069+0000] {dag.py:2585} INFO - Sync 1 DAGs
[2024-04-05T16:47:00.142+0000] {logging_mixin.py:120} INFO - [2024-04-05T16:47:00.142+0000] {dag.py:3340} INFO - Setting next_dagrun for producer to 2024-04-04T00:00:00+00:00, run_after=2024-04-05T00:00:00+00:00
[2024-04-05T16:47:00.205+0000] {processor.py:176} INFO - Processing /opt/airflow/dags/producer.py took 0.266 seconds
[2024-04-05T16:47:30.559+0000] {processor.py:154} INFO - Started process (PID=13677) to work on /opt/airflow/dags/producer.py
[2024-04-05T16:47:30.561+0000] {processor.py:756} INFO - Processing file /opt/airflow/dags/producer.py for tasks to queue
[2024-04-05T16:47:30.564+0000] {logging_mixin.py:120} INFO - [2024-04-05T16:47:30.564+0000] {dagbag.py:537} INFO - Filling up the DagBag from /opt/airflow/dags/producer.py
[2024-04-05T16:47:30.613+0000] {processor.py:766} INFO - DAG(s) dict_keys(['producer']) retrieved from /opt/airflow/dags/producer.py
[2024-04-05T16:47:30.743+0000] {logging_mixin.py:120} INFO - [2024-04-05T16:47:30.743+0000] {dag.py:2585} INFO - Sync 1 DAGs
[2024-04-05T16:47:30.791+0000] {logging_mixin.py:120} INFO - [2024-04-05T16:47:30.791+0000] {dag.py:3340} INFO - Setting next_dagrun for producer to 2024-04-04T00:00:00+00:00, run_after=2024-04-05T00:00:00+00:00
[2024-04-05T16:47:30.833+0000] {processor.py:176} INFO - Processing /opt/airflow/dags/producer.py took 0.282 seconds
[2024-04-05T16:48:01.068+0000] {processor.py:154} INFO - Started process (PID=13747) to work on /opt/airflow/dags/producer.py
[2024-04-05T16:48:01.072+0000] {processor.py:756} INFO - Processing file /opt/airflow/dags/producer.py for tasks to queue
[2024-04-05T16:48:01.077+0000] {logging_mixin.py:120} INFO - [2024-04-05T16:48:01.077+0000] {dagbag.py:537} INFO - Filling up the DagBag from /opt/airflow/dags/producer.py
[2024-04-05T16:48:01.218+0000] {processor.py:766} INFO - DAG(s) dict_keys(['producer']) retrieved from /opt/airflow/dags/producer.py
[2024-04-05T16:48:01.446+0000] {logging_mixin.py:120} INFO - [2024-04-05T16:48:01.446+0000] {dag.py:2585} INFO - Sync 1 DAGs
[2024-04-05T16:48:01.550+0000] {logging_mixin.py:120} INFO - [2024-04-05T16:48:01.550+0000] {dag.py:3340} INFO - Setting next_dagrun for producer to 2024-04-04T00:00:00+00:00, run_after=2024-04-05T00:00:00+00:00
[2024-04-05T16:48:01.608+0000] {processor.py:176} INFO - Processing /opt/airflow/dags/producer.py took 0.562 seconds
[2024-04-05T16:48:31.827+0000] {processor.py:154} INFO - Started process (PID=13807) to work on /opt/airflow/dags/producer.py
[2024-04-05T16:48:31.829+0000] {processor.py:756} INFO - Processing file /opt/airflow/dags/producer.py for tasks to queue
[2024-04-05T16:48:31.831+0000] {logging_mixin.py:120} INFO - [2024-04-05T16:48:31.831+0000] {dagbag.py:537} INFO - Filling up the DagBag from /opt/airflow/dags/producer.py
[2024-04-05T16:48:31.871+0000] {processor.py:766} INFO - DAG(s) dict_keys(['producer']) retrieved from /opt/airflow/dags/producer.py
[2024-04-05T16:48:32.025+0000] {logging_mixin.py:120} INFO - [2024-04-05T16:48:32.025+0000] {dag.py:2585} INFO - Sync 1 DAGs
[2024-04-05T16:48:32.062+0000] {logging_mixin.py:120} INFO - [2024-04-05T16:48:32.062+0000] {dag.py:3340} INFO - Setting next_dagrun for producer to 2024-04-04T00:00:00+00:00, run_after=2024-04-05T00:00:00+00:00
[2024-04-05T16:48:32.099+0000] {processor.py:176} INFO - Processing /opt/airflow/dags/producer.py took 0.280 seconds
[2024-04-05T16:49:02.300+0000] {processor.py:154} INFO - Started process (PID=13877) to work on /opt/airflow/dags/producer.py
[2024-04-05T16:49:02.302+0000] {processor.py:756} INFO - Processing file /opt/airflow/dags/producer.py for tasks to queue
[2024-04-05T16:49:02.304+0000] {logging_mixin.py:120} INFO - [2024-04-05T16:49:02.304+0000] {dagbag.py:537} INFO - Filling up the DagBag from /opt/airflow/dags/producer.py
[2024-04-05T16:49:02.345+0000] {processor.py:766} INFO - DAG(s) dict_keys(['producer']) retrieved from /opt/airflow/dags/producer.py
[2024-04-05T16:49:02.396+0000] {logging_mixin.py:120} INFO - [2024-04-05T16:49:02.396+0000] {dag.py:2585} INFO - Sync 1 DAGs
[2024-04-05T16:49:02.441+0000] {logging_mixin.py:120} INFO - [2024-04-05T16:49:02.441+0000] {dag.py:3340} INFO - Setting next_dagrun for producer to 2024-04-04T00:00:00+00:00, run_after=2024-04-05T00:00:00+00:00
[2024-04-05T16:49:02.480+0000] {processor.py:176} INFO - Processing /opt/airflow/dags/producer.py took 0.187 seconds
[2024-04-05T16:49:32.646+0000] {processor.py:154} INFO - Started process (PID=13937) to work on /opt/airflow/dags/producer.py
[2024-04-05T16:49:32.651+0000] {processor.py:756} INFO - Processing file /opt/airflow/dags/producer.py for tasks to queue
[2024-04-05T16:49:32.654+0000] {logging_mixin.py:120} INFO - [2024-04-05T16:49:32.654+0000] {dagbag.py:537} INFO - Filling up the DagBag from /opt/airflow/dags/producer.py
[2024-04-05T16:49:32.702+0000] {processor.py:766} INFO - DAG(s) dict_keys(['producer']) retrieved from /opt/airflow/dags/producer.py
[2024-04-05T16:49:32.848+0000] {logging_mixin.py:120} INFO - [2024-04-05T16:49:32.848+0000] {dag.py:2585} INFO - Sync 1 DAGs
[2024-04-05T16:49:32.891+0000] {logging_mixin.py:120} INFO - [2024-04-05T16:49:32.891+0000] {dag.py:3340} INFO - Setting next_dagrun for producer to 2024-04-04T00:00:00+00:00, run_after=2024-04-05T00:00:00+00:00
[2024-04-05T16:49:32.930+0000] {processor.py:176} INFO - Processing /opt/airflow/dags/producer.py took 0.293 seconds
[2024-04-05T16:50:03.030+0000] {processor.py:154} INFO - Started process (PID=14006) to work on /opt/airflow/dags/producer.py
[2024-04-05T16:50:03.033+0000] {processor.py:756} INFO - Processing file /opt/airflow/dags/producer.py for tasks to queue
[2024-04-05T16:50:03.036+0000] {logging_mixin.py:120} INFO - [2024-04-05T16:50:03.035+0000] {dagbag.py:537} INFO - Filling up the DagBag from /opt/airflow/dags/producer.py
[2024-04-05T16:50:03.101+0000] {processor.py:766} INFO - DAG(s) dict_keys(['producer']) retrieved from /opt/airflow/dags/producer.py
[2024-04-05T16:50:03.150+0000] {logging_mixin.py:120} INFO - [2024-04-05T16:50:03.150+0000] {dag.py:2585} INFO - Sync 1 DAGs
[2024-04-05T16:50:03.197+0000] {logging_mixin.py:120} INFO - [2024-04-05T16:50:03.197+0000] {dag.py:3340} INFO - Setting next_dagrun for producer to 2024-04-04T00:00:00+00:00, run_after=2024-04-05T00:00:00+00:00
[2024-04-05T16:50:03.233+0000] {processor.py:176} INFO - Processing /opt/airflow/dags/producer.py took 0.211 seconds
[2024-04-05T16:50:33.292+0000] {processor.py:154} INFO - Started process (PID=14066) to work on /opt/airflow/dags/producer.py
[2024-04-05T16:50:33.296+0000] {processor.py:756} INFO - Processing file /opt/airflow/dags/producer.py for tasks to queue
[2024-04-05T16:50:33.298+0000] {logging_mixin.py:120} INFO - [2024-04-05T16:50:33.298+0000] {dagbag.py:537} INFO - Filling up the DagBag from /opt/airflow/dags/producer.py
[2024-04-05T16:50:33.347+0000] {processor.py:766} INFO - DAG(s) dict_keys(['producer']) retrieved from /opt/airflow/dags/producer.py
[2024-04-05T16:50:33.498+0000] {logging_mixin.py:120} INFO - [2024-04-05T16:50:33.498+0000] {dag.py:2585} INFO - Sync 1 DAGs
[2024-04-05T16:50:33.544+0000] {logging_mixin.py:120} INFO - [2024-04-05T16:50:33.544+0000] {dag.py:3340} INFO - Setting next_dagrun for producer to 2024-04-04T00:00:00+00:00, run_after=2024-04-05T00:00:00+00:00
[2024-04-05T16:50:33.603+0000] {processor.py:176} INFO - Processing /opt/airflow/dags/producer.py took 0.317 seconds
[2024-04-05T16:51:03.978+0000] {processor.py:154} INFO - Started process (PID=14134) to work on /opt/airflow/dags/producer.py
[2024-04-05T16:51:03.980+0000] {processor.py:756} INFO - Processing file /opt/airflow/dags/producer.py for tasks to queue
[2024-04-05T16:51:03.982+0000] {logging_mixin.py:120} INFO - [2024-04-05T16:51:03.982+0000] {dagbag.py:537} INFO - Filling up the DagBag from /opt/airflow/dags/producer.py
[2024-04-05T16:51:04.024+0000] {processor.py:766} INFO - DAG(s) dict_keys(['producer']) retrieved from /opt/airflow/dags/producer.py
[2024-04-05T16:51:04.096+0000] {logging_mixin.py:120} INFO - [2024-04-05T16:51:04.096+0000] {dag.py:2585} INFO - Sync 1 DAGs
[2024-04-05T16:51:04.141+0000] {logging_mixin.py:120} INFO - [2024-04-05T16:51:04.140+0000] {dag.py:3340} INFO - Setting next_dagrun for producer to 2024-04-04T00:00:00+00:00, run_after=2024-04-05T00:00:00+00:00
[2024-04-05T16:51:04.178+0000] {processor.py:176} INFO - Processing /opt/airflow/dags/producer.py took 0.208 seconds
[2024-04-05T16:51:35.136+0000] {processor.py:154} INFO - Started process (PID=14195) to work on /opt/airflow/dags/producer.py
[2024-04-05T16:51:35.138+0000] {processor.py:756} INFO - Processing file /opt/airflow/dags/producer.py for tasks to queue
[2024-04-05T16:51:35.140+0000] {logging_mixin.py:120} INFO - [2024-04-05T16:51:35.140+0000] {dagbag.py:537} INFO - Filling up the DagBag from /opt/airflow/dags/producer.py
[2024-04-05T16:51:35.186+0000] {processor.py:766} INFO - DAG(s) dict_keys(['producer']) retrieved from /opt/airflow/dags/producer.py
[2024-04-05T16:51:35.322+0000] {logging_mixin.py:120} INFO - [2024-04-05T16:51:35.322+0000] {dag.py:2585} INFO - Sync 1 DAGs
[2024-04-05T16:51:35.365+0000] {logging_mixin.py:120} INFO - [2024-04-05T16:51:35.365+0000] {dag.py:3340} INFO - Setting next_dagrun for producer to 2024-04-04T00:00:00+00:00, run_after=2024-04-05T00:00:00+00:00
[2024-04-05T16:51:35.406+0000] {processor.py:176} INFO - Processing /opt/airflow/dags/producer.py took 0.278 seconds
[2024-04-05T17:07:24.117+0000] {processor.py:154} INFO - Started process (PID=14271) to work on /opt/airflow/dags/producer.py
[2024-04-05T17:07:24.123+0000] {processor.py:756} INFO - Processing file /opt/airflow/dags/producer.py for tasks to queue
[2024-04-05T17:07:24.127+0000] {logging_mixin.py:120} INFO - [2024-04-05T17:07:24.127+0000] {dagbag.py:537} INFO - Filling up the DagBag from /opt/airflow/dags/producer.py
[2024-04-05T17:07:24.408+0000] {processor.py:766} INFO - DAG(s) dict_keys(['producer']) retrieved from /opt/airflow/dags/producer.py
[2024-04-05T17:07:24.747+0000] {logging_mixin.py:120} INFO - [2024-04-05T17:07:24.747+0000] {dag.py:2585} INFO - Sync 1 DAGs
[2024-04-05T17:07:25.000+0000] {logging_mixin.py:120} INFO - [2024-04-05T17:07:25.000+0000] {dag.py:3340} INFO - Setting next_dagrun for producer to 2024-04-04T00:00:00+00:00, run_after=2024-04-05T00:00:00+00:00
[2024-04-05T17:07:25.200+0000] {processor.py:176} INFO - Processing /opt/airflow/dags/producer.py took 1.128 seconds
