[2024-04-05T16:07:43.865+0000] {processor.py:154} INFO - Started process (PID=8729) to work on /opt/airflow/dags/producer_2.py
[2024-04-05T16:07:44.038+0000] {processor.py:756} INFO - Processing file /opt/airflow/dags/producer_2.py for tasks to queue
[2024-04-05T16:07:44.071+0000] {logging_mixin.py:120} INFO - [2024-04-05T16:07:44.071+0000] {dagbag.py:537} INFO - Filling up the DagBag from /opt/airflow/dags/producer_2.py
[2024-04-05T16:07:45.799+0000] {processor.py:766} INFO - DAG(s) dict_keys(['producer']) retrieved from /opt/airflow/dags/producer_2.py
[2024-04-05T16:07:38.729+0000] {logging_mixin.py:120} INFO - [2024-04-05T16:07:38.728+0000] {dag.py:2585} INFO - Sync 1 DAGs
[2024-04-05T16:07:39.782+0000] {logging_mixin.py:120} INFO - [2024-04-05T16:07:39.781+0000] {dag.py:3340} INFO - Setting next_dagrun for producer to 2024-04-04T00:00:00+00:00, run_after=2024-04-05T00:00:00+00:00
[2024-04-05T16:07:40.771+0000] {processor.py:176} INFO - Processing /opt/airflow/dags/producer_2.py took 7.721 seconds
[2024-04-05T16:09:11.010+0000] {processor.py:154} INFO - Started process (PID=8804) to work on /opt/airflow/dags/producer_2.py
[2024-04-05T16:09:11.015+0000] {processor.py:756} INFO - Processing file /opt/airflow/dags/producer_2.py for tasks to queue
[2024-04-05T16:09:11.021+0000] {logging_mixin.py:120} INFO - [2024-04-05T16:09:11.019+0000] {dagbag.py:537} INFO - Filling up the DagBag from /opt/airflow/dags/producer_2.py
[2024-04-05T16:09:11.186+0000] {processor.py:766} INFO - DAG(s) dict_keys(['producer']) retrieved from /opt/airflow/dags/producer_2.py
[2024-04-05T16:09:11.418+0000] {logging_mixin.py:120} INFO - [2024-04-05T16:09:11.418+0000] {dag.py:2585} INFO - Sync 1 DAGs
[2024-04-05T16:09:11.503+0000] {logging_mixin.py:120} INFO - [2024-04-05T16:09:11.503+0000] {dag.py:3340} INFO - Setting next_dagrun for producer to 2024-04-04T00:00:00+00:00, run_after=2024-04-05T00:00:00+00:00
[2024-04-05T16:09:11.573+0000] {processor.py:176} INFO - Processing /opt/airflow/dags/producer_2.py took 0.587 seconds
[2024-04-05T16:09:44.583+0000] {processor.py:154} INFO - Started process (PID=8872) to work on /opt/airflow/dags/producer_2.py
[2024-04-05T16:09:44.590+0000] {processor.py:756} INFO - Processing file /opt/airflow/dags/producer_2.py for tasks to queue
[2024-04-05T16:09:44.596+0000] {logging_mixin.py:120} INFO - [2024-04-05T16:09:44.595+0000] {dagbag.py:537} INFO - Filling up the DagBag from /opt/airflow/dags/producer_2.py
[2024-04-05T16:09:45.017+0000] {processor.py:766} INFO - DAG(s) dict_keys(['producer']) retrieved from /opt/airflow/dags/producer_2.py
[2024-04-05T16:09:46.567+0000] {logging_mixin.py:120} INFO - [2024-04-05T16:09:46.565+0000] {dag.py:2585} INFO - Sync 1 DAGs
[2024-04-05T16:09:46.707+0000] {logging_mixin.py:120} INFO - [2024-04-05T16:09:46.707+0000] {dag.py:3340} INFO - Setting next_dagrun for producer to 2024-04-04T00:00:00+00:00, run_after=2024-04-05T00:00:00+00:00
[2024-04-05T16:09:46.881+0000] {processor.py:176} INFO - Processing /opt/airflow/dags/producer_2.py took 2.330 seconds
[2024-04-05T16:10:17.364+0000] {processor.py:154} INFO - Started process (PID=8933) to work on /opt/airflow/dags/producer_2.py
[2024-04-05T16:10:17.366+0000] {processor.py:756} INFO - Processing file /opt/airflow/dags/producer_2.py for tasks to queue
[2024-04-05T16:10:17.369+0000] {logging_mixin.py:120} INFO - [2024-04-05T16:10:17.368+0000] {dagbag.py:537} INFO - Filling up the DagBag from /opt/airflow/dags/producer_2.py
[2024-04-05T16:10:17.425+0000] {processor.py:766} INFO - DAG(s) dict_keys(['producer']) retrieved from /opt/airflow/dags/producer_2.py
[2024-04-05T16:10:17.533+0000] {logging_mixin.py:120} INFO - [2024-04-05T16:10:17.533+0000] {dag.py:2585} INFO - Sync 1 DAGs
[2024-04-05T16:10:17.616+0000] {logging_mixin.py:120} INFO - [2024-04-05T16:10:17.616+0000] {dag.py:3340} INFO - Setting next_dagrun for producer to 2024-04-04T00:00:00+00:00, run_after=2024-04-05T00:00:00+00:00
[2024-04-05T16:10:17.680+0000] {processor.py:176} INFO - Processing /opt/airflow/dags/producer_2.py took 0.328 seconds
[2024-04-05T16:10:48.500+0000] {processor.py:154} INFO - Started process (PID=8993) to work on /opt/airflow/dags/producer_2.py
[2024-04-05T16:10:48.503+0000] {processor.py:756} INFO - Processing file /opt/airflow/dags/producer_2.py for tasks to queue
[2024-04-05T16:10:48.505+0000] {logging_mixin.py:120} INFO - [2024-04-05T16:10:48.505+0000] {dagbag.py:537} INFO - Filling up the DagBag from /opt/airflow/dags/producer_2.py
[2024-04-05T16:10:48.548+0000] {processor.py:766} INFO - DAG(s) dict_keys(['producer']) retrieved from /opt/airflow/dags/producer_2.py
[2024-04-05T16:10:48.606+0000] {logging_mixin.py:120} INFO - [2024-04-05T16:10:48.606+0000] {dag.py:2585} INFO - Sync 1 DAGs
[2024-04-05T16:10:48.662+0000] {logging_mixin.py:120} INFO - [2024-04-05T16:10:48.661+0000] {dag.py:3340} INFO - Setting next_dagrun for producer to 2024-04-04T00:00:00+00:00, run_after=2024-04-05T00:00:00+00:00
[2024-04-05T16:10:48.713+0000] {processor.py:176} INFO - Processing /opt/airflow/dags/producer_2.py took 0.220 seconds
[2024-04-05T16:11:19.012+0000] {processor.py:154} INFO - Started process (PID=9054) to work on /opt/airflow/dags/producer_2.py
[2024-04-05T16:11:19.014+0000] {processor.py:756} INFO - Processing file /opt/airflow/dags/producer_2.py for tasks to queue
[2024-04-05T16:11:19.016+0000] {logging_mixin.py:120} INFO - [2024-04-05T16:11:19.015+0000] {dagbag.py:537} INFO - Filling up the DagBag from /opt/airflow/dags/producer_2.py
[2024-04-05T16:11:19.060+0000] {processor.py:766} INFO - DAG(s) dict_keys(['producer']) retrieved from /opt/airflow/dags/producer_2.py
[2024-04-05T16:11:19.186+0000] {logging_mixin.py:120} INFO - [2024-04-05T16:11:19.185+0000] {dag.py:2585} INFO - Sync 1 DAGs
[2024-04-05T16:11:19.237+0000] {logging_mixin.py:120} INFO - [2024-04-05T16:11:19.237+0000] {dag.py:3340} INFO - Setting next_dagrun for producer to 2024-04-04T00:00:00+00:00, run_after=2024-04-05T00:00:00+00:00
[2024-04-05T16:11:19.285+0000] {processor.py:176} INFO - Processing /opt/airflow/dags/producer_2.py took 0.279 seconds
[2024-04-05T16:11:49.697+0000] {processor.py:154} INFO - Started process (PID=9123) to work on /opt/airflow/dags/producer_2.py
[2024-04-05T16:11:49.701+0000] {processor.py:756} INFO - Processing file /opt/airflow/dags/producer_2.py for tasks to queue
[2024-04-05T16:11:49.704+0000] {logging_mixin.py:120} INFO - [2024-04-05T16:11:49.704+0000] {dagbag.py:537} INFO - Filling up the DagBag from /opt/airflow/dags/producer_2.py
[2024-04-05T16:11:49.760+0000] {processor.py:766} INFO - DAG(s) dict_keys(['producer']) retrieved from /opt/airflow/dags/producer_2.py
[2024-04-05T16:11:49.825+0000] {logging_mixin.py:120} INFO - [2024-04-05T16:11:49.825+0000] {dag.py:2585} INFO - Sync 1 DAGs
[2024-04-05T16:11:49.876+0000] {logging_mixin.py:120} INFO - [2024-04-05T16:11:49.875+0000] {dag.py:3340} INFO - Setting next_dagrun for producer to 2024-04-04T00:00:00+00:00, run_after=2024-04-05T00:00:00+00:00
[2024-04-05T16:11:49.913+0000] {processor.py:176} INFO - Processing /opt/airflow/dags/producer_2.py took 0.230 seconds
[2024-04-05T16:12:20.738+0000] {processor.py:154} INFO - Started process (PID=9183) to work on /opt/airflow/dags/producer_2.py
[2024-04-05T16:12:20.741+0000] {processor.py:756} INFO - Processing file /opt/airflow/dags/producer_2.py for tasks to queue
[2024-04-05T16:12:20.744+0000] {logging_mixin.py:120} INFO - [2024-04-05T16:12:20.743+0000] {dagbag.py:537} INFO - Filling up the DagBag from /opt/airflow/dags/producer_2.py
[2024-04-05T16:12:20.814+0000] {processor.py:766} INFO - DAG(s) dict_keys(['producer']) retrieved from /opt/airflow/dags/producer_2.py
[2024-04-05T16:12:20.900+0000] {logging_mixin.py:120} INFO - [2024-04-05T16:12:20.899+0000] {dag.py:2585} INFO - Sync 1 DAGs
[2024-04-05T16:12:20.961+0000] {logging_mixin.py:120} INFO - [2024-04-05T16:12:20.961+0000] {dag.py:3340} INFO - Setting next_dagrun for producer to 2024-04-04T00:00:00+00:00, run_after=2024-04-05T00:00:00+00:00
[2024-04-05T16:12:21.015+0000] {processor.py:176} INFO - Processing /opt/airflow/dags/producer_2.py took 0.286 seconds
[2024-04-05T16:12:51.143+0000] {processor.py:154} INFO - Started process (PID=9250) to work on /opt/airflow/dags/producer_2.py
[2024-04-05T16:12:51.147+0000] {processor.py:756} INFO - Processing file /opt/airflow/dags/producer_2.py for tasks to queue
[2024-04-05T16:12:51.151+0000] {logging_mixin.py:120} INFO - [2024-04-05T16:12:51.150+0000] {dagbag.py:537} INFO - Filling up the DagBag from /opt/airflow/dags/producer_2.py
[2024-04-05T16:12:51.212+0000] {processor.py:766} INFO - DAG(s) dict_keys(['producer']) retrieved from /opt/airflow/dags/producer_2.py
[2024-04-05T16:12:51.369+0000] {logging_mixin.py:120} INFO - [2024-04-05T16:12:51.369+0000] {dag.py:2585} INFO - Sync 1 DAGs
[2024-04-05T16:12:51.424+0000] {logging_mixin.py:120} INFO - [2024-04-05T16:12:51.423+0000] {dag.py:3340} INFO - Setting next_dagrun for producer to 2024-04-04T00:00:00+00:00, run_after=2024-04-05T00:00:00+00:00
[2024-04-05T16:12:51.497+0000] {processor.py:176} INFO - Processing /opt/airflow/dags/producer_2.py took 0.364 seconds
[2024-04-05T16:13:21.731+0000] {processor.py:154} INFO - Started process (PID=9311) to work on /opt/airflow/dags/producer_2.py
[2024-04-05T16:13:21.733+0000] {processor.py:756} INFO - Processing file /opt/airflow/dags/producer_2.py for tasks to queue
[2024-04-05T16:13:21.735+0000] {logging_mixin.py:120} INFO - [2024-04-05T16:13:21.735+0000] {dagbag.py:537} INFO - Filling up the DagBag from /opt/airflow/dags/producer_2.py
[2024-04-05T16:13:21.783+0000] {processor.py:766} INFO - DAG(s) dict_keys(['producer']) retrieved from /opt/airflow/dags/producer_2.py
[2024-04-05T16:13:21.861+0000] {logging_mixin.py:120} INFO - [2024-04-05T16:13:21.860+0000] {dag.py:2585} INFO - Sync 1 DAGs
[2024-04-05T16:13:21.908+0000] {logging_mixin.py:120} INFO - [2024-04-05T16:13:21.908+0000] {dag.py:3340} INFO - Setting next_dagrun for producer to 2024-04-04T00:00:00+00:00, run_after=2024-04-05T00:00:00+00:00
[2024-04-05T16:13:21.963+0000] {processor.py:176} INFO - Processing /opt/airflow/dags/producer_2.py took 0.239 seconds
[2024-04-05T16:13:52.250+0000] {processor.py:154} INFO - Started process (PID=9371) to work on /opt/airflow/dags/producer_2.py
[2024-04-05T16:13:52.256+0000] {processor.py:756} INFO - Processing file /opt/airflow/dags/producer_2.py for tasks to queue
[2024-04-05T16:13:52.259+0000] {logging_mixin.py:120} INFO - [2024-04-05T16:13:52.258+0000] {dagbag.py:537} INFO - Filling up the DagBag from /opt/airflow/dags/producer_2.py
[2024-04-05T16:13:52.345+0000] {processor.py:766} INFO - DAG(s) dict_keys(['producer']) retrieved from /opt/airflow/dags/producer_2.py
[2024-04-05T16:13:52.443+0000] {logging_mixin.py:120} INFO - [2024-04-05T16:13:52.442+0000] {dag.py:2585} INFO - Sync 1 DAGs
[2024-04-05T16:13:52.526+0000] {logging_mixin.py:120} INFO - [2024-04-05T16:13:52.525+0000] {dag.py:3340} INFO - Setting next_dagrun for producer to 2024-04-04T00:00:00+00:00, run_after=2024-04-05T00:00:00+00:00
[2024-04-05T16:13:52.562+0000] {processor.py:176} INFO - Processing /opt/airflow/dags/producer_2.py took 0.326 seconds
[2024-04-05T16:14:22.954+0000] {processor.py:154} INFO - Started process (PID=9440) to work on /opt/airflow/dags/producer_2.py
[2024-04-05T16:14:22.957+0000] {processor.py:756} INFO - Processing file /opt/airflow/dags/producer_2.py for tasks to queue
[2024-04-05T16:14:22.959+0000] {logging_mixin.py:120} INFO - [2024-04-05T16:14:22.959+0000] {dagbag.py:537} INFO - Filling up the DagBag from /opt/airflow/dags/producer_2.py
[2024-04-05T16:14:23.016+0000] {processor.py:766} INFO - DAG(s) dict_keys(['producer']) retrieved from /opt/airflow/dags/producer_2.py
[2024-04-05T16:14:23.166+0000] {logging_mixin.py:120} INFO - [2024-04-05T16:14:23.166+0000] {dag.py:2585} INFO - Sync 1 DAGs
[2024-04-05T16:14:23.205+0000] {logging_mixin.py:120} INFO - [2024-04-05T16:14:23.205+0000] {dag.py:3340} INFO - Setting next_dagrun for producer to 2024-04-04T00:00:00+00:00, run_after=2024-04-05T00:00:00+00:00
[2024-04-05T16:14:23.250+0000] {processor.py:176} INFO - Processing /opt/airflow/dags/producer_2.py took 0.307 seconds
[2024-04-05T16:14:53.570+0000] {processor.py:154} INFO - Started process (PID=9509) to work on /opt/airflow/dags/producer_2.py
[2024-04-05T16:14:53.574+0000] {processor.py:756} INFO - Processing file /opt/airflow/dags/producer_2.py for tasks to queue
[2024-04-05T16:14:53.581+0000] {logging_mixin.py:120} INFO - [2024-04-05T16:14:53.580+0000] {dagbag.py:537} INFO - Filling up the DagBag from /opt/airflow/dags/producer_2.py
[2024-04-05T16:14:53.633+0000] {processor.py:766} INFO - DAG(s) dict_keys(['producer']) retrieved from /opt/airflow/dags/producer_2.py
[2024-04-05T16:14:53.707+0000] {logging_mixin.py:120} INFO - [2024-04-05T16:14:53.706+0000] {dag.py:2585} INFO - Sync 1 DAGs
[2024-04-05T16:14:53.751+0000] {logging_mixin.py:120} INFO - [2024-04-05T16:14:53.751+0000] {dag.py:3340} INFO - Setting next_dagrun for producer to 2024-04-04T00:00:00+00:00, run_after=2024-04-05T00:00:00+00:00
[2024-04-05T16:14:53.799+0000] {processor.py:176} INFO - Processing /opt/airflow/dags/producer_2.py took 0.238 seconds
[2024-04-05T16:15:23.900+0000] {processor.py:154} INFO - Started process (PID=9569) to work on /opt/airflow/dags/producer_2.py
[2024-04-05T16:15:23.902+0000] {processor.py:756} INFO - Processing file /opt/airflow/dags/producer_2.py for tasks to queue
[2024-04-05T16:15:23.904+0000] {logging_mixin.py:120} INFO - [2024-04-05T16:15:23.904+0000] {dagbag.py:537} INFO - Filling up the DagBag from /opt/airflow/dags/producer_2.py
[2024-04-05T16:15:23.955+0000] {processor.py:766} INFO - DAG(s) dict_keys(['producer']) retrieved from /opt/airflow/dags/producer_2.py
[2024-04-05T16:15:23.999+0000] {logging_mixin.py:120} INFO - [2024-04-05T16:15:23.999+0000] {dag.py:2585} INFO - Sync 1 DAGs
[2024-04-05T16:15:24.054+0000] {logging_mixin.py:120} INFO - [2024-04-05T16:15:24.053+0000] {dag.py:3340} INFO - Setting next_dagrun for producer to 2024-04-04T00:00:00+00:00, run_after=2024-04-05T00:00:00+00:00
[2024-04-05T16:15:24.092+0000] {processor.py:176} INFO - Processing /opt/airflow/dags/producer_2.py took 0.200 seconds
[2024-04-05T16:15:54.351+0000] {processor.py:154} INFO - Started process (PID=9637) to work on /opt/airflow/dags/producer_2.py
[2024-04-05T16:15:54.353+0000] {processor.py:756} INFO - Processing file /opt/airflow/dags/producer_2.py for tasks to queue
[2024-04-05T16:15:54.354+0000] {logging_mixin.py:120} INFO - [2024-04-05T16:15:54.354+0000] {dagbag.py:537} INFO - Filling up the DagBag from /opt/airflow/dags/producer_2.py
[2024-04-05T16:15:54.396+0000] {processor.py:766} INFO - DAG(s) dict_keys(['producer']) retrieved from /opt/airflow/dags/producer_2.py
[2024-04-05T16:15:54.529+0000] {logging_mixin.py:120} INFO - [2024-04-05T16:15:54.529+0000] {dag.py:2585} INFO - Sync 1 DAGs
[2024-04-05T16:15:54.573+0000] {logging_mixin.py:120} INFO - [2024-04-05T16:15:54.573+0000] {dag.py:3340} INFO - Setting next_dagrun for producer to 2024-04-04T00:00:00+00:00, run_after=2024-04-05T00:00:00+00:00
[2024-04-05T16:15:54.629+0000] {processor.py:176} INFO - Processing /opt/airflow/dags/producer_2.py took 0.285 seconds
[2024-04-05T16:16:24.943+0000] {processor.py:154} INFO - Started process (PID=9698) to work on /opt/airflow/dags/producer_2.py
[2024-04-05T16:16:24.945+0000] {processor.py:756} INFO - Processing file /opt/airflow/dags/producer_2.py for tasks to queue
[2024-04-05T16:16:24.947+0000] {logging_mixin.py:120} INFO - [2024-04-05T16:16:24.947+0000] {dagbag.py:537} INFO - Filling up the DagBag from /opt/airflow/dags/producer_2.py
[2024-04-05T16:16:25.000+0000] {processor.py:766} INFO - DAG(s) dict_keys(['producer']) retrieved from /opt/airflow/dags/producer_2.py
[2024-04-05T16:16:25.068+0000] {logging_mixin.py:120} INFO - [2024-04-05T16:16:25.067+0000] {dag.py:2585} INFO - Sync 1 DAGs
[2024-04-05T16:16:25.110+0000] {logging_mixin.py:120} INFO - [2024-04-05T16:16:25.109+0000] {dag.py:3340} INFO - Setting next_dagrun for producer to 2024-04-04T00:00:00+00:00, run_after=2024-04-05T00:00:00+00:00
[2024-04-05T16:16:25.159+0000] {processor.py:176} INFO - Processing /opt/airflow/dags/producer_2.py took 0.224 seconds
[2024-04-05T16:16:55.765+0000] {processor.py:154} INFO - Started process (PID=9768) to work on /opt/airflow/dags/producer_2.py
[2024-04-05T16:16:55.771+0000] {processor.py:756} INFO - Processing file /opt/airflow/dags/producer_2.py for tasks to queue
[2024-04-05T16:16:55.775+0000] {logging_mixin.py:120} INFO - [2024-04-05T16:16:55.775+0000] {dagbag.py:537} INFO - Filling up the DagBag from /opt/airflow/dags/producer_2.py
[2024-04-05T16:16:55.838+0000] {processor.py:766} INFO - DAG(s) dict_keys(['producer']) retrieved from /opt/airflow/dags/producer_2.py
[2024-04-05T16:16:55.880+0000] {logging_mixin.py:120} INFO - [2024-04-05T16:16:55.880+0000] {dag.py:2585} INFO - Sync 1 DAGs
[2024-04-05T16:16:55.926+0000] {logging_mixin.py:120} INFO - [2024-04-05T16:16:55.926+0000] {dag.py:3340} INFO - Setting next_dagrun for producer to 2024-04-04T00:00:00+00:00, run_after=2024-04-05T00:00:00+00:00
[2024-04-05T16:16:55.971+0000] {processor.py:176} INFO - Processing /opt/airflow/dags/producer_2.py took 0.219 seconds
[2024-04-05T16:17:26.121+0000] {processor.py:154} INFO - Started process (PID=9826) to work on /opt/airflow/dags/producer_2.py
[2024-04-05T16:17:26.123+0000] {processor.py:756} INFO - Processing file /opt/airflow/dags/producer_2.py for tasks to queue
[2024-04-05T16:17:26.126+0000] {logging_mixin.py:120} INFO - [2024-04-05T16:17:26.125+0000] {dagbag.py:537} INFO - Filling up the DagBag from /opt/airflow/dags/producer_2.py
[2024-04-05T16:17:26.186+0000] {processor.py:766} INFO - DAG(s) dict_keys(['producer']) retrieved from /opt/airflow/dags/producer_2.py
[2024-04-05T16:17:26.335+0000] {logging_mixin.py:120} INFO - [2024-04-05T16:17:26.334+0000] {dag.py:2585} INFO - Sync 1 DAGs
[2024-04-05T16:17:26.383+0000] {logging_mixin.py:120} INFO - [2024-04-05T16:17:26.382+0000] {dag.py:3340} INFO - Setting next_dagrun for producer to 2024-04-04T00:00:00+00:00, run_after=2024-04-05T00:00:00+00:00
[2024-04-05T16:17:26.434+0000] {processor.py:176} INFO - Processing /opt/airflow/dags/producer_2.py took 0.324 seconds
[2024-04-05T16:17:57.027+0000] {processor.py:154} INFO - Started process (PID=9896) to work on /opt/airflow/dags/producer_2.py
[2024-04-05T16:17:57.030+0000] {processor.py:756} INFO - Processing file /opt/airflow/dags/producer_2.py for tasks to queue
[2024-04-05T16:17:57.032+0000] {logging_mixin.py:120} INFO - [2024-04-05T16:17:57.032+0000] {dagbag.py:537} INFO - Filling up the DagBag from /opt/airflow/dags/producer_2.py
[2024-04-05T16:17:57.087+0000] {processor.py:766} INFO - DAG(s) dict_keys(['producer']) retrieved from /opt/airflow/dags/producer_2.py
[2024-04-05T16:17:57.201+0000] {logging_mixin.py:120} INFO - [2024-04-05T16:17:57.200+0000] {dag.py:2585} INFO - Sync 1 DAGs
[2024-04-05T16:17:57.288+0000] {logging_mixin.py:120} INFO - [2024-04-05T16:17:57.288+0000] {dag.py:3340} INFO - Setting next_dagrun for producer to 2024-04-04T00:00:00+00:00, run_after=2024-04-05T00:00:00+00:00
[2024-04-05T16:17:57.325+0000] {processor.py:176} INFO - Processing /opt/airflow/dags/producer_2.py took 0.309 seconds
[2024-04-05T16:18:28.208+0000] {processor.py:154} INFO - Started process (PID=9966) to work on /opt/airflow/dags/producer_2.py
[2024-04-05T16:18:28.210+0000] {processor.py:756} INFO - Processing file /opt/airflow/dags/producer_2.py for tasks to queue
[2024-04-05T16:18:28.212+0000] {logging_mixin.py:120} INFO - [2024-04-05T16:18:28.212+0000] {dagbag.py:537} INFO - Filling up the DagBag from /opt/airflow/dags/producer_2.py
[2024-04-05T16:18:28.253+0000] {processor.py:766} INFO - DAG(s) dict_keys(['producer']) retrieved from /opt/airflow/dags/producer_2.py
[2024-04-05T16:18:28.296+0000] {logging_mixin.py:120} INFO - [2024-04-05T16:18:28.296+0000] {dag.py:2585} INFO - Sync 1 DAGs
[2024-04-05T16:18:28.345+0000] {logging_mixin.py:120} INFO - [2024-04-05T16:18:28.345+0000] {dag.py:3340} INFO - Setting next_dagrun for producer to 2024-04-04T00:00:00+00:00, run_after=2024-04-05T00:00:00+00:00
[2024-04-05T16:18:28.389+0000] {processor.py:176} INFO - Processing /opt/airflow/dags/producer_2.py took 0.190 seconds
[2024-04-05T16:18:58.618+0000] {processor.py:154} INFO - Started process (PID=10026) to work on /opt/airflow/dags/producer_2.py
[2024-04-05T16:18:58.620+0000] {processor.py:756} INFO - Processing file /opt/airflow/dags/producer_2.py for tasks to queue
[2024-04-05T16:18:58.623+0000] {logging_mixin.py:120} INFO - [2024-04-05T16:18:58.623+0000] {dagbag.py:537} INFO - Filling up the DagBag from /opt/airflow/dags/producer_2.py
[2024-04-05T16:18:58.667+0000] {processor.py:766} INFO - DAG(s) dict_keys(['producer']) retrieved from /opt/airflow/dags/producer_2.py
[2024-04-05T16:18:58.800+0000] {logging_mixin.py:120} INFO - [2024-04-05T16:18:58.799+0000] {dag.py:2585} INFO - Sync 1 DAGs
[2024-04-05T16:18:58.855+0000] {logging_mixin.py:120} INFO - [2024-04-05T16:18:58.854+0000] {dag.py:3340} INFO - Setting next_dagrun for producer to 2024-04-04T00:00:00+00:00, run_after=2024-04-05T00:00:00+00:00
[2024-04-05T16:18:58.898+0000] {processor.py:176} INFO - Processing /opt/airflow/dags/producer_2.py took 0.287 seconds
[2024-04-05T16:19:29.269+0000] {processor.py:154} INFO - Started process (PID=10095) to work on /opt/airflow/dags/producer_2.py
[2024-04-05T16:19:29.271+0000] {processor.py:756} INFO - Processing file /opt/airflow/dags/producer_2.py for tasks to queue
[2024-04-05T16:19:29.273+0000] {logging_mixin.py:120} INFO - [2024-04-05T16:19:29.272+0000] {dagbag.py:537} INFO - Filling up the DagBag from /opt/airflow/dags/producer_2.py
[2024-04-05T16:19:29.327+0000] {processor.py:766} INFO - DAG(s) dict_keys(['producer']) retrieved from /opt/airflow/dags/producer_2.py
[2024-04-05T16:19:29.400+0000] {logging_mixin.py:120} INFO - [2024-04-05T16:19:29.400+0000] {dag.py:2585} INFO - Sync 1 DAGs
[2024-04-05T16:19:29.451+0000] {logging_mixin.py:120} INFO - [2024-04-05T16:19:29.451+0000] {dag.py:3340} INFO - Setting next_dagrun for producer to 2024-04-04T00:00:00+00:00, run_after=2024-04-05T00:00:00+00:00
[2024-04-05T16:19:29.496+0000] {processor.py:176} INFO - Processing /opt/airflow/dags/producer_2.py took 0.234 seconds
[2024-04-05T16:19:59.659+0000] {processor.py:154} INFO - Started process (PID=10155) to work on /opt/airflow/dags/producer_2.py
[2024-04-05T16:19:59.661+0000] {processor.py:756} INFO - Processing file /opt/airflow/dags/producer_2.py for tasks to queue
[2024-04-05T16:19:59.663+0000] {logging_mixin.py:120} INFO - [2024-04-05T16:19:59.662+0000] {dagbag.py:537} INFO - Filling up the DagBag from /opt/airflow/dags/producer_2.py
[2024-04-05T16:19:59.707+0000] {processor.py:766} INFO - DAG(s) dict_keys(['producer']) retrieved from /opt/airflow/dags/producer_2.py
[2024-04-05T16:19:59.753+0000] {logging_mixin.py:120} INFO - [2024-04-05T16:19:59.753+0000] {dag.py:2585} INFO - Sync 1 DAGs
[2024-04-05T16:19:59.808+0000] {logging_mixin.py:120} INFO - [2024-04-05T16:19:59.808+0000] {dag.py:3340} INFO - Setting next_dagrun for producer to 2024-04-04T00:00:00+00:00, run_after=2024-04-05T00:00:00+00:00
[2024-04-05T16:19:59.851+0000] {processor.py:176} INFO - Processing /opt/airflow/dags/producer_2.py took 0.197 seconds
[2024-04-05T16:20:29.922+0000] {processor.py:154} INFO - Started process (PID=10223) to work on /opt/airflow/dags/producer_2.py
[2024-04-05T16:20:29.925+0000] {processor.py:756} INFO - Processing file /opt/airflow/dags/producer_2.py for tasks to queue
[2024-04-05T16:20:29.927+0000] {logging_mixin.py:120} INFO - [2024-04-05T16:20:29.926+0000] {dagbag.py:537} INFO - Filling up the DagBag from /opt/airflow/dags/producer_2.py
[2024-04-05T16:20:29.994+0000] {processor.py:766} INFO - DAG(s) dict_keys(['producer']) retrieved from /opt/airflow/dags/producer_2.py
[2024-04-05T16:20:30.135+0000] {logging_mixin.py:120} INFO - [2024-04-05T16:20:30.135+0000] {dag.py:2585} INFO - Sync 1 DAGs
[2024-04-05T16:20:30.171+0000] {logging_mixin.py:120} INFO - [2024-04-05T16:20:30.171+0000] {dag.py:3340} INFO - Setting next_dagrun for producer to 2024-04-04T00:00:00+00:00, run_after=2024-04-05T00:00:00+00:00
[2024-04-05T16:20:30.209+0000] {processor.py:176} INFO - Processing /opt/airflow/dags/producer_2.py took 0.293 seconds
[2024-04-05T16:21:00.914+0000] {processor.py:154} INFO - Started process (PID=10284) to work on /opt/airflow/dags/producer_2.py
[2024-04-05T16:21:00.916+0000] {processor.py:756} INFO - Processing file /opt/airflow/dags/producer_2.py for tasks to queue
[2024-04-05T16:21:00.918+0000] {logging_mixin.py:120} INFO - [2024-04-05T16:21:00.918+0000] {dagbag.py:537} INFO - Filling up the DagBag from /opt/airflow/dags/producer_2.py
[2024-04-05T16:21:00.962+0000] {processor.py:766} INFO - DAG(s) dict_keys(['producer']) retrieved from /opt/airflow/dags/producer_2.py
[2024-04-05T16:21:01.030+0000] {logging_mixin.py:120} INFO - [2024-04-05T16:21:01.030+0000] {dag.py:2585} INFO - Sync 1 DAGs
[2024-04-05T16:21:01.073+0000] {logging_mixin.py:120} INFO - [2024-04-05T16:21:01.073+0000] {dag.py:3340} INFO - Setting next_dagrun for producer to 2024-04-04T00:00:00+00:00, run_after=2024-04-05T00:00:00+00:00
[2024-04-05T16:21:01.107+0000] {processor.py:176} INFO - Processing /opt/airflow/dags/producer_2.py took 0.199 seconds
[2024-04-05T16:21:31.745+0000] {processor.py:154} INFO - Started process (PID=10353) to work on /opt/airflow/dags/producer_2.py
[2024-04-05T16:21:31.747+0000] {processor.py:756} INFO - Processing file /opt/airflow/dags/producer_2.py for tasks to queue
[2024-04-05T16:21:31.752+0000] {logging_mixin.py:120} INFO - [2024-04-05T16:21:31.751+0000] {dagbag.py:537} INFO - Filling up the DagBag from /opt/airflow/dags/producer_2.py
[2024-04-05T16:21:31.801+0000] {processor.py:766} INFO - DAG(s) dict_keys(['producer']) retrieved from /opt/airflow/dags/producer_2.py
[2024-04-05T16:21:31.851+0000] {logging_mixin.py:120} INFO - [2024-04-05T16:21:31.850+0000] {dag.py:2585} INFO - Sync 1 DAGs
[2024-04-05T16:21:31.899+0000] {logging_mixin.py:120} INFO - [2024-04-05T16:21:31.899+0000] {dag.py:3340} INFO - Setting next_dagrun for producer to 2024-04-04T00:00:00+00:00, run_after=2024-04-05T00:00:00+00:00
[2024-04-05T16:21:31.941+0000] {processor.py:176} INFO - Processing /opt/airflow/dags/producer_2.py took 0.203 seconds
[2024-04-05T16:22:02.164+0000] {processor.py:154} INFO - Started process (PID=10422) to work on /opt/airflow/dags/producer_2.py
[2024-04-05T16:22:02.166+0000] {processor.py:756} INFO - Processing file /opt/airflow/dags/producer_2.py for tasks to queue
[2024-04-05T16:22:02.168+0000] {logging_mixin.py:120} INFO - [2024-04-05T16:22:02.168+0000] {dagbag.py:537} INFO - Filling up the DagBag from /opt/airflow/dags/producer_2.py
[2024-04-05T16:22:02.211+0000] {processor.py:766} INFO - DAG(s) dict_keys(['producer']) retrieved from /opt/airflow/dags/producer_2.py
[2024-04-05T16:22:02.355+0000] {logging_mixin.py:120} INFO - [2024-04-05T16:22:02.355+0000] {dag.py:2585} INFO - Sync 1 DAGs
[2024-04-05T16:22:02.394+0000] {logging_mixin.py:120} INFO - [2024-04-05T16:22:02.393+0000] {dag.py:3340} INFO - Setting next_dagrun for producer to 2024-04-04T00:00:00+00:00, run_after=2024-04-05T00:00:00+00:00
[2024-04-05T16:22:02.439+0000] {processor.py:176} INFO - Processing /opt/airflow/dags/producer_2.py took 0.284 seconds
[2024-04-05T16:22:32.895+0000] {processor.py:154} INFO - Started process (PID=10482) to work on /opt/airflow/dags/producer_2.py
[2024-04-05T16:22:32.896+0000] {processor.py:756} INFO - Processing file /opt/airflow/dags/producer_2.py for tasks to queue
[2024-04-05T16:22:32.898+0000] {logging_mixin.py:120} INFO - [2024-04-05T16:22:32.898+0000] {dagbag.py:537} INFO - Filling up the DagBag from /opt/airflow/dags/producer_2.py
[2024-04-05T16:22:32.937+0000] {processor.py:766} INFO - DAG(s) dict_keys(['producer']) retrieved from /opt/airflow/dags/producer_2.py
[2024-04-05T16:22:33.011+0000] {logging_mixin.py:120} INFO - [2024-04-05T16:22:33.011+0000] {dag.py:2585} INFO - Sync 1 DAGs
[2024-04-05T16:22:33.055+0000] {logging_mixin.py:120} INFO - [2024-04-05T16:22:33.054+0000] {dag.py:3340} INFO - Setting next_dagrun for producer to 2024-04-04T00:00:00+00:00, run_after=2024-04-05T00:00:00+00:00
[2024-04-05T16:22:33.096+0000] {processor.py:176} INFO - Processing /opt/airflow/dags/producer_2.py took 0.208 seconds
[2024-04-05T16:23:03.415+0000] {processor.py:154} INFO - Started process (PID=10551) to work on /opt/airflow/dags/producer_2.py
[2024-04-05T16:23:03.417+0000] {processor.py:756} INFO - Processing file /opt/airflow/dags/producer_2.py for tasks to queue
[2024-04-05T16:23:03.420+0000] {logging_mixin.py:120} INFO - [2024-04-05T16:23:03.420+0000] {dagbag.py:537} INFO - Filling up the DagBag from /opt/airflow/dags/producer_2.py
[2024-04-05T16:23:03.474+0000] {processor.py:766} INFO - DAG(s) dict_keys(['producer']) retrieved from /opt/airflow/dags/producer_2.py
[2024-04-05T16:23:03.527+0000] {logging_mixin.py:120} INFO - [2024-04-05T16:23:03.527+0000] {dag.py:2585} INFO - Sync 1 DAGs
[2024-04-05T16:23:03.581+0000] {logging_mixin.py:120} INFO - [2024-04-05T16:23:03.581+0000] {dag.py:3340} INFO - Setting next_dagrun for producer to 2024-04-04T00:00:00+00:00, run_after=2024-04-05T00:00:00+00:00
[2024-04-05T16:23:03.671+0000] {processor.py:176} INFO - Processing /opt/airflow/dags/producer_2.py took 0.290 seconds
[2024-04-05T16:23:33.887+0000] {processor.py:154} INFO - Started process (PID=10611) to work on /opt/airflow/dags/producer_2.py
[2024-04-05T16:23:33.889+0000] {processor.py:756} INFO - Processing file /opt/airflow/dags/producer_2.py for tasks to queue
[2024-04-05T16:23:33.891+0000] {logging_mixin.py:120} INFO - [2024-04-05T16:23:33.890+0000] {dagbag.py:537} INFO - Filling up the DagBag from /opt/airflow/dags/producer_2.py
[2024-04-05T16:23:33.931+0000] {processor.py:766} INFO - DAG(s) dict_keys(['producer']) retrieved from /opt/airflow/dags/producer_2.py
[2024-04-05T16:23:34.081+0000] {logging_mixin.py:120} INFO - [2024-04-05T16:23:34.080+0000] {dag.py:2585} INFO - Sync 1 DAGs
[2024-04-05T16:23:34.132+0000] {logging_mixin.py:120} INFO - [2024-04-05T16:23:34.132+0000] {dag.py:3340} INFO - Setting next_dagrun for producer to 2024-04-04T00:00:00+00:00, run_after=2024-04-05T00:00:00+00:00
[2024-04-05T16:23:34.185+0000] {processor.py:176} INFO - Processing /opt/airflow/dags/producer_2.py took 0.305 seconds
[2024-04-05T16:24:04.546+0000] {processor.py:154} INFO - Started process (PID=10680) to work on /opt/airflow/dags/producer_2.py
[2024-04-05T16:24:04.549+0000] {processor.py:756} INFO - Processing file /opt/airflow/dags/producer_2.py for tasks to queue
[2024-04-05T16:24:04.553+0000] {logging_mixin.py:120} INFO - [2024-04-05T16:24:04.552+0000] {dagbag.py:537} INFO - Filling up the DagBag from /opt/airflow/dags/producer_2.py
[2024-04-05T16:24:04.612+0000] {processor.py:766} INFO - DAG(s) dict_keys(['producer']) retrieved from /opt/airflow/dags/producer_2.py
[2024-04-05T16:24:04.700+0000] {logging_mixin.py:120} INFO - [2024-04-05T16:24:04.700+0000] {dag.py:2585} INFO - Sync 1 DAGs
[2024-04-05T16:24:04.754+0000] {logging_mixin.py:120} INFO - [2024-04-05T16:24:04.754+0000] {dag.py:3340} INFO - Setting next_dagrun for producer to 2024-04-04T00:00:00+00:00, run_after=2024-04-05T00:00:00+00:00
[2024-04-05T16:24:04.802+0000] {processor.py:176} INFO - Processing /opt/airflow/dags/producer_2.py took 0.269 seconds
[2024-04-05T16:24:34.975+0000] {processor.py:154} INFO - Started process (PID=10748) to work on /opt/airflow/dags/producer_2.py
[2024-04-05T16:24:34.977+0000] {processor.py:756} INFO - Processing file /opt/airflow/dags/producer_2.py for tasks to queue
[2024-04-05T16:24:34.978+0000] {logging_mixin.py:120} INFO - [2024-04-05T16:24:34.978+0000] {dagbag.py:537} INFO - Filling up the DagBag from /opt/airflow/dags/producer_2.py
[2024-04-05T16:24:35.030+0000] {processor.py:766} INFO - DAG(s) dict_keys(['producer']) retrieved from /opt/airflow/dags/producer_2.py
[2024-04-05T16:24:35.075+0000] {logging_mixin.py:120} INFO - [2024-04-05T16:24:35.075+0000] {dag.py:2585} INFO - Sync 1 DAGs
[2024-04-05T16:24:35.121+0000] {logging_mixin.py:120} INFO - [2024-04-05T16:24:35.121+0000] {dag.py:3340} INFO - Setting next_dagrun for producer to 2024-04-04T00:00:00+00:00, run_after=2024-04-05T00:00:00+00:00
[2024-04-05T16:24:35.160+0000] {processor.py:176} INFO - Processing /opt/airflow/dags/producer_2.py took 0.197 seconds
[2024-04-05T16:25:05.251+0000] {processor.py:154} INFO - Started process (PID=10809) to work on /opt/airflow/dags/producer_2.py
[2024-04-05T16:25:05.265+0000] {processor.py:756} INFO - Processing file /opt/airflow/dags/producer_2.py for tasks to queue
[2024-04-05T16:25:05.276+0000] {logging_mixin.py:120} INFO - [2024-04-05T16:25:05.275+0000] {dagbag.py:537} INFO - Filling up the DagBag from /opt/airflow/dags/producer_2.py
[2024-04-05T16:25:05.409+0000] {processor.py:766} INFO - DAG(s) dict_keys(['producer']) retrieved from /opt/airflow/dags/producer_2.py
[2024-04-05T16:25:05.687+0000] {logging_mixin.py:120} INFO - [2024-04-05T16:25:05.687+0000] {dag.py:2585} INFO - Sync 1 DAGs
[2024-04-05T16:25:05.733+0000] {logging_mixin.py:120} INFO - [2024-04-05T16:25:05.732+0000] {dag.py:3340} INFO - Setting next_dagrun for producer to 2024-04-04T00:00:00+00:00, run_after=2024-04-05T00:00:00+00:00
[2024-04-05T16:25:05.788+0000] {processor.py:176} INFO - Processing /opt/airflow/dags/producer_2.py took 0.551 seconds
[2024-04-05T16:25:36.690+0000] {processor.py:154} INFO - Started process (PID=10878) to work on /opt/airflow/dags/producer_2.py
[2024-04-05T16:25:36.691+0000] {processor.py:756} INFO - Processing file /opt/airflow/dags/producer_2.py for tasks to queue
[2024-04-05T16:25:36.693+0000] {logging_mixin.py:120} INFO - [2024-04-05T16:25:36.693+0000] {dagbag.py:537} INFO - Filling up the DagBag from /opt/airflow/dags/producer_2.py
[2024-04-05T16:25:36.732+0000] {processor.py:766} INFO - DAG(s) dict_keys(['producer']) retrieved from /opt/airflow/dags/producer_2.py
[2024-04-05T16:25:36.793+0000] {logging_mixin.py:120} INFO - [2024-04-05T16:25:36.793+0000] {dag.py:2585} INFO - Sync 1 DAGs
[2024-04-05T16:25:36.834+0000] {logging_mixin.py:120} INFO - [2024-04-05T16:25:36.834+0000] {dag.py:3340} INFO - Setting next_dagrun for producer to 2024-04-04T00:00:00+00:00, run_after=2024-04-05T00:00:00+00:00
[2024-04-05T16:25:36.876+0000] {processor.py:176} INFO - Processing /opt/airflow/dags/producer_2.py took 0.194 seconds
[2024-04-05T16:26:07.183+0000] {processor.py:154} INFO - Started process (PID=10939) to work on /opt/airflow/dags/producer_2.py
[2024-04-05T16:26:07.188+0000] {processor.py:756} INFO - Processing file /opt/airflow/dags/producer_2.py for tasks to queue
[2024-04-05T16:26:07.209+0000] {logging_mixin.py:120} INFO - [2024-04-05T16:26:07.190+0000] {dagbag.py:537} INFO - Filling up the DagBag from /opt/airflow/dags/producer_2.py
[2024-04-05T16:26:07.283+0000] {processor.py:766} INFO - DAG(s) dict_keys(['producer']) retrieved from /opt/airflow/dags/producer_2.py
[2024-04-05T16:26:07.350+0000] {logging_mixin.py:120} INFO - [2024-04-05T16:26:07.350+0000] {dag.py:2585} INFO - Sync 1 DAGs
[2024-04-05T16:26:07.428+0000] {logging_mixin.py:120} INFO - [2024-04-05T16:26:07.428+0000] {dag.py:3340} INFO - Setting next_dagrun for producer to 2024-04-04T00:00:00+00:00, run_after=2024-04-05T00:00:00+00:00
[2024-04-05T16:26:07.480+0000] {processor.py:176} INFO - Processing /opt/airflow/dags/producer_2.py took 0.304 seconds
[2024-04-05T16:26:38.226+0000] {processor.py:154} INFO - Started process (PID=11008) to work on /opt/airflow/dags/producer_2.py
[2024-04-05T16:26:38.228+0000] {processor.py:756} INFO - Processing file /opt/airflow/dags/producer_2.py for tasks to queue
[2024-04-05T16:26:38.229+0000] {logging_mixin.py:120} INFO - [2024-04-05T16:26:38.229+0000] {dagbag.py:537} INFO - Filling up the DagBag from /opt/airflow/dags/producer_2.py
[2024-04-05T16:26:38.275+0000] {processor.py:766} INFO - DAG(s) dict_keys(['producer']) retrieved from /opt/airflow/dags/producer_2.py
[2024-04-05T16:26:38.403+0000] {logging_mixin.py:120} INFO - [2024-04-05T16:26:38.403+0000] {dag.py:2585} INFO - Sync 1 DAGs
[2024-04-05T16:26:38.444+0000] {logging_mixin.py:120} INFO - [2024-04-05T16:26:38.444+0000] {dag.py:3340} INFO - Setting next_dagrun for producer to 2024-04-04T00:00:00+00:00, run_after=2024-04-05T00:00:00+00:00
[2024-04-05T16:26:38.484+0000] {processor.py:176} INFO - Processing /opt/airflow/dags/producer_2.py took 0.268 seconds
[2024-04-05T16:27:08.765+0000] {processor.py:154} INFO - Started process (PID=11076) to work on /opt/airflow/dags/producer_2.py
[2024-04-05T16:27:08.774+0000] {processor.py:756} INFO - Processing file /opt/airflow/dags/producer_2.py for tasks to queue
[2024-04-05T16:27:08.779+0000] {logging_mixin.py:120} INFO - [2024-04-05T16:27:08.778+0000] {dagbag.py:537} INFO - Filling up the DagBag from /opt/airflow/dags/producer_2.py
[2024-04-05T16:27:08.865+0000] {processor.py:766} INFO - DAG(s) dict_keys(['producer']) retrieved from /opt/airflow/dags/producer_2.py
[2024-04-05T16:27:08.948+0000] {logging_mixin.py:120} INFO - [2024-04-05T16:27:08.948+0000] {dag.py:2585} INFO - Sync 1 DAGs
[2024-04-05T16:27:08.992+0000] {logging_mixin.py:120} INFO - [2024-04-05T16:27:08.992+0000] {dag.py:3340} INFO - Setting next_dagrun for producer to 2024-04-04T00:00:00+00:00, run_after=2024-04-05T00:00:00+00:00
[2024-04-05T16:27:09.041+0000] {processor.py:176} INFO - Processing /opt/airflow/dags/producer_2.py took 0.295 seconds
[2024-04-05T16:27:39.391+0000] {processor.py:154} INFO - Started process (PID=11136) to work on /opt/airflow/dags/producer_2.py
[2024-04-05T16:27:39.393+0000] {processor.py:756} INFO - Processing file /opt/airflow/dags/producer_2.py for tasks to queue
[2024-04-05T16:27:39.395+0000] {logging_mixin.py:120} INFO - [2024-04-05T16:27:39.395+0000] {dagbag.py:537} INFO - Filling up the DagBag from /opt/airflow/dags/producer_2.py
[2024-04-05T16:27:39.438+0000] {processor.py:766} INFO - DAG(s) dict_keys(['producer']) retrieved from /opt/airflow/dags/producer_2.py
[2024-04-05T16:27:39.565+0000] {logging_mixin.py:120} INFO - [2024-04-05T16:27:39.565+0000] {dag.py:2585} INFO - Sync 1 DAGs
[2024-04-05T16:27:39.605+0000] {logging_mixin.py:120} INFO - [2024-04-05T16:27:39.605+0000] {dag.py:3340} INFO - Setting next_dagrun for producer to 2024-04-04T00:00:00+00:00, run_after=2024-04-05T00:00:00+00:00
[2024-04-05T16:27:39.643+0000] {processor.py:176} INFO - Processing /opt/airflow/dags/producer_2.py took 0.259 seconds
[2024-04-05T16:28:09.729+0000] {processor.py:154} INFO - Started process (PID=11206) to work on /opt/airflow/dags/producer_2.py
[2024-04-05T16:28:09.732+0000] {processor.py:756} INFO - Processing file /opt/airflow/dags/producer_2.py for tasks to queue
[2024-04-05T16:28:09.748+0000] {logging_mixin.py:120} INFO - [2024-04-05T16:28:09.748+0000] {dagbag.py:537} INFO - Filling up the DagBag from /opt/airflow/dags/producer_2.py
[2024-04-05T16:28:09.811+0000] {processor.py:766} INFO - DAG(s) dict_keys(['producer']) retrieved from /opt/airflow/dags/producer_2.py
[2024-04-05T16:28:09.883+0000] {logging_mixin.py:120} INFO - [2024-04-05T16:28:09.882+0000] {dag.py:2585} INFO - Sync 1 DAGs
[2024-04-05T16:28:09.926+0000] {logging_mixin.py:120} INFO - [2024-04-05T16:28:09.926+0000] {dag.py:3340} INFO - Setting next_dagrun for producer to 2024-04-04T00:00:00+00:00, run_after=2024-04-05T00:00:00+00:00
[2024-04-05T16:28:09.974+0000] {processor.py:176} INFO - Processing /opt/airflow/dags/producer_2.py took 0.254 seconds
[2024-04-05T16:28:40.179+0000] {processor.py:154} INFO - Started process (PID=11266) to work on /opt/airflow/dags/producer_2.py
[2024-04-05T16:28:40.182+0000] {processor.py:756} INFO - Processing file /opt/airflow/dags/producer_2.py for tasks to queue
[2024-04-05T16:28:40.186+0000] {logging_mixin.py:120} INFO - [2024-04-05T16:28:40.186+0000] {dagbag.py:537} INFO - Filling up the DagBag from /opt/airflow/dags/producer_2.py
[2024-04-05T16:28:40.228+0000] {processor.py:766} INFO - DAG(s) dict_keys(['producer']) retrieved from /opt/airflow/dags/producer_2.py
[2024-04-05T16:28:40.363+0000] {logging_mixin.py:120} INFO - [2024-04-05T16:28:40.363+0000] {dag.py:2585} INFO - Sync 1 DAGs
[2024-04-05T16:28:40.402+0000] {logging_mixin.py:120} INFO - [2024-04-05T16:28:40.402+0000] {dag.py:3340} INFO - Setting next_dagrun for producer to 2024-04-04T00:00:00+00:00, run_after=2024-04-05T00:00:00+00:00
[2024-04-05T16:28:40.444+0000] {processor.py:176} INFO - Processing /opt/airflow/dags/producer_2.py took 0.275 seconds
[2024-04-05T16:29:10.600+0000] {processor.py:154} INFO - Started process (PID=11335) to work on /opt/airflow/dags/producer_2.py
[2024-04-05T16:29:10.602+0000] {processor.py:756} INFO - Processing file /opt/airflow/dags/producer_2.py for tasks to queue
[2024-04-05T16:29:10.603+0000] {logging_mixin.py:120} INFO - [2024-04-05T16:29:10.603+0000] {dagbag.py:537} INFO - Filling up the DagBag from /opt/airflow/dags/producer_2.py
[2024-04-05T16:29:10.645+0000] {processor.py:766} INFO - DAG(s) dict_keys(['producer']) retrieved from /opt/airflow/dags/producer_2.py
[2024-04-05T16:29:10.727+0000] {logging_mixin.py:120} INFO - [2024-04-05T16:29:10.727+0000] {dag.py:2585} INFO - Sync 1 DAGs
[2024-04-05T16:29:10.780+0000] {logging_mixin.py:120} INFO - [2024-04-05T16:29:10.780+0000] {dag.py:3340} INFO - Setting next_dagrun for producer to 2024-04-04T00:00:00+00:00, run_after=2024-04-05T00:00:00+00:00
[2024-04-05T16:29:10.830+0000] {processor.py:176} INFO - Processing /opt/airflow/dags/producer_2.py took 0.236 seconds
[2024-04-05T16:29:41.097+0000] {processor.py:154} INFO - Started process (PID=11395) to work on /opt/airflow/dags/producer_2.py
[2024-04-05T16:29:41.099+0000] {processor.py:756} INFO - Processing file /opt/airflow/dags/producer_2.py for tasks to queue
[2024-04-05T16:29:41.101+0000] {logging_mixin.py:120} INFO - [2024-04-05T16:29:41.101+0000] {dagbag.py:537} INFO - Filling up the DagBag from /opt/airflow/dags/producer_2.py
[2024-04-05T16:29:41.142+0000] {processor.py:766} INFO - DAG(s) dict_keys(['producer']) retrieved from /opt/airflow/dags/producer_2.py
[2024-04-05T16:29:41.192+0000] {logging_mixin.py:120} INFO - [2024-04-05T16:29:41.192+0000] {dag.py:2585} INFO - Sync 1 DAGs
[2024-04-05T16:29:41.236+0000] {logging_mixin.py:120} INFO - [2024-04-05T16:29:41.236+0000] {dag.py:3340} INFO - Setting next_dagrun for producer to 2024-04-04T00:00:00+00:00, run_after=2024-04-05T00:00:00+00:00
[2024-04-05T16:29:41.273+0000] {processor.py:176} INFO - Processing /opt/airflow/dags/producer_2.py took 0.184 seconds
[2024-04-05T16:30:11.603+0000] {processor.py:154} INFO - Started process (PID=11463) to work on /opt/airflow/dags/producer_2.py
[2024-04-05T16:30:11.605+0000] {processor.py:756} INFO - Processing file /opt/airflow/dags/producer_2.py for tasks to queue
[2024-04-05T16:30:11.607+0000] {logging_mixin.py:120} INFO - [2024-04-05T16:30:11.606+0000] {dagbag.py:537} INFO - Filling up the DagBag from /opt/airflow/dags/producer_2.py
[2024-04-05T16:30:11.657+0000] {processor.py:766} INFO - DAG(s) dict_keys(['producer']) retrieved from /opt/airflow/dags/producer_2.py
[2024-04-05T16:30:11.792+0000] {logging_mixin.py:120} INFO - [2024-04-05T16:30:11.792+0000] {dag.py:2585} INFO - Sync 1 DAGs
[2024-04-05T16:30:11.839+0000] {logging_mixin.py:120} INFO - [2024-04-05T16:30:11.839+0000] {dag.py:3340} INFO - Setting next_dagrun for producer to 2024-04-04T00:00:00+00:00, run_after=2024-04-05T00:00:00+00:00
[2024-04-05T16:30:11.879+0000] {processor.py:176} INFO - Processing /opt/airflow/dags/producer_2.py took 0.283 seconds
[2024-04-05T16:30:42.120+0000] {processor.py:154} INFO - Started process (PID=11523) to work on /opt/airflow/dags/producer_2.py
[2024-04-05T16:30:42.122+0000] {processor.py:756} INFO - Processing file /opt/airflow/dags/producer_2.py for tasks to queue
[2024-04-05T16:30:42.124+0000] {logging_mixin.py:120} INFO - [2024-04-05T16:30:42.124+0000] {dagbag.py:537} INFO - Filling up the DagBag from /opt/airflow/dags/producer_2.py
[2024-04-05T16:30:42.164+0000] {processor.py:766} INFO - DAG(s) dict_keys(['producer']) retrieved from /opt/airflow/dags/producer_2.py
[2024-04-05T16:30:42.233+0000] {logging_mixin.py:120} INFO - [2024-04-05T16:30:42.232+0000] {dag.py:2585} INFO - Sync 1 DAGs
[2024-04-05T16:30:42.273+0000] {logging_mixin.py:120} INFO - [2024-04-05T16:30:42.272+0000] {dag.py:3340} INFO - Setting next_dagrun for producer to 2024-04-04T00:00:00+00:00, run_after=2024-04-05T00:00:00+00:00
[2024-04-05T16:30:42.315+0000] {processor.py:176} INFO - Processing /opt/airflow/dags/producer_2.py took 0.203 seconds
[2024-04-05T16:31:12.491+0000] {processor.py:154} INFO - Started process (PID=11593) to work on /opt/airflow/dags/producer_2.py
[2024-04-05T16:31:12.493+0000] {processor.py:756} INFO - Processing file /opt/airflow/dags/producer_2.py for tasks to queue
[2024-04-05T16:31:12.494+0000] {logging_mixin.py:120} INFO - [2024-04-05T16:31:12.494+0000] {dagbag.py:537} INFO - Filling up the DagBag from /opt/airflow/dags/producer_2.py
[2024-04-05T16:31:12.535+0000] {processor.py:766} INFO - DAG(s) dict_keys(['producer']) retrieved from /opt/airflow/dags/producer_2.py
[2024-04-05T16:31:12.578+0000] {logging_mixin.py:120} INFO - [2024-04-05T16:31:12.578+0000] {dag.py:2585} INFO - Sync 1 DAGs
[2024-04-05T16:31:12.623+0000] {logging_mixin.py:120} INFO - [2024-04-05T16:31:12.623+0000] {dag.py:3340} INFO - Setting next_dagrun for producer to 2024-04-04T00:00:00+00:00, run_after=2024-04-05T00:00:00+00:00
[2024-04-05T16:31:12.660+0000] {processor.py:176} INFO - Processing /opt/airflow/dags/producer_2.py took 0.175 seconds
[2024-04-05T16:31:42.850+0000] {processor.py:154} INFO - Started process (PID=11662) to work on /opt/airflow/dags/producer_2.py
[2024-04-05T16:31:42.853+0000] {processor.py:756} INFO - Processing file /opt/airflow/dags/producer_2.py for tasks to queue
[2024-04-05T16:31:42.855+0000] {logging_mixin.py:120} INFO - [2024-04-05T16:31:42.855+0000] {dagbag.py:537} INFO - Filling up the DagBag from /opt/airflow/dags/producer_2.py
[2024-04-05T16:31:42.904+0000] {processor.py:766} INFO - DAG(s) dict_keys(['producer']) retrieved from /opt/airflow/dags/producer_2.py
[2024-04-05T16:31:43.052+0000] {logging_mixin.py:120} INFO - [2024-04-05T16:31:43.052+0000] {dag.py:2585} INFO - Sync 1 DAGs
[2024-04-05T16:31:43.099+0000] {logging_mixin.py:120} INFO - [2024-04-05T16:31:43.099+0000] {dag.py:3340} INFO - Setting next_dagrun for producer to 2024-04-04T00:00:00+00:00, run_after=2024-04-05T00:00:00+00:00
[2024-04-05T16:31:43.166+0000] {processor.py:176} INFO - Processing /opt/airflow/dags/producer_2.py took 0.326 seconds
[2024-04-05T16:32:13.289+0000] {processor.py:154} INFO - Started process (PID=11722) to work on /opt/airflow/dags/producer_2.py
[2024-04-05T16:32:13.291+0000] {processor.py:756} INFO - Processing file /opt/airflow/dags/producer_2.py for tasks to queue
[2024-04-05T16:32:13.295+0000] {logging_mixin.py:120} INFO - [2024-04-05T16:32:13.295+0000] {dagbag.py:537} INFO - Filling up the DagBag from /opt/airflow/dags/producer_2.py
[2024-04-05T16:32:13.340+0000] {processor.py:766} INFO - DAG(s) dict_keys(['producer']) retrieved from /opt/airflow/dags/producer_2.py
[2024-04-05T16:32:13.411+0000] {logging_mixin.py:120} INFO - [2024-04-05T16:32:13.411+0000] {dag.py:2585} INFO - Sync 1 DAGs
[2024-04-05T16:32:13.458+0000] {logging_mixin.py:120} INFO - [2024-04-05T16:32:13.457+0000] {dag.py:3340} INFO - Setting next_dagrun for producer to 2024-04-04T00:00:00+00:00, run_after=2024-04-05T00:00:00+00:00
[2024-04-05T16:32:13.493+0000] {processor.py:176} INFO - Processing /opt/airflow/dags/producer_2.py took 0.209 seconds
[2024-04-05T16:32:44.061+0000] {processor.py:154} INFO - Started process (PID=11792) to work on /opt/airflow/dags/producer_2.py
[2024-04-05T16:32:44.062+0000] {processor.py:756} INFO - Processing file /opt/airflow/dags/producer_2.py for tasks to queue
[2024-04-05T16:32:44.064+0000] {logging_mixin.py:120} INFO - [2024-04-05T16:32:44.064+0000] {dagbag.py:537} INFO - Filling up the DagBag from /opt/airflow/dags/producer_2.py
[2024-04-05T16:32:44.111+0000] {processor.py:766} INFO - DAG(s) dict_keys(['producer']) retrieved from /opt/airflow/dags/producer_2.py
[2024-04-05T16:32:44.153+0000] {logging_mixin.py:120} INFO - [2024-04-05T16:32:44.153+0000] {dag.py:2585} INFO - Sync 1 DAGs
[2024-04-05T16:32:44.200+0000] {logging_mixin.py:120} INFO - [2024-04-05T16:32:44.200+0000] {dag.py:3340} INFO - Setting next_dagrun for producer to 2024-04-04T00:00:00+00:00, run_after=2024-04-05T00:00:00+00:00
[2024-04-05T16:32:44.246+0000] {processor.py:176} INFO - Processing /opt/airflow/dags/producer_2.py took 0.192 seconds
[2024-04-05T16:33:14.496+0000] {processor.py:154} INFO - Started process (PID=11852) to work on /opt/airflow/dags/producer_2.py
[2024-04-05T16:33:14.498+0000] {processor.py:756} INFO - Processing file /opt/airflow/dags/producer_2.py for tasks to queue
[2024-04-05T16:33:14.500+0000] {logging_mixin.py:120} INFO - [2024-04-05T16:33:14.500+0000] {dagbag.py:537} INFO - Filling up the DagBag from /opt/airflow/dags/producer_2.py
[2024-04-05T16:33:14.545+0000] {processor.py:766} INFO - DAG(s) dict_keys(['producer']) retrieved from /opt/airflow/dags/producer_2.py
[2024-04-05T16:33:14.675+0000] {logging_mixin.py:120} INFO - [2024-04-05T16:33:14.674+0000] {dag.py:2585} INFO - Sync 1 DAGs
[2024-04-05T16:33:14.714+0000] {logging_mixin.py:120} INFO - [2024-04-05T16:33:14.714+0000] {dag.py:3340} INFO - Setting next_dagrun for producer to 2024-04-04T00:00:00+00:00, run_after=2024-04-05T00:00:00+00:00
[2024-04-05T16:33:14.745+0000] {processor.py:176} INFO - Processing /opt/airflow/dags/producer_2.py took 0.257 seconds
[2024-04-05T16:33:44.918+0000] {processor.py:154} INFO - Started process (PID=11920) to work on /opt/airflow/dags/producer_2.py
[2024-04-05T16:33:44.922+0000] {processor.py:756} INFO - Processing file /opt/airflow/dags/producer_2.py for tasks to queue
[2024-04-05T16:33:44.925+0000] {logging_mixin.py:120} INFO - [2024-04-05T16:33:44.925+0000] {dagbag.py:537} INFO - Filling up the DagBag from /opt/airflow/dags/producer_2.py
[2024-04-05T16:33:44.984+0000] {processor.py:766} INFO - DAG(s) dict_keys(['producer']) retrieved from /opt/airflow/dags/producer_2.py
[2024-04-05T16:33:45.046+0000] {logging_mixin.py:120} INFO - [2024-04-05T16:33:45.046+0000] {dag.py:2585} INFO - Sync 1 DAGs
[2024-04-05T16:33:45.086+0000] {logging_mixin.py:120} INFO - [2024-04-05T16:33:45.086+0000] {dag.py:3340} INFO - Setting next_dagrun for producer to 2024-04-04T00:00:00+00:00, run_after=2024-04-05T00:00:00+00:00
[2024-04-05T16:33:45.123+0000] {processor.py:176} INFO - Processing /opt/airflow/dags/producer_2.py took 0.214 seconds
[2024-04-05T16:34:15.482+0000] {processor.py:154} INFO - Started process (PID=11989) to work on /opt/airflow/dags/producer_2.py
[2024-04-05T16:34:15.485+0000] {processor.py:756} INFO - Processing file /opt/airflow/dags/producer_2.py for tasks to queue
[2024-04-05T16:34:15.487+0000] {logging_mixin.py:120} INFO - [2024-04-05T16:34:15.487+0000] {dagbag.py:537} INFO - Filling up the DagBag from /opt/airflow/dags/producer_2.py
[2024-04-05T16:34:15.542+0000] {processor.py:766} INFO - DAG(s) dict_keys(['producer']) retrieved from /opt/airflow/dags/producer_2.py
[2024-04-05T16:34:15.585+0000] {logging_mixin.py:120} INFO - [2024-04-05T16:34:15.585+0000] {dag.py:2585} INFO - Sync 1 DAGs
[2024-04-05T16:34:15.647+0000] {logging_mixin.py:120} INFO - [2024-04-05T16:34:15.646+0000] {dag.py:3340} INFO - Setting next_dagrun for producer to 2024-04-04T00:00:00+00:00, run_after=2024-04-05T00:00:00+00:00
[2024-04-05T16:34:15.692+0000] {processor.py:176} INFO - Processing /opt/airflow/dags/producer_2.py took 0.219 seconds
[2024-04-05T16:34:46.045+0000] {processor.py:154} INFO - Started process (PID=12049) to work on /opt/airflow/dags/producer_2.py
[2024-04-05T16:34:46.048+0000] {processor.py:756} INFO - Processing file /opt/airflow/dags/producer_2.py for tasks to queue
[2024-04-05T16:34:46.050+0000] {logging_mixin.py:120} INFO - [2024-04-05T16:34:46.050+0000] {dagbag.py:537} INFO - Filling up the DagBag from /opt/airflow/dags/producer_2.py
[2024-04-05T16:34:46.110+0000] {processor.py:766} INFO - DAG(s) dict_keys(['producer']) retrieved from /opt/airflow/dags/producer_2.py
[2024-04-05T16:34:46.257+0000] {logging_mixin.py:120} INFO - [2024-04-05T16:34:46.256+0000] {dag.py:2585} INFO - Sync 1 DAGs
[2024-04-05T16:34:46.301+0000] {logging_mixin.py:120} INFO - [2024-04-05T16:34:46.301+0000] {dag.py:3340} INFO - Setting next_dagrun for producer to 2024-04-04T00:00:00+00:00, run_after=2024-04-05T00:00:00+00:00
[2024-04-05T16:34:46.340+0000] {processor.py:176} INFO - Processing /opt/airflow/dags/producer_2.py took 0.304 seconds
[2024-04-05T16:35:16.672+0000] {processor.py:154} INFO - Started process (PID=12119) to work on /opt/airflow/dags/producer_2.py
[2024-04-05T16:35:16.674+0000] {processor.py:756} INFO - Processing file /opt/airflow/dags/producer_2.py for tasks to queue
[2024-04-05T16:35:16.677+0000] {logging_mixin.py:120} INFO - [2024-04-05T16:35:16.676+0000] {dagbag.py:537} INFO - Filling up the DagBag from /opt/airflow/dags/producer_2.py
[2024-04-05T16:35:16.720+0000] {processor.py:766} INFO - DAG(s) dict_keys(['producer']) retrieved from /opt/airflow/dags/producer_2.py
[2024-04-05T16:35:16.796+0000] {logging_mixin.py:120} INFO - [2024-04-05T16:35:16.795+0000] {dag.py:2585} INFO - Sync 1 DAGs
[2024-04-05T16:35:16.852+0000] {logging_mixin.py:120} INFO - [2024-04-05T16:35:16.852+0000] {dag.py:3340} INFO - Setting next_dagrun for producer to 2024-04-04T00:00:00+00:00, run_after=2024-04-05T00:00:00+00:00
[2024-04-05T16:35:16.895+0000] {processor.py:176} INFO - Processing /opt/airflow/dags/producer_2.py took 0.228 seconds
[2024-04-05T16:35:47.352+0000] {processor.py:154} INFO - Started process (PID=12180) to work on /opt/airflow/dags/producer_2.py
[2024-04-05T16:35:47.354+0000] {processor.py:756} INFO - Processing file /opt/airflow/dags/producer_2.py for tasks to queue
[2024-04-05T16:35:47.356+0000] {logging_mixin.py:120} INFO - [2024-04-05T16:35:47.356+0000] {dagbag.py:537} INFO - Filling up the DagBag from /opt/airflow/dags/producer_2.py
[2024-04-05T16:35:47.403+0000] {processor.py:766} INFO - DAG(s) dict_keys(['producer']) retrieved from /opt/airflow/dags/producer_2.py
[2024-04-05T16:35:47.447+0000] {logging_mixin.py:120} INFO - [2024-04-05T16:35:47.447+0000] {dag.py:2585} INFO - Sync 1 DAGs
[2024-04-05T16:35:47.492+0000] {logging_mixin.py:120} INFO - [2024-04-05T16:35:47.492+0000] {dag.py:3340} INFO - Setting next_dagrun for producer to 2024-04-04T00:00:00+00:00, run_after=2024-04-05T00:00:00+00:00
[2024-04-05T16:35:47.529+0000] {processor.py:176} INFO - Processing /opt/airflow/dags/producer_2.py took 0.188 seconds
[2024-04-05T16:36:17.883+0000] {processor.py:154} INFO - Started process (PID=12250) to work on /opt/airflow/dags/producer_2.py
[2024-04-05T16:36:17.885+0000] {processor.py:756} INFO - Processing file /opt/airflow/dags/producer_2.py for tasks to queue
[2024-04-05T16:36:17.886+0000] {logging_mixin.py:120} INFO - [2024-04-05T16:36:17.886+0000] {dagbag.py:537} INFO - Filling up the DagBag from /opt/airflow/dags/producer_2.py
[2024-04-05T16:36:17.925+0000] {processor.py:766} INFO - DAG(s) dict_keys(['producer']) retrieved from /opt/airflow/dags/producer_2.py
[2024-04-05T16:36:18.049+0000] {logging_mixin.py:120} INFO - [2024-04-05T16:36:18.048+0000] {dag.py:2585} INFO - Sync 1 DAGs
[2024-04-05T16:36:18.087+0000] {logging_mixin.py:120} INFO - [2024-04-05T16:36:18.087+0000] {dag.py:3340} INFO - Setting next_dagrun for producer to 2024-04-04T00:00:00+00:00, run_after=2024-04-05T00:00:00+00:00
[2024-04-05T16:36:18.133+0000] {processor.py:176} INFO - Processing /opt/airflow/dags/producer_2.py took 0.259 seconds
[2024-04-05T16:36:48.497+0000] {processor.py:154} INFO - Started process (PID=12310) to work on /opt/airflow/dags/producer_2.py
[2024-04-05T16:36:48.499+0000] {processor.py:756} INFO - Processing file /opt/airflow/dags/producer_2.py for tasks to queue
[2024-04-05T16:36:48.501+0000] {logging_mixin.py:120} INFO - [2024-04-05T16:36:48.501+0000] {dagbag.py:537} INFO - Filling up the DagBag from /opt/airflow/dags/producer_2.py
[2024-04-05T16:36:48.544+0000] {processor.py:766} INFO - DAG(s) dict_keys(['producer']) retrieved from /opt/airflow/dags/producer_2.py
[2024-04-05T16:36:48.610+0000] {logging_mixin.py:120} INFO - [2024-04-05T16:36:48.610+0000] {dag.py:2585} INFO - Sync 1 DAGs
[2024-04-05T16:36:48.653+0000] {logging_mixin.py:120} INFO - [2024-04-05T16:36:48.653+0000] {dag.py:3340} INFO - Setting next_dagrun for producer to 2024-04-04T00:00:00+00:00, run_after=2024-04-05T00:00:00+00:00
[2024-04-05T16:36:48.704+0000] {processor.py:176} INFO - Processing /opt/airflow/dags/producer_2.py took 0.213 seconds
[2024-04-05T16:37:19.083+0000] {processor.py:154} INFO - Started process (PID=12378) to work on /opt/airflow/dags/producer_2.py
[2024-04-05T16:37:19.085+0000] {processor.py:756} INFO - Processing file /opt/airflow/dags/producer_2.py for tasks to queue
[2024-04-05T16:37:19.087+0000] {logging_mixin.py:120} INFO - [2024-04-05T16:37:19.087+0000] {dagbag.py:537} INFO - Filling up the DagBag from /opt/airflow/dags/producer_2.py
[2024-04-05T16:37:19.131+0000] {processor.py:766} INFO - DAG(s) dict_keys(['producer']) retrieved from /opt/airflow/dags/producer_2.py
[2024-04-05T16:37:19.177+0000] {logging_mixin.py:120} INFO - [2024-04-05T16:37:19.177+0000] {dag.py:2585} INFO - Sync 1 DAGs
[2024-04-05T16:37:19.227+0000] {logging_mixin.py:120} INFO - [2024-04-05T16:37:19.227+0000] {dag.py:3340} INFO - Setting next_dagrun for producer to 2024-04-04T00:00:00+00:00, run_after=2024-04-05T00:00:00+00:00
[2024-04-05T16:37:19.268+0000] {processor.py:176} INFO - Processing /opt/airflow/dags/producer_2.py took 0.193 seconds
[2024-04-05T16:37:49.978+0000] {processor.py:154} INFO - Started process (PID=12437) to work on /opt/airflow/dags/producer_2.py
[2024-04-05T16:37:49.980+0000] {processor.py:756} INFO - Processing file /opt/airflow/dags/producer_2.py for tasks to queue
[2024-04-05T16:37:49.983+0000] {logging_mixin.py:120} INFO - [2024-04-05T16:37:49.982+0000] {dagbag.py:537} INFO - Filling up the DagBag from /opt/airflow/dags/producer_2.py
[2024-04-05T16:37:50.020+0000] {processor.py:766} INFO - DAG(s) dict_keys(['producer']) retrieved from /opt/airflow/dags/producer_2.py
[2024-04-05T16:37:50.174+0000] {logging_mixin.py:120} INFO - [2024-04-05T16:37:50.174+0000] {dag.py:2585} INFO - Sync 1 DAGs
[2024-04-05T16:37:50.216+0000] {logging_mixin.py:120} INFO - [2024-04-05T16:37:50.215+0000] {dag.py:3340} INFO - Setting next_dagrun for producer to 2024-04-04T00:00:00+00:00, run_after=2024-04-05T00:00:00+00:00
[2024-04-05T16:37:50.251+0000] {processor.py:176} INFO - Processing /opt/airflow/dags/producer_2.py took 0.283 seconds
[2024-04-05T16:38:20.572+0000] {processor.py:154} INFO - Started process (PID=12506) to work on /opt/airflow/dags/producer_2.py
[2024-04-05T16:38:20.575+0000] {processor.py:756} INFO - Processing file /opt/airflow/dags/producer_2.py for tasks to queue
[2024-04-05T16:38:20.577+0000] {logging_mixin.py:120} INFO - [2024-04-05T16:38:20.576+0000] {dagbag.py:537} INFO - Filling up the DagBag from /opt/airflow/dags/producer_2.py
[2024-04-05T16:38:20.628+0000] {processor.py:766} INFO - DAG(s) dict_keys(['producer']) retrieved from /opt/airflow/dags/producer_2.py
[2024-04-05T16:38:20.708+0000] {logging_mixin.py:120} INFO - [2024-04-05T16:38:20.708+0000] {dag.py:2585} INFO - Sync 1 DAGs
[2024-04-05T16:38:20.760+0000] {logging_mixin.py:120} INFO - [2024-04-05T16:38:20.760+0000] {dag.py:3340} INFO - Setting next_dagrun for producer to 2024-04-04T00:00:00+00:00, run_after=2024-04-05T00:00:00+00:00
[2024-04-05T16:38:20.814+0000] {processor.py:176} INFO - Processing /opt/airflow/dags/producer_2.py took 0.253 seconds
[2024-04-05T16:38:50.906+0000] {processor.py:154} INFO - Started process (PID=12572) to work on /opt/airflow/dags/producer_2.py
[2024-04-05T16:38:50.908+0000] {processor.py:756} INFO - Processing file /opt/airflow/dags/producer_2.py for tasks to queue
[2024-04-05T16:38:50.910+0000] {logging_mixin.py:120} INFO - [2024-04-05T16:38:50.910+0000] {dagbag.py:537} INFO - Filling up the DagBag from /opt/airflow/dags/producer_2.py
[2024-04-05T16:38:50.949+0000] {processor.py:766} INFO - DAG(s) dict_keys(['producer']) retrieved from /opt/airflow/dags/producer_2.py
[2024-04-05T16:38:50.997+0000] {logging_mixin.py:120} INFO - [2024-04-05T16:38:50.997+0000] {dag.py:2585} INFO - Sync 1 DAGs
[2024-04-05T16:38:51.043+0000] {logging_mixin.py:120} INFO - [2024-04-05T16:38:51.042+0000] {dag.py:3340} INFO - Setting next_dagrun for producer to 2024-04-04T00:00:00+00:00, run_after=2024-04-05T00:00:00+00:00
[2024-04-05T16:38:51.083+0000] {processor.py:176} INFO - Processing /opt/airflow/dags/producer_2.py took 0.183 seconds
[2024-04-05T16:39:21.167+0000] {processor.py:154} INFO - Started process (PID=12633) to work on /opt/airflow/dags/producer_2.py
[2024-04-05T16:39:21.174+0000] {processor.py:756} INFO - Processing file /opt/airflow/dags/producer_2.py for tasks to queue
[2024-04-05T16:39:21.177+0000] {logging_mixin.py:120} INFO - [2024-04-05T16:39:21.177+0000] {dagbag.py:537} INFO - Filling up the DagBag from /opt/airflow/dags/producer_2.py
[2024-04-05T16:39:21.228+0000] {processor.py:766} INFO - DAG(s) dict_keys(['producer']) retrieved from /opt/airflow/dags/producer_2.py
[2024-04-05T16:39:21.353+0000] {logging_mixin.py:120} INFO - [2024-04-05T16:39:21.353+0000] {dag.py:2585} INFO - Sync 1 DAGs
[2024-04-05T16:39:21.395+0000] {logging_mixin.py:120} INFO - [2024-04-05T16:39:21.394+0000] {dag.py:3340} INFO - Setting next_dagrun for producer to 2024-04-04T00:00:00+00:00, run_after=2024-04-05T00:00:00+00:00
[2024-04-05T16:39:21.438+0000] {processor.py:176} INFO - Processing /opt/airflow/dags/producer_2.py took 0.277 seconds
[2024-04-05T16:39:51.506+0000] {processor.py:154} INFO - Started process (PID=12702) to work on /opt/airflow/dags/producer_2.py
[2024-04-05T16:39:51.509+0000] {processor.py:756} INFO - Processing file /opt/airflow/dags/producer_2.py for tasks to queue
[2024-04-05T16:39:51.511+0000] {logging_mixin.py:120} INFO - [2024-04-05T16:39:51.511+0000] {dagbag.py:537} INFO - Filling up the DagBag from /opt/airflow/dags/producer_2.py
[2024-04-05T16:39:51.552+0000] {processor.py:766} INFO - DAG(s) dict_keys(['producer']) retrieved from /opt/airflow/dags/producer_2.py
[2024-04-05T16:39:51.616+0000] {logging_mixin.py:120} INFO - [2024-04-05T16:39:51.616+0000] {dag.py:2585} INFO - Sync 1 DAGs
[2024-04-05T16:39:51.661+0000] {logging_mixin.py:120} INFO - [2024-04-05T16:39:51.661+0000] {dag.py:3340} INFO - Setting next_dagrun for producer to 2024-04-04T00:00:00+00:00, run_after=2024-04-05T00:00:00+00:00
[2024-04-05T16:39:51.697+0000] {processor.py:176} INFO - Processing /opt/airflow/dags/producer_2.py took 0.198 seconds
[2024-04-05T16:40:22.155+0000] {processor.py:154} INFO - Started process (PID=12763) to work on /opt/airflow/dags/producer_2.py
[2024-04-05T16:40:22.157+0000] {processor.py:756} INFO - Processing file /opt/airflow/dags/producer_2.py for tasks to queue
[2024-04-05T16:40:22.158+0000] {logging_mixin.py:120} INFO - [2024-04-05T16:40:22.158+0000] {dagbag.py:537} INFO - Filling up the DagBag from /opt/airflow/dags/producer_2.py
[2024-04-05T16:40:22.196+0000] {processor.py:766} INFO - DAG(s) dict_keys(['producer']) retrieved from /opt/airflow/dags/producer_2.py
[2024-04-05T16:40:22.236+0000] {logging_mixin.py:120} INFO - [2024-04-05T16:40:22.236+0000] {dag.py:2585} INFO - Sync 1 DAGs
[2024-04-05T16:40:22.282+0000] {logging_mixin.py:120} INFO - [2024-04-05T16:40:22.282+0000] {dag.py:3340} INFO - Setting next_dagrun for producer to 2024-04-04T00:00:00+00:00, run_after=2024-04-05T00:00:00+00:00
[2024-04-05T16:40:22.319+0000] {processor.py:176} INFO - Processing /opt/airflow/dags/producer_2.py took 0.170 seconds
[2024-04-05T16:40:52.821+0000] {processor.py:154} INFO - Started process (PID=12832) to work on /opt/airflow/dags/producer_2.py
[2024-04-05T16:40:52.823+0000] {processor.py:756} INFO - Processing file /opt/airflow/dags/producer_2.py for tasks to queue
[2024-04-05T16:40:52.825+0000] {logging_mixin.py:120} INFO - [2024-04-05T16:40:52.824+0000] {dagbag.py:537} INFO - Filling up the DagBag from /opt/airflow/dags/producer_2.py
[2024-04-05T16:40:52.864+0000] {processor.py:766} INFO - DAG(s) dict_keys(['producer']) retrieved from /opt/airflow/dags/producer_2.py
[2024-04-05T16:40:53.012+0000] {logging_mixin.py:120} INFO - [2024-04-05T16:40:53.011+0000] {dag.py:2585} INFO - Sync 1 DAGs
[2024-04-05T16:40:53.058+0000] {logging_mixin.py:120} INFO - [2024-04-05T16:40:53.058+0000] {dag.py:3340} INFO - Setting next_dagrun for producer to 2024-04-04T00:00:00+00:00, run_after=2024-04-05T00:00:00+00:00
[2024-04-05T16:40:53.105+0000] {processor.py:176} INFO - Processing /opt/airflow/dags/producer_2.py took 0.291 seconds
[2024-04-05T16:41:23.212+0000] {processor.py:154} INFO - Started process (PID=12892) to work on /opt/airflow/dags/producer_2.py
[2024-04-05T16:41:23.214+0000] {processor.py:756} INFO - Processing file /opt/airflow/dags/producer_2.py for tasks to queue
[2024-04-05T16:41:23.215+0000] {logging_mixin.py:120} INFO - [2024-04-05T16:41:23.215+0000] {dagbag.py:537} INFO - Filling up the DagBag from /opt/airflow/dags/producer_2.py
[2024-04-05T16:41:23.256+0000] {processor.py:766} INFO - DAG(s) dict_keys(['producer']) retrieved from /opt/airflow/dags/producer_2.py
[2024-04-05T16:41:23.334+0000] {logging_mixin.py:120} INFO - [2024-04-05T16:41:23.334+0000] {dag.py:2585} INFO - Sync 1 DAGs
[2024-04-05T16:41:23.375+0000] {logging_mixin.py:120} INFO - [2024-04-05T16:41:23.374+0000] {dag.py:3340} INFO - Setting next_dagrun for producer to 2024-04-04T00:00:00+00:00, run_after=2024-04-05T00:00:00+00:00
[2024-04-05T16:41:23.415+0000] {processor.py:176} INFO - Processing /opt/airflow/dags/producer_2.py took 0.210 seconds
[2024-04-05T16:41:53.480+0000] {processor.py:154} INFO - Started process (PID=12960) to work on /opt/airflow/dags/producer_2.py
[2024-04-05T16:41:53.482+0000] {processor.py:756} INFO - Processing file /opt/airflow/dags/producer_2.py for tasks to queue
[2024-04-05T16:41:53.484+0000] {logging_mixin.py:120} INFO - [2024-04-05T16:41:53.483+0000] {dagbag.py:537} INFO - Filling up the DagBag from /opt/airflow/dags/producer_2.py
[2024-04-05T16:41:53.525+0000] {processor.py:766} INFO - DAG(s) dict_keys(['producer']) retrieved from /opt/airflow/dags/producer_2.py
[2024-04-05T16:41:53.576+0000] {logging_mixin.py:120} INFO - [2024-04-05T16:41:53.576+0000] {dag.py:2585} INFO - Sync 1 DAGs
[2024-04-05T16:41:53.624+0000] {logging_mixin.py:120} INFO - [2024-04-05T16:41:53.624+0000] {dag.py:3340} INFO - Setting next_dagrun for producer to 2024-04-04T00:00:00+00:00, run_after=2024-04-05T00:00:00+00:00
[2024-04-05T16:41:53.670+0000] {processor.py:176} INFO - Processing /opt/airflow/dags/producer_2.py took 0.196 seconds
[2024-04-05T16:42:23.759+0000] {processor.py:154} INFO - Started process (PID=13020) to work on /opt/airflow/dags/producer_2.py
[2024-04-05T16:42:23.762+0000] {processor.py:756} INFO - Processing file /opt/airflow/dags/producer_2.py for tasks to queue
[2024-04-05T16:42:23.764+0000] {logging_mixin.py:120} INFO - [2024-04-05T16:42:23.764+0000] {dagbag.py:537} INFO - Filling up the DagBag from /opt/airflow/dags/producer_2.py
[2024-04-05T16:42:23.816+0000] {processor.py:766} INFO - DAG(s) dict_keys(['producer']) retrieved from /opt/airflow/dags/producer_2.py
[2024-04-05T16:42:23.941+0000] {logging_mixin.py:120} INFO - [2024-04-05T16:42:23.940+0000] {dag.py:2585} INFO - Sync 1 DAGs
[2024-04-05T16:42:23.979+0000] {logging_mixin.py:120} INFO - [2024-04-05T16:42:23.979+0000] {dag.py:3340} INFO - Setting next_dagrun for producer to 2024-04-04T00:00:00+00:00, run_after=2024-04-05T00:00:00+00:00
[2024-04-05T16:42:24.020+0000] {processor.py:176} INFO - Processing /opt/airflow/dags/producer_2.py took 0.270 seconds
[2024-04-05T16:42:54.253+0000] {processor.py:154} INFO - Started process (PID=13089) to work on /opt/airflow/dags/producer_2.py
[2024-04-05T16:42:54.256+0000] {processor.py:756} INFO - Processing file /opt/airflow/dags/producer_2.py for tasks to queue
[2024-04-05T16:42:54.258+0000] {logging_mixin.py:120} INFO - [2024-04-05T16:42:54.258+0000] {dagbag.py:537} INFO - Filling up the DagBag from /opt/airflow/dags/producer_2.py
[2024-04-05T16:42:54.315+0000] {processor.py:766} INFO - DAG(s) dict_keys(['producer']) retrieved from /opt/airflow/dags/producer_2.py
[2024-04-05T16:42:54.389+0000] {logging_mixin.py:120} INFO - [2024-04-05T16:42:54.389+0000] {dag.py:2585} INFO - Sync 1 DAGs
[2024-04-05T16:42:54.449+0000] {logging_mixin.py:120} INFO - [2024-04-05T16:42:54.448+0000] {dag.py:3340} INFO - Setting next_dagrun for producer to 2024-04-04T00:00:00+00:00, run_after=2024-04-05T00:00:00+00:00
[2024-04-05T16:42:54.493+0000] {processor.py:176} INFO - Processing /opt/airflow/dags/producer_2.py took 0.247 seconds
[2024-04-05T16:43:24.603+0000] {processor.py:154} INFO - Started process (PID=13158) to work on /opt/airflow/dags/producer_2.py
[2024-04-05T16:43:24.605+0000] {processor.py:756} INFO - Processing file /opt/airflow/dags/producer_2.py for tasks to queue
[2024-04-05T16:43:24.607+0000] {logging_mixin.py:120} INFO - [2024-04-05T16:43:24.607+0000] {dagbag.py:537} INFO - Filling up the DagBag from /opt/airflow/dags/producer_2.py
[2024-04-05T16:43:24.646+0000] {processor.py:766} INFO - DAG(s) dict_keys(['producer']) retrieved from /opt/airflow/dags/producer_2.py
[2024-04-05T16:43:24.689+0000] {logging_mixin.py:120} INFO - [2024-04-05T16:43:24.689+0000] {dag.py:2585} INFO - Sync 1 DAGs
[2024-04-05T16:43:24.732+0000] {logging_mixin.py:120} INFO - [2024-04-05T16:43:24.732+0000] {dag.py:3340} INFO - Setting next_dagrun for producer to 2024-04-04T00:00:00+00:00, run_after=2024-04-05T00:00:00+00:00
[2024-04-05T16:43:24.769+0000] {processor.py:176} INFO - Processing /opt/airflow/dags/producer_2.py took 0.171 seconds
[2024-04-05T16:43:54.882+0000] {processor.py:154} INFO - Started process (PID=13217) to work on /opt/airflow/dags/producer_2.py
[2024-04-05T16:43:54.885+0000] {processor.py:756} INFO - Processing file /opt/airflow/dags/producer_2.py for tasks to queue
[2024-04-05T16:43:54.887+0000] {logging_mixin.py:120} INFO - [2024-04-05T16:43:54.887+0000] {dagbag.py:537} INFO - Filling up the DagBag from /opt/airflow/dags/producer_2.py
[2024-04-05T16:43:54.937+0000] {processor.py:766} INFO - DAG(s) dict_keys(['producer']) retrieved from /opt/airflow/dags/producer_2.py
[2024-04-05T16:43:55.081+0000] {logging_mixin.py:120} INFO - [2024-04-05T16:43:55.081+0000] {dag.py:2585} INFO - Sync 1 DAGs
[2024-04-05T16:43:55.122+0000] {logging_mixin.py:120} INFO - [2024-04-05T16:43:55.122+0000] {dag.py:3340} INFO - Setting next_dagrun for producer to 2024-04-04T00:00:00+00:00, run_after=2024-04-05T00:00:00+00:00
[2024-04-05T16:43:55.170+0000] {processor.py:176} INFO - Processing /opt/airflow/dags/producer_2.py took 0.297 seconds
[2024-04-05T16:44:26.211+0000] {processor.py:154} INFO - Started process (PID=13286) to work on /opt/airflow/dags/producer_2.py
[2024-04-05T16:44:26.212+0000] {processor.py:756} INFO - Processing file /opt/airflow/dags/producer_2.py for tasks to queue
[2024-04-05T16:44:26.214+0000] {logging_mixin.py:120} INFO - [2024-04-05T16:44:26.214+0000] {dagbag.py:537} INFO - Filling up the DagBag from /opt/airflow/dags/producer_2.py
[2024-04-05T16:44:26.261+0000] {processor.py:766} INFO - DAG(s) dict_keys(['producer']) retrieved from /opt/airflow/dags/producer_2.py
[2024-04-05T16:44:26.335+0000] {logging_mixin.py:120} INFO - [2024-04-05T16:44:26.335+0000] {dag.py:2585} INFO - Sync 1 DAGs
[2024-04-05T16:44:26.385+0000] {logging_mixin.py:120} INFO - [2024-04-05T16:44:26.384+0000] {dag.py:3340} INFO - Setting next_dagrun for producer to 2024-04-04T00:00:00+00:00, run_after=2024-04-05T00:00:00+00:00
[2024-04-05T16:44:26.429+0000] {processor.py:176} INFO - Processing /opt/airflow/dags/producer_2.py took 0.232 seconds
[2024-04-05T16:44:56.623+0000] {processor.py:154} INFO - Started process (PID=13346) to work on /opt/airflow/dags/producer_2.py
[2024-04-05T16:44:56.626+0000] {processor.py:756} INFO - Processing file /opt/airflow/dags/producer_2.py for tasks to queue
[2024-04-05T16:44:56.629+0000] {logging_mixin.py:120} INFO - [2024-04-05T16:44:56.628+0000] {dagbag.py:537} INFO - Filling up the DagBag from /opt/airflow/dags/producer_2.py
[2024-04-05T16:44:56.673+0000] {processor.py:766} INFO - DAG(s) dict_keys(['producer']) retrieved from /opt/airflow/dags/producer_2.py
[2024-04-05T16:44:56.714+0000] {logging_mixin.py:120} INFO - [2024-04-05T16:44:56.714+0000] {dag.py:2585} INFO - Sync 1 DAGs
[2024-04-05T16:44:56.768+0000] {logging_mixin.py:120} INFO - [2024-04-05T16:44:56.768+0000] {dag.py:3340} INFO - Setting next_dagrun for producer to 2024-04-04T00:00:00+00:00, run_after=2024-04-05T00:00:00+00:00
[2024-04-05T16:44:56.810+0000] {processor.py:176} INFO - Processing /opt/airflow/dags/producer_2.py took 0.196 seconds
[2024-04-05T16:45:27.076+0000] {processor.py:154} INFO - Started process (PID=13416) to work on /opt/airflow/dags/producer_2.py
[2024-04-05T16:45:27.081+0000] {processor.py:756} INFO - Processing file /opt/airflow/dags/producer_2.py for tasks to queue
[2024-04-05T16:45:27.085+0000] {logging_mixin.py:120} INFO - [2024-04-05T16:45:27.084+0000] {dagbag.py:537} INFO - Filling up the DagBag from /opt/airflow/dags/producer_2.py
[2024-04-05T16:45:27.147+0000] {processor.py:766} INFO - DAG(s) dict_keys(['producer']) retrieved from /opt/airflow/dags/producer_2.py
[2024-04-05T16:45:27.390+0000] {logging_mixin.py:120} INFO - [2024-04-05T16:45:27.389+0000] {dag.py:2585} INFO - Sync 1 DAGs
[2024-04-05T16:45:27.438+0000] {logging_mixin.py:120} INFO - [2024-04-05T16:45:27.437+0000] {dag.py:3340} INFO - Setting next_dagrun for producer to 2024-04-04T00:00:00+00:00, run_after=2024-04-05T00:00:00+00:00
[2024-04-05T16:45:27.476+0000] {processor.py:176} INFO - Processing /opt/airflow/dags/producer_2.py took 0.411 seconds
[2024-04-05T16:45:57.822+0000] {processor.py:154} INFO - Started process (PID=13477) to work on /opt/airflow/dags/producer_2.py
[2024-04-05T16:45:57.824+0000] {processor.py:756} INFO - Processing file /opt/airflow/dags/producer_2.py for tasks to queue
[2024-04-05T16:45:57.826+0000] {logging_mixin.py:120} INFO - [2024-04-05T16:45:57.826+0000] {dagbag.py:537} INFO - Filling up the DagBag from /opt/airflow/dags/producer_2.py
[2024-04-05T16:45:57.885+0000] {processor.py:766} INFO - DAG(s) dict_keys(['producer']) retrieved from /opt/airflow/dags/producer_2.py
[2024-04-05T16:45:57.967+0000] {logging_mixin.py:120} INFO - [2024-04-05T16:45:57.966+0000] {dag.py:2585} INFO - Sync 1 DAGs
[2024-04-05T16:45:58.021+0000] {logging_mixin.py:120} INFO - [2024-04-05T16:45:58.021+0000] {dag.py:3340} INFO - Setting next_dagrun for producer to 2024-04-04T00:00:00+00:00, run_after=2024-04-05T00:00:00+00:00
[2024-04-05T16:45:58.170+0000] {processor.py:176} INFO - Processing /opt/airflow/dags/producer_2.py took 0.354 seconds
[2024-04-05T16:46:28.936+0000] {processor.py:154} INFO - Started process (PID=13546) to work on /opt/airflow/dags/producer_2.py
[2024-04-05T16:46:28.939+0000] {processor.py:756} INFO - Processing file /opt/airflow/dags/producer_2.py for tasks to queue
[2024-04-05T16:46:28.941+0000] {logging_mixin.py:120} INFO - [2024-04-05T16:46:28.941+0000] {dagbag.py:537} INFO - Filling up the DagBag from /opt/airflow/dags/producer_2.py
[2024-04-05T16:46:29.002+0000] {processor.py:766} INFO - DAG(s) dict_keys(['producer']) retrieved from /opt/airflow/dags/producer_2.py
[2024-04-05T16:46:29.064+0000] {logging_mixin.py:120} INFO - [2024-04-05T16:46:29.063+0000] {dag.py:2585} INFO - Sync 1 DAGs
[2024-04-05T16:46:29.147+0000] {logging_mixin.py:120} INFO - [2024-04-05T16:46:29.147+0000] {dag.py:3340} INFO - Setting next_dagrun for producer to 2024-04-04T00:00:00+00:00, run_after=2024-04-05T00:00:00+00:00
[2024-04-05T16:46:29.217+0000] {processor.py:176} INFO - Processing /opt/airflow/dags/producer_2.py took 0.287 seconds
[2024-04-05T16:46:59.473+0000] {processor.py:154} INFO - Started process (PID=13616) to work on /opt/airflow/dags/producer_2.py
[2024-04-05T16:46:59.475+0000] {processor.py:756} INFO - Processing file /opt/airflow/dags/producer_2.py for tasks to queue
[2024-04-05T16:46:59.477+0000] {logging_mixin.py:120} INFO - [2024-04-05T16:46:59.477+0000] {dagbag.py:537} INFO - Filling up the DagBag from /opt/airflow/dags/producer_2.py
[2024-04-05T16:46:59.529+0000] {processor.py:766} INFO - DAG(s) dict_keys(['producer']) retrieved from /opt/airflow/dags/producer_2.py
[2024-04-05T16:46:59.658+0000] {logging_mixin.py:120} INFO - [2024-04-05T16:46:59.658+0000] {dag.py:2585} INFO - Sync 1 DAGs
[2024-04-05T16:46:59.722+0000] {logging_mixin.py:120} INFO - [2024-04-05T16:46:59.722+0000] {dag.py:3340} INFO - Setting next_dagrun for producer to 2024-04-04T00:00:00+00:00, run_after=2024-04-05T00:00:00+00:00
[2024-04-05T16:46:59.767+0000] {processor.py:176} INFO - Processing /opt/airflow/dags/producer_2.py took 0.302 seconds
[2024-04-05T16:47:30.547+0000] {processor.py:154} INFO - Started process (PID=13676) to work on /opt/airflow/dags/producer_2.py
[2024-04-05T16:47:30.550+0000] {processor.py:756} INFO - Processing file /opt/airflow/dags/producer_2.py for tasks to queue
[2024-04-05T16:47:30.556+0000] {logging_mixin.py:120} INFO - [2024-04-05T16:47:30.554+0000] {dagbag.py:537} INFO - Filling up the DagBag from /opt/airflow/dags/producer_2.py
[2024-04-05T16:47:30.600+0000] {processor.py:766} INFO - DAG(s) dict_keys(['producer']) retrieved from /opt/airflow/dags/producer_2.py
[2024-04-05T16:47:30.672+0000] {logging_mixin.py:120} INFO - [2024-04-05T16:47:30.672+0000] {dag.py:2585} INFO - Sync 1 DAGs
[2024-04-05T16:47:30.720+0000] {logging_mixin.py:120} INFO - [2024-04-05T16:47:30.720+0000] {dag.py:3340} INFO - Setting next_dagrun for producer to 2024-04-04T00:00:00+00:00, run_after=2024-04-05T00:00:00+00:00
[2024-04-05T16:47:30.765+0000] {processor.py:176} INFO - Processing /opt/airflow/dags/producer_2.py took 0.225 seconds
[2024-04-05T16:48:01.058+0000] {processor.py:154} INFO - Started process (PID=13746) to work on /opt/airflow/dags/producer_2.py
[2024-04-05T16:48:01.063+0000] {processor.py:756} INFO - Processing file /opt/airflow/dags/producer_2.py for tasks to queue
[2024-04-05T16:48:01.068+0000] {logging_mixin.py:120} INFO - [2024-04-05T16:48:01.068+0000] {dagbag.py:537} INFO - Filling up the DagBag from /opt/airflow/dags/producer_2.py
[2024-04-05T16:48:01.176+0000] {processor.py:766} INFO - DAG(s) dict_keys(['producer']) retrieved from /opt/airflow/dags/producer_2.py
[2024-04-05T16:48:01.408+0000] {logging_mixin.py:120} INFO - [2024-04-05T16:48:01.407+0000] {dag.py:2585} INFO - Sync 1 DAGs
[2024-04-05T16:48:01.444+0000] {logging_mixin.py:120} INFO - [2024-04-05T16:48:01.443+0000] {dag.py:3340} INFO - Setting next_dagrun for producer to 2024-04-04T00:00:00+00:00, run_after=2024-04-05T00:00:00+00:00
[2024-04-05T16:48:01.480+0000] {processor.py:176} INFO - Processing /opt/airflow/dags/producer_2.py took 0.431 seconds
[2024-04-05T16:48:31.600+0000] {processor.py:154} INFO - Started process (PID=13806) to work on /opt/airflow/dags/producer_2.py
[2024-04-05T16:48:31.602+0000] {processor.py:756} INFO - Processing file /opt/airflow/dags/producer_2.py for tasks to queue
[2024-04-05T16:48:31.604+0000] {logging_mixin.py:120} INFO - [2024-04-05T16:48:31.604+0000] {dagbag.py:537} INFO - Filling up the DagBag from /opt/airflow/dags/producer_2.py
[2024-04-05T16:48:31.642+0000] {processor.py:766} INFO - DAG(s) dict_keys(['producer']) retrieved from /opt/airflow/dags/producer_2.py
[2024-04-05T16:48:31.707+0000] {logging_mixin.py:120} INFO - [2024-04-05T16:48:31.707+0000] {dag.py:2585} INFO - Sync 1 DAGs
[2024-04-05T16:48:31.749+0000] {logging_mixin.py:120} INFO - [2024-04-05T16:48:31.748+0000] {dag.py:3340} INFO - Setting next_dagrun for producer to 2024-04-04T00:00:00+00:00, run_after=2024-04-05T00:00:00+00:00
[2024-04-05T16:48:31.785+0000] {processor.py:176} INFO - Processing /opt/airflow/dags/producer_2.py took 0.191 seconds
[2024-04-05T16:49:01.990+0000] {processor.py:154} INFO - Started process (PID=13876) to work on /opt/airflow/dags/producer_2.py
[2024-04-05T16:49:01.992+0000] {processor.py:756} INFO - Processing file /opt/airflow/dags/producer_2.py for tasks to queue
[2024-04-05T16:49:01.993+0000] {logging_mixin.py:120} INFO - [2024-04-05T16:49:01.993+0000] {dagbag.py:537} INFO - Filling up the DagBag from /opt/airflow/dags/producer_2.py
[2024-04-05T16:49:02.045+0000] {processor.py:766} INFO - DAG(s) dict_keys(['producer']) retrieved from /opt/airflow/dags/producer_2.py
[2024-04-05T16:49:02.178+0000] {logging_mixin.py:120} INFO - [2024-04-05T16:49:02.178+0000] {dag.py:2585} INFO - Sync 1 DAGs
[2024-04-05T16:49:02.214+0000] {logging_mixin.py:120} INFO - [2024-04-05T16:49:02.214+0000] {dag.py:3340} INFO - Setting next_dagrun for producer to 2024-04-04T00:00:00+00:00, run_after=2024-04-05T00:00:00+00:00
[2024-04-05T16:49:02.254+0000] {processor.py:176} INFO - Processing /opt/airflow/dags/producer_2.py took 0.270 seconds
[2024-04-05T16:49:32.366+0000] {processor.py:154} INFO - Started process (PID=13936) to work on /opt/airflow/dags/producer_2.py
[2024-04-05T16:49:32.368+0000] {processor.py:756} INFO - Processing file /opt/airflow/dags/producer_2.py for tasks to queue
[2024-04-05T16:49:32.370+0000] {logging_mixin.py:120} INFO - [2024-04-05T16:49:32.370+0000] {dagbag.py:537} INFO - Filling up the DagBag from /opt/airflow/dags/producer_2.py
[2024-04-05T16:49:32.418+0000] {processor.py:766} INFO - DAG(s) dict_keys(['producer']) retrieved from /opt/airflow/dags/producer_2.py
[2024-04-05T16:49:32.470+0000] {logging_mixin.py:120} INFO - [2024-04-05T16:49:32.470+0000] {dag.py:2585} INFO - Sync 1 DAGs
[2024-04-05T16:49:32.525+0000] {logging_mixin.py:120} INFO - [2024-04-05T16:49:32.525+0000] {dag.py:3340} INFO - Setting next_dagrun for producer to 2024-04-04T00:00:00+00:00, run_after=2024-04-05T00:00:00+00:00
[2024-04-05T16:49:32.578+0000] {processor.py:176} INFO - Processing /opt/airflow/dags/producer_2.py took 0.243 seconds
[2024-04-05T16:50:02.705+0000] {processor.py:154} INFO - Started process (PID=14005) to work on /opt/airflow/dags/producer_2.py
[2024-04-05T16:50:02.707+0000] {processor.py:756} INFO - Processing file /opt/airflow/dags/producer_2.py for tasks to queue
[2024-04-05T16:50:02.710+0000] {logging_mixin.py:120} INFO - [2024-04-05T16:50:02.709+0000] {dagbag.py:537} INFO - Filling up the DagBag from /opt/airflow/dags/producer_2.py
[2024-04-05T16:50:02.765+0000] {processor.py:766} INFO - DAG(s) dict_keys(['producer']) retrieved from /opt/airflow/dags/producer_2.py
[2024-04-05T16:50:02.900+0000] {logging_mixin.py:120} INFO - [2024-04-05T16:50:02.900+0000] {dag.py:2585} INFO - Sync 1 DAGs
[2024-04-05T16:50:02.941+0000] {logging_mixin.py:120} INFO - [2024-04-05T16:50:02.940+0000] {dag.py:3340} INFO - Setting next_dagrun for producer to 2024-04-04T00:00:00+00:00, run_after=2024-04-05T00:00:00+00:00
[2024-04-05T16:50:02.981+0000] {processor.py:176} INFO - Processing /opt/airflow/dags/producer_2.py took 0.283 seconds
[2024-04-05T16:50:33.289+0000] {processor.py:154} INFO - Started process (PID=14065) to work on /opt/airflow/dags/producer_2.py
[2024-04-05T16:50:33.292+0000] {processor.py:756} INFO - Processing file /opt/airflow/dags/producer_2.py for tasks to queue
[2024-04-05T16:50:33.299+0000] {logging_mixin.py:120} INFO - [2024-04-05T16:50:33.298+0000] {dagbag.py:537} INFO - Filling up the DagBag from /opt/airflow/dags/producer_2.py
[2024-04-05T16:50:33.358+0000] {processor.py:766} INFO - DAG(s) dict_keys(['producer']) retrieved from /opt/airflow/dags/producer_2.py
[2024-04-05T16:50:33.444+0000] {logging_mixin.py:120} INFO - [2024-04-05T16:50:33.443+0000] {dag.py:2585} INFO - Sync 1 DAGs
[2024-04-05T16:50:33.491+0000] {logging_mixin.py:120} INFO - [2024-04-05T16:50:33.490+0000] {dag.py:3340} INFO - Setting next_dagrun for producer to 2024-04-04T00:00:00+00:00, run_after=2024-04-05T00:00:00+00:00
[2024-04-05T16:50:33.535+0000] {processor.py:176} INFO - Processing /opt/airflow/dags/producer_2.py took 0.259 seconds
[2024-04-05T16:51:03.965+0000] {processor.py:154} INFO - Started process (PID=14133) to work on /opt/airflow/dags/producer_2.py
[2024-04-05T16:51:03.967+0000] {processor.py:756} INFO - Processing file /opt/airflow/dags/producer_2.py for tasks to queue
[2024-04-05T16:51:03.970+0000] {logging_mixin.py:120} INFO - [2024-04-05T16:51:03.969+0000] {dagbag.py:537} INFO - Filling up the DagBag from /opt/airflow/dags/producer_2.py
[2024-04-05T16:51:04.013+0000] {processor.py:766} INFO - DAG(s) dict_keys(['producer']) retrieved from /opt/airflow/dags/producer_2.py
[2024-04-05T16:51:04.150+0000] {logging_mixin.py:120} INFO - [2024-04-05T16:51:04.149+0000] {dag.py:2585} INFO - Sync 1 DAGs
[2024-04-05T16:51:04.189+0000] {logging_mixin.py:120} INFO - [2024-04-05T16:51:04.189+0000] {dag.py:3340} INFO - Setting next_dagrun for producer to 2024-04-04T00:00:00+00:00, run_after=2024-04-05T00:00:00+00:00
[2024-04-05T16:51:04.250+0000] {processor.py:176} INFO - Processing /opt/airflow/dags/producer_2.py took 0.292 seconds
[2024-04-05T16:51:34.873+0000] {processor.py:154} INFO - Started process (PID=14194) to work on /opt/airflow/dags/producer_2.py
[2024-04-05T16:51:34.881+0000] {processor.py:756} INFO - Processing file /opt/airflow/dags/producer_2.py for tasks to queue
[2024-04-05T16:51:34.883+0000] {logging_mixin.py:120} INFO - [2024-04-05T16:51:34.883+0000] {dagbag.py:537} INFO - Filling up the DagBag from /opt/airflow/dags/producer_2.py
[2024-04-05T16:51:34.922+0000] {processor.py:766} INFO - DAG(s) dict_keys(['producer']) retrieved from /opt/airflow/dags/producer_2.py
[2024-04-05T16:51:34.992+0000] {logging_mixin.py:120} INFO - [2024-04-05T16:51:34.992+0000] {dag.py:2585} INFO - Sync 1 DAGs
[2024-04-05T16:51:35.046+0000] {logging_mixin.py:120} INFO - [2024-04-05T16:51:35.045+0000] {dag.py:3340} INFO - Setting next_dagrun for producer to 2024-04-04T00:00:00+00:00, run_after=2024-04-05T00:00:00+00:00
[2024-04-05T16:51:35.086+0000] {processor.py:176} INFO - Processing /opt/airflow/dags/producer_2.py took 0.223 seconds
[2024-04-05T17:07:23.016+0000] {processor.py:154} INFO - Started process (PID=14268) to work on /opt/airflow/dags/producer_2.py
[2024-04-05T17:07:23.023+0000] {processor.py:756} INFO - Processing file /opt/airflow/dags/producer_2.py for tasks to queue
[2024-04-05T17:07:23.036+0000] {logging_mixin.py:120} INFO - [2024-04-05T17:07:23.036+0000] {dagbag.py:537} INFO - Filling up the DagBag from /opt/airflow/dags/producer_2.py
[2024-04-05T17:07:23.264+0000] {processor.py:766} INFO - DAG(s) dict_keys(['producer']) retrieved from /opt/airflow/dags/producer_2.py
[2024-04-05T17:07:23.864+0000] {logging_mixin.py:120} INFO - [2024-04-05T17:07:23.864+0000] {dag.py:2585} INFO - Sync 1 DAGs
[2024-04-05T17:07:23.984+0000] {logging_mixin.py:120} INFO - [2024-04-05T17:07:23.984+0000] {dag.py:3340} INFO - Setting next_dagrun for producer to 2024-04-04T00:00:00+00:00, run_after=2024-04-05T00:00:00+00:00
[2024-04-05T17:07:24.194+0000] {processor.py:176} INFO - Processing /opt/airflow/dags/producer_2.py took 1.200 seconds
