[2024-03-24T08:30:50.657+0000] {processor.py:154} INFO - Started process (PID=60) to work on /home/airflow/.local/lib/python3.7/site-packages/airflow/example_dags/example_kubernetes_executor.py
[2024-03-24T08:30:50.663+0000] {processor.py:756} INFO - Processing file /home/airflow/.local/lib/python3.7/site-packages/airflow/example_dags/example_kubernetes_executor.py for tasks to queue
[2024-03-24T08:30:50.671+0000] {logging_mixin.py:120} INFO - [2024-03-24T08:30:50.671+0000] {dagbag.py:537} INFO - Filling up the DagBag from /home/airflow/.local/lib/python3.7/site-packages/airflow/example_dags/example_kubernetes_executor.py
[2024-03-24T08:30:50.939+0000] {processor.py:766} INFO - DAG(s) dict_keys(['example_kubernetes_executor']) retrieved from /home/airflow/.local/lib/python3.7/site-packages/airflow/example_dags/example_kubernetes_executor.py
[2024-03-24T08:30:52.579+0000] {logging_mixin.py:120} INFO - [2024-03-24T08:30:52.579+0000] {manager.py:507} INFO - Created Permission View: can read on DAG:example_kubernetes_executor
[2024-03-24T08:30:52.611+0000] {logging_mixin.py:120} INFO - [2024-03-24T08:30:52.611+0000] {manager.py:507} INFO - Created Permission View: can edit on DAG:example_kubernetes_executor
[2024-03-24T08:30:52.643+0000] {logging_mixin.py:120} INFO - [2024-03-24T08:30:52.643+0000] {manager.py:507} INFO - Created Permission View: can delete on DAG:example_kubernetes_executor
[2024-03-24T08:30:52.651+0000] {logging_mixin.py:120} INFO - [2024-03-24T08:30:52.650+0000] {dag.py:2585} INFO - Sync 1 DAGs
[2024-03-24T08:30:52.754+0000] {logging_mixin.py:120} INFO - [2024-03-24T08:30:52.728+0000] {dag.py:2606} INFO - Creating ORM DAG for example_kubernetes_executor
[2024-03-24T08:30:52.957+0000] {logging_mixin.py:120} INFO - [2024-03-24T08:30:52.957+0000] {dag.py:3340} INFO - Setting next_dagrun for example_kubernetes_executor to None, run_after=None
[2024-03-24T08:30:53.382+0000] {processor.py:176} INFO - Processing /home/airflow/.local/lib/python3.7/site-packages/airflow/example_dags/example_kubernetes_executor.py took 2.735 seconds
[2024-03-24T08:31:26.444+0000] {processor.py:154} INFO - Started process (PID=114) to work on /home/airflow/.local/lib/python3.7/site-packages/airflow/example_dags/example_kubernetes_executor.py
[2024-03-24T08:31:26.462+0000] {processor.py:756} INFO - Processing file /home/airflow/.local/lib/python3.7/site-packages/airflow/example_dags/example_kubernetes_executor.py for tasks to queue
[2024-03-24T08:31:26.470+0000] {logging_mixin.py:120} INFO - [2024-03-24T08:31:26.467+0000] {dagbag.py:537} INFO - Filling up the DagBag from /home/airflow/.local/lib/python3.7/site-packages/airflow/example_dags/example_kubernetes_executor.py
[2024-03-24T08:31:26.917+0000] {processor.py:766} INFO - DAG(s) dict_keys(['example_kubernetes_executor']) retrieved from /home/airflow/.local/lib/python3.7/site-packages/airflow/example_dags/example_kubernetes_executor.py
[2024-03-24T08:31:27.583+0000] {logging_mixin.py:120} INFO - [2024-03-24T08:31:27.583+0000] {dag.py:2585} INFO - Sync 1 DAGs
[2024-03-24T08:31:27.846+0000] {logging_mixin.py:120} INFO - [2024-03-24T08:31:27.844+0000] {dag.py:3340} INFO - Setting next_dagrun for example_kubernetes_executor to None, run_after=None
[2024-03-24T08:31:27.976+0000] {processor.py:176} INFO - Processing /home/airflow/.local/lib/python3.7/site-packages/airflow/example_dags/example_kubernetes_executor.py took 1.622 seconds
[2024-03-24T08:31:58.136+0000] {processor.py:154} INFO - Started process (PID=169) to work on /home/airflow/.local/lib/python3.7/site-packages/airflow/example_dags/example_kubernetes_executor.py
[2024-03-24T08:31:58.142+0000] {processor.py:756} INFO - Processing file /home/airflow/.local/lib/python3.7/site-packages/airflow/example_dags/example_kubernetes_executor.py for tasks to queue
[2024-03-24T08:31:58.146+0000] {logging_mixin.py:120} INFO - [2024-03-24T08:31:58.145+0000] {dagbag.py:537} INFO - Filling up the DagBag from /home/airflow/.local/lib/python3.7/site-packages/airflow/example_dags/example_kubernetes_executor.py
[2024-03-24T08:31:58.228+0000] {processor.py:766} INFO - DAG(s) dict_keys(['example_kubernetes_executor']) retrieved from /home/airflow/.local/lib/python3.7/site-packages/airflow/example_dags/example_kubernetes_executor.py
[2024-03-24T08:31:58.335+0000] {logging_mixin.py:120} INFO - [2024-03-24T08:31:58.335+0000] {dag.py:2585} INFO - Sync 1 DAGs
[2024-03-24T08:31:58.423+0000] {logging_mixin.py:120} INFO - [2024-03-24T08:31:58.423+0000] {dag.py:3340} INFO - Setting next_dagrun for example_kubernetes_executor to None, run_after=None
[2024-03-24T08:31:58.468+0000] {processor.py:176} INFO - Processing /home/airflow/.local/lib/python3.7/site-packages/airflow/example_dags/example_kubernetes_executor.py took 0.342 seconds
[2024-03-24T08:32:28.556+0000] {processor.py:154} INFO - Started process (PID=224) to work on /home/airflow/.local/lib/python3.7/site-packages/airflow/example_dags/example_kubernetes_executor.py
[2024-03-24T08:32:28.559+0000] {processor.py:756} INFO - Processing file /home/airflow/.local/lib/python3.7/site-packages/airflow/example_dags/example_kubernetes_executor.py for tasks to queue
[2024-03-24T08:32:28.561+0000] {logging_mixin.py:120} INFO - [2024-03-24T08:32:28.561+0000] {dagbag.py:537} INFO - Filling up the DagBag from /home/airflow/.local/lib/python3.7/site-packages/airflow/example_dags/example_kubernetes_executor.py
[2024-03-24T08:32:28.627+0000] {processor.py:766} INFO - DAG(s) dict_keys(['example_kubernetes_executor']) retrieved from /home/airflow/.local/lib/python3.7/site-packages/airflow/example_dags/example_kubernetes_executor.py
[2024-03-24T08:32:28.712+0000] {logging_mixin.py:120} INFO - [2024-03-24T08:32:28.712+0000] {dag.py:2585} INFO - Sync 1 DAGs
[2024-03-24T08:32:28.765+0000] {logging_mixin.py:120} INFO - [2024-03-24T08:32:28.765+0000] {dag.py:3340} INFO - Setting next_dagrun for example_kubernetes_executor to None, run_after=None
[2024-03-24T08:32:28.811+0000] {processor.py:176} INFO - Processing /home/airflow/.local/lib/python3.7/site-packages/airflow/example_dags/example_kubernetes_executor.py took 0.267 seconds
[2024-03-24T08:32:59.097+0000] {processor.py:154} INFO - Started process (PID=279) to work on /home/airflow/.local/lib/python3.7/site-packages/airflow/example_dags/example_kubernetes_executor.py
[2024-03-24T08:32:59.108+0000] {processor.py:756} INFO - Processing file /home/airflow/.local/lib/python3.7/site-packages/airflow/example_dags/example_kubernetes_executor.py for tasks to queue
[2024-03-24T08:32:59.119+0000] {logging_mixin.py:120} INFO - [2024-03-24T08:32:59.118+0000] {dagbag.py:537} INFO - Filling up the DagBag from /home/airflow/.local/lib/python3.7/site-packages/airflow/example_dags/example_kubernetes_executor.py
[2024-03-24T08:32:59.212+0000] {processor.py:766} INFO - DAG(s) dict_keys(['example_kubernetes_executor']) retrieved from /home/airflow/.local/lib/python3.7/site-packages/airflow/example_dags/example_kubernetes_executor.py
[2024-03-24T08:32:59.318+0000] {logging_mixin.py:120} INFO - [2024-03-24T08:32:59.317+0000] {dag.py:2585} INFO - Sync 1 DAGs
[2024-03-24T08:32:59.415+0000] {logging_mixin.py:120} INFO - [2024-03-24T08:32:59.414+0000] {dag.py:3340} INFO - Setting next_dagrun for example_kubernetes_executor to None, run_after=None
[2024-03-24T08:32:59.662+0000] {processor.py:176} INFO - Processing /home/airflow/.local/lib/python3.7/site-packages/airflow/example_dags/example_kubernetes_executor.py took 0.583 seconds
[2024-03-24T08:33:30.320+0000] {processor.py:154} INFO - Started process (PID=342) to work on /home/airflow/.local/lib/python3.7/site-packages/airflow/example_dags/example_kubernetes_executor.py
[2024-03-24T08:33:30.322+0000] {processor.py:756} INFO - Processing file /home/airflow/.local/lib/python3.7/site-packages/airflow/example_dags/example_kubernetes_executor.py for tasks to queue
[2024-03-24T08:33:30.325+0000] {logging_mixin.py:120} INFO - [2024-03-24T08:33:30.325+0000] {dagbag.py:537} INFO - Filling up the DagBag from /home/airflow/.local/lib/python3.7/site-packages/airflow/example_dags/example_kubernetes_executor.py
[2024-03-24T08:33:30.398+0000] {processor.py:766} INFO - DAG(s) dict_keys(['example_kubernetes_executor']) retrieved from /home/airflow/.local/lib/python3.7/site-packages/airflow/example_dags/example_kubernetes_executor.py
[2024-03-24T08:33:30.484+0000] {logging_mixin.py:120} INFO - [2024-03-24T08:33:30.484+0000] {dag.py:2585} INFO - Sync 1 DAGs
[2024-03-24T08:33:30.534+0000] {logging_mixin.py:120} INFO - [2024-03-24T08:33:30.533+0000] {dag.py:3340} INFO - Setting next_dagrun for example_kubernetes_executor to None, run_after=None
[2024-03-24T08:33:30.568+0000] {processor.py:176} INFO - Processing /home/airflow/.local/lib/python3.7/site-packages/airflow/example_dags/example_kubernetes_executor.py took 0.260 seconds
[2024-03-24T08:34:01.386+0000] {processor.py:154} INFO - Started process (PID=397) to work on /home/airflow/.local/lib/python3.7/site-packages/airflow/example_dags/example_kubernetes_executor.py
[2024-03-24T08:34:01.389+0000] {processor.py:756} INFO - Processing file /home/airflow/.local/lib/python3.7/site-packages/airflow/example_dags/example_kubernetes_executor.py for tasks to queue
[2024-03-24T08:34:01.393+0000] {logging_mixin.py:120} INFO - [2024-03-24T08:34:01.393+0000] {dagbag.py:537} INFO - Filling up the DagBag from /home/airflow/.local/lib/python3.7/site-packages/airflow/example_dags/example_kubernetes_executor.py
[2024-03-24T08:34:01.507+0000] {processor.py:766} INFO - DAG(s) dict_keys(['example_kubernetes_executor']) retrieved from /home/airflow/.local/lib/python3.7/site-packages/airflow/example_dags/example_kubernetes_executor.py
[2024-03-24T08:34:01.730+0000] {logging_mixin.py:120} INFO - [2024-03-24T08:34:01.729+0000] {dag.py:2585} INFO - Sync 1 DAGs
[2024-03-24T08:34:01.829+0000] {logging_mixin.py:120} INFO - [2024-03-24T08:34:01.828+0000] {dag.py:3340} INFO - Setting next_dagrun for example_kubernetes_executor to None, run_after=None
[2024-03-24T08:34:01.986+0000] {processor.py:176} INFO - Processing /home/airflow/.local/lib/python3.7/site-packages/airflow/example_dags/example_kubernetes_executor.py took 0.613 seconds
[2024-03-24T08:34:32.181+0000] {processor.py:154} INFO - Started process (PID=461) to work on /home/airflow/.local/lib/python3.7/site-packages/airflow/example_dags/example_kubernetes_executor.py
[2024-03-24T08:34:32.185+0000] {processor.py:756} INFO - Processing file /home/airflow/.local/lib/python3.7/site-packages/airflow/example_dags/example_kubernetes_executor.py for tasks to queue
[2024-03-24T08:34:32.195+0000] {logging_mixin.py:120} INFO - [2024-03-24T08:34:32.192+0000] {dagbag.py:537} INFO - Filling up the DagBag from /home/airflow/.local/lib/python3.7/site-packages/airflow/example_dags/example_kubernetes_executor.py
[2024-03-24T08:34:32.571+0000] {processor.py:766} INFO - DAG(s) dict_keys(['example_kubernetes_executor']) retrieved from /home/airflow/.local/lib/python3.7/site-packages/airflow/example_dags/example_kubernetes_executor.py
[2024-03-24T08:34:32.864+0000] {logging_mixin.py:120} INFO - [2024-03-24T08:34:32.863+0000] {dag.py:2585} INFO - Sync 1 DAGs
[2024-03-24T08:34:33.017+0000] {logging_mixin.py:120} INFO - [2024-03-24T08:34:33.017+0000] {dag.py:3340} INFO - Setting next_dagrun for example_kubernetes_executor to None, run_after=None
[2024-03-24T08:34:33.071+0000] {processor.py:176} INFO - Processing /home/airflow/.local/lib/python3.7/site-packages/airflow/example_dags/example_kubernetes_executor.py took 0.907 seconds
[2024-03-24T08:35:03.599+0000] {processor.py:154} INFO - Started process (PID=515) to work on /home/airflow/.local/lib/python3.7/site-packages/airflow/example_dags/example_kubernetes_executor.py
[2024-03-24T08:35:03.602+0000] {processor.py:756} INFO - Processing file /home/airflow/.local/lib/python3.7/site-packages/airflow/example_dags/example_kubernetes_executor.py for tasks to queue
[2024-03-24T08:35:03.605+0000] {logging_mixin.py:120} INFO - [2024-03-24T08:35:03.605+0000] {dagbag.py:537} INFO - Filling up the DagBag from /home/airflow/.local/lib/python3.7/site-packages/airflow/example_dags/example_kubernetes_executor.py
[2024-03-24T08:35:03.672+0000] {processor.py:766} INFO - DAG(s) dict_keys(['example_kubernetes_executor']) retrieved from /home/airflow/.local/lib/python3.7/site-packages/airflow/example_dags/example_kubernetes_executor.py
[2024-03-24T08:35:03.771+0000] {logging_mixin.py:120} INFO - [2024-03-24T08:35:03.771+0000] {dag.py:2585} INFO - Sync 1 DAGs
[2024-03-24T08:35:03.818+0000] {logging_mixin.py:120} INFO - [2024-03-24T08:35:03.817+0000] {dag.py:3340} INFO - Setting next_dagrun for example_kubernetes_executor to None, run_after=None
[2024-03-24T08:35:03.873+0000] {processor.py:176} INFO - Processing /home/airflow/.local/lib/python3.7/site-packages/airflow/example_dags/example_kubernetes_executor.py took 0.282 seconds
[2024-03-24T08:35:34.489+0000] {processor.py:154} INFO - Started process (PID=569) to work on /home/airflow/.local/lib/python3.7/site-packages/airflow/example_dags/example_kubernetes_executor.py
[2024-03-24T08:35:34.495+0000] {processor.py:756} INFO - Processing file /home/airflow/.local/lib/python3.7/site-packages/airflow/example_dags/example_kubernetes_executor.py for tasks to queue
[2024-03-24T08:35:34.519+0000] {logging_mixin.py:120} INFO - [2024-03-24T08:35:34.518+0000] {dagbag.py:537} INFO - Filling up the DagBag from /home/airflow/.local/lib/python3.7/site-packages/airflow/example_dags/example_kubernetes_executor.py
[2024-03-24T08:35:34.604+0000] {processor.py:766} INFO - DAG(s) dict_keys(['example_kubernetes_executor']) retrieved from /home/airflow/.local/lib/python3.7/site-packages/airflow/example_dags/example_kubernetes_executor.py
[2024-03-24T08:35:34.746+0000] {logging_mixin.py:120} INFO - [2024-03-24T08:35:34.745+0000] {dag.py:2585} INFO - Sync 1 DAGs
[2024-03-24T08:35:34.833+0000] {logging_mixin.py:120} INFO - [2024-03-24T08:35:34.832+0000] {dag.py:3340} INFO - Setting next_dagrun for example_kubernetes_executor to None, run_after=None
[2024-03-24T08:35:34.879+0000] {processor.py:176} INFO - Processing /home/airflow/.local/lib/python3.7/site-packages/airflow/example_dags/example_kubernetes_executor.py took 0.405 seconds
[2024-03-24T08:36:04.960+0000] {processor.py:154} INFO - Started process (PID=631) to work on /home/airflow/.local/lib/python3.7/site-packages/airflow/example_dags/example_kubernetes_executor.py
[2024-03-24T08:36:04.976+0000] {processor.py:756} INFO - Processing file /home/airflow/.local/lib/python3.7/site-packages/airflow/example_dags/example_kubernetes_executor.py for tasks to queue
[2024-03-24T08:36:04.991+0000] {logging_mixin.py:120} INFO - [2024-03-24T08:36:04.990+0000] {dagbag.py:537} INFO - Filling up the DagBag from /home/airflow/.local/lib/python3.7/site-packages/airflow/example_dags/example_kubernetes_executor.py
[2024-03-24T08:36:05.116+0000] {processor.py:766} INFO - DAG(s) dict_keys(['example_kubernetes_executor']) retrieved from /home/airflow/.local/lib/python3.7/site-packages/airflow/example_dags/example_kubernetes_executor.py
[2024-03-24T08:36:05.223+0000] {logging_mixin.py:120} INFO - [2024-03-24T08:36:05.223+0000] {dag.py:2585} INFO - Sync 1 DAGs
[2024-03-24T08:36:05.291+0000] {logging_mixin.py:120} INFO - [2024-03-24T08:36:05.291+0000] {dag.py:3340} INFO - Setting next_dagrun for example_kubernetes_executor to None, run_after=None
[2024-03-24T08:36:05.348+0000] {processor.py:176} INFO - Processing /home/airflow/.local/lib/python3.7/site-packages/airflow/example_dags/example_kubernetes_executor.py took 0.406 seconds
[2024-03-24T08:36:35.509+0000] {processor.py:154} INFO - Started process (PID=686) to work on /home/airflow/.local/lib/python3.7/site-packages/airflow/example_dags/example_kubernetes_executor.py
[2024-03-24T08:36:35.513+0000] {processor.py:756} INFO - Processing file /home/airflow/.local/lib/python3.7/site-packages/airflow/example_dags/example_kubernetes_executor.py for tasks to queue
[2024-03-24T08:36:35.516+0000] {logging_mixin.py:120} INFO - [2024-03-24T08:36:35.515+0000] {dagbag.py:537} INFO - Filling up the DagBag from /home/airflow/.local/lib/python3.7/site-packages/airflow/example_dags/example_kubernetes_executor.py
[2024-03-24T08:36:35.586+0000] {processor.py:766} INFO - DAG(s) dict_keys(['example_kubernetes_executor']) retrieved from /home/airflow/.local/lib/python3.7/site-packages/airflow/example_dags/example_kubernetes_executor.py
[2024-03-24T08:36:35.683+0000] {logging_mixin.py:120} INFO - [2024-03-24T08:36:35.683+0000] {dag.py:2585} INFO - Sync 1 DAGs
[2024-03-24T08:36:35.730+0000] {logging_mixin.py:120} INFO - [2024-03-24T08:36:35.730+0000] {dag.py:3340} INFO - Setting next_dagrun for example_kubernetes_executor to None, run_after=None
[2024-03-24T08:36:35.763+0000] {processor.py:176} INFO - Processing /home/airflow/.local/lib/python3.7/site-packages/airflow/example_dags/example_kubernetes_executor.py took 0.265 seconds
[2024-03-24T08:37:06.006+0000] {processor.py:154} INFO - Started process (PID=739) to work on /home/airflow/.local/lib/python3.7/site-packages/airflow/example_dags/example_kubernetes_executor.py
[2024-03-24T08:37:06.010+0000] {processor.py:756} INFO - Processing file /home/airflow/.local/lib/python3.7/site-packages/airflow/example_dags/example_kubernetes_executor.py for tasks to queue
[2024-03-24T08:37:06.015+0000] {logging_mixin.py:120} INFO - [2024-03-24T08:37:06.015+0000] {dagbag.py:537} INFO - Filling up the DagBag from /home/airflow/.local/lib/python3.7/site-packages/airflow/example_dags/example_kubernetes_executor.py
[2024-03-24T08:37:06.108+0000] {processor.py:766} INFO - DAG(s) dict_keys(['example_kubernetes_executor']) retrieved from /home/airflow/.local/lib/python3.7/site-packages/airflow/example_dags/example_kubernetes_executor.py
[2024-03-24T08:37:06.257+0000] {logging_mixin.py:120} INFO - [2024-03-24T08:37:06.257+0000] {dag.py:2585} INFO - Sync 1 DAGs
[2024-03-24T08:37:06.360+0000] {logging_mixin.py:120} INFO - [2024-03-24T08:37:06.359+0000] {dag.py:3340} INFO - Setting next_dagrun for example_kubernetes_executor to None, run_after=None
[2024-03-24T08:37:06.417+0000] {processor.py:176} INFO - Processing /home/airflow/.local/lib/python3.7/site-packages/airflow/example_dags/example_kubernetes_executor.py took 0.427 seconds
[2024-03-24T08:37:36.916+0000] {processor.py:154} INFO - Started process (PID=804) to work on /home/airflow/.local/lib/python3.7/site-packages/airflow/example_dags/example_kubernetes_executor.py
[2024-03-24T08:37:36.924+0000] {processor.py:756} INFO - Processing file /home/airflow/.local/lib/python3.7/site-packages/airflow/example_dags/example_kubernetes_executor.py for tasks to queue
[2024-03-24T08:37:36.929+0000] {logging_mixin.py:120} INFO - [2024-03-24T08:37:36.928+0000] {dagbag.py:537} INFO - Filling up the DagBag from /home/airflow/.local/lib/python3.7/site-packages/airflow/example_dags/example_kubernetes_executor.py
[2024-03-24T08:37:37.077+0000] {processor.py:766} INFO - DAG(s) dict_keys(['example_kubernetes_executor']) retrieved from /home/airflow/.local/lib/python3.7/site-packages/airflow/example_dags/example_kubernetes_executor.py
[2024-03-24T08:37:37.342+0000] {logging_mixin.py:120} INFO - [2024-03-24T08:37:37.340+0000] {dag.py:2585} INFO - Sync 1 DAGs
[2024-03-24T08:37:37.488+0000] {logging_mixin.py:120} INFO - [2024-03-24T08:37:37.488+0000] {dag.py:3340} INFO - Setting next_dagrun for example_kubernetes_executor to None, run_after=None
[2024-03-24T08:37:37.580+0000] {processor.py:176} INFO - Processing /home/airflow/.local/lib/python3.7/site-packages/airflow/example_dags/example_kubernetes_executor.py took 0.690 seconds
[2024-03-24T08:38:07.848+0000] {processor.py:154} INFO - Started process (PID=858) to work on /home/airflow/.local/lib/python3.7/site-packages/airflow/example_dags/example_kubernetes_executor.py
[2024-03-24T08:38:07.851+0000] {processor.py:756} INFO - Processing file /home/airflow/.local/lib/python3.7/site-packages/airflow/example_dags/example_kubernetes_executor.py for tasks to queue
[2024-03-24T08:38:07.853+0000] {logging_mixin.py:120} INFO - [2024-03-24T08:38:07.853+0000] {dagbag.py:537} INFO - Filling up the DagBag from /home/airflow/.local/lib/python3.7/site-packages/airflow/example_dags/example_kubernetes_executor.py
[2024-03-24T08:38:07.904+0000] {processor.py:766} INFO - DAG(s) dict_keys(['example_kubernetes_executor']) retrieved from /home/airflow/.local/lib/python3.7/site-packages/airflow/example_dags/example_kubernetes_executor.py
[2024-03-24T08:38:07.981+0000] {logging_mixin.py:120} INFO - [2024-03-24T08:38:07.980+0000] {dag.py:2585} INFO - Sync 1 DAGs
[2024-03-24T08:38:08.022+0000] {logging_mixin.py:120} INFO - [2024-03-24T08:38:08.022+0000] {dag.py:3340} INFO - Setting next_dagrun for example_kubernetes_executor to None, run_after=None
[2024-03-24T08:38:08.056+0000] {processor.py:176} INFO - Processing /home/airflow/.local/lib/python3.7/site-packages/airflow/example_dags/example_kubernetes_executor.py took 0.215 seconds
[2024-03-24T08:38:38.128+0000] {processor.py:154} INFO - Started process (PID=921) to work on /home/airflow/.local/lib/python3.7/site-packages/airflow/example_dags/example_kubernetes_executor.py
[2024-03-24T08:38:38.130+0000] {processor.py:756} INFO - Processing file /home/airflow/.local/lib/python3.7/site-packages/airflow/example_dags/example_kubernetes_executor.py for tasks to queue
[2024-03-24T08:38:38.133+0000] {logging_mixin.py:120} INFO - [2024-03-24T08:38:38.132+0000] {dagbag.py:537} INFO - Filling up the DagBag from /home/airflow/.local/lib/python3.7/site-packages/airflow/example_dags/example_kubernetes_executor.py
[2024-03-24T08:38:38.201+0000] {processor.py:766} INFO - DAG(s) dict_keys(['example_kubernetes_executor']) retrieved from /home/airflow/.local/lib/python3.7/site-packages/airflow/example_dags/example_kubernetes_executor.py
[2024-03-24T08:38:38.294+0000] {logging_mixin.py:120} INFO - [2024-03-24T08:38:38.294+0000] {dag.py:2585} INFO - Sync 1 DAGs
[2024-03-24T08:38:38.350+0000] {logging_mixin.py:120} INFO - [2024-03-24T08:38:38.349+0000] {dag.py:3340} INFO - Setting next_dagrun for example_kubernetes_executor to None, run_after=None
[2024-03-24T08:38:38.390+0000] {processor.py:176} INFO - Processing /home/airflow/.local/lib/python3.7/site-packages/airflow/example_dags/example_kubernetes_executor.py took 0.273 seconds
[2024-03-24T08:39:08.492+0000] {processor.py:154} INFO - Started process (PID=975) to work on /home/airflow/.local/lib/python3.7/site-packages/airflow/example_dags/example_kubernetes_executor.py
[2024-03-24T08:39:08.497+0000] {processor.py:756} INFO - Processing file /home/airflow/.local/lib/python3.7/site-packages/airflow/example_dags/example_kubernetes_executor.py for tasks to queue
[2024-03-24T08:39:08.499+0000] {logging_mixin.py:120} INFO - [2024-03-24T08:39:08.499+0000] {dagbag.py:537} INFO - Filling up the DagBag from /home/airflow/.local/lib/python3.7/site-packages/airflow/example_dags/example_kubernetes_executor.py
[2024-03-24T08:39:08.564+0000] {processor.py:766} INFO - DAG(s) dict_keys(['example_kubernetes_executor']) retrieved from /home/airflow/.local/lib/python3.7/site-packages/airflow/example_dags/example_kubernetes_executor.py
[2024-03-24T08:39:08.653+0000] {logging_mixin.py:120} INFO - [2024-03-24T08:39:08.652+0000] {dag.py:2585} INFO - Sync 1 DAGs
[2024-03-24T08:39:08.698+0000] {logging_mixin.py:120} INFO - [2024-03-24T08:39:08.698+0000] {dag.py:3340} INFO - Setting next_dagrun for example_kubernetes_executor to None, run_after=None
[2024-03-24T08:39:08.728+0000] {processor.py:176} INFO - Processing /home/airflow/.local/lib/python3.7/site-packages/airflow/example_dags/example_kubernetes_executor.py took 0.242 seconds
[2024-03-24T08:39:38.997+0000] {processor.py:154} INFO - Started process (PID=1040) to work on /home/airflow/.local/lib/python3.7/site-packages/airflow/example_dags/example_kubernetes_executor.py
[2024-03-24T08:39:39.000+0000] {processor.py:756} INFO - Processing file /home/airflow/.local/lib/python3.7/site-packages/airflow/example_dags/example_kubernetes_executor.py for tasks to queue
[2024-03-24T08:39:39.006+0000] {logging_mixin.py:120} INFO - [2024-03-24T08:39:39.006+0000] {dagbag.py:537} INFO - Filling up the DagBag from /home/airflow/.local/lib/python3.7/site-packages/airflow/example_dags/example_kubernetes_executor.py
[2024-03-24T08:39:39.094+0000] {processor.py:766} INFO - DAG(s) dict_keys(['example_kubernetes_executor']) retrieved from /home/airflow/.local/lib/python3.7/site-packages/airflow/example_dags/example_kubernetes_executor.py
[2024-03-24T08:39:39.225+0000] {logging_mixin.py:120} INFO - [2024-03-24T08:39:39.225+0000] {dag.py:2585} INFO - Sync 1 DAGs
[2024-03-24T08:39:39.315+0000] {logging_mixin.py:120} INFO - [2024-03-24T08:39:39.315+0000] {dag.py:3340} INFO - Setting next_dagrun for example_kubernetes_executor to None, run_after=None
[2024-03-24T08:39:39.363+0000] {processor.py:176} INFO - Processing /home/airflow/.local/lib/python3.7/site-packages/airflow/example_dags/example_kubernetes_executor.py took 0.376 seconds
[2024-03-24T08:40:09.968+0000] {processor.py:154} INFO - Started process (PID=1096) to work on /home/airflow/.local/lib/python3.7/site-packages/airflow/example_dags/example_kubernetes_executor.py
[2024-03-24T08:40:09.971+0000] {processor.py:756} INFO - Processing file /home/airflow/.local/lib/python3.7/site-packages/airflow/example_dags/example_kubernetes_executor.py for tasks to queue
[2024-03-24T08:40:09.974+0000] {logging_mixin.py:120} INFO - [2024-03-24T08:40:09.973+0000] {dagbag.py:537} INFO - Filling up the DagBag from /home/airflow/.local/lib/python3.7/site-packages/airflow/example_dags/example_kubernetes_executor.py
[2024-03-24T08:40:10.041+0000] {processor.py:766} INFO - DAG(s) dict_keys(['example_kubernetes_executor']) retrieved from /home/airflow/.local/lib/python3.7/site-packages/airflow/example_dags/example_kubernetes_executor.py
[2024-03-24T08:40:10.156+0000] {logging_mixin.py:120} INFO - [2024-03-24T08:40:10.155+0000] {dag.py:2585} INFO - Sync 1 DAGs
[2024-03-24T08:40:10.211+0000] {logging_mixin.py:120} INFO - [2024-03-24T08:40:10.210+0000] {dag.py:3340} INFO - Setting next_dagrun for example_kubernetes_executor to None, run_after=None
[2024-03-24T08:40:10.269+0000] {processor.py:176} INFO - Processing /home/airflow/.local/lib/python3.7/site-packages/airflow/example_dags/example_kubernetes_executor.py took 0.312 seconds
[2024-03-24T08:40:40.618+0000] {processor.py:154} INFO - Started process (PID=1157) to work on /home/airflow/.local/lib/python3.7/site-packages/airflow/example_dags/example_kubernetes_executor.py
[2024-03-24T08:40:40.622+0000] {processor.py:756} INFO - Processing file /home/airflow/.local/lib/python3.7/site-packages/airflow/example_dags/example_kubernetes_executor.py for tasks to queue
[2024-03-24T08:40:40.625+0000] {logging_mixin.py:120} INFO - [2024-03-24T08:40:40.624+0000] {dagbag.py:537} INFO - Filling up the DagBag from /home/airflow/.local/lib/python3.7/site-packages/airflow/example_dags/example_kubernetes_executor.py
[2024-03-24T08:40:40.714+0000] {processor.py:766} INFO - DAG(s) dict_keys(['example_kubernetes_executor']) retrieved from /home/airflow/.local/lib/python3.7/site-packages/airflow/example_dags/example_kubernetes_executor.py
[2024-03-24T08:40:40.818+0000] {logging_mixin.py:120} INFO - [2024-03-24T08:40:40.818+0000] {dag.py:2585} INFO - Sync 1 DAGs
[2024-03-24T08:40:40.868+0000] {logging_mixin.py:120} INFO - [2024-03-24T08:40:40.868+0000] {dag.py:3340} INFO - Setting next_dagrun for example_kubernetes_executor to None, run_after=None
[2024-03-24T08:40:40.904+0000] {processor.py:176} INFO - Processing /home/airflow/.local/lib/python3.7/site-packages/airflow/example_dags/example_kubernetes_executor.py took 0.302 seconds
[2024-03-24T08:41:11.162+0000] {processor.py:154} INFO - Started process (PID=1215) to work on /home/airflow/.local/lib/python3.7/site-packages/airflow/example_dags/example_kubernetes_executor.py
[2024-03-24T08:41:11.164+0000] {processor.py:756} INFO - Processing file /home/airflow/.local/lib/python3.7/site-packages/airflow/example_dags/example_kubernetes_executor.py for tasks to queue
[2024-03-24T08:41:11.166+0000] {logging_mixin.py:120} INFO - [2024-03-24T08:41:11.166+0000] {dagbag.py:537} INFO - Filling up the DagBag from /home/airflow/.local/lib/python3.7/site-packages/airflow/example_dags/example_kubernetes_executor.py
[2024-03-24T08:41:11.213+0000] {processor.py:766} INFO - DAG(s) dict_keys(['example_kubernetes_executor']) retrieved from /home/airflow/.local/lib/python3.7/site-packages/airflow/example_dags/example_kubernetes_executor.py
[2024-03-24T08:41:11.286+0000] {logging_mixin.py:120} INFO - [2024-03-24T08:41:11.286+0000] {dag.py:2585} INFO - Sync 1 DAGs
[2024-03-24T08:41:11.331+0000] {logging_mixin.py:120} INFO - [2024-03-24T08:41:11.331+0000] {dag.py:3340} INFO - Setting next_dagrun for example_kubernetes_executor to None, run_after=None
[2024-03-24T08:41:11.370+0000] {processor.py:176} INFO - Processing /home/airflow/.local/lib/python3.7/site-packages/airflow/example_dags/example_kubernetes_executor.py took 0.214 seconds
[2024-03-24T08:41:41.645+0000] {processor.py:154} INFO - Started process (PID=1275) to work on /home/airflow/.local/lib/python3.7/site-packages/airflow/example_dags/example_kubernetes_executor.py
[2024-03-24T08:41:41.648+0000] {processor.py:756} INFO - Processing file /home/airflow/.local/lib/python3.7/site-packages/airflow/example_dags/example_kubernetes_executor.py for tasks to queue
[2024-03-24T08:41:41.650+0000] {logging_mixin.py:120} INFO - [2024-03-24T08:41:41.650+0000] {dagbag.py:537} INFO - Filling up the DagBag from /home/airflow/.local/lib/python3.7/site-packages/airflow/example_dags/example_kubernetes_executor.py
[2024-03-24T08:41:41.706+0000] {processor.py:766} INFO - DAG(s) dict_keys(['example_kubernetes_executor']) retrieved from /home/airflow/.local/lib/python3.7/site-packages/airflow/example_dags/example_kubernetes_executor.py
[2024-03-24T08:41:41.798+0000] {logging_mixin.py:120} INFO - [2024-03-24T08:41:41.798+0000] {dag.py:2585} INFO - Sync 1 DAGs
[2024-03-24T08:41:41.866+0000] {logging_mixin.py:120} INFO - [2024-03-24T08:41:41.866+0000] {dag.py:3340} INFO - Setting next_dagrun for example_kubernetes_executor to None, run_after=None
[2024-03-24T08:41:41.913+0000] {processor.py:176} INFO - Processing /home/airflow/.local/lib/python3.7/site-packages/airflow/example_dags/example_kubernetes_executor.py took 0.274 seconds
[2024-03-24T08:42:12.140+0000] {processor.py:154} INFO - Started process (PID=1332) to work on /home/airflow/.local/lib/python3.7/site-packages/airflow/example_dags/example_kubernetes_executor.py
[2024-03-24T08:42:12.145+0000] {processor.py:756} INFO - Processing file /home/airflow/.local/lib/python3.7/site-packages/airflow/example_dags/example_kubernetes_executor.py for tasks to queue
[2024-03-24T08:42:12.147+0000] {logging_mixin.py:120} INFO - [2024-03-24T08:42:12.147+0000] {dagbag.py:537} INFO - Filling up the DagBag from /home/airflow/.local/lib/python3.7/site-packages/airflow/example_dags/example_kubernetes_executor.py
[2024-03-24T08:42:12.215+0000] {processor.py:766} INFO - DAG(s) dict_keys(['example_kubernetes_executor']) retrieved from /home/airflow/.local/lib/python3.7/site-packages/airflow/example_dags/example_kubernetes_executor.py
[2024-03-24T08:42:12.297+0000] {logging_mixin.py:120} INFO - [2024-03-24T08:42:12.297+0000] {dag.py:2585} INFO - Sync 1 DAGs
[2024-03-24T08:42:12.349+0000] {logging_mixin.py:120} INFO - [2024-03-24T08:42:12.349+0000] {dag.py:3340} INFO - Setting next_dagrun for example_kubernetes_executor to None, run_after=None
[2024-03-24T08:42:12.387+0000] {processor.py:176} INFO - Processing /home/airflow/.local/lib/python3.7/site-packages/airflow/example_dags/example_kubernetes_executor.py took 0.256 seconds
[2024-03-24T08:42:42.760+0000] {processor.py:154} INFO - Started process (PID=1395) to work on /home/airflow/.local/lib/python3.7/site-packages/airflow/example_dags/example_kubernetes_executor.py
[2024-03-24T08:42:42.764+0000] {processor.py:756} INFO - Processing file /home/airflow/.local/lib/python3.7/site-packages/airflow/example_dags/example_kubernetes_executor.py for tasks to queue
[2024-03-24T08:42:42.766+0000] {logging_mixin.py:120} INFO - [2024-03-24T08:42:42.766+0000] {dagbag.py:537} INFO - Filling up the DagBag from /home/airflow/.local/lib/python3.7/site-packages/airflow/example_dags/example_kubernetes_executor.py
[2024-03-24T08:42:42.826+0000] {processor.py:766} INFO - DAG(s) dict_keys(['example_kubernetes_executor']) retrieved from /home/airflow/.local/lib/python3.7/site-packages/airflow/example_dags/example_kubernetes_executor.py
[2024-03-24T08:42:42.909+0000] {logging_mixin.py:120} INFO - [2024-03-24T08:42:42.909+0000] {dag.py:2585} INFO - Sync 1 DAGs
[2024-03-24T08:42:42.997+0000] {logging_mixin.py:120} INFO - [2024-03-24T08:42:42.997+0000] {dag.py:3340} INFO - Setting next_dagrun for example_kubernetes_executor to None, run_after=None
[2024-03-24T08:42:43.028+0000] {processor.py:176} INFO - Processing /home/airflow/.local/lib/python3.7/site-packages/airflow/example_dags/example_kubernetes_executor.py took 0.274 seconds
[2024-03-24T08:43:13.798+0000] {processor.py:154} INFO - Started process (PID=1450) to work on /home/airflow/.local/lib/python3.7/site-packages/airflow/example_dags/example_kubernetes_executor.py
[2024-03-24T08:43:13.801+0000] {processor.py:756} INFO - Processing file /home/airflow/.local/lib/python3.7/site-packages/airflow/example_dags/example_kubernetes_executor.py for tasks to queue
[2024-03-24T08:43:13.803+0000] {logging_mixin.py:120} INFO - [2024-03-24T08:43:13.803+0000] {dagbag.py:537} INFO - Filling up the DagBag from /home/airflow/.local/lib/python3.7/site-packages/airflow/example_dags/example_kubernetes_executor.py
[2024-03-24T08:43:13.855+0000] {processor.py:766} INFO - DAG(s) dict_keys(['example_kubernetes_executor']) retrieved from /home/airflow/.local/lib/python3.7/site-packages/airflow/example_dags/example_kubernetes_executor.py
[2024-03-24T08:43:13.930+0000] {logging_mixin.py:120} INFO - [2024-03-24T08:43:13.929+0000] {dag.py:2585} INFO - Sync 1 DAGs
[2024-03-24T08:43:13.973+0000] {logging_mixin.py:120} INFO - [2024-03-24T08:43:13.973+0000] {dag.py:3340} INFO - Setting next_dagrun for example_kubernetes_executor to None, run_after=None
[2024-03-24T08:43:14.005+0000] {processor.py:176} INFO - Processing /home/airflow/.local/lib/python3.7/site-packages/airflow/example_dags/example_kubernetes_executor.py took 0.215 seconds
[2024-03-24T08:43:44.768+0000] {processor.py:154} INFO - Started process (PID=1515) to work on /home/airflow/.local/lib/python3.7/site-packages/airflow/example_dags/example_kubernetes_executor.py
[2024-03-24T08:43:44.770+0000] {processor.py:756} INFO - Processing file /home/airflow/.local/lib/python3.7/site-packages/airflow/example_dags/example_kubernetes_executor.py for tasks to queue
[2024-03-24T08:43:44.774+0000] {logging_mixin.py:120} INFO - [2024-03-24T08:43:44.774+0000] {dagbag.py:537} INFO - Filling up the DagBag from /home/airflow/.local/lib/python3.7/site-packages/airflow/example_dags/example_kubernetes_executor.py
[2024-03-24T08:43:44.832+0000] {processor.py:766} INFO - DAG(s) dict_keys(['example_kubernetes_executor']) retrieved from /home/airflow/.local/lib/python3.7/site-packages/airflow/example_dags/example_kubernetes_executor.py
[2024-03-24T08:43:44.941+0000] {logging_mixin.py:120} INFO - [2024-03-24T08:43:44.940+0000] {dag.py:2585} INFO - Sync 1 DAGs
[2024-03-24T08:43:45.006+0000] {logging_mixin.py:120} INFO - [2024-03-24T08:43:45.006+0000] {dag.py:3340} INFO - Setting next_dagrun for example_kubernetes_executor to None, run_after=None
[2024-03-24T08:43:45.044+0000] {processor.py:176} INFO - Processing /home/airflow/.local/lib/python3.7/site-packages/airflow/example_dags/example_kubernetes_executor.py took 0.283 seconds
[2024-03-24T08:44:15.096+0000] {processor.py:154} INFO - Started process (PID=1570) to work on /home/airflow/.local/lib/python3.7/site-packages/airflow/example_dags/example_kubernetes_executor.py
[2024-03-24T08:44:15.098+0000] {processor.py:756} INFO - Processing file /home/airflow/.local/lib/python3.7/site-packages/airflow/example_dags/example_kubernetes_executor.py for tasks to queue
[2024-03-24T08:44:15.100+0000] {logging_mixin.py:120} INFO - [2024-03-24T08:44:15.100+0000] {dagbag.py:537} INFO - Filling up the DagBag from /home/airflow/.local/lib/python3.7/site-packages/airflow/example_dags/example_kubernetes_executor.py
[2024-03-24T08:44:15.150+0000] {processor.py:766} INFO - DAG(s) dict_keys(['example_kubernetes_executor']) retrieved from /home/airflow/.local/lib/python3.7/site-packages/airflow/example_dags/example_kubernetes_executor.py
[2024-03-24T08:44:15.220+0000] {logging_mixin.py:120} INFO - [2024-03-24T08:44:15.220+0000] {dag.py:2585} INFO - Sync 1 DAGs
[2024-03-24T08:44:15.269+0000] {logging_mixin.py:120} INFO - [2024-03-24T08:44:15.269+0000] {dag.py:3340} INFO - Setting next_dagrun for example_kubernetes_executor to None, run_after=None
[2024-03-24T08:44:15.303+0000] {processor.py:176} INFO - Processing /home/airflow/.local/lib/python3.7/site-packages/airflow/example_dags/example_kubernetes_executor.py took 0.214 seconds
[2024-03-24T08:44:45.517+0000] {processor.py:154} INFO - Started process (PID=1633) to work on /home/airflow/.local/lib/python3.7/site-packages/airflow/example_dags/example_kubernetes_executor.py
[2024-03-24T08:44:45.520+0000] {processor.py:756} INFO - Processing file /home/airflow/.local/lib/python3.7/site-packages/airflow/example_dags/example_kubernetes_executor.py for tasks to queue
[2024-03-24T08:44:45.522+0000] {logging_mixin.py:120} INFO - [2024-03-24T08:44:45.521+0000] {dagbag.py:537} INFO - Filling up the DagBag from /home/airflow/.local/lib/python3.7/site-packages/airflow/example_dags/example_kubernetes_executor.py
[2024-03-24T08:44:45.586+0000] {processor.py:766} INFO - DAG(s) dict_keys(['example_kubernetes_executor']) retrieved from /home/airflow/.local/lib/python3.7/site-packages/airflow/example_dags/example_kubernetes_executor.py
[2024-03-24T08:44:45.677+0000] {logging_mixin.py:120} INFO - [2024-03-24T08:44:45.677+0000] {dag.py:2585} INFO - Sync 1 DAGs
[2024-03-24T08:44:45.728+0000] {logging_mixin.py:120} INFO - [2024-03-24T08:44:45.728+0000] {dag.py:3340} INFO - Setting next_dagrun for example_kubernetes_executor to None, run_after=None
[2024-03-24T08:44:45.769+0000] {processor.py:176} INFO - Processing /home/airflow/.local/lib/python3.7/site-packages/airflow/example_dags/example_kubernetes_executor.py took 0.259 seconds
[2024-03-24T08:45:15.927+0000] {processor.py:154} INFO - Started process (PID=1688) to work on /home/airflow/.local/lib/python3.7/site-packages/airflow/example_dags/example_kubernetes_executor.py
[2024-03-24T08:45:15.929+0000] {processor.py:756} INFO - Processing file /home/airflow/.local/lib/python3.7/site-packages/airflow/example_dags/example_kubernetes_executor.py for tasks to queue
[2024-03-24T08:45:15.931+0000] {logging_mixin.py:120} INFO - [2024-03-24T08:45:15.931+0000] {dagbag.py:537} INFO - Filling up the DagBag from /home/airflow/.local/lib/python3.7/site-packages/airflow/example_dags/example_kubernetes_executor.py
[2024-03-24T08:45:15.979+0000] {processor.py:766} INFO - DAG(s) dict_keys(['example_kubernetes_executor']) retrieved from /home/airflow/.local/lib/python3.7/site-packages/airflow/example_dags/example_kubernetes_executor.py
[2024-03-24T08:45:16.068+0000] {logging_mixin.py:120} INFO - [2024-03-24T08:45:16.067+0000] {dag.py:2585} INFO - Sync 1 DAGs
[2024-03-24T08:45:16.119+0000] {logging_mixin.py:120} INFO - [2024-03-24T08:45:16.118+0000] {dag.py:3340} INFO - Setting next_dagrun for example_kubernetes_executor to None, run_after=None
[2024-03-24T08:45:16.162+0000] {processor.py:176} INFO - Processing /home/airflow/.local/lib/python3.7/site-packages/airflow/example_dags/example_kubernetes_executor.py took 0.241 seconds
[2024-03-24T08:45:46.391+0000] {processor.py:154} INFO - Started process (PID=1750) to work on /home/airflow/.local/lib/python3.7/site-packages/airflow/example_dags/example_kubernetes_executor.py
[2024-03-24T08:45:46.395+0000] {processor.py:756} INFO - Processing file /home/airflow/.local/lib/python3.7/site-packages/airflow/example_dags/example_kubernetes_executor.py for tasks to queue
[2024-03-24T08:45:46.400+0000] {logging_mixin.py:120} INFO - [2024-03-24T08:45:46.399+0000] {dagbag.py:537} INFO - Filling up the DagBag from /home/airflow/.local/lib/python3.7/site-packages/airflow/example_dags/example_kubernetes_executor.py
[2024-03-24T08:45:46.471+0000] {processor.py:766} INFO - DAG(s) dict_keys(['example_kubernetes_executor']) retrieved from /home/airflow/.local/lib/python3.7/site-packages/airflow/example_dags/example_kubernetes_executor.py
[2024-03-24T08:45:46.569+0000] {logging_mixin.py:120} INFO - [2024-03-24T08:45:46.568+0000] {dag.py:2585} INFO - Sync 1 DAGs
[2024-03-24T08:45:46.643+0000] {logging_mixin.py:120} INFO - [2024-03-24T08:45:46.643+0000] {dag.py:3340} INFO - Setting next_dagrun for example_kubernetes_executor to None, run_after=None
[2024-03-24T08:45:46.681+0000] {processor.py:176} INFO - Processing /home/airflow/.local/lib/python3.7/site-packages/airflow/example_dags/example_kubernetes_executor.py took 0.310 seconds
[2024-03-24T08:46:16.866+0000] {processor.py:154} INFO - Started process (PID=1804) to work on /home/airflow/.local/lib/python3.7/site-packages/airflow/example_dags/example_kubernetes_executor.py
[2024-03-24T08:46:16.868+0000] {processor.py:756} INFO - Processing file /home/airflow/.local/lib/python3.7/site-packages/airflow/example_dags/example_kubernetes_executor.py for tasks to queue
[2024-03-24T08:46:16.870+0000] {logging_mixin.py:120} INFO - [2024-03-24T08:46:16.870+0000] {dagbag.py:537} INFO - Filling up the DagBag from /home/airflow/.local/lib/python3.7/site-packages/airflow/example_dags/example_kubernetes_executor.py
[2024-03-24T08:46:16.922+0000] {processor.py:766} INFO - DAG(s) dict_keys(['example_kubernetes_executor']) retrieved from /home/airflow/.local/lib/python3.7/site-packages/airflow/example_dags/example_kubernetes_executor.py
[2024-03-24T08:46:17.001+0000] {logging_mixin.py:120} INFO - [2024-03-24T08:46:17.001+0000] {dag.py:2585} INFO - Sync 1 DAGs
[2024-03-24T08:46:17.054+0000] {logging_mixin.py:120} INFO - [2024-03-24T08:46:17.054+0000] {dag.py:3340} INFO - Setting next_dagrun for example_kubernetes_executor to None, run_after=None
[2024-03-24T08:46:17.092+0000] {processor.py:176} INFO - Processing /home/airflow/.local/lib/python3.7/site-packages/airflow/example_dags/example_kubernetes_executor.py took 0.231 seconds
[2024-03-24T08:46:47.950+0000] {processor.py:154} INFO - Started process (PID=1868) to work on /home/airflow/.local/lib/python3.7/site-packages/airflow/example_dags/example_kubernetes_executor.py
[2024-03-24T08:46:47.954+0000] {processor.py:756} INFO - Processing file /home/airflow/.local/lib/python3.7/site-packages/airflow/example_dags/example_kubernetes_executor.py for tasks to queue
[2024-03-24T08:46:47.961+0000] {logging_mixin.py:120} INFO - [2024-03-24T08:46:47.961+0000] {dagbag.py:537} INFO - Filling up the DagBag from /home/airflow/.local/lib/python3.7/site-packages/airflow/example_dags/example_kubernetes_executor.py
[2024-03-24T08:46:48.062+0000] {processor.py:766} INFO - DAG(s) dict_keys(['example_kubernetes_executor']) retrieved from /home/airflow/.local/lib/python3.7/site-packages/airflow/example_dags/example_kubernetes_executor.py
[2024-03-24T08:46:48.151+0000] {logging_mixin.py:120} INFO - [2024-03-24T08:46:48.150+0000] {dag.py:2585} INFO - Sync 1 DAGs
[2024-03-24T08:46:48.198+0000] {logging_mixin.py:120} INFO - [2024-03-24T08:46:48.198+0000] {dag.py:3340} INFO - Setting next_dagrun for example_kubernetes_executor to None, run_after=None
[2024-03-24T08:46:48.241+0000] {processor.py:176} INFO - Processing /home/airflow/.local/lib/python3.7/site-packages/airflow/example_dags/example_kubernetes_executor.py took 0.310 seconds
[2024-03-24T08:47:18.690+0000] {processor.py:154} INFO - Started process (PID=1920) to work on /home/airflow/.local/lib/python3.7/site-packages/airflow/example_dags/example_kubernetes_executor.py
[2024-03-24T08:47:18.692+0000] {processor.py:756} INFO - Processing file /home/airflow/.local/lib/python3.7/site-packages/airflow/example_dags/example_kubernetes_executor.py for tasks to queue
[2024-03-24T08:47:18.694+0000] {logging_mixin.py:120} INFO - [2024-03-24T08:47:18.694+0000] {dagbag.py:537} INFO - Filling up the DagBag from /home/airflow/.local/lib/python3.7/site-packages/airflow/example_dags/example_kubernetes_executor.py
[2024-03-24T08:47:18.751+0000] {processor.py:766} INFO - DAG(s) dict_keys(['example_kubernetes_executor']) retrieved from /home/airflow/.local/lib/python3.7/site-packages/airflow/example_dags/example_kubernetes_executor.py
[2024-03-24T08:47:18.830+0000] {logging_mixin.py:120} INFO - [2024-03-24T08:47:18.830+0000] {dag.py:2585} INFO - Sync 1 DAGs
[2024-03-24T08:47:18.887+0000] {logging_mixin.py:120} INFO - [2024-03-24T08:47:18.887+0000] {dag.py:3340} INFO - Setting next_dagrun for example_kubernetes_executor to None, run_after=None
[2024-03-24T08:47:18.926+0000] {processor.py:176} INFO - Processing /home/airflow/.local/lib/python3.7/site-packages/airflow/example_dags/example_kubernetes_executor.py took 0.242 seconds
[2024-03-24T08:47:49.523+0000] {processor.py:154} INFO - Started process (PID=1983) to work on /home/airflow/.local/lib/python3.7/site-packages/airflow/example_dags/example_kubernetes_executor.py
[2024-03-24T08:47:49.528+0000] {processor.py:756} INFO - Processing file /home/airflow/.local/lib/python3.7/site-packages/airflow/example_dags/example_kubernetes_executor.py for tasks to queue
[2024-03-24T08:47:49.530+0000] {logging_mixin.py:120} INFO - [2024-03-24T08:47:49.530+0000] {dagbag.py:537} INFO - Filling up the DagBag from /home/airflow/.local/lib/python3.7/site-packages/airflow/example_dags/example_kubernetes_executor.py
[2024-03-24T08:47:49.609+0000] {processor.py:766} INFO - DAG(s) dict_keys(['example_kubernetes_executor']) retrieved from /home/airflow/.local/lib/python3.7/site-packages/airflow/example_dags/example_kubernetes_executor.py
[2024-03-24T08:47:49.689+0000] {logging_mixin.py:120} INFO - [2024-03-24T08:47:49.689+0000] {dag.py:2585} INFO - Sync 1 DAGs
[2024-03-24T08:47:49.747+0000] {logging_mixin.py:120} INFO - [2024-03-24T08:47:49.744+0000] {dag.py:3340} INFO - Setting next_dagrun for example_kubernetes_executor to None, run_after=None
[2024-03-24T08:47:49.795+0000] {processor.py:176} INFO - Processing /home/airflow/.local/lib/python3.7/site-packages/airflow/example_dags/example_kubernetes_executor.py took 0.288 seconds
[2024-03-24T08:48:20.077+0000] {processor.py:154} INFO - Started process (PID=2037) to work on /home/airflow/.local/lib/python3.7/site-packages/airflow/example_dags/example_kubernetes_executor.py
[2024-03-24T08:48:20.080+0000] {processor.py:756} INFO - Processing file /home/airflow/.local/lib/python3.7/site-packages/airflow/example_dags/example_kubernetes_executor.py for tasks to queue
[2024-03-24T08:48:20.081+0000] {logging_mixin.py:120} INFO - [2024-03-24T08:48:20.081+0000] {dagbag.py:537} INFO - Filling up the DagBag from /home/airflow/.local/lib/python3.7/site-packages/airflow/example_dags/example_kubernetes_executor.py
[2024-03-24T08:48:20.132+0000] {processor.py:766} INFO - DAG(s) dict_keys(['example_kubernetes_executor']) retrieved from /home/airflow/.local/lib/python3.7/site-packages/airflow/example_dags/example_kubernetes_executor.py
[2024-03-24T08:48:20.213+0000] {logging_mixin.py:120} INFO - [2024-03-24T08:48:20.212+0000] {dag.py:2585} INFO - Sync 1 DAGs
[2024-03-24T08:48:20.252+0000] {logging_mixin.py:120} INFO - [2024-03-24T08:48:20.251+0000] {dag.py:3340} INFO - Setting next_dagrun for example_kubernetes_executor to None, run_after=None
[2024-03-24T08:48:20.284+0000] {processor.py:176} INFO - Processing /home/airflow/.local/lib/python3.7/site-packages/airflow/example_dags/example_kubernetes_executor.py took 0.215 seconds
[2024-03-24T08:48:50.421+0000] {processor.py:154} INFO - Started process (PID=2103) to work on /home/airflow/.local/lib/python3.7/site-packages/airflow/example_dags/example_kubernetes_executor.py
[2024-03-24T08:48:50.425+0000] {processor.py:756} INFO - Processing file /home/airflow/.local/lib/python3.7/site-packages/airflow/example_dags/example_kubernetes_executor.py for tasks to queue
[2024-03-24T08:48:50.431+0000] {logging_mixin.py:120} INFO - [2024-03-24T08:48:50.430+0000] {dagbag.py:537} INFO - Filling up the DagBag from /home/airflow/.local/lib/python3.7/site-packages/airflow/example_dags/example_kubernetes_executor.py
[2024-03-24T08:48:50.497+0000] {processor.py:766} INFO - DAG(s) dict_keys(['example_kubernetes_executor']) retrieved from /home/airflow/.local/lib/python3.7/site-packages/airflow/example_dags/example_kubernetes_executor.py
[2024-03-24T08:48:50.641+0000] {logging_mixin.py:120} INFO - [2024-03-24T08:48:50.640+0000] {dag.py:2585} INFO - Sync 1 DAGs
[2024-03-24T08:48:50.739+0000] {logging_mixin.py:120} INFO - [2024-03-24T08:48:50.739+0000] {dag.py:3340} INFO - Setting next_dagrun for example_kubernetes_executor to None, run_after=None
[2024-03-24T08:48:50.806+0000] {processor.py:176} INFO - Processing /home/airflow/.local/lib/python3.7/site-packages/airflow/example_dags/example_kubernetes_executor.py took 0.398 seconds
[2024-03-24T08:49:21.556+0000] {processor.py:154} INFO - Started process (PID=2155) to work on /home/airflow/.local/lib/python3.7/site-packages/airflow/example_dags/example_kubernetes_executor.py
[2024-03-24T08:49:21.557+0000] {processor.py:756} INFO - Processing file /home/airflow/.local/lib/python3.7/site-packages/airflow/example_dags/example_kubernetes_executor.py for tasks to queue
[2024-03-24T08:49:21.559+0000] {logging_mixin.py:120} INFO - [2024-03-24T08:49:21.559+0000] {dagbag.py:537} INFO - Filling up the DagBag from /home/airflow/.local/lib/python3.7/site-packages/airflow/example_dags/example_kubernetes_executor.py
[2024-03-24T08:49:21.619+0000] {processor.py:766} INFO - DAG(s) dict_keys(['example_kubernetes_executor']) retrieved from /home/airflow/.local/lib/python3.7/site-packages/airflow/example_dags/example_kubernetes_executor.py
[2024-03-24T08:49:21.708+0000] {logging_mixin.py:120} INFO - [2024-03-24T08:49:21.708+0000] {dag.py:2585} INFO - Sync 1 DAGs
[2024-03-24T08:49:21.769+0000] {logging_mixin.py:120} INFO - [2024-03-24T08:49:21.769+0000] {dag.py:3340} INFO - Setting next_dagrun for example_kubernetes_executor to None, run_after=None
[2024-03-24T08:49:21.803+0000] {processor.py:176} INFO - Processing /home/airflow/.local/lib/python3.7/site-packages/airflow/example_dags/example_kubernetes_executor.py took 0.253 seconds
[2024-03-24T08:49:52.197+0000] {processor.py:154} INFO - Started process (PID=2215) to work on /home/airflow/.local/lib/python3.7/site-packages/airflow/example_dags/example_kubernetes_executor.py
[2024-03-24T08:49:52.200+0000] {processor.py:756} INFO - Processing file /home/airflow/.local/lib/python3.7/site-packages/airflow/example_dags/example_kubernetes_executor.py for tasks to queue
[2024-03-24T08:49:52.203+0000] {logging_mixin.py:120} INFO - [2024-03-24T08:49:52.202+0000] {dagbag.py:537} INFO - Filling up the DagBag from /home/airflow/.local/lib/python3.7/site-packages/airflow/example_dags/example_kubernetes_executor.py
[2024-03-24T08:49:52.267+0000] {processor.py:766} INFO - DAG(s) dict_keys(['example_kubernetes_executor']) retrieved from /home/airflow/.local/lib/python3.7/site-packages/airflow/example_dags/example_kubernetes_executor.py
[2024-03-24T08:49:52.354+0000] {logging_mixin.py:120} INFO - [2024-03-24T08:49:52.354+0000] {dag.py:2585} INFO - Sync 1 DAGs
[2024-03-24T08:49:52.411+0000] {logging_mixin.py:120} INFO - [2024-03-24T08:49:52.411+0000] {dag.py:3340} INFO - Setting next_dagrun for example_kubernetes_executor to None, run_after=None
[2024-03-24T08:49:52.445+0000] {processor.py:176} INFO - Processing /home/airflow/.local/lib/python3.7/site-packages/airflow/example_dags/example_kubernetes_executor.py took 0.258 seconds
[2024-03-24T08:50:22.568+0000] {processor.py:154} INFO - Started process (PID=2272) to work on /home/airflow/.local/lib/python3.7/site-packages/airflow/example_dags/example_kubernetes_executor.py
[2024-03-24T08:50:22.572+0000] {processor.py:756} INFO - Processing file /home/airflow/.local/lib/python3.7/site-packages/airflow/example_dags/example_kubernetes_executor.py for tasks to queue
[2024-03-24T08:50:22.576+0000] {logging_mixin.py:120} INFO - [2024-03-24T08:50:22.576+0000] {dagbag.py:537} INFO - Filling up the DagBag from /home/airflow/.local/lib/python3.7/site-packages/airflow/example_dags/example_kubernetes_executor.py
[2024-03-24T08:50:22.678+0000] {processor.py:766} INFO - DAG(s) dict_keys(['example_kubernetes_executor']) retrieved from /home/airflow/.local/lib/python3.7/site-packages/airflow/example_dags/example_kubernetes_executor.py
[2024-03-24T08:50:22.764+0000] {logging_mixin.py:120} INFO - [2024-03-24T08:50:22.764+0000] {dag.py:2585} INFO - Sync 1 DAGs
[2024-03-24T08:50:22.819+0000] {logging_mixin.py:120} INFO - [2024-03-24T08:50:22.819+0000] {dag.py:3340} INFO - Setting next_dagrun for example_kubernetes_executor to None, run_after=None
[2024-03-24T08:50:22.863+0000] {processor.py:176} INFO - Processing /home/airflow/.local/lib/python3.7/site-packages/airflow/example_dags/example_kubernetes_executor.py took 0.311 seconds
[2024-03-24T08:50:53.577+0000] {processor.py:154} INFO - Started process (PID=2326) to work on /home/airflow/.local/lib/python3.7/site-packages/airflow/example_dags/example_kubernetes_executor.py
[2024-03-24T08:50:53.579+0000] {processor.py:756} INFO - Processing file /home/airflow/.local/lib/python3.7/site-packages/airflow/example_dags/example_kubernetes_executor.py for tasks to queue
[2024-03-24T08:50:53.581+0000] {logging_mixin.py:120} INFO - [2024-03-24T08:50:53.581+0000] {dagbag.py:537} INFO - Filling up the DagBag from /home/airflow/.local/lib/python3.7/site-packages/airflow/example_dags/example_kubernetes_executor.py
[2024-03-24T08:50:53.633+0000] {processor.py:766} INFO - DAG(s) dict_keys(['example_kubernetes_executor']) retrieved from /home/airflow/.local/lib/python3.7/site-packages/airflow/example_dags/example_kubernetes_executor.py
[2024-03-24T08:50:53.706+0000] {logging_mixin.py:120} INFO - [2024-03-24T08:50:53.705+0000] {dag.py:2585} INFO - Sync 1 DAGs
[2024-03-24T08:50:53.747+0000] {logging_mixin.py:120} INFO - [2024-03-24T08:50:53.747+0000] {dag.py:3340} INFO - Setting next_dagrun for example_kubernetes_executor to None, run_after=None
[2024-03-24T08:50:53.787+0000] {processor.py:176} INFO - Processing /home/airflow/.local/lib/python3.7/site-packages/airflow/example_dags/example_kubernetes_executor.py took 0.216 seconds
[2024-03-24T08:51:23.977+0000] {processor.py:154} INFO - Started process (PID=2389) to work on /home/airflow/.local/lib/python3.7/site-packages/airflow/example_dags/example_kubernetes_executor.py
[2024-03-24T08:51:23.981+0000] {processor.py:756} INFO - Processing file /home/airflow/.local/lib/python3.7/site-packages/airflow/example_dags/example_kubernetes_executor.py for tasks to queue
[2024-03-24T08:51:23.983+0000] {logging_mixin.py:120} INFO - [2024-03-24T08:51:23.983+0000] {dagbag.py:537} INFO - Filling up the DagBag from /home/airflow/.local/lib/python3.7/site-packages/airflow/example_dags/example_kubernetes_executor.py
[2024-03-24T08:51:24.071+0000] {processor.py:766} INFO - DAG(s) dict_keys(['example_kubernetes_executor']) retrieved from /home/airflow/.local/lib/python3.7/site-packages/airflow/example_dags/example_kubernetes_executor.py
[2024-03-24T08:51:24.173+0000] {logging_mixin.py:120} INFO - [2024-03-24T08:51:24.172+0000] {dag.py:2585} INFO - Sync 1 DAGs
[2024-03-24T08:51:24.221+0000] {logging_mixin.py:120} INFO - [2024-03-24T08:51:24.220+0000] {dag.py:3340} INFO - Setting next_dagrun for example_kubernetes_executor to None, run_after=None
[2024-03-24T08:51:24.261+0000] {processor.py:176} INFO - Processing /home/airflow/.local/lib/python3.7/site-packages/airflow/example_dags/example_kubernetes_executor.py took 0.289 seconds
[2024-03-24T08:51:54.922+0000] {processor.py:154} INFO - Started process (PID=2443) to work on /home/airflow/.local/lib/python3.7/site-packages/airflow/example_dags/example_kubernetes_executor.py
[2024-03-24T08:51:54.926+0000] {processor.py:756} INFO - Processing file /home/airflow/.local/lib/python3.7/site-packages/airflow/example_dags/example_kubernetes_executor.py for tasks to queue
[2024-03-24T08:51:54.928+0000] {logging_mixin.py:120} INFO - [2024-03-24T08:51:54.928+0000] {dagbag.py:537} INFO - Filling up the DagBag from /home/airflow/.local/lib/python3.7/site-packages/airflow/example_dags/example_kubernetes_executor.py
[2024-03-24T08:51:55.018+0000] {processor.py:766} INFO - DAG(s) dict_keys(['example_kubernetes_executor']) retrieved from /home/airflow/.local/lib/python3.7/site-packages/airflow/example_dags/example_kubernetes_executor.py
[2024-03-24T08:51:55.135+0000] {logging_mixin.py:120} INFO - [2024-03-24T08:51:55.134+0000] {dag.py:2585} INFO - Sync 1 DAGs
[2024-03-24T08:51:55.211+0000] {logging_mixin.py:120} INFO - [2024-03-24T08:51:55.211+0000] {dag.py:3340} INFO - Setting next_dagrun for example_kubernetes_executor to None, run_after=None
[2024-03-24T08:51:55.274+0000] {processor.py:176} INFO - Processing /home/airflow/.local/lib/python3.7/site-packages/airflow/example_dags/example_kubernetes_executor.py took 0.362 seconds
[2024-03-24T08:52:25.782+0000] {processor.py:154} INFO - Started process (PID=2505) to work on /home/airflow/.local/lib/python3.7/site-packages/airflow/example_dags/example_kubernetes_executor.py
[2024-03-24T08:52:25.784+0000] {processor.py:756} INFO - Processing file /home/airflow/.local/lib/python3.7/site-packages/airflow/example_dags/example_kubernetes_executor.py for tasks to queue
[2024-03-24T08:52:25.787+0000] {logging_mixin.py:120} INFO - [2024-03-24T08:52:25.787+0000] {dagbag.py:537} INFO - Filling up the DagBag from /home/airflow/.local/lib/python3.7/site-packages/airflow/example_dags/example_kubernetes_executor.py
[2024-03-24T08:52:25.841+0000] {processor.py:766} INFO - DAG(s) dict_keys(['example_kubernetes_executor']) retrieved from /home/airflow/.local/lib/python3.7/site-packages/airflow/example_dags/example_kubernetes_executor.py
[2024-03-24T08:52:25.941+0000] {logging_mixin.py:120} INFO - [2024-03-24T08:52:25.941+0000] {dag.py:2585} INFO - Sync 1 DAGs
[2024-03-24T08:52:26.017+0000] {logging_mixin.py:120} INFO - [2024-03-24T08:52:26.016+0000] {dag.py:3340} INFO - Setting next_dagrun for example_kubernetes_executor to None, run_after=None
[2024-03-24T08:52:26.055+0000] {processor.py:176} INFO - Processing /home/airflow/.local/lib/python3.7/site-packages/airflow/example_dags/example_kubernetes_executor.py took 0.283 seconds
[2024-03-24T08:52:56.609+0000] {processor.py:154} INFO - Started process (PID=2559) to work on /home/airflow/.local/lib/python3.7/site-packages/airflow/example_dags/example_kubernetes_executor.py
[2024-03-24T08:52:56.611+0000] {processor.py:756} INFO - Processing file /home/airflow/.local/lib/python3.7/site-packages/airflow/example_dags/example_kubernetes_executor.py for tasks to queue
[2024-03-24T08:52:56.615+0000] {logging_mixin.py:120} INFO - [2024-03-24T08:52:56.614+0000] {dagbag.py:537} INFO - Filling up the DagBag from /home/airflow/.local/lib/python3.7/site-packages/airflow/example_dags/example_kubernetes_executor.py
[2024-03-24T08:52:56.705+0000] {processor.py:766} INFO - DAG(s) dict_keys(['example_kubernetes_executor']) retrieved from /home/airflow/.local/lib/python3.7/site-packages/airflow/example_dags/example_kubernetes_executor.py
[2024-03-24T08:52:56.795+0000] {logging_mixin.py:120} INFO - [2024-03-24T08:52:56.795+0000] {dag.py:2585} INFO - Sync 1 DAGs
[2024-03-24T08:52:56.847+0000] {logging_mixin.py:120} INFO - [2024-03-24T08:52:56.846+0000] {dag.py:3340} INFO - Setting next_dagrun for example_kubernetes_executor to None, run_after=None
[2024-03-24T08:52:56.883+0000] {processor.py:176} INFO - Processing /home/airflow/.local/lib/python3.7/site-packages/airflow/example_dags/example_kubernetes_executor.py took 0.287 seconds
[2024-03-24T08:53:27.646+0000] {processor.py:154} INFO - Started process (PID=2622) to work on /home/airflow/.local/lib/python3.7/site-packages/airflow/example_dags/example_kubernetes_executor.py
[2024-03-24T08:53:27.651+0000] {processor.py:756} INFO - Processing file /home/airflow/.local/lib/python3.7/site-packages/airflow/example_dags/example_kubernetes_executor.py for tasks to queue
[2024-03-24T08:53:27.657+0000] {logging_mixin.py:120} INFO - [2024-03-24T08:53:27.657+0000] {dagbag.py:537} INFO - Filling up the DagBag from /home/airflow/.local/lib/python3.7/site-packages/airflow/example_dags/example_kubernetes_executor.py
[2024-03-24T08:53:27.734+0000] {processor.py:766} INFO - DAG(s) dict_keys(['example_kubernetes_executor']) retrieved from /home/airflow/.local/lib/python3.7/site-packages/airflow/example_dags/example_kubernetes_executor.py
[2024-03-24T08:53:27.814+0000] {logging_mixin.py:120} INFO - [2024-03-24T08:53:27.814+0000] {dag.py:2585} INFO - Sync 1 DAGs
[2024-03-24T08:53:27.864+0000] {logging_mixin.py:120} INFO - [2024-03-24T08:53:27.863+0000] {dag.py:3340} INFO - Setting next_dagrun for example_kubernetes_executor to None, run_after=None
[2024-03-24T08:53:27.902+0000] {processor.py:176} INFO - Processing /home/airflow/.local/lib/python3.7/site-packages/airflow/example_dags/example_kubernetes_executor.py took 0.268 seconds
[2024-03-24T08:53:58.116+0000] {processor.py:154} INFO - Started process (PID=2676) to work on /home/airflow/.local/lib/python3.7/site-packages/airflow/example_dags/example_kubernetes_executor.py
[2024-03-24T08:53:58.120+0000] {processor.py:756} INFO - Processing file /home/airflow/.local/lib/python3.7/site-packages/airflow/example_dags/example_kubernetes_executor.py for tasks to queue
[2024-03-24T08:53:58.123+0000] {logging_mixin.py:120} INFO - [2024-03-24T08:53:58.123+0000] {dagbag.py:537} INFO - Filling up the DagBag from /home/airflow/.local/lib/python3.7/site-packages/airflow/example_dags/example_kubernetes_executor.py
[2024-03-24T08:53:58.179+0000] {processor.py:766} INFO - DAG(s) dict_keys(['example_kubernetes_executor']) retrieved from /home/airflow/.local/lib/python3.7/site-packages/airflow/example_dags/example_kubernetes_executor.py
[2024-03-24T08:53:58.255+0000] {logging_mixin.py:120} INFO - [2024-03-24T08:53:58.254+0000] {dag.py:2585} INFO - Sync 1 DAGs
[2024-03-24T08:53:58.307+0000] {logging_mixin.py:120} INFO - [2024-03-24T08:53:58.307+0000] {dag.py:3340} INFO - Setting next_dagrun for example_kubernetes_executor to None, run_after=None
[2024-03-24T08:53:58.347+0000] {processor.py:176} INFO - Processing /home/airflow/.local/lib/python3.7/site-packages/airflow/example_dags/example_kubernetes_executor.py took 0.242 seconds
[2024-03-24T08:54:28.640+0000] {processor.py:154} INFO - Started process (PID=2739) to work on /home/airflow/.local/lib/python3.7/site-packages/airflow/example_dags/example_kubernetes_executor.py
[2024-03-24T08:54:28.648+0000] {processor.py:756} INFO - Processing file /home/airflow/.local/lib/python3.7/site-packages/airflow/example_dags/example_kubernetes_executor.py for tasks to queue
[2024-03-24T08:54:28.650+0000] {logging_mixin.py:120} INFO - [2024-03-24T08:54:28.650+0000] {dagbag.py:537} INFO - Filling up the DagBag from /home/airflow/.local/lib/python3.7/site-packages/airflow/example_dags/example_kubernetes_executor.py
[2024-03-24T08:54:28.725+0000] {processor.py:766} INFO - DAG(s) dict_keys(['example_kubernetes_executor']) retrieved from /home/airflow/.local/lib/python3.7/site-packages/airflow/example_dags/example_kubernetes_executor.py
[2024-03-24T08:54:28.835+0000] {logging_mixin.py:120} INFO - [2024-03-24T08:54:28.834+0000] {dag.py:2585} INFO - Sync 1 DAGs
[2024-03-24T08:54:28.889+0000] {logging_mixin.py:120} INFO - [2024-03-24T08:54:28.889+0000] {dag.py:3340} INFO - Setting next_dagrun for example_kubernetes_executor to None, run_after=None
[2024-03-24T08:54:28.932+0000] {processor.py:176} INFO - Processing /home/airflow/.local/lib/python3.7/site-packages/airflow/example_dags/example_kubernetes_executor.py took 0.298 seconds
[2024-03-24T08:55:00.163+0000] {processor.py:154} INFO - Started process (PID=2802) to work on /home/airflow/.local/lib/python3.7/site-packages/airflow/example_dags/example_kubernetes_executor.py
[2024-03-24T08:55:00.172+0000] {processor.py:756} INFO - Processing file /home/airflow/.local/lib/python3.7/site-packages/airflow/example_dags/example_kubernetes_executor.py for tasks to queue
[2024-03-24T08:55:00.175+0000] {logging_mixin.py:120} INFO - [2024-03-24T08:55:00.175+0000] {dagbag.py:537} INFO - Filling up the DagBag from /home/airflow/.local/lib/python3.7/site-packages/airflow/example_dags/example_kubernetes_executor.py
[2024-03-24T08:55:00.329+0000] {processor.py:766} INFO - DAG(s) dict_keys(['example_kubernetes_executor']) retrieved from /home/airflow/.local/lib/python3.7/site-packages/airflow/example_dags/example_kubernetes_executor.py
[2024-03-24T08:55:00.495+0000] {logging_mixin.py:120} INFO - [2024-03-24T08:55:00.495+0000] {dag.py:2585} INFO - Sync 1 DAGs
[2024-03-24T08:55:00.605+0000] {logging_mixin.py:120} INFO - [2024-03-24T08:55:00.603+0000] {dag.py:3340} INFO - Setting next_dagrun for example_kubernetes_executor to None, run_after=None
[2024-03-24T08:55:00.688+0000] {processor.py:176} INFO - Processing /home/airflow/.local/lib/python3.7/site-packages/airflow/example_dags/example_kubernetes_executor.py took 0.540 seconds
[2024-03-24T08:55:31.019+0000] {processor.py:154} INFO - Started process (PID=2864) to work on /home/airflow/.local/lib/python3.7/site-packages/airflow/example_dags/example_kubernetes_executor.py
[2024-03-24T08:55:31.023+0000] {processor.py:756} INFO - Processing file /home/airflow/.local/lib/python3.7/site-packages/airflow/example_dags/example_kubernetes_executor.py for tasks to queue
[2024-03-24T08:55:31.026+0000] {logging_mixin.py:120} INFO - [2024-03-24T08:55:31.026+0000] {dagbag.py:537} INFO - Filling up the DagBag from /home/airflow/.local/lib/python3.7/site-packages/airflow/example_dags/example_kubernetes_executor.py
[2024-03-24T08:55:31.094+0000] {processor.py:766} INFO - DAG(s) dict_keys(['example_kubernetes_executor']) retrieved from /home/airflow/.local/lib/python3.7/site-packages/airflow/example_dags/example_kubernetes_executor.py
[2024-03-24T08:55:31.234+0000] {logging_mixin.py:120} INFO - [2024-03-24T08:55:31.233+0000] {dag.py:2585} INFO - Sync 1 DAGs
[2024-03-24T08:55:31.333+0000] {logging_mixin.py:120} INFO - [2024-03-24T08:55:31.333+0000] {dag.py:3340} INFO - Setting next_dagrun for example_kubernetes_executor to None, run_after=None
[2024-03-24T08:55:31.420+0000] {processor.py:176} INFO - Processing /home/airflow/.local/lib/python3.7/site-packages/airflow/example_dags/example_kubernetes_executor.py took 0.408 seconds
[2024-03-24T08:56:02.012+0000] {processor.py:154} INFO - Started process (PID=2918) to work on /home/airflow/.local/lib/python3.7/site-packages/airflow/example_dags/example_kubernetes_executor.py
[2024-03-24T08:56:02.014+0000] {processor.py:756} INFO - Processing file /home/airflow/.local/lib/python3.7/site-packages/airflow/example_dags/example_kubernetes_executor.py for tasks to queue
[2024-03-24T08:56:02.016+0000] {logging_mixin.py:120} INFO - [2024-03-24T08:56:02.016+0000] {dagbag.py:537} INFO - Filling up the DagBag from /home/airflow/.local/lib/python3.7/site-packages/airflow/example_dags/example_kubernetes_executor.py
[2024-03-24T08:56:02.062+0000] {processor.py:766} INFO - DAG(s) dict_keys(['example_kubernetes_executor']) retrieved from /home/airflow/.local/lib/python3.7/site-packages/airflow/example_dags/example_kubernetes_executor.py
[2024-03-24T08:56:02.135+0000] {logging_mixin.py:120} INFO - [2024-03-24T08:56:02.135+0000] {dag.py:2585} INFO - Sync 1 DAGs
[2024-03-24T08:56:02.192+0000] {logging_mixin.py:120} INFO - [2024-03-24T08:56:02.192+0000] {dag.py:3340} INFO - Setting next_dagrun for example_kubernetes_executor to None, run_after=None
[2024-03-24T08:56:02.229+0000] {processor.py:176} INFO - Processing /home/airflow/.local/lib/python3.7/site-packages/airflow/example_dags/example_kubernetes_executor.py took 0.225 seconds
[2024-03-24T08:56:32.652+0000] {processor.py:154} INFO - Started process (PID=2981) to work on /home/airflow/.local/lib/python3.7/site-packages/airflow/example_dags/example_kubernetes_executor.py
[2024-03-24T08:56:32.654+0000] {processor.py:756} INFO - Processing file /home/airflow/.local/lib/python3.7/site-packages/airflow/example_dags/example_kubernetes_executor.py for tasks to queue
[2024-03-24T08:56:32.656+0000] {logging_mixin.py:120} INFO - [2024-03-24T08:56:32.656+0000] {dagbag.py:537} INFO - Filling up the DagBag from /home/airflow/.local/lib/python3.7/site-packages/airflow/example_dags/example_kubernetes_executor.py
[2024-03-24T08:56:32.735+0000] {processor.py:766} INFO - DAG(s) dict_keys(['example_kubernetes_executor']) retrieved from /home/airflow/.local/lib/python3.7/site-packages/airflow/example_dags/example_kubernetes_executor.py
[2024-03-24T08:56:32.820+0000] {logging_mixin.py:120} INFO - [2024-03-24T08:56:32.819+0000] {dag.py:2585} INFO - Sync 1 DAGs
[2024-03-24T08:56:32.881+0000] {logging_mixin.py:120} INFO - [2024-03-24T08:56:32.880+0000] {dag.py:3340} INFO - Setting next_dagrun for example_kubernetes_executor to None, run_after=None
[2024-03-24T08:56:32.938+0000] {processor.py:176} INFO - Processing /home/airflow/.local/lib/python3.7/site-packages/airflow/example_dags/example_kubernetes_executor.py took 0.297 seconds
[2024-03-24T08:57:03.323+0000] {processor.py:154} INFO - Started process (PID=3036) to work on /home/airflow/.local/lib/python3.7/site-packages/airflow/example_dags/example_kubernetes_executor.py
[2024-03-24T08:57:03.325+0000] {processor.py:756} INFO - Processing file /home/airflow/.local/lib/python3.7/site-packages/airflow/example_dags/example_kubernetes_executor.py for tasks to queue
[2024-03-24T08:57:03.328+0000] {logging_mixin.py:120} INFO - [2024-03-24T08:57:03.327+0000] {dagbag.py:537} INFO - Filling up the DagBag from /home/airflow/.local/lib/python3.7/site-packages/airflow/example_dags/example_kubernetes_executor.py
[2024-03-24T08:57:03.385+0000] {processor.py:766} INFO - DAG(s) dict_keys(['example_kubernetes_executor']) retrieved from /home/airflow/.local/lib/python3.7/site-packages/airflow/example_dags/example_kubernetes_executor.py
[2024-03-24T08:57:03.482+0000] {logging_mixin.py:120} INFO - [2024-03-24T08:57:03.482+0000] {dag.py:2585} INFO - Sync 1 DAGs
[2024-03-24T08:57:03.533+0000] {logging_mixin.py:120} INFO - [2024-03-24T08:57:03.533+0000] {dag.py:3340} INFO - Setting next_dagrun for example_kubernetes_executor to None, run_after=None
[2024-03-24T08:57:03.572+0000] {processor.py:176} INFO - Processing /home/airflow/.local/lib/python3.7/site-packages/airflow/example_dags/example_kubernetes_executor.py took 0.260 seconds
[2024-03-24T08:57:33.955+0000] {processor.py:154} INFO - Started process (PID=3100) to work on /home/airflow/.local/lib/python3.7/site-packages/airflow/example_dags/example_kubernetes_executor.py
[2024-03-24T08:57:33.963+0000] {processor.py:756} INFO - Processing file /home/airflow/.local/lib/python3.7/site-packages/airflow/example_dags/example_kubernetes_executor.py for tasks to queue
[2024-03-24T08:57:33.968+0000] {logging_mixin.py:120} INFO - [2024-03-24T08:57:33.967+0000] {dagbag.py:537} INFO - Filling up the DagBag from /home/airflow/.local/lib/python3.7/site-packages/airflow/example_dags/example_kubernetes_executor.py
[2024-03-24T08:57:34.078+0000] {processor.py:766} INFO - DAG(s) dict_keys(['example_kubernetes_executor']) retrieved from /home/airflow/.local/lib/python3.7/site-packages/airflow/example_dags/example_kubernetes_executor.py
[2024-03-24T08:57:34.207+0000] {logging_mixin.py:120} INFO - [2024-03-24T08:57:34.206+0000] {dag.py:2585} INFO - Sync 1 DAGs
[2024-03-24T08:57:34.274+0000] {logging_mixin.py:120} INFO - [2024-03-24T08:57:34.273+0000] {dag.py:3340} INFO - Setting next_dagrun for example_kubernetes_executor to None, run_after=None
[2024-03-24T08:57:34.335+0000] {processor.py:176} INFO - Processing /home/airflow/.local/lib/python3.7/site-packages/airflow/example_dags/example_kubernetes_executor.py took 0.387 seconds
[2024-03-24T08:58:04.449+0000] {processor.py:154} INFO - Started process (PID=3155) to work on /home/airflow/.local/lib/python3.7/site-packages/airflow/example_dags/example_kubernetes_executor.py
[2024-03-24T08:58:04.453+0000] {processor.py:756} INFO - Processing file /home/airflow/.local/lib/python3.7/site-packages/airflow/example_dags/example_kubernetes_executor.py for tasks to queue
[2024-03-24T08:58:04.458+0000] {logging_mixin.py:120} INFO - [2024-03-24T08:58:04.456+0000] {dagbag.py:537} INFO - Filling up the DagBag from /home/airflow/.local/lib/python3.7/site-packages/airflow/example_dags/example_kubernetes_executor.py
[2024-03-24T08:58:04.535+0000] {processor.py:766} INFO - DAG(s) dict_keys(['example_kubernetes_executor']) retrieved from /home/airflow/.local/lib/python3.7/site-packages/airflow/example_dags/example_kubernetes_executor.py
[2024-03-24T08:58:04.657+0000] {logging_mixin.py:120} INFO - [2024-03-24T08:58:04.656+0000] {dag.py:2585} INFO - Sync 1 DAGs
[2024-03-24T08:58:04.736+0000] {logging_mixin.py:120} INFO - [2024-03-24T08:58:04.736+0000] {dag.py:3340} INFO - Setting next_dagrun for example_kubernetes_executor to None, run_after=None
[2024-03-24T08:58:04.783+0000] {processor.py:176} INFO - Processing /home/airflow/.local/lib/python3.7/site-packages/airflow/example_dags/example_kubernetes_executor.py took 0.351 seconds
[2024-03-24T08:58:35.699+0000] {processor.py:154} INFO - Started process (PID=3219) to work on /home/airflow/.local/lib/python3.7/site-packages/airflow/example_dags/example_kubernetes_executor.py
[2024-03-24T08:58:35.704+0000] {processor.py:756} INFO - Processing file /home/airflow/.local/lib/python3.7/site-packages/airflow/example_dags/example_kubernetes_executor.py for tasks to queue
[2024-03-24T08:58:35.711+0000] {logging_mixin.py:120} INFO - [2024-03-24T08:58:35.710+0000] {dagbag.py:537} INFO - Filling up the DagBag from /home/airflow/.local/lib/python3.7/site-packages/airflow/example_dags/example_kubernetes_executor.py
[2024-03-24T08:58:35.807+0000] {processor.py:766} INFO - DAG(s) dict_keys(['example_kubernetes_executor']) retrieved from /home/airflow/.local/lib/python3.7/site-packages/airflow/example_dags/example_kubernetes_executor.py
[2024-03-24T08:58:35.928+0000] {logging_mixin.py:120} INFO - [2024-03-24T08:58:35.928+0000] {dag.py:2585} INFO - Sync 1 DAGs
[2024-03-24T08:58:35.995+0000] {logging_mixin.py:120} INFO - [2024-03-24T08:58:35.995+0000] {dag.py:3340} INFO - Setting next_dagrun for example_kubernetes_executor to None, run_after=None
[2024-03-24T08:58:36.061+0000] {processor.py:176} INFO - Processing /home/airflow/.local/lib/python3.7/site-packages/airflow/example_dags/example_kubernetes_executor.py took 0.372 seconds
[2024-03-24T08:59:06.785+0000] {processor.py:154} INFO - Started process (PID=3273) to work on /home/airflow/.local/lib/python3.7/site-packages/airflow/example_dags/example_kubernetes_executor.py
[2024-03-24T08:59:06.795+0000] {processor.py:756} INFO - Processing file /home/airflow/.local/lib/python3.7/site-packages/airflow/example_dags/example_kubernetes_executor.py for tasks to queue
[2024-03-24T08:59:06.798+0000] {logging_mixin.py:120} INFO - [2024-03-24T08:59:06.798+0000] {dagbag.py:537} INFO - Filling up the DagBag from /home/airflow/.local/lib/python3.7/site-packages/airflow/example_dags/example_kubernetes_executor.py
[2024-03-24T08:59:06.996+0000] {processor.py:766} INFO - DAG(s) dict_keys(['example_kubernetes_executor']) retrieved from /home/airflow/.local/lib/python3.7/site-packages/airflow/example_dags/example_kubernetes_executor.py
[2024-03-24T08:59:07.140+0000] {logging_mixin.py:120} INFO - [2024-03-24T08:59:07.138+0000] {dag.py:2585} INFO - Sync 1 DAGs
[2024-03-24T08:59:07.254+0000] {logging_mixin.py:120} INFO - [2024-03-24T08:59:07.253+0000] {dag.py:3340} INFO - Setting next_dagrun for example_kubernetes_executor to None, run_after=None
[2024-03-24T08:59:07.363+0000] {processor.py:176} INFO - Processing /home/airflow/.local/lib/python3.7/site-packages/airflow/example_dags/example_kubernetes_executor.py took 0.587 seconds
[2024-03-24T08:59:37.570+0000] {processor.py:154} INFO - Started process (PID=3337) to work on /home/airflow/.local/lib/python3.7/site-packages/airflow/example_dags/example_kubernetes_executor.py
[2024-03-24T08:59:37.573+0000] {processor.py:756} INFO - Processing file /home/airflow/.local/lib/python3.7/site-packages/airflow/example_dags/example_kubernetes_executor.py for tasks to queue
[2024-03-24T08:59:37.578+0000] {logging_mixin.py:120} INFO - [2024-03-24T08:59:37.576+0000] {dagbag.py:537} INFO - Filling up the DagBag from /home/airflow/.local/lib/python3.7/site-packages/airflow/example_dags/example_kubernetes_executor.py
[2024-03-24T08:59:37.637+0000] {processor.py:766} INFO - DAG(s) dict_keys(['example_kubernetes_executor']) retrieved from /home/airflow/.local/lib/python3.7/site-packages/airflow/example_dags/example_kubernetes_executor.py
[2024-03-24T08:59:37.749+0000] {logging_mixin.py:120} INFO - [2024-03-24T08:59:37.749+0000] {dag.py:2585} INFO - Sync 1 DAGs
[2024-03-24T08:59:37.828+0000] {logging_mixin.py:120} INFO - [2024-03-24T08:59:37.827+0000] {dag.py:3340} INFO - Setting next_dagrun for example_kubernetes_executor to None, run_after=None
[2024-03-24T08:59:37.870+0000] {processor.py:176} INFO - Processing /home/airflow/.local/lib/python3.7/site-packages/airflow/example_dags/example_kubernetes_executor.py took 0.311 seconds
[2024-03-24T09:00:08.205+0000] {processor.py:154} INFO - Started process (PID=3392) to work on /home/airflow/.local/lib/python3.7/site-packages/airflow/example_dags/example_kubernetes_executor.py
[2024-03-24T09:00:08.208+0000] {processor.py:756} INFO - Processing file /home/airflow/.local/lib/python3.7/site-packages/airflow/example_dags/example_kubernetes_executor.py for tasks to queue
[2024-03-24T09:00:08.210+0000] {logging_mixin.py:120} INFO - [2024-03-24T09:00:08.210+0000] {dagbag.py:537} INFO - Filling up the DagBag from /home/airflow/.local/lib/python3.7/site-packages/airflow/example_dags/example_kubernetes_executor.py
[2024-03-24T09:00:08.303+0000] {processor.py:766} INFO - DAG(s) dict_keys(['example_kubernetes_executor']) retrieved from /home/airflow/.local/lib/python3.7/site-packages/airflow/example_dags/example_kubernetes_executor.py
[2024-03-24T09:00:08.437+0000] {logging_mixin.py:120} INFO - [2024-03-24T09:00:08.437+0000] {dag.py:2585} INFO - Sync 1 DAGs
[2024-03-24T09:00:08.494+0000] {logging_mixin.py:120} INFO - [2024-03-24T09:00:08.494+0000] {dag.py:3340} INFO - Setting next_dagrun for example_kubernetes_executor to None, run_after=None
[2024-03-24T09:00:08.556+0000] {processor.py:176} INFO - Processing /home/airflow/.local/lib/python3.7/site-packages/airflow/example_dags/example_kubernetes_executor.py took 0.364 seconds
[2024-03-24T09:00:38.945+0000] {processor.py:154} INFO - Started process (PID=3456) to work on /home/airflow/.local/lib/python3.7/site-packages/airflow/example_dags/example_kubernetes_executor.py
[2024-03-24T09:00:38.948+0000] {processor.py:756} INFO - Processing file /home/airflow/.local/lib/python3.7/site-packages/airflow/example_dags/example_kubernetes_executor.py for tasks to queue
[2024-03-24T09:00:38.951+0000] {logging_mixin.py:120} INFO - [2024-03-24T09:00:38.950+0000] {dagbag.py:537} INFO - Filling up the DagBag from /home/airflow/.local/lib/python3.7/site-packages/airflow/example_dags/example_kubernetes_executor.py
[2024-03-24T09:00:39.144+0000] {processor.py:766} INFO - DAG(s) dict_keys(['example_kubernetes_executor']) retrieved from /home/airflow/.local/lib/python3.7/site-packages/airflow/example_dags/example_kubernetes_executor.py
[2024-03-24T09:00:39.282+0000] {logging_mixin.py:120} INFO - [2024-03-24T09:00:39.282+0000] {dag.py:2585} INFO - Sync 1 DAGs
[2024-03-24T09:00:39.426+0000] {logging_mixin.py:120} INFO - [2024-03-24T09:00:39.426+0000] {dag.py:3340} INFO - Setting next_dagrun for example_kubernetes_executor to None, run_after=None
[2024-03-24T09:00:39.511+0000] {processor.py:176} INFO - Processing /home/airflow/.local/lib/python3.7/site-packages/airflow/example_dags/example_kubernetes_executor.py took 0.581 seconds
[2024-03-24T09:01:10.170+0000] {processor.py:154} INFO - Started process (PID=3510) to work on /home/airflow/.local/lib/python3.7/site-packages/airflow/example_dags/example_kubernetes_executor.py
[2024-03-24T09:01:10.173+0000] {processor.py:756} INFO - Processing file /home/airflow/.local/lib/python3.7/site-packages/airflow/example_dags/example_kubernetes_executor.py for tasks to queue
[2024-03-24T09:01:10.179+0000] {logging_mixin.py:120} INFO - [2024-03-24T09:01:10.179+0000] {dagbag.py:537} INFO - Filling up the DagBag from /home/airflow/.local/lib/python3.7/site-packages/airflow/example_dags/example_kubernetes_executor.py
[2024-03-24T09:01:10.258+0000] {processor.py:766} INFO - DAG(s) dict_keys(['example_kubernetes_executor']) retrieved from /home/airflow/.local/lib/python3.7/site-packages/airflow/example_dags/example_kubernetes_executor.py
[2024-03-24T09:01:10.381+0000] {logging_mixin.py:120} INFO - [2024-03-24T09:01:10.381+0000] {dag.py:2585} INFO - Sync 1 DAGs
[2024-03-24T09:01:10.478+0000] {logging_mixin.py:120} INFO - [2024-03-24T09:01:10.477+0000] {dag.py:3340} INFO - Setting next_dagrun for example_kubernetes_executor to None, run_after=None
[2024-03-24T09:01:10.516+0000] {processor.py:176} INFO - Processing /home/airflow/.local/lib/python3.7/site-packages/airflow/example_dags/example_kubernetes_executor.py took 0.352 seconds
[2024-03-24T09:01:40.689+0000] {processor.py:154} INFO - Started process (PID=3573) to work on /home/airflow/.local/lib/python3.7/site-packages/airflow/example_dags/example_kubernetes_executor.py
[2024-03-24T09:01:40.693+0000] {processor.py:756} INFO - Processing file /home/airflow/.local/lib/python3.7/site-packages/airflow/example_dags/example_kubernetes_executor.py for tasks to queue
[2024-03-24T09:01:40.695+0000] {logging_mixin.py:120} INFO - [2024-03-24T09:01:40.694+0000] {dagbag.py:537} INFO - Filling up the DagBag from /home/airflow/.local/lib/python3.7/site-packages/airflow/example_dags/example_kubernetes_executor.py
[2024-03-24T09:01:40.747+0000] {processor.py:766} INFO - DAG(s) dict_keys(['example_kubernetes_executor']) retrieved from /home/airflow/.local/lib/python3.7/site-packages/airflow/example_dags/example_kubernetes_executor.py
[2024-03-24T09:01:40.836+0000] {logging_mixin.py:120} INFO - [2024-03-24T09:01:40.836+0000] {dag.py:2585} INFO - Sync 1 DAGs
[2024-03-24T09:01:40.878+0000] {logging_mixin.py:120} INFO - [2024-03-24T09:01:40.878+0000] {dag.py:3340} INFO - Setting next_dagrun for example_kubernetes_executor to None, run_after=None
[2024-03-24T09:01:40.918+0000] {processor.py:176} INFO - Processing /home/airflow/.local/lib/python3.7/site-packages/airflow/example_dags/example_kubernetes_executor.py took 0.250 seconds
[2024-03-24T09:02:11.275+0000] {processor.py:154} INFO - Started process (PID=3627) to work on /home/airflow/.local/lib/python3.7/site-packages/airflow/example_dags/example_kubernetes_executor.py
[2024-03-24T09:02:11.278+0000] {processor.py:756} INFO - Processing file /home/airflow/.local/lib/python3.7/site-packages/airflow/example_dags/example_kubernetes_executor.py for tasks to queue
[2024-03-24T09:02:11.280+0000] {logging_mixin.py:120} INFO - [2024-03-24T09:02:11.279+0000] {dagbag.py:537} INFO - Filling up the DagBag from /home/airflow/.local/lib/python3.7/site-packages/airflow/example_dags/example_kubernetes_executor.py
[2024-03-24T09:02:11.349+0000] {processor.py:766} INFO - DAG(s) dict_keys(['example_kubernetes_executor']) retrieved from /home/airflow/.local/lib/python3.7/site-packages/airflow/example_dags/example_kubernetes_executor.py
[2024-03-24T09:02:11.436+0000] {logging_mixin.py:120} INFO - [2024-03-24T09:02:11.435+0000] {dag.py:2585} INFO - Sync 1 DAGs
[2024-03-24T09:02:11.486+0000] {logging_mixin.py:120} INFO - [2024-03-24T09:02:11.486+0000] {dag.py:3340} INFO - Setting next_dagrun for example_kubernetes_executor to None, run_after=None
[2024-03-24T09:02:11.523+0000] {processor.py:176} INFO - Processing /home/airflow/.local/lib/python3.7/site-packages/airflow/example_dags/example_kubernetes_executor.py took 0.253 seconds
[2024-03-24T09:02:41.994+0000] {processor.py:154} INFO - Started process (PID=3689) to work on /home/airflow/.local/lib/python3.7/site-packages/airflow/example_dags/example_kubernetes_executor.py
[2024-03-24T09:02:41.996+0000] {processor.py:756} INFO - Processing file /home/airflow/.local/lib/python3.7/site-packages/airflow/example_dags/example_kubernetes_executor.py for tasks to queue
[2024-03-24T09:02:41.999+0000] {logging_mixin.py:120} INFO - [2024-03-24T09:02:41.998+0000] {dagbag.py:537} INFO - Filling up the DagBag from /home/airflow/.local/lib/python3.7/site-packages/airflow/example_dags/example_kubernetes_executor.py
[2024-03-24T09:02:42.062+0000] {processor.py:766} INFO - DAG(s) dict_keys(['example_kubernetes_executor']) retrieved from /home/airflow/.local/lib/python3.7/site-packages/airflow/example_dags/example_kubernetes_executor.py
[2024-03-24T09:02:42.140+0000] {logging_mixin.py:120} INFO - [2024-03-24T09:02:42.140+0000] {dag.py:2585} INFO - Sync 1 DAGs
[2024-03-24T09:02:42.190+0000] {logging_mixin.py:120} INFO - [2024-03-24T09:02:42.190+0000] {dag.py:3340} INFO - Setting next_dagrun for example_kubernetes_executor to None, run_after=None
[2024-03-24T09:02:42.225+0000] {processor.py:176} INFO - Processing /home/airflow/.local/lib/python3.7/site-packages/airflow/example_dags/example_kubernetes_executor.py took 0.240 seconds
[2024-03-24T09:03:12.632+0000] {processor.py:154} INFO - Started process (PID=3743) to work on /home/airflow/.local/lib/python3.7/site-packages/airflow/example_dags/example_kubernetes_executor.py
[2024-03-24T09:03:12.636+0000] {processor.py:756} INFO - Processing file /home/airflow/.local/lib/python3.7/site-packages/airflow/example_dags/example_kubernetes_executor.py for tasks to queue
[2024-03-24T09:03:12.638+0000] {logging_mixin.py:120} INFO - [2024-03-24T09:03:12.638+0000] {dagbag.py:537} INFO - Filling up the DagBag from /home/airflow/.local/lib/python3.7/site-packages/airflow/example_dags/example_kubernetes_executor.py
[2024-03-24T09:03:12.730+0000] {processor.py:766} INFO - DAG(s) dict_keys(['example_kubernetes_executor']) retrieved from /home/airflow/.local/lib/python3.7/site-packages/airflow/example_dags/example_kubernetes_executor.py
[2024-03-24T09:03:12.874+0000] {logging_mixin.py:120} INFO - [2024-03-24T09:03:12.874+0000] {dag.py:2585} INFO - Sync 1 DAGs
[2024-03-24T09:03:12.953+0000] {logging_mixin.py:120} INFO - [2024-03-24T09:03:12.953+0000] {dag.py:3340} INFO - Setting next_dagrun for example_kubernetes_executor to None, run_after=None
[2024-03-24T09:03:13.006+0000] {processor.py:176} INFO - Processing /home/airflow/.local/lib/python3.7/site-packages/airflow/example_dags/example_kubernetes_executor.py took 0.388 seconds
[2024-03-24T09:03:43.071+0000] {processor.py:154} INFO - Started process (PID=3806) to work on /home/airflow/.local/lib/python3.7/site-packages/airflow/example_dags/example_kubernetes_executor.py
[2024-03-24T09:03:43.073+0000] {processor.py:756} INFO - Processing file /home/airflow/.local/lib/python3.7/site-packages/airflow/example_dags/example_kubernetes_executor.py for tasks to queue
[2024-03-24T09:03:43.075+0000] {logging_mixin.py:120} INFO - [2024-03-24T09:03:43.075+0000] {dagbag.py:537} INFO - Filling up the DagBag from /home/airflow/.local/lib/python3.7/site-packages/airflow/example_dags/example_kubernetes_executor.py
[2024-03-24T09:03:43.133+0000] {processor.py:766} INFO - DAG(s) dict_keys(['example_kubernetes_executor']) retrieved from /home/airflow/.local/lib/python3.7/site-packages/airflow/example_dags/example_kubernetes_executor.py
[2024-03-24T09:03:43.217+0000] {logging_mixin.py:120} INFO - [2024-03-24T09:03:43.217+0000] {dag.py:2585} INFO - Sync 1 DAGs
[2024-03-24T09:03:43.320+0000] {logging_mixin.py:120} INFO - [2024-03-24T09:03:43.320+0000] {dag.py:3340} INFO - Setting next_dagrun for example_kubernetes_executor to None, run_after=None
[2024-03-24T09:03:43.360+0000] {processor.py:176} INFO - Processing /home/airflow/.local/lib/python3.7/site-packages/airflow/example_dags/example_kubernetes_executor.py took 0.298 seconds
[2024-03-24T09:04:13.625+0000] {processor.py:154} INFO - Started process (PID=3860) to work on /home/airflow/.local/lib/python3.7/site-packages/airflow/example_dags/example_kubernetes_executor.py
[2024-03-24T09:04:13.627+0000] {processor.py:756} INFO - Processing file /home/airflow/.local/lib/python3.7/site-packages/airflow/example_dags/example_kubernetes_executor.py for tasks to queue
[2024-03-24T09:04:13.629+0000] {logging_mixin.py:120} INFO - [2024-03-24T09:04:13.629+0000] {dagbag.py:537} INFO - Filling up the DagBag from /home/airflow/.local/lib/python3.7/site-packages/airflow/example_dags/example_kubernetes_executor.py
[2024-03-24T09:04:13.689+0000] {processor.py:766} INFO - DAG(s) dict_keys(['example_kubernetes_executor']) retrieved from /home/airflow/.local/lib/python3.7/site-packages/airflow/example_dags/example_kubernetes_executor.py
[2024-03-24T09:04:13.763+0000] {logging_mixin.py:120} INFO - [2024-03-24T09:04:13.763+0000] {dag.py:2585} INFO - Sync 1 DAGs
[2024-03-24T09:04:13.815+0000] {logging_mixin.py:120} INFO - [2024-03-24T09:04:13.814+0000] {dag.py:3340} INFO - Setting next_dagrun for example_kubernetes_executor to None, run_after=None
[2024-03-24T09:04:13.851+0000] {processor.py:176} INFO - Processing /home/airflow/.local/lib/python3.7/site-packages/airflow/example_dags/example_kubernetes_executor.py took 0.234 seconds
[2024-03-24T09:04:44.207+0000] {processor.py:154} INFO - Started process (PID=3924) to work on /home/airflow/.local/lib/python3.7/site-packages/airflow/example_dags/example_kubernetes_executor.py
[2024-03-24T09:04:44.215+0000] {processor.py:756} INFO - Processing file /home/airflow/.local/lib/python3.7/site-packages/airflow/example_dags/example_kubernetes_executor.py for tasks to queue
[2024-03-24T09:04:44.217+0000] {logging_mixin.py:120} INFO - [2024-03-24T09:04:44.216+0000] {dagbag.py:537} INFO - Filling up the DagBag from /home/airflow/.local/lib/python3.7/site-packages/airflow/example_dags/example_kubernetes_executor.py
[2024-03-24T09:04:44.331+0000] {processor.py:766} INFO - DAG(s) dict_keys(['example_kubernetes_executor']) retrieved from /home/airflow/.local/lib/python3.7/site-packages/airflow/example_dags/example_kubernetes_executor.py
[2024-03-24T09:04:44.429+0000] {logging_mixin.py:120} INFO - [2024-03-24T09:04:44.429+0000] {dag.py:2585} INFO - Sync 1 DAGs
[2024-03-24T09:04:44.490+0000] {logging_mixin.py:120} INFO - [2024-03-24T09:04:44.489+0000] {dag.py:3340} INFO - Setting next_dagrun for example_kubernetes_executor to None, run_after=None
[2024-03-24T09:04:44.579+0000] {processor.py:176} INFO - Processing /home/airflow/.local/lib/python3.7/site-packages/airflow/example_dags/example_kubernetes_executor.py took 0.403 seconds
[2024-03-24T09:05:14.737+0000] {processor.py:154} INFO - Started process (PID=3979) to work on /home/airflow/.local/lib/python3.7/site-packages/airflow/example_dags/example_kubernetes_executor.py
[2024-03-24T09:05:14.740+0000] {processor.py:756} INFO - Processing file /home/airflow/.local/lib/python3.7/site-packages/airflow/example_dags/example_kubernetes_executor.py for tasks to queue
[2024-03-24T09:05:14.742+0000] {logging_mixin.py:120} INFO - [2024-03-24T09:05:14.742+0000] {dagbag.py:537} INFO - Filling up the DagBag from /home/airflow/.local/lib/python3.7/site-packages/airflow/example_dags/example_kubernetes_executor.py
[2024-03-24T09:05:14.802+0000] {processor.py:766} INFO - DAG(s) dict_keys(['example_kubernetes_executor']) retrieved from /home/airflow/.local/lib/python3.7/site-packages/airflow/example_dags/example_kubernetes_executor.py
[2024-03-24T09:05:14.922+0000] {logging_mixin.py:120} INFO - [2024-03-24T09:05:14.921+0000] {dag.py:2585} INFO - Sync 1 DAGs
[2024-03-24T09:05:14.979+0000] {logging_mixin.py:120} INFO - [2024-03-24T09:05:14.979+0000] {dag.py:3340} INFO - Setting next_dagrun for example_kubernetes_executor to None, run_after=None
[2024-03-24T09:05:15.018+0000] {processor.py:176} INFO - Processing /home/airflow/.local/lib/python3.7/site-packages/airflow/example_dags/example_kubernetes_executor.py took 0.288 seconds
[2024-03-24T09:05:45.316+0000] {processor.py:154} INFO - Started process (PID=4044) to work on /home/airflow/.local/lib/python3.7/site-packages/airflow/example_dags/example_kubernetes_executor.py
[2024-03-24T09:05:45.320+0000] {processor.py:756} INFO - Processing file /home/airflow/.local/lib/python3.7/site-packages/airflow/example_dags/example_kubernetes_executor.py for tasks to queue
[2024-03-24T09:05:45.321+0000] {logging_mixin.py:120} INFO - [2024-03-24T09:05:45.321+0000] {dagbag.py:537} INFO - Filling up the DagBag from /home/airflow/.local/lib/python3.7/site-packages/airflow/example_dags/example_kubernetes_executor.py
[2024-03-24T09:05:45.399+0000] {processor.py:766} INFO - DAG(s) dict_keys(['example_kubernetes_executor']) retrieved from /home/airflow/.local/lib/python3.7/site-packages/airflow/example_dags/example_kubernetes_executor.py
[2024-03-24T09:05:45.504+0000] {logging_mixin.py:120} INFO - [2024-03-24T09:05:45.504+0000] {dag.py:2585} INFO - Sync 1 DAGs
[2024-03-24T09:05:45.570+0000] {logging_mixin.py:120} INFO - [2024-03-24T09:05:45.569+0000] {dag.py:3340} INFO - Setting next_dagrun for example_kubernetes_executor to None, run_after=None
[2024-03-24T09:05:45.635+0000] {processor.py:176} INFO - Processing /home/airflow/.local/lib/python3.7/site-packages/airflow/example_dags/example_kubernetes_executor.py took 0.327 seconds
[2024-03-24T09:06:16.426+0000] {processor.py:154} INFO - Started process (PID=4098) to work on /home/airflow/.local/lib/python3.7/site-packages/airflow/example_dags/example_kubernetes_executor.py
[2024-03-24T09:06:16.430+0000] {processor.py:756} INFO - Processing file /home/airflow/.local/lib/python3.7/site-packages/airflow/example_dags/example_kubernetes_executor.py for tasks to queue
[2024-03-24T09:06:16.432+0000] {logging_mixin.py:120} INFO - [2024-03-24T09:06:16.432+0000] {dagbag.py:537} INFO - Filling up the DagBag from /home/airflow/.local/lib/python3.7/site-packages/airflow/example_dags/example_kubernetes_executor.py
[2024-03-24T09:06:16.481+0000] {processor.py:766} INFO - DAG(s) dict_keys(['example_kubernetes_executor']) retrieved from /home/airflow/.local/lib/python3.7/site-packages/airflow/example_dags/example_kubernetes_executor.py
[2024-03-24T09:06:16.559+0000] {logging_mixin.py:120} INFO - [2024-03-24T09:06:16.558+0000] {dag.py:2585} INFO - Sync 1 DAGs
[2024-03-24T09:06:16.601+0000] {logging_mixin.py:120} INFO - [2024-03-24T09:06:16.601+0000] {dag.py:3340} INFO - Setting next_dagrun for example_kubernetes_executor to None, run_after=None
[2024-03-24T09:06:16.630+0000] {processor.py:176} INFO - Processing /home/airflow/.local/lib/python3.7/site-packages/airflow/example_dags/example_kubernetes_executor.py took 0.211 seconds
[2024-03-24T09:06:46.814+0000] {processor.py:154} INFO - Started process (PID=4162) to work on /home/airflow/.local/lib/python3.7/site-packages/airflow/example_dags/example_kubernetes_executor.py
[2024-03-24T09:06:46.816+0000] {processor.py:756} INFO - Processing file /home/airflow/.local/lib/python3.7/site-packages/airflow/example_dags/example_kubernetes_executor.py for tasks to queue
[2024-03-24T09:06:46.818+0000] {logging_mixin.py:120} INFO - [2024-03-24T09:06:46.818+0000] {dagbag.py:537} INFO - Filling up the DagBag from /home/airflow/.local/lib/python3.7/site-packages/airflow/example_dags/example_kubernetes_executor.py
[2024-03-24T09:06:46.879+0000] {processor.py:766} INFO - DAG(s) dict_keys(['example_kubernetes_executor']) retrieved from /home/airflow/.local/lib/python3.7/site-packages/airflow/example_dags/example_kubernetes_executor.py
[2024-03-24T09:06:46.976+0000] {logging_mixin.py:120} INFO - [2024-03-24T09:06:46.975+0000] {dag.py:2585} INFO - Sync 1 DAGs
[2024-03-24T09:06:47.055+0000] {logging_mixin.py:120} INFO - [2024-03-24T09:06:47.055+0000] {dag.py:3340} INFO - Setting next_dagrun for example_kubernetes_executor to None, run_after=None
[2024-03-24T09:06:47.093+0000] {processor.py:176} INFO - Processing /home/airflow/.local/lib/python3.7/site-packages/airflow/example_dags/example_kubernetes_executor.py took 0.285 seconds
[2024-03-24T11:07:17.326+0000] {processor.py:154} INFO - Started process (PID=4226) to work on /home/airflow/.local/lib/python3.7/site-packages/airflow/example_dags/example_kubernetes_executor.py
[2024-03-24T11:07:17.343+0000] {processor.py:756} INFO - Processing file /home/airflow/.local/lib/python3.7/site-packages/airflow/example_dags/example_kubernetes_executor.py for tasks to queue
[2024-03-24T11:07:17.344+0000] {logging_mixin.py:120} INFO - [2024-03-24T11:07:17.344+0000] {dagbag.py:537} INFO - Filling up the DagBag from /home/airflow/.local/lib/python3.7/site-packages/airflow/example_dags/example_kubernetes_executor.py
[2024-03-24T11:07:17.493+0000] {processor.py:766} INFO - DAG(s) dict_keys(['example_kubernetes_executor']) retrieved from /home/airflow/.local/lib/python3.7/site-packages/airflow/example_dags/example_kubernetes_executor.py
[2024-03-24T11:07:17.822+0000] {logging_mixin.py:120} INFO - [2024-03-24T11:07:17.822+0000] {dag.py:2585} INFO - Sync 1 DAGs
[2024-03-24T11:07:17.977+0000] {logging_mixin.py:120} INFO - [2024-03-24T11:07:17.977+0000] {dag.py:3340} INFO - Setting next_dagrun for example_kubernetes_executor to None, run_after=None
[2024-03-24T11:07:18.123+0000] {processor.py:176} INFO - Processing /home/airflow/.local/lib/python3.7/site-packages/airflow/example_dags/example_kubernetes_executor.py took 0.814 seconds
[2024-03-24T21:08:20.123+0000] {processor.py:154} INFO - Started process (PID=4272) to work on /home/airflow/.local/lib/python3.7/site-packages/airflow/example_dags/example_kubernetes_executor.py
[2024-03-24T21:08:20.127+0000] {processor.py:756} INFO - Processing file /home/airflow/.local/lib/python3.7/site-packages/airflow/example_dags/example_kubernetes_executor.py for tasks to queue
[2024-03-24T21:08:20.130+0000] {logging_mixin.py:120} INFO - [2024-03-24T21:08:20.129+0000] {dagbag.py:537} INFO - Filling up the DagBag from /home/airflow/.local/lib/python3.7/site-packages/airflow/example_dags/example_kubernetes_executor.py
[2024-03-24T21:08:20.200+0000] {processor.py:766} INFO - DAG(s) dict_keys(['example_kubernetes_executor']) retrieved from /home/airflow/.local/lib/python3.7/site-packages/airflow/example_dags/example_kubernetes_executor.py
[2024-03-24T21:08:20.306+0000] {logging_mixin.py:120} INFO - [2024-03-24T21:08:20.306+0000] {dag.py:2585} INFO - Sync 1 DAGs
[2024-03-24T21:08:20.383+0000] {logging_mixin.py:120} INFO - [2024-03-24T21:08:20.383+0000] {dag.py:3340} INFO - Setting next_dagrun for example_kubernetes_executor to None, run_after=None
[2024-03-24T21:08:20.434+0000] {processor.py:176} INFO - Processing /home/airflow/.local/lib/python3.7/site-packages/airflow/example_dags/example_kubernetes_executor.py took 0.317 seconds
