[2024-03-24T08:30:43.204+0000] {processor.py:154} INFO - Started process (PID=57) to work on /home/airflow/.local/lib/python3.7/site-packages/airflow/example_dags/tutorial_dag.py
[2024-03-24T08:30:43.214+0000] {processor.py:756} INFO - Processing file /home/airflow/.local/lib/python3.7/site-packages/airflow/example_dags/tutorial_dag.py for tasks to queue
[2024-03-24T08:30:43.222+0000] {logging_mixin.py:120} INFO - [2024-03-24T08:30:43.221+0000] {dagbag.py:537} INFO - Filling up the DagBag from /home/airflow/.local/lib/python3.7/site-packages/airflow/example_dags/tutorial_dag.py
[2024-03-24T08:30:43.308+0000] {processor.py:766} INFO - DAG(s) dict_keys(['tutorial_dag']) retrieved from /home/airflow/.local/lib/python3.7/site-packages/airflow/example_dags/tutorial_dag.py
[2024-03-24T08:30:46.422+0000] {logging_mixin.py:120} INFO - [2024-03-24T08:30:46.413+0000] {manager.py:507} INFO - Created Permission View: can read on DAG:tutorial_dag
[2024-03-24T08:30:46.663+0000] {logging_mixin.py:120} INFO - [2024-03-24T08:30:46.663+0000] {manager.py:507} INFO - Created Permission View: can edit on DAG:tutorial_dag
[2024-03-24T08:30:46.865+0000] {logging_mixin.py:120} INFO - [2024-03-24T08:30:46.865+0000] {manager.py:507} INFO - Created Permission View: can delete on DAG:tutorial_dag
[2024-03-24T08:30:46.873+0000] {logging_mixin.py:120} INFO - [2024-03-24T08:30:46.872+0000] {dag.py:2585} INFO - Sync 1 DAGs
[2024-03-24T08:30:47.665+0000] {logging_mixin.py:120} INFO - [2024-03-24T08:30:47.626+0000] {dag.py:2606} INFO - Creating ORM DAG for tutorial_dag
[2024-03-24T08:30:47.862+0000] {logging_mixin.py:120} INFO - [2024-03-24T08:30:47.858+0000] {dag.py:3340} INFO - Setting next_dagrun for tutorial_dag to None, run_after=None
[2024-03-24T08:30:48.149+0000] {processor.py:176} INFO - Processing /home/airflow/.local/lib/python3.7/site-packages/airflow/example_dags/tutorial_dag.py took 4.991 seconds
[2024-03-24T08:31:23.806+0000] {processor.py:154} INFO - Started process (PID=109) to work on /home/airflow/.local/lib/python3.7/site-packages/airflow/example_dags/tutorial_dag.py
[2024-03-24T08:31:23.824+0000] {processor.py:756} INFO - Processing file /home/airflow/.local/lib/python3.7/site-packages/airflow/example_dags/tutorial_dag.py for tasks to queue
[2024-03-24T08:31:23.859+0000] {logging_mixin.py:120} INFO - [2024-03-24T08:31:23.848+0000] {dagbag.py:537} INFO - Filling up the DagBag from /home/airflow/.local/lib/python3.7/site-packages/airflow/example_dags/tutorial_dag.py
[2024-03-24T08:31:24.260+0000] {processor.py:766} INFO - DAG(s) dict_keys(['tutorial_dag']) retrieved from /home/airflow/.local/lib/python3.7/site-packages/airflow/example_dags/tutorial_dag.py
[2024-03-24T08:31:24.750+0000] {logging_mixin.py:120} INFO - [2024-03-24T08:31:24.749+0000] {dag.py:2585} INFO - Sync 1 DAGs
[2024-03-24T08:31:25.115+0000] {logging_mixin.py:120} INFO - [2024-03-24T08:31:25.114+0000] {dag.py:3340} INFO - Setting next_dagrun for tutorial_dag to None, run_after=None
[2024-03-24T08:31:25.499+0000] {processor.py:176} INFO - Processing /home/airflow/.local/lib/python3.7/site-packages/airflow/example_dags/tutorial_dag.py took 1.839 seconds
[2024-03-24T08:31:55.781+0000] {processor.py:154} INFO - Started process (PID=157) to work on /home/airflow/.local/lib/python3.7/site-packages/airflow/example_dags/tutorial_dag.py
[2024-03-24T08:31:55.784+0000] {processor.py:756} INFO - Processing file /home/airflow/.local/lib/python3.7/site-packages/airflow/example_dags/tutorial_dag.py for tasks to queue
[2024-03-24T08:31:55.788+0000] {logging_mixin.py:120} INFO - [2024-03-24T08:31:55.788+0000] {dagbag.py:537} INFO - Filling up the DagBag from /home/airflow/.local/lib/python3.7/site-packages/airflow/example_dags/tutorial_dag.py
[2024-03-24T08:31:55.822+0000] {processor.py:766} INFO - DAG(s) dict_keys(['tutorial_dag']) retrieved from /home/airflow/.local/lib/python3.7/site-packages/airflow/example_dags/tutorial_dag.py
[2024-03-24T08:31:55.944+0000] {logging_mixin.py:120} INFO - [2024-03-24T08:31:55.943+0000] {dag.py:2585} INFO - Sync 1 DAGs
[2024-03-24T08:31:55.995+0000] {logging_mixin.py:120} INFO - [2024-03-24T08:31:55.995+0000] {dag.py:3340} INFO - Setting next_dagrun for tutorial_dag to None, run_after=None
[2024-03-24T08:31:56.043+0000] {processor.py:176} INFO - Processing /home/airflow/.local/lib/python3.7/site-packages/airflow/example_dags/tutorial_dag.py took 0.272 seconds
[2024-03-24T08:32:26.928+0000] {processor.py:154} INFO - Started process (PID=221) to work on /home/airflow/.local/lib/python3.7/site-packages/airflow/example_dags/tutorial_dag.py
[2024-03-24T08:32:26.931+0000] {processor.py:756} INFO - Processing file /home/airflow/.local/lib/python3.7/site-packages/airflow/example_dags/tutorial_dag.py for tasks to queue
[2024-03-24T08:32:26.934+0000] {logging_mixin.py:120} INFO - [2024-03-24T08:32:26.933+0000] {dagbag.py:537} INFO - Filling up the DagBag from /home/airflow/.local/lib/python3.7/site-packages/airflow/example_dags/tutorial_dag.py
[2024-03-24T08:32:26.977+0000] {processor.py:766} INFO - DAG(s) dict_keys(['tutorial_dag']) retrieved from /home/airflow/.local/lib/python3.7/site-packages/airflow/example_dags/tutorial_dag.py
[2024-03-24T08:32:27.097+0000] {logging_mixin.py:120} INFO - [2024-03-24T08:32:27.097+0000] {dag.py:2585} INFO - Sync 1 DAGs
[2024-03-24T08:32:27.163+0000] {logging_mixin.py:120} INFO - [2024-03-24T08:32:27.162+0000] {dag.py:3340} INFO - Setting next_dagrun for tutorial_dag to None, run_after=None
[2024-03-24T08:32:27.196+0000] {processor.py:176} INFO - Processing /home/airflow/.local/lib/python3.7/site-packages/airflow/example_dags/tutorial_dag.py took 0.273 seconds
[2024-03-24T08:32:57.653+0000] {processor.py:154} INFO - Started process (PID=276) to work on /home/airflow/.local/lib/python3.7/site-packages/airflow/example_dags/tutorial_dag.py
[2024-03-24T08:32:57.659+0000] {processor.py:756} INFO - Processing file /home/airflow/.local/lib/python3.7/site-packages/airflow/example_dags/tutorial_dag.py for tasks to queue
[2024-03-24T08:32:57.666+0000] {logging_mixin.py:120} INFO - [2024-03-24T08:32:57.666+0000] {dagbag.py:537} INFO - Filling up the DagBag from /home/airflow/.local/lib/python3.7/site-packages/airflow/example_dags/tutorial_dag.py
[2024-03-24T08:32:57.699+0000] {processor.py:766} INFO - DAG(s) dict_keys(['tutorial_dag']) retrieved from /home/airflow/.local/lib/python3.7/site-packages/airflow/example_dags/tutorial_dag.py
[2024-03-24T08:32:57.847+0000] {logging_mixin.py:120} INFO - [2024-03-24T08:32:57.844+0000] {dag.py:2585} INFO - Sync 1 DAGs
[2024-03-24T08:32:57.942+0000] {logging_mixin.py:120} INFO - [2024-03-24T08:32:57.942+0000] {dag.py:3340} INFO - Setting next_dagrun for tutorial_dag to None, run_after=None
[2024-03-24T08:32:57.988+0000] {processor.py:176} INFO - Processing /home/airflow/.local/lib/python3.7/site-packages/airflow/example_dags/tutorial_dag.py took 0.355 seconds
[2024-03-24T08:33:28.095+0000] {processor.py:154} INFO - Started process (PID=339) to work on /home/airflow/.local/lib/python3.7/site-packages/airflow/example_dags/tutorial_dag.py
[2024-03-24T08:33:28.099+0000] {processor.py:756} INFO - Processing file /home/airflow/.local/lib/python3.7/site-packages/airflow/example_dags/tutorial_dag.py for tasks to queue
[2024-03-24T08:33:28.100+0000] {logging_mixin.py:120} INFO - [2024-03-24T08:33:28.100+0000] {dagbag.py:537} INFO - Filling up the DagBag from /home/airflow/.local/lib/python3.7/site-packages/airflow/example_dags/tutorial_dag.py
[2024-03-24T08:33:28.127+0000] {processor.py:766} INFO - DAG(s) dict_keys(['tutorial_dag']) retrieved from /home/airflow/.local/lib/python3.7/site-packages/airflow/example_dags/tutorial_dag.py
[2024-03-24T08:33:28.248+0000] {logging_mixin.py:120} INFO - [2024-03-24T08:33:28.248+0000] {dag.py:2585} INFO - Sync 1 DAGs
[2024-03-24T08:33:28.347+0000] {logging_mixin.py:120} INFO - [2024-03-24T08:33:28.346+0000] {dag.py:3340} INFO - Setting next_dagrun for tutorial_dag to None, run_after=None
[2024-03-24T08:33:28.414+0000] {processor.py:176} INFO - Processing /home/airflow/.local/lib/python3.7/site-packages/airflow/example_dags/tutorial_dag.py took 0.329 seconds
[2024-03-24T08:33:58.899+0000] {processor.py:154} INFO - Started process (PID=394) to work on /home/airflow/.local/lib/python3.7/site-packages/airflow/example_dags/tutorial_dag.py
[2024-03-24T08:33:58.912+0000] {processor.py:756} INFO - Processing file /home/airflow/.local/lib/python3.7/site-packages/airflow/example_dags/tutorial_dag.py for tasks to queue
[2024-03-24T08:33:58.916+0000] {logging_mixin.py:120} INFO - [2024-03-24T08:33:58.914+0000] {dagbag.py:537} INFO - Filling up the DagBag from /home/airflow/.local/lib/python3.7/site-packages/airflow/example_dags/tutorial_dag.py
[2024-03-24T08:33:58.963+0000] {processor.py:766} INFO - DAG(s) dict_keys(['tutorial_dag']) retrieved from /home/airflow/.local/lib/python3.7/site-packages/airflow/example_dags/tutorial_dag.py
[2024-03-24T08:33:59.127+0000] {logging_mixin.py:120} INFO - [2024-03-24T08:33:59.127+0000] {dag.py:2585} INFO - Sync 1 DAGs
[2024-03-24T08:33:59.226+0000] {logging_mixin.py:120} INFO - [2024-03-24T08:33:59.225+0000] {dag.py:3340} INFO - Setting next_dagrun for tutorial_dag to None, run_after=None
[2024-03-24T08:33:59.286+0000] {processor.py:176} INFO - Processing /home/airflow/.local/lib/python3.7/site-packages/airflow/example_dags/tutorial_dag.py took 0.401 seconds
[2024-03-24T08:34:29.631+0000] {processor.py:154} INFO - Started process (PID=458) to work on /home/airflow/.local/lib/python3.7/site-packages/airflow/example_dags/tutorial_dag.py
[2024-03-24T08:34:29.642+0000] {processor.py:756} INFO - Processing file /home/airflow/.local/lib/python3.7/site-packages/airflow/example_dags/tutorial_dag.py for tasks to queue
[2024-03-24T08:34:29.648+0000] {logging_mixin.py:120} INFO - [2024-03-24T08:34:29.648+0000] {dagbag.py:537} INFO - Filling up the DagBag from /home/airflow/.local/lib/python3.7/site-packages/airflow/example_dags/tutorial_dag.py
[2024-03-24T08:34:29.766+0000] {processor.py:766} INFO - DAG(s) dict_keys(['tutorial_dag']) retrieved from /home/airflow/.local/lib/python3.7/site-packages/airflow/example_dags/tutorial_dag.py
[2024-03-24T08:34:29.978+0000] {logging_mixin.py:120} INFO - [2024-03-24T08:34:29.978+0000] {dag.py:2585} INFO - Sync 1 DAGs
[2024-03-24T08:34:30.116+0000] {logging_mixin.py:120} INFO - [2024-03-24T08:34:30.111+0000] {dag.py:3340} INFO - Setting next_dagrun for tutorial_dag to None, run_after=None
[2024-03-24T08:34:30.282+0000] {processor.py:176} INFO - Processing /home/airflow/.local/lib/python3.7/site-packages/airflow/example_dags/tutorial_dag.py took 0.684 seconds
[2024-03-24T08:35:00.963+0000] {processor.py:154} INFO - Started process (PID=511) to work on /home/airflow/.local/lib/python3.7/site-packages/airflow/example_dags/tutorial_dag.py
[2024-03-24T08:35:00.965+0000] {processor.py:756} INFO - Processing file /home/airflow/.local/lib/python3.7/site-packages/airflow/example_dags/tutorial_dag.py for tasks to queue
[2024-03-24T08:35:00.968+0000] {logging_mixin.py:120} INFO - [2024-03-24T08:35:00.968+0000] {dagbag.py:537} INFO - Filling up the DagBag from /home/airflow/.local/lib/python3.7/site-packages/airflow/example_dags/tutorial_dag.py
[2024-03-24T08:35:00.995+0000] {processor.py:766} INFO - DAG(s) dict_keys(['tutorial_dag']) retrieved from /home/airflow/.local/lib/python3.7/site-packages/airflow/example_dags/tutorial_dag.py
[2024-03-24T08:35:01.081+0000] {logging_mixin.py:120} INFO - [2024-03-24T08:35:01.081+0000] {dag.py:2585} INFO - Sync 1 DAGs
[2024-03-24T08:35:01.130+0000] {logging_mixin.py:120} INFO - [2024-03-24T08:35:01.129+0000] {dag.py:3340} INFO - Setting next_dagrun for tutorial_dag to None, run_after=None
[2024-03-24T08:35:01.167+0000] {processor.py:176} INFO - Processing /home/airflow/.local/lib/python3.7/site-packages/airflow/example_dags/tutorial_dag.py took 0.212 seconds
[2024-03-24T08:35:31.568+0000] {processor.py:154} INFO - Started process (PID=565) to work on /home/airflow/.local/lib/python3.7/site-packages/airflow/example_dags/tutorial_dag.py
[2024-03-24T08:35:31.573+0000] {processor.py:756} INFO - Processing file /home/airflow/.local/lib/python3.7/site-packages/airflow/example_dags/tutorial_dag.py for tasks to queue
[2024-03-24T08:35:31.579+0000] {logging_mixin.py:120} INFO - [2024-03-24T08:35:31.578+0000] {dagbag.py:537} INFO - Filling up the DagBag from /home/airflow/.local/lib/python3.7/site-packages/airflow/example_dags/tutorial_dag.py
[2024-03-24T08:35:31.675+0000] {processor.py:766} INFO - DAG(s) dict_keys(['tutorial_dag']) retrieved from /home/airflow/.local/lib/python3.7/site-packages/airflow/example_dags/tutorial_dag.py
[2024-03-24T08:35:31.844+0000] {logging_mixin.py:120} INFO - [2024-03-24T08:35:31.844+0000] {dag.py:2585} INFO - Sync 1 DAGs
[2024-03-24T08:35:31.934+0000] {logging_mixin.py:120} INFO - [2024-03-24T08:35:31.933+0000] {dag.py:3340} INFO - Setting next_dagrun for tutorial_dag to None, run_after=None
[2024-03-24T08:35:31.989+0000] {processor.py:176} INFO - Processing /home/airflow/.local/lib/python3.7/site-packages/airflow/example_dags/tutorial_dag.py took 0.470 seconds
[2024-03-24T08:36:02.194+0000] {processor.py:154} INFO - Started process (PID=619) to work on /home/airflow/.local/lib/python3.7/site-packages/airflow/example_dags/tutorial_dag.py
[2024-03-24T08:36:02.196+0000] {processor.py:756} INFO - Processing file /home/airflow/.local/lib/python3.7/site-packages/airflow/example_dags/tutorial_dag.py for tasks to queue
[2024-03-24T08:36:02.198+0000] {logging_mixin.py:120} INFO - [2024-03-24T08:36:02.198+0000] {dagbag.py:537} INFO - Filling up the DagBag from /home/airflow/.local/lib/python3.7/site-packages/airflow/example_dags/tutorial_dag.py
[2024-03-24T08:36:02.224+0000] {processor.py:766} INFO - DAG(s) dict_keys(['tutorial_dag']) retrieved from /home/airflow/.local/lib/python3.7/site-packages/airflow/example_dags/tutorial_dag.py
[2024-03-24T08:36:02.315+0000] {logging_mixin.py:120} INFO - [2024-03-24T08:36:02.315+0000] {dag.py:2585} INFO - Sync 1 DAGs
[2024-03-24T08:36:02.372+0000] {logging_mixin.py:120} INFO - [2024-03-24T08:36:02.372+0000] {dag.py:3340} INFO - Setting next_dagrun for tutorial_dag to None, run_after=None
[2024-03-24T08:36:02.446+0000] {processor.py:176} INFO - Processing /home/airflow/.local/lib/python3.7/site-packages/airflow/example_dags/tutorial_dag.py took 0.259 seconds
[2024-03-24T08:36:32.910+0000] {processor.py:154} INFO - Started process (PID=683) to work on /home/airflow/.local/lib/python3.7/site-packages/airflow/example_dags/tutorial_dag.py
[2024-03-24T08:36:32.916+0000] {processor.py:756} INFO - Processing file /home/airflow/.local/lib/python3.7/site-packages/airflow/example_dags/tutorial_dag.py for tasks to queue
[2024-03-24T08:36:32.918+0000] {logging_mixin.py:120} INFO - [2024-03-24T08:36:32.918+0000] {dagbag.py:537} INFO - Filling up the DagBag from /home/airflow/.local/lib/python3.7/site-packages/airflow/example_dags/tutorial_dag.py
[2024-03-24T08:36:32.950+0000] {processor.py:766} INFO - DAG(s) dict_keys(['tutorial_dag']) retrieved from /home/airflow/.local/lib/python3.7/site-packages/airflow/example_dags/tutorial_dag.py
[2024-03-24T08:36:33.045+0000] {logging_mixin.py:120} INFO - [2024-03-24T08:36:33.045+0000] {dag.py:2585} INFO - Sync 1 DAGs
[2024-03-24T08:36:33.098+0000] {logging_mixin.py:120} INFO - [2024-03-24T08:36:33.098+0000] {dag.py:3340} INFO - Setting next_dagrun for tutorial_dag to None, run_after=None
[2024-03-24T08:36:33.134+0000] {processor.py:176} INFO - Processing /home/airflow/.local/lib/python3.7/site-packages/airflow/example_dags/tutorial_dag.py took 0.250 seconds
[2024-03-24T08:37:03.703+0000] {processor.py:154} INFO - Started process (PID=737) to work on /home/airflow/.local/lib/python3.7/site-packages/airflow/example_dags/tutorial_dag.py
[2024-03-24T08:37:03.705+0000] {processor.py:756} INFO - Processing file /home/airflow/.local/lib/python3.7/site-packages/airflow/example_dags/tutorial_dag.py for tasks to queue
[2024-03-24T08:37:03.707+0000] {logging_mixin.py:120} INFO - [2024-03-24T08:37:03.707+0000] {dagbag.py:537} INFO - Filling up the DagBag from /home/airflow/.local/lib/python3.7/site-packages/airflow/example_dags/tutorial_dag.py
[2024-03-24T08:37:03.729+0000] {processor.py:766} INFO - DAG(s) dict_keys(['tutorial_dag']) retrieved from /home/airflow/.local/lib/python3.7/site-packages/airflow/example_dags/tutorial_dag.py
[2024-03-24T08:37:03.801+0000] {logging_mixin.py:120} INFO - [2024-03-24T08:37:03.801+0000] {dag.py:2585} INFO - Sync 1 DAGs
[2024-03-24T08:37:03.855+0000] {logging_mixin.py:120} INFO - [2024-03-24T08:37:03.855+0000] {dag.py:3340} INFO - Setting next_dagrun for tutorial_dag to None, run_after=None
[2024-03-24T08:37:03.892+0000] {processor.py:176} INFO - Processing /home/airflow/.local/lib/python3.7/site-packages/airflow/example_dags/tutorial_dag.py took 0.196 seconds
[2024-03-24T08:37:34.581+0000] {processor.py:154} INFO - Started process (PID=791) to work on /home/airflow/.local/lib/python3.7/site-packages/airflow/example_dags/tutorial_dag.py
[2024-03-24T08:37:34.594+0000] {processor.py:756} INFO - Processing file /home/airflow/.local/lib/python3.7/site-packages/airflow/example_dags/tutorial_dag.py for tasks to queue
[2024-03-24T08:37:34.597+0000] {logging_mixin.py:120} INFO - [2024-03-24T08:37:34.596+0000] {dagbag.py:537} INFO - Filling up the DagBag from /home/airflow/.local/lib/python3.7/site-packages/airflow/example_dags/tutorial_dag.py
[2024-03-24T08:37:34.652+0000] {processor.py:766} INFO - DAG(s) dict_keys(['tutorial_dag']) retrieved from /home/airflow/.local/lib/python3.7/site-packages/airflow/example_dags/tutorial_dag.py
[2024-03-24T08:37:35.096+0000] {logging_mixin.py:120} INFO - [2024-03-24T08:37:35.096+0000] {dag.py:2585} INFO - Sync 1 DAGs
[2024-03-24T08:37:35.273+0000] {logging_mixin.py:120} INFO - [2024-03-24T08:37:35.273+0000] {dag.py:3340} INFO - Setting next_dagrun for tutorial_dag to None, run_after=None
[2024-03-24T08:37:35.397+0000] {processor.py:176} INFO - Processing /home/airflow/.local/lib/python3.7/site-packages/airflow/example_dags/tutorial_dag.py took 0.830 seconds
[2024-03-24T08:38:06.125+0000] {processor.py:154} INFO - Started process (PID=855) to work on /home/airflow/.local/lib/python3.7/site-packages/airflow/example_dags/tutorial_dag.py
[2024-03-24T08:38:06.127+0000] {processor.py:756} INFO - Processing file /home/airflow/.local/lib/python3.7/site-packages/airflow/example_dags/tutorial_dag.py for tasks to queue
[2024-03-24T08:38:06.130+0000] {logging_mixin.py:120} INFO - [2024-03-24T08:38:06.130+0000] {dagbag.py:537} INFO - Filling up the DagBag from /home/airflow/.local/lib/python3.7/site-packages/airflow/example_dags/tutorial_dag.py
[2024-03-24T08:38:06.156+0000] {processor.py:766} INFO - DAG(s) dict_keys(['tutorial_dag']) retrieved from /home/airflow/.local/lib/python3.7/site-packages/airflow/example_dags/tutorial_dag.py
[2024-03-24T08:38:06.242+0000] {logging_mixin.py:120} INFO - [2024-03-24T08:38:06.242+0000] {dag.py:2585} INFO - Sync 1 DAGs
[2024-03-24T08:38:06.290+0000] {logging_mixin.py:120} INFO - [2024-03-24T08:38:06.290+0000] {dag.py:3340} INFO - Setting next_dagrun for tutorial_dag to None, run_after=None
[2024-03-24T08:38:06.325+0000] {processor.py:176} INFO - Processing /home/airflow/.local/lib/python3.7/site-packages/airflow/example_dags/tutorial_dag.py took 0.208 seconds
[2024-03-24T08:38:36.558+0000] {processor.py:154} INFO - Started process (PID=909) to work on /home/airflow/.local/lib/python3.7/site-packages/airflow/example_dags/tutorial_dag.py
[2024-03-24T08:38:36.560+0000] {processor.py:756} INFO - Processing file /home/airflow/.local/lib/python3.7/site-packages/airflow/example_dags/tutorial_dag.py for tasks to queue
[2024-03-24T08:38:36.562+0000] {logging_mixin.py:120} INFO - [2024-03-24T08:38:36.562+0000] {dagbag.py:537} INFO - Filling up the DagBag from /home/airflow/.local/lib/python3.7/site-packages/airflow/example_dags/tutorial_dag.py
[2024-03-24T08:38:36.584+0000] {processor.py:766} INFO - DAG(s) dict_keys(['tutorial_dag']) retrieved from /home/airflow/.local/lib/python3.7/site-packages/airflow/example_dags/tutorial_dag.py
[2024-03-24T08:38:36.672+0000] {logging_mixin.py:120} INFO - [2024-03-24T08:38:36.671+0000] {dag.py:2585} INFO - Sync 1 DAGs
[2024-03-24T08:38:36.720+0000] {logging_mixin.py:120} INFO - [2024-03-24T08:38:36.719+0000] {dag.py:3340} INFO - Setting next_dagrun for tutorial_dag to None, run_after=None
[2024-03-24T08:38:36.758+0000] {processor.py:176} INFO - Processing /home/airflow/.local/lib/python3.7/site-packages/airflow/example_dags/tutorial_dag.py took 0.208 seconds
[2024-03-24T08:39:06.926+0000] {processor.py:154} INFO - Started process (PID=972) to work on /home/airflow/.local/lib/python3.7/site-packages/airflow/example_dags/tutorial_dag.py
[2024-03-24T08:39:06.930+0000] {processor.py:756} INFO - Processing file /home/airflow/.local/lib/python3.7/site-packages/airflow/example_dags/tutorial_dag.py for tasks to queue
[2024-03-24T08:39:06.932+0000] {logging_mixin.py:120} INFO - [2024-03-24T08:39:06.931+0000] {dagbag.py:537} INFO - Filling up the DagBag from /home/airflow/.local/lib/python3.7/site-packages/airflow/example_dags/tutorial_dag.py
[2024-03-24T08:39:06.956+0000] {processor.py:766} INFO - DAG(s) dict_keys(['tutorial_dag']) retrieved from /home/airflow/.local/lib/python3.7/site-packages/airflow/example_dags/tutorial_dag.py
[2024-03-24T08:39:07.029+0000] {logging_mixin.py:120} INFO - [2024-03-24T08:39:07.029+0000] {dag.py:2585} INFO - Sync 1 DAGs
[2024-03-24T08:39:07.077+0000] {logging_mixin.py:120} INFO - [2024-03-24T08:39:07.077+0000] {dag.py:3340} INFO - Setting next_dagrun for tutorial_dag to None, run_after=None
[2024-03-24T08:39:07.137+0000] {processor.py:176} INFO - Processing /home/airflow/.local/lib/python3.7/site-packages/airflow/example_dags/tutorial_dag.py took 0.218 seconds
[2024-03-24T08:39:37.259+0000] {processor.py:154} INFO - Started process (PID=1026) to work on /home/airflow/.local/lib/python3.7/site-packages/airflow/example_dags/tutorial_dag.py
[2024-03-24T08:39:37.261+0000] {processor.py:756} INFO - Processing file /home/airflow/.local/lib/python3.7/site-packages/airflow/example_dags/tutorial_dag.py for tasks to queue
[2024-03-24T08:39:37.264+0000] {logging_mixin.py:120} INFO - [2024-03-24T08:39:37.264+0000] {dagbag.py:537} INFO - Filling up the DagBag from /home/airflow/.local/lib/python3.7/site-packages/airflow/example_dags/tutorial_dag.py
[2024-03-24T08:39:37.296+0000] {processor.py:766} INFO - DAG(s) dict_keys(['tutorial_dag']) retrieved from /home/airflow/.local/lib/python3.7/site-packages/airflow/example_dags/tutorial_dag.py
[2024-03-24T08:39:37.382+0000] {logging_mixin.py:120} INFO - [2024-03-24T08:39:37.382+0000] {dag.py:2585} INFO - Sync 1 DAGs
[2024-03-24T08:39:37.442+0000] {logging_mixin.py:120} INFO - [2024-03-24T08:39:37.441+0000] {dag.py:3340} INFO - Setting next_dagrun for tutorial_dag to None, run_after=None
[2024-03-24T08:39:37.488+0000] {processor.py:176} INFO - Processing /home/airflow/.local/lib/python3.7/site-packages/airflow/example_dags/tutorial_dag.py took 0.235 seconds
[2024-03-24T08:40:07.556+0000] {processor.py:154} INFO - Started process (PID=1092) to work on /home/airflow/.local/lib/python3.7/site-packages/airflow/example_dags/tutorial_dag.py
[2024-03-24T08:40:07.560+0000] {processor.py:756} INFO - Processing file /home/airflow/.local/lib/python3.7/site-packages/airflow/example_dags/tutorial_dag.py for tasks to queue
[2024-03-24T08:40:07.562+0000] {logging_mixin.py:120} INFO - [2024-03-24T08:40:07.562+0000] {dagbag.py:537} INFO - Filling up the DagBag from /home/airflow/.local/lib/python3.7/site-packages/airflow/example_dags/tutorial_dag.py
[2024-03-24T08:40:07.593+0000] {processor.py:766} INFO - DAG(s) dict_keys(['tutorial_dag']) retrieved from /home/airflow/.local/lib/python3.7/site-packages/airflow/example_dags/tutorial_dag.py
[2024-03-24T08:40:07.679+0000] {logging_mixin.py:120} INFO - [2024-03-24T08:40:07.679+0000] {dag.py:2585} INFO - Sync 1 DAGs
[2024-03-24T08:40:07.728+0000] {logging_mixin.py:120} INFO - [2024-03-24T08:40:07.728+0000] {dag.py:3340} INFO - Setting next_dagrun for tutorial_dag to None, run_after=None
[2024-03-24T08:40:07.776+0000] {processor.py:176} INFO - Processing /home/airflow/.local/lib/python3.7/site-packages/airflow/example_dags/tutorial_dag.py took 0.231 seconds
[2024-03-24T08:40:37.906+0000] {processor.py:154} INFO - Started process (PID=1146) to work on /home/airflow/.local/lib/python3.7/site-packages/airflow/example_dags/tutorial_dag.py
[2024-03-24T08:40:37.910+0000] {processor.py:756} INFO - Processing file /home/airflow/.local/lib/python3.7/site-packages/airflow/example_dags/tutorial_dag.py for tasks to queue
[2024-03-24T08:40:37.912+0000] {logging_mixin.py:120} INFO - [2024-03-24T08:40:37.911+0000] {dagbag.py:537} INFO - Filling up the DagBag from /home/airflow/.local/lib/python3.7/site-packages/airflow/example_dags/tutorial_dag.py
[2024-03-24T08:40:37.944+0000] {processor.py:766} INFO - DAG(s) dict_keys(['tutorial_dag']) retrieved from /home/airflow/.local/lib/python3.7/site-packages/airflow/example_dags/tutorial_dag.py
[2024-03-24T08:40:38.023+0000] {logging_mixin.py:120} INFO - [2024-03-24T08:40:38.023+0000] {dag.py:2585} INFO - Sync 1 DAGs
[2024-03-24T08:40:38.078+0000] {logging_mixin.py:120} INFO - [2024-03-24T08:40:38.078+0000] {dag.py:3340} INFO - Setting next_dagrun for tutorial_dag to None, run_after=None
[2024-03-24T08:40:38.121+0000] {processor.py:176} INFO - Processing /home/airflow/.local/lib/python3.7/site-packages/airflow/example_dags/tutorial_dag.py took 0.222 seconds
[2024-03-24T08:41:09.017+0000] {processor.py:154} INFO - Started process (PID=1210) to work on /home/airflow/.local/lib/python3.7/site-packages/airflow/example_dags/tutorial_dag.py
[2024-03-24T08:41:09.019+0000] {processor.py:756} INFO - Processing file /home/airflow/.local/lib/python3.7/site-packages/airflow/example_dags/tutorial_dag.py for tasks to queue
[2024-03-24T08:41:09.021+0000] {logging_mixin.py:120} INFO - [2024-03-24T08:41:09.021+0000] {dagbag.py:537} INFO - Filling up the DagBag from /home/airflow/.local/lib/python3.7/site-packages/airflow/example_dags/tutorial_dag.py
[2024-03-24T08:41:09.051+0000] {processor.py:766} INFO - DAG(s) dict_keys(['tutorial_dag']) retrieved from /home/airflow/.local/lib/python3.7/site-packages/airflow/example_dags/tutorial_dag.py
[2024-03-24T08:41:09.146+0000] {logging_mixin.py:120} INFO - [2024-03-24T08:41:09.145+0000] {dag.py:2585} INFO - Sync 1 DAGs
[2024-03-24T08:41:09.211+0000] {logging_mixin.py:120} INFO - [2024-03-24T08:41:09.211+0000] {dag.py:3340} INFO - Setting next_dagrun for tutorial_dag to None, run_after=None
[2024-03-24T08:41:09.252+0000] {processor.py:176} INFO - Processing /home/airflow/.local/lib/python3.7/site-packages/airflow/example_dags/tutorial_dag.py took 0.242 seconds
[2024-03-24T08:41:39.425+0000] {processor.py:154} INFO - Started process (PID=1264) to work on /home/airflow/.local/lib/python3.7/site-packages/airflow/example_dags/tutorial_dag.py
[2024-03-24T08:41:39.429+0000] {processor.py:756} INFO - Processing file /home/airflow/.local/lib/python3.7/site-packages/airflow/example_dags/tutorial_dag.py for tasks to queue
[2024-03-24T08:41:39.431+0000] {logging_mixin.py:120} INFO - [2024-03-24T08:41:39.431+0000] {dagbag.py:537} INFO - Filling up the DagBag from /home/airflow/.local/lib/python3.7/site-packages/airflow/example_dags/tutorial_dag.py
[2024-03-24T08:41:39.470+0000] {processor.py:766} INFO - DAG(s) dict_keys(['tutorial_dag']) retrieved from /home/airflow/.local/lib/python3.7/site-packages/airflow/example_dags/tutorial_dag.py
[2024-03-24T08:41:39.569+0000] {logging_mixin.py:120} INFO - [2024-03-24T08:41:39.569+0000] {dag.py:2585} INFO - Sync 1 DAGs
[2024-03-24T08:41:39.616+0000] {logging_mixin.py:120} INFO - [2024-03-24T08:41:39.615+0000] {dag.py:3340} INFO - Setting next_dagrun for tutorial_dag to None, run_after=None
[2024-03-24T08:41:39.652+0000] {processor.py:176} INFO - Processing /home/airflow/.local/lib/python3.7/site-packages/airflow/example_dags/tutorial_dag.py took 0.238 seconds
[2024-03-24T08:42:10.303+0000] {processor.py:154} INFO - Started process (PID=1328) to work on /home/airflow/.local/lib/python3.7/site-packages/airflow/example_dags/tutorial_dag.py
[2024-03-24T08:42:10.306+0000] {processor.py:756} INFO - Processing file /home/airflow/.local/lib/python3.7/site-packages/airflow/example_dags/tutorial_dag.py for tasks to queue
[2024-03-24T08:42:10.309+0000] {logging_mixin.py:120} INFO - [2024-03-24T08:42:10.309+0000] {dagbag.py:537} INFO - Filling up the DagBag from /home/airflow/.local/lib/python3.7/site-packages/airflow/example_dags/tutorial_dag.py
[2024-03-24T08:42:10.338+0000] {processor.py:766} INFO - DAG(s) dict_keys(['tutorial_dag']) retrieved from /home/airflow/.local/lib/python3.7/site-packages/airflow/example_dags/tutorial_dag.py
[2024-03-24T08:42:10.461+0000] {logging_mixin.py:120} INFO - [2024-03-24T08:42:10.461+0000] {dag.py:2585} INFO - Sync 1 DAGs
[2024-03-24T08:42:10.549+0000] {logging_mixin.py:120} INFO - [2024-03-24T08:42:10.547+0000] {dag.py:3340} INFO - Setting next_dagrun for tutorial_dag to None, run_after=None
[2024-03-24T08:42:10.611+0000] {processor.py:176} INFO - Processing /home/airflow/.local/lib/python3.7/site-packages/airflow/example_dags/tutorial_dag.py took 0.317 seconds
[2024-03-24T08:42:40.745+0000] {processor.py:154} INFO - Started process (PID=1381) to work on /home/airflow/.local/lib/python3.7/site-packages/airflow/example_dags/tutorial_dag.py
[2024-03-24T08:42:40.750+0000] {processor.py:756} INFO - Processing file /home/airflow/.local/lib/python3.7/site-packages/airflow/example_dags/tutorial_dag.py for tasks to queue
[2024-03-24T08:42:40.752+0000] {logging_mixin.py:120} INFO - [2024-03-24T08:42:40.751+0000] {dagbag.py:537} INFO - Filling up the DagBag from /home/airflow/.local/lib/python3.7/site-packages/airflow/example_dags/tutorial_dag.py
[2024-03-24T08:42:40.782+0000] {processor.py:766} INFO - DAG(s) dict_keys(['tutorial_dag']) retrieved from /home/airflow/.local/lib/python3.7/site-packages/airflow/example_dags/tutorial_dag.py
[2024-03-24T08:42:40.864+0000] {logging_mixin.py:120} INFO - [2024-03-24T08:42:40.864+0000] {dag.py:2585} INFO - Sync 1 DAGs
[2024-03-24T08:42:40.920+0000] {logging_mixin.py:120} INFO - [2024-03-24T08:42:40.919+0000] {dag.py:3340} INFO - Setting next_dagrun for tutorial_dag to None, run_after=None
[2024-03-24T08:42:40.960+0000] {processor.py:176} INFO - Processing /home/airflow/.local/lib/python3.7/site-packages/airflow/example_dags/tutorial_dag.py took 0.223 seconds
[2024-03-24T08:43:11.261+0000] {processor.py:154} INFO - Started process (PID=1445) to work on /home/airflow/.local/lib/python3.7/site-packages/airflow/example_dags/tutorial_dag.py
[2024-03-24T08:43:11.266+0000] {processor.py:756} INFO - Processing file /home/airflow/.local/lib/python3.7/site-packages/airflow/example_dags/tutorial_dag.py for tasks to queue
[2024-03-24T08:43:11.268+0000] {logging_mixin.py:120} INFO - [2024-03-24T08:43:11.268+0000] {dagbag.py:537} INFO - Filling up the DagBag from /home/airflow/.local/lib/python3.7/site-packages/airflow/example_dags/tutorial_dag.py
[2024-03-24T08:43:11.296+0000] {processor.py:766} INFO - DAG(s) dict_keys(['tutorial_dag']) retrieved from /home/airflow/.local/lib/python3.7/site-packages/airflow/example_dags/tutorial_dag.py
[2024-03-24T08:43:11.374+0000] {logging_mixin.py:120} INFO - [2024-03-24T08:43:11.374+0000] {dag.py:2585} INFO - Sync 1 DAGs
[2024-03-24T08:43:11.419+0000] {logging_mixin.py:120} INFO - [2024-03-24T08:43:11.419+0000] {dag.py:3340} INFO - Setting next_dagrun for tutorial_dag to None, run_after=None
[2024-03-24T08:43:11.452+0000] {processor.py:176} INFO - Processing /home/airflow/.local/lib/python3.7/site-packages/airflow/example_dags/tutorial_dag.py took 0.197 seconds
[2024-03-24T08:43:42.393+0000] {processor.py:154} INFO - Started process (PID=1499) to work on /home/airflow/.local/lib/python3.7/site-packages/airflow/example_dags/tutorial_dag.py
[2024-03-24T08:43:42.395+0000] {processor.py:756} INFO - Processing file /home/airflow/.local/lib/python3.7/site-packages/airflow/example_dags/tutorial_dag.py for tasks to queue
[2024-03-24T08:43:42.397+0000] {logging_mixin.py:120} INFO - [2024-03-24T08:43:42.397+0000] {dagbag.py:537} INFO - Filling up the DagBag from /home/airflow/.local/lib/python3.7/site-packages/airflow/example_dags/tutorial_dag.py
[2024-03-24T08:43:42.428+0000] {processor.py:766} INFO - DAG(s) dict_keys(['tutorial_dag']) retrieved from /home/airflow/.local/lib/python3.7/site-packages/airflow/example_dags/tutorial_dag.py
[2024-03-24T08:43:42.556+0000] {logging_mixin.py:120} INFO - [2024-03-24T08:43:42.556+0000] {dag.py:2585} INFO - Sync 1 DAGs
[2024-03-24T08:43:42.706+0000] {logging_mixin.py:120} INFO - [2024-03-24T08:43:42.705+0000] {dag.py:3340} INFO - Setting next_dagrun for tutorial_dag to None, run_after=None
[2024-03-24T08:43:42.766+0000] {processor.py:176} INFO - Processing /home/airflow/.local/lib/python3.7/site-packages/airflow/example_dags/tutorial_dag.py took 0.382 seconds
[2024-03-24T08:44:12.892+0000] {processor.py:154} INFO - Started process (PID=1564) to work on /home/airflow/.local/lib/python3.7/site-packages/airflow/example_dags/tutorial_dag.py
[2024-03-24T08:44:12.894+0000] {processor.py:756} INFO - Processing file /home/airflow/.local/lib/python3.7/site-packages/airflow/example_dags/tutorial_dag.py for tasks to queue
[2024-03-24T08:44:12.896+0000] {logging_mixin.py:120} INFO - [2024-03-24T08:44:12.896+0000] {dagbag.py:537} INFO - Filling up the DagBag from /home/airflow/.local/lib/python3.7/site-packages/airflow/example_dags/tutorial_dag.py
[2024-03-24T08:44:12.919+0000] {processor.py:766} INFO - DAG(s) dict_keys(['tutorial_dag']) retrieved from /home/airflow/.local/lib/python3.7/site-packages/airflow/example_dags/tutorial_dag.py
[2024-03-24T08:44:12.986+0000] {logging_mixin.py:120} INFO - [2024-03-24T08:44:12.986+0000] {dag.py:2585} INFO - Sync 1 DAGs
[2024-03-24T08:44:13.029+0000] {logging_mixin.py:120} INFO - [2024-03-24T08:44:13.029+0000] {dag.py:3340} INFO - Setting next_dagrun for tutorial_dag to None, run_after=None
[2024-03-24T08:44:13.062+0000] {processor.py:176} INFO - Processing /home/airflow/.local/lib/python3.7/site-packages/airflow/example_dags/tutorial_dag.py took 0.177 seconds
[2024-03-24T08:44:43.418+0000] {processor.py:154} INFO - Started process (PID=1618) to work on /home/airflow/.local/lib/python3.7/site-packages/airflow/example_dags/tutorial_dag.py
[2024-03-24T08:44:43.420+0000] {processor.py:756} INFO - Processing file /home/airflow/.local/lib/python3.7/site-packages/airflow/example_dags/tutorial_dag.py for tasks to queue
[2024-03-24T08:44:43.422+0000] {logging_mixin.py:120} INFO - [2024-03-24T08:44:43.422+0000] {dagbag.py:537} INFO - Filling up the DagBag from /home/airflow/.local/lib/python3.7/site-packages/airflow/example_dags/tutorial_dag.py
[2024-03-24T08:44:43.453+0000] {processor.py:766} INFO - DAG(s) dict_keys(['tutorial_dag']) retrieved from /home/airflow/.local/lib/python3.7/site-packages/airflow/example_dags/tutorial_dag.py
[2024-03-24T08:44:43.539+0000] {logging_mixin.py:120} INFO - [2024-03-24T08:44:43.539+0000] {dag.py:2585} INFO - Sync 1 DAGs
[2024-03-24T08:44:43.583+0000] {logging_mixin.py:120} INFO - [2024-03-24T08:44:43.583+0000] {dag.py:3340} INFO - Setting next_dagrun for tutorial_dag to None, run_after=None
[2024-03-24T08:44:43.616+0000] {processor.py:176} INFO - Processing /home/airflow/.local/lib/python3.7/site-packages/airflow/example_dags/tutorial_dag.py took 0.209 seconds
[2024-03-24T08:45:13.814+0000] {processor.py:154} INFO - Started process (PID=1682) to work on /home/airflow/.local/lib/python3.7/site-packages/airflow/example_dags/tutorial_dag.py
[2024-03-24T08:45:13.817+0000] {processor.py:756} INFO - Processing file /home/airflow/.local/lib/python3.7/site-packages/airflow/example_dags/tutorial_dag.py for tasks to queue
[2024-03-24T08:45:13.819+0000] {logging_mixin.py:120} INFO - [2024-03-24T08:45:13.819+0000] {dagbag.py:537} INFO - Filling up the DagBag from /home/airflow/.local/lib/python3.7/site-packages/airflow/example_dags/tutorial_dag.py
[2024-03-24T08:45:13.851+0000] {processor.py:766} INFO - DAG(s) dict_keys(['tutorial_dag']) retrieved from /home/airflow/.local/lib/python3.7/site-packages/airflow/example_dags/tutorial_dag.py
[2024-03-24T08:45:13.930+0000] {logging_mixin.py:120} INFO - [2024-03-24T08:45:13.930+0000] {dag.py:2585} INFO - Sync 1 DAGs
[2024-03-24T08:45:13.981+0000] {logging_mixin.py:120} INFO - [2024-03-24T08:45:13.981+0000] {dag.py:3340} INFO - Setting next_dagrun for tutorial_dag to None, run_after=None
[2024-03-24T08:45:14.015+0000] {processor.py:176} INFO - Processing /home/airflow/.local/lib/python3.7/site-packages/airflow/example_dags/tutorial_dag.py took 0.209 seconds
[2024-03-24T08:45:44.564+0000] {processor.py:154} INFO - Started process (PID=1736) to work on /home/airflow/.local/lib/python3.7/site-packages/airflow/example_dags/tutorial_dag.py
[2024-03-24T08:45:44.567+0000] {processor.py:756} INFO - Processing file /home/airflow/.local/lib/python3.7/site-packages/airflow/example_dags/tutorial_dag.py for tasks to queue
[2024-03-24T08:45:44.569+0000] {logging_mixin.py:120} INFO - [2024-03-24T08:45:44.569+0000] {dagbag.py:537} INFO - Filling up the DagBag from /home/airflow/.local/lib/python3.7/site-packages/airflow/example_dags/tutorial_dag.py
[2024-03-24T08:45:44.600+0000] {processor.py:766} INFO - DAG(s) dict_keys(['tutorial_dag']) retrieved from /home/airflow/.local/lib/python3.7/site-packages/airflow/example_dags/tutorial_dag.py
[2024-03-24T08:45:44.676+0000] {logging_mixin.py:120} INFO - [2024-03-24T08:45:44.676+0000] {dag.py:2585} INFO - Sync 1 DAGs
[2024-03-24T08:45:44.723+0000] {logging_mixin.py:120} INFO - [2024-03-24T08:45:44.723+0000] {dag.py:3340} INFO - Setting next_dagrun for tutorial_dag to None, run_after=None
[2024-03-24T08:45:44.760+0000] {processor.py:176} INFO - Processing /home/airflow/.local/lib/python3.7/site-packages/airflow/example_dags/tutorial_dag.py took 0.211 seconds
[2024-03-24T08:46:15.003+0000] {processor.py:154} INFO - Started process (PID=1798) to work on /home/airflow/.local/lib/python3.7/site-packages/airflow/example_dags/tutorial_dag.py
[2024-03-24T08:46:15.005+0000] {processor.py:756} INFO - Processing file /home/airflow/.local/lib/python3.7/site-packages/airflow/example_dags/tutorial_dag.py for tasks to queue
[2024-03-24T08:46:15.007+0000] {logging_mixin.py:120} INFO - [2024-03-24T08:46:15.007+0000] {dagbag.py:537} INFO - Filling up the DagBag from /home/airflow/.local/lib/python3.7/site-packages/airflow/example_dags/tutorial_dag.py
[2024-03-24T08:46:15.040+0000] {processor.py:766} INFO - DAG(s) dict_keys(['tutorial_dag']) retrieved from /home/airflow/.local/lib/python3.7/site-packages/airflow/example_dags/tutorial_dag.py
[2024-03-24T08:46:15.124+0000] {logging_mixin.py:120} INFO - [2024-03-24T08:46:15.123+0000] {dag.py:2585} INFO - Sync 1 DAGs
[2024-03-24T08:46:15.183+0000] {logging_mixin.py:120} INFO - [2024-03-24T08:46:15.183+0000] {dag.py:3340} INFO - Setting next_dagrun for tutorial_dag to None, run_after=None
[2024-03-24T08:46:15.216+0000] {processor.py:176} INFO - Processing /home/airflow/.local/lib/python3.7/site-packages/airflow/example_dags/tutorial_dag.py took 0.219 seconds
[2024-03-24T08:46:45.828+0000] {processor.py:154} INFO - Started process (PID=1851) to work on /home/airflow/.local/lib/python3.7/site-packages/airflow/example_dags/tutorial_dag.py
[2024-03-24T08:46:45.838+0000] {processor.py:756} INFO - Processing file /home/airflow/.local/lib/python3.7/site-packages/airflow/example_dags/tutorial_dag.py for tasks to queue
[2024-03-24T08:46:45.845+0000] {logging_mixin.py:120} INFO - [2024-03-24T08:46:45.844+0000] {dagbag.py:537} INFO - Filling up the DagBag from /home/airflow/.local/lib/python3.7/site-packages/airflow/example_dags/tutorial_dag.py
[2024-03-24T08:46:45.885+0000] {processor.py:766} INFO - DAG(s) dict_keys(['tutorial_dag']) retrieved from /home/airflow/.local/lib/python3.7/site-packages/airflow/example_dags/tutorial_dag.py
[2024-03-24T08:46:45.967+0000] {logging_mixin.py:120} INFO - [2024-03-24T08:46:45.966+0000] {dag.py:2585} INFO - Sync 1 DAGs
[2024-03-24T08:46:46.021+0000] {logging_mixin.py:120} INFO - [2024-03-24T08:46:46.021+0000] {dag.py:3340} INFO - Setting next_dagrun for tutorial_dag to None, run_after=None
[2024-03-24T08:46:46.082+0000] {processor.py:176} INFO - Processing /home/airflow/.local/lib/python3.7/site-packages/airflow/example_dags/tutorial_dag.py took 0.262 seconds
[2024-03-24T08:47:16.477+0000] {processor.py:154} INFO - Started process (PID=1914) to work on /home/airflow/.local/lib/python3.7/site-packages/airflow/example_dags/tutorial_dag.py
[2024-03-24T08:47:16.480+0000] {processor.py:756} INFO - Processing file /home/airflow/.local/lib/python3.7/site-packages/airflow/example_dags/tutorial_dag.py for tasks to queue
[2024-03-24T08:47:16.489+0000] {logging_mixin.py:120} INFO - [2024-03-24T08:47:16.487+0000] {dagbag.py:537} INFO - Filling up the DagBag from /home/airflow/.local/lib/python3.7/site-packages/airflow/example_dags/tutorial_dag.py
[2024-03-24T08:47:16.523+0000] {processor.py:766} INFO - DAG(s) dict_keys(['tutorial_dag']) retrieved from /home/airflow/.local/lib/python3.7/site-packages/airflow/example_dags/tutorial_dag.py
[2024-03-24T08:47:16.618+0000] {logging_mixin.py:120} INFO - [2024-03-24T08:47:16.618+0000] {dag.py:2585} INFO - Sync 1 DAGs
[2024-03-24T08:47:16.670+0000] {logging_mixin.py:120} INFO - [2024-03-24T08:47:16.670+0000] {dag.py:3340} INFO - Setting next_dagrun for tutorial_dag to None, run_after=None
[2024-03-24T08:47:16.709+0000] {processor.py:176} INFO - Processing /home/airflow/.local/lib/python3.7/site-packages/airflow/example_dags/tutorial_dag.py took 0.240 seconds
[2024-03-24T08:47:47.414+0000] {processor.py:154} INFO - Started process (PID=1969) to work on /home/airflow/.local/lib/python3.7/site-packages/airflow/example_dags/tutorial_dag.py
[2024-03-24T08:47:47.418+0000] {processor.py:756} INFO - Processing file /home/airflow/.local/lib/python3.7/site-packages/airflow/example_dags/tutorial_dag.py for tasks to queue
[2024-03-24T08:47:47.423+0000] {logging_mixin.py:120} INFO - [2024-03-24T08:47:47.422+0000] {dagbag.py:537} INFO - Filling up the DagBag from /home/airflow/.local/lib/python3.7/site-packages/airflow/example_dags/tutorial_dag.py
[2024-03-24T08:47:47.458+0000] {processor.py:766} INFO - DAG(s) dict_keys(['tutorial_dag']) retrieved from /home/airflow/.local/lib/python3.7/site-packages/airflow/example_dags/tutorial_dag.py
[2024-03-24T08:47:47.530+0000] {logging_mixin.py:120} INFO - [2024-03-24T08:47:47.530+0000] {dag.py:2585} INFO - Sync 1 DAGs
[2024-03-24T08:47:47.580+0000] {logging_mixin.py:120} INFO - [2024-03-24T08:47:47.579+0000] {dag.py:3340} INFO - Setting next_dagrun for tutorial_dag to None, run_after=None
[2024-03-24T08:47:47.627+0000] {processor.py:176} INFO - Processing /home/airflow/.local/lib/python3.7/site-packages/airflow/example_dags/tutorial_dag.py took 0.221 seconds
[2024-03-24T08:48:18.188+0000] {processor.py:154} INFO - Started process (PID=2033) to work on /home/airflow/.local/lib/python3.7/site-packages/airflow/example_dags/tutorial_dag.py
[2024-03-24T08:48:18.195+0000] {processor.py:756} INFO - Processing file /home/airflow/.local/lib/python3.7/site-packages/airflow/example_dags/tutorial_dag.py for tasks to queue
[2024-03-24T08:48:18.198+0000] {logging_mixin.py:120} INFO - [2024-03-24T08:48:18.198+0000] {dagbag.py:537} INFO - Filling up the DagBag from /home/airflow/.local/lib/python3.7/site-packages/airflow/example_dags/tutorial_dag.py
[2024-03-24T08:48:18.237+0000] {processor.py:766} INFO - DAG(s) dict_keys(['tutorial_dag']) retrieved from /home/airflow/.local/lib/python3.7/site-packages/airflow/example_dags/tutorial_dag.py
[2024-03-24T08:48:18.303+0000] {logging_mixin.py:120} INFO - [2024-03-24T08:48:18.303+0000] {dag.py:2585} INFO - Sync 1 DAGs
[2024-03-24T08:48:18.340+0000] {logging_mixin.py:120} INFO - [2024-03-24T08:48:18.340+0000] {dag.py:3340} INFO - Setting next_dagrun for tutorial_dag to None, run_after=None
[2024-03-24T08:48:18.370+0000] {processor.py:176} INFO - Processing /home/airflow/.local/lib/python3.7/site-packages/airflow/example_dags/tutorial_dag.py took 0.190 seconds
[2024-03-24T08:48:48.754+0000] {processor.py:154} INFO - Started process (PID=2089) to work on /home/airflow/.local/lib/python3.7/site-packages/airflow/example_dags/tutorial_dag.py
[2024-03-24T08:48:48.756+0000] {processor.py:756} INFO - Processing file /home/airflow/.local/lib/python3.7/site-packages/airflow/example_dags/tutorial_dag.py for tasks to queue
[2024-03-24T08:48:48.758+0000] {logging_mixin.py:120} INFO - [2024-03-24T08:48:48.758+0000] {dagbag.py:537} INFO - Filling up the DagBag from /home/airflow/.local/lib/python3.7/site-packages/airflow/example_dags/tutorial_dag.py
[2024-03-24T08:48:48.783+0000] {processor.py:766} INFO - DAG(s) dict_keys(['tutorial_dag']) retrieved from /home/airflow/.local/lib/python3.7/site-packages/airflow/example_dags/tutorial_dag.py
[2024-03-24T08:48:48.897+0000] {logging_mixin.py:120} INFO - [2024-03-24T08:48:48.896+0000] {dag.py:2585} INFO - Sync 1 DAGs
[2024-03-24T08:48:48.963+0000] {logging_mixin.py:120} INFO - [2024-03-24T08:48:48.963+0000] {dag.py:3340} INFO - Setting next_dagrun for tutorial_dag to None, run_after=None
[2024-03-24T08:48:48.994+0000] {processor.py:176} INFO - Processing /home/airflow/.local/lib/python3.7/site-packages/airflow/example_dags/tutorial_dag.py took 0.245 seconds
[2024-03-24T08:49:19.256+0000] {processor.py:154} INFO - Started process (PID=2152) to work on /home/airflow/.local/lib/python3.7/site-packages/airflow/example_dags/tutorial_dag.py
[2024-03-24T08:49:19.258+0000] {processor.py:756} INFO - Processing file /home/airflow/.local/lib/python3.7/site-packages/airflow/example_dags/tutorial_dag.py for tasks to queue
[2024-03-24T08:49:19.260+0000] {logging_mixin.py:120} INFO - [2024-03-24T08:49:19.260+0000] {dagbag.py:537} INFO - Filling up the DagBag from /home/airflow/.local/lib/python3.7/site-packages/airflow/example_dags/tutorial_dag.py
[2024-03-24T08:49:19.291+0000] {processor.py:766} INFO - DAG(s) dict_keys(['tutorial_dag']) retrieved from /home/airflow/.local/lib/python3.7/site-packages/airflow/example_dags/tutorial_dag.py
[2024-03-24T08:49:19.365+0000] {logging_mixin.py:120} INFO - [2024-03-24T08:49:19.365+0000] {dag.py:2585} INFO - Sync 1 DAGs
[2024-03-24T08:49:19.411+0000] {logging_mixin.py:120} INFO - [2024-03-24T08:49:19.410+0000] {dag.py:3340} INFO - Setting next_dagrun for tutorial_dag to None, run_after=None
[2024-03-24T08:49:19.452+0000] {processor.py:176} INFO - Processing /home/airflow/.local/lib/python3.7/site-packages/airflow/example_dags/tutorial_dag.py took 0.201 seconds
[2024-03-24T08:49:49.906+0000] {processor.py:154} INFO - Started process (PID=2205) to work on /home/airflow/.local/lib/python3.7/site-packages/airflow/example_dags/tutorial_dag.py
[2024-03-24T08:49:49.909+0000] {processor.py:756} INFO - Processing file /home/airflow/.local/lib/python3.7/site-packages/airflow/example_dags/tutorial_dag.py for tasks to queue
[2024-03-24T08:49:49.911+0000] {logging_mixin.py:120} INFO - [2024-03-24T08:49:49.911+0000] {dagbag.py:537} INFO - Filling up the DagBag from /home/airflow/.local/lib/python3.7/site-packages/airflow/example_dags/tutorial_dag.py
[2024-03-24T08:49:49.948+0000] {processor.py:766} INFO - DAG(s) dict_keys(['tutorial_dag']) retrieved from /home/airflow/.local/lib/python3.7/site-packages/airflow/example_dags/tutorial_dag.py
[2024-03-24T08:49:50.024+0000] {logging_mixin.py:120} INFO - [2024-03-24T08:49:50.024+0000] {dag.py:2585} INFO - Sync 1 DAGs
[2024-03-24T08:49:50.070+0000] {logging_mixin.py:120} INFO - [2024-03-24T08:49:50.070+0000] {dag.py:3340} INFO - Setting next_dagrun for tutorial_dag to None, run_after=None
[2024-03-24T08:49:50.104+0000] {processor.py:176} INFO - Processing /home/airflow/.local/lib/python3.7/site-packages/airflow/example_dags/tutorial_dag.py took 0.207 seconds
[2024-03-24T08:50:21.065+0000] {processor.py:154} INFO - Started process (PID=2269) to work on /home/airflow/.local/lib/python3.7/site-packages/airflow/example_dags/tutorial_dag.py
[2024-03-24T08:50:21.070+0000] {processor.py:756} INFO - Processing file /home/airflow/.local/lib/python3.7/site-packages/airflow/example_dags/tutorial_dag.py for tasks to queue
[2024-03-24T08:50:21.073+0000] {logging_mixin.py:120} INFO - [2024-03-24T08:50:21.072+0000] {dagbag.py:537} INFO - Filling up the DagBag from /home/airflow/.local/lib/python3.7/site-packages/airflow/example_dags/tutorial_dag.py
[2024-03-24T08:50:21.170+0000] {processor.py:766} INFO - DAG(s) dict_keys(['tutorial_dag']) retrieved from /home/airflow/.local/lib/python3.7/site-packages/airflow/example_dags/tutorial_dag.py
[2024-03-24T08:50:21.283+0000] {logging_mixin.py:120} INFO - [2024-03-24T08:50:21.283+0000] {dag.py:2585} INFO - Sync 1 DAGs
[2024-03-24T08:50:21.340+0000] {logging_mixin.py:120} INFO - [2024-03-24T08:50:21.339+0000] {dag.py:3340} INFO - Setting next_dagrun for tutorial_dag to None, run_after=None
[2024-03-24T08:50:21.383+0000] {processor.py:176} INFO - Processing /home/airflow/.local/lib/python3.7/site-packages/airflow/example_dags/tutorial_dag.py took 0.326 seconds
[2024-03-24T08:50:52.251+0000] {processor.py:154} INFO - Started process (PID=2323) to work on /home/airflow/.local/lib/python3.7/site-packages/airflow/example_dags/tutorial_dag.py
[2024-03-24T08:50:52.253+0000] {processor.py:756} INFO - Processing file /home/airflow/.local/lib/python3.7/site-packages/airflow/example_dags/tutorial_dag.py for tasks to queue
[2024-03-24T08:50:52.256+0000] {logging_mixin.py:120} INFO - [2024-03-24T08:50:52.256+0000] {dagbag.py:537} INFO - Filling up the DagBag from /home/airflow/.local/lib/python3.7/site-packages/airflow/example_dags/tutorial_dag.py
[2024-03-24T08:50:52.285+0000] {processor.py:766} INFO - DAG(s) dict_keys(['tutorial_dag']) retrieved from /home/airflow/.local/lib/python3.7/site-packages/airflow/example_dags/tutorial_dag.py
[2024-03-24T08:50:52.369+0000] {logging_mixin.py:120} INFO - [2024-03-24T08:50:52.368+0000] {dag.py:2585} INFO - Sync 1 DAGs
[2024-03-24T08:50:52.416+0000] {logging_mixin.py:120} INFO - [2024-03-24T08:50:52.416+0000] {dag.py:3340} INFO - Setting next_dagrun for tutorial_dag to None, run_after=None
[2024-03-24T08:50:52.453+0000] {processor.py:176} INFO - Processing /home/airflow/.local/lib/python3.7/site-packages/airflow/example_dags/tutorial_dag.py took 0.211 seconds
[2024-03-24T08:51:23.311+0000] {processor.py:154} INFO - Started process (PID=2386) to work on /home/airflow/.local/lib/python3.7/site-packages/airflow/example_dags/tutorial_dag.py
[2024-03-24T08:51:23.317+0000] {processor.py:756} INFO - Processing file /home/airflow/.local/lib/python3.7/site-packages/airflow/example_dags/tutorial_dag.py for tasks to queue
[2024-03-24T08:51:23.323+0000] {logging_mixin.py:120} INFO - [2024-03-24T08:51:23.323+0000] {dagbag.py:537} INFO - Filling up the DagBag from /home/airflow/.local/lib/python3.7/site-packages/airflow/example_dags/tutorial_dag.py
[2024-03-24T08:51:23.379+0000] {processor.py:766} INFO - DAG(s) dict_keys(['tutorial_dag']) retrieved from /home/airflow/.local/lib/python3.7/site-packages/airflow/example_dags/tutorial_dag.py
[2024-03-24T08:51:23.502+0000] {logging_mixin.py:120} INFO - [2024-03-24T08:51:23.501+0000] {dag.py:2585} INFO - Sync 1 DAGs
[2024-03-24T08:51:23.559+0000] {logging_mixin.py:120} INFO - [2024-03-24T08:51:23.559+0000] {dag.py:3340} INFO - Setting next_dagrun for tutorial_dag to None, run_after=None
[2024-03-24T08:51:23.600+0000] {processor.py:176} INFO - Processing /home/airflow/.local/lib/python3.7/site-packages/airflow/example_dags/tutorial_dag.py took 0.305 seconds
[2024-03-24T08:51:54.357+0000] {processor.py:154} INFO - Started process (PID=2440) to work on /home/airflow/.local/lib/python3.7/site-packages/airflow/example_dags/tutorial_dag.py
[2024-03-24T08:51:54.362+0000] {processor.py:756} INFO - Processing file /home/airflow/.local/lib/python3.7/site-packages/airflow/example_dags/tutorial_dag.py for tasks to queue
[2024-03-24T08:51:54.365+0000] {logging_mixin.py:120} INFO - [2024-03-24T08:51:54.365+0000] {dagbag.py:537} INFO - Filling up the DagBag from /home/airflow/.local/lib/python3.7/site-packages/airflow/example_dags/tutorial_dag.py
[2024-03-24T08:51:54.435+0000] {processor.py:766} INFO - DAG(s) dict_keys(['tutorial_dag']) retrieved from /home/airflow/.local/lib/python3.7/site-packages/airflow/example_dags/tutorial_dag.py
[2024-03-24T08:51:54.609+0000] {logging_mixin.py:120} INFO - [2024-03-24T08:51:54.608+0000] {dag.py:2585} INFO - Sync 1 DAGs
[2024-03-24T08:51:54.687+0000] {logging_mixin.py:120} INFO - [2024-03-24T08:51:54.687+0000] {dag.py:3340} INFO - Setting next_dagrun for tutorial_dag to None, run_after=None
[2024-03-24T08:51:54.750+0000] {processor.py:176} INFO - Processing /home/airflow/.local/lib/python3.7/site-packages/airflow/example_dags/tutorial_dag.py took 0.406 seconds
[2024-03-24T08:52:25.485+0000] {processor.py:154} INFO - Started process (PID=2502) to work on /home/airflow/.local/lib/python3.7/site-packages/airflow/example_dags/tutorial_dag.py
[2024-03-24T08:52:25.488+0000] {processor.py:756} INFO - Processing file /home/airflow/.local/lib/python3.7/site-packages/airflow/example_dags/tutorial_dag.py for tasks to queue
[2024-03-24T08:52:25.490+0000] {logging_mixin.py:120} INFO - [2024-03-24T08:52:25.489+0000] {dagbag.py:537} INFO - Filling up the DagBag from /home/airflow/.local/lib/python3.7/site-packages/airflow/example_dags/tutorial_dag.py
[2024-03-24T08:52:25.525+0000] {processor.py:766} INFO - DAG(s) dict_keys(['tutorial_dag']) retrieved from /home/airflow/.local/lib/python3.7/site-packages/airflow/example_dags/tutorial_dag.py
[2024-03-24T08:52:25.602+0000] {logging_mixin.py:120} INFO - [2024-03-24T08:52:25.602+0000] {dag.py:2585} INFO - Sync 1 DAGs
[2024-03-24T08:52:25.649+0000] {logging_mixin.py:120} INFO - [2024-03-24T08:52:25.648+0000] {dag.py:3340} INFO - Setting next_dagrun for tutorial_dag to None, run_after=None
[2024-03-24T08:52:25.683+0000] {processor.py:176} INFO - Processing /home/airflow/.local/lib/python3.7/site-packages/airflow/example_dags/tutorial_dag.py took 0.208 seconds
[2024-03-24T08:52:55.983+0000] {processor.py:154} INFO - Started process (PID=2556) to work on /home/airflow/.local/lib/python3.7/site-packages/airflow/example_dags/tutorial_dag.py
[2024-03-24T08:52:55.986+0000] {processor.py:756} INFO - Processing file /home/airflow/.local/lib/python3.7/site-packages/airflow/example_dags/tutorial_dag.py for tasks to queue
[2024-03-24T08:52:55.990+0000] {logging_mixin.py:120} INFO - [2024-03-24T08:52:55.989+0000] {dagbag.py:537} INFO - Filling up the DagBag from /home/airflow/.local/lib/python3.7/site-packages/airflow/example_dags/tutorial_dag.py
[2024-03-24T08:52:56.041+0000] {processor.py:766} INFO - DAG(s) dict_keys(['tutorial_dag']) retrieved from /home/airflow/.local/lib/python3.7/site-packages/airflow/example_dags/tutorial_dag.py
[2024-03-24T08:52:56.139+0000] {logging_mixin.py:120} INFO - [2024-03-24T08:52:56.138+0000] {dag.py:2585} INFO - Sync 1 DAGs
[2024-03-24T08:52:56.189+0000] {logging_mixin.py:120} INFO - [2024-03-24T08:52:56.188+0000] {dag.py:3340} INFO - Setting next_dagrun for tutorial_dag to None, run_after=None
[2024-03-24T08:52:56.231+0000] {processor.py:176} INFO - Processing /home/airflow/.local/lib/python3.7/site-packages/airflow/example_dags/tutorial_dag.py took 0.266 seconds
[2024-03-24T08:53:27.121+0000] {processor.py:154} INFO - Started process (PID=2619) to work on /home/airflow/.local/lib/python3.7/site-packages/airflow/example_dags/tutorial_dag.py
[2024-03-24T08:53:27.124+0000] {processor.py:756} INFO - Processing file /home/airflow/.local/lib/python3.7/site-packages/airflow/example_dags/tutorial_dag.py for tasks to queue
[2024-03-24T08:53:27.126+0000] {logging_mixin.py:120} INFO - [2024-03-24T08:53:27.126+0000] {dagbag.py:537} INFO - Filling up the DagBag from /home/airflow/.local/lib/python3.7/site-packages/airflow/example_dags/tutorial_dag.py
[2024-03-24T08:53:27.152+0000] {processor.py:766} INFO - DAG(s) dict_keys(['tutorial_dag']) retrieved from /home/airflow/.local/lib/python3.7/site-packages/airflow/example_dags/tutorial_dag.py
[2024-03-24T08:53:27.239+0000] {logging_mixin.py:120} INFO - [2024-03-24T08:53:27.239+0000] {dag.py:2585} INFO - Sync 1 DAGs
[2024-03-24T08:53:27.300+0000] {logging_mixin.py:120} INFO - [2024-03-24T08:53:27.300+0000] {dag.py:3340} INFO - Setting next_dagrun for tutorial_dag to None, run_after=None
[2024-03-24T08:53:27.333+0000] {processor.py:176} INFO - Processing /home/airflow/.local/lib/python3.7/site-packages/airflow/example_dags/tutorial_dag.py took 0.222 seconds
[2024-03-24T08:53:57.570+0000] {processor.py:154} INFO - Started process (PID=2673) to work on /home/airflow/.local/lib/python3.7/site-packages/airflow/example_dags/tutorial_dag.py
[2024-03-24T08:53:57.576+0000] {processor.py:756} INFO - Processing file /home/airflow/.local/lib/python3.7/site-packages/airflow/example_dags/tutorial_dag.py for tasks to queue
[2024-03-24T08:53:57.582+0000] {logging_mixin.py:120} INFO - [2024-03-24T08:53:57.581+0000] {dagbag.py:537} INFO - Filling up the DagBag from /home/airflow/.local/lib/python3.7/site-packages/airflow/example_dags/tutorial_dag.py
[2024-03-24T08:53:57.618+0000] {processor.py:766} INFO - DAG(s) dict_keys(['tutorial_dag']) retrieved from /home/airflow/.local/lib/python3.7/site-packages/airflow/example_dags/tutorial_dag.py
[2024-03-24T08:53:57.714+0000] {logging_mixin.py:120} INFO - [2024-03-24T08:53:57.714+0000] {dag.py:2585} INFO - Sync 1 DAGs
[2024-03-24T08:53:57.763+0000] {logging_mixin.py:120} INFO - [2024-03-24T08:53:57.763+0000] {dag.py:3340} INFO - Setting next_dagrun for tutorial_dag to None, run_after=None
[2024-03-24T08:53:57.801+0000] {processor.py:176} INFO - Processing /home/airflow/.local/lib/python3.7/site-packages/airflow/example_dags/tutorial_dag.py took 0.244 seconds
[2024-03-24T08:54:28.233+0000] {processor.py:154} INFO - Started process (PID=2736) to work on /home/airflow/.local/lib/python3.7/site-packages/airflow/example_dags/tutorial_dag.py
[2024-03-24T08:54:28.238+0000] {processor.py:756} INFO - Processing file /home/airflow/.local/lib/python3.7/site-packages/airflow/example_dags/tutorial_dag.py for tasks to queue
[2024-03-24T08:54:28.240+0000] {logging_mixin.py:120} INFO - [2024-03-24T08:54:28.240+0000] {dagbag.py:537} INFO - Filling up the DagBag from /home/airflow/.local/lib/python3.7/site-packages/airflow/example_dags/tutorial_dag.py
[2024-03-24T08:54:28.283+0000] {processor.py:766} INFO - DAG(s) dict_keys(['tutorial_dag']) retrieved from /home/airflow/.local/lib/python3.7/site-packages/airflow/example_dags/tutorial_dag.py
[2024-03-24T08:54:28.389+0000] {logging_mixin.py:120} INFO - [2024-03-24T08:54:28.389+0000] {dag.py:2585} INFO - Sync 1 DAGs
[2024-03-24T08:54:28.447+0000] {logging_mixin.py:120} INFO - [2024-03-24T08:54:28.445+0000] {dag.py:3340} INFO - Setting next_dagrun for tutorial_dag to None, run_after=None
[2024-03-24T08:54:28.489+0000] {processor.py:176} INFO - Processing /home/airflow/.local/lib/python3.7/site-packages/airflow/example_dags/tutorial_dag.py took 0.270 seconds
[2024-03-24T08:54:59.591+0000] {processor.py:154} INFO - Started process (PID=2799) to work on /home/airflow/.local/lib/python3.7/site-packages/airflow/example_dags/tutorial_dag.py
[2024-03-24T08:54:59.599+0000] {processor.py:756} INFO - Processing file /home/airflow/.local/lib/python3.7/site-packages/airflow/example_dags/tutorial_dag.py for tasks to queue
[2024-03-24T08:54:59.605+0000] {logging_mixin.py:120} INFO - [2024-03-24T08:54:59.604+0000] {dagbag.py:537} INFO - Filling up the DagBag from /home/airflow/.local/lib/python3.7/site-packages/airflow/example_dags/tutorial_dag.py
[2024-03-24T08:54:59.672+0000] {processor.py:766} INFO - DAG(s) dict_keys(['tutorial_dag']) retrieved from /home/airflow/.local/lib/python3.7/site-packages/airflow/example_dags/tutorial_dag.py
[2024-03-24T08:54:59.791+0000] {logging_mixin.py:120} INFO - [2024-03-24T08:54:59.791+0000] {dag.py:2585} INFO - Sync 1 DAGs
[2024-03-24T08:54:59.879+0000] {logging_mixin.py:120} INFO - [2024-03-24T08:54:59.878+0000] {dag.py:3340} INFO - Setting next_dagrun for tutorial_dag to None, run_after=None
[2024-03-24T08:54:59.938+0000] {processor.py:176} INFO - Processing /home/airflow/.local/lib/python3.7/site-packages/airflow/example_dags/tutorial_dag.py took 0.363 seconds
[2024-03-24T08:55:30.462+0000] {processor.py:154} INFO - Started process (PID=2859) to work on /home/airflow/.local/lib/python3.7/site-packages/airflow/example_dags/tutorial_dag.py
[2024-03-24T08:55:30.464+0000] {processor.py:756} INFO - Processing file /home/airflow/.local/lib/python3.7/site-packages/airflow/example_dags/tutorial_dag.py for tasks to queue
[2024-03-24T08:55:30.466+0000] {logging_mixin.py:120} INFO - [2024-03-24T08:55:30.466+0000] {dagbag.py:537} INFO - Filling up the DagBag from /home/airflow/.local/lib/python3.7/site-packages/airflow/example_dags/tutorial_dag.py
[2024-03-24T08:55:30.488+0000] {processor.py:766} INFO - DAG(s) dict_keys(['tutorial_dag']) retrieved from /home/airflow/.local/lib/python3.7/site-packages/airflow/example_dags/tutorial_dag.py
[2024-03-24T08:55:30.558+0000] {logging_mixin.py:120} INFO - [2024-03-24T08:55:30.558+0000] {dag.py:2585} INFO - Sync 1 DAGs
[2024-03-24T08:55:30.602+0000] {logging_mixin.py:120} INFO - [2024-03-24T08:55:30.602+0000] {dag.py:3340} INFO - Setting next_dagrun for tutorial_dag to None, run_after=None
[2024-03-24T08:55:30.636+0000] {processor.py:176} INFO - Processing /home/airflow/.local/lib/python3.7/site-packages/airflow/example_dags/tutorial_dag.py took 0.180 seconds
[2024-03-24T08:56:00.767+0000] {processor.py:154} INFO - Started process (PID=2915) to work on /home/airflow/.local/lib/python3.7/site-packages/airflow/example_dags/tutorial_dag.py
[2024-03-24T08:56:00.769+0000] {processor.py:756} INFO - Processing file /home/airflow/.local/lib/python3.7/site-packages/airflow/example_dags/tutorial_dag.py for tasks to queue
[2024-03-24T08:56:00.772+0000] {logging_mixin.py:120} INFO - [2024-03-24T08:56:00.772+0000] {dagbag.py:537} INFO - Filling up the DagBag from /home/airflow/.local/lib/python3.7/site-packages/airflow/example_dags/tutorial_dag.py
[2024-03-24T08:56:00.799+0000] {processor.py:766} INFO - DAG(s) dict_keys(['tutorial_dag']) retrieved from /home/airflow/.local/lib/python3.7/site-packages/airflow/example_dags/tutorial_dag.py
[2024-03-24T08:56:00.872+0000] {logging_mixin.py:120} INFO - [2024-03-24T08:56:00.872+0000] {dag.py:2585} INFO - Sync 1 DAGs
[2024-03-24T08:56:00.913+0000] {logging_mixin.py:120} INFO - [2024-03-24T08:56:00.913+0000] {dag.py:3340} INFO - Setting next_dagrun for tutorial_dag to None, run_after=None
[2024-03-24T08:56:00.947+0000] {processor.py:176} INFO - Processing /home/airflow/.local/lib/python3.7/site-packages/airflow/example_dags/tutorial_dag.py took 0.186 seconds
[2024-03-24T08:56:31.557+0000] {processor.py:154} INFO - Started process (PID=2978) to work on /home/airflow/.local/lib/python3.7/site-packages/airflow/example_dags/tutorial_dag.py
[2024-03-24T08:56:31.561+0000] {processor.py:756} INFO - Processing file /home/airflow/.local/lib/python3.7/site-packages/airflow/example_dags/tutorial_dag.py for tasks to queue
[2024-03-24T08:56:31.567+0000] {logging_mixin.py:120} INFO - [2024-03-24T08:56:31.567+0000] {dagbag.py:537} INFO - Filling up the DagBag from /home/airflow/.local/lib/python3.7/site-packages/airflow/example_dags/tutorial_dag.py
[2024-03-24T08:56:31.629+0000] {processor.py:766} INFO - DAG(s) dict_keys(['tutorial_dag']) retrieved from /home/airflow/.local/lib/python3.7/site-packages/airflow/example_dags/tutorial_dag.py
[2024-03-24T08:56:31.723+0000] {logging_mixin.py:120} INFO - [2024-03-24T08:56:31.723+0000] {dag.py:2585} INFO - Sync 1 DAGs
[2024-03-24T08:56:31.775+0000] {logging_mixin.py:120} INFO - [2024-03-24T08:56:31.775+0000] {dag.py:3340} INFO - Setting next_dagrun for tutorial_dag to None, run_after=None
[2024-03-24T08:56:31.827+0000] {processor.py:176} INFO - Processing /home/airflow/.local/lib/python3.7/site-packages/airflow/example_dags/tutorial_dag.py took 0.282 seconds
[2024-03-24T08:57:02.065+0000] {processor.py:154} INFO - Started process (PID=3033) to work on /home/airflow/.local/lib/python3.7/site-packages/airflow/example_dags/tutorial_dag.py
[2024-03-24T08:57:02.068+0000] {processor.py:756} INFO - Processing file /home/airflow/.local/lib/python3.7/site-packages/airflow/example_dags/tutorial_dag.py for tasks to queue
[2024-03-24T08:57:02.071+0000] {logging_mixin.py:120} INFO - [2024-03-24T08:57:02.071+0000] {dagbag.py:537} INFO - Filling up the DagBag from /home/airflow/.local/lib/python3.7/site-packages/airflow/example_dags/tutorial_dag.py
[2024-03-24T08:57:02.098+0000] {processor.py:766} INFO - DAG(s) dict_keys(['tutorial_dag']) retrieved from /home/airflow/.local/lib/python3.7/site-packages/airflow/example_dags/tutorial_dag.py
[2024-03-24T08:57:02.180+0000] {logging_mixin.py:120} INFO - [2024-03-24T08:57:02.179+0000] {dag.py:2585} INFO - Sync 1 DAGs
[2024-03-24T08:57:02.219+0000] {logging_mixin.py:120} INFO - [2024-03-24T08:57:02.218+0000] {dag.py:3340} INFO - Setting next_dagrun for tutorial_dag to None, run_after=None
[2024-03-24T08:57:02.248+0000] {processor.py:176} INFO - Processing /home/airflow/.local/lib/python3.7/site-packages/airflow/example_dags/tutorial_dag.py took 0.189 seconds
[2024-03-24T08:57:32.614+0000] {processor.py:154} INFO - Started process (PID=3097) to work on /home/airflow/.local/lib/python3.7/site-packages/airflow/example_dags/tutorial_dag.py
[2024-03-24T08:57:32.616+0000] {processor.py:756} INFO - Processing file /home/airflow/.local/lib/python3.7/site-packages/airflow/example_dags/tutorial_dag.py for tasks to queue
[2024-03-24T08:57:32.619+0000] {logging_mixin.py:120} INFO - [2024-03-24T08:57:32.618+0000] {dagbag.py:537} INFO - Filling up the DagBag from /home/airflow/.local/lib/python3.7/site-packages/airflow/example_dags/tutorial_dag.py
[2024-03-24T08:57:32.654+0000] {processor.py:766} INFO - DAG(s) dict_keys(['tutorial_dag']) retrieved from /home/airflow/.local/lib/python3.7/site-packages/airflow/example_dags/tutorial_dag.py
[2024-03-24T08:57:32.746+0000] {logging_mixin.py:120} INFO - [2024-03-24T08:57:32.746+0000] {dag.py:2585} INFO - Sync 1 DAGs
[2024-03-24T08:57:32.796+0000] {logging_mixin.py:120} INFO - [2024-03-24T08:57:32.796+0000] {dag.py:3340} INFO - Setting next_dagrun for tutorial_dag to None, run_after=None
[2024-03-24T08:57:32.849+0000] {processor.py:176} INFO - Processing /home/airflow/.local/lib/python3.7/site-packages/airflow/example_dags/tutorial_dag.py took 0.242 seconds
[2024-03-24T08:58:03.325+0000] {processor.py:154} INFO - Started process (PID=3152) to work on /home/airflow/.local/lib/python3.7/site-packages/airflow/example_dags/tutorial_dag.py
[2024-03-24T08:58:03.334+0000] {processor.py:756} INFO - Processing file /home/airflow/.local/lib/python3.7/site-packages/airflow/example_dags/tutorial_dag.py for tasks to queue
[2024-03-24T08:58:03.338+0000] {logging_mixin.py:120} INFO - [2024-03-24T08:58:03.337+0000] {dagbag.py:537} INFO - Filling up the DagBag from /home/airflow/.local/lib/python3.7/site-packages/airflow/example_dags/tutorial_dag.py
[2024-03-24T08:58:03.394+0000] {processor.py:766} INFO - DAG(s) dict_keys(['tutorial_dag']) retrieved from /home/airflow/.local/lib/python3.7/site-packages/airflow/example_dags/tutorial_dag.py
[2024-03-24T08:58:03.510+0000] {logging_mixin.py:120} INFO - [2024-03-24T08:58:03.510+0000] {dag.py:2585} INFO - Sync 1 DAGs
[2024-03-24T08:58:03.576+0000] {logging_mixin.py:120} INFO - [2024-03-24T08:58:03.576+0000] {dag.py:3340} INFO - Setting next_dagrun for tutorial_dag to None, run_after=None
[2024-03-24T08:58:03.692+0000] {processor.py:176} INFO - Processing /home/airflow/.local/lib/python3.7/site-packages/airflow/example_dags/tutorial_dag.py took 0.383 seconds
[2024-03-24T08:58:34.342+0000] {processor.py:154} INFO - Started process (PID=3216) to work on /home/airflow/.local/lib/python3.7/site-packages/airflow/example_dags/tutorial_dag.py
[2024-03-24T08:58:34.360+0000] {processor.py:756} INFO - Processing file /home/airflow/.local/lib/python3.7/site-packages/airflow/example_dags/tutorial_dag.py for tasks to queue
[2024-03-24T08:58:34.363+0000] {logging_mixin.py:120} INFO - [2024-03-24T08:58:34.363+0000] {dagbag.py:537} INFO - Filling up the DagBag from /home/airflow/.local/lib/python3.7/site-packages/airflow/example_dags/tutorial_dag.py
[2024-03-24T08:58:34.402+0000] {processor.py:766} INFO - DAG(s) dict_keys(['tutorial_dag']) retrieved from /home/airflow/.local/lib/python3.7/site-packages/airflow/example_dags/tutorial_dag.py
[2024-03-24T08:58:34.500+0000] {logging_mixin.py:120} INFO - [2024-03-24T08:58:34.499+0000] {dag.py:2585} INFO - Sync 1 DAGs
[2024-03-24T08:58:34.561+0000] {logging_mixin.py:120} INFO - [2024-03-24T08:58:34.561+0000] {dag.py:3340} INFO - Setting next_dagrun for tutorial_dag to None, run_after=None
[2024-03-24T08:58:34.604+0000] {processor.py:176} INFO - Processing /home/airflow/.local/lib/python3.7/site-packages/airflow/example_dags/tutorial_dag.py took 0.269 seconds
[2024-03-24T08:59:05.375+0000] {processor.py:154} INFO - Started process (PID=3270) to work on /home/airflow/.local/lib/python3.7/site-packages/airflow/example_dags/tutorial_dag.py
[2024-03-24T08:59:05.379+0000] {processor.py:756} INFO - Processing file /home/airflow/.local/lib/python3.7/site-packages/airflow/example_dags/tutorial_dag.py for tasks to queue
[2024-03-24T08:59:05.382+0000] {logging_mixin.py:120} INFO - [2024-03-24T08:59:05.382+0000] {dagbag.py:537} INFO - Filling up the DagBag from /home/airflow/.local/lib/python3.7/site-packages/airflow/example_dags/tutorial_dag.py
[2024-03-24T08:59:05.433+0000] {processor.py:766} INFO - DAG(s) dict_keys(['tutorial_dag']) retrieved from /home/airflow/.local/lib/python3.7/site-packages/airflow/example_dags/tutorial_dag.py
[2024-03-24T08:59:05.550+0000] {logging_mixin.py:120} INFO - [2024-03-24T08:59:05.550+0000] {dag.py:2585} INFO - Sync 1 DAGs
[2024-03-24T08:59:05.618+0000] {logging_mixin.py:120} INFO - [2024-03-24T08:59:05.618+0000] {dag.py:3340} INFO - Setting next_dagrun for tutorial_dag to None, run_after=None
[2024-03-24T08:59:05.673+0000] {processor.py:176} INFO - Processing /home/airflow/.local/lib/python3.7/site-packages/airflow/example_dags/tutorial_dag.py took 0.308 seconds
[2024-03-24T08:59:35.935+0000] {processor.py:154} INFO - Started process (PID=3334) to work on /home/airflow/.local/lib/python3.7/site-packages/airflow/example_dags/tutorial_dag.py
[2024-03-24T08:59:35.938+0000] {processor.py:756} INFO - Processing file /home/airflow/.local/lib/python3.7/site-packages/airflow/example_dags/tutorial_dag.py for tasks to queue
[2024-03-24T08:59:35.940+0000] {logging_mixin.py:120} INFO - [2024-03-24T08:59:35.940+0000] {dagbag.py:537} INFO - Filling up the DagBag from /home/airflow/.local/lib/python3.7/site-packages/airflow/example_dags/tutorial_dag.py
[2024-03-24T08:59:35.977+0000] {processor.py:766} INFO - DAG(s) dict_keys(['tutorial_dag']) retrieved from /home/airflow/.local/lib/python3.7/site-packages/airflow/example_dags/tutorial_dag.py
[2024-03-24T08:59:36.081+0000] {logging_mixin.py:120} INFO - [2024-03-24T08:59:36.081+0000] {dag.py:2585} INFO - Sync 1 DAGs
[2024-03-24T08:59:36.142+0000] {logging_mixin.py:120} INFO - [2024-03-24T08:59:36.142+0000] {dag.py:3340} INFO - Setting next_dagrun for tutorial_dag to None, run_after=None
[2024-03-24T08:59:36.182+0000] {processor.py:176} INFO - Processing /home/airflow/.local/lib/python3.7/site-packages/airflow/example_dags/tutorial_dag.py took 0.258 seconds
[2024-03-24T09:00:06.882+0000] {processor.py:154} INFO - Started process (PID=3389) to work on /home/airflow/.local/lib/python3.7/site-packages/airflow/example_dags/tutorial_dag.py
[2024-03-24T09:00:06.884+0000] {processor.py:756} INFO - Processing file /home/airflow/.local/lib/python3.7/site-packages/airflow/example_dags/tutorial_dag.py for tasks to queue
[2024-03-24T09:00:06.886+0000] {logging_mixin.py:120} INFO - [2024-03-24T09:00:06.886+0000] {dagbag.py:537} INFO - Filling up the DagBag from /home/airflow/.local/lib/python3.7/site-packages/airflow/example_dags/tutorial_dag.py
[2024-03-24T09:00:06.919+0000] {processor.py:766} INFO - DAG(s) dict_keys(['tutorial_dag']) retrieved from /home/airflow/.local/lib/python3.7/site-packages/airflow/example_dags/tutorial_dag.py
[2024-03-24T09:00:07.009+0000] {logging_mixin.py:120} INFO - [2024-03-24T09:00:07.009+0000] {dag.py:2585} INFO - Sync 1 DAGs
[2024-03-24T09:00:07.063+0000] {logging_mixin.py:120} INFO - [2024-03-24T09:00:07.063+0000] {dag.py:3340} INFO - Setting next_dagrun for tutorial_dag to None, run_after=None
[2024-03-24T09:00:07.101+0000] {processor.py:176} INFO - Processing /home/airflow/.local/lib/python3.7/site-packages/airflow/example_dags/tutorial_dag.py took 0.228 seconds
[2024-03-24T09:00:37.409+0000] {processor.py:154} INFO - Started process (PID=3453) to work on /home/airflow/.local/lib/python3.7/site-packages/airflow/example_dags/tutorial_dag.py
[2024-03-24T09:00:37.413+0000] {processor.py:756} INFO - Processing file /home/airflow/.local/lib/python3.7/site-packages/airflow/example_dags/tutorial_dag.py for tasks to queue
[2024-03-24T09:00:37.416+0000] {logging_mixin.py:120} INFO - [2024-03-24T09:00:37.416+0000] {dagbag.py:537} INFO - Filling up the DagBag from /home/airflow/.local/lib/python3.7/site-packages/airflow/example_dags/tutorial_dag.py
[2024-03-24T09:00:37.461+0000] {processor.py:766} INFO - DAG(s) dict_keys(['tutorial_dag']) retrieved from /home/airflow/.local/lib/python3.7/site-packages/airflow/example_dags/tutorial_dag.py
[2024-03-24T09:00:37.614+0000] {logging_mixin.py:120} INFO - [2024-03-24T09:00:37.613+0000] {dag.py:2585} INFO - Sync 1 DAGs
[2024-03-24T09:00:37.728+0000] {logging_mixin.py:120} INFO - [2024-03-24T09:00:37.728+0000] {dag.py:3340} INFO - Setting next_dagrun for tutorial_dag to None, run_after=None
[2024-03-24T09:00:37.816+0000] {processor.py:176} INFO - Processing /home/airflow/.local/lib/python3.7/site-packages/airflow/example_dags/tutorial_dag.py took 0.419 seconds
[2024-03-24T09:01:07.875+0000] {processor.py:154} INFO - Started process (PID=3507) to work on /home/airflow/.local/lib/python3.7/site-packages/airflow/example_dags/tutorial_dag.py
[2024-03-24T09:01:07.877+0000] {processor.py:756} INFO - Processing file /home/airflow/.local/lib/python3.7/site-packages/airflow/example_dags/tutorial_dag.py for tasks to queue
[2024-03-24T09:01:07.879+0000] {logging_mixin.py:120} INFO - [2024-03-24T09:01:07.878+0000] {dagbag.py:537} INFO - Filling up the DagBag from /home/airflow/.local/lib/python3.7/site-packages/airflow/example_dags/tutorial_dag.py
[2024-03-24T09:01:07.906+0000] {processor.py:766} INFO - DAG(s) dict_keys(['tutorial_dag']) retrieved from /home/airflow/.local/lib/python3.7/site-packages/airflow/example_dags/tutorial_dag.py
[2024-03-24T09:01:07.982+0000] {logging_mixin.py:120} INFO - [2024-03-24T09:01:07.982+0000] {dag.py:2585} INFO - Sync 1 DAGs
[2024-03-24T09:01:08.029+0000] {logging_mixin.py:120} INFO - [2024-03-24T09:01:08.029+0000] {dag.py:3340} INFO - Setting next_dagrun for tutorial_dag to None, run_after=None
[2024-03-24T09:01:08.074+0000] {processor.py:176} INFO - Processing /home/airflow/.local/lib/python3.7/site-packages/airflow/example_dags/tutorial_dag.py took 0.206 seconds
[2024-03-24T09:01:38.395+0000] {processor.py:154} INFO - Started process (PID=3561) to work on /home/airflow/.local/lib/python3.7/site-packages/airflow/example_dags/tutorial_dag.py
[2024-03-24T09:01:38.400+0000] {processor.py:756} INFO - Processing file /home/airflow/.local/lib/python3.7/site-packages/airflow/example_dags/tutorial_dag.py for tasks to queue
[2024-03-24T09:01:38.403+0000] {logging_mixin.py:120} INFO - [2024-03-24T09:01:38.403+0000] {dagbag.py:537} INFO - Filling up the DagBag from /home/airflow/.local/lib/python3.7/site-packages/airflow/example_dags/tutorial_dag.py
[2024-03-24T09:01:38.442+0000] {processor.py:766} INFO - DAG(s) dict_keys(['tutorial_dag']) retrieved from /home/airflow/.local/lib/python3.7/site-packages/airflow/example_dags/tutorial_dag.py
[2024-03-24T09:01:38.532+0000] {logging_mixin.py:120} INFO - [2024-03-24T09:01:38.531+0000] {dag.py:2585} INFO - Sync 1 DAGs
[2024-03-24T09:01:38.572+0000] {logging_mixin.py:120} INFO - [2024-03-24T09:01:38.572+0000] {dag.py:3340} INFO - Setting next_dagrun for tutorial_dag to None, run_after=None
[2024-03-24T09:01:38.603+0000] {processor.py:176} INFO - Processing /home/airflow/.local/lib/python3.7/site-packages/airflow/example_dags/tutorial_dag.py took 0.218 seconds
[2024-03-24T09:02:08.988+0000] {processor.py:154} INFO - Started process (PID=3624) to work on /home/airflow/.local/lib/python3.7/site-packages/airflow/example_dags/tutorial_dag.py
[2024-03-24T09:02:08.990+0000] {processor.py:756} INFO - Processing file /home/airflow/.local/lib/python3.7/site-packages/airflow/example_dags/tutorial_dag.py for tasks to queue
[2024-03-24T09:02:08.993+0000] {logging_mixin.py:120} INFO - [2024-03-24T09:02:08.992+0000] {dagbag.py:537} INFO - Filling up the DagBag from /home/airflow/.local/lib/python3.7/site-packages/airflow/example_dags/tutorial_dag.py
[2024-03-24T09:02:09.023+0000] {processor.py:766} INFO - DAG(s) dict_keys(['tutorial_dag']) retrieved from /home/airflow/.local/lib/python3.7/site-packages/airflow/example_dags/tutorial_dag.py
[2024-03-24T09:02:09.093+0000] {logging_mixin.py:120} INFO - [2024-03-24T09:02:09.093+0000] {dag.py:2585} INFO - Sync 1 DAGs
[2024-03-24T09:02:09.135+0000] {logging_mixin.py:120} INFO - [2024-03-24T09:02:09.135+0000] {dag.py:3340} INFO - Setting next_dagrun for tutorial_dag to None, run_after=None
[2024-03-24T09:02:09.164+0000] {processor.py:176} INFO - Processing /home/airflow/.local/lib/python3.7/site-packages/airflow/example_dags/tutorial_dag.py took 0.182 seconds
[2024-03-24T09:02:39.602+0000] {processor.py:154} INFO - Started process (PID=3686) to work on /home/airflow/.local/lib/python3.7/site-packages/airflow/example_dags/tutorial_dag.py
[2024-03-24T09:02:39.606+0000] {processor.py:756} INFO - Processing file /home/airflow/.local/lib/python3.7/site-packages/airflow/example_dags/tutorial_dag.py for tasks to queue
[2024-03-24T09:02:39.611+0000] {logging_mixin.py:120} INFO - [2024-03-24T09:02:39.610+0000] {dagbag.py:537} INFO - Filling up the DagBag from /home/airflow/.local/lib/python3.7/site-packages/airflow/example_dags/tutorial_dag.py
[2024-03-24T09:02:39.668+0000] {processor.py:766} INFO - DAG(s) dict_keys(['tutorial_dag']) retrieved from /home/airflow/.local/lib/python3.7/site-packages/airflow/example_dags/tutorial_dag.py
[2024-03-24T09:02:39.798+0000] {logging_mixin.py:120} INFO - [2024-03-24T09:02:39.798+0000] {dag.py:2585} INFO - Sync 1 DAGs
[2024-03-24T09:02:39.859+0000] {logging_mixin.py:120} INFO - [2024-03-24T09:02:39.859+0000] {dag.py:3340} INFO - Setting next_dagrun for tutorial_dag to None, run_after=None
[2024-03-24T09:02:39.894+0000] {processor.py:176} INFO - Processing /home/airflow/.local/lib/python3.7/site-packages/airflow/example_dags/tutorial_dag.py took 0.303 seconds
[2024-03-24T09:03:10.861+0000] {processor.py:154} INFO - Started process (PID=3740) to work on /home/airflow/.local/lib/python3.7/site-packages/airflow/example_dags/tutorial_dag.py
[2024-03-24T09:03:10.863+0000] {processor.py:756} INFO - Processing file /home/airflow/.local/lib/python3.7/site-packages/airflow/example_dags/tutorial_dag.py for tasks to queue
[2024-03-24T09:03:10.864+0000] {logging_mixin.py:120} INFO - [2024-03-24T09:03:10.864+0000] {dagbag.py:537} INFO - Filling up the DagBag from /home/airflow/.local/lib/python3.7/site-packages/airflow/example_dags/tutorial_dag.py
[2024-03-24T09:03:10.896+0000] {processor.py:766} INFO - DAG(s) dict_keys(['tutorial_dag']) retrieved from /home/airflow/.local/lib/python3.7/site-packages/airflow/example_dags/tutorial_dag.py
[2024-03-24T09:03:11.005+0000] {logging_mixin.py:120} INFO - [2024-03-24T09:03:11.004+0000] {dag.py:2585} INFO - Sync 1 DAGs
[2024-03-24T09:03:11.092+0000] {logging_mixin.py:120} INFO - [2024-03-24T09:03:11.092+0000] {dag.py:3340} INFO - Setting next_dagrun for tutorial_dag to None, run_after=None
[2024-03-24T09:03:11.153+0000] {processor.py:176} INFO - Processing /home/airflow/.local/lib/python3.7/site-packages/airflow/example_dags/tutorial_dag.py took 0.301 seconds
[2024-03-24T09:03:41.452+0000] {processor.py:154} INFO - Started process (PID=3803) to work on /home/airflow/.local/lib/python3.7/site-packages/airflow/example_dags/tutorial_dag.py
[2024-03-24T09:03:41.461+0000] {processor.py:756} INFO - Processing file /home/airflow/.local/lib/python3.7/site-packages/airflow/example_dags/tutorial_dag.py for tasks to queue
[2024-03-24T09:03:41.468+0000] {logging_mixin.py:120} INFO - [2024-03-24T09:03:41.467+0000] {dagbag.py:537} INFO - Filling up the DagBag from /home/airflow/.local/lib/python3.7/site-packages/airflow/example_dags/tutorial_dag.py
[2024-03-24T09:03:41.516+0000] {processor.py:766} INFO - DAG(s) dict_keys(['tutorial_dag']) retrieved from /home/airflow/.local/lib/python3.7/site-packages/airflow/example_dags/tutorial_dag.py
[2024-03-24T09:03:41.625+0000] {logging_mixin.py:120} INFO - [2024-03-24T09:03:41.625+0000] {dag.py:2585} INFO - Sync 1 DAGs
[2024-03-24T09:03:41.688+0000] {logging_mixin.py:120} INFO - [2024-03-24T09:03:41.688+0000] {dag.py:3340} INFO - Setting next_dagrun for tutorial_dag to None, run_after=None
[2024-03-24T09:03:41.726+0000] {processor.py:176} INFO - Processing /home/airflow/.local/lib/python3.7/site-packages/airflow/example_dags/tutorial_dag.py took 0.291 seconds
[2024-03-24T09:04:12.309+0000] {processor.py:154} INFO - Started process (PID=3857) to work on /home/airflow/.local/lib/python3.7/site-packages/airflow/example_dags/tutorial_dag.py
[2024-03-24T09:04:12.315+0000] {processor.py:756} INFO - Processing file /home/airflow/.local/lib/python3.7/site-packages/airflow/example_dags/tutorial_dag.py for tasks to queue
[2024-03-24T09:04:12.320+0000] {logging_mixin.py:120} INFO - [2024-03-24T09:04:12.319+0000] {dagbag.py:537} INFO - Filling up the DagBag from /home/airflow/.local/lib/python3.7/site-packages/airflow/example_dags/tutorial_dag.py
[2024-03-24T09:04:12.368+0000] {processor.py:766} INFO - DAG(s) dict_keys(['tutorial_dag']) retrieved from /home/airflow/.local/lib/python3.7/site-packages/airflow/example_dags/tutorial_dag.py
[2024-03-24T09:04:12.458+0000] {logging_mixin.py:120} INFO - [2024-03-24T09:04:12.458+0000] {dag.py:2585} INFO - Sync 1 DAGs
[2024-03-24T09:04:12.505+0000] {logging_mixin.py:120} INFO - [2024-03-24T09:04:12.505+0000] {dag.py:3340} INFO - Setting next_dagrun for tutorial_dag to None, run_after=None
[2024-03-24T09:04:12.554+0000] {processor.py:176} INFO - Processing /home/airflow/.local/lib/python3.7/site-packages/airflow/example_dags/tutorial_dag.py took 0.259 seconds
[2024-03-24T09:04:43.470+0000] {processor.py:154} INFO - Started process (PID=3921) to work on /home/airflow/.local/lib/python3.7/site-packages/airflow/example_dags/tutorial_dag.py
[2024-03-24T09:04:43.474+0000] {processor.py:756} INFO - Processing file /home/airflow/.local/lib/python3.7/site-packages/airflow/example_dags/tutorial_dag.py for tasks to queue
[2024-03-24T09:04:43.482+0000] {logging_mixin.py:120} INFO - [2024-03-24T09:04:43.481+0000] {dagbag.py:537} INFO - Filling up the DagBag from /home/airflow/.local/lib/python3.7/site-packages/airflow/example_dags/tutorial_dag.py
[2024-03-24T09:04:43.533+0000] {processor.py:766} INFO - DAG(s) dict_keys(['tutorial_dag']) retrieved from /home/airflow/.local/lib/python3.7/site-packages/airflow/example_dags/tutorial_dag.py
[2024-03-24T09:04:43.761+0000] {logging_mixin.py:120} INFO - [2024-03-24T09:04:43.760+0000] {dag.py:2585} INFO - Sync 1 DAGs
[2024-03-24T09:04:43.825+0000] {logging_mixin.py:120} INFO - [2024-03-24T09:04:43.825+0000] {dag.py:3340} INFO - Setting next_dagrun for tutorial_dag to None, run_after=None
[2024-03-24T09:04:43.865+0000] {processor.py:176} INFO - Processing /home/airflow/.local/lib/python3.7/site-packages/airflow/example_dags/tutorial_dag.py took 0.406 seconds
[2024-03-24T09:05:14.095+0000] {processor.py:154} INFO - Started process (PID=3976) to work on /home/airflow/.local/lib/python3.7/site-packages/airflow/example_dags/tutorial_dag.py
[2024-03-24T09:05:14.097+0000] {processor.py:756} INFO - Processing file /home/airflow/.local/lib/python3.7/site-packages/airflow/example_dags/tutorial_dag.py for tasks to queue
[2024-03-24T09:05:14.099+0000] {logging_mixin.py:120} INFO - [2024-03-24T09:05:14.099+0000] {dagbag.py:537} INFO - Filling up the DagBag from /home/airflow/.local/lib/python3.7/site-packages/airflow/example_dags/tutorial_dag.py
[2024-03-24T09:05:14.122+0000] {processor.py:766} INFO - DAG(s) dict_keys(['tutorial_dag']) retrieved from /home/airflow/.local/lib/python3.7/site-packages/airflow/example_dags/tutorial_dag.py
[2024-03-24T09:05:14.189+0000] {logging_mixin.py:120} INFO - [2024-03-24T09:05:14.189+0000] {dag.py:2585} INFO - Sync 1 DAGs
[2024-03-24T09:05:14.229+0000] {logging_mixin.py:120} INFO - [2024-03-24T09:05:14.229+0000] {dag.py:3340} INFO - Setting next_dagrun for tutorial_dag to None, run_after=None
[2024-03-24T09:05:14.260+0000] {processor.py:176} INFO - Processing /home/airflow/.local/lib/python3.7/site-packages/airflow/example_dags/tutorial_dag.py took 0.171 seconds
[2024-03-24T09:05:44.487+0000] {processor.py:154} INFO - Started process (PID=4030) to work on /home/airflow/.local/lib/python3.7/site-packages/airflow/example_dags/tutorial_dag.py
[2024-03-24T09:05:44.489+0000] {processor.py:756} INFO - Processing file /home/airflow/.local/lib/python3.7/site-packages/airflow/example_dags/tutorial_dag.py for tasks to queue
[2024-03-24T09:05:44.492+0000] {logging_mixin.py:120} INFO - [2024-03-24T09:05:44.492+0000] {dagbag.py:537} INFO - Filling up the DagBag from /home/airflow/.local/lib/python3.7/site-packages/airflow/example_dags/tutorial_dag.py
[2024-03-24T09:05:44.537+0000] {processor.py:766} INFO - DAG(s) dict_keys(['tutorial_dag']) retrieved from /home/airflow/.local/lib/python3.7/site-packages/airflow/example_dags/tutorial_dag.py
[2024-03-24T09:05:44.620+0000] {logging_mixin.py:120} INFO - [2024-03-24T09:05:44.620+0000] {dag.py:2585} INFO - Sync 1 DAGs
[2024-03-24T09:05:44.664+0000] {logging_mixin.py:120} INFO - [2024-03-24T09:05:44.664+0000] {dag.py:3340} INFO - Setting next_dagrun for tutorial_dag to None, run_after=None
[2024-03-24T09:05:44.696+0000] {processor.py:176} INFO - Processing /home/airflow/.local/lib/python3.7/site-packages/airflow/example_dags/tutorial_dag.py took 0.217 seconds
[2024-03-24T09:06:14.912+0000] {processor.py:154} INFO - Started process (PID=4094) to work on /home/airflow/.local/lib/python3.7/site-packages/airflow/example_dags/tutorial_dag.py
[2024-03-24T09:06:14.914+0000] {processor.py:756} INFO - Processing file /home/airflow/.local/lib/python3.7/site-packages/airflow/example_dags/tutorial_dag.py for tasks to queue
[2024-03-24T09:06:14.916+0000] {logging_mixin.py:120} INFO - [2024-03-24T09:06:14.915+0000] {dagbag.py:537} INFO - Filling up the DagBag from /home/airflow/.local/lib/python3.7/site-packages/airflow/example_dags/tutorial_dag.py
[2024-03-24T09:06:14.941+0000] {processor.py:766} INFO - DAG(s) dict_keys(['tutorial_dag']) retrieved from /home/airflow/.local/lib/python3.7/site-packages/airflow/example_dags/tutorial_dag.py
[2024-03-24T09:06:15.026+0000] {logging_mixin.py:120} INFO - [2024-03-24T09:06:15.025+0000] {dag.py:2585} INFO - Sync 1 DAGs
[2024-03-24T09:06:15.078+0000] {logging_mixin.py:120} INFO - [2024-03-24T09:06:15.077+0000] {dag.py:3340} INFO - Setting next_dagrun for tutorial_dag to None, run_after=None
[2024-03-24T09:06:15.114+0000] {processor.py:176} INFO - Processing /home/airflow/.local/lib/python3.7/site-packages/airflow/example_dags/tutorial_dag.py took 0.209 seconds
[2024-03-24T09:06:46.108+0000] {processor.py:154} INFO - Started process (PID=4149) to work on /home/airflow/.local/lib/python3.7/site-packages/airflow/example_dags/tutorial_dag.py
[2024-03-24T09:06:46.110+0000] {processor.py:756} INFO - Processing file /home/airflow/.local/lib/python3.7/site-packages/airflow/example_dags/tutorial_dag.py for tasks to queue
[2024-03-24T09:06:46.113+0000] {logging_mixin.py:120} INFO - [2024-03-24T09:06:46.113+0000] {dagbag.py:537} INFO - Filling up the DagBag from /home/airflow/.local/lib/python3.7/site-packages/airflow/example_dags/tutorial_dag.py
[2024-03-24T09:06:46.132+0000] {processor.py:766} INFO - DAG(s) dict_keys(['tutorial_dag']) retrieved from /home/airflow/.local/lib/python3.7/site-packages/airflow/example_dags/tutorial_dag.py
[2024-03-24T09:06:46.212+0000] {logging_mixin.py:120} INFO - [2024-03-24T09:06:46.212+0000] {dag.py:2585} INFO - Sync 1 DAGs
[2024-03-24T09:06:46.266+0000] {logging_mixin.py:120} INFO - [2024-03-24T09:06:46.266+0000] {dag.py:3340} INFO - Setting next_dagrun for tutorial_dag to None, run_after=None
[2024-03-24T09:06:46.298+0000] {processor.py:176} INFO - Processing /home/airflow/.local/lib/python3.7/site-packages/airflow/example_dags/tutorial_dag.py took 0.197 seconds
[2024-03-24T11:07:16.248+0000] {processor.py:154} INFO - Started process (PID=4216) to work on /home/airflow/.local/lib/python3.7/site-packages/airflow/example_dags/tutorial_dag.py
[2024-03-24T11:07:16.259+0000] {processor.py:756} INFO - Processing file /home/airflow/.local/lib/python3.7/site-packages/airflow/example_dags/tutorial_dag.py for tasks to queue
[2024-03-24T11:07:16.261+0000] {logging_mixin.py:120} INFO - [2024-03-24T11:07:16.261+0000] {dagbag.py:537} INFO - Filling up the DagBag from /home/airflow/.local/lib/python3.7/site-packages/airflow/example_dags/tutorial_dag.py
[2024-03-24T11:07:16.360+0000] {processor.py:766} INFO - DAG(s) dict_keys(['tutorial_dag']) retrieved from /home/airflow/.local/lib/python3.7/site-packages/airflow/example_dags/tutorial_dag.py
[2024-03-24T11:07:16.646+0000] {logging_mixin.py:120} INFO - [2024-03-24T11:07:16.645+0000] {dag.py:2585} INFO - Sync 1 DAGs
[2024-03-24T11:07:16.728+0000] {logging_mixin.py:120} INFO - [2024-03-24T11:07:16.728+0000] {dag.py:3340} INFO - Setting next_dagrun for tutorial_dag to None, run_after=None
[2024-03-24T11:07:16.786+0000] {processor.py:176} INFO - Processing /home/airflow/.local/lib/python3.7/site-packages/airflow/example_dags/tutorial_dag.py took 0.562 seconds
[2024-03-24T21:08:16.102+0000] {processor.py:154} INFO - Started process (PID=4269) to work on /home/airflow/.local/lib/python3.7/site-packages/airflow/example_dags/tutorial_dag.py
[2024-03-24T21:08:16.112+0000] {processor.py:756} INFO - Processing file /home/airflow/.local/lib/python3.7/site-packages/airflow/example_dags/tutorial_dag.py for tasks to queue
[2024-03-24T21:08:16.115+0000] {logging_mixin.py:120} INFO - [2024-03-24T21:08:16.114+0000] {dagbag.py:537} INFO - Filling up the DagBag from /home/airflow/.local/lib/python3.7/site-packages/airflow/example_dags/tutorial_dag.py
[2024-03-24T21:08:16.160+0000] {processor.py:766} INFO - DAG(s) dict_keys(['tutorial_dag']) retrieved from /home/airflow/.local/lib/python3.7/site-packages/airflow/example_dags/tutorial_dag.py
[2024-03-24T21:08:16.273+0000] {logging_mixin.py:120} INFO - [2024-03-24T21:08:16.273+0000] {dag.py:2585} INFO - Sync 1 DAGs
[2024-03-24T21:08:16.315+0000] {logging_mixin.py:120} INFO - [2024-03-24T21:08:16.315+0000] {dag.py:3340} INFO - Setting next_dagrun for tutorial_dag to None, run_after=None
[2024-03-24T21:08:17.142+0000] {processor.py:176} INFO - Processing /home/airflow/.local/lib/python3.7/site-packages/airflow/example_dags/tutorial_dag.py took 1.052 seconds
