[2024-03-24T08:30:58.478+0000] {processor.py:154} INFO - Started process (PID=68) to work on /home/airflow/.local/lib/python3.7/site-packages/airflow/example_dags/tutorial_taskflow_api.py
[2024-03-24T08:30:58.485+0000] {processor.py:756} INFO - Processing file /home/airflow/.local/lib/python3.7/site-packages/airflow/example_dags/tutorial_taskflow_api.py for tasks to queue
[2024-03-24T08:30:58.488+0000] {logging_mixin.py:120} INFO - [2024-03-24T08:30:58.488+0000] {dagbag.py:537} INFO - Filling up the DagBag from /home/airflow/.local/lib/python3.7/site-packages/airflow/example_dags/tutorial_taskflow_api.py
[2024-03-24T08:30:58.603+0000] {processor.py:766} INFO - DAG(s) dict_keys(['tutorial_taskflow_api']) retrieved from /home/airflow/.local/lib/python3.7/site-packages/airflow/example_dags/tutorial_taskflow_api.py
[2024-03-24T08:30:59.135+0000] {logging_mixin.py:120} INFO - [2024-03-24T08:30:59.134+0000] {manager.py:507} INFO - Created Permission View: can read on DAG:tutorial_taskflow_api
[2024-03-24T08:30:59.159+0000] {logging_mixin.py:120} INFO - [2024-03-24T08:30:59.159+0000] {manager.py:507} INFO - Created Permission View: can edit on DAG:tutorial_taskflow_api
[2024-03-24T08:30:59.172+0000] {logging_mixin.py:120} INFO - [2024-03-24T08:30:59.172+0000] {manager.py:507} INFO - Created Permission View: can delete on DAG:tutorial_taskflow_api
[2024-03-24T08:30:59.174+0000] {logging_mixin.py:120} INFO - [2024-03-24T08:30:59.173+0000] {dag.py:2585} INFO - Sync 1 DAGs
[2024-03-24T08:30:59.212+0000] {logging_mixin.py:120} INFO - [2024-03-24T08:30:59.212+0000] {dag.py:2606} INFO - Creating ORM DAG for tutorial_taskflow_api
[2024-03-24T08:30:59.257+0000] {logging_mixin.py:120} INFO - [2024-03-24T08:30:59.256+0000] {dag.py:3340} INFO - Setting next_dagrun for tutorial_taskflow_api to None, run_after=None
[2024-03-24T08:30:59.312+0000] {processor.py:176} INFO - Processing /home/airflow/.local/lib/python3.7/site-packages/airflow/example_dags/tutorial_taskflow_api.py took 0.848 seconds
[2024-03-24T08:31:33.757+0000] {processor.py:154} INFO - Started process (PID=122) to work on /home/airflow/.local/lib/python3.7/site-packages/airflow/example_dags/tutorial_taskflow_api.py
[2024-03-24T08:31:33.762+0000] {processor.py:756} INFO - Processing file /home/airflow/.local/lib/python3.7/site-packages/airflow/example_dags/tutorial_taskflow_api.py for tasks to queue
[2024-03-24T08:31:33.765+0000] {logging_mixin.py:120} INFO - [2024-03-24T08:31:33.765+0000] {dagbag.py:537} INFO - Filling up the DagBag from /home/airflow/.local/lib/python3.7/site-packages/airflow/example_dags/tutorial_taskflow_api.py
[2024-03-24T08:31:33.994+0000] {processor.py:766} INFO - DAG(s) dict_keys(['tutorial_taskflow_api']) retrieved from /home/airflow/.local/lib/python3.7/site-packages/airflow/example_dags/tutorial_taskflow_api.py
[2024-03-24T08:31:34.346+0000] {logging_mixin.py:120} INFO - [2024-03-24T08:31:34.345+0000] {dag.py:2585} INFO - Sync 1 DAGs
[2024-03-24T08:31:34.480+0000] {logging_mixin.py:120} INFO - [2024-03-24T08:31:34.479+0000] {dag.py:3340} INFO - Setting next_dagrun for tutorial_taskflow_api to None, run_after=None
[2024-03-24T08:31:34.544+0000] {processor.py:176} INFO - Processing /home/airflow/.local/lib/python3.7/site-packages/airflow/example_dags/tutorial_taskflow_api.py took 0.803 seconds
[2024-03-24T08:32:04.729+0000] {processor.py:154} INFO - Started process (PID=177) to work on /home/airflow/.local/lib/python3.7/site-packages/airflow/example_dags/tutorial_taskflow_api.py
[2024-03-24T08:32:04.732+0000] {processor.py:756} INFO - Processing file /home/airflow/.local/lib/python3.7/site-packages/airflow/example_dags/tutorial_taskflow_api.py for tasks to queue
[2024-03-24T08:32:04.734+0000] {logging_mixin.py:120} INFO - [2024-03-24T08:32:04.734+0000] {dagbag.py:537} INFO - Filling up the DagBag from /home/airflow/.local/lib/python3.7/site-packages/airflow/example_dags/tutorial_taskflow_api.py
[2024-03-24T08:32:04.778+0000] {processor.py:766} INFO - DAG(s) dict_keys(['tutorial_taskflow_api']) retrieved from /home/airflow/.local/lib/python3.7/site-packages/airflow/example_dags/tutorial_taskflow_api.py
[2024-03-24T08:32:04.905+0000] {logging_mixin.py:120} INFO - [2024-03-24T08:32:04.905+0000] {dag.py:2585} INFO - Sync 1 DAGs
[2024-03-24T08:32:04.961+0000] {logging_mixin.py:120} INFO - [2024-03-24T08:32:04.961+0000] {dag.py:3340} INFO - Setting next_dagrun for tutorial_taskflow_api to None, run_after=None
[2024-03-24T08:32:05.014+0000] {processor.py:176} INFO - Processing /home/airflow/.local/lib/python3.7/site-packages/airflow/example_dags/tutorial_taskflow_api.py took 0.297 seconds
[2024-03-24T08:32:35.487+0000] {processor.py:154} INFO - Started process (PID=242) to work on /home/airflow/.local/lib/python3.7/site-packages/airflow/example_dags/tutorial_taskflow_api.py
[2024-03-24T08:32:35.492+0000] {processor.py:756} INFO - Processing file /home/airflow/.local/lib/python3.7/site-packages/airflow/example_dags/tutorial_taskflow_api.py for tasks to queue
[2024-03-24T08:32:35.496+0000] {logging_mixin.py:120} INFO - [2024-03-24T08:32:35.496+0000] {dagbag.py:537} INFO - Filling up the DagBag from /home/airflow/.local/lib/python3.7/site-packages/airflow/example_dags/tutorial_taskflow_api.py
[2024-03-24T08:32:35.718+0000] {processor.py:766} INFO - DAG(s) dict_keys(['tutorial_taskflow_api']) retrieved from /home/airflow/.local/lib/python3.7/site-packages/airflow/example_dags/tutorial_taskflow_api.py
[2024-03-24T08:32:35.938+0000] {logging_mixin.py:120} INFO - [2024-03-24T08:32:35.938+0000] {dag.py:2585} INFO - Sync 1 DAGs
[2024-03-24T08:32:36.094+0000] {logging_mixin.py:120} INFO - [2024-03-24T08:32:36.093+0000] {dag.py:3340} INFO - Setting next_dagrun for tutorial_taskflow_api to None, run_after=None
[2024-03-24T08:32:36.167+0000] {processor.py:176} INFO - Processing /home/airflow/.local/lib/python3.7/site-packages/airflow/example_dags/tutorial_taskflow_api.py took 0.688 seconds
[2024-03-24T08:33:06.742+0000] {processor.py:154} INFO - Started process (PID=297) to work on /home/airflow/.local/lib/python3.7/site-packages/airflow/example_dags/tutorial_taskflow_api.py
[2024-03-24T08:33:06.745+0000] {processor.py:756} INFO - Processing file /home/airflow/.local/lib/python3.7/site-packages/airflow/example_dags/tutorial_taskflow_api.py for tasks to queue
[2024-03-24T08:33:06.749+0000] {logging_mixin.py:120} INFO - [2024-03-24T08:33:06.749+0000] {dagbag.py:537} INFO - Filling up the DagBag from /home/airflow/.local/lib/python3.7/site-packages/airflow/example_dags/tutorial_taskflow_api.py
[2024-03-24T08:33:06.836+0000] {processor.py:766} INFO - DAG(s) dict_keys(['tutorial_taskflow_api']) retrieved from /home/airflow/.local/lib/python3.7/site-packages/airflow/example_dags/tutorial_taskflow_api.py
[2024-03-24T08:33:07.025+0000] {logging_mixin.py:120} INFO - [2024-03-24T08:33:07.024+0000] {dag.py:2585} INFO - Sync 1 DAGs
[2024-03-24T08:33:07.090+0000] {logging_mixin.py:120} INFO - [2024-03-24T08:33:07.090+0000] {dag.py:3340} INFO - Setting next_dagrun for tutorial_taskflow_api to None, run_after=None
[2024-03-24T08:33:07.151+0000] {processor.py:176} INFO - Processing /home/airflow/.local/lib/python3.7/site-packages/airflow/example_dags/tutorial_taskflow_api.py took 0.423 seconds
[2024-03-24T08:33:37.392+0000] {processor.py:154} INFO - Started process (PID=359) to work on /home/airflow/.local/lib/python3.7/site-packages/airflow/example_dags/tutorial_taskflow_api.py
[2024-03-24T08:33:37.395+0000] {processor.py:756} INFO - Processing file /home/airflow/.local/lib/python3.7/site-packages/airflow/example_dags/tutorial_taskflow_api.py for tasks to queue
[2024-03-24T08:33:37.397+0000] {logging_mixin.py:120} INFO - [2024-03-24T08:33:37.396+0000] {dagbag.py:537} INFO - Filling up the DagBag from /home/airflow/.local/lib/python3.7/site-packages/airflow/example_dags/tutorial_taskflow_api.py
[2024-03-24T08:33:37.441+0000] {processor.py:766} INFO - DAG(s) dict_keys(['tutorial_taskflow_api']) retrieved from /home/airflow/.local/lib/python3.7/site-packages/airflow/example_dags/tutorial_taskflow_api.py
[2024-03-24T08:33:37.528+0000] {logging_mixin.py:120} INFO - [2024-03-24T08:33:37.528+0000] {dag.py:2585} INFO - Sync 1 DAGs
[2024-03-24T08:33:37.587+0000] {logging_mixin.py:120} INFO - [2024-03-24T08:33:37.587+0000] {dag.py:3340} INFO - Setting next_dagrun for tutorial_taskflow_api to None, run_after=None
[2024-03-24T08:33:37.631+0000] {processor.py:176} INFO - Processing /home/airflow/.local/lib/python3.7/site-packages/airflow/example_dags/tutorial_taskflow_api.py took 0.246 seconds
[2024-03-24T08:34:08.894+0000] {processor.py:154} INFO - Started process (PID=414) to work on /home/airflow/.local/lib/python3.7/site-packages/airflow/example_dags/tutorial_taskflow_api.py
[2024-03-24T08:34:08.897+0000] {processor.py:756} INFO - Processing file /home/airflow/.local/lib/python3.7/site-packages/airflow/example_dags/tutorial_taskflow_api.py for tasks to queue
[2024-03-24T08:34:08.900+0000] {logging_mixin.py:120} INFO - [2024-03-24T08:34:08.899+0000] {dagbag.py:537} INFO - Filling up the DagBag from /home/airflow/.local/lib/python3.7/site-packages/airflow/example_dags/tutorial_taskflow_api.py
[2024-03-24T08:34:08.998+0000] {processor.py:766} INFO - DAG(s) dict_keys(['tutorial_taskflow_api']) retrieved from /home/airflow/.local/lib/python3.7/site-packages/airflow/example_dags/tutorial_taskflow_api.py
[2024-03-24T08:34:09.128+0000] {logging_mixin.py:120} INFO - [2024-03-24T08:34:09.128+0000] {dag.py:2585} INFO - Sync 1 DAGs
[2024-03-24T08:34:09.204+0000] {logging_mixin.py:120} INFO - [2024-03-24T08:34:09.204+0000] {dag.py:3340} INFO - Setting next_dagrun for tutorial_taskflow_api to None, run_after=None
[2024-03-24T08:34:09.265+0000] {processor.py:176} INFO - Processing /home/airflow/.local/lib/python3.7/site-packages/airflow/example_dags/tutorial_taskflow_api.py took 0.387 seconds
[2024-03-24T08:34:40.612+0000] {processor.py:154} INFO - Started process (PID=469) to work on /home/airflow/.local/lib/python3.7/site-packages/airflow/example_dags/tutorial_taskflow_api.py
[2024-03-24T08:34:40.621+0000] {processor.py:756} INFO - Processing file /home/airflow/.local/lib/python3.7/site-packages/airflow/example_dags/tutorial_taskflow_api.py for tasks to queue
[2024-03-24T08:34:40.625+0000] {logging_mixin.py:120} INFO - [2024-03-24T08:34:40.624+0000] {dagbag.py:537} INFO - Filling up the DagBag from /home/airflow/.local/lib/python3.7/site-packages/airflow/example_dags/tutorial_taskflow_api.py
[2024-03-24T08:34:40.718+0000] {processor.py:766} INFO - DAG(s) dict_keys(['tutorial_taskflow_api']) retrieved from /home/airflow/.local/lib/python3.7/site-packages/airflow/example_dags/tutorial_taskflow_api.py
[2024-03-24T08:34:40.835+0000] {logging_mixin.py:120} INFO - [2024-03-24T08:34:40.835+0000] {dag.py:2585} INFO - Sync 1 DAGs
[2024-03-24T08:34:40.917+0000] {logging_mixin.py:120} INFO - [2024-03-24T08:34:40.917+0000] {dag.py:3340} INFO - Setting next_dagrun for tutorial_taskflow_api to None, run_after=None
[2024-03-24T08:34:40.959+0000] {processor.py:176} INFO - Processing /home/airflow/.local/lib/python3.7/site-packages/airflow/example_dags/tutorial_taskflow_api.py took 0.357 seconds
[2024-03-24T08:35:11.044+0000] {processor.py:154} INFO - Started process (PID=531) to work on /home/airflow/.local/lib/python3.7/site-packages/airflow/example_dags/tutorial_taskflow_api.py
[2024-03-24T08:35:11.047+0000] {processor.py:756} INFO - Processing file /home/airflow/.local/lib/python3.7/site-packages/airflow/example_dags/tutorial_taskflow_api.py for tasks to queue
[2024-03-24T08:35:11.052+0000] {logging_mixin.py:120} INFO - [2024-03-24T08:35:11.051+0000] {dagbag.py:537} INFO - Filling up the DagBag from /home/airflow/.local/lib/python3.7/site-packages/airflow/example_dags/tutorial_taskflow_api.py
[2024-03-24T08:35:11.098+0000] {processor.py:766} INFO - DAG(s) dict_keys(['tutorial_taskflow_api']) retrieved from /home/airflow/.local/lib/python3.7/site-packages/airflow/example_dags/tutorial_taskflow_api.py
[2024-03-24T08:35:11.272+0000] {logging_mixin.py:120} INFO - [2024-03-24T08:35:11.271+0000] {dag.py:2585} INFO - Sync 1 DAGs
[2024-03-24T08:35:11.369+0000] {logging_mixin.py:120} INFO - [2024-03-24T08:35:11.367+0000] {dag.py:3340} INFO - Setting next_dagrun for tutorial_taskflow_api to None, run_after=None
[2024-03-24T08:35:11.429+0000] {processor.py:176} INFO - Processing /home/airflow/.local/lib/python3.7/site-packages/airflow/example_dags/tutorial_taskflow_api.py took 0.393 seconds
[2024-03-24T08:35:41.662+0000] {processor.py:154} INFO - Started process (PID=584) to work on /home/airflow/.local/lib/python3.7/site-packages/airflow/example_dags/tutorial_taskflow_api.py
[2024-03-24T08:35:41.664+0000] {processor.py:756} INFO - Processing file /home/airflow/.local/lib/python3.7/site-packages/airflow/example_dags/tutorial_taskflow_api.py for tasks to queue
[2024-03-24T08:35:41.666+0000] {logging_mixin.py:120} INFO - [2024-03-24T08:35:41.666+0000] {dagbag.py:537} INFO - Filling up the DagBag from /home/airflow/.local/lib/python3.7/site-packages/airflow/example_dags/tutorial_taskflow_api.py
[2024-03-24T08:35:41.708+0000] {processor.py:766} INFO - DAG(s) dict_keys(['tutorial_taskflow_api']) retrieved from /home/airflow/.local/lib/python3.7/site-packages/airflow/example_dags/tutorial_taskflow_api.py
[2024-03-24T08:35:41.784+0000] {logging_mixin.py:120} INFO - [2024-03-24T08:35:41.784+0000] {dag.py:2585} INFO - Sync 1 DAGs
[2024-03-24T08:35:41.833+0000] {logging_mixin.py:120} INFO - [2024-03-24T08:35:41.833+0000] {dag.py:3340} INFO - Setting next_dagrun for tutorial_taskflow_api to None, run_after=None
[2024-03-24T08:35:41.873+0000] {processor.py:176} INFO - Processing /home/airflow/.local/lib/python3.7/site-packages/airflow/example_dags/tutorial_taskflow_api.py took 0.221 seconds
[2024-03-24T08:36:12.278+0000] {processor.py:154} INFO - Started process (PID=638) to work on /home/airflow/.local/lib/python3.7/site-packages/airflow/example_dags/tutorial_taskflow_api.py
[2024-03-24T08:36:12.281+0000] {processor.py:756} INFO - Processing file /home/airflow/.local/lib/python3.7/site-packages/airflow/example_dags/tutorial_taskflow_api.py for tasks to queue
[2024-03-24T08:36:12.284+0000] {logging_mixin.py:120} INFO - [2024-03-24T08:36:12.283+0000] {dagbag.py:537} INFO - Filling up the DagBag from /home/airflow/.local/lib/python3.7/site-packages/airflow/example_dags/tutorial_taskflow_api.py
[2024-03-24T08:36:12.328+0000] {processor.py:766} INFO - DAG(s) dict_keys(['tutorial_taskflow_api']) retrieved from /home/airflow/.local/lib/python3.7/site-packages/airflow/example_dags/tutorial_taskflow_api.py
[2024-03-24T08:36:12.417+0000] {logging_mixin.py:120} INFO - [2024-03-24T08:36:12.416+0000] {dag.py:2585} INFO - Sync 1 DAGs
[2024-03-24T08:36:12.485+0000] {logging_mixin.py:120} INFO - [2024-03-24T08:36:12.484+0000] {dag.py:3340} INFO - Setting next_dagrun for tutorial_taskflow_api to None, run_after=None
[2024-03-24T08:36:12.536+0000] {processor.py:176} INFO - Processing /home/airflow/.local/lib/python3.7/site-packages/airflow/example_dags/tutorial_taskflow_api.py took 0.266 seconds
[2024-03-24T08:36:42.940+0000] {processor.py:154} INFO - Started process (PID=699) to work on /home/airflow/.local/lib/python3.7/site-packages/airflow/example_dags/tutorial_taskflow_api.py
[2024-03-24T08:36:42.944+0000] {processor.py:756} INFO - Processing file /home/airflow/.local/lib/python3.7/site-packages/airflow/example_dags/tutorial_taskflow_api.py for tasks to queue
[2024-03-24T08:36:42.947+0000] {logging_mixin.py:120} INFO - [2024-03-24T08:36:42.947+0000] {dagbag.py:537} INFO - Filling up the DagBag from /home/airflow/.local/lib/python3.7/site-packages/airflow/example_dags/tutorial_taskflow_api.py
[2024-03-24T08:36:43.003+0000] {processor.py:766} INFO - DAG(s) dict_keys(['tutorial_taskflow_api']) retrieved from /home/airflow/.local/lib/python3.7/site-packages/airflow/example_dags/tutorial_taskflow_api.py
[2024-03-24T08:36:43.166+0000] {logging_mixin.py:120} INFO - [2024-03-24T08:36:43.163+0000] {dag.py:2585} INFO - Sync 1 DAGs
[2024-03-24T08:36:43.312+0000] {logging_mixin.py:120} INFO - [2024-03-24T08:36:43.311+0000] {dag.py:3340} INFO - Setting next_dagrun for tutorial_taskflow_api to None, run_after=None
[2024-03-24T08:36:43.388+0000] {processor.py:176} INFO - Processing /home/airflow/.local/lib/python3.7/site-packages/airflow/example_dags/tutorial_taskflow_api.py took 0.459 seconds
[2024-03-24T08:37:13.625+0000] {processor.py:154} INFO - Started process (PID=755) to work on /home/airflow/.local/lib/python3.7/site-packages/airflow/example_dags/tutorial_taskflow_api.py
[2024-03-24T08:37:13.627+0000] {processor.py:756} INFO - Processing file /home/airflow/.local/lib/python3.7/site-packages/airflow/example_dags/tutorial_taskflow_api.py for tasks to queue
[2024-03-24T08:37:13.628+0000] {logging_mixin.py:120} INFO - [2024-03-24T08:37:13.628+0000] {dagbag.py:537} INFO - Filling up the DagBag from /home/airflow/.local/lib/python3.7/site-packages/airflow/example_dags/tutorial_taskflow_api.py
[2024-03-24T08:37:13.663+0000] {processor.py:766} INFO - DAG(s) dict_keys(['tutorial_taskflow_api']) retrieved from /home/airflow/.local/lib/python3.7/site-packages/airflow/example_dags/tutorial_taskflow_api.py
[2024-03-24T08:37:13.732+0000] {logging_mixin.py:120} INFO - [2024-03-24T08:37:13.731+0000] {dag.py:2585} INFO - Sync 1 DAGs
[2024-03-24T08:37:13.774+0000] {logging_mixin.py:120} INFO - [2024-03-24T08:37:13.774+0000] {dag.py:3340} INFO - Setting next_dagrun for tutorial_taskflow_api to None, run_after=None
[2024-03-24T08:37:13.807+0000] {processor.py:176} INFO - Processing /home/airflow/.local/lib/python3.7/site-packages/airflow/example_dags/tutorial_taskflow_api.py took 0.189 seconds
[2024-03-24T08:37:44.122+0000] {processor.py:154} INFO - Started process (PID=810) to work on /home/airflow/.local/lib/python3.7/site-packages/airflow/example_dags/tutorial_taskflow_api.py
[2024-03-24T08:37:44.124+0000] {processor.py:756} INFO - Processing file /home/airflow/.local/lib/python3.7/site-packages/airflow/example_dags/tutorial_taskflow_api.py for tasks to queue
[2024-03-24T08:37:44.126+0000] {logging_mixin.py:120} INFO - [2024-03-24T08:37:44.126+0000] {dagbag.py:537} INFO - Filling up the DagBag from /home/airflow/.local/lib/python3.7/site-packages/airflow/example_dags/tutorial_taskflow_api.py
[2024-03-24T08:37:44.168+0000] {processor.py:766} INFO - DAG(s) dict_keys(['tutorial_taskflow_api']) retrieved from /home/airflow/.local/lib/python3.7/site-packages/airflow/example_dags/tutorial_taskflow_api.py
[2024-03-24T08:37:44.256+0000] {logging_mixin.py:120} INFO - [2024-03-24T08:37:44.253+0000] {dag.py:2585} INFO - Sync 1 DAGs
[2024-03-24T08:37:44.304+0000] {logging_mixin.py:120} INFO - [2024-03-24T08:37:44.304+0000] {dag.py:3340} INFO - Setting next_dagrun for tutorial_taskflow_api to None, run_after=None
[2024-03-24T08:37:44.344+0000] {processor.py:176} INFO - Processing /home/airflow/.local/lib/python3.7/site-packages/airflow/example_dags/tutorial_taskflow_api.py took 0.232 seconds
[2024-03-24T08:38:14.762+0000] {processor.py:154} INFO - Started process (PID=873) to work on /home/airflow/.local/lib/python3.7/site-packages/airflow/example_dags/tutorial_taskflow_api.py
[2024-03-24T08:38:14.763+0000] {processor.py:756} INFO - Processing file /home/airflow/.local/lib/python3.7/site-packages/airflow/example_dags/tutorial_taskflow_api.py for tasks to queue
[2024-03-24T08:38:14.766+0000] {logging_mixin.py:120} INFO - [2024-03-24T08:38:14.765+0000] {dagbag.py:537} INFO - Filling up the DagBag from /home/airflow/.local/lib/python3.7/site-packages/airflow/example_dags/tutorial_taskflow_api.py
[2024-03-24T08:38:14.810+0000] {processor.py:766} INFO - DAG(s) dict_keys(['tutorial_taskflow_api']) retrieved from /home/airflow/.local/lib/python3.7/site-packages/airflow/example_dags/tutorial_taskflow_api.py
[2024-03-24T08:38:14.893+0000] {logging_mixin.py:120} INFO - [2024-03-24T08:38:14.893+0000] {dag.py:2585} INFO - Sync 1 DAGs
[2024-03-24T08:38:14.948+0000] {logging_mixin.py:120} INFO - [2024-03-24T08:38:14.948+0000] {dag.py:3340} INFO - Setting next_dagrun for tutorial_taskflow_api to None, run_after=None
[2024-03-24T08:38:14.988+0000] {processor.py:176} INFO - Processing /home/airflow/.local/lib/python3.7/site-packages/airflow/example_dags/tutorial_taskflow_api.py took 0.235 seconds
[2024-03-24T08:38:45.210+0000] {processor.py:154} INFO - Started process (PID=927) to work on /home/airflow/.local/lib/python3.7/site-packages/airflow/example_dags/tutorial_taskflow_api.py
[2024-03-24T08:38:45.213+0000] {processor.py:756} INFO - Processing file /home/airflow/.local/lib/python3.7/site-packages/airflow/example_dags/tutorial_taskflow_api.py for tasks to queue
[2024-03-24T08:38:45.215+0000] {logging_mixin.py:120} INFO - [2024-03-24T08:38:45.214+0000] {dagbag.py:537} INFO - Filling up the DagBag from /home/airflow/.local/lib/python3.7/site-packages/airflow/example_dags/tutorial_taskflow_api.py
[2024-03-24T08:38:45.249+0000] {processor.py:766} INFO - DAG(s) dict_keys(['tutorial_taskflow_api']) retrieved from /home/airflow/.local/lib/python3.7/site-packages/airflow/example_dags/tutorial_taskflow_api.py
[2024-03-24T08:38:45.318+0000] {logging_mixin.py:120} INFO - [2024-03-24T08:38:45.318+0000] {dag.py:2585} INFO - Sync 1 DAGs
[2024-03-24T08:38:45.364+0000] {logging_mixin.py:120} INFO - [2024-03-24T08:38:45.364+0000] {dag.py:3340} INFO - Setting next_dagrun for tutorial_taskflow_api to None, run_after=None
[2024-03-24T08:38:45.394+0000] {processor.py:176} INFO - Processing /home/airflow/.local/lib/python3.7/site-packages/airflow/example_dags/tutorial_taskflow_api.py took 0.190 seconds
[2024-03-24T08:39:15.614+0000] {processor.py:154} INFO - Started process (PID=991) to work on /home/airflow/.local/lib/python3.7/site-packages/airflow/example_dags/tutorial_taskflow_api.py
[2024-03-24T08:39:15.616+0000] {processor.py:756} INFO - Processing file /home/airflow/.local/lib/python3.7/site-packages/airflow/example_dags/tutorial_taskflow_api.py for tasks to queue
[2024-03-24T08:39:15.618+0000] {logging_mixin.py:120} INFO - [2024-03-24T08:39:15.618+0000] {dagbag.py:537} INFO - Filling up the DagBag from /home/airflow/.local/lib/python3.7/site-packages/airflow/example_dags/tutorial_taskflow_api.py
[2024-03-24T08:39:15.655+0000] {processor.py:766} INFO - DAG(s) dict_keys(['tutorial_taskflow_api']) retrieved from /home/airflow/.local/lib/python3.7/site-packages/airflow/example_dags/tutorial_taskflow_api.py
[2024-03-24T08:39:15.724+0000] {logging_mixin.py:120} INFO - [2024-03-24T08:39:15.723+0000] {dag.py:2585} INFO - Sync 1 DAGs
[2024-03-24T08:39:15.763+0000] {logging_mixin.py:120} INFO - [2024-03-24T08:39:15.763+0000] {dag.py:3340} INFO - Setting next_dagrun for tutorial_taskflow_api to None, run_after=None
[2024-03-24T08:39:15.792+0000] {processor.py:176} INFO - Processing /home/airflow/.local/lib/python3.7/site-packages/airflow/example_dags/tutorial_taskflow_api.py took 0.184 seconds
[2024-03-24T08:39:46.126+0000] {processor.py:154} INFO - Started process (PID=1046) to work on /home/airflow/.local/lib/python3.7/site-packages/airflow/example_dags/tutorial_taskflow_api.py
[2024-03-24T08:39:46.128+0000] {processor.py:756} INFO - Processing file /home/airflow/.local/lib/python3.7/site-packages/airflow/example_dags/tutorial_taskflow_api.py for tasks to queue
[2024-03-24T08:39:46.130+0000] {logging_mixin.py:120} INFO - [2024-03-24T08:39:46.129+0000] {dagbag.py:537} INFO - Filling up the DagBag from /home/airflow/.local/lib/python3.7/site-packages/airflow/example_dags/tutorial_taskflow_api.py
[2024-03-24T08:39:46.170+0000] {processor.py:766} INFO - DAG(s) dict_keys(['tutorial_taskflow_api']) retrieved from /home/airflow/.local/lib/python3.7/site-packages/airflow/example_dags/tutorial_taskflow_api.py
[2024-03-24T08:39:46.253+0000] {logging_mixin.py:120} INFO - [2024-03-24T08:39:46.253+0000] {dag.py:2585} INFO - Sync 1 DAGs
[2024-03-24T08:39:46.300+0000] {logging_mixin.py:120} INFO - [2024-03-24T08:39:46.300+0000] {dag.py:3340} INFO - Setting next_dagrun for tutorial_taskflow_api to None, run_after=None
[2024-03-24T08:39:46.334+0000] {processor.py:176} INFO - Processing /home/airflow/.local/lib/python3.7/site-packages/airflow/example_dags/tutorial_taskflow_api.py took 0.216 seconds
[2024-03-24T08:40:16.899+0000] {processor.py:154} INFO - Started process (PID=1111) to work on /home/airflow/.local/lib/python3.7/site-packages/airflow/example_dags/tutorial_taskflow_api.py
[2024-03-24T08:40:16.900+0000] {processor.py:756} INFO - Processing file /home/airflow/.local/lib/python3.7/site-packages/airflow/example_dags/tutorial_taskflow_api.py for tasks to queue
[2024-03-24T08:40:16.902+0000] {logging_mixin.py:120} INFO - [2024-03-24T08:40:16.902+0000] {dagbag.py:537} INFO - Filling up the DagBag from /home/airflow/.local/lib/python3.7/site-packages/airflow/example_dags/tutorial_taskflow_api.py
[2024-03-24T08:40:16.943+0000] {processor.py:766} INFO - DAG(s) dict_keys(['tutorial_taskflow_api']) retrieved from /home/airflow/.local/lib/python3.7/site-packages/airflow/example_dags/tutorial_taskflow_api.py
[2024-03-24T08:40:17.061+0000] {logging_mixin.py:120} INFO - [2024-03-24T08:40:17.061+0000] {dag.py:2585} INFO - Sync 1 DAGs
[2024-03-24T08:40:17.119+0000] {logging_mixin.py:120} INFO - [2024-03-24T08:40:17.119+0000] {dag.py:3340} INFO - Setting next_dagrun for tutorial_taskflow_api to None, run_after=None
[2024-03-24T08:40:17.158+0000] {processor.py:176} INFO - Processing /home/airflow/.local/lib/python3.7/site-packages/airflow/example_dags/tutorial_taskflow_api.py took 0.268 seconds
[2024-03-24T08:40:47.377+0000] {processor.py:154} INFO - Started process (PID=1165) to work on /home/airflow/.local/lib/python3.7/site-packages/airflow/example_dags/tutorial_taskflow_api.py
[2024-03-24T08:40:47.380+0000] {processor.py:756} INFO - Processing file /home/airflow/.local/lib/python3.7/site-packages/airflow/example_dags/tutorial_taskflow_api.py for tasks to queue
[2024-03-24T08:40:47.385+0000] {logging_mixin.py:120} INFO - [2024-03-24T08:40:47.385+0000] {dagbag.py:537} INFO - Filling up the DagBag from /home/airflow/.local/lib/python3.7/site-packages/airflow/example_dags/tutorial_taskflow_api.py
[2024-03-24T08:40:47.422+0000] {processor.py:766} INFO - DAG(s) dict_keys(['tutorial_taskflow_api']) retrieved from /home/airflow/.local/lib/python3.7/site-packages/airflow/example_dags/tutorial_taskflow_api.py
[2024-03-24T08:40:47.492+0000] {logging_mixin.py:120} INFO - [2024-03-24T08:40:47.491+0000] {dag.py:2585} INFO - Sync 1 DAGs
[2024-03-24T08:40:47.536+0000] {logging_mixin.py:120} INFO - [2024-03-24T08:40:47.536+0000] {dag.py:3340} INFO - Setting next_dagrun for tutorial_taskflow_api to None, run_after=None
[2024-03-24T08:40:47.566+0000] {processor.py:176} INFO - Processing /home/airflow/.local/lib/python3.7/site-packages/airflow/example_dags/tutorial_taskflow_api.py took 0.201 seconds
[2024-03-24T08:41:17.834+0000] {processor.py:154} INFO - Started process (PID=1228) to work on /home/airflow/.local/lib/python3.7/site-packages/airflow/example_dags/tutorial_taskflow_api.py
[2024-03-24T08:41:17.838+0000] {processor.py:756} INFO - Processing file /home/airflow/.local/lib/python3.7/site-packages/airflow/example_dags/tutorial_taskflow_api.py for tasks to queue
[2024-03-24T08:41:17.840+0000] {logging_mixin.py:120} INFO - [2024-03-24T08:41:17.840+0000] {dagbag.py:537} INFO - Filling up the DagBag from /home/airflow/.local/lib/python3.7/site-packages/airflow/example_dags/tutorial_taskflow_api.py
[2024-03-24T08:41:17.885+0000] {processor.py:766} INFO - DAG(s) dict_keys(['tutorial_taskflow_api']) retrieved from /home/airflow/.local/lib/python3.7/site-packages/airflow/example_dags/tutorial_taskflow_api.py
[2024-03-24T08:41:17.976+0000] {logging_mixin.py:120} INFO - [2024-03-24T08:41:17.976+0000] {dag.py:2585} INFO - Sync 1 DAGs
[2024-03-24T08:41:18.192+0000] {logging_mixin.py:120} INFO - [2024-03-24T08:41:18.192+0000] {dag.py:3340} INFO - Setting next_dagrun for tutorial_taskflow_api to None, run_after=None
[2024-03-24T08:41:18.242+0000] {processor.py:176} INFO - Processing /home/airflow/.local/lib/python3.7/site-packages/airflow/example_dags/tutorial_taskflow_api.py took 0.420 seconds
[2024-03-24T08:41:48.311+0000] {processor.py:154} INFO - Started process (PID=1283) to work on /home/airflow/.local/lib/python3.7/site-packages/airflow/example_dags/tutorial_taskflow_api.py
[2024-03-24T08:41:48.313+0000] {processor.py:756} INFO - Processing file /home/airflow/.local/lib/python3.7/site-packages/airflow/example_dags/tutorial_taskflow_api.py for tasks to queue
[2024-03-24T08:41:48.315+0000] {logging_mixin.py:120} INFO - [2024-03-24T08:41:48.315+0000] {dagbag.py:537} INFO - Filling up the DagBag from /home/airflow/.local/lib/python3.7/site-packages/airflow/example_dags/tutorial_taskflow_api.py
[2024-03-24T08:41:48.363+0000] {processor.py:766} INFO - DAG(s) dict_keys(['tutorial_taskflow_api']) retrieved from /home/airflow/.local/lib/python3.7/site-packages/airflow/example_dags/tutorial_taskflow_api.py
[2024-03-24T08:41:48.447+0000] {logging_mixin.py:120} INFO - [2024-03-24T08:41:48.447+0000] {dag.py:2585} INFO - Sync 1 DAGs
[2024-03-24T08:41:48.553+0000] {logging_mixin.py:120} INFO - [2024-03-24T08:41:48.552+0000] {dag.py:3340} INFO - Setting next_dagrun for tutorial_taskflow_api to None, run_after=None
[2024-03-24T08:41:48.663+0000] {processor.py:176} INFO - Processing /home/airflow/.local/lib/python3.7/site-packages/airflow/example_dags/tutorial_taskflow_api.py took 0.360 seconds
[2024-03-24T08:42:18.805+0000] {processor.py:154} INFO - Started process (PID=1346) to work on /home/airflow/.local/lib/python3.7/site-packages/airflow/example_dags/tutorial_taskflow_api.py
[2024-03-24T08:42:18.808+0000] {processor.py:756} INFO - Processing file /home/airflow/.local/lib/python3.7/site-packages/airflow/example_dags/tutorial_taskflow_api.py for tasks to queue
[2024-03-24T08:42:18.812+0000] {logging_mixin.py:120} INFO - [2024-03-24T08:42:18.812+0000] {dagbag.py:537} INFO - Filling up the DagBag from /home/airflow/.local/lib/python3.7/site-packages/airflow/example_dags/tutorial_taskflow_api.py
[2024-03-24T08:42:18.895+0000] {processor.py:766} INFO - DAG(s) dict_keys(['tutorial_taskflow_api']) retrieved from /home/airflow/.local/lib/python3.7/site-packages/airflow/example_dags/tutorial_taskflow_api.py
[2024-03-24T08:42:18.988+0000] {logging_mixin.py:120} INFO - [2024-03-24T08:42:18.988+0000] {dag.py:2585} INFO - Sync 1 DAGs
[2024-03-24T08:42:19.051+0000] {logging_mixin.py:120} INFO - [2024-03-24T08:42:19.051+0000] {dag.py:3340} INFO - Setting next_dagrun for tutorial_taskflow_api to None, run_after=None
[2024-03-24T08:42:19.100+0000] {processor.py:176} INFO - Processing /home/airflow/.local/lib/python3.7/site-packages/airflow/example_dags/tutorial_taskflow_api.py took 0.307 seconds
[2024-03-24T08:42:49.432+0000] {processor.py:154} INFO - Started process (PID=1400) to work on /home/airflow/.local/lib/python3.7/site-packages/airflow/example_dags/tutorial_taskflow_api.py
[2024-03-24T08:42:49.436+0000] {processor.py:756} INFO - Processing file /home/airflow/.local/lib/python3.7/site-packages/airflow/example_dags/tutorial_taskflow_api.py for tasks to queue
[2024-03-24T08:42:49.440+0000] {logging_mixin.py:120} INFO - [2024-03-24T08:42:49.440+0000] {dagbag.py:537} INFO - Filling up the DagBag from /home/airflow/.local/lib/python3.7/site-packages/airflow/example_dags/tutorial_taskflow_api.py
[2024-03-24T08:42:49.589+0000] {processor.py:766} INFO - DAG(s) dict_keys(['tutorial_taskflow_api']) retrieved from /home/airflow/.local/lib/python3.7/site-packages/airflow/example_dags/tutorial_taskflow_api.py
[2024-03-24T08:42:50.334+0000] {logging_mixin.py:120} INFO - [2024-03-24T08:42:50.333+0000] {dag.py:2585} INFO - Sync 1 DAGs
[2024-03-24T08:42:50.802+0000] {logging_mixin.py:120} INFO - [2024-03-24T08:42:50.801+0000] {dag.py:3340} INFO - Setting next_dagrun for tutorial_taskflow_api to None, run_after=None
[2024-03-24T08:42:50.846+0000] {processor.py:176} INFO - Processing /home/airflow/.local/lib/python3.7/site-packages/airflow/example_dags/tutorial_taskflow_api.py took 1.428 seconds
[2024-03-24T08:43:21.359+0000] {processor.py:154} INFO - Started process (PID=1465) to work on /home/airflow/.local/lib/python3.7/site-packages/airflow/example_dags/tutorial_taskflow_api.py
[2024-03-24T08:43:21.361+0000] {processor.py:756} INFO - Processing file /home/airflow/.local/lib/python3.7/site-packages/airflow/example_dags/tutorial_taskflow_api.py for tasks to queue
[2024-03-24T08:43:21.363+0000] {logging_mixin.py:120} INFO - [2024-03-24T08:43:21.363+0000] {dagbag.py:537} INFO - Filling up the DagBag from /home/airflow/.local/lib/python3.7/site-packages/airflow/example_dags/tutorial_taskflow_api.py
[2024-03-24T08:43:21.400+0000] {processor.py:766} INFO - DAG(s) dict_keys(['tutorial_taskflow_api']) retrieved from /home/airflow/.local/lib/python3.7/site-packages/airflow/example_dags/tutorial_taskflow_api.py
[2024-03-24T08:43:21.471+0000] {logging_mixin.py:120} INFO - [2024-03-24T08:43:21.470+0000] {dag.py:2585} INFO - Sync 1 DAGs
[2024-03-24T08:43:21.517+0000] {logging_mixin.py:120} INFO - [2024-03-24T08:43:21.517+0000] {dag.py:3340} INFO - Setting next_dagrun for tutorial_taskflow_api to None, run_after=None
[2024-03-24T08:43:21.555+0000] {processor.py:176} INFO - Processing /home/airflow/.local/lib/python3.7/site-packages/airflow/example_dags/tutorial_taskflow_api.py took 0.202 seconds
[2024-03-24T08:43:51.661+0000] {processor.py:154} INFO - Started process (PID=1520) to work on /home/airflow/.local/lib/python3.7/site-packages/airflow/example_dags/tutorial_taskflow_api.py
[2024-03-24T08:43:51.663+0000] {processor.py:756} INFO - Processing file /home/airflow/.local/lib/python3.7/site-packages/airflow/example_dags/tutorial_taskflow_api.py for tasks to queue
[2024-03-24T08:43:51.664+0000] {logging_mixin.py:120} INFO - [2024-03-24T08:43:51.664+0000] {dagbag.py:537} INFO - Filling up the DagBag from /home/airflow/.local/lib/python3.7/site-packages/airflow/example_dags/tutorial_taskflow_api.py
[2024-03-24T08:43:51.710+0000] {processor.py:766} INFO - DAG(s) dict_keys(['tutorial_taskflow_api']) retrieved from /home/airflow/.local/lib/python3.7/site-packages/airflow/example_dags/tutorial_taskflow_api.py
[2024-03-24T08:43:51.820+0000] {logging_mixin.py:120} INFO - [2024-03-24T08:43:51.820+0000] {dag.py:2585} INFO - Sync 1 DAGs
[2024-03-24T08:43:51.880+0000] {logging_mixin.py:120} INFO - [2024-03-24T08:43:51.880+0000] {dag.py:3340} INFO - Setting next_dagrun for tutorial_taskflow_api to None, run_after=None
[2024-03-24T08:43:51.922+0000] {processor.py:176} INFO - Processing /home/airflow/.local/lib/python3.7/site-packages/airflow/example_dags/tutorial_taskflow_api.py took 0.268 seconds
[2024-03-24T08:44:22.143+0000] {processor.py:154} INFO - Started process (PID=1584) to work on /home/airflow/.local/lib/python3.7/site-packages/airflow/example_dags/tutorial_taskflow_api.py
[2024-03-24T08:44:22.146+0000] {processor.py:756} INFO - Processing file /home/airflow/.local/lib/python3.7/site-packages/airflow/example_dags/tutorial_taskflow_api.py for tasks to queue
[2024-03-24T08:44:22.148+0000] {logging_mixin.py:120} INFO - [2024-03-24T08:44:22.148+0000] {dagbag.py:537} INFO - Filling up the DagBag from /home/airflow/.local/lib/python3.7/site-packages/airflow/example_dags/tutorial_taskflow_api.py
[2024-03-24T08:44:22.187+0000] {processor.py:766} INFO - DAG(s) dict_keys(['tutorial_taskflow_api']) retrieved from /home/airflow/.local/lib/python3.7/site-packages/airflow/example_dags/tutorial_taskflow_api.py
[2024-03-24T08:44:22.274+0000] {logging_mixin.py:120} INFO - [2024-03-24T08:44:22.273+0000] {dag.py:2585} INFO - Sync 1 DAGs
[2024-03-24T08:44:22.320+0000] {logging_mixin.py:120} INFO - [2024-03-24T08:44:22.319+0000] {dag.py:3340} INFO - Setting next_dagrun for tutorial_taskflow_api to None, run_after=None
[2024-03-24T08:44:22.356+0000] {processor.py:176} INFO - Processing /home/airflow/.local/lib/python3.7/site-packages/airflow/example_dags/tutorial_taskflow_api.py took 0.223 seconds
[2024-03-24T08:44:52.414+0000] {processor.py:154} INFO - Started process (PID=1638) to work on /home/airflow/.local/lib/python3.7/site-packages/airflow/example_dags/tutorial_taskflow_api.py
[2024-03-24T08:44:52.417+0000] {processor.py:756} INFO - Processing file /home/airflow/.local/lib/python3.7/site-packages/airflow/example_dags/tutorial_taskflow_api.py for tasks to queue
[2024-03-24T08:44:52.421+0000] {logging_mixin.py:120} INFO - [2024-03-24T08:44:52.419+0000] {dagbag.py:537} INFO - Filling up the DagBag from /home/airflow/.local/lib/python3.7/site-packages/airflow/example_dags/tutorial_taskflow_api.py
[2024-03-24T08:44:52.478+0000] {processor.py:766} INFO - DAG(s) dict_keys(['tutorial_taskflow_api']) retrieved from /home/airflow/.local/lib/python3.7/site-packages/airflow/example_dags/tutorial_taskflow_api.py
[2024-03-24T08:44:52.589+0000] {logging_mixin.py:120} INFO - [2024-03-24T08:44:52.589+0000] {dag.py:2585} INFO - Sync 1 DAGs
[2024-03-24T08:44:52.657+0000] {logging_mixin.py:120} INFO - [2024-03-24T08:44:52.657+0000] {dag.py:3340} INFO - Setting next_dagrun for tutorial_taskflow_api to None, run_after=None
[2024-03-24T08:44:52.699+0000] {processor.py:176} INFO - Processing /home/airflow/.local/lib/python3.7/site-packages/airflow/example_dags/tutorial_taskflow_api.py took 0.295 seconds
[2024-03-24T08:45:22.778+0000] {processor.py:154} INFO - Started process (PID=1702) to work on /home/airflow/.local/lib/python3.7/site-packages/airflow/example_dags/tutorial_taskflow_api.py
[2024-03-24T08:45:22.781+0000] {processor.py:756} INFO - Processing file /home/airflow/.local/lib/python3.7/site-packages/airflow/example_dags/tutorial_taskflow_api.py for tasks to queue
[2024-03-24T08:45:22.784+0000] {logging_mixin.py:120} INFO - [2024-03-24T08:45:22.783+0000] {dagbag.py:537} INFO - Filling up the DagBag from /home/airflow/.local/lib/python3.7/site-packages/airflow/example_dags/tutorial_taskflow_api.py
[2024-03-24T08:45:22.828+0000] {processor.py:766} INFO - DAG(s) dict_keys(['tutorial_taskflow_api']) retrieved from /home/airflow/.local/lib/python3.7/site-packages/airflow/example_dags/tutorial_taskflow_api.py
[2024-03-24T08:45:22.946+0000] {logging_mixin.py:120} INFO - [2024-03-24T08:45:22.945+0000] {dag.py:2585} INFO - Sync 1 DAGs
[2024-03-24T08:45:23.009+0000] {logging_mixin.py:120} INFO - [2024-03-24T08:45:23.009+0000] {dag.py:3340} INFO - Setting next_dagrun for tutorial_taskflow_api to None, run_after=None
[2024-03-24T08:45:23.054+0000] {processor.py:176} INFO - Processing /home/airflow/.local/lib/python3.7/site-packages/airflow/example_dags/tutorial_taskflow_api.py took 0.297 seconds
[2024-03-24T08:45:53.364+0000] {processor.py:154} INFO - Started process (PID=1755) to work on /home/airflow/.local/lib/python3.7/site-packages/airflow/example_dags/tutorial_taskflow_api.py
[2024-03-24T08:45:53.367+0000] {processor.py:756} INFO - Processing file /home/airflow/.local/lib/python3.7/site-packages/airflow/example_dags/tutorial_taskflow_api.py for tasks to queue
[2024-03-24T08:45:53.369+0000] {logging_mixin.py:120} INFO - [2024-03-24T08:45:53.369+0000] {dagbag.py:537} INFO - Filling up the DagBag from /home/airflow/.local/lib/python3.7/site-packages/airflow/example_dags/tutorial_taskflow_api.py
[2024-03-24T08:45:53.413+0000] {processor.py:766} INFO - DAG(s) dict_keys(['tutorial_taskflow_api']) retrieved from /home/airflow/.local/lib/python3.7/site-packages/airflow/example_dags/tutorial_taskflow_api.py
[2024-03-24T08:45:53.500+0000] {logging_mixin.py:120} INFO - [2024-03-24T08:45:53.500+0000] {dag.py:2585} INFO - Sync 1 DAGs
[2024-03-24T08:45:53.546+0000] {logging_mixin.py:120} INFO - [2024-03-24T08:45:53.546+0000] {dag.py:3340} INFO - Setting next_dagrun for tutorial_taskflow_api to None, run_after=None
[2024-03-24T08:45:53.586+0000] {processor.py:176} INFO - Processing /home/airflow/.local/lib/python3.7/site-packages/airflow/example_dags/tutorial_taskflow_api.py took 0.228 seconds
[2024-03-24T08:46:23.769+0000] {processor.py:154} INFO - Started process (PID=1819) to work on /home/airflow/.local/lib/python3.7/site-packages/airflow/example_dags/tutorial_taskflow_api.py
[2024-03-24T08:46:23.772+0000] {processor.py:756} INFO - Processing file /home/airflow/.local/lib/python3.7/site-packages/airflow/example_dags/tutorial_taskflow_api.py for tasks to queue
[2024-03-24T08:46:23.774+0000] {logging_mixin.py:120} INFO - [2024-03-24T08:46:23.774+0000] {dagbag.py:537} INFO - Filling up the DagBag from /home/airflow/.local/lib/python3.7/site-packages/airflow/example_dags/tutorial_taskflow_api.py
[2024-03-24T08:46:23.843+0000] {processor.py:766} INFO - DAG(s) dict_keys(['tutorial_taskflow_api']) retrieved from /home/airflow/.local/lib/python3.7/site-packages/airflow/example_dags/tutorial_taskflow_api.py
[2024-03-24T08:46:23.957+0000] {logging_mixin.py:120} INFO - [2024-03-24T08:46:23.957+0000] {dag.py:2585} INFO - Sync 1 DAGs
[2024-03-24T08:46:24.011+0000] {logging_mixin.py:120} INFO - [2024-03-24T08:46:24.010+0000] {dag.py:3340} INFO - Setting next_dagrun for tutorial_taskflow_api to None, run_after=None
[2024-03-24T08:46:24.057+0000] {processor.py:176} INFO - Processing /home/airflow/.local/lib/python3.7/site-packages/airflow/example_dags/tutorial_taskflow_api.py took 0.294 seconds
[2024-03-24T08:46:54.609+0000] {processor.py:154} INFO - Started process (PID=1873) to work on /home/airflow/.local/lib/python3.7/site-packages/airflow/example_dags/tutorial_taskflow_api.py
[2024-03-24T08:46:54.612+0000] {processor.py:756} INFO - Processing file /home/airflow/.local/lib/python3.7/site-packages/airflow/example_dags/tutorial_taskflow_api.py for tasks to queue
[2024-03-24T08:46:54.614+0000] {logging_mixin.py:120} INFO - [2024-03-24T08:46:54.614+0000] {dagbag.py:537} INFO - Filling up the DagBag from /home/airflow/.local/lib/python3.7/site-packages/airflow/example_dags/tutorial_taskflow_api.py
[2024-03-24T08:46:54.660+0000] {processor.py:766} INFO - DAG(s) dict_keys(['tutorial_taskflow_api']) retrieved from /home/airflow/.local/lib/python3.7/site-packages/airflow/example_dags/tutorial_taskflow_api.py
[2024-03-24T08:46:54.744+0000] {logging_mixin.py:120} INFO - [2024-03-24T08:46:54.744+0000] {dag.py:2585} INFO - Sync 1 DAGs
[2024-03-24T08:46:54.793+0000] {logging_mixin.py:120} INFO - [2024-03-24T08:46:54.793+0000] {dag.py:3340} INFO - Setting next_dagrun for tutorial_taskflow_api to None, run_after=None
[2024-03-24T08:46:54.835+0000] {processor.py:176} INFO - Processing /home/airflow/.local/lib/python3.7/site-packages/airflow/example_dags/tutorial_taskflow_api.py took 0.238 seconds
[2024-03-24T08:47:25.577+0000] {processor.py:154} INFO - Started process (PID=1936) to work on /home/airflow/.local/lib/python3.7/site-packages/airflow/example_dags/tutorial_taskflow_api.py
[2024-03-24T08:47:25.579+0000] {processor.py:756} INFO - Processing file /home/airflow/.local/lib/python3.7/site-packages/airflow/example_dags/tutorial_taskflow_api.py for tasks to queue
[2024-03-24T08:47:25.581+0000] {logging_mixin.py:120} INFO - [2024-03-24T08:47:25.581+0000] {dagbag.py:537} INFO - Filling up the DagBag from /home/airflow/.local/lib/python3.7/site-packages/airflow/example_dags/tutorial_taskflow_api.py
[2024-03-24T08:47:25.617+0000] {processor.py:766} INFO - DAG(s) dict_keys(['tutorial_taskflow_api']) retrieved from /home/airflow/.local/lib/python3.7/site-packages/airflow/example_dags/tutorial_taskflow_api.py
[2024-03-24T08:47:25.709+0000] {logging_mixin.py:120} INFO - [2024-03-24T08:47:25.709+0000] {dag.py:2585} INFO - Sync 1 DAGs
[2024-03-24T08:47:25.765+0000] {logging_mixin.py:120} INFO - [2024-03-24T08:47:25.764+0000] {dag.py:3340} INFO - Setting next_dagrun for tutorial_taskflow_api to None, run_after=None
[2024-03-24T08:47:25.801+0000] {processor.py:176} INFO - Processing /home/airflow/.local/lib/python3.7/site-packages/airflow/example_dags/tutorial_taskflow_api.py took 0.230 seconds
[2024-03-24T08:47:56.027+0000] {processor.py:154} INFO - Started process (PID=1991) to work on /home/airflow/.local/lib/python3.7/site-packages/airflow/example_dags/tutorial_taskflow_api.py
[2024-03-24T08:47:56.029+0000] {processor.py:756} INFO - Processing file /home/airflow/.local/lib/python3.7/site-packages/airflow/example_dags/tutorial_taskflow_api.py for tasks to queue
[2024-03-24T08:47:56.030+0000] {logging_mixin.py:120} INFO - [2024-03-24T08:47:56.030+0000] {dagbag.py:537} INFO - Filling up the DagBag from /home/airflow/.local/lib/python3.7/site-packages/airflow/example_dags/tutorial_taskflow_api.py
[2024-03-24T08:47:56.063+0000] {processor.py:766} INFO - DAG(s) dict_keys(['tutorial_taskflow_api']) retrieved from /home/airflow/.local/lib/python3.7/site-packages/airflow/example_dags/tutorial_taskflow_api.py
[2024-03-24T08:47:56.129+0000] {logging_mixin.py:120} INFO - [2024-03-24T08:47:56.128+0000] {dag.py:2585} INFO - Sync 1 DAGs
[2024-03-24T08:47:56.172+0000] {logging_mixin.py:120} INFO - [2024-03-24T08:47:56.171+0000] {dag.py:3340} INFO - Setting next_dagrun for tutorial_taskflow_api to None, run_after=None
[2024-03-24T08:47:56.200+0000] {processor.py:176} INFO - Processing /home/airflow/.local/lib/python3.7/site-packages/airflow/example_dags/tutorial_taskflow_api.py took 0.180 seconds
[2024-03-24T08:48:26.477+0000] {processor.py:154} INFO - Started process (PID=2056) to work on /home/airflow/.local/lib/python3.7/site-packages/airflow/example_dags/tutorial_taskflow_api.py
[2024-03-24T08:48:26.481+0000] {processor.py:756} INFO - Processing file /home/airflow/.local/lib/python3.7/site-packages/airflow/example_dags/tutorial_taskflow_api.py for tasks to queue
[2024-03-24T08:48:26.485+0000] {logging_mixin.py:120} INFO - [2024-03-24T08:48:26.484+0000] {dagbag.py:537} INFO - Filling up the DagBag from /home/airflow/.local/lib/python3.7/site-packages/airflow/example_dags/tutorial_taskflow_api.py
[2024-03-24T08:48:26.533+0000] {processor.py:766} INFO - DAG(s) dict_keys(['tutorial_taskflow_api']) retrieved from /home/airflow/.local/lib/python3.7/site-packages/airflow/example_dags/tutorial_taskflow_api.py
[2024-03-24T08:48:26.604+0000] {logging_mixin.py:120} INFO - [2024-03-24T08:48:26.604+0000] {dag.py:2585} INFO - Sync 1 DAGs
[2024-03-24T08:48:26.660+0000] {logging_mixin.py:120} INFO - [2024-03-24T08:48:26.660+0000] {dag.py:3340} INFO - Setting next_dagrun for tutorial_taskflow_api to None, run_after=None
[2024-03-24T08:48:26.688+0000] {processor.py:176} INFO - Processing /home/airflow/.local/lib/python3.7/site-packages/airflow/example_dags/tutorial_taskflow_api.py took 0.219 seconds
[2024-03-24T08:48:56.811+0000] {processor.py:154} INFO - Started process (PID=2112) to work on /home/airflow/.local/lib/python3.7/site-packages/airflow/example_dags/tutorial_taskflow_api.py
[2024-03-24T08:48:56.815+0000] {processor.py:756} INFO - Processing file /home/airflow/.local/lib/python3.7/site-packages/airflow/example_dags/tutorial_taskflow_api.py for tasks to queue
[2024-03-24T08:48:56.818+0000] {logging_mixin.py:120} INFO - [2024-03-24T08:48:56.818+0000] {dagbag.py:537} INFO - Filling up the DagBag from /home/airflow/.local/lib/python3.7/site-packages/airflow/example_dags/tutorial_taskflow_api.py
[2024-03-24T08:48:56.868+0000] {processor.py:766} INFO - DAG(s) dict_keys(['tutorial_taskflow_api']) retrieved from /home/airflow/.local/lib/python3.7/site-packages/airflow/example_dags/tutorial_taskflow_api.py
[2024-03-24T08:48:56.970+0000] {logging_mixin.py:120} INFO - [2024-03-24T08:48:56.970+0000] {dag.py:2585} INFO - Sync 1 DAGs
[2024-03-24T08:48:57.065+0000] {logging_mixin.py:120} INFO - [2024-03-24T08:48:57.065+0000] {dag.py:3340} INFO - Setting next_dagrun for tutorial_taskflow_api to None, run_after=None
[2024-03-24T08:48:57.133+0000] {processor.py:176} INFO - Processing /home/airflow/.local/lib/python3.7/site-packages/airflow/example_dags/tutorial_taskflow_api.py took 0.331 seconds
[2024-03-24T08:49:27.395+0000] {processor.py:154} INFO - Started process (PID=2173) to work on /home/airflow/.local/lib/python3.7/site-packages/airflow/example_dags/tutorial_taskflow_api.py
[2024-03-24T08:49:27.407+0000] {processor.py:756} INFO - Processing file /home/airflow/.local/lib/python3.7/site-packages/airflow/example_dags/tutorial_taskflow_api.py for tasks to queue
[2024-03-24T08:49:27.409+0000] {logging_mixin.py:120} INFO - [2024-03-24T08:49:27.409+0000] {dagbag.py:537} INFO - Filling up the DagBag from /home/airflow/.local/lib/python3.7/site-packages/airflow/example_dags/tutorial_taskflow_api.py
[2024-03-24T08:49:27.518+0000] {processor.py:766} INFO - DAG(s) dict_keys(['tutorial_taskflow_api']) retrieved from /home/airflow/.local/lib/python3.7/site-packages/airflow/example_dags/tutorial_taskflow_api.py
[2024-03-24T08:49:27.656+0000] {logging_mixin.py:120} INFO - [2024-03-24T08:49:27.656+0000] {dag.py:2585} INFO - Sync 1 DAGs
[2024-03-24T08:49:27.729+0000] {logging_mixin.py:120} INFO - [2024-03-24T08:49:27.729+0000] {dag.py:3340} INFO - Setting next_dagrun for tutorial_taskflow_api to None, run_after=None
[2024-03-24T08:49:27.770+0000] {processor.py:176} INFO - Processing /home/airflow/.local/lib/python3.7/site-packages/airflow/example_dags/tutorial_taskflow_api.py took 0.404 seconds
[2024-03-24T08:49:58.195+0000] {processor.py:154} INFO - Started process (PID=2227) to work on /home/airflow/.local/lib/python3.7/site-packages/airflow/example_dags/tutorial_taskflow_api.py
[2024-03-24T08:49:58.197+0000] {processor.py:756} INFO - Processing file /home/airflow/.local/lib/python3.7/site-packages/airflow/example_dags/tutorial_taskflow_api.py for tasks to queue
[2024-03-24T08:49:58.199+0000] {logging_mixin.py:120} INFO - [2024-03-24T08:49:58.199+0000] {dagbag.py:537} INFO - Filling up the DagBag from /home/airflow/.local/lib/python3.7/site-packages/airflow/example_dags/tutorial_taskflow_api.py
[2024-03-24T08:49:58.253+0000] {processor.py:766} INFO - DAG(s) dict_keys(['tutorial_taskflow_api']) retrieved from /home/airflow/.local/lib/python3.7/site-packages/airflow/example_dags/tutorial_taskflow_api.py
[2024-03-24T08:49:58.370+0000] {logging_mixin.py:120} INFO - [2024-03-24T08:49:58.370+0000] {dag.py:2585} INFO - Sync 1 DAGs
[2024-03-24T08:49:58.445+0000] {logging_mixin.py:120} INFO - [2024-03-24T08:49:58.445+0000] {dag.py:3340} INFO - Setting next_dagrun for tutorial_taskflow_api to None, run_after=None
[2024-03-24T08:49:58.506+0000] {processor.py:176} INFO - Processing /home/airflow/.local/lib/python3.7/site-packages/airflow/example_dags/tutorial_taskflow_api.py took 0.321 seconds
[2024-03-24T08:50:28.662+0000] {processor.py:154} INFO - Started process (PID=2282) to work on /home/airflow/.local/lib/python3.7/site-packages/airflow/example_dags/tutorial_taskflow_api.py
[2024-03-24T08:50:28.665+0000] {processor.py:756} INFO - Processing file /home/airflow/.local/lib/python3.7/site-packages/airflow/example_dags/tutorial_taskflow_api.py for tasks to queue
[2024-03-24T08:50:28.668+0000] {logging_mixin.py:120} INFO - [2024-03-24T08:50:28.668+0000] {dagbag.py:537} INFO - Filling up the DagBag from /home/airflow/.local/lib/python3.7/site-packages/airflow/example_dags/tutorial_taskflow_api.py
[2024-03-24T08:50:28.710+0000] {processor.py:766} INFO - DAG(s) dict_keys(['tutorial_taskflow_api']) retrieved from /home/airflow/.local/lib/python3.7/site-packages/airflow/example_dags/tutorial_taskflow_api.py
[2024-03-24T08:50:28.790+0000] {logging_mixin.py:120} INFO - [2024-03-24T08:50:28.790+0000] {dag.py:2585} INFO - Sync 1 DAGs
[2024-03-24T08:50:28.837+0000] {logging_mixin.py:120} INFO - [2024-03-24T08:50:28.837+0000] {dag.py:3340} INFO - Setting next_dagrun for tutorial_taskflow_api to None, run_after=None
[2024-03-24T08:50:28.872+0000] {processor.py:176} INFO - Processing /home/airflow/.local/lib/python3.7/site-packages/airflow/example_dags/tutorial_taskflow_api.py took 0.217 seconds
[2024-03-24T08:50:59.328+0000] {processor.py:154} INFO - Started process (PID=2345) to work on /home/airflow/.local/lib/python3.7/site-packages/airflow/example_dags/tutorial_taskflow_api.py
[2024-03-24T08:50:59.331+0000] {processor.py:756} INFO - Processing file /home/airflow/.local/lib/python3.7/site-packages/airflow/example_dags/tutorial_taskflow_api.py for tasks to queue
[2024-03-24T08:50:59.333+0000] {logging_mixin.py:120} INFO - [2024-03-24T08:50:59.333+0000] {dagbag.py:537} INFO - Filling up the DagBag from /home/airflow/.local/lib/python3.7/site-packages/airflow/example_dags/tutorial_taskflow_api.py
[2024-03-24T08:50:59.379+0000] {processor.py:766} INFO - DAG(s) dict_keys(['tutorial_taskflow_api']) retrieved from /home/airflow/.local/lib/python3.7/site-packages/airflow/example_dags/tutorial_taskflow_api.py
[2024-03-24T08:50:59.456+0000] {logging_mixin.py:120} INFO - [2024-03-24T08:50:59.456+0000] {dag.py:2585} INFO - Sync 1 DAGs
[2024-03-24T08:50:59.502+0000] {logging_mixin.py:120} INFO - [2024-03-24T08:50:59.502+0000] {dag.py:3340} INFO - Setting next_dagrun for tutorial_taskflow_api to None, run_after=None
[2024-03-24T08:50:59.538+0000] {processor.py:176} INFO - Processing /home/airflow/.local/lib/python3.7/site-packages/airflow/example_dags/tutorial_taskflow_api.py took 0.219 seconds
[2024-03-24T08:51:30.082+0000] {processor.py:154} INFO - Started process (PID=2399) to work on /home/airflow/.local/lib/python3.7/site-packages/airflow/example_dags/tutorial_taskflow_api.py
[2024-03-24T08:51:30.090+0000] {processor.py:756} INFO - Processing file /home/airflow/.local/lib/python3.7/site-packages/airflow/example_dags/tutorial_taskflow_api.py for tasks to queue
[2024-03-24T08:51:30.095+0000] {logging_mixin.py:120} INFO - [2024-03-24T08:51:30.094+0000] {dagbag.py:537} INFO - Filling up the DagBag from /home/airflow/.local/lib/python3.7/site-packages/airflow/example_dags/tutorial_taskflow_api.py
[2024-03-24T08:51:30.163+0000] {processor.py:766} INFO - DAG(s) dict_keys(['tutorial_taskflow_api']) retrieved from /home/airflow/.local/lib/python3.7/site-packages/airflow/example_dags/tutorial_taskflow_api.py
[2024-03-24T08:51:30.239+0000] {logging_mixin.py:120} INFO - [2024-03-24T08:51:30.238+0000] {dag.py:2585} INFO - Sync 1 DAGs
[2024-03-24T08:51:30.293+0000] {logging_mixin.py:120} INFO - [2024-03-24T08:51:30.293+0000] {dag.py:3340} INFO - Setting next_dagrun for tutorial_taskflow_api to None, run_after=None
[2024-03-24T08:51:30.330+0000] {processor.py:176} INFO - Processing /home/airflow/.local/lib/python3.7/site-packages/airflow/example_dags/tutorial_taskflow_api.py took 0.253 seconds
[2024-03-24T08:52:00.417+0000] {processor.py:154} INFO - Started process (PID=2461) to work on /home/airflow/.local/lib/python3.7/site-packages/airflow/example_dags/tutorial_taskflow_api.py
[2024-03-24T08:52:00.421+0000] {processor.py:756} INFO - Processing file /home/airflow/.local/lib/python3.7/site-packages/airflow/example_dags/tutorial_taskflow_api.py for tasks to queue
[2024-03-24T08:52:00.424+0000] {logging_mixin.py:120} INFO - [2024-03-24T08:52:00.424+0000] {dagbag.py:537} INFO - Filling up the DagBag from /home/airflow/.local/lib/python3.7/site-packages/airflow/example_dags/tutorial_taskflow_api.py
[2024-03-24T08:52:00.484+0000] {processor.py:766} INFO - DAG(s) dict_keys(['tutorial_taskflow_api']) retrieved from /home/airflow/.local/lib/python3.7/site-packages/airflow/example_dags/tutorial_taskflow_api.py
[2024-03-24T08:52:00.623+0000] {logging_mixin.py:120} INFO - [2024-03-24T08:52:00.622+0000] {dag.py:2585} INFO - Sync 1 DAGs
[2024-03-24T08:52:00.698+0000] {logging_mixin.py:120} INFO - [2024-03-24T08:52:00.698+0000] {dag.py:3340} INFO - Setting next_dagrun for tutorial_taskflow_api to None, run_after=None
[2024-03-24T08:52:00.741+0000] {processor.py:176} INFO - Processing /home/airflow/.local/lib/python3.7/site-packages/airflow/example_dags/tutorial_taskflow_api.py took 0.335 seconds
[2024-03-24T08:52:31.192+0000] {processor.py:154} INFO - Started process (PID=2515) to work on /home/airflow/.local/lib/python3.7/site-packages/airflow/example_dags/tutorial_taskflow_api.py
[2024-03-24T08:52:31.194+0000] {processor.py:756} INFO - Processing file /home/airflow/.local/lib/python3.7/site-packages/airflow/example_dags/tutorial_taskflow_api.py for tasks to queue
[2024-03-24T08:52:31.197+0000] {logging_mixin.py:120} INFO - [2024-03-24T08:52:31.196+0000] {dagbag.py:537} INFO - Filling up the DagBag from /home/airflow/.local/lib/python3.7/site-packages/airflow/example_dags/tutorial_taskflow_api.py
[2024-03-24T08:52:31.256+0000] {processor.py:766} INFO - DAG(s) dict_keys(['tutorial_taskflow_api']) retrieved from /home/airflow/.local/lib/python3.7/site-packages/airflow/example_dags/tutorial_taskflow_api.py
[2024-03-24T08:52:31.370+0000] {logging_mixin.py:120} INFO - [2024-03-24T08:52:31.369+0000] {dag.py:2585} INFO - Sync 1 DAGs
[2024-03-24T08:52:31.442+0000] {logging_mixin.py:120} INFO - [2024-03-24T08:52:31.441+0000] {dag.py:3340} INFO - Setting next_dagrun for tutorial_taskflow_api to None, run_after=None
[2024-03-24T08:52:31.513+0000] {processor.py:176} INFO - Processing /home/airflow/.local/lib/python3.7/site-packages/airflow/example_dags/tutorial_taskflow_api.py took 0.334 seconds
[2024-03-24T08:53:01.738+0000] {processor.py:154} INFO - Started process (PID=2578) to work on /home/airflow/.local/lib/python3.7/site-packages/airflow/example_dags/tutorial_taskflow_api.py
[2024-03-24T08:53:01.743+0000] {processor.py:756} INFO - Processing file /home/airflow/.local/lib/python3.7/site-packages/airflow/example_dags/tutorial_taskflow_api.py for tasks to queue
[2024-03-24T08:53:01.745+0000] {logging_mixin.py:120} INFO - [2024-03-24T08:53:01.745+0000] {dagbag.py:537} INFO - Filling up the DagBag from /home/airflow/.local/lib/python3.7/site-packages/airflow/example_dags/tutorial_taskflow_api.py
[2024-03-24T08:53:01.798+0000] {processor.py:766} INFO - DAG(s) dict_keys(['tutorial_taskflow_api']) retrieved from /home/airflow/.local/lib/python3.7/site-packages/airflow/example_dags/tutorial_taskflow_api.py
[2024-03-24T08:53:01.888+0000] {logging_mixin.py:120} INFO - [2024-03-24T08:53:01.888+0000] {dag.py:2585} INFO - Sync 1 DAGs
[2024-03-24T08:53:01.935+0000] {logging_mixin.py:120} INFO - [2024-03-24T08:53:01.935+0000] {dag.py:3340} INFO - Setting next_dagrun for tutorial_taskflow_api to None, run_after=None
[2024-03-24T08:53:01.973+0000] {processor.py:176} INFO - Processing /home/airflow/.local/lib/python3.7/site-packages/airflow/example_dags/tutorial_taskflow_api.py took 0.244 seconds
[2024-03-24T08:53:32.062+0000] {processor.py:154} INFO - Started process (PID=2631) to work on /home/airflow/.local/lib/python3.7/site-packages/airflow/example_dags/tutorial_taskflow_api.py
[2024-03-24T08:53:32.064+0000] {processor.py:756} INFO - Processing file /home/airflow/.local/lib/python3.7/site-packages/airflow/example_dags/tutorial_taskflow_api.py for tasks to queue
[2024-03-24T08:53:32.067+0000] {logging_mixin.py:120} INFO - [2024-03-24T08:53:32.066+0000] {dagbag.py:537} INFO - Filling up the DagBag from /home/airflow/.local/lib/python3.7/site-packages/airflow/example_dags/tutorial_taskflow_api.py
[2024-03-24T08:53:32.118+0000] {processor.py:766} INFO - DAG(s) dict_keys(['tutorial_taskflow_api']) retrieved from /home/airflow/.local/lib/python3.7/site-packages/airflow/example_dags/tutorial_taskflow_api.py
[2024-03-24T08:53:32.198+0000] {logging_mixin.py:120} INFO - [2024-03-24T08:53:32.198+0000] {dag.py:2585} INFO - Sync 1 DAGs
[2024-03-24T08:53:32.242+0000] {logging_mixin.py:120} INFO - [2024-03-24T08:53:32.241+0000] {dag.py:3340} INFO - Setting next_dagrun for tutorial_taskflow_api to None, run_after=None
[2024-03-24T08:53:32.288+0000] {processor.py:176} INFO - Processing /home/airflow/.local/lib/python3.7/site-packages/airflow/example_dags/tutorial_taskflow_api.py took 0.249 seconds
[2024-03-24T08:54:02.593+0000] {processor.py:154} INFO - Started process (PID=2694) to work on /home/airflow/.local/lib/python3.7/site-packages/airflow/example_dags/tutorial_taskflow_api.py
[2024-03-24T08:54:02.598+0000] {processor.py:756} INFO - Processing file /home/airflow/.local/lib/python3.7/site-packages/airflow/example_dags/tutorial_taskflow_api.py for tasks to queue
[2024-03-24T08:54:02.602+0000] {logging_mixin.py:120} INFO - [2024-03-24T08:54:02.602+0000] {dagbag.py:537} INFO - Filling up the DagBag from /home/airflow/.local/lib/python3.7/site-packages/airflow/example_dags/tutorial_taskflow_api.py
[2024-03-24T08:54:02.647+0000] {processor.py:766} INFO - DAG(s) dict_keys(['tutorial_taskflow_api']) retrieved from /home/airflow/.local/lib/python3.7/site-packages/airflow/example_dags/tutorial_taskflow_api.py
[2024-03-24T08:54:02.754+0000] {logging_mixin.py:120} INFO - [2024-03-24T08:54:02.753+0000] {dag.py:2585} INFO - Sync 1 DAGs
[2024-03-24T08:54:02.825+0000] {logging_mixin.py:120} INFO - [2024-03-24T08:54:02.825+0000] {dag.py:3340} INFO - Setting next_dagrun for tutorial_taskflow_api to None, run_after=None
[2024-03-24T08:54:02.872+0000] {processor.py:176} INFO - Processing /home/airflow/.local/lib/python3.7/site-packages/airflow/example_dags/tutorial_taskflow_api.py took 0.290 seconds
[2024-03-24T08:54:32.926+0000] {processor.py:154} INFO - Started process (PID=2747) to work on /home/airflow/.local/lib/python3.7/site-packages/airflow/example_dags/tutorial_taskflow_api.py
[2024-03-24T08:54:32.929+0000] {processor.py:756} INFO - Processing file /home/airflow/.local/lib/python3.7/site-packages/airflow/example_dags/tutorial_taskflow_api.py for tasks to queue
[2024-03-24T08:54:32.932+0000] {logging_mixin.py:120} INFO - [2024-03-24T08:54:32.932+0000] {dagbag.py:537} INFO - Filling up the DagBag from /home/airflow/.local/lib/python3.7/site-packages/airflow/example_dags/tutorial_taskflow_api.py
[2024-03-24T08:54:32.975+0000] {processor.py:766} INFO - DAG(s) dict_keys(['tutorial_taskflow_api']) retrieved from /home/airflow/.local/lib/python3.7/site-packages/airflow/example_dags/tutorial_taskflow_api.py
[2024-03-24T08:54:33.057+0000] {logging_mixin.py:120} INFO - [2024-03-24T08:54:33.057+0000] {dag.py:2585} INFO - Sync 1 DAGs
[2024-03-24T08:54:33.113+0000] {logging_mixin.py:120} INFO - [2024-03-24T08:54:33.113+0000] {dag.py:3340} INFO - Setting next_dagrun for tutorial_taskflow_api to None, run_after=None
[2024-03-24T08:54:33.156+0000] {processor.py:176} INFO - Processing /home/airflow/.local/lib/python3.7/site-packages/airflow/example_dags/tutorial_taskflow_api.py took 0.241 seconds
[2024-03-24T08:55:03.317+0000] {processor.py:154} INFO - Started process (PID=2810) to work on /home/airflow/.local/lib/python3.7/site-packages/airflow/example_dags/tutorial_taskflow_api.py
[2024-03-24T08:55:03.326+0000] {processor.py:756} INFO - Processing file /home/airflow/.local/lib/python3.7/site-packages/airflow/example_dags/tutorial_taskflow_api.py for tasks to queue
[2024-03-24T08:55:03.329+0000] {logging_mixin.py:120} INFO - [2024-03-24T08:55:03.329+0000] {dagbag.py:537} INFO - Filling up the DagBag from /home/airflow/.local/lib/python3.7/site-packages/airflow/example_dags/tutorial_taskflow_api.py
[2024-03-24T08:55:03.442+0000] {processor.py:766} INFO - DAG(s) dict_keys(['tutorial_taskflow_api']) retrieved from /home/airflow/.local/lib/python3.7/site-packages/airflow/example_dags/tutorial_taskflow_api.py
[2024-03-24T08:55:03.641+0000] {logging_mixin.py:120} INFO - [2024-03-24T08:55:03.637+0000] {dag.py:2585} INFO - Sync 1 DAGs
[2024-03-24T08:55:03.766+0000] {logging_mixin.py:120} INFO - [2024-03-24T08:55:03.765+0000] {dag.py:3340} INFO - Setting next_dagrun for tutorial_taskflow_api to None, run_after=None
[2024-03-24T08:55:03.977+0000] {processor.py:176} INFO - Processing /home/airflow/.local/lib/python3.7/site-packages/airflow/example_dags/tutorial_taskflow_api.py took 0.677 seconds
[2024-03-24T08:55:34.565+0000] {processor.py:154} INFO - Started process (PID=2872) to work on /home/airflow/.local/lib/python3.7/site-packages/airflow/example_dags/tutorial_taskflow_api.py
[2024-03-24T08:55:34.568+0000] {processor.py:756} INFO - Processing file /home/airflow/.local/lib/python3.7/site-packages/airflow/example_dags/tutorial_taskflow_api.py for tasks to queue
[2024-03-24T08:55:34.569+0000] {logging_mixin.py:120} INFO - [2024-03-24T08:55:34.569+0000] {dagbag.py:537} INFO - Filling up the DagBag from /home/airflow/.local/lib/python3.7/site-packages/airflow/example_dags/tutorial_taskflow_api.py
[2024-03-24T08:55:34.607+0000] {processor.py:766} INFO - DAG(s) dict_keys(['tutorial_taskflow_api']) retrieved from /home/airflow/.local/lib/python3.7/site-packages/airflow/example_dags/tutorial_taskflow_api.py
[2024-03-24T08:55:34.687+0000] {logging_mixin.py:120} INFO - [2024-03-24T08:55:34.686+0000] {dag.py:2585} INFO - Sync 1 DAGs
[2024-03-24T08:55:34.731+0000] {logging_mixin.py:120} INFO - [2024-03-24T08:55:34.731+0000] {dag.py:3340} INFO - Setting next_dagrun for tutorial_taskflow_api to None, run_after=None
[2024-03-24T08:55:34.764+0000] {processor.py:176} INFO - Processing /home/airflow/.local/lib/python3.7/site-packages/airflow/example_dags/tutorial_taskflow_api.py took 0.207 seconds
[2024-03-24T08:56:05.046+0000] {processor.py:154} INFO - Started process (PID=2926) to work on /home/airflow/.local/lib/python3.7/site-packages/airflow/example_dags/tutorial_taskflow_api.py
[2024-03-24T08:56:05.049+0000] {processor.py:756} INFO - Processing file /home/airflow/.local/lib/python3.7/site-packages/airflow/example_dags/tutorial_taskflow_api.py for tasks to queue
[2024-03-24T08:56:05.051+0000] {logging_mixin.py:120} INFO - [2024-03-24T08:56:05.051+0000] {dagbag.py:537} INFO - Filling up the DagBag from /home/airflow/.local/lib/python3.7/site-packages/airflow/example_dags/tutorial_taskflow_api.py
[2024-03-24T08:56:05.096+0000] {processor.py:766} INFO - DAG(s) dict_keys(['tutorial_taskflow_api']) retrieved from /home/airflow/.local/lib/python3.7/site-packages/airflow/example_dags/tutorial_taskflow_api.py
[2024-03-24T08:56:05.180+0000] {logging_mixin.py:120} INFO - [2024-03-24T08:56:05.180+0000] {dag.py:2585} INFO - Sync 1 DAGs
[2024-03-24T08:56:05.234+0000] {logging_mixin.py:120} INFO - [2024-03-24T08:56:05.234+0000] {dag.py:3340} INFO - Setting next_dagrun for tutorial_taskflow_api to None, run_after=None
[2024-03-24T08:56:05.273+0000] {processor.py:176} INFO - Processing /home/airflow/.local/lib/python3.7/site-packages/airflow/example_dags/tutorial_taskflow_api.py took 0.236 seconds
[2024-03-24T08:56:35.968+0000] {processor.py:154} INFO - Started process (PID=2989) to work on /home/airflow/.local/lib/python3.7/site-packages/airflow/example_dags/tutorial_taskflow_api.py
[2024-03-24T08:56:35.971+0000] {processor.py:756} INFO - Processing file /home/airflow/.local/lib/python3.7/site-packages/airflow/example_dags/tutorial_taskflow_api.py for tasks to queue
[2024-03-24T08:56:35.973+0000] {logging_mixin.py:120} INFO - [2024-03-24T08:56:35.973+0000] {dagbag.py:537} INFO - Filling up the DagBag from /home/airflow/.local/lib/python3.7/site-packages/airflow/example_dags/tutorial_taskflow_api.py
[2024-03-24T08:56:36.018+0000] {processor.py:766} INFO - DAG(s) dict_keys(['tutorial_taskflow_api']) retrieved from /home/airflow/.local/lib/python3.7/site-packages/airflow/example_dags/tutorial_taskflow_api.py
[2024-03-24T08:56:36.104+0000] {logging_mixin.py:120} INFO - [2024-03-24T08:56:36.104+0000] {dag.py:2585} INFO - Sync 1 DAGs
[2024-03-24T08:56:36.203+0000] {logging_mixin.py:120} INFO - [2024-03-24T08:56:36.203+0000] {dag.py:3340} INFO - Setting next_dagrun for tutorial_taskflow_api to None, run_after=None
[2024-03-24T08:56:36.242+0000] {processor.py:176} INFO - Processing /home/airflow/.local/lib/python3.7/site-packages/airflow/example_dags/tutorial_taskflow_api.py took 0.283 seconds
[2024-03-24T08:57:06.537+0000] {processor.py:154} INFO - Started process (PID=3044) to work on /home/airflow/.local/lib/python3.7/site-packages/airflow/example_dags/tutorial_taskflow_api.py
[2024-03-24T08:57:06.542+0000] {processor.py:756} INFO - Processing file /home/airflow/.local/lib/python3.7/site-packages/airflow/example_dags/tutorial_taskflow_api.py for tasks to queue
[2024-03-24T08:57:06.550+0000] {logging_mixin.py:120} INFO - [2024-03-24T08:57:06.549+0000] {dagbag.py:537} INFO - Filling up the DagBag from /home/airflow/.local/lib/python3.7/site-packages/airflow/example_dags/tutorial_taskflow_api.py
[2024-03-24T08:57:06.597+0000] {processor.py:766} INFO - DAG(s) dict_keys(['tutorial_taskflow_api']) retrieved from /home/airflow/.local/lib/python3.7/site-packages/airflow/example_dags/tutorial_taskflow_api.py
[2024-03-24T08:57:06.697+0000] {logging_mixin.py:120} INFO - [2024-03-24T08:57:06.696+0000] {dag.py:2585} INFO - Sync 1 DAGs
[2024-03-24T08:57:06.758+0000] {logging_mixin.py:120} INFO - [2024-03-24T08:57:06.757+0000] {dag.py:3340} INFO - Setting next_dagrun for tutorial_taskflow_api to None, run_after=None
[2024-03-24T08:57:06.803+0000] {processor.py:176} INFO - Processing /home/airflow/.local/lib/python3.7/site-packages/airflow/example_dags/tutorial_taskflow_api.py took 0.272 seconds
[2024-03-24T08:57:37.314+0000] {processor.py:154} INFO - Started process (PID=3108) to work on /home/airflow/.local/lib/python3.7/site-packages/airflow/example_dags/tutorial_taskflow_api.py
[2024-03-24T08:57:37.316+0000] {processor.py:756} INFO - Processing file /home/airflow/.local/lib/python3.7/site-packages/airflow/example_dags/tutorial_taskflow_api.py for tasks to queue
[2024-03-24T08:57:37.318+0000] {logging_mixin.py:120} INFO - [2024-03-24T08:57:37.318+0000] {dagbag.py:537} INFO - Filling up the DagBag from /home/airflow/.local/lib/python3.7/site-packages/airflow/example_dags/tutorial_taskflow_api.py
[2024-03-24T08:57:37.367+0000] {processor.py:766} INFO - DAG(s) dict_keys(['tutorial_taskflow_api']) retrieved from /home/airflow/.local/lib/python3.7/site-packages/airflow/example_dags/tutorial_taskflow_api.py
[2024-03-24T08:57:37.448+0000] {logging_mixin.py:120} INFO - [2024-03-24T08:57:37.448+0000] {dag.py:2585} INFO - Sync 1 DAGs
[2024-03-24T08:57:37.517+0000] {logging_mixin.py:120} INFO - [2024-03-24T08:57:37.517+0000] {dag.py:3340} INFO - Setting next_dagrun for tutorial_taskflow_api to None, run_after=None
[2024-03-24T08:57:37.575+0000] {processor.py:176} INFO - Processing /home/airflow/.local/lib/python3.7/site-packages/airflow/example_dags/tutorial_taskflow_api.py took 0.271 seconds
[2024-03-24T08:58:07.708+0000] {processor.py:154} INFO - Started process (PID=3171) to work on /home/airflow/.local/lib/python3.7/site-packages/airflow/example_dags/tutorial_taskflow_api.py
[2024-03-24T08:58:07.711+0000] {processor.py:756} INFO - Processing file /home/airflow/.local/lib/python3.7/site-packages/airflow/example_dags/tutorial_taskflow_api.py for tasks to queue
[2024-03-24T08:58:07.714+0000] {logging_mixin.py:120} INFO - [2024-03-24T08:58:07.713+0000] {dagbag.py:537} INFO - Filling up the DagBag from /home/airflow/.local/lib/python3.7/site-packages/airflow/example_dags/tutorial_taskflow_api.py
[2024-03-24T08:58:07.763+0000] {processor.py:766} INFO - DAG(s) dict_keys(['tutorial_taskflow_api']) retrieved from /home/airflow/.local/lib/python3.7/site-packages/airflow/example_dags/tutorial_taskflow_api.py
[2024-03-24T08:58:07.868+0000] {logging_mixin.py:120} INFO - [2024-03-24T08:58:07.868+0000] {dag.py:2585} INFO - Sync 1 DAGs
[2024-03-24T08:58:07.940+0000] {logging_mixin.py:120} INFO - [2024-03-24T08:58:07.940+0000] {dag.py:3340} INFO - Setting next_dagrun for tutorial_taskflow_api to None, run_after=None
[2024-03-24T08:58:07.991+0000] {processor.py:176} INFO - Processing /home/airflow/.local/lib/python3.7/site-packages/airflow/example_dags/tutorial_taskflow_api.py took 0.295 seconds
[2024-03-24T08:58:38.144+0000] {processor.py:154} INFO - Started process (PID=3227) to work on /home/airflow/.local/lib/python3.7/site-packages/airflow/example_dags/tutorial_taskflow_api.py
[2024-03-24T08:58:38.147+0000] {processor.py:756} INFO - Processing file /home/airflow/.local/lib/python3.7/site-packages/airflow/example_dags/tutorial_taskflow_api.py for tasks to queue
[2024-03-24T08:58:38.152+0000] {logging_mixin.py:120} INFO - [2024-03-24T08:58:38.151+0000] {dagbag.py:537} INFO - Filling up the DagBag from /home/airflow/.local/lib/python3.7/site-packages/airflow/example_dags/tutorial_taskflow_api.py
[2024-03-24T08:58:38.248+0000] {processor.py:766} INFO - DAG(s) dict_keys(['tutorial_taskflow_api']) retrieved from /home/airflow/.local/lib/python3.7/site-packages/airflow/example_dags/tutorial_taskflow_api.py
[2024-03-24T08:58:38.390+0000] {logging_mixin.py:120} INFO - [2024-03-24T08:58:38.390+0000] {dag.py:2585} INFO - Sync 1 DAGs
[2024-03-24T08:58:38.458+0000] {logging_mixin.py:120} INFO - [2024-03-24T08:58:38.457+0000] {dag.py:3340} INFO - Setting next_dagrun for tutorial_taskflow_api to None, run_after=None
[2024-03-24T08:58:38.501+0000] {processor.py:176} INFO - Processing /home/airflow/.local/lib/python3.7/site-packages/airflow/example_dags/tutorial_taskflow_api.py took 0.371 seconds
[2024-03-24T08:59:09.128+0000] {processor.py:154} INFO - Started process (PID=3287) to work on /home/airflow/.local/lib/python3.7/site-packages/airflow/example_dags/tutorial_taskflow_api.py
[2024-03-24T08:59:09.133+0000] {processor.py:756} INFO - Processing file /home/airflow/.local/lib/python3.7/site-packages/airflow/example_dags/tutorial_taskflow_api.py for tasks to queue
[2024-03-24T08:59:09.137+0000] {logging_mixin.py:120} INFO - [2024-03-24T08:59:09.136+0000] {dagbag.py:537} INFO - Filling up the DagBag from /home/airflow/.local/lib/python3.7/site-packages/airflow/example_dags/tutorial_taskflow_api.py
[2024-03-24T08:59:09.217+0000] {processor.py:766} INFO - DAG(s) dict_keys(['tutorial_taskflow_api']) retrieved from /home/airflow/.local/lib/python3.7/site-packages/airflow/example_dags/tutorial_taskflow_api.py
[2024-03-24T08:59:09.509+0000] {logging_mixin.py:120} INFO - [2024-03-24T08:59:09.507+0000] {dag.py:2585} INFO - Sync 1 DAGs
[2024-03-24T08:59:09.639+0000] {logging_mixin.py:120} INFO - [2024-03-24T08:59:09.639+0000] {dag.py:3340} INFO - Setting next_dagrun for tutorial_taskflow_api to None, run_after=None
[2024-03-24T08:59:09.730+0000] {processor.py:176} INFO - Processing /home/airflow/.local/lib/python3.7/site-packages/airflow/example_dags/tutorial_taskflow_api.py took 0.625 seconds
[2024-03-24T08:59:39.928+0000] {processor.py:154} INFO - Started process (PID=3343) to work on /home/airflow/.local/lib/python3.7/site-packages/airflow/example_dags/tutorial_taskflow_api.py
[2024-03-24T08:59:39.931+0000] {processor.py:756} INFO - Processing file /home/airflow/.local/lib/python3.7/site-packages/airflow/example_dags/tutorial_taskflow_api.py for tasks to queue
[2024-03-24T08:59:39.933+0000] {logging_mixin.py:120} INFO - [2024-03-24T08:59:39.932+0000] {dagbag.py:537} INFO - Filling up the DagBag from /home/airflow/.local/lib/python3.7/site-packages/airflow/example_dags/tutorial_taskflow_api.py
[2024-03-24T08:59:39.994+0000] {processor.py:766} INFO - DAG(s) dict_keys(['tutorial_taskflow_api']) retrieved from /home/airflow/.local/lib/python3.7/site-packages/airflow/example_dags/tutorial_taskflow_api.py
[2024-03-24T08:59:40.388+0000] {logging_mixin.py:120} INFO - [2024-03-24T08:59:40.388+0000] {dag.py:2585} INFO - Sync 1 DAGs
[2024-03-24T08:59:40.466+0000] {logging_mixin.py:120} INFO - [2024-03-24T08:59:40.466+0000] {dag.py:3340} INFO - Setting next_dagrun for tutorial_taskflow_api to None, run_after=None
[2024-03-24T08:59:40.526+0000] {processor.py:176} INFO - Processing /home/airflow/.local/lib/python3.7/site-packages/airflow/example_dags/tutorial_taskflow_api.py took 0.605 seconds
[2024-03-24T09:00:10.693+0000] {processor.py:154} INFO - Started process (PID=3398) to work on /home/airflow/.local/lib/python3.7/site-packages/airflow/example_dags/tutorial_taskflow_api.py
[2024-03-24T09:00:10.697+0000] {processor.py:756} INFO - Processing file /home/airflow/.local/lib/python3.7/site-packages/airflow/example_dags/tutorial_taskflow_api.py for tasks to queue
[2024-03-24T09:00:10.700+0000] {logging_mixin.py:120} INFO - [2024-03-24T09:00:10.700+0000] {dagbag.py:537} INFO - Filling up the DagBag from /home/airflow/.local/lib/python3.7/site-packages/airflow/example_dags/tutorial_taskflow_api.py
[2024-03-24T09:00:10.759+0000] {processor.py:766} INFO - DAG(s) dict_keys(['tutorial_taskflow_api']) retrieved from /home/airflow/.local/lib/python3.7/site-packages/airflow/example_dags/tutorial_taskflow_api.py
[2024-03-24T09:00:10.873+0000] {logging_mixin.py:120} INFO - [2024-03-24T09:00:10.872+0000] {dag.py:2585} INFO - Sync 1 DAGs
[2024-03-24T09:00:11.007+0000] {logging_mixin.py:120} INFO - [2024-03-24T09:00:11.007+0000] {dag.py:3340} INFO - Setting next_dagrun for tutorial_taskflow_api to None, run_after=None
[2024-03-24T09:00:11.097+0000] {processor.py:176} INFO - Processing /home/airflow/.local/lib/python3.7/site-packages/airflow/example_dags/tutorial_taskflow_api.py took 0.415 seconds
[2024-03-24T09:00:41.454+0000] {processor.py:154} INFO - Started process (PID=3462) to work on /home/airflow/.local/lib/python3.7/site-packages/airflow/example_dags/tutorial_taskflow_api.py
[2024-03-24T09:00:41.459+0000] {processor.py:756} INFO - Processing file /home/airflow/.local/lib/python3.7/site-packages/airflow/example_dags/tutorial_taskflow_api.py for tasks to queue
[2024-03-24T09:00:41.461+0000] {logging_mixin.py:120} INFO - [2024-03-24T09:00:41.461+0000] {dagbag.py:537} INFO - Filling up the DagBag from /home/airflow/.local/lib/python3.7/site-packages/airflow/example_dags/tutorial_taskflow_api.py
[2024-03-24T09:00:41.528+0000] {processor.py:766} INFO - DAG(s) dict_keys(['tutorial_taskflow_api']) retrieved from /home/airflow/.local/lib/python3.7/site-packages/airflow/example_dags/tutorial_taskflow_api.py
[2024-03-24T09:00:41.681+0000] {logging_mixin.py:120} INFO - [2024-03-24T09:00:41.681+0000] {dag.py:2585} INFO - Sync 1 DAGs
[2024-03-24T09:00:41.737+0000] {logging_mixin.py:120} INFO - [2024-03-24T09:00:41.737+0000] {dag.py:3340} INFO - Setting next_dagrun for tutorial_taskflow_api to None, run_after=None
[2024-03-24T09:00:41.781+0000] {processor.py:176} INFO - Processing /home/airflow/.local/lib/python3.7/site-packages/airflow/example_dags/tutorial_taskflow_api.py took 0.336 seconds
[2024-03-24T09:01:12.232+0000] {processor.py:154} INFO - Started process (PID=3516) to work on /home/airflow/.local/lib/python3.7/site-packages/airflow/example_dags/tutorial_taskflow_api.py
[2024-03-24T09:01:12.237+0000] {processor.py:756} INFO - Processing file /home/airflow/.local/lib/python3.7/site-packages/airflow/example_dags/tutorial_taskflow_api.py for tasks to queue
[2024-03-24T09:01:12.239+0000] {logging_mixin.py:120} INFO - [2024-03-24T09:01:12.238+0000] {dagbag.py:537} INFO - Filling up the DagBag from /home/airflow/.local/lib/python3.7/site-packages/airflow/example_dags/tutorial_taskflow_api.py
[2024-03-24T09:01:12.286+0000] {processor.py:766} INFO - DAG(s) dict_keys(['tutorial_taskflow_api']) retrieved from /home/airflow/.local/lib/python3.7/site-packages/airflow/example_dags/tutorial_taskflow_api.py
[2024-03-24T09:01:12.418+0000] {logging_mixin.py:120} INFO - [2024-03-24T09:01:12.418+0000] {dag.py:2585} INFO - Sync 1 DAGs
[2024-03-24T09:01:12.487+0000] {logging_mixin.py:120} INFO - [2024-03-24T09:01:12.487+0000] {dag.py:3340} INFO - Setting next_dagrun for tutorial_taskflow_api to None, run_after=None
[2024-03-24T09:01:12.556+0000] {processor.py:176} INFO - Processing /home/airflow/.local/lib/python3.7/site-packages/airflow/example_dags/tutorial_taskflow_api.py took 0.330 seconds
[2024-03-24T09:01:43.271+0000] {processor.py:154} INFO - Started process (PID=3579) to work on /home/airflow/.local/lib/python3.7/site-packages/airflow/example_dags/tutorial_taskflow_api.py
[2024-03-24T09:01:43.274+0000] {processor.py:756} INFO - Processing file /home/airflow/.local/lib/python3.7/site-packages/airflow/example_dags/tutorial_taskflow_api.py for tasks to queue
[2024-03-24T09:01:43.277+0000] {logging_mixin.py:120} INFO - [2024-03-24T09:01:43.276+0000] {dagbag.py:537} INFO - Filling up the DagBag from /home/airflow/.local/lib/python3.7/site-packages/airflow/example_dags/tutorial_taskflow_api.py
[2024-03-24T09:01:43.325+0000] {processor.py:766} INFO - DAG(s) dict_keys(['tutorial_taskflow_api']) retrieved from /home/airflow/.local/lib/python3.7/site-packages/airflow/example_dags/tutorial_taskflow_api.py
[2024-03-24T09:01:43.409+0000] {logging_mixin.py:120} INFO - [2024-03-24T09:01:43.408+0000] {dag.py:2585} INFO - Sync 1 DAGs
[2024-03-24T09:01:43.462+0000] {logging_mixin.py:120} INFO - [2024-03-24T09:01:43.461+0000] {dag.py:3340} INFO - Setting next_dagrun for tutorial_taskflow_api to None, run_after=None
[2024-03-24T09:01:43.503+0000] {processor.py:176} INFO - Processing /home/airflow/.local/lib/python3.7/site-packages/airflow/example_dags/tutorial_taskflow_api.py took 0.241 seconds
[2024-03-24T09:02:13.952+0000] {processor.py:154} INFO - Started process (PID=3633) to work on /home/airflow/.local/lib/python3.7/site-packages/airflow/example_dags/tutorial_taskflow_api.py
[2024-03-24T09:02:13.957+0000] {processor.py:756} INFO - Processing file /home/airflow/.local/lib/python3.7/site-packages/airflow/example_dags/tutorial_taskflow_api.py for tasks to queue
[2024-03-24T09:02:13.960+0000] {logging_mixin.py:120} INFO - [2024-03-24T09:02:13.960+0000] {dagbag.py:537} INFO - Filling up the DagBag from /home/airflow/.local/lib/python3.7/site-packages/airflow/example_dags/tutorial_taskflow_api.py
[2024-03-24T09:02:14.015+0000] {processor.py:766} INFO - DAG(s) dict_keys(['tutorial_taskflow_api']) retrieved from /home/airflow/.local/lib/python3.7/site-packages/airflow/example_dags/tutorial_taskflow_api.py
[2024-03-24T09:02:14.095+0000] {logging_mixin.py:120} INFO - [2024-03-24T09:02:14.095+0000] {dag.py:2585} INFO - Sync 1 DAGs
[2024-03-24T09:02:14.158+0000] {logging_mixin.py:120} INFO - [2024-03-24T09:02:14.158+0000] {dag.py:3340} INFO - Setting next_dagrun for tutorial_taskflow_api to None, run_after=None
[2024-03-24T09:02:14.210+0000] {processor.py:176} INFO - Processing /home/airflow/.local/lib/python3.7/site-packages/airflow/example_dags/tutorial_taskflow_api.py took 0.269 seconds
[2024-03-24T09:02:44.612+0000] {processor.py:154} INFO - Started process (PID=3695) to work on /home/airflow/.local/lib/python3.7/site-packages/airflow/example_dags/tutorial_taskflow_api.py
[2024-03-24T09:02:44.615+0000] {processor.py:756} INFO - Processing file /home/airflow/.local/lib/python3.7/site-packages/airflow/example_dags/tutorial_taskflow_api.py for tasks to queue
[2024-03-24T09:02:44.617+0000] {logging_mixin.py:120} INFO - [2024-03-24T09:02:44.616+0000] {dagbag.py:537} INFO - Filling up the DagBag from /home/airflow/.local/lib/python3.7/site-packages/airflow/example_dags/tutorial_taskflow_api.py
[2024-03-24T09:02:44.665+0000] {processor.py:766} INFO - DAG(s) dict_keys(['tutorial_taskflow_api']) retrieved from /home/airflow/.local/lib/python3.7/site-packages/airflow/example_dags/tutorial_taskflow_api.py
[2024-03-24T09:02:44.762+0000] {logging_mixin.py:120} INFO - [2024-03-24T09:02:44.762+0000] {dag.py:2585} INFO - Sync 1 DAGs
[2024-03-24T09:02:44.819+0000] {logging_mixin.py:120} INFO - [2024-03-24T09:02:44.819+0000] {dag.py:3340} INFO - Setting next_dagrun for tutorial_taskflow_api to None, run_after=None
[2024-03-24T09:02:44.861+0000] {processor.py:176} INFO - Processing /home/airflow/.local/lib/python3.7/site-packages/airflow/example_dags/tutorial_taskflow_api.py took 0.257 seconds
[2024-03-24T09:03:15.082+0000] {processor.py:154} INFO - Started process (PID=3749) to work on /home/airflow/.local/lib/python3.7/site-packages/airflow/example_dags/tutorial_taskflow_api.py
[2024-03-24T09:03:15.089+0000] {processor.py:756} INFO - Processing file /home/airflow/.local/lib/python3.7/site-packages/airflow/example_dags/tutorial_taskflow_api.py for tasks to queue
[2024-03-24T09:03:15.100+0000] {logging_mixin.py:120} INFO - [2024-03-24T09:03:15.093+0000] {dagbag.py:537} INFO - Filling up the DagBag from /home/airflow/.local/lib/python3.7/site-packages/airflow/example_dags/tutorial_taskflow_api.py
[2024-03-24T09:03:15.184+0000] {processor.py:766} INFO - DAG(s) dict_keys(['tutorial_taskflow_api']) retrieved from /home/airflow/.local/lib/python3.7/site-packages/airflow/example_dags/tutorial_taskflow_api.py
[2024-03-24T09:03:15.300+0000] {logging_mixin.py:120} INFO - [2024-03-24T09:03:15.300+0000] {dag.py:2585} INFO - Sync 1 DAGs
[2024-03-24T09:03:15.359+0000] {logging_mixin.py:120} INFO - [2024-03-24T09:03:15.359+0000] {dag.py:3340} INFO - Setting next_dagrun for tutorial_taskflow_api to None, run_after=None
[2024-03-24T09:03:15.392+0000] {processor.py:176} INFO - Processing /home/airflow/.local/lib/python3.7/site-packages/airflow/example_dags/tutorial_taskflow_api.py took 0.324 seconds
[2024-03-24T09:03:46.202+0000] {processor.py:154} INFO - Started process (PID=3812) to work on /home/airflow/.local/lib/python3.7/site-packages/airflow/example_dags/tutorial_taskflow_api.py
[2024-03-24T09:03:46.204+0000] {processor.py:756} INFO - Processing file /home/airflow/.local/lib/python3.7/site-packages/airflow/example_dags/tutorial_taskflow_api.py for tasks to queue
[2024-03-24T09:03:46.206+0000] {logging_mixin.py:120} INFO - [2024-03-24T09:03:46.206+0000] {dagbag.py:537} INFO - Filling up the DagBag from /home/airflow/.local/lib/python3.7/site-packages/airflow/example_dags/tutorial_taskflow_api.py
[2024-03-24T09:03:46.245+0000] {processor.py:766} INFO - DAG(s) dict_keys(['tutorial_taskflow_api']) retrieved from /home/airflow/.local/lib/python3.7/site-packages/airflow/example_dags/tutorial_taskflow_api.py
[2024-03-24T09:03:46.320+0000] {logging_mixin.py:120} INFO - [2024-03-24T09:03:46.320+0000] {dag.py:2585} INFO - Sync 1 DAGs
[2024-03-24T09:03:46.366+0000] {logging_mixin.py:120} INFO - [2024-03-24T09:03:46.366+0000] {dag.py:3340} INFO - Setting next_dagrun for tutorial_taskflow_api to None, run_after=None
[2024-03-24T09:03:46.400+0000] {processor.py:176} INFO - Processing /home/airflow/.local/lib/python3.7/site-packages/airflow/example_dags/tutorial_taskflow_api.py took 0.207 seconds
[2024-03-24T09:04:16.561+0000] {processor.py:154} INFO - Started process (PID=3866) to work on /home/airflow/.local/lib/python3.7/site-packages/airflow/example_dags/tutorial_taskflow_api.py
[2024-03-24T09:04:16.563+0000] {processor.py:756} INFO - Processing file /home/airflow/.local/lib/python3.7/site-packages/airflow/example_dags/tutorial_taskflow_api.py for tasks to queue
[2024-03-24T09:04:16.565+0000] {logging_mixin.py:120} INFO - [2024-03-24T09:04:16.565+0000] {dagbag.py:537} INFO - Filling up the DagBag from /home/airflow/.local/lib/python3.7/site-packages/airflow/example_dags/tutorial_taskflow_api.py
[2024-03-24T09:04:16.610+0000] {processor.py:766} INFO - DAG(s) dict_keys(['tutorial_taskflow_api']) retrieved from /home/airflow/.local/lib/python3.7/site-packages/airflow/example_dags/tutorial_taskflow_api.py
[2024-03-24T09:04:16.682+0000] {logging_mixin.py:120} INFO - [2024-03-24T09:04:16.682+0000] {dag.py:2585} INFO - Sync 1 DAGs
[2024-03-24T09:04:16.723+0000] {logging_mixin.py:120} INFO - [2024-03-24T09:04:16.722+0000] {dag.py:3340} INFO - Setting next_dagrun for tutorial_taskflow_api to None, run_after=None
[2024-03-24T09:04:16.752+0000] {processor.py:176} INFO - Processing /home/airflow/.local/lib/python3.7/site-packages/airflow/example_dags/tutorial_taskflow_api.py took 0.199 seconds
[2024-03-24T09:04:47.136+0000] {processor.py:154} INFO - Started process (PID=3929) to work on /home/airflow/.local/lib/python3.7/site-packages/airflow/example_dags/tutorial_taskflow_api.py
[2024-03-24T09:04:47.139+0000] {processor.py:756} INFO - Processing file /home/airflow/.local/lib/python3.7/site-packages/airflow/example_dags/tutorial_taskflow_api.py for tasks to queue
[2024-03-24T09:04:47.141+0000] {logging_mixin.py:120} INFO - [2024-03-24T09:04:47.141+0000] {dagbag.py:537} INFO - Filling up the DagBag from /home/airflow/.local/lib/python3.7/site-packages/airflow/example_dags/tutorial_taskflow_api.py
[2024-03-24T09:04:47.180+0000] {processor.py:766} INFO - DAG(s) dict_keys(['tutorial_taskflow_api']) retrieved from /home/airflow/.local/lib/python3.7/site-packages/airflow/example_dags/tutorial_taskflow_api.py
[2024-03-24T09:04:47.257+0000] {logging_mixin.py:120} INFO - [2024-03-24T09:04:47.257+0000] {dag.py:2585} INFO - Sync 1 DAGs
[2024-03-24T09:04:47.304+0000] {logging_mixin.py:120} INFO - [2024-03-24T09:04:47.304+0000] {dag.py:3340} INFO - Setting next_dagrun for tutorial_taskflow_api to None, run_after=None
[2024-03-24T09:04:47.342+0000] {processor.py:176} INFO - Processing /home/airflow/.local/lib/python3.7/site-packages/airflow/example_dags/tutorial_taskflow_api.py took 0.215 seconds
[2024-03-24T09:05:17.586+0000] {processor.py:154} INFO - Started process (PID=3984) to work on /home/airflow/.local/lib/python3.7/site-packages/airflow/example_dags/tutorial_taskflow_api.py
[2024-03-24T09:05:17.589+0000] {processor.py:756} INFO - Processing file /home/airflow/.local/lib/python3.7/site-packages/airflow/example_dags/tutorial_taskflow_api.py for tasks to queue
[2024-03-24T09:05:17.596+0000] {logging_mixin.py:120} INFO - [2024-03-24T09:05:17.596+0000] {dagbag.py:537} INFO - Filling up the DagBag from /home/airflow/.local/lib/python3.7/site-packages/airflow/example_dags/tutorial_taskflow_api.py
[2024-03-24T09:05:17.667+0000] {processor.py:766} INFO - DAG(s) dict_keys(['tutorial_taskflow_api']) retrieved from /home/airflow/.local/lib/python3.7/site-packages/airflow/example_dags/tutorial_taskflow_api.py
[2024-03-24T09:05:17.793+0000] {logging_mixin.py:120} INFO - [2024-03-24T09:05:17.793+0000] {dag.py:2585} INFO - Sync 1 DAGs
[2024-03-24T09:05:17.885+0000] {logging_mixin.py:120} INFO - [2024-03-24T09:05:17.884+0000] {dag.py:3340} INFO - Setting next_dagrun for tutorial_taskflow_api to None, run_after=None
[2024-03-24T09:05:17.931+0000] {processor.py:176} INFO - Processing /home/airflow/.local/lib/python3.7/site-packages/airflow/example_dags/tutorial_taskflow_api.py took 0.355 seconds
[2024-03-24T09:05:48.643+0000] {processor.py:154} INFO - Started process (PID=4048) to work on /home/airflow/.local/lib/python3.7/site-packages/airflow/example_dags/tutorial_taskflow_api.py
[2024-03-24T09:05:48.650+0000] {processor.py:756} INFO - Processing file /home/airflow/.local/lib/python3.7/site-packages/airflow/example_dags/tutorial_taskflow_api.py for tasks to queue
[2024-03-24T09:05:48.651+0000] {logging_mixin.py:120} INFO - [2024-03-24T09:05:48.651+0000] {dagbag.py:537} INFO - Filling up the DagBag from /home/airflow/.local/lib/python3.7/site-packages/airflow/example_dags/tutorial_taskflow_api.py
[2024-03-24T09:05:48.706+0000] {processor.py:766} INFO - DAG(s) dict_keys(['tutorial_taskflow_api']) retrieved from /home/airflow/.local/lib/python3.7/site-packages/airflow/example_dags/tutorial_taskflow_api.py
[2024-03-24T09:05:48.793+0000] {logging_mixin.py:120} INFO - [2024-03-24T09:05:48.793+0000] {dag.py:2585} INFO - Sync 1 DAGs
[2024-03-24T09:05:48.840+0000] {logging_mixin.py:120} INFO - [2024-03-24T09:05:48.839+0000] {dag.py:3340} INFO - Setting next_dagrun for tutorial_taskflow_api to None, run_after=None
[2024-03-24T09:05:48.885+0000] {processor.py:176} INFO - Processing /home/airflow/.local/lib/python3.7/site-packages/airflow/example_dags/tutorial_taskflow_api.py took 0.255 seconds
[2024-03-24T09:06:19.116+0000] {processor.py:154} INFO - Started process (PID=4102) to work on /home/airflow/.local/lib/python3.7/site-packages/airflow/example_dags/tutorial_taskflow_api.py
[2024-03-24T09:06:19.120+0000] {processor.py:756} INFO - Processing file /home/airflow/.local/lib/python3.7/site-packages/airflow/example_dags/tutorial_taskflow_api.py for tasks to queue
[2024-03-24T09:06:19.122+0000] {logging_mixin.py:120} INFO - [2024-03-24T09:06:19.122+0000] {dagbag.py:537} INFO - Filling up the DagBag from /home/airflow/.local/lib/python3.7/site-packages/airflow/example_dags/tutorial_taskflow_api.py
[2024-03-24T09:06:19.178+0000] {processor.py:766} INFO - DAG(s) dict_keys(['tutorial_taskflow_api']) retrieved from /home/airflow/.local/lib/python3.7/site-packages/airflow/example_dags/tutorial_taskflow_api.py
[2024-03-24T09:06:19.302+0000] {logging_mixin.py:120} INFO - [2024-03-24T09:06:19.302+0000] {dag.py:2585} INFO - Sync 1 DAGs
[2024-03-24T09:06:19.354+0000] {logging_mixin.py:120} INFO - [2024-03-24T09:06:19.354+0000] {dag.py:3340} INFO - Setting next_dagrun for tutorial_taskflow_api to None, run_after=None
[2024-03-24T09:06:19.393+0000] {processor.py:176} INFO - Processing /home/airflow/.local/lib/python3.7/site-packages/airflow/example_dags/tutorial_taskflow_api.py took 0.288 seconds
[2024-03-24T09:06:49.786+0000] {processor.py:154} INFO - Started process (PID=4166) to work on /home/airflow/.local/lib/python3.7/site-packages/airflow/example_dags/tutorial_taskflow_api.py
[2024-03-24T09:06:49.790+0000] {processor.py:756} INFO - Processing file /home/airflow/.local/lib/python3.7/site-packages/airflow/example_dags/tutorial_taskflow_api.py for tasks to queue
[2024-03-24T09:06:49.792+0000] {logging_mixin.py:120} INFO - [2024-03-24T09:06:49.792+0000] {dagbag.py:537} INFO - Filling up the DagBag from /home/airflow/.local/lib/python3.7/site-packages/airflow/example_dags/tutorial_taskflow_api.py
[2024-03-24T09:06:49.831+0000] {processor.py:766} INFO - DAG(s) dict_keys(['tutorial_taskflow_api']) retrieved from /home/airflow/.local/lib/python3.7/site-packages/airflow/example_dags/tutorial_taskflow_api.py
[2024-03-24T09:06:49.903+0000] {logging_mixin.py:120} INFO - [2024-03-24T09:06:49.903+0000] {dag.py:2585} INFO - Sync 1 DAGs
[2024-03-24T09:06:49.942+0000] {logging_mixin.py:120} INFO - [2024-03-24T09:06:49.942+0000] {dag.py:3340} INFO - Setting next_dagrun for tutorial_taskflow_api to None, run_after=None
[2024-03-24T09:06:49.978+0000] {processor.py:176} INFO - Processing /home/airflow/.local/lib/python3.7/site-packages/airflow/example_dags/tutorial_taskflow_api.py took 0.197 seconds
[2024-03-24T11:07:19.801+0000] {processor.py:154} INFO - Started process (PID=4236) to work on /home/airflow/.local/lib/python3.7/site-packages/airflow/example_dags/tutorial_taskflow_api.py
[2024-03-24T11:07:19.806+0000] {processor.py:756} INFO - Processing file /home/airflow/.local/lib/python3.7/site-packages/airflow/example_dags/tutorial_taskflow_api.py for tasks to queue
[2024-03-24T11:07:19.809+0000] {logging_mixin.py:120} INFO - [2024-03-24T11:07:19.809+0000] {dagbag.py:537} INFO - Filling up the DagBag from /home/airflow/.local/lib/python3.7/site-packages/airflow/example_dags/tutorial_taskflow_api.py
[2024-03-24T11:07:19.873+0000] {processor.py:766} INFO - DAG(s) dict_keys(['tutorial_taskflow_api']) retrieved from /home/airflow/.local/lib/python3.7/site-packages/airflow/example_dags/tutorial_taskflow_api.py
[2024-03-24T11:07:20.294+0000] {logging_mixin.py:120} INFO - [2024-03-24T11:07:20.293+0000] {dag.py:2585} INFO - Sync 1 DAGs
[2024-03-24T11:07:20.912+0000] {logging_mixin.py:120} INFO - [2024-03-24T11:07:20.908+0000] {dag.py:3340} INFO - Setting next_dagrun for tutorial_taskflow_api to None, run_after=None
[2024-03-24T11:07:21.272+0000] {processor.py:176} INFO - Processing /home/airflow/.local/lib/python3.7/site-packages/airflow/example_dags/tutorial_taskflow_api.py took 1.483 seconds
[2024-03-24T21:08:22.452+0000] {processor.py:154} INFO - Started process (PID=4280) to work on /home/airflow/.local/lib/python3.7/site-packages/airflow/example_dags/tutorial_taskflow_api.py
[2024-03-24T21:08:22.458+0000] {processor.py:756} INFO - Processing file /home/airflow/.local/lib/python3.7/site-packages/airflow/example_dags/tutorial_taskflow_api.py for tasks to queue
[2024-03-24T21:08:22.462+0000] {logging_mixin.py:120} INFO - [2024-03-24T21:08:22.461+0000] {dagbag.py:537} INFO - Filling up the DagBag from /home/airflow/.local/lib/python3.7/site-packages/airflow/example_dags/tutorial_taskflow_api.py
[2024-03-24T21:08:22.511+0000] {processor.py:766} INFO - DAG(s) dict_keys(['tutorial_taskflow_api']) retrieved from /home/airflow/.local/lib/python3.7/site-packages/airflow/example_dags/tutorial_taskflow_api.py
[2024-03-24T21:08:22.600+0000] {logging_mixin.py:120} INFO - [2024-03-24T21:08:22.600+0000] {dag.py:2585} INFO - Sync 1 DAGs
[2024-03-24T21:08:22.664+0000] {logging_mixin.py:120} INFO - [2024-03-24T21:08:22.664+0000] {dag.py:3340} INFO - Setting next_dagrun for tutorial_taskflow_api to None, run_after=None
[2024-03-24T21:08:22.707+0000] {processor.py:176} INFO - Processing /home/airflow/.local/lib/python3.7/site-packages/airflow/example_dags/tutorial_taskflow_api.py took 0.262 seconds
