[2024-04-08T16:08:16.952+0000] {taskinstance.py:1165} INFO - Dependencies all met for <TaskInstance: parallel_dag.extract_b scheduled__2024-04-06T00:00:00+00:00 [queued]>
[2024-04-08T16:08:17.392+0000] {taskinstance.py:1165} INFO - Dependencies all met for <TaskInstance: parallel_dag.extract_b scheduled__2024-04-06T00:00:00+00:00 [queued]>
[2024-04-08T16:08:17.408+0000] {taskinstance.py:1362} INFO - 
--------------------------------------------------------------------------------
[2024-04-08T16:08:17.419+0000] {taskinstance.py:1363} INFO - Starting attempt 1 of 1
[2024-04-08T16:08:17.420+0000] {taskinstance.py:1364} INFO - 
--------------------------------------------------------------------------------
[2024-04-08T16:08:17.906+0000] {taskinstance.py:1383} INFO - Executing <Task(BashOperator): extract_b> on 2024-04-06 00:00:00+00:00
[2024-04-08T16:08:18.287+0000] {standard_task_runner.py:55} INFO - Started process 7874 to run task
[2024-04-08T16:08:18.490+0000] {standard_task_runner.py:82} INFO - Running: ['***', 'tasks', 'run', 'parallel_dag', 'extract_b', 'scheduled__2024-04-06T00:00:00+00:00', '--job-id', '135', '--raw', '--subdir', 'DAGS_FOLDER/parallel_dag.py', '--cfg-path', '/tmp/tmp14wq25fd']
[2024-04-08T16:08:18.514+0000] {standard_task_runner.py:83} INFO - Job 135: Subtask extract_b
[2024-04-08T16:08:21.376+0000] {task_command.py:376} INFO - Running <TaskInstance: parallel_dag.extract_b scheduled__2024-04-06T00:00:00+00:00 [running]> on host a868c0c748e3
[2024-04-08T16:08:17.728+0000] {taskinstance.py:1592} INFO - Exporting the following env vars:
AIRFLOW_CTX_DAG_OWNER=***
AIRFLOW_CTX_DAG_ID=parallel_dag
AIRFLOW_CTX_TASK_ID=extract_b
AIRFLOW_CTX_EXECUTION_DATE=2024-04-06T00:00:00+00:00
AIRFLOW_CTX_TRY_NUMBER=1
AIRFLOW_CTX_DAG_RUN_ID=scheduled__2024-04-06T00:00:00+00:00
[2024-04-08T16:08:17.746+0000] {subprocess.py:63} INFO - Tmp dir root location: 
 /tmp
[2024-04-08T16:08:17.756+0000] {subprocess.py:75} INFO - Running command: ['/bin/bash', '-c', 'sleep 1']
[2024-04-08T16:08:17.948+0000] {subprocess.py:86} INFO - Output:
[2024-04-08T16:08:19.413+0000] {subprocess.py:97} INFO - Command exited with return code 0
[2024-04-08T16:08:20.856+0000] {taskinstance.py:1406} INFO - Marking task as SUCCESS. dag_id=parallel_dag, task_id=extract_b, execution_date=20240406T000000, start_date=20240408T160817, end_date=20240408T160820
[2024-04-08T16:08:23.212+0000] {local_task_job.py:164} INFO - Task exited with return code 0
[2024-04-08T16:08:23.780+0000] {local_task_job.py:273} INFO - 1 downstream tasks scheduled from follow-on schedule check
