[2024-03-24T08:54:46.786+0000] {taskinstance.py:1165} INFO - Dependencies all met for <TaskInstance: example_bash_operator.runme_1 scheduled__2024-03-23T00:00:00+00:00 [queued]>
[2024-03-24T08:54:47.159+0000] {taskinstance.py:1165} INFO - Dependencies all met for <TaskInstance: example_bash_operator.runme_1 scheduled__2024-03-23T00:00:00+00:00 [queued]>
[2024-03-24T08:54:47.161+0000] {taskinstance.py:1362} INFO - 
--------------------------------------------------------------------------------
[2024-03-24T08:54:47.168+0000] {taskinstance.py:1363} INFO - Starting attempt 1 of 1
[2024-03-24T08:54:47.171+0000] {taskinstance.py:1364} INFO - 
--------------------------------------------------------------------------------
[2024-03-24T08:54:47.540+0000] {taskinstance.py:1383} INFO - Executing <Task(BashOperator): runme_1> on 2024-03-23 00:00:00+00:00
[2024-03-24T08:54:47.694+0000] {standard_task_runner.py:55} INFO - Started process 1104 to run task
[2024-03-24T08:54:47.768+0000] {standard_task_runner.py:82} INFO - Running: ['***', 'tasks', 'run', 'example_bash_operator', 'runme_1', 'scheduled__2024-03-23T00:00:00+00:00', '--job-id', '7', '--raw', '--subdir', '/home/***/.local/lib/python3.7/site-packages/***/example_dags/example_bash_operator.py', '--cfg-path', '/tmp/tmpmja8ka1z']
[2024-03-24T08:54:47.775+0000] {standard_task_runner.py:83} INFO - Job 7: Subtask runme_1
[2024-03-24T08:54:48.494+0000] {task_command.py:376} INFO - Running <TaskInstance: example_bash_operator.runme_1 scheduled__2024-03-23T00:00:00+00:00 [running]> on host 0245ea477832
[2024-03-24T08:54:49.424+0000] {taskinstance.py:1592} INFO - Exporting the following env vars:
AIRFLOW_CTX_DAG_OWNER=***
AIRFLOW_CTX_DAG_ID=example_bash_operator
AIRFLOW_CTX_TASK_ID=runme_1
AIRFLOW_CTX_EXECUTION_DATE=2024-03-23T00:00:00+00:00
AIRFLOW_CTX_TRY_NUMBER=1
AIRFLOW_CTX_DAG_RUN_ID=scheduled__2024-03-23T00:00:00+00:00
[2024-03-24T08:54:49.506+0000] {subprocess.py:63} INFO - Tmp dir root location: 
 /tmp
[2024-03-24T08:54:49.591+0000] {subprocess.py:75} INFO - Running command: ['/bin/bash', '-c', 'echo "example_bash_operator__runme_1__20240323" && sleep 1']
[2024-03-24T08:54:49.813+0000] {subprocess.py:86} INFO - Output:
[2024-03-24T08:54:49.832+0000] {subprocess.py:93} INFO - example_bash_operator__runme_1__20240323
[2024-03-24T08:54:50.845+0000] {subprocess.py:97} INFO - Command exited with return code 0
[2024-03-24T08:54:50.998+0000] {taskinstance.py:1406} INFO - Marking task as SUCCESS. dag_id=example_bash_operator, task_id=runme_1, execution_date=20240323T000000, start_date=20240324T085446, end_date=20240324T085450
[2024-03-24T08:54:51.109+0000] {local_task_job.py:164} INFO - Task exited with return code 0
[2024-03-24T08:54:51.398+0000] {local_task_job.py:273} INFO - 0 downstream tasks scheduled from follow-on schedule check
