[2024-03-29T05:58:11.552+0000] {taskinstance.py:1165} INFO - Dependencies all met for <TaskInstance: user_processing.create_table manual__2024-03-29T05:58:09.858938+00:00 [queued]>
[2024-03-29T05:58:11.573+0000] {taskinstance.py:1165} INFO - Dependencies all met for <TaskInstance: user_processing.create_table manual__2024-03-29T05:58:09.858938+00:00 [queued]>
[2024-03-29T05:58:11.574+0000] {taskinstance.py:1362} INFO - 
--------------------------------------------------------------------------------
[2024-03-29T05:58:11.576+0000] {taskinstance.py:1363} INFO - Starting attempt 1 of 1
[2024-03-29T05:58:11.577+0000] {taskinstance.py:1364} INFO - 
--------------------------------------------------------------------------------
[2024-03-29T05:58:11.616+0000] {taskinstance.py:1383} INFO - Executing <Task(PostgresOperator): create_table> on 2024-03-29 05:58:09.858938+00:00
[2024-03-29T05:58:11.632+0000] {standard_task_runner.py:55} INFO - Started process 7701 to run task
[2024-03-29T05:58:11.640+0000] {standard_task_runner.py:82} INFO - Running: ['***', 'tasks', 'run', 'user_processing', 'create_table', 'manual__2024-03-29T05:58:09.858938+00:00', '--job-id', '49', '--raw', '--subdir', 'DAGS_FOLDER/user_processing.py', '--cfg-path', '/tmp/tmp6fd5qbk7']
[2024-03-29T05:58:11.641+0000] {standard_task_runner.py:83} INFO - Job 49: Subtask create_table
[2024-03-29T05:58:11.769+0000] {task_command.py:376} INFO - Running <TaskInstance: user_processing.create_table manual__2024-03-29T05:58:09.858938+00:00 [running]> on host 0245ea477832
[2024-03-29T05:58:11.941+0000] {taskinstance.py:1592} INFO - Exporting the following env vars:
AIRFLOW_CTX_DAG_OWNER=***
AIRFLOW_CTX_DAG_ID=user_processing
AIRFLOW_CTX_TASK_ID=create_table
AIRFLOW_CTX_EXECUTION_DATE=2024-03-29T05:58:09.858938+00:00
AIRFLOW_CTX_TRY_NUMBER=1
AIRFLOW_CTX_DAG_RUN_ID=manual__2024-03-29T05:58:09.858938+00:00
[2024-03-29T05:58:11.980+0000] {base.py:71} INFO - Using connection ID 'postgres' for task execution.
[2024-03-29T05:58:11.996+0000] {sql.py:315} INFO - Running statement: 
			CREATE TABLE IF NOT EXISTS users (
				firstname TEXT NOT NULL,
				lastname TEXT NOT NULL,
				country TEXT NOT NULL,
				username TEXT NOT NULL,
				password TEXT NOT NULL,
				email TEXT NOT NULL
			);
		, parameters: None
[2024-03-29T05:58:12.098+0000] {taskinstance.py:1406} INFO - Marking task as SUCCESS. dag_id=user_processing, task_id=create_table, execution_date=20240329T055809, start_date=20240329T055811, end_date=20240329T055812
[2024-03-29T05:58:12.152+0000] {local_task_job.py:164} INFO - Task exited with return code 0
[2024-03-29T05:58:12.202+0000] {local_task_job.py:273} INFO - 1 downstream tasks scheduled from follow-on schedule check
