[2024-04-15T15:40:17.433+0000] {processor.py:154} INFO - Started process (PID=18847) to work on /home/airflow/.local/lib/python3.7/site-packages/airflow/example_dags/example_xcom.py
[2024-04-15T15:40:17.454+0000] {processor.py:756} INFO - Processing file /home/airflow/.local/lib/python3.7/site-packages/airflow/example_dags/example_xcom.py for tasks to queue
[2024-04-15T15:40:17.463+0000] {logging_mixin.py:120} INFO - [2024-04-15T15:40:17.463+0000] {dagbag.py:537} INFO - Filling up the DagBag from /home/airflow/.local/lib/python3.7/site-packages/airflow/example_dags/example_xcom.py
[2024-04-15T15:40:17.710+0000] {processor.py:766} INFO - DAG(s) dict_keys(['example_xcom']) retrieved from /home/airflow/.local/lib/python3.7/site-packages/airflow/example_dags/example_xcom.py
[2024-04-15T15:40:18.378+0000] {logging_mixin.py:120} INFO - [2024-04-15T15:40:18.378+0000] {dag.py:2585} INFO - Sync 1 DAGs
[2024-04-15T15:40:18.630+0000] {logging_mixin.py:120} INFO - [2024-04-15T15:40:18.629+0000] {dag.py:3340} INFO - Setting next_dagrun for example_xcom to 2021-01-01T00:00:00+00:00, run_after=2021-01-01T00:00:00+00:00
[2024-04-15T15:40:18.740+0000] {processor.py:176} INFO - Processing /home/airflow/.local/lib/python3.7/site-packages/airflow/example_dags/example_xcom.py took 1.337 seconds
[2024-04-15T15:40:50.114+0000] {processor.py:154} INFO - Started process (PID=18915) to work on /home/airflow/.local/lib/python3.7/site-packages/airflow/example_dags/example_xcom.py
[2024-04-15T15:40:50.123+0000] {processor.py:756} INFO - Processing file /home/airflow/.local/lib/python3.7/site-packages/airflow/example_dags/example_xcom.py for tasks to queue
[2024-04-15T15:40:50.131+0000] {logging_mixin.py:120} INFO - [2024-04-15T15:40:50.130+0000] {dagbag.py:537} INFO - Filling up the DagBag from /home/airflow/.local/lib/python3.7/site-packages/airflow/example_dags/example_xcom.py
[2024-04-15T15:40:50.255+0000] {processor.py:766} INFO - DAG(s) dict_keys(['example_xcom']) retrieved from /home/airflow/.local/lib/python3.7/site-packages/airflow/example_dags/example_xcom.py
[2024-04-15T15:40:50.374+0000] {logging_mixin.py:120} INFO - [2024-04-15T15:40:50.374+0000] {dag.py:2585} INFO - Sync 1 DAGs
[2024-04-15T15:40:50.415+0000] {logging_mixin.py:120} INFO - [2024-04-15T15:40:50.414+0000] {dag.py:3340} INFO - Setting next_dagrun for example_xcom to 2021-01-01T00:00:00+00:00, run_after=2021-01-01T00:00:00+00:00
[2024-04-15T15:40:50.458+0000] {processor.py:176} INFO - Processing /home/airflow/.local/lib/python3.7/site-packages/airflow/example_dags/example_xcom.py took 0.379 seconds
[2024-04-15T15:41:20.838+0000] {processor.py:154} INFO - Started process (PID=18984) to work on /home/airflow/.local/lib/python3.7/site-packages/airflow/example_dags/example_xcom.py
[2024-04-15T15:41:20.840+0000] {processor.py:756} INFO - Processing file /home/airflow/.local/lib/python3.7/site-packages/airflow/example_dags/example_xcom.py for tasks to queue
[2024-04-15T15:41:20.842+0000] {logging_mixin.py:120} INFO - [2024-04-15T15:41:20.842+0000] {dagbag.py:537} INFO - Filling up the DagBag from /home/airflow/.local/lib/python3.7/site-packages/airflow/example_dags/example_xcom.py
[2024-04-15T15:41:20.895+0000] {processor.py:766} INFO - DAG(s) dict_keys(['example_xcom']) retrieved from /home/airflow/.local/lib/python3.7/site-packages/airflow/example_dags/example_xcom.py
[2024-04-15T15:41:20.972+0000] {logging_mixin.py:120} INFO - [2024-04-15T15:41:20.972+0000] {dag.py:2585} INFO - Sync 1 DAGs
[2024-04-15T15:41:21.019+0000] {logging_mixin.py:120} INFO - [2024-04-15T15:41:21.019+0000] {dag.py:3340} INFO - Setting next_dagrun for example_xcom to 2021-01-01T00:00:00+00:00, run_after=2021-01-01T00:00:00+00:00
[2024-04-15T15:41:21.066+0000] {processor.py:176} INFO - Processing /home/airflow/.local/lib/python3.7/site-packages/airflow/example_dags/example_xcom.py took 0.234 seconds
[2024-04-15T15:41:51.285+0000] {processor.py:154} INFO - Started process (PID=19061) to work on /home/airflow/.local/lib/python3.7/site-packages/airflow/example_dags/example_xcom.py
[2024-04-15T15:41:51.291+0000] {processor.py:756} INFO - Processing file /home/airflow/.local/lib/python3.7/site-packages/airflow/example_dags/example_xcom.py for tasks to queue
[2024-04-15T15:41:51.296+0000] {logging_mixin.py:120} INFO - [2024-04-15T15:41:51.296+0000] {dagbag.py:537} INFO - Filling up the DagBag from /home/airflow/.local/lib/python3.7/site-packages/airflow/example_dags/example_xcom.py
[2024-04-15T15:41:51.355+0000] {processor.py:766} INFO - DAG(s) dict_keys(['example_xcom']) retrieved from /home/airflow/.local/lib/python3.7/site-packages/airflow/example_dags/example_xcom.py
[2024-04-15T15:41:51.437+0000] {logging_mixin.py:120} INFO - [2024-04-15T15:41:51.437+0000] {dag.py:2585} INFO - Sync 1 DAGs
[2024-04-15T15:41:51.500+0000] {logging_mixin.py:120} INFO - [2024-04-15T15:41:51.500+0000] {dag.py:3340} INFO - Setting next_dagrun for example_xcom to 2021-01-01T00:00:00+00:00, run_after=2021-01-01T00:00:00+00:00
[2024-04-15T15:41:51.539+0000] {processor.py:176} INFO - Processing /home/airflow/.local/lib/python3.7/site-packages/airflow/example_dags/example_xcom.py took 0.269 seconds
[2024-04-15T15:42:21.672+0000] {processor.py:154} INFO - Started process (PID=19129) to work on /home/airflow/.local/lib/python3.7/site-packages/airflow/example_dags/example_xcom.py
[2024-04-15T15:42:21.674+0000] {processor.py:756} INFO - Processing file /home/airflow/.local/lib/python3.7/site-packages/airflow/example_dags/example_xcom.py for tasks to queue
[2024-04-15T15:42:21.675+0000] {logging_mixin.py:120} INFO - [2024-04-15T15:42:21.675+0000] {dagbag.py:537} INFO - Filling up the DagBag from /home/airflow/.local/lib/python3.7/site-packages/airflow/example_dags/example_xcom.py
[2024-04-15T15:42:21.718+0000] {processor.py:766} INFO - DAG(s) dict_keys(['example_xcom']) retrieved from /home/airflow/.local/lib/python3.7/site-packages/airflow/example_dags/example_xcom.py
[2024-04-15T15:42:21.795+0000] {logging_mixin.py:120} INFO - [2024-04-15T15:42:21.795+0000] {dag.py:2585} INFO - Sync 1 DAGs
[2024-04-15T15:42:21.833+0000] {logging_mixin.py:120} INFO - [2024-04-15T15:42:21.833+0000] {dag.py:3340} INFO - Setting next_dagrun for example_xcom to 2021-01-01T00:00:00+00:00, run_after=2021-01-01T00:00:00+00:00
[2024-04-15T15:42:21.865+0000] {processor.py:176} INFO - Processing /home/airflow/.local/lib/python3.7/site-packages/airflow/example_dags/example_xcom.py took 0.200 seconds
[2024-04-15T15:42:52.428+0000] {processor.py:154} INFO - Started process (PID=19209) to work on /home/airflow/.local/lib/python3.7/site-packages/airflow/example_dags/example_xcom.py
[2024-04-15T15:42:52.430+0000] {processor.py:756} INFO - Processing file /home/airflow/.local/lib/python3.7/site-packages/airflow/example_dags/example_xcom.py for tasks to queue
[2024-04-15T15:42:52.432+0000] {logging_mixin.py:120} INFO - [2024-04-15T15:42:52.432+0000] {dagbag.py:537} INFO - Filling up the DagBag from /home/airflow/.local/lib/python3.7/site-packages/airflow/example_dags/example_xcom.py
[2024-04-15T15:42:52.477+0000] {processor.py:766} INFO - DAG(s) dict_keys(['example_xcom']) retrieved from /home/airflow/.local/lib/python3.7/site-packages/airflow/example_dags/example_xcom.py
[2024-04-15T15:42:52.554+0000] {logging_mixin.py:120} INFO - [2024-04-15T15:42:52.554+0000] {dag.py:2585} INFO - Sync 1 DAGs
[2024-04-15T15:42:52.593+0000] {logging_mixin.py:120} INFO - [2024-04-15T15:42:52.593+0000] {dag.py:3340} INFO - Setting next_dagrun for example_xcom to 2021-01-01T00:00:00+00:00, run_after=2021-01-01T00:00:00+00:00
[2024-04-15T15:42:52.620+0000] {processor.py:176} INFO - Processing /home/airflow/.local/lib/python3.7/site-packages/airflow/example_dags/example_xcom.py took 0.206 seconds
[2024-04-15T15:43:23.307+0000] {processor.py:154} INFO - Started process (PID=19278) to work on /home/airflow/.local/lib/python3.7/site-packages/airflow/example_dags/example_xcom.py
[2024-04-15T15:43:23.309+0000] {processor.py:756} INFO - Processing file /home/airflow/.local/lib/python3.7/site-packages/airflow/example_dags/example_xcom.py for tasks to queue
[2024-04-15T15:43:23.311+0000] {logging_mixin.py:120} INFO - [2024-04-15T15:43:23.311+0000] {dagbag.py:537} INFO - Filling up the DagBag from /home/airflow/.local/lib/python3.7/site-packages/airflow/example_dags/example_xcom.py
[2024-04-15T15:43:23.385+0000] {processor.py:766} INFO - DAG(s) dict_keys(['example_xcom']) retrieved from /home/airflow/.local/lib/python3.7/site-packages/airflow/example_dags/example_xcom.py
[2024-04-15T15:43:23.486+0000] {logging_mixin.py:120} INFO - [2024-04-15T15:43:23.486+0000] {dag.py:2585} INFO - Sync 1 DAGs
[2024-04-15T15:43:23.527+0000] {logging_mixin.py:120} INFO - [2024-04-15T15:43:23.527+0000] {dag.py:3340} INFO - Setting next_dagrun for example_xcom to 2021-01-01T00:00:00+00:00, run_after=2021-01-01T00:00:00+00:00
[2024-04-15T15:43:23.567+0000] {processor.py:176} INFO - Processing /home/airflow/.local/lib/python3.7/site-packages/airflow/example_dags/example_xcom.py took 0.267 seconds
[2024-04-15T15:43:54.035+0000] {processor.py:154} INFO - Started process (PID=19356) to work on /home/airflow/.local/lib/python3.7/site-packages/airflow/example_dags/example_xcom.py
[2024-04-15T15:43:54.037+0000] {processor.py:756} INFO - Processing file /home/airflow/.local/lib/python3.7/site-packages/airflow/example_dags/example_xcom.py for tasks to queue
[2024-04-15T15:43:54.039+0000] {logging_mixin.py:120} INFO - [2024-04-15T15:43:54.038+0000] {dagbag.py:537} INFO - Filling up the DagBag from /home/airflow/.local/lib/python3.7/site-packages/airflow/example_dags/example_xcom.py
[2024-04-15T15:43:54.088+0000] {processor.py:766} INFO - DAG(s) dict_keys(['example_xcom']) retrieved from /home/airflow/.local/lib/python3.7/site-packages/airflow/example_dags/example_xcom.py
[2024-04-15T15:43:54.161+0000] {logging_mixin.py:120} INFO - [2024-04-15T15:43:54.161+0000] {dag.py:2585} INFO - Sync 1 DAGs
[2024-04-15T15:43:54.214+0000] {logging_mixin.py:120} INFO - [2024-04-15T15:43:54.214+0000] {dag.py:3340} INFO - Setting next_dagrun for example_xcom to 2021-01-01T00:00:00+00:00, run_after=2021-01-01T00:00:00+00:00
[2024-04-15T15:43:54.260+0000] {processor.py:176} INFO - Processing /home/airflow/.local/lib/python3.7/site-packages/airflow/example_dags/example_xcom.py took 0.233 seconds
[2024-04-15T15:44:24.475+0000] {processor.py:154} INFO - Started process (PID=19426) to work on /home/airflow/.local/lib/python3.7/site-packages/airflow/example_dags/example_xcom.py
[2024-04-15T15:44:24.477+0000] {processor.py:756} INFO - Processing file /home/airflow/.local/lib/python3.7/site-packages/airflow/example_dags/example_xcom.py for tasks to queue
[2024-04-15T15:44:24.480+0000] {logging_mixin.py:120} INFO - [2024-04-15T15:44:24.479+0000] {dagbag.py:537} INFO - Filling up the DagBag from /home/airflow/.local/lib/python3.7/site-packages/airflow/example_dags/example_xcom.py
[2024-04-15T15:44:24.557+0000] {processor.py:766} INFO - DAG(s) dict_keys(['example_xcom']) retrieved from /home/airflow/.local/lib/python3.7/site-packages/airflow/example_dags/example_xcom.py
[2024-04-15T15:44:24.657+0000] {logging_mixin.py:120} INFO - [2024-04-15T15:44:24.657+0000] {dag.py:2585} INFO - Sync 1 DAGs
[2024-04-15T15:44:24.717+0000] {logging_mixin.py:120} INFO - [2024-04-15T15:44:24.716+0000] {dag.py:3340} INFO - Setting next_dagrun for example_xcom to 2021-01-01T00:00:00+00:00, run_after=2021-01-01T00:00:00+00:00
[2024-04-15T15:44:24.758+0000] {processor.py:176} INFO - Processing /home/airflow/.local/lib/python3.7/site-packages/airflow/example_dags/example_xcom.py took 0.293 seconds
[2024-04-15T15:44:55.513+0000] {processor.py:154} INFO - Started process (PID=19504) to work on /home/airflow/.local/lib/python3.7/site-packages/airflow/example_dags/example_xcom.py
[2024-04-15T15:44:55.519+0000] {processor.py:756} INFO - Processing file /home/airflow/.local/lib/python3.7/site-packages/airflow/example_dags/example_xcom.py for tasks to queue
[2024-04-15T15:44:55.524+0000] {logging_mixin.py:120} INFO - [2024-04-15T15:44:55.523+0000] {dagbag.py:537} INFO - Filling up the DagBag from /home/airflow/.local/lib/python3.7/site-packages/airflow/example_dags/example_xcom.py
[2024-04-15T15:44:55.596+0000] {processor.py:766} INFO - DAG(s) dict_keys(['example_xcom']) retrieved from /home/airflow/.local/lib/python3.7/site-packages/airflow/example_dags/example_xcom.py
[2024-04-15T15:44:55.755+0000] {logging_mixin.py:120} INFO - [2024-04-15T15:44:55.754+0000] {dag.py:2585} INFO - Sync 1 DAGs
[2024-04-15T15:44:55.820+0000] {logging_mixin.py:120} INFO - [2024-04-15T15:44:55.819+0000] {dag.py:3340} INFO - Setting next_dagrun for example_xcom to 2021-01-01T00:00:00+00:00, run_after=2021-01-01T00:00:00+00:00
[2024-04-15T15:44:55.875+0000] {processor.py:176} INFO - Processing /home/airflow/.local/lib/python3.7/site-packages/airflow/example_dags/example_xcom.py took 0.376 seconds
[2024-04-15T15:45:26.784+0000] {processor.py:154} INFO - Started process (PID=19573) to work on /home/airflow/.local/lib/python3.7/site-packages/airflow/example_dags/example_xcom.py
[2024-04-15T15:45:26.795+0000] {processor.py:756} INFO - Processing file /home/airflow/.local/lib/python3.7/site-packages/airflow/example_dags/example_xcom.py for tasks to queue
[2024-04-15T15:45:26.797+0000] {logging_mixin.py:120} INFO - [2024-04-15T15:45:26.797+0000] {dagbag.py:537} INFO - Filling up the DagBag from /home/airflow/.local/lib/python3.7/site-packages/airflow/example_dags/example_xcom.py
[2024-04-15T15:45:26.853+0000] {processor.py:766} INFO - DAG(s) dict_keys(['example_xcom']) retrieved from /home/airflow/.local/lib/python3.7/site-packages/airflow/example_dags/example_xcom.py
[2024-04-15T15:45:26.951+0000] {logging_mixin.py:120} INFO - [2024-04-15T15:45:26.951+0000] {dag.py:2585} INFO - Sync 1 DAGs
[2024-04-15T15:45:26.998+0000] {logging_mixin.py:120} INFO - [2024-04-15T15:45:26.998+0000] {dag.py:3340} INFO - Setting next_dagrun for example_xcom to 2021-01-01T00:00:00+00:00, run_after=2021-01-01T00:00:00+00:00
[2024-04-15T15:45:27.051+0000] {processor.py:176} INFO - Processing /home/airflow/.local/lib/python3.7/site-packages/airflow/example_dags/example_xcom.py took 0.273 seconds
[2024-04-15T15:45:57.480+0000] {processor.py:154} INFO - Started process (PID=19651) to work on /home/airflow/.local/lib/python3.7/site-packages/airflow/example_dags/example_xcom.py
[2024-04-15T15:45:57.483+0000] {processor.py:756} INFO - Processing file /home/airflow/.local/lib/python3.7/site-packages/airflow/example_dags/example_xcom.py for tasks to queue
[2024-04-15T15:45:57.485+0000] {logging_mixin.py:120} INFO - [2024-04-15T15:45:57.485+0000] {dagbag.py:537} INFO - Filling up the DagBag from /home/airflow/.local/lib/python3.7/site-packages/airflow/example_dags/example_xcom.py
[2024-04-15T15:45:57.527+0000] {processor.py:766} INFO - DAG(s) dict_keys(['example_xcom']) retrieved from /home/airflow/.local/lib/python3.7/site-packages/airflow/example_dags/example_xcom.py
[2024-04-15T15:45:57.619+0000] {logging_mixin.py:120} INFO - [2024-04-15T15:45:57.618+0000] {dag.py:2585} INFO - Sync 1 DAGs
[2024-04-15T15:45:57.660+0000] {logging_mixin.py:120} INFO - [2024-04-15T15:45:57.660+0000] {dag.py:3340} INFO - Setting next_dagrun for example_xcom to 2021-01-01T00:00:00+00:00, run_after=2021-01-01T00:00:00+00:00
[2024-04-15T15:45:57.692+0000] {processor.py:176} INFO - Processing /home/airflow/.local/lib/python3.7/site-packages/airflow/example_dags/example_xcom.py took 0.219 seconds
[2024-04-15T15:46:28.117+0000] {processor.py:154} INFO - Started process (PID=19729) to work on /home/airflow/.local/lib/python3.7/site-packages/airflow/example_dags/example_xcom.py
[2024-04-15T15:46:28.120+0000] {processor.py:756} INFO - Processing file /home/airflow/.local/lib/python3.7/site-packages/airflow/example_dags/example_xcom.py for tasks to queue
[2024-04-15T15:46:28.123+0000] {logging_mixin.py:120} INFO - [2024-04-15T15:46:28.123+0000] {dagbag.py:537} INFO - Filling up the DagBag from /home/airflow/.local/lib/python3.7/site-packages/airflow/example_dags/example_xcom.py
[2024-04-15T15:46:28.193+0000] {processor.py:766} INFO - DAG(s) dict_keys(['example_xcom']) retrieved from /home/airflow/.local/lib/python3.7/site-packages/airflow/example_dags/example_xcom.py
[2024-04-15T15:46:28.262+0000] {logging_mixin.py:120} INFO - [2024-04-15T15:46:28.262+0000] {dag.py:2585} INFO - Sync 1 DAGs
[2024-04-15T15:46:28.307+0000] {logging_mixin.py:120} INFO - [2024-04-15T15:46:28.306+0000] {dag.py:3340} INFO - Setting next_dagrun for example_xcom to 2021-01-01T00:00:00+00:00, run_after=2021-01-01T00:00:00+00:00
[2024-04-15T15:46:28.347+0000] {processor.py:176} INFO - Processing /home/airflow/.local/lib/python3.7/site-packages/airflow/example_dags/example_xcom.py took 0.238 seconds
[2024-04-15T15:46:59.090+0000] {processor.py:154} INFO - Started process (PID=19798) to work on /home/airflow/.local/lib/python3.7/site-packages/airflow/example_dags/example_xcom.py
[2024-04-15T15:46:59.092+0000] {processor.py:756} INFO - Processing file /home/airflow/.local/lib/python3.7/site-packages/airflow/example_dags/example_xcom.py for tasks to queue
[2024-04-15T15:46:59.094+0000] {logging_mixin.py:120} INFO - [2024-04-15T15:46:59.094+0000] {dagbag.py:537} INFO - Filling up the DagBag from /home/airflow/.local/lib/python3.7/site-packages/airflow/example_dags/example_xcom.py
[2024-04-15T15:46:59.130+0000] {processor.py:766} INFO - DAG(s) dict_keys(['example_xcom']) retrieved from /home/airflow/.local/lib/python3.7/site-packages/airflow/example_dags/example_xcom.py
[2024-04-15T15:46:59.195+0000] {logging_mixin.py:120} INFO - [2024-04-15T15:46:59.195+0000] {dag.py:2585} INFO - Sync 1 DAGs
[2024-04-15T15:46:59.233+0000] {logging_mixin.py:120} INFO - [2024-04-15T15:46:59.232+0000] {dag.py:3340} INFO - Setting next_dagrun for example_xcom to 2021-01-01T00:00:00+00:00, run_after=2021-01-01T00:00:00+00:00
[2024-04-15T15:46:59.263+0000] {processor.py:176} INFO - Processing /home/airflow/.local/lib/python3.7/site-packages/airflow/example_dags/example_xcom.py took 0.178 seconds
[2024-04-15T15:47:29.583+0000] {processor.py:154} INFO - Started process (PID=19878) to work on /home/airflow/.local/lib/python3.7/site-packages/airflow/example_dags/example_xcom.py
[2024-04-15T15:47:29.585+0000] {processor.py:756} INFO - Processing file /home/airflow/.local/lib/python3.7/site-packages/airflow/example_dags/example_xcom.py for tasks to queue
[2024-04-15T15:47:29.589+0000] {logging_mixin.py:120} INFO - [2024-04-15T15:47:29.589+0000] {dagbag.py:537} INFO - Filling up the DagBag from /home/airflow/.local/lib/python3.7/site-packages/airflow/example_dags/example_xcom.py
[2024-04-15T15:47:29.628+0000] {processor.py:766} INFO - DAG(s) dict_keys(['example_xcom']) retrieved from /home/airflow/.local/lib/python3.7/site-packages/airflow/example_dags/example_xcom.py
[2024-04-15T15:47:29.696+0000] {logging_mixin.py:120} INFO - [2024-04-15T15:47:29.695+0000] {dag.py:2585} INFO - Sync 1 DAGs
[2024-04-15T15:47:29.736+0000] {logging_mixin.py:120} INFO - [2024-04-15T15:47:29.736+0000] {dag.py:3340} INFO - Setting next_dagrun for example_xcom to 2021-01-01T00:00:00+00:00, run_after=2021-01-01T00:00:00+00:00
[2024-04-15T15:47:29.767+0000] {processor.py:176} INFO - Processing /home/airflow/.local/lib/python3.7/site-packages/airflow/example_dags/example_xcom.py took 0.190 seconds
[2024-04-15T15:47:59.845+0000] {processor.py:154} INFO - Started process (PID=19946) to work on /home/airflow/.local/lib/python3.7/site-packages/airflow/example_dags/example_xcom.py
[2024-04-15T15:47:59.847+0000] {processor.py:756} INFO - Processing file /home/airflow/.local/lib/python3.7/site-packages/airflow/example_dags/example_xcom.py for tasks to queue
[2024-04-15T15:47:59.849+0000] {logging_mixin.py:120} INFO - [2024-04-15T15:47:59.848+0000] {dagbag.py:537} INFO - Filling up the DagBag from /home/airflow/.local/lib/python3.7/site-packages/airflow/example_dags/example_xcom.py
[2024-04-15T15:47:59.890+0000] {processor.py:766} INFO - DAG(s) dict_keys(['example_xcom']) retrieved from /home/airflow/.local/lib/python3.7/site-packages/airflow/example_dags/example_xcom.py
[2024-04-15T15:47:59.965+0000] {logging_mixin.py:120} INFO - [2024-04-15T15:47:59.964+0000] {dag.py:2585} INFO - Sync 1 DAGs
[2024-04-15T15:48:00.006+0000] {logging_mixin.py:120} INFO - [2024-04-15T15:48:00.006+0000] {dag.py:3340} INFO - Setting next_dagrun for example_xcom to 2021-01-01T00:00:00+00:00, run_after=2021-01-01T00:00:00+00:00
[2024-04-15T15:48:00.041+0000] {processor.py:176} INFO - Processing /home/airflow/.local/lib/python3.7/site-packages/airflow/example_dags/example_xcom.py took 0.201 seconds
[2024-04-15T15:48:30.236+0000] {processor.py:154} INFO - Started process (PID=20025) to work on /home/airflow/.local/lib/python3.7/site-packages/airflow/example_dags/example_xcom.py
[2024-04-15T15:48:30.238+0000] {processor.py:756} INFO - Processing file /home/airflow/.local/lib/python3.7/site-packages/airflow/example_dags/example_xcom.py for tasks to queue
[2024-04-15T15:48:30.241+0000] {logging_mixin.py:120} INFO - [2024-04-15T15:48:30.241+0000] {dagbag.py:537} INFO - Filling up the DagBag from /home/airflow/.local/lib/python3.7/site-packages/airflow/example_dags/example_xcom.py
[2024-04-15T15:48:30.303+0000] {processor.py:766} INFO - DAG(s) dict_keys(['example_xcom']) retrieved from /home/airflow/.local/lib/python3.7/site-packages/airflow/example_dags/example_xcom.py
[2024-04-15T15:48:30.873+0000] {logging_mixin.py:120} INFO - [2024-04-15T15:48:30.872+0000] {dag.py:2585} INFO - Sync 1 DAGs
[2024-04-15T15:48:30.998+0000] {logging_mixin.py:120} INFO - [2024-04-15T15:48:30.997+0000] {dag.py:3340} INFO - Setting next_dagrun for example_xcom to 2021-01-01T00:00:00+00:00, run_after=2021-01-01T00:00:00+00:00
[2024-04-15T15:48:31.044+0000] {processor.py:176} INFO - Processing /home/airflow/.local/lib/python3.7/site-packages/airflow/example_dags/example_xcom.py took 0.817 seconds
[2024-04-15T15:49:01.181+0000] {processor.py:154} INFO - Started process (PID=20101) to work on /home/airflow/.local/lib/python3.7/site-packages/airflow/example_dags/example_xcom.py
[2024-04-15T15:49:01.184+0000] {processor.py:756} INFO - Processing file /home/airflow/.local/lib/python3.7/site-packages/airflow/example_dags/example_xcom.py for tasks to queue
[2024-04-15T15:49:01.185+0000] {logging_mixin.py:120} INFO - [2024-04-15T15:49:01.185+0000] {dagbag.py:537} INFO - Filling up the DagBag from /home/airflow/.local/lib/python3.7/site-packages/airflow/example_dags/example_xcom.py
[2024-04-15T15:49:01.222+0000] {processor.py:766} INFO - DAG(s) dict_keys(['example_xcom']) retrieved from /home/airflow/.local/lib/python3.7/site-packages/airflow/example_dags/example_xcom.py
[2024-04-15T15:49:01.290+0000] {logging_mixin.py:120} INFO - [2024-04-15T15:49:01.290+0000] {dag.py:2585} INFO - Sync 1 DAGs
[2024-04-15T15:49:01.333+0000] {logging_mixin.py:120} INFO - [2024-04-15T15:49:01.332+0000] {dag.py:3340} INFO - Setting next_dagrun for example_xcom to 2021-01-01T00:00:00+00:00, run_after=2021-01-01T00:00:00+00:00
[2024-04-15T15:49:01.385+0000] {processor.py:176} INFO - Processing /home/airflow/.local/lib/python3.7/site-packages/airflow/example_dags/example_xcom.py took 0.210 seconds
[2024-04-15T15:49:32.333+0000] {processor.py:154} INFO - Started process (PID=20173) to work on /home/airflow/.local/lib/python3.7/site-packages/airflow/example_dags/example_xcom.py
[2024-04-15T15:49:32.335+0000] {processor.py:756} INFO - Processing file /home/airflow/.local/lib/python3.7/site-packages/airflow/example_dags/example_xcom.py for tasks to queue
[2024-04-15T15:49:32.336+0000] {logging_mixin.py:120} INFO - [2024-04-15T15:49:32.336+0000] {dagbag.py:537} INFO - Filling up the DagBag from /home/airflow/.local/lib/python3.7/site-packages/airflow/example_dags/example_xcom.py
[2024-04-15T15:49:32.393+0000] {processor.py:766} INFO - DAG(s) dict_keys(['example_xcom']) retrieved from /home/airflow/.local/lib/python3.7/site-packages/airflow/example_dags/example_xcom.py
[2024-04-15T15:49:32.463+0000] {logging_mixin.py:120} INFO - [2024-04-15T15:49:32.463+0000] {dag.py:2585} INFO - Sync 1 DAGs
[2024-04-15T15:49:32.502+0000] {logging_mixin.py:120} INFO - [2024-04-15T15:49:32.502+0000] {dag.py:3340} INFO - Setting next_dagrun for example_xcom to 2021-01-01T00:00:00+00:00, run_after=2021-01-01T00:00:00+00:00
[2024-04-15T15:49:32.534+0000] {processor.py:176} INFO - Processing /home/airflow/.local/lib/python3.7/site-packages/airflow/example_dags/example_xcom.py took 0.207 seconds
[2024-04-15T15:50:02.743+0000] {processor.py:154} INFO - Started process (PID=20250) to work on /home/airflow/.local/lib/python3.7/site-packages/airflow/example_dags/example_xcom.py
[2024-04-15T15:50:02.745+0000] {processor.py:756} INFO - Processing file /home/airflow/.local/lib/python3.7/site-packages/airflow/example_dags/example_xcom.py for tasks to queue
[2024-04-15T15:50:02.746+0000] {logging_mixin.py:120} INFO - [2024-04-15T15:50:02.746+0000] {dagbag.py:537} INFO - Filling up the DagBag from /home/airflow/.local/lib/python3.7/site-packages/airflow/example_dags/example_xcom.py
[2024-04-15T15:50:02.783+0000] {processor.py:766} INFO - DAG(s) dict_keys(['example_xcom']) retrieved from /home/airflow/.local/lib/python3.7/site-packages/airflow/example_dags/example_xcom.py
[2024-04-15T15:50:02.853+0000] {logging_mixin.py:120} INFO - [2024-04-15T15:50:02.853+0000] {dag.py:2585} INFO - Sync 1 DAGs
[2024-04-15T15:50:02.896+0000] {logging_mixin.py:120} INFO - [2024-04-15T15:50:02.895+0000] {dag.py:3340} INFO - Setting next_dagrun for example_xcom to 2021-01-01T00:00:00+00:00, run_after=2021-01-01T00:00:00+00:00
[2024-04-15T15:50:02.931+0000] {processor.py:176} INFO - Processing /home/airflow/.local/lib/python3.7/site-packages/airflow/example_dags/example_xcom.py took 0.194 seconds
[2024-04-15T15:50:33.892+0000] {processor.py:154} INFO - Started process (PID=20319) to work on /home/airflow/.local/lib/python3.7/site-packages/airflow/example_dags/example_xcom.py
[2024-04-15T15:50:33.895+0000] {processor.py:756} INFO - Processing file /home/airflow/.local/lib/python3.7/site-packages/airflow/example_dags/example_xcom.py for tasks to queue
[2024-04-15T15:50:34.009+0000] {logging_mixin.py:120} INFO - [2024-04-15T15:50:34.009+0000] {dagbag.py:537} INFO - Filling up the DagBag from /home/airflow/.local/lib/python3.7/site-packages/airflow/example_dags/example_xcom.py
[2024-04-15T15:50:34.081+0000] {processor.py:766} INFO - DAG(s) dict_keys(['example_xcom']) retrieved from /home/airflow/.local/lib/python3.7/site-packages/airflow/example_dags/example_xcom.py
[2024-04-15T15:50:34.151+0000] {logging_mixin.py:120} INFO - [2024-04-15T15:50:34.151+0000] {dag.py:2585} INFO - Sync 1 DAGs
[2024-04-15T15:50:34.190+0000] {logging_mixin.py:120} INFO - [2024-04-15T15:50:34.190+0000] {dag.py:3340} INFO - Setting next_dagrun for example_xcom to 2021-01-01T00:00:00+00:00, run_after=2021-01-01T00:00:00+00:00
[2024-04-15T15:50:34.225+0000] {processor.py:176} INFO - Processing /home/airflow/.local/lib/python3.7/site-packages/airflow/example_dags/example_xcom.py took 0.345 seconds
[2024-04-15T15:51:05.006+0000] {processor.py:154} INFO - Started process (PID=20397) to work on /home/airflow/.local/lib/python3.7/site-packages/airflow/example_dags/example_xcom.py
[2024-04-15T15:51:05.011+0000] {processor.py:756} INFO - Processing file /home/airflow/.local/lib/python3.7/site-packages/airflow/example_dags/example_xcom.py for tasks to queue
[2024-04-15T15:51:05.013+0000] {logging_mixin.py:120} INFO - [2024-04-15T15:51:05.013+0000] {dagbag.py:537} INFO - Filling up the DagBag from /home/airflow/.local/lib/python3.7/site-packages/airflow/example_dags/example_xcom.py
[2024-04-15T15:51:05.061+0000] {processor.py:766} INFO - DAG(s) dict_keys(['example_xcom']) retrieved from /home/airflow/.local/lib/python3.7/site-packages/airflow/example_dags/example_xcom.py
[2024-04-15T15:51:05.135+0000] {logging_mixin.py:120} INFO - [2024-04-15T15:51:05.135+0000] {dag.py:2585} INFO - Sync 1 DAGs
[2024-04-15T15:51:05.178+0000] {logging_mixin.py:120} INFO - [2024-04-15T15:51:05.177+0000] {dag.py:3340} INFO - Setting next_dagrun for example_xcom to 2021-01-01T00:00:00+00:00, run_after=2021-01-01T00:00:00+00:00
[2024-04-15T15:51:05.213+0000] {processor.py:176} INFO - Processing /home/airflow/.local/lib/python3.7/site-packages/airflow/example_dags/example_xcom.py took 0.216 seconds
[2024-04-15T15:51:35.308+0000] {processor.py:154} INFO - Started process (PID=20466) to work on /home/airflow/.local/lib/python3.7/site-packages/airflow/example_dags/example_xcom.py
[2024-04-15T15:51:35.312+0000] {processor.py:756} INFO - Processing file /home/airflow/.local/lib/python3.7/site-packages/airflow/example_dags/example_xcom.py for tasks to queue
[2024-04-15T15:51:35.317+0000] {logging_mixin.py:120} INFO - [2024-04-15T15:51:35.316+0000] {dagbag.py:537} INFO - Filling up the DagBag from /home/airflow/.local/lib/python3.7/site-packages/airflow/example_dags/example_xcom.py
[2024-04-15T15:51:35.379+0000] {processor.py:766} INFO - DAG(s) dict_keys(['example_xcom']) retrieved from /home/airflow/.local/lib/python3.7/site-packages/airflow/example_dags/example_xcom.py
[2024-04-15T15:51:35.479+0000] {logging_mixin.py:120} INFO - [2024-04-15T15:51:35.479+0000] {dag.py:2585} INFO - Sync 1 DAGs
[2024-04-15T15:51:35.533+0000] {logging_mixin.py:120} INFO - [2024-04-15T15:51:35.532+0000] {dag.py:3340} INFO - Setting next_dagrun for example_xcom to 2021-01-01T00:00:00+00:00, run_after=2021-01-01T00:00:00+00:00
[2024-04-15T15:51:35.577+0000] {processor.py:176} INFO - Processing /home/airflow/.local/lib/python3.7/site-packages/airflow/example_dags/example_xcom.py took 0.277 seconds
[2024-04-15T15:52:05.798+0000] {processor.py:154} INFO - Started process (PID=20546) to work on /home/airflow/.local/lib/python3.7/site-packages/airflow/example_dags/example_xcom.py
[2024-04-15T15:52:05.802+0000] {processor.py:756} INFO - Processing file /home/airflow/.local/lib/python3.7/site-packages/airflow/example_dags/example_xcom.py for tasks to queue
[2024-04-15T15:52:05.804+0000] {logging_mixin.py:120} INFO - [2024-04-15T15:52:05.804+0000] {dagbag.py:537} INFO - Filling up the DagBag from /home/airflow/.local/lib/python3.7/site-packages/airflow/example_dags/example_xcom.py
[2024-04-15T15:52:05.851+0000] {processor.py:766} INFO - DAG(s) dict_keys(['example_xcom']) retrieved from /home/airflow/.local/lib/python3.7/site-packages/airflow/example_dags/example_xcom.py
[2024-04-15T15:52:05.929+0000] {logging_mixin.py:120} INFO - [2024-04-15T15:52:05.929+0000] {dag.py:2585} INFO - Sync 1 DAGs
[2024-04-15T15:52:05.968+0000] {logging_mixin.py:120} INFO - [2024-04-15T15:52:05.968+0000] {dag.py:3340} INFO - Setting next_dagrun for example_xcom to 2021-01-01T00:00:00+00:00, run_after=2021-01-01T00:00:00+00:00
[2024-04-15T15:52:06.003+0000] {processor.py:176} INFO - Processing /home/airflow/.local/lib/python3.7/site-packages/airflow/example_dags/example_xcom.py took 0.215 seconds
[2024-04-15T15:52:36.799+0000] {processor.py:154} INFO - Started process (PID=20624) to work on /home/airflow/.local/lib/python3.7/site-packages/airflow/example_dags/example_xcom.py
[2024-04-15T15:52:36.803+0000] {processor.py:756} INFO - Processing file /home/airflow/.local/lib/python3.7/site-packages/airflow/example_dags/example_xcom.py for tasks to queue
[2024-04-15T15:52:36.807+0000] {logging_mixin.py:120} INFO - [2024-04-15T15:52:36.806+0000] {dagbag.py:537} INFO - Filling up the DagBag from /home/airflow/.local/lib/python3.7/site-packages/airflow/example_dags/example_xcom.py
[2024-04-15T15:52:36.867+0000] {processor.py:766} INFO - DAG(s) dict_keys(['example_xcom']) retrieved from /home/airflow/.local/lib/python3.7/site-packages/airflow/example_dags/example_xcom.py
[2024-04-15T15:52:36.943+0000] {logging_mixin.py:120} INFO - [2024-04-15T15:52:36.943+0000] {dag.py:2585} INFO - Sync 1 DAGs
[2024-04-15T15:52:36.990+0000] {logging_mixin.py:120} INFO - [2024-04-15T15:52:36.990+0000] {dag.py:3340} INFO - Setting next_dagrun for example_xcom to 2021-01-01T00:00:00+00:00, run_after=2021-01-01T00:00:00+00:00
[2024-04-15T15:52:37.025+0000] {processor.py:176} INFO - Processing /home/airflow/.local/lib/python3.7/site-packages/airflow/example_dags/example_xcom.py took 0.239 seconds
[2024-04-15T15:53:07.466+0000] {processor.py:154} INFO - Started process (PID=20693) to work on /home/airflow/.local/lib/python3.7/site-packages/airflow/example_dags/example_xcom.py
[2024-04-15T15:53:07.469+0000] {processor.py:756} INFO - Processing file /home/airflow/.local/lib/python3.7/site-packages/airflow/example_dags/example_xcom.py for tasks to queue
[2024-04-15T15:53:07.471+0000] {logging_mixin.py:120} INFO - [2024-04-15T15:53:07.471+0000] {dagbag.py:537} INFO - Filling up the DagBag from /home/airflow/.local/lib/python3.7/site-packages/airflow/example_dags/example_xcom.py
[2024-04-15T15:53:07.522+0000] {processor.py:766} INFO - DAG(s) dict_keys(['example_xcom']) retrieved from /home/airflow/.local/lib/python3.7/site-packages/airflow/example_dags/example_xcom.py
[2024-04-15T15:53:07.597+0000] {logging_mixin.py:120} INFO - [2024-04-15T15:53:07.597+0000] {dag.py:2585} INFO - Sync 1 DAGs
[2024-04-15T15:53:07.636+0000] {logging_mixin.py:120} INFO - [2024-04-15T15:53:07.636+0000] {dag.py:3340} INFO - Setting next_dagrun for example_xcom to 2021-01-01T00:00:00+00:00, run_after=2021-01-01T00:00:00+00:00
[2024-04-15T15:53:07.669+0000] {processor.py:176} INFO - Processing /home/airflow/.local/lib/python3.7/site-packages/airflow/example_dags/example_xcom.py took 0.210 seconds
[2024-04-15T15:53:37.768+0000] {processor.py:154} INFO - Started process (PID=20772) to work on /home/airflow/.local/lib/python3.7/site-packages/airflow/example_dags/example_xcom.py
[2024-04-15T15:53:37.770+0000] {processor.py:756} INFO - Processing file /home/airflow/.local/lib/python3.7/site-packages/airflow/example_dags/example_xcom.py for tasks to queue
[2024-04-15T15:53:37.772+0000] {logging_mixin.py:120} INFO - [2024-04-15T15:53:37.772+0000] {dagbag.py:537} INFO - Filling up the DagBag from /home/airflow/.local/lib/python3.7/site-packages/airflow/example_dags/example_xcom.py
[2024-04-15T15:53:37.811+0000] {processor.py:766} INFO - DAG(s) dict_keys(['example_xcom']) retrieved from /home/airflow/.local/lib/python3.7/site-packages/airflow/example_dags/example_xcom.py
[2024-04-15T15:53:37.913+0000] {logging_mixin.py:120} INFO - [2024-04-15T15:53:37.913+0000] {dag.py:2585} INFO - Sync 1 DAGs
[2024-04-15T15:53:37.961+0000] {logging_mixin.py:120} INFO - [2024-04-15T15:53:37.961+0000] {dag.py:3340} INFO - Setting next_dagrun for example_xcom to 2021-01-01T00:00:00+00:00, run_after=2021-01-01T00:00:00+00:00
[2024-04-15T15:53:37.991+0000] {processor.py:176} INFO - Processing /home/airflow/.local/lib/python3.7/site-packages/airflow/example_dags/example_xcom.py took 0.229 seconds
[2024-04-15T15:54:09.757+0000] {processor.py:154} INFO - Started process (PID=20842) to work on /home/airflow/.local/lib/python3.7/site-packages/airflow/example_dags/example_xcom.py
[2024-04-15T15:54:09.762+0000] {processor.py:756} INFO - Processing file /home/airflow/.local/lib/python3.7/site-packages/airflow/example_dags/example_xcom.py for tasks to queue
[2024-04-15T15:54:09.765+0000] {logging_mixin.py:120} INFO - [2024-04-15T15:54:09.764+0000] {dagbag.py:537} INFO - Filling up the DagBag from /home/airflow/.local/lib/python3.7/site-packages/airflow/example_dags/example_xcom.py
[2024-04-15T15:54:09.845+0000] {processor.py:766} INFO - DAG(s) dict_keys(['example_xcom']) retrieved from /home/airflow/.local/lib/python3.7/site-packages/airflow/example_dags/example_xcom.py
[2024-04-15T15:54:09.937+0000] {logging_mixin.py:120} INFO - [2024-04-15T15:54:09.937+0000] {dag.py:2585} INFO - Sync 1 DAGs
[2024-04-15T15:54:09.979+0000] {logging_mixin.py:120} INFO - [2024-04-15T15:54:09.979+0000] {dag.py:3340} INFO - Setting next_dagrun for example_xcom to 2021-01-01T00:00:00+00:00, run_after=2021-01-01T00:00:00+00:00
[2024-04-15T15:54:10.021+0000] {processor.py:176} INFO - Processing /home/airflow/.local/lib/python3.7/site-packages/airflow/example_dags/example_xcom.py took 0.276 seconds
[2024-04-15T15:54:40.392+0000] {processor.py:154} INFO - Started process (PID=20918) to work on /home/airflow/.local/lib/python3.7/site-packages/airflow/example_dags/example_xcom.py
[2024-04-15T15:54:40.394+0000] {processor.py:756} INFO - Processing file /home/airflow/.local/lib/python3.7/site-packages/airflow/example_dags/example_xcom.py for tasks to queue
[2024-04-15T15:54:40.396+0000] {logging_mixin.py:120} INFO - [2024-04-15T15:54:40.396+0000] {dagbag.py:537} INFO - Filling up the DagBag from /home/airflow/.local/lib/python3.7/site-packages/airflow/example_dags/example_xcom.py
[2024-04-15T15:54:40.432+0000] {processor.py:766} INFO - DAG(s) dict_keys(['example_xcom']) retrieved from /home/airflow/.local/lib/python3.7/site-packages/airflow/example_dags/example_xcom.py
[2024-04-15T15:54:40.501+0000] {logging_mixin.py:120} INFO - [2024-04-15T15:54:40.501+0000] {dag.py:2585} INFO - Sync 1 DAGs
[2024-04-15T15:54:40.542+0000] {logging_mixin.py:120} INFO - [2024-04-15T15:54:40.542+0000] {dag.py:3340} INFO - Setting next_dagrun for example_xcom to 2021-01-01T00:00:00+00:00, run_after=2021-01-01T00:00:00+00:00
[2024-04-15T15:54:40.578+0000] {processor.py:176} INFO - Processing /home/airflow/.local/lib/python3.7/site-packages/airflow/example_dags/example_xcom.py took 0.191 seconds
[2024-04-15T15:55:11.001+0000] {processor.py:154} INFO - Started process (PID=20985) to work on /home/airflow/.local/lib/python3.7/site-packages/airflow/example_dags/example_xcom.py
[2024-04-15T15:55:11.003+0000] {processor.py:756} INFO - Processing file /home/airflow/.local/lib/python3.7/site-packages/airflow/example_dags/example_xcom.py for tasks to queue
[2024-04-15T15:55:11.005+0000] {logging_mixin.py:120} INFO - [2024-04-15T15:55:11.005+0000] {dagbag.py:537} INFO - Filling up the DagBag from /home/airflow/.local/lib/python3.7/site-packages/airflow/example_dags/example_xcom.py
[2024-04-15T15:55:11.045+0000] {processor.py:766} INFO - DAG(s) dict_keys(['example_xcom']) retrieved from /home/airflow/.local/lib/python3.7/site-packages/airflow/example_dags/example_xcom.py
[2024-04-15T15:55:11.113+0000] {logging_mixin.py:120} INFO - [2024-04-15T15:55:11.113+0000] {dag.py:2585} INFO - Sync 1 DAGs
[2024-04-15T15:55:11.151+0000] {logging_mixin.py:120} INFO - [2024-04-15T15:55:11.150+0000] {dag.py:3340} INFO - Setting next_dagrun for example_xcom to 2021-01-01T00:00:00+00:00, run_after=2021-01-01T00:00:00+00:00
[2024-04-15T15:55:11.183+0000] {processor.py:176} INFO - Processing /home/airflow/.local/lib/python3.7/site-packages/airflow/example_dags/example_xcom.py took 0.189 seconds
[2024-04-15T15:55:41.664+0000] {processor.py:154} INFO - Started process (PID=21063) to work on /home/airflow/.local/lib/python3.7/site-packages/airflow/example_dags/example_xcom.py
[2024-04-15T15:55:41.666+0000] {processor.py:756} INFO - Processing file /home/airflow/.local/lib/python3.7/site-packages/airflow/example_dags/example_xcom.py for tasks to queue
[2024-04-15T15:55:41.668+0000] {logging_mixin.py:120} INFO - [2024-04-15T15:55:41.668+0000] {dagbag.py:537} INFO - Filling up the DagBag from /home/airflow/.local/lib/python3.7/site-packages/airflow/example_dags/example_xcom.py
[2024-04-15T15:55:41.710+0000] {processor.py:766} INFO - DAG(s) dict_keys(['example_xcom']) retrieved from /home/airflow/.local/lib/python3.7/site-packages/airflow/example_dags/example_xcom.py
[2024-04-15T15:55:41.783+0000] {logging_mixin.py:120} INFO - [2024-04-15T15:55:41.783+0000] {dag.py:2585} INFO - Sync 1 DAGs
[2024-04-15T15:55:41.827+0000] {logging_mixin.py:120} INFO - [2024-04-15T15:55:41.827+0000] {dag.py:3340} INFO - Setting next_dagrun for example_xcom to 2021-01-01T00:00:00+00:00, run_after=2021-01-01T00:00:00+00:00
[2024-04-15T15:55:41.859+0000] {processor.py:176} INFO - Processing /home/airflow/.local/lib/python3.7/site-packages/airflow/example_dags/example_xcom.py took 0.203 seconds
[2024-04-15T15:56:12.034+0000] {processor.py:154} INFO - Started process (PID=21141) to work on /home/airflow/.local/lib/python3.7/site-packages/airflow/example_dags/example_xcom.py
[2024-04-15T15:56:12.036+0000] {processor.py:756} INFO - Processing file /home/airflow/.local/lib/python3.7/site-packages/airflow/example_dags/example_xcom.py for tasks to queue
[2024-04-15T15:56:12.037+0000] {logging_mixin.py:120} INFO - [2024-04-15T15:56:12.037+0000] {dagbag.py:537} INFO - Filling up the DagBag from /home/airflow/.local/lib/python3.7/site-packages/airflow/example_dags/example_xcom.py
[2024-04-15T15:56:12.075+0000] {processor.py:766} INFO - DAG(s) dict_keys(['example_xcom']) retrieved from /home/airflow/.local/lib/python3.7/site-packages/airflow/example_dags/example_xcom.py
[2024-04-15T15:56:12.165+0000] {logging_mixin.py:120} INFO - [2024-04-15T15:56:12.165+0000] {dag.py:2585} INFO - Sync 1 DAGs
[2024-04-15T15:56:12.214+0000] {logging_mixin.py:120} INFO - [2024-04-15T15:56:12.214+0000] {dag.py:3340} INFO - Setting next_dagrun for example_xcom to 2021-01-01T00:00:00+00:00, run_after=2021-01-01T00:00:00+00:00
[2024-04-15T15:56:12.250+0000] {processor.py:176} INFO - Processing /home/airflow/.local/lib/python3.7/site-packages/airflow/example_dags/example_xcom.py took 0.226 seconds
[2024-04-15T15:56:43.145+0000] {processor.py:154} INFO - Started process (PID=21210) to work on /home/airflow/.local/lib/python3.7/site-packages/airflow/example_dags/example_xcom.py
[2024-04-15T15:56:43.147+0000] {processor.py:756} INFO - Processing file /home/airflow/.local/lib/python3.7/site-packages/airflow/example_dags/example_xcom.py for tasks to queue
[2024-04-15T15:56:43.150+0000] {logging_mixin.py:120} INFO - [2024-04-15T15:56:43.149+0000] {dagbag.py:537} INFO - Filling up the DagBag from /home/airflow/.local/lib/python3.7/site-packages/airflow/example_dags/example_xcom.py
[2024-04-15T15:56:43.187+0000] {processor.py:766} INFO - DAG(s) dict_keys(['example_xcom']) retrieved from /home/airflow/.local/lib/python3.7/site-packages/airflow/example_dags/example_xcom.py
[2024-04-15T15:56:43.262+0000] {logging_mixin.py:120} INFO - [2024-04-15T15:56:43.262+0000] {dag.py:2585} INFO - Sync 1 DAGs
[2024-04-15T15:56:43.306+0000] {logging_mixin.py:120} INFO - [2024-04-15T15:56:43.305+0000] {dag.py:3340} INFO - Setting next_dagrun for example_xcom to 2021-01-01T00:00:00+00:00, run_after=2021-01-01T00:00:00+00:00
[2024-04-15T15:56:43.339+0000] {processor.py:176} INFO - Processing /home/airflow/.local/lib/python3.7/site-packages/airflow/example_dags/example_xcom.py took 0.201 seconds
[2024-04-15T15:57:13.519+0000] {processor.py:154} INFO - Started process (PID=21290) to work on /home/airflow/.local/lib/python3.7/site-packages/airflow/example_dags/example_xcom.py
[2024-04-15T15:57:13.521+0000] {processor.py:756} INFO - Processing file /home/airflow/.local/lib/python3.7/site-packages/airflow/example_dags/example_xcom.py for tasks to queue
[2024-04-15T15:57:13.523+0000] {logging_mixin.py:120} INFO - [2024-04-15T15:57:13.523+0000] {dagbag.py:537} INFO - Filling up the DagBag from /home/airflow/.local/lib/python3.7/site-packages/airflow/example_dags/example_xcom.py
[2024-04-15T15:57:13.572+0000] {processor.py:766} INFO - DAG(s) dict_keys(['example_xcom']) retrieved from /home/airflow/.local/lib/python3.7/site-packages/airflow/example_dags/example_xcom.py
[2024-04-15T15:57:13.646+0000] {logging_mixin.py:120} INFO - [2024-04-15T15:57:13.646+0000] {dag.py:2585} INFO - Sync 1 DAGs
[2024-04-15T15:57:13.683+0000] {logging_mixin.py:120} INFO - [2024-04-15T15:57:13.682+0000] {dag.py:3340} INFO - Setting next_dagrun for example_xcom to 2021-01-01T00:00:00+00:00, run_after=2021-01-01T00:00:00+00:00
[2024-04-15T15:57:13.721+0000] {processor.py:176} INFO - Processing /home/airflow/.local/lib/python3.7/site-packages/airflow/example_dags/example_xcom.py took 0.211 seconds
[2024-04-15T15:57:44.467+0000] {processor.py:154} INFO - Started process (PID=21360) to work on /home/airflow/.local/lib/python3.7/site-packages/airflow/example_dags/example_xcom.py
[2024-04-15T15:57:44.469+0000] {processor.py:756} INFO - Processing file /home/airflow/.local/lib/python3.7/site-packages/airflow/example_dags/example_xcom.py for tasks to queue
[2024-04-15T15:57:44.471+0000] {logging_mixin.py:120} INFO - [2024-04-15T15:57:44.471+0000] {dagbag.py:537} INFO - Filling up the DagBag from /home/airflow/.local/lib/python3.7/site-packages/airflow/example_dags/example_xcom.py
[2024-04-15T15:57:44.508+0000] {processor.py:766} INFO - DAG(s) dict_keys(['example_xcom']) retrieved from /home/airflow/.local/lib/python3.7/site-packages/airflow/example_dags/example_xcom.py
[2024-04-15T15:57:44.577+0000] {logging_mixin.py:120} INFO - [2024-04-15T15:57:44.577+0000] {dag.py:2585} INFO - Sync 1 DAGs
[2024-04-15T15:57:44.614+0000] {logging_mixin.py:120} INFO - [2024-04-15T15:57:44.614+0000] {dag.py:3340} INFO - Setting next_dagrun for example_xcom to 2021-01-01T00:00:00+00:00, run_after=2021-01-01T00:00:00+00:00
[2024-04-15T15:57:44.647+0000] {processor.py:176} INFO - Processing /home/airflow/.local/lib/python3.7/site-packages/airflow/example_dags/example_xcom.py took 0.186 seconds
[2024-04-15T15:58:15.194+0000] {processor.py:154} INFO - Started process (PID=21438) to work on /home/airflow/.local/lib/python3.7/site-packages/airflow/example_dags/example_xcom.py
[2024-04-15T15:58:15.197+0000] {processor.py:756} INFO - Processing file /home/airflow/.local/lib/python3.7/site-packages/airflow/example_dags/example_xcom.py for tasks to queue
[2024-04-15T15:58:15.199+0000] {logging_mixin.py:120} INFO - [2024-04-15T15:58:15.199+0000] {dagbag.py:537} INFO - Filling up the DagBag from /home/airflow/.local/lib/python3.7/site-packages/airflow/example_dags/example_xcom.py
[2024-04-15T15:58:15.255+0000] {processor.py:766} INFO - DAG(s) dict_keys(['example_xcom']) retrieved from /home/airflow/.local/lib/python3.7/site-packages/airflow/example_dags/example_xcom.py
[2024-04-15T15:58:15.332+0000] {logging_mixin.py:120} INFO - [2024-04-15T15:58:15.332+0000] {dag.py:2585} INFO - Sync 1 DAGs
[2024-04-15T15:58:15.376+0000] {logging_mixin.py:120} INFO - [2024-04-15T15:58:15.376+0000] {dag.py:3340} INFO - Setting next_dagrun for example_xcom to 2021-01-01T00:00:00+00:00, run_after=2021-01-01T00:00:00+00:00
[2024-04-15T15:58:15.413+0000] {processor.py:176} INFO - Processing /home/airflow/.local/lib/python3.7/site-packages/airflow/example_dags/example_xcom.py took 0.227 seconds
[2024-04-15T15:58:46.188+0000] {processor.py:154} INFO - Started process (PID=21516) to work on /home/airflow/.local/lib/python3.7/site-packages/airflow/example_dags/example_xcom.py
[2024-04-15T15:58:46.189+0000] {processor.py:756} INFO - Processing file /home/airflow/.local/lib/python3.7/site-packages/airflow/example_dags/example_xcom.py for tasks to queue
[2024-04-15T15:58:46.191+0000] {logging_mixin.py:120} INFO - [2024-04-15T15:58:46.191+0000] {dagbag.py:537} INFO - Filling up the DagBag from /home/airflow/.local/lib/python3.7/site-packages/airflow/example_dags/example_xcom.py
[2024-04-15T15:58:46.229+0000] {processor.py:766} INFO - DAG(s) dict_keys(['example_xcom']) retrieved from /home/airflow/.local/lib/python3.7/site-packages/airflow/example_dags/example_xcom.py
[2024-04-15T15:58:46.309+0000] {logging_mixin.py:120} INFO - [2024-04-15T15:58:46.309+0000] {dag.py:2585} INFO - Sync 1 DAGs
[2024-04-15T15:58:46.357+0000] {logging_mixin.py:120} INFO - [2024-04-15T15:58:46.357+0000] {dag.py:3340} INFO - Setting next_dagrun for example_xcom to 2021-01-01T00:00:00+00:00, run_after=2021-01-01T00:00:00+00:00
[2024-04-15T15:58:46.402+0000] {processor.py:176} INFO - Processing /home/airflow/.local/lib/python3.7/site-packages/airflow/example_dags/example_xcom.py took 0.221 seconds
[2024-04-15T15:59:16.607+0000] {processor.py:154} INFO - Started process (PID=21586) to work on /home/airflow/.local/lib/python3.7/site-packages/airflow/example_dags/example_xcom.py
[2024-04-15T15:59:16.610+0000] {processor.py:756} INFO - Processing file /home/airflow/.local/lib/python3.7/site-packages/airflow/example_dags/example_xcom.py for tasks to queue
[2024-04-15T15:59:16.611+0000] {logging_mixin.py:120} INFO - [2024-04-15T15:59:16.611+0000] {dagbag.py:537} INFO - Filling up the DagBag from /home/airflow/.local/lib/python3.7/site-packages/airflow/example_dags/example_xcom.py
[2024-04-15T15:59:16.656+0000] {processor.py:766} INFO - DAG(s) dict_keys(['example_xcom']) retrieved from /home/airflow/.local/lib/python3.7/site-packages/airflow/example_dags/example_xcom.py
[2024-04-15T15:59:16.737+0000] {logging_mixin.py:120} INFO - [2024-04-15T15:59:16.737+0000] {dag.py:2585} INFO - Sync 1 DAGs
[2024-04-15T15:59:16.780+0000] {logging_mixin.py:120} INFO - [2024-04-15T15:59:16.780+0000] {dag.py:3340} INFO - Setting next_dagrun for example_xcom to 2021-01-01T00:00:00+00:00, run_after=2021-01-01T00:00:00+00:00
[2024-04-15T15:59:16.840+0000] {processor.py:176} INFO - Processing /home/airflow/.local/lib/python3.7/site-packages/airflow/example_dags/example_xcom.py took 0.239 seconds
[2024-04-15T15:59:46.945+0000] {processor.py:154} INFO - Started process (PID=21663) to work on /home/airflow/.local/lib/python3.7/site-packages/airflow/example_dags/example_xcom.py
[2024-04-15T15:59:46.947+0000] {processor.py:756} INFO - Processing file /home/airflow/.local/lib/python3.7/site-packages/airflow/example_dags/example_xcom.py for tasks to queue
[2024-04-15T15:59:46.948+0000] {logging_mixin.py:120} INFO - [2024-04-15T15:59:46.948+0000] {dagbag.py:537} INFO - Filling up the DagBag from /home/airflow/.local/lib/python3.7/site-packages/airflow/example_dags/example_xcom.py
[2024-04-15T15:59:46.988+0000] {processor.py:766} INFO - DAG(s) dict_keys(['example_xcom']) retrieved from /home/airflow/.local/lib/python3.7/site-packages/airflow/example_dags/example_xcom.py
[2024-04-15T15:59:47.065+0000] {logging_mixin.py:120} INFO - [2024-04-15T15:59:47.065+0000] {dag.py:2585} INFO - Sync 1 DAGs
[2024-04-15T15:59:47.127+0000] {logging_mixin.py:120} INFO - [2024-04-15T15:59:47.126+0000] {dag.py:3340} INFO - Setting next_dagrun for example_xcom to 2021-01-01T00:00:00+00:00, run_after=2021-01-01T00:00:00+00:00
[2024-04-15T15:59:47.189+0000] {processor.py:176} INFO - Processing /home/airflow/.local/lib/python3.7/site-packages/airflow/example_dags/example_xcom.py took 0.253 seconds
[2024-04-15T16:00:17.315+0000] {processor.py:154} INFO - Started process (PID=21732) to work on /home/airflow/.local/lib/python3.7/site-packages/airflow/example_dags/example_xcom.py
[2024-04-15T16:00:17.318+0000] {processor.py:756} INFO - Processing file /home/airflow/.local/lib/python3.7/site-packages/airflow/example_dags/example_xcom.py for tasks to queue
[2024-04-15T16:00:17.323+0000] {logging_mixin.py:120} INFO - [2024-04-15T16:00:17.323+0000] {dagbag.py:537} INFO - Filling up the DagBag from /home/airflow/.local/lib/python3.7/site-packages/airflow/example_dags/example_xcom.py
[2024-04-15T16:00:17.369+0000] {processor.py:766} INFO - DAG(s) dict_keys(['example_xcom']) retrieved from /home/airflow/.local/lib/python3.7/site-packages/airflow/example_dags/example_xcom.py
[2024-04-15T16:00:17.435+0000] {logging_mixin.py:120} INFO - [2024-04-15T16:00:17.434+0000] {dag.py:2585} INFO - Sync 1 DAGs
[2024-04-15T16:00:17.472+0000] {logging_mixin.py:120} INFO - [2024-04-15T16:00:17.472+0000] {dag.py:3340} INFO - Setting next_dagrun for example_xcom to 2021-01-01T00:00:00+00:00, run_after=2021-01-01T00:00:00+00:00
[2024-04-15T16:00:17.502+0000] {processor.py:176} INFO - Processing /home/airflow/.local/lib/python3.7/site-packages/airflow/example_dags/example_xcom.py took 0.196 seconds
[2024-04-15T16:00:47.749+0000] {processor.py:154} INFO - Started process (PID=21810) to work on /home/airflow/.local/lib/python3.7/site-packages/airflow/example_dags/example_xcom.py
[2024-04-15T16:00:47.751+0000] {processor.py:756} INFO - Processing file /home/airflow/.local/lib/python3.7/site-packages/airflow/example_dags/example_xcom.py for tasks to queue
[2024-04-15T16:00:47.752+0000] {logging_mixin.py:120} INFO - [2024-04-15T16:00:47.752+0000] {dagbag.py:537} INFO - Filling up the DagBag from /home/airflow/.local/lib/python3.7/site-packages/airflow/example_dags/example_xcom.py
[2024-04-15T16:00:47.787+0000] {processor.py:766} INFO - DAG(s) dict_keys(['example_xcom']) retrieved from /home/airflow/.local/lib/python3.7/site-packages/airflow/example_dags/example_xcom.py
[2024-04-15T16:00:47.853+0000] {logging_mixin.py:120} INFO - [2024-04-15T16:00:47.852+0000] {dag.py:2585} INFO - Sync 1 DAGs
[2024-04-15T16:00:47.889+0000] {logging_mixin.py:120} INFO - [2024-04-15T16:00:47.889+0000] {dag.py:3340} INFO - Setting next_dagrun for example_xcom to 2021-01-01T00:00:00+00:00, run_after=2021-01-01T00:00:00+00:00
[2024-04-15T16:00:47.919+0000] {processor.py:176} INFO - Processing /home/airflow/.local/lib/python3.7/site-packages/airflow/example_dags/example_xcom.py took 0.175 seconds
[2024-04-15T16:01:18.104+0000] {processor.py:154} INFO - Started process (PID=21879) to work on /home/airflow/.local/lib/python3.7/site-packages/airflow/example_dags/example_xcom.py
[2024-04-15T16:01:18.107+0000] {processor.py:756} INFO - Processing file /home/airflow/.local/lib/python3.7/site-packages/airflow/example_dags/example_xcom.py for tasks to queue
[2024-04-15T16:01:18.109+0000] {logging_mixin.py:120} INFO - [2024-04-15T16:01:18.109+0000] {dagbag.py:537} INFO - Filling up the DagBag from /home/airflow/.local/lib/python3.7/site-packages/airflow/example_dags/example_xcom.py
[2024-04-15T16:01:18.158+0000] {processor.py:766} INFO - DAG(s) dict_keys(['example_xcom']) retrieved from /home/airflow/.local/lib/python3.7/site-packages/airflow/example_dags/example_xcom.py
[2024-04-15T16:01:18.234+0000] {logging_mixin.py:120} INFO - [2024-04-15T16:01:18.234+0000] {dag.py:2585} INFO - Sync 1 DAGs
[2024-04-15T16:01:18.273+0000] {logging_mixin.py:120} INFO - [2024-04-15T16:01:18.273+0000] {dag.py:3340} INFO - Setting next_dagrun for example_xcom to 2021-01-01T00:00:00+00:00, run_after=2021-01-01T00:00:00+00:00
[2024-04-15T16:01:18.306+0000] {processor.py:176} INFO - Processing /home/airflow/.local/lib/python3.7/site-packages/airflow/example_dags/example_xcom.py took 0.209 seconds
[2024-04-15T16:01:48.760+0000] {processor.py:154} INFO - Started process (PID=21958) to work on /home/airflow/.local/lib/python3.7/site-packages/airflow/example_dags/example_xcom.py
[2024-04-15T16:01:48.762+0000] {processor.py:756} INFO - Processing file /home/airflow/.local/lib/python3.7/site-packages/airflow/example_dags/example_xcom.py for tasks to queue
[2024-04-15T16:01:48.764+0000] {logging_mixin.py:120} INFO - [2024-04-15T16:01:48.764+0000] {dagbag.py:537} INFO - Filling up the DagBag from /home/airflow/.local/lib/python3.7/site-packages/airflow/example_dags/example_xcom.py
[2024-04-15T16:01:48.815+0000] {processor.py:766} INFO - DAG(s) dict_keys(['example_xcom']) retrieved from /home/airflow/.local/lib/python3.7/site-packages/airflow/example_dags/example_xcom.py
[2024-04-15T16:01:48.892+0000] {logging_mixin.py:120} INFO - [2024-04-15T16:01:48.892+0000] {dag.py:2585} INFO - Sync 1 DAGs
[2024-04-15T16:01:48.933+0000] {logging_mixin.py:120} INFO - [2024-04-15T16:01:48.932+0000] {dag.py:3340} INFO - Setting next_dagrun for example_xcom to 2021-01-01T00:00:00+00:00, run_after=2021-01-01T00:00:00+00:00
[2024-04-15T16:01:48.965+0000] {processor.py:176} INFO - Processing /home/airflow/.local/lib/python3.7/site-packages/airflow/example_dags/example_xcom.py took 0.217 seconds
[2024-04-15T16:02:19.182+0000] {processor.py:154} INFO - Started process (PID=22026) to work on /home/airflow/.local/lib/python3.7/site-packages/airflow/example_dags/example_xcom.py
[2024-04-15T16:02:19.185+0000] {processor.py:756} INFO - Processing file /home/airflow/.local/lib/python3.7/site-packages/airflow/example_dags/example_xcom.py for tasks to queue
[2024-04-15T16:02:19.186+0000] {logging_mixin.py:120} INFO - [2024-04-15T16:02:19.186+0000] {dagbag.py:537} INFO - Filling up the DagBag from /home/airflow/.local/lib/python3.7/site-packages/airflow/example_dags/example_xcom.py
[2024-04-15T16:02:19.230+0000] {processor.py:766} INFO - DAG(s) dict_keys(['example_xcom']) retrieved from /home/airflow/.local/lib/python3.7/site-packages/airflow/example_dags/example_xcom.py
[2024-04-15T16:02:19.312+0000] {logging_mixin.py:120} INFO - [2024-04-15T16:02:19.312+0000] {dag.py:2585} INFO - Sync 1 DAGs
[2024-04-15T16:02:19.356+0000] {logging_mixin.py:120} INFO - [2024-04-15T16:02:19.355+0000] {dag.py:3340} INFO - Setting next_dagrun for example_xcom to 2021-01-01T00:00:00+00:00, run_after=2021-01-01T00:00:00+00:00
[2024-04-15T16:02:19.386+0000] {processor.py:176} INFO - Processing /home/airflow/.local/lib/python3.7/site-packages/airflow/example_dags/example_xcom.py took 0.212 seconds
[2024-04-15T16:02:49.905+0000] {processor.py:154} INFO - Started process (PID=22105) to work on /home/airflow/.local/lib/python3.7/site-packages/airflow/example_dags/example_xcom.py
[2024-04-15T16:02:49.913+0000] {processor.py:756} INFO - Processing file /home/airflow/.local/lib/python3.7/site-packages/airflow/example_dags/example_xcom.py for tasks to queue
[2024-04-15T16:02:49.918+0000] {logging_mixin.py:120} INFO - [2024-04-15T16:02:49.917+0000] {dagbag.py:537} INFO - Filling up the DagBag from /home/airflow/.local/lib/python3.7/site-packages/airflow/example_dags/example_xcom.py
[2024-04-15T16:02:50.085+0000] {processor.py:766} INFO - DAG(s) dict_keys(['example_xcom']) retrieved from /home/airflow/.local/lib/python3.7/site-packages/airflow/example_dags/example_xcom.py
[2024-04-15T16:02:50.195+0000] {logging_mixin.py:120} INFO - [2024-04-15T16:02:50.194+0000] {dag.py:2585} INFO - Sync 1 DAGs
[2024-04-15T16:02:50.265+0000] {logging_mixin.py:120} INFO - [2024-04-15T16:02:50.260+0000] {dag.py:3340} INFO - Setting next_dagrun for example_xcom to 2021-01-01T00:00:00+00:00, run_after=2021-01-01T00:00:00+00:00
[2024-04-15T16:02:50.315+0000] {processor.py:176} INFO - Processing /home/airflow/.local/lib/python3.7/site-packages/airflow/example_dags/example_xcom.py took 0.420 seconds
[2024-04-15T16:03:20.873+0000] {processor.py:154} INFO - Started process (PID=22184) to work on /home/airflow/.local/lib/python3.7/site-packages/airflow/example_dags/example_xcom.py
[2024-04-15T16:03:20.876+0000] {processor.py:756} INFO - Processing file /home/airflow/.local/lib/python3.7/site-packages/airflow/example_dags/example_xcom.py for tasks to queue
[2024-04-15T16:03:20.878+0000] {logging_mixin.py:120} INFO - [2024-04-15T16:03:20.877+0000] {dagbag.py:537} INFO - Filling up the DagBag from /home/airflow/.local/lib/python3.7/site-packages/airflow/example_dags/example_xcom.py
[2024-04-15T16:03:20.918+0000] {processor.py:766} INFO - DAG(s) dict_keys(['example_xcom']) retrieved from /home/airflow/.local/lib/python3.7/site-packages/airflow/example_dags/example_xcom.py
[2024-04-15T16:03:20.997+0000] {logging_mixin.py:120} INFO - [2024-04-15T16:03:20.997+0000] {dag.py:2585} INFO - Sync 1 DAGs
[2024-04-15T16:03:21.038+0000] {logging_mixin.py:120} INFO - [2024-04-15T16:03:21.037+0000] {dag.py:3340} INFO - Setting next_dagrun for example_xcom to 2021-01-01T00:00:00+00:00, run_after=2021-01-01T00:00:00+00:00
[2024-04-15T16:03:21.069+0000] {processor.py:176} INFO - Processing /home/airflow/.local/lib/python3.7/site-packages/airflow/example_dags/example_xcom.py took 0.202 seconds
[2024-04-15T16:03:52.065+0000] {processor.py:154} INFO - Started process (PID=22252) to work on /home/airflow/.local/lib/python3.7/site-packages/airflow/example_dags/example_xcom.py
[2024-04-15T16:03:52.068+0000] {processor.py:756} INFO - Processing file /home/airflow/.local/lib/python3.7/site-packages/airflow/example_dags/example_xcom.py for tasks to queue
[2024-04-15T16:03:52.072+0000] {logging_mixin.py:120} INFO - [2024-04-15T16:03:52.071+0000] {dagbag.py:537} INFO - Filling up the DagBag from /home/airflow/.local/lib/python3.7/site-packages/airflow/example_dags/example_xcom.py
[2024-04-15T16:03:52.121+0000] {processor.py:766} INFO - DAG(s) dict_keys(['example_xcom']) retrieved from /home/airflow/.local/lib/python3.7/site-packages/airflow/example_dags/example_xcom.py
[2024-04-15T16:03:52.203+0000] {logging_mixin.py:120} INFO - [2024-04-15T16:03:52.202+0000] {dag.py:2585} INFO - Sync 1 DAGs
[2024-04-15T16:03:52.269+0000] {logging_mixin.py:120} INFO - [2024-04-15T16:03:52.269+0000] {dag.py:3340} INFO - Setting next_dagrun for example_xcom to 2021-01-01T00:00:00+00:00, run_after=2021-01-01T00:00:00+00:00
[2024-04-15T16:03:52.320+0000] {processor.py:176} INFO - Processing /home/airflow/.local/lib/python3.7/site-packages/airflow/example_dags/example_xcom.py took 0.263 seconds
[2024-04-15T16:04:22.671+0000] {processor.py:154} INFO - Started process (PID=22328) to work on /home/airflow/.local/lib/python3.7/site-packages/airflow/example_dags/example_xcom.py
[2024-04-15T16:04:22.680+0000] {processor.py:756} INFO - Processing file /home/airflow/.local/lib/python3.7/site-packages/airflow/example_dags/example_xcom.py for tasks to queue
[2024-04-15T16:04:22.685+0000] {logging_mixin.py:120} INFO - [2024-04-15T16:04:22.684+0000] {dagbag.py:537} INFO - Filling up the DagBag from /home/airflow/.local/lib/python3.7/site-packages/airflow/example_dags/example_xcom.py
[2024-04-15T16:04:22.747+0000] {processor.py:766} INFO - DAG(s) dict_keys(['example_xcom']) retrieved from /home/airflow/.local/lib/python3.7/site-packages/airflow/example_dags/example_xcom.py
[2024-04-15T16:04:22.849+0000] {logging_mixin.py:120} INFO - [2024-04-15T16:04:22.848+0000] {dag.py:2585} INFO - Sync 1 DAGs
[2024-04-15T16:04:22.951+0000] {logging_mixin.py:120} INFO - [2024-04-15T16:04:22.951+0000] {dag.py:3340} INFO - Setting next_dagrun for example_xcom to 2021-01-01T00:00:00+00:00, run_after=2021-01-01T00:00:00+00:00
[2024-04-15T16:04:23.018+0000] {processor.py:176} INFO - Processing /home/airflow/.local/lib/python3.7/site-packages/airflow/example_dags/example_xcom.py took 0.367 seconds
[2024-04-15T16:04:53.433+0000] {processor.py:154} INFO - Started process (PID=22397) to work on /home/airflow/.local/lib/python3.7/site-packages/airflow/example_dags/example_xcom.py
[2024-04-15T16:04:53.434+0000] {processor.py:756} INFO - Processing file /home/airflow/.local/lib/python3.7/site-packages/airflow/example_dags/example_xcom.py for tasks to queue
[2024-04-15T16:04:53.436+0000] {logging_mixin.py:120} INFO - [2024-04-15T16:04:53.436+0000] {dagbag.py:537} INFO - Filling up the DagBag from /home/airflow/.local/lib/python3.7/site-packages/airflow/example_dags/example_xcom.py
[2024-04-15T16:04:53.475+0000] {processor.py:766} INFO - DAG(s) dict_keys(['example_xcom']) retrieved from /home/airflow/.local/lib/python3.7/site-packages/airflow/example_dags/example_xcom.py
[2024-04-15T16:04:53.560+0000] {logging_mixin.py:120} INFO - [2024-04-15T16:04:53.559+0000] {dag.py:2585} INFO - Sync 1 DAGs
[2024-04-15T16:04:53.609+0000] {logging_mixin.py:120} INFO - [2024-04-15T16:04:53.609+0000] {dag.py:3340} INFO - Setting next_dagrun for example_xcom to 2021-01-01T00:00:00+00:00, run_after=2021-01-01T00:00:00+00:00
[2024-04-15T16:04:53.651+0000] {processor.py:176} INFO - Processing /home/airflow/.local/lib/python3.7/site-packages/airflow/example_dags/example_xcom.py took 0.224 seconds
[2024-04-15T16:05:24.682+0000] {processor.py:154} INFO - Started process (PID=22477) to work on /home/airflow/.local/lib/python3.7/site-packages/airflow/example_dags/example_xcom.py
[2024-04-15T16:05:24.685+0000] {processor.py:756} INFO - Processing file /home/airflow/.local/lib/python3.7/site-packages/airflow/example_dags/example_xcom.py for tasks to queue
[2024-04-15T16:05:24.686+0000] {logging_mixin.py:120} INFO - [2024-04-15T16:05:24.686+0000] {dagbag.py:537} INFO - Filling up the DagBag from /home/airflow/.local/lib/python3.7/site-packages/airflow/example_dags/example_xcom.py
[2024-04-15T16:05:24.729+0000] {processor.py:766} INFO - DAG(s) dict_keys(['example_xcom']) retrieved from /home/airflow/.local/lib/python3.7/site-packages/airflow/example_dags/example_xcom.py
[2024-04-15T16:05:24.818+0000] {logging_mixin.py:120} INFO - [2024-04-15T16:05:24.818+0000] {dag.py:2585} INFO - Sync 1 DAGs
[2024-04-15T16:05:24.859+0000] {logging_mixin.py:120} INFO - [2024-04-15T16:05:24.858+0000] {dag.py:3340} INFO - Setting next_dagrun for example_xcom to 2021-01-01T00:00:00+00:00, run_after=2021-01-01T00:00:00+00:00
[2024-04-15T16:05:24.893+0000] {processor.py:176} INFO - Processing /home/airflow/.local/lib/python3.7/site-packages/airflow/example_dags/example_xcom.py took 0.218 seconds
[2024-04-15T16:05:55.008+0000] {processor.py:154} INFO - Started process (PID=22545) to work on /home/airflow/.local/lib/python3.7/site-packages/airflow/example_dags/example_xcom.py
[2024-04-15T16:05:55.011+0000] {processor.py:756} INFO - Processing file /home/airflow/.local/lib/python3.7/site-packages/airflow/example_dags/example_xcom.py for tasks to queue
[2024-04-15T16:05:55.014+0000] {logging_mixin.py:120} INFO - [2024-04-15T16:05:55.013+0000] {dagbag.py:537} INFO - Filling up the DagBag from /home/airflow/.local/lib/python3.7/site-packages/airflow/example_dags/example_xcom.py
[2024-04-15T16:05:55.056+0000] {processor.py:766} INFO - DAG(s) dict_keys(['example_xcom']) retrieved from /home/airflow/.local/lib/python3.7/site-packages/airflow/example_dags/example_xcom.py
[2024-04-15T16:05:55.137+0000] {logging_mixin.py:120} INFO - [2024-04-15T16:05:55.136+0000] {dag.py:2585} INFO - Sync 1 DAGs
[2024-04-15T16:05:55.180+0000] {logging_mixin.py:120} INFO - [2024-04-15T16:05:55.180+0000] {dag.py:3340} INFO - Setting next_dagrun for example_xcom to 2021-01-01T00:00:00+00:00, run_after=2021-01-01T00:00:00+00:00
[2024-04-15T16:05:55.213+0000] {processor.py:176} INFO - Processing /home/airflow/.local/lib/python3.7/site-packages/airflow/example_dags/example_xcom.py took 0.215 seconds
[2024-04-15T16:06:25.401+0000] {processor.py:154} INFO - Started process (PID=22622) to work on /home/airflow/.local/lib/python3.7/site-packages/airflow/example_dags/example_xcom.py
[2024-04-15T16:06:25.405+0000] {processor.py:756} INFO - Processing file /home/airflow/.local/lib/python3.7/site-packages/airflow/example_dags/example_xcom.py for tasks to queue
[2024-04-15T16:06:25.407+0000] {logging_mixin.py:120} INFO - [2024-04-15T16:06:25.407+0000] {dagbag.py:537} INFO - Filling up the DagBag from /home/airflow/.local/lib/python3.7/site-packages/airflow/example_dags/example_xcom.py
[2024-04-15T16:06:25.451+0000] {processor.py:766} INFO - DAG(s) dict_keys(['example_xcom']) retrieved from /home/airflow/.local/lib/python3.7/site-packages/airflow/example_dags/example_xcom.py
[2024-04-15T16:06:25.527+0000] {logging_mixin.py:120} INFO - [2024-04-15T16:06:25.527+0000] {dag.py:2585} INFO - Sync 1 DAGs
[2024-04-15T16:06:25.563+0000] {logging_mixin.py:120} INFO - [2024-04-15T16:06:25.562+0000] {dag.py:3340} INFO - Setting next_dagrun for example_xcom to 2021-01-01T00:00:00+00:00, run_after=2021-01-01T00:00:00+00:00
[2024-04-15T16:06:25.598+0000] {processor.py:176} INFO - Processing /home/airflow/.local/lib/python3.7/site-packages/airflow/example_dags/example_xcom.py took 0.207 seconds
[2024-04-15T16:06:56.027+0000] {processor.py:154} INFO - Started process (PID=22693) to work on /home/airflow/.local/lib/python3.7/site-packages/airflow/example_dags/example_xcom.py
[2024-04-15T16:06:56.029+0000] {processor.py:756} INFO - Processing file /home/airflow/.local/lib/python3.7/site-packages/airflow/example_dags/example_xcom.py for tasks to queue
[2024-04-15T16:06:56.031+0000] {logging_mixin.py:120} INFO - [2024-04-15T16:06:56.031+0000] {dagbag.py:537} INFO - Filling up the DagBag from /home/airflow/.local/lib/python3.7/site-packages/airflow/example_dags/example_xcom.py
[2024-04-15T16:06:56.065+0000] {processor.py:766} INFO - DAG(s) dict_keys(['example_xcom']) retrieved from /home/airflow/.local/lib/python3.7/site-packages/airflow/example_dags/example_xcom.py
[2024-04-15T16:06:56.137+0000] {logging_mixin.py:120} INFO - [2024-04-15T16:06:56.136+0000] {dag.py:2585} INFO - Sync 1 DAGs
[2024-04-15T16:06:56.173+0000] {logging_mixin.py:120} INFO - [2024-04-15T16:06:56.173+0000] {dag.py:3340} INFO - Setting next_dagrun for example_xcom to 2021-01-01T00:00:00+00:00, run_after=2021-01-01T00:00:00+00:00
[2024-04-15T16:06:56.204+0000] {processor.py:176} INFO - Processing /home/airflow/.local/lib/python3.7/site-packages/airflow/example_dags/example_xcom.py took 0.182 seconds
[2024-04-15T16:07:26.387+0000] {processor.py:154} INFO - Started process (PID=22770) to work on /home/airflow/.local/lib/python3.7/site-packages/airflow/example_dags/example_xcom.py
[2024-04-15T16:07:26.390+0000] {processor.py:756} INFO - Processing file /home/airflow/.local/lib/python3.7/site-packages/airflow/example_dags/example_xcom.py for tasks to queue
[2024-04-15T16:07:26.394+0000] {logging_mixin.py:120} INFO - [2024-04-15T16:07:26.394+0000] {dagbag.py:537} INFO - Filling up the DagBag from /home/airflow/.local/lib/python3.7/site-packages/airflow/example_dags/example_xcom.py
[2024-04-15T16:07:26.440+0000] {processor.py:766} INFO - DAG(s) dict_keys(['example_xcom']) retrieved from /home/airflow/.local/lib/python3.7/site-packages/airflow/example_dags/example_xcom.py
[2024-04-15T16:07:26.516+0000] {logging_mixin.py:120} INFO - [2024-04-15T16:07:26.516+0000] {dag.py:2585} INFO - Sync 1 DAGs
[2024-04-15T16:07:26.564+0000] {logging_mixin.py:120} INFO - [2024-04-15T16:07:26.564+0000] {dag.py:3340} INFO - Setting next_dagrun for example_xcom to 2021-01-01T00:00:00+00:00, run_after=2021-01-01T00:00:00+00:00
[2024-04-15T16:07:26.594+0000] {processor.py:176} INFO - Processing /home/airflow/.local/lib/python3.7/site-packages/airflow/example_dags/example_xcom.py took 0.214 seconds
[2024-04-15T16:07:57.153+0000] {processor.py:154} INFO - Started process (PID=22847) to work on /home/airflow/.local/lib/python3.7/site-packages/airflow/example_dags/example_xcom.py
[2024-04-15T16:07:57.156+0000] {processor.py:756} INFO - Processing file /home/airflow/.local/lib/python3.7/site-packages/airflow/example_dags/example_xcom.py for tasks to queue
[2024-04-15T16:07:57.160+0000] {logging_mixin.py:120} INFO - [2024-04-15T16:07:57.159+0000] {dagbag.py:537} INFO - Filling up the DagBag from /home/airflow/.local/lib/python3.7/site-packages/airflow/example_dags/example_xcom.py
[2024-04-15T16:07:57.213+0000] {processor.py:766} INFO - DAG(s) dict_keys(['example_xcom']) retrieved from /home/airflow/.local/lib/python3.7/site-packages/airflow/example_dags/example_xcom.py
[2024-04-15T16:07:57.301+0000] {logging_mixin.py:120} INFO - [2024-04-15T16:07:57.300+0000] {dag.py:2585} INFO - Sync 1 DAGs
[2024-04-15T16:07:57.354+0000] {logging_mixin.py:120} INFO - [2024-04-15T16:07:57.353+0000] {dag.py:3340} INFO - Setting next_dagrun for example_xcom to 2021-01-01T00:00:00+00:00, run_after=2021-01-01T00:00:00+00:00
[2024-04-15T16:07:57.399+0000] {processor.py:176} INFO - Processing /home/airflow/.local/lib/python3.7/site-packages/airflow/example_dags/example_xcom.py took 0.257 seconds
[2024-04-15T16:08:27.689+0000] {processor.py:154} INFO - Started process (PID=22917) to work on /home/airflow/.local/lib/python3.7/site-packages/airflow/example_dags/example_xcom.py
[2024-04-15T16:08:27.693+0000] {processor.py:756} INFO - Processing file /home/airflow/.local/lib/python3.7/site-packages/airflow/example_dags/example_xcom.py for tasks to queue
[2024-04-15T16:08:27.696+0000] {logging_mixin.py:120} INFO - [2024-04-15T16:08:27.696+0000] {dagbag.py:537} INFO - Filling up the DagBag from /home/airflow/.local/lib/python3.7/site-packages/airflow/example_dags/example_xcom.py
[2024-04-15T16:08:27.766+0000] {processor.py:766} INFO - DAG(s) dict_keys(['example_xcom']) retrieved from /home/airflow/.local/lib/python3.7/site-packages/airflow/example_dags/example_xcom.py
[2024-04-15T16:08:28.009+0000] {logging_mixin.py:120} INFO - [2024-04-15T16:08:28.008+0000] {dag.py:2585} INFO - Sync 1 DAGs
[2024-04-15T16:08:28.057+0000] {logging_mixin.py:120} INFO - [2024-04-15T16:08:28.057+0000] {dag.py:3340} INFO - Setting next_dagrun for example_xcom to 2021-01-01T00:00:00+00:00, run_after=2021-01-01T00:00:00+00:00
[2024-04-15T16:08:28.096+0000] {processor.py:176} INFO - Processing /home/airflow/.local/lib/python3.7/site-packages/airflow/example_dags/example_xcom.py took 0.417 seconds
[2024-04-15T16:08:58.294+0000] {processor.py:154} INFO - Started process (PID=22993) to work on /home/airflow/.local/lib/python3.7/site-packages/airflow/example_dags/example_xcom.py
[2024-04-15T16:08:58.296+0000] {processor.py:756} INFO - Processing file /home/airflow/.local/lib/python3.7/site-packages/airflow/example_dags/example_xcom.py for tasks to queue
[2024-04-15T16:08:58.297+0000] {logging_mixin.py:120} INFO - [2024-04-15T16:08:58.297+0000] {dagbag.py:537} INFO - Filling up the DagBag from /home/airflow/.local/lib/python3.7/site-packages/airflow/example_dags/example_xcom.py
[2024-04-15T16:08:58.332+0000] {processor.py:766} INFO - DAG(s) dict_keys(['example_xcom']) retrieved from /home/airflow/.local/lib/python3.7/site-packages/airflow/example_dags/example_xcom.py
[2024-04-15T16:08:58.403+0000] {logging_mixin.py:120} INFO - [2024-04-15T16:08:58.403+0000] {dag.py:2585} INFO - Sync 1 DAGs
[2024-04-15T16:08:58.444+0000] {logging_mixin.py:120} INFO - [2024-04-15T16:08:58.443+0000] {dag.py:3340} INFO - Setting next_dagrun for example_xcom to 2021-01-01T00:00:00+00:00, run_after=2021-01-01T00:00:00+00:00
[2024-04-15T16:08:58.490+0000] {processor.py:176} INFO - Processing /home/airflow/.local/lib/python3.7/site-packages/airflow/example_dags/example_xcom.py took 0.201 seconds
[2024-04-15T16:09:28.710+0000] {processor.py:154} INFO - Started process (PID=23061) to work on /home/airflow/.local/lib/python3.7/site-packages/airflow/example_dags/example_xcom.py
[2024-04-15T16:09:28.715+0000] {processor.py:756} INFO - Processing file /home/airflow/.local/lib/python3.7/site-packages/airflow/example_dags/example_xcom.py for tasks to queue
[2024-04-15T16:09:28.719+0000] {logging_mixin.py:120} INFO - [2024-04-15T16:09:28.718+0000] {dagbag.py:537} INFO - Filling up the DagBag from /home/airflow/.local/lib/python3.7/site-packages/airflow/example_dags/example_xcom.py
[2024-04-15T16:09:28.763+0000] {processor.py:766} INFO - DAG(s) dict_keys(['example_xcom']) retrieved from /home/airflow/.local/lib/python3.7/site-packages/airflow/example_dags/example_xcom.py
[2024-04-15T16:09:28.835+0000] {logging_mixin.py:120} INFO - [2024-04-15T16:09:28.835+0000] {dag.py:2585} INFO - Sync 1 DAGs
[2024-04-15T16:09:28.891+0000] {logging_mixin.py:120} INFO - [2024-04-15T16:09:28.891+0000] {dag.py:3340} INFO - Setting next_dagrun for example_xcom to 2021-01-01T00:00:00+00:00, run_after=2021-01-01T00:00:00+00:00
[2024-04-15T16:09:28.928+0000] {processor.py:176} INFO - Processing /home/airflow/.local/lib/python3.7/site-packages/airflow/example_dags/example_xcom.py took 0.230 seconds
[2024-04-15T16:09:59.054+0000] {processor.py:154} INFO - Started process (PID=23138) to work on /home/airflow/.local/lib/python3.7/site-packages/airflow/example_dags/example_xcom.py
[2024-04-15T16:09:59.056+0000] {processor.py:756} INFO - Processing file /home/airflow/.local/lib/python3.7/site-packages/airflow/example_dags/example_xcom.py for tasks to queue
[2024-04-15T16:09:59.058+0000] {logging_mixin.py:120} INFO - [2024-04-15T16:09:59.058+0000] {dagbag.py:537} INFO - Filling up the DagBag from /home/airflow/.local/lib/python3.7/site-packages/airflow/example_dags/example_xcom.py
[2024-04-15T16:09:59.096+0000] {processor.py:766} INFO - DAG(s) dict_keys(['example_xcom']) retrieved from /home/airflow/.local/lib/python3.7/site-packages/airflow/example_dags/example_xcom.py
[2024-04-15T16:09:59.166+0000] {logging_mixin.py:120} INFO - [2024-04-15T16:09:59.166+0000] {dag.py:2585} INFO - Sync 1 DAGs
[2024-04-15T16:09:59.206+0000] {logging_mixin.py:120} INFO - [2024-04-15T16:09:59.206+0000] {dag.py:3340} INFO - Setting next_dagrun for example_xcom to 2021-01-01T00:00:00+00:00, run_after=2021-01-01T00:00:00+00:00
[2024-04-15T16:09:59.238+0000] {processor.py:176} INFO - Processing /home/airflow/.local/lib/python3.7/site-packages/airflow/example_dags/example_xcom.py took 0.189 seconds
[2024-04-15T16:10:29.402+0000] {processor.py:154} INFO - Started process (PID=23207) to work on /home/airflow/.local/lib/python3.7/site-packages/airflow/example_dags/example_xcom.py
[2024-04-15T16:10:29.405+0000] {processor.py:756} INFO - Processing file /home/airflow/.local/lib/python3.7/site-packages/airflow/example_dags/example_xcom.py for tasks to queue
[2024-04-15T16:10:29.408+0000] {logging_mixin.py:120} INFO - [2024-04-15T16:10:29.408+0000] {dagbag.py:537} INFO - Filling up the DagBag from /home/airflow/.local/lib/python3.7/site-packages/airflow/example_dags/example_xcom.py
[2024-04-15T16:10:29.448+0000] {processor.py:766} INFO - DAG(s) dict_keys(['example_xcom']) retrieved from /home/airflow/.local/lib/python3.7/site-packages/airflow/example_dags/example_xcom.py
[2024-04-15T16:10:29.521+0000] {logging_mixin.py:120} INFO - [2024-04-15T16:10:29.521+0000] {dag.py:2585} INFO - Sync 1 DAGs
[2024-04-15T16:10:29.570+0000] {logging_mixin.py:120} INFO - [2024-04-15T16:10:29.570+0000] {dag.py:3340} INFO - Setting next_dagrun for example_xcom to 2021-01-01T00:00:00+00:00, run_after=2021-01-01T00:00:00+00:00
[2024-04-15T16:10:29.613+0000] {processor.py:176} INFO - Processing /home/airflow/.local/lib/python3.7/site-packages/airflow/example_dags/example_xcom.py took 0.220 seconds
[2024-04-15T16:11:00.190+0000] {processor.py:154} INFO - Started process (PID=23287) to work on /home/airflow/.local/lib/python3.7/site-packages/airflow/example_dags/example_xcom.py
[2024-04-15T16:11:00.193+0000] {processor.py:756} INFO - Processing file /home/airflow/.local/lib/python3.7/site-packages/airflow/example_dags/example_xcom.py for tasks to queue
[2024-04-15T16:11:00.195+0000] {logging_mixin.py:120} INFO - [2024-04-15T16:11:00.195+0000] {dagbag.py:537} INFO - Filling up the DagBag from /home/airflow/.local/lib/python3.7/site-packages/airflow/example_dags/example_xcom.py
[2024-04-15T16:11:00.243+0000] {processor.py:766} INFO - DAG(s) dict_keys(['example_xcom']) retrieved from /home/airflow/.local/lib/python3.7/site-packages/airflow/example_dags/example_xcom.py
[2024-04-15T16:11:00.319+0000] {logging_mixin.py:120} INFO - [2024-04-15T16:11:00.319+0000] {dag.py:2585} INFO - Sync 1 DAGs
[2024-04-15T16:11:00.359+0000] {logging_mixin.py:120} INFO - [2024-04-15T16:11:00.359+0000] {dag.py:3340} INFO - Setting next_dagrun for example_xcom to 2021-01-01T00:00:00+00:00, run_after=2021-01-01T00:00:00+00:00
[2024-04-15T16:11:00.393+0000] {processor.py:176} INFO - Processing /home/airflow/.local/lib/python3.7/site-packages/airflow/example_dags/example_xcom.py took 0.208 seconds
[2024-04-15T16:11:30.692+0000] {processor.py:154} INFO - Started process (PID=23365) to work on /home/airflow/.local/lib/python3.7/site-packages/airflow/example_dags/example_xcom.py
[2024-04-15T16:11:30.695+0000] {processor.py:756} INFO - Processing file /home/airflow/.local/lib/python3.7/site-packages/airflow/example_dags/example_xcom.py for tasks to queue
[2024-04-15T16:11:30.698+0000] {logging_mixin.py:120} INFO - [2024-04-15T16:11:30.698+0000] {dagbag.py:537} INFO - Filling up the DagBag from /home/airflow/.local/lib/python3.7/site-packages/airflow/example_dags/example_xcom.py
[2024-04-15T16:11:30.744+0000] {processor.py:766} INFO - DAG(s) dict_keys(['example_xcom']) retrieved from /home/airflow/.local/lib/python3.7/site-packages/airflow/example_dags/example_xcom.py
[2024-04-15T16:11:30.806+0000] {logging_mixin.py:120} INFO - [2024-04-15T16:11:30.806+0000] {dag.py:2585} INFO - Sync 1 DAGs
[2024-04-15T16:11:30.867+0000] {logging_mixin.py:120} INFO - [2024-04-15T16:11:30.867+0000] {dag.py:3340} INFO - Setting next_dagrun for example_xcom to 2021-01-01T00:00:00+00:00, run_after=2021-01-01T00:00:00+00:00
[2024-04-15T16:11:30.904+0000] {processor.py:176} INFO - Processing /home/airflow/.local/lib/python3.7/site-packages/airflow/example_dags/example_xcom.py took 0.222 seconds
[2024-04-15T16:12:01.521+0000] {processor.py:154} INFO - Started process (PID=23433) to work on /home/airflow/.local/lib/python3.7/site-packages/airflow/example_dags/example_xcom.py
[2024-04-15T16:12:01.524+0000] {processor.py:756} INFO - Processing file /home/airflow/.local/lib/python3.7/site-packages/airflow/example_dags/example_xcom.py for tasks to queue
[2024-04-15T16:12:01.526+0000] {logging_mixin.py:120} INFO - [2024-04-15T16:12:01.526+0000] {dagbag.py:537} INFO - Filling up the DagBag from /home/airflow/.local/lib/python3.7/site-packages/airflow/example_dags/example_xcom.py
[2024-04-15T16:12:01.582+0000] {processor.py:766} INFO - DAG(s) dict_keys(['example_xcom']) retrieved from /home/airflow/.local/lib/python3.7/site-packages/airflow/example_dags/example_xcom.py
[2024-04-15T16:12:01.687+0000] {logging_mixin.py:120} INFO - [2024-04-15T16:12:01.687+0000] {dag.py:2585} INFO - Sync 1 DAGs
[2024-04-15T16:12:01.728+0000] {logging_mixin.py:120} INFO - [2024-04-15T16:12:01.728+0000] {dag.py:3340} INFO - Setting next_dagrun for example_xcom to 2021-01-01T00:00:00+00:00, run_after=2021-01-01T00:00:00+00:00
[2024-04-15T16:12:01.758+0000] {processor.py:176} INFO - Processing /home/airflow/.local/lib/python3.7/site-packages/airflow/example_dags/example_xcom.py took 0.245 seconds
[2024-04-15T16:12:32.329+0000] {processor.py:154} INFO - Started process (PID=23512) to work on /home/airflow/.local/lib/python3.7/site-packages/airflow/example_dags/example_xcom.py
[2024-04-15T16:12:32.332+0000] {processor.py:756} INFO - Processing file /home/airflow/.local/lib/python3.7/site-packages/airflow/example_dags/example_xcom.py for tasks to queue
[2024-04-15T16:12:32.336+0000] {logging_mixin.py:120} INFO - [2024-04-15T16:12:32.336+0000] {dagbag.py:537} INFO - Filling up the DagBag from /home/airflow/.local/lib/python3.7/site-packages/airflow/example_dags/example_xcom.py
[2024-04-15T16:12:32.390+0000] {processor.py:766} INFO - DAG(s) dict_keys(['example_xcom']) retrieved from /home/airflow/.local/lib/python3.7/site-packages/airflow/example_dags/example_xcom.py
[2024-04-15T16:12:32.473+0000] {logging_mixin.py:120} INFO - [2024-04-15T16:12:32.472+0000] {dag.py:2585} INFO - Sync 1 DAGs
[2024-04-15T16:12:32.534+0000] {logging_mixin.py:120} INFO - [2024-04-15T16:12:32.534+0000] {dag.py:3340} INFO - Setting next_dagrun for example_xcom to 2021-01-01T00:00:00+00:00, run_after=2021-01-01T00:00:00+00:00
[2024-04-15T16:12:32.621+0000] {processor.py:176} INFO - Processing /home/airflow/.local/lib/python3.7/site-packages/airflow/example_dags/example_xcom.py took 0.301 seconds
[2024-04-15T16:13:03.439+0000] {processor.py:154} INFO - Started process (PID=23582) to work on /home/airflow/.local/lib/python3.7/site-packages/airflow/example_dags/example_xcom.py
[2024-04-15T16:13:03.442+0000] {processor.py:756} INFO - Processing file /home/airflow/.local/lib/python3.7/site-packages/airflow/example_dags/example_xcom.py for tasks to queue
[2024-04-15T16:13:03.443+0000] {logging_mixin.py:120} INFO - [2024-04-15T16:13:03.443+0000] {dagbag.py:537} INFO - Filling up the DagBag from /home/airflow/.local/lib/python3.7/site-packages/airflow/example_dags/example_xcom.py
[2024-04-15T16:13:03.482+0000] {processor.py:766} INFO - DAG(s) dict_keys(['example_xcom']) retrieved from /home/airflow/.local/lib/python3.7/site-packages/airflow/example_dags/example_xcom.py
[2024-04-15T16:13:03.548+0000] {logging_mixin.py:120} INFO - [2024-04-15T16:13:03.548+0000] {dag.py:2585} INFO - Sync 1 DAGs
[2024-04-15T16:13:03.585+0000] {logging_mixin.py:120} INFO - [2024-04-15T16:13:03.585+0000] {dag.py:3340} INFO - Setting next_dagrun for example_xcom to 2021-01-01T00:00:00+00:00, run_after=2021-01-01T00:00:00+00:00
[2024-04-15T16:13:03.620+0000] {processor.py:176} INFO - Processing /home/airflow/.local/lib/python3.7/site-packages/airflow/example_dags/example_xcom.py took 0.187 seconds
[2024-04-15T16:13:35.560+0000] {processor.py:154} INFO - Started process (PID=23659) to work on /home/airflow/.local/lib/python3.7/site-packages/airflow/example_dags/example_xcom.py
[2024-04-15T16:13:35.564+0000] {processor.py:756} INFO - Processing file /home/airflow/.local/lib/python3.7/site-packages/airflow/example_dags/example_xcom.py for tasks to queue
[2024-04-15T16:13:35.569+0000] {logging_mixin.py:120} INFO - [2024-04-15T16:13:35.569+0000] {dagbag.py:537} INFO - Filling up the DagBag from /home/airflow/.local/lib/python3.7/site-packages/airflow/example_dags/example_xcom.py
[2024-04-15T16:13:35.627+0000] {processor.py:766} INFO - DAG(s) dict_keys(['example_xcom']) retrieved from /home/airflow/.local/lib/python3.7/site-packages/airflow/example_dags/example_xcom.py
[2024-04-15T16:13:35.855+0000] {logging_mixin.py:120} INFO - [2024-04-15T16:13:35.854+0000] {dag.py:2585} INFO - Sync 1 DAGs
[2024-04-15T16:13:35.947+0000] {logging_mixin.py:120} INFO - [2024-04-15T16:13:35.947+0000] {dag.py:3340} INFO - Setting next_dagrun for example_xcom to 2021-01-01T00:00:00+00:00, run_after=2021-01-01T00:00:00+00:00
[2024-04-15T16:13:35.993+0000] {processor.py:176} INFO - Processing /home/airflow/.local/lib/python3.7/site-packages/airflow/example_dags/example_xcom.py took 0.450 seconds
[2024-04-15T16:20:26.406+0000] {processor.py:154} INFO - Started process (PID=23716) to work on /home/airflow/.local/lib/python3.7/site-packages/airflow/example_dags/example_xcom.py
[2024-04-15T16:20:26.409+0000] {processor.py:756} INFO - Processing file /home/airflow/.local/lib/python3.7/site-packages/airflow/example_dags/example_xcom.py for tasks to queue
[2024-04-15T16:20:26.411+0000] {logging_mixin.py:120} INFO - [2024-04-15T16:20:26.411+0000] {dagbag.py:537} INFO - Filling up the DagBag from /home/airflow/.local/lib/python3.7/site-packages/airflow/example_dags/example_xcom.py
[2024-04-15T16:20:26.491+0000] {processor.py:766} INFO - DAG(s) dict_keys(['example_xcom']) retrieved from /home/airflow/.local/lib/python3.7/site-packages/airflow/example_dags/example_xcom.py
[2024-04-15T16:20:26.636+0000] {logging_mixin.py:120} INFO - [2024-04-15T16:20:26.636+0000] {dag.py:2585} INFO - Sync 1 DAGs
[2024-04-15T16:20:26.698+0000] {logging_mixin.py:120} INFO - [2024-04-15T16:20:26.697+0000] {dag.py:3340} INFO - Setting next_dagrun for example_xcom to 2021-01-01T00:00:00+00:00, run_after=2021-01-01T00:00:00+00:00
[2024-04-15T16:20:26.736+0000] {processor.py:176} INFO - Processing /home/airflow/.local/lib/python3.7/site-packages/airflow/example_dags/example_xcom.py took 0.348 seconds
