[2024-04-15T15:40:18.269+0000] {processor.py:154} INFO - Started process (PID=18843) to work on /home/airflow/.local/lib/python3.7/site-packages/airflow/example_dags/example_trigger_controller_dag.py
[2024-04-15T15:40:18.317+0000] {processor.py:756} INFO - Processing file /home/airflow/.local/lib/python3.7/site-packages/airflow/example_dags/example_trigger_controller_dag.py for tasks to queue
[2024-04-15T15:40:18.323+0000] {logging_mixin.py:120} INFO - [2024-04-15T15:40:18.323+0000] {dagbag.py:537} INFO - Filling up the DagBag from /home/airflow/.local/lib/python3.7/site-packages/airflow/example_dags/example_trigger_controller_dag.py
[2024-04-15T15:40:18.374+0000] {processor.py:766} INFO - DAG(s) dict_keys(['example_trigger_controller_dag']) retrieved from /home/airflow/.local/lib/python3.7/site-packages/airflow/example_dags/example_trigger_controller_dag.py
[2024-04-15T15:40:18.987+0000] {logging_mixin.py:120} INFO - [2024-04-15T15:40:18.986+0000] {dag.py:2585} INFO - Sync 1 DAGs
[2024-04-15T15:40:20.008+0000] {logging_mixin.py:120} INFO - [2024-04-15T15:40:20.007+0000] {dag.py:3340} INFO - Setting next_dagrun for example_trigger_controller_dag to 2021-01-01T00:00:00+00:00, run_after=2021-01-01T00:00:00+00:00
[2024-04-15T15:40:15.439+0000] {processor.py:176} INFO - Processing /home/airflow/.local/lib/python3.7/site-packages/airflow/example_dags/example_trigger_controller_dag.py took 2.324 seconds
[2024-04-15T15:40:45.670+0000] {processor.py:154} INFO - Started process (PID=18901) to work on /home/airflow/.local/lib/python3.7/site-packages/airflow/example_dags/example_trigger_controller_dag.py
[2024-04-15T15:40:45.673+0000] {processor.py:756} INFO - Processing file /home/airflow/.local/lib/python3.7/site-packages/airflow/example_dags/example_trigger_controller_dag.py for tasks to queue
[2024-04-15T15:40:45.676+0000] {logging_mixin.py:120} INFO - [2024-04-15T15:40:45.676+0000] {dagbag.py:537} INFO - Filling up the DagBag from /home/airflow/.local/lib/python3.7/site-packages/airflow/example_dags/example_trigger_controller_dag.py
[2024-04-15T15:40:45.708+0000] {processor.py:766} INFO - DAG(s) dict_keys(['example_trigger_controller_dag']) retrieved from /home/airflow/.local/lib/python3.7/site-packages/airflow/example_dags/example_trigger_controller_dag.py
[2024-04-15T15:40:45.806+0000] {logging_mixin.py:120} INFO - [2024-04-15T15:40:45.806+0000] {dag.py:2585} INFO - Sync 1 DAGs
[2024-04-15T15:40:45.862+0000] {logging_mixin.py:120} INFO - [2024-04-15T15:40:45.862+0000] {dag.py:3340} INFO - Setting next_dagrun for example_trigger_controller_dag to 2021-01-01T00:00:00+00:00, run_after=2021-01-01T00:00:00+00:00
[2024-04-15T15:40:45.910+0000] {processor.py:176} INFO - Processing /home/airflow/.local/lib/python3.7/site-packages/airflow/example_dags/example_trigger_controller_dag.py took 0.251 seconds
[2024-04-15T15:41:16.191+0000] {processor.py:154} INFO - Started process (PID=18979) to work on /home/airflow/.local/lib/python3.7/site-packages/airflow/example_dags/example_trigger_controller_dag.py
[2024-04-15T15:41:16.194+0000] {processor.py:756} INFO - Processing file /home/airflow/.local/lib/python3.7/site-packages/airflow/example_dags/example_trigger_controller_dag.py for tasks to queue
[2024-04-15T15:41:16.195+0000] {logging_mixin.py:120} INFO - [2024-04-15T15:41:16.195+0000] {dagbag.py:537} INFO - Filling up the DagBag from /home/airflow/.local/lib/python3.7/site-packages/airflow/example_dags/example_trigger_controller_dag.py
[2024-04-15T15:41:16.220+0000] {processor.py:766} INFO - DAG(s) dict_keys(['example_trigger_controller_dag']) retrieved from /home/airflow/.local/lib/python3.7/site-packages/airflow/example_dags/example_trigger_controller_dag.py
[2024-04-15T15:41:16.301+0000] {logging_mixin.py:120} INFO - [2024-04-15T15:41:16.301+0000] {dag.py:2585} INFO - Sync 1 DAGs
[2024-04-15T15:41:16.359+0000] {logging_mixin.py:120} INFO - [2024-04-15T15:41:16.359+0000] {dag.py:3340} INFO - Setting next_dagrun for example_trigger_controller_dag to 2021-01-01T00:00:00+00:00, run_after=2021-01-01T00:00:00+00:00
[2024-04-15T15:41:16.433+0000] {processor.py:176} INFO - Processing /home/airflow/.local/lib/python3.7/site-packages/airflow/example_dags/example_trigger_controller_dag.py took 0.271 seconds
[2024-04-15T15:41:46.748+0000] {processor.py:154} INFO - Started process (PID=19048) to work on /home/airflow/.local/lib/python3.7/site-packages/airflow/example_dags/example_trigger_controller_dag.py
[2024-04-15T15:41:46.750+0000] {processor.py:756} INFO - Processing file /home/airflow/.local/lib/python3.7/site-packages/airflow/example_dags/example_trigger_controller_dag.py for tasks to queue
[2024-04-15T15:41:46.751+0000] {logging_mixin.py:120} INFO - [2024-04-15T15:41:46.751+0000] {dagbag.py:537} INFO - Filling up the DagBag from /home/airflow/.local/lib/python3.7/site-packages/airflow/example_dags/example_trigger_controller_dag.py
[2024-04-15T15:41:46.773+0000] {processor.py:766} INFO - DAG(s) dict_keys(['example_trigger_controller_dag']) retrieved from /home/airflow/.local/lib/python3.7/site-packages/airflow/example_dags/example_trigger_controller_dag.py
[2024-04-15T15:41:46.849+0000] {logging_mixin.py:120} INFO - [2024-04-15T15:41:46.849+0000] {dag.py:2585} INFO - Sync 1 DAGs
[2024-04-15T15:41:46.891+0000] {logging_mixin.py:120} INFO - [2024-04-15T15:41:46.890+0000] {dag.py:3340} INFO - Setting next_dagrun for example_trigger_controller_dag to 2021-01-01T00:00:00+00:00, run_after=2021-01-01T00:00:00+00:00
[2024-04-15T15:41:46.927+0000] {processor.py:176} INFO - Processing /home/airflow/.local/lib/python3.7/site-packages/airflow/example_dags/example_trigger_controller_dag.py took 0.185 seconds
[2024-04-15T15:42:17.073+0000] {processor.py:154} INFO - Started process (PID=19125) to work on /home/airflow/.local/lib/python3.7/site-packages/airflow/example_dags/example_trigger_controller_dag.py
[2024-04-15T15:42:17.075+0000] {processor.py:756} INFO - Processing file /home/airflow/.local/lib/python3.7/site-packages/airflow/example_dags/example_trigger_controller_dag.py for tasks to queue
[2024-04-15T15:42:17.077+0000] {logging_mixin.py:120} INFO - [2024-04-15T15:42:17.077+0000] {dagbag.py:537} INFO - Filling up the DagBag from /home/airflow/.local/lib/python3.7/site-packages/airflow/example_dags/example_trigger_controller_dag.py
[2024-04-15T15:42:17.100+0000] {processor.py:766} INFO - DAG(s) dict_keys(['example_trigger_controller_dag']) retrieved from /home/airflow/.local/lib/python3.7/site-packages/airflow/example_dags/example_trigger_controller_dag.py
[2024-04-15T15:42:17.185+0000] {logging_mixin.py:120} INFO - [2024-04-15T15:42:17.185+0000] {dag.py:2585} INFO - Sync 1 DAGs
[2024-04-15T15:42:17.231+0000] {logging_mixin.py:120} INFO - [2024-04-15T15:42:17.231+0000] {dag.py:3340} INFO - Setting next_dagrun for example_trigger_controller_dag to 2021-01-01T00:00:00+00:00, run_after=2021-01-01T00:00:00+00:00
[2024-04-15T15:42:17.262+0000] {processor.py:176} INFO - Processing /home/airflow/.local/lib/python3.7/site-packages/airflow/example_dags/example_trigger_controller_dag.py took 0.197 seconds
[2024-04-15T15:42:47.725+0000] {processor.py:154} INFO - Started process (PID=19195) to work on /home/airflow/.local/lib/python3.7/site-packages/airflow/example_dags/example_trigger_controller_dag.py
[2024-04-15T15:42:47.728+0000] {processor.py:756} INFO - Processing file /home/airflow/.local/lib/python3.7/site-packages/airflow/example_dags/example_trigger_controller_dag.py for tasks to queue
[2024-04-15T15:42:47.729+0000] {logging_mixin.py:120} INFO - [2024-04-15T15:42:47.729+0000] {dagbag.py:537} INFO - Filling up the DagBag from /home/airflow/.local/lib/python3.7/site-packages/airflow/example_dags/example_trigger_controller_dag.py
[2024-04-15T15:42:47.751+0000] {processor.py:766} INFO - DAG(s) dict_keys(['example_trigger_controller_dag']) retrieved from /home/airflow/.local/lib/python3.7/site-packages/airflow/example_dags/example_trigger_controller_dag.py
[2024-04-15T15:42:47.820+0000] {logging_mixin.py:120} INFO - [2024-04-15T15:42:47.820+0000] {dag.py:2585} INFO - Sync 1 DAGs
[2024-04-15T15:42:47.860+0000] {logging_mixin.py:120} INFO - [2024-04-15T15:42:47.860+0000] {dag.py:3340} INFO - Setting next_dagrun for example_trigger_controller_dag to 2021-01-01T00:00:00+00:00, run_after=2021-01-01T00:00:00+00:00
[2024-04-15T15:42:47.893+0000] {processor.py:176} INFO - Processing /home/airflow/.local/lib/python3.7/site-packages/airflow/example_dags/example_trigger_controller_dag.py took 0.176 seconds
[2024-04-15T15:43:18.405+0000] {processor.py:154} INFO - Started process (PID=19273) to work on /home/airflow/.local/lib/python3.7/site-packages/airflow/example_dags/example_trigger_controller_dag.py
[2024-04-15T15:43:18.407+0000] {processor.py:756} INFO - Processing file /home/airflow/.local/lib/python3.7/site-packages/airflow/example_dags/example_trigger_controller_dag.py for tasks to queue
[2024-04-15T15:43:18.417+0000] {logging_mixin.py:120} INFO - [2024-04-15T15:43:18.417+0000] {dagbag.py:537} INFO - Filling up the DagBag from /home/airflow/.local/lib/python3.7/site-packages/airflow/example_dags/example_trigger_controller_dag.py
[2024-04-15T15:43:18.466+0000] {processor.py:766} INFO - DAG(s) dict_keys(['example_trigger_controller_dag']) retrieved from /home/airflow/.local/lib/python3.7/site-packages/airflow/example_dags/example_trigger_controller_dag.py
[2024-04-15T15:43:18.591+0000] {logging_mixin.py:120} INFO - [2024-04-15T15:43:18.591+0000] {dag.py:2585} INFO - Sync 1 DAGs
[2024-04-15T15:43:18.664+0000] {logging_mixin.py:120} INFO - [2024-04-15T15:43:18.664+0000] {dag.py:3340} INFO - Setting next_dagrun for example_trigger_controller_dag to 2021-01-01T00:00:00+00:00, run_after=2021-01-01T00:00:00+00:00
[2024-04-15T15:43:18.719+0000] {processor.py:176} INFO - Processing /home/airflow/.local/lib/python3.7/site-packages/airflow/example_dags/example_trigger_controller_dag.py took 0.328 seconds
[2024-04-15T15:43:49.475+0000] {processor.py:154} INFO - Started process (PID=19342) to work on /home/airflow/.local/lib/python3.7/site-packages/airflow/example_dags/example_trigger_controller_dag.py
[2024-04-15T15:43:49.477+0000] {processor.py:756} INFO - Processing file /home/airflow/.local/lib/python3.7/site-packages/airflow/example_dags/example_trigger_controller_dag.py for tasks to queue
[2024-04-15T15:43:49.480+0000] {logging_mixin.py:120} INFO - [2024-04-15T15:43:49.479+0000] {dagbag.py:537} INFO - Filling up the DagBag from /home/airflow/.local/lib/python3.7/site-packages/airflow/example_dags/example_trigger_controller_dag.py
[2024-04-15T15:43:49.504+0000] {processor.py:766} INFO - DAG(s) dict_keys(['example_trigger_controller_dag']) retrieved from /home/airflow/.local/lib/python3.7/site-packages/airflow/example_dags/example_trigger_controller_dag.py
[2024-04-15T15:43:49.584+0000] {logging_mixin.py:120} INFO - [2024-04-15T15:43:49.584+0000] {dag.py:2585} INFO - Sync 1 DAGs
[2024-04-15T15:43:49.625+0000] {logging_mixin.py:120} INFO - [2024-04-15T15:43:49.625+0000] {dag.py:3340} INFO - Setting next_dagrun for example_trigger_controller_dag to 2021-01-01T00:00:00+00:00, run_after=2021-01-01T00:00:00+00:00
[2024-04-15T15:43:49.655+0000] {processor.py:176} INFO - Processing /home/airflow/.local/lib/python3.7/site-packages/airflow/example_dags/example_trigger_controller_dag.py took 0.187 seconds
[2024-04-15T15:44:20.002+0000] {processor.py:154} INFO - Started process (PID=19421) to work on /home/airflow/.local/lib/python3.7/site-packages/airflow/example_dags/example_trigger_controller_dag.py
[2024-04-15T15:44:20.004+0000] {processor.py:756} INFO - Processing file /home/airflow/.local/lib/python3.7/site-packages/airflow/example_dags/example_trigger_controller_dag.py for tasks to queue
[2024-04-15T15:44:20.007+0000] {logging_mixin.py:120} INFO - [2024-04-15T15:44:20.006+0000] {dagbag.py:537} INFO - Filling up the DagBag from /home/airflow/.local/lib/python3.7/site-packages/airflow/example_dags/example_trigger_controller_dag.py
[2024-04-15T15:44:20.028+0000] {processor.py:766} INFO - DAG(s) dict_keys(['example_trigger_controller_dag']) retrieved from /home/airflow/.local/lib/python3.7/site-packages/airflow/example_dags/example_trigger_controller_dag.py
[2024-04-15T15:44:20.093+0000] {logging_mixin.py:120} INFO - [2024-04-15T15:44:20.093+0000] {dag.py:2585} INFO - Sync 1 DAGs
[2024-04-15T15:44:20.133+0000] {logging_mixin.py:120} INFO - [2024-04-15T15:44:20.132+0000] {dag.py:3340} INFO - Setting next_dagrun for example_trigger_controller_dag to 2021-01-01T00:00:00+00:00, run_after=2021-01-01T00:00:00+00:00
[2024-04-15T15:44:20.163+0000] {processor.py:176} INFO - Processing /home/airflow/.local/lib/python3.7/site-packages/airflow/example_dags/example_trigger_controller_dag.py took 0.169 seconds
[2024-04-15T15:44:50.967+0000] {processor.py:154} INFO - Started process (PID=19499) to work on /home/airflow/.local/lib/python3.7/site-packages/airflow/example_dags/example_trigger_controller_dag.py
[2024-04-15T15:44:50.969+0000] {processor.py:756} INFO - Processing file /home/airflow/.local/lib/python3.7/site-packages/airflow/example_dags/example_trigger_controller_dag.py for tasks to queue
[2024-04-15T15:44:50.971+0000] {logging_mixin.py:120} INFO - [2024-04-15T15:44:50.971+0000] {dagbag.py:537} INFO - Filling up the DagBag from /home/airflow/.local/lib/python3.7/site-packages/airflow/example_dags/example_trigger_controller_dag.py
[2024-04-15T15:44:50.995+0000] {processor.py:766} INFO - DAG(s) dict_keys(['example_trigger_controller_dag']) retrieved from /home/airflow/.local/lib/python3.7/site-packages/airflow/example_dags/example_trigger_controller_dag.py
[2024-04-15T15:44:51.076+0000] {logging_mixin.py:120} INFO - [2024-04-15T15:44:51.075+0000] {dag.py:2585} INFO - Sync 1 DAGs
[2024-04-15T15:44:51.141+0000] {logging_mixin.py:120} INFO - [2024-04-15T15:44:51.141+0000] {dag.py:3340} INFO - Setting next_dagrun for example_trigger_controller_dag to 2021-01-01T00:00:00+00:00, run_after=2021-01-01T00:00:00+00:00
[2024-04-15T15:44:51.180+0000] {processor.py:176} INFO - Processing /home/airflow/.local/lib/python3.7/site-packages/airflow/example_dags/example_trigger_controller_dag.py took 0.218 seconds
[2024-04-15T15:45:22.074+0000] {processor.py:154} INFO - Started process (PID=19568) to work on /home/airflow/.local/lib/python3.7/site-packages/airflow/example_dags/example_trigger_controller_dag.py
[2024-04-15T15:45:22.076+0000] {processor.py:756} INFO - Processing file /home/airflow/.local/lib/python3.7/site-packages/airflow/example_dags/example_trigger_controller_dag.py for tasks to queue
[2024-04-15T15:45:22.079+0000] {logging_mixin.py:120} INFO - [2024-04-15T15:45:22.079+0000] {dagbag.py:537} INFO - Filling up the DagBag from /home/airflow/.local/lib/python3.7/site-packages/airflow/example_dags/example_trigger_controller_dag.py
[2024-04-15T15:45:22.098+0000] {processor.py:766} INFO - DAG(s) dict_keys(['example_trigger_controller_dag']) retrieved from /home/airflow/.local/lib/python3.7/site-packages/airflow/example_dags/example_trigger_controller_dag.py
[2024-04-15T15:45:22.177+0000] {logging_mixin.py:120} INFO - [2024-04-15T15:45:22.176+0000] {dag.py:2585} INFO - Sync 1 DAGs
[2024-04-15T15:45:22.218+0000] {logging_mixin.py:120} INFO - [2024-04-15T15:45:22.217+0000] {dag.py:3340} INFO - Setting next_dagrun for example_trigger_controller_dag to 2021-01-01T00:00:00+00:00, run_after=2021-01-01T00:00:00+00:00
[2024-04-15T15:45:22.257+0000] {processor.py:176} INFO - Processing /home/airflow/.local/lib/python3.7/site-packages/airflow/example_dags/example_trigger_controller_dag.py took 0.189 seconds
[2024-04-15T15:45:53.082+0000] {processor.py:154} INFO - Started process (PID=19646) to work on /home/airflow/.local/lib/python3.7/site-packages/airflow/example_dags/example_trigger_controller_dag.py
[2024-04-15T15:45:53.084+0000] {processor.py:756} INFO - Processing file /home/airflow/.local/lib/python3.7/site-packages/airflow/example_dags/example_trigger_controller_dag.py for tasks to queue
[2024-04-15T15:45:53.088+0000] {logging_mixin.py:120} INFO - [2024-04-15T15:45:53.088+0000] {dagbag.py:537} INFO - Filling up the DagBag from /home/airflow/.local/lib/python3.7/site-packages/airflow/example_dags/example_trigger_controller_dag.py
[2024-04-15T15:45:53.127+0000] {processor.py:766} INFO - DAG(s) dict_keys(['example_trigger_controller_dag']) retrieved from /home/airflow/.local/lib/python3.7/site-packages/airflow/example_dags/example_trigger_controller_dag.py
[2024-04-15T15:45:53.249+0000] {logging_mixin.py:120} INFO - [2024-04-15T15:45:53.249+0000] {dag.py:2585} INFO - Sync 1 DAGs
[2024-04-15T15:45:53.315+0000] {logging_mixin.py:120} INFO - [2024-04-15T15:45:53.314+0000] {dag.py:3340} INFO - Setting next_dagrun for example_trigger_controller_dag to 2021-01-01T00:00:00+00:00, run_after=2021-01-01T00:00:00+00:00
[2024-04-15T15:45:53.360+0000] {processor.py:176} INFO - Processing /home/airflow/.local/lib/python3.7/site-packages/airflow/example_dags/example_trigger_controller_dag.py took 0.283 seconds
[2024-04-15T15:46:24.063+0000] {processor.py:154} INFO - Started process (PID=19714) to work on /home/airflow/.local/lib/python3.7/site-packages/airflow/example_dags/example_trigger_controller_dag.py
[2024-04-15T15:46:24.065+0000] {processor.py:756} INFO - Processing file /home/airflow/.local/lib/python3.7/site-packages/airflow/example_dags/example_trigger_controller_dag.py for tasks to queue
[2024-04-15T15:46:24.067+0000] {logging_mixin.py:120} INFO - [2024-04-15T15:46:24.067+0000] {dagbag.py:537} INFO - Filling up the DagBag from /home/airflow/.local/lib/python3.7/site-packages/airflow/example_dags/example_trigger_controller_dag.py
[2024-04-15T15:46:24.086+0000] {processor.py:766} INFO - DAG(s) dict_keys(['example_trigger_controller_dag']) retrieved from /home/airflow/.local/lib/python3.7/site-packages/airflow/example_dags/example_trigger_controller_dag.py
[2024-04-15T15:46:24.153+0000] {logging_mixin.py:120} INFO - [2024-04-15T15:46:24.153+0000] {dag.py:2585} INFO - Sync 1 DAGs
[2024-04-15T15:46:24.192+0000] {logging_mixin.py:120} INFO - [2024-04-15T15:46:24.192+0000] {dag.py:3340} INFO - Setting next_dagrun for example_trigger_controller_dag to 2021-01-01T00:00:00+00:00, run_after=2021-01-01T00:00:00+00:00
[2024-04-15T15:46:24.222+0000] {processor.py:176} INFO - Processing /home/airflow/.local/lib/python3.7/site-packages/airflow/example_dags/example_trigger_controller_dag.py took 0.166 seconds
[2024-04-15T15:46:54.428+0000] {processor.py:154} INFO - Started process (PID=19791) to work on /home/airflow/.local/lib/python3.7/site-packages/airflow/example_dags/example_trigger_controller_dag.py
[2024-04-15T15:46:54.434+0000] {processor.py:756} INFO - Processing file /home/airflow/.local/lib/python3.7/site-packages/airflow/example_dags/example_trigger_controller_dag.py for tasks to queue
[2024-04-15T15:46:54.441+0000] {logging_mixin.py:120} INFO - [2024-04-15T15:46:54.441+0000] {dagbag.py:537} INFO - Filling up the DagBag from /home/airflow/.local/lib/python3.7/site-packages/airflow/example_dags/example_trigger_controller_dag.py
[2024-04-15T15:46:54.468+0000] {processor.py:766} INFO - DAG(s) dict_keys(['example_trigger_controller_dag']) retrieved from /home/airflow/.local/lib/python3.7/site-packages/airflow/example_dags/example_trigger_controller_dag.py
[2024-04-15T15:46:54.569+0000] {logging_mixin.py:120} INFO - [2024-04-15T15:46:54.569+0000] {dag.py:2585} INFO - Sync 1 DAGs
[2024-04-15T15:46:54.617+0000] {logging_mixin.py:120} INFO - [2024-04-15T15:46:54.616+0000] {dag.py:3340} INFO - Setting next_dagrun for example_trigger_controller_dag to 2021-01-01T00:00:00+00:00, run_after=2021-01-01T00:00:00+00:00
[2024-04-15T15:46:54.649+0000] {processor.py:176} INFO - Processing /home/airflow/.local/lib/python3.7/site-packages/airflow/example_dags/example_trigger_controller_dag.py took 0.230 seconds
[2024-04-15T15:47:25.040+0000] {processor.py:154} INFO - Started process (PID=19862) to work on /home/airflow/.local/lib/python3.7/site-packages/airflow/example_dags/example_trigger_controller_dag.py
[2024-04-15T15:47:25.043+0000] {processor.py:756} INFO - Processing file /home/airflow/.local/lib/python3.7/site-packages/airflow/example_dags/example_trigger_controller_dag.py for tasks to queue
[2024-04-15T15:47:25.044+0000] {logging_mixin.py:120} INFO - [2024-04-15T15:47:25.044+0000] {dagbag.py:537} INFO - Filling up the DagBag from /home/airflow/.local/lib/python3.7/site-packages/airflow/example_dags/example_trigger_controller_dag.py
[2024-04-15T15:47:25.064+0000] {processor.py:766} INFO - DAG(s) dict_keys(['example_trigger_controller_dag']) retrieved from /home/airflow/.local/lib/python3.7/site-packages/airflow/example_dags/example_trigger_controller_dag.py
[2024-04-15T15:47:25.132+0000] {logging_mixin.py:120} INFO - [2024-04-15T15:47:25.132+0000] {dag.py:2585} INFO - Sync 1 DAGs
[2024-04-15T15:47:25.183+0000] {logging_mixin.py:120} INFO - [2024-04-15T15:47:25.182+0000] {dag.py:3340} INFO - Setting next_dagrun for example_trigger_controller_dag to 2021-01-01T00:00:00+00:00, run_after=2021-01-01T00:00:00+00:00
[2024-04-15T15:47:25.216+0000] {processor.py:176} INFO - Processing /home/airflow/.local/lib/python3.7/site-packages/airflow/example_dags/example_trigger_controller_dag.py took 0.184 seconds
[2024-04-15T15:47:55.690+0000] {processor.py:154} INFO - Started process (PID=19940) to work on /home/airflow/.local/lib/python3.7/site-packages/airflow/example_dags/example_trigger_controller_dag.py
[2024-04-15T15:47:55.693+0000] {processor.py:756} INFO - Processing file /home/airflow/.local/lib/python3.7/site-packages/airflow/example_dags/example_trigger_controller_dag.py for tasks to queue
[2024-04-15T15:47:55.701+0000] {logging_mixin.py:120} INFO - [2024-04-15T15:47:55.700+0000] {dagbag.py:537} INFO - Filling up the DagBag from /home/airflow/.local/lib/python3.7/site-packages/airflow/example_dags/example_trigger_controller_dag.py
[2024-04-15T15:47:55.734+0000] {processor.py:766} INFO - DAG(s) dict_keys(['example_trigger_controller_dag']) retrieved from /home/airflow/.local/lib/python3.7/site-packages/airflow/example_dags/example_trigger_controller_dag.py
[2024-04-15T15:47:55.806+0000] {logging_mixin.py:120} INFO - [2024-04-15T15:47:55.806+0000] {dag.py:2585} INFO - Sync 1 DAGs
[2024-04-15T15:47:55.846+0000] {logging_mixin.py:120} INFO - [2024-04-15T15:47:55.846+0000] {dag.py:3340} INFO - Setting next_dagrun for example_trigger_controller_dag to 2021-01-01T00:00:00+00:00, run_after=2021-01-01T00:00:00+00:00
[2024-04-15T15:47:55.883+0000] {processor.py:176} INFO - Processing /home/airflow/.local/lib/python3.7/site-packages/airflow/example_dags/example_trigger_controller_dag.py took 0.199 seconds
[2024-04-15T15:48:26.016+0000] {processor.py:154} INFO - Started process (PID=20019) to work on /home/airflow/.local/lib/python3.7/site-packages/airflow/example_dags/example_trigger_controller_dag.py
[2024-04-15T15:48:26.018+0000] {processor.py:756} INFO - Processing file /home/airflow/.local/lib/python3.7/site-packages/airflow/example_dags/example_trigger_controller_dag.py for tasks to queue
[2024-04-15T15:48:26.021+0000] {logging_mixin.py:120} INFO - [2024-04-15T15:48:26.020+0000] {dagbag.py:537} INFO - Filling up the DagBag from /home/airflow/.local/lib/python3.7/site-packages/airflow/example_dags/example_trigger_controller_dag.py
[2024-04-15T15:48:26.050+0000] {processor.py:766} INFO - DAG(s) dict_keys(['example_trigger_controller_dag']) retrieved from /home/airflow/.local/lib/python3.7/site-packages/airflow/example_dags/example_trigger_controller_dag.py
[2024-04-15T15:48:26.123+0000] {logging_mixin.py:120} INFO - [2024-04-15T15:48:26.123+0000] {dag.py:2585} INFO - Sync 1 DAGs
[2024-04-15T15:48:26.170+0000] {logging_mixin.py:120} INFO - [2024-04-15T15:48:26.169+0000] {dag.py:3340} INFO - Setting next_dagrun for example_trigger_controller_dag to 2021-01-01T00:00:00+00:00, run_after=2021-01-01T00:00:00+00:00
[2024-04-15T15:48:26.208+0000] {processor.py:176} INFO - Processing /home/airflow/.local/lib/python3.7/site-packages/airflow/example_dags/example_trigger_controller_dag.py took 0.200 seconds
[2024-04-15T15:48:56.688+0000] {processor.py:154} INFO - Started process (PID=20088) to work on /home/airflow/.local/lib/python3.7/site-packages/airflow/example_dags/example_trigger_controller_dag.py
[2024-04-15T15:48:56.695+0000] {processor.py:756} INFO - Processing file /home/airflow/.local/lib/python3.7/site-packages/airflow/example_dags/example_trigger_controller_dag.py for tasks to queue
[2024-04-15T15:48:56.706+0000] {logging_mixin.py:120} INFO - [2024-04-15T15:48:56.706+0000] {dagbag.py:537} INFO - Filling up the DagBag from /home/airflow/.local/lib/python3.7/site-packages/airflow/example_dags/example_trigger_controller_dag.py
[2024-04-15T15:48:56.813+0000] {processor.py:766} INFO - DAG(s) dict_keys(['example_trigger_controller_dag']) retrieved from /home/airflow/.local/lib/python3.7/site-packages/airflow/example_dags/example_trigger_controller_dag.py
[2024-04-15T15:48:57.190+0000] {logging_mixin.py:120} INFO - [2024-04-15T15:48:57.190+0000] {dag.py:2585} INFO - Sync 1 DAGs
[2024-04-15T15:48:57.350+0000] {logging_mixin.py:120} INFO - [2024-04-15T15:48:57.350+0000] {dag.py:3340} INFO - Setting next_dagrun for example_trigger_controller_dag to 2021-01-01T00:00:00+00:00, run_after=2021-01-01T00:00:00+00:00
[2024-04-15T15:48:57.427+0000] {processor.py:176} INFO - Processing /home/airflow/.local/lib/python3.7/site-packages/airflow/example_dags/example_trigger_controller_dag.py took 0.766 seconds
[2024-04-15T15:49:27.699+0000] {processor.py:154} INFO - Started process (PID=20166) to work on /home/airflow/.local/lib/python3.7/site-packages/airflow/example_dags/example_trigger_controller_dag.py
[2024-04-15T15:49:27.701+0000] {processor.py:756} INFO - Processing file /home/airflow/.local/lib/python3.7/site-packages/airflow/example_dags/example_trigger_controller_dag.py for tasks to queue
[2024-04-15T15:49:27.703+0000] {logging_mixin.py:120} INFO - [2024-04-15T15:49:27.703+0000] {dagbag.py:537} INFO - Filling up the DagBag from /home/airflow/.local/lib/python3.7/site-packages/airflow/example_dags/example_trigger_controller_dag.py
[2024-04-15T15:49:27.724+0000] {processor.py:766} INFO - DAG(s) dict_keys(['example_trigger_controller_dag']) retrieved from /home/airflow/.local/lib/python3.7/site-packages/airflow/example_dags/example_trigger_controller_dag.py
[2024-04-15T15:49:27.802+0000] {logging_mixin.py:120} INFO - [2024-04-15T15:49:27.802+0000] {dag.py:2585} INFO - Sync 1 DAGs
[2024-04-15T15:49:27.846+0000] {logging_mixin.py:120} INFO - [2024-04-15T15:49:27.846+0000] {dag.py:3340} INFO - Setting next_dagrun for example_trigger_controller_dag to 2021-01-01T00:00:00+00:00, run_after=2021-01-01T00:00:00+00:00
[2024-04-15T15:49:27.884+0000] {processor.py:176} INFO - Processing /home/airflow/.local/lib/python3.7/site-packages/airflow/example_dags/example_trigger_controller_dag.py took 0.190 seconds
[2024-04-15T15:49:58.116+0000] {processor.py:154} INFO - Started process (PID=20235) to work on /home/airflow/.local/lib/python3.7/site-packages/airflow/example_dags/example_trigger_controller_dag.py
[2024-04-15T15:49:58.118+0000] {processor.py:756} INFO - Processing file /home/airflow/.local/lib/python3.7/site-packages/airflow/example_dags/example_trigger_controller_dag.py for tasks to queue
[2024-04-15T15:49:58.120+0000] {logging_mixin.py:120} INFO - [2024-04-15T15:49:58.120+0000] {dagbag.py:537} INFO - Filling up the DagBag from /home/airflow/.local/lib/python3.7/site-packages/airflow/example_dags/example_trigger_controller_dag.py
[2024-04-15T15:49:58.143+0000] {processor.py:766} INFO - DAG(s) dict_keys(['example_trigger_controller_dag']) retrieved from /home/airflow/.local/lib/python3.7/site-packages/airflow/example_dags/example_trigger_controller_dag.py
[2024-04-15T15:49:58.219+0000] {logging_mixin.py:120} INFO - [2024-04-15T15:49:58.219+0000] {dag.py:2585} INFO - Sync 1 DAGs
[2024-04-15T15:49:58.260+0000] {logging_mixin.py:120} INFO - [2024-04-15T15:49:58.259+0000] {dag.py:3340} INFO - Setting next_dagrun for example_trigger_controller_dag to 2021-01-01T00:00:00+00:00, run_after=2021-01-01T00:00:00+00:00
[2024-04-15T15:49:58.291+0000] {processor.py:176} INFO - Processing /home/airflow/.local/lib/python3.7/site-packages/airflow/example_dags/example_trigger_controller_dag.py took 0.181 seconds
[2024-04-15T15:50:28.361+0000] {processor.py:154} INFO - Started process (PID=20314) to work on /home/airflow/.local/lib/python3.7/site-packages/airflow/example_dags/example_trigger_controller_dag.py
[2024-04-15T15:50:28.363+0000] {processor.py:756} INFO - Processing file /home/airflow/.local/lib/python3.7/site-packages/airflow/example_dags/example_trigger_controller_dag.py for tasks to queue
[2024-04-15T15:50:28.365+0000] {logging_mixin.py:120} INFO - [2024-04-15T15:50:28.365+0000] {dagbag.py:537} INFO - Filling up the DagBag from /home/airflow/.local/lib/python3.7/site-packages/airflow/example_dags/example_trigger_controller_dag.py
[2024-04-15T15:50:28.386+0000] {processor.py:766} INFO - DAG(s) dict_keys(['example_trigger_controller_dag']) retrieved from /home/airflow/.local/lib/python3.7/site-packages/airflow/example_dags/example_trigger_controller_dag.py
[2024-04-15T15:50:28.455+0000] {logging_mixin.py:120} INFO - [2024-04-15T15:50:28.454+0000] {dag.py:2585} INFO - Sync 1 DAGs
[2024-04-15T15:50:28.493+0000] {logging_mixin.py:120} INFO - [2024-04-15T15:50:28.492+0000] {dag.py:3340} INFO - Setting next_dagrun for example_trigger_controller_dag to 2021-01-01T00:00:00+00:00, run_after=2021-01-01T00:00:00+00:00
[2024-04-15T15:50:28.522+0000] {processor.py:176} INFO - Processing /home/airflow/.local/lib/python3.7/site-packages/airflow/example_dags/example_trigger_controller_dag.py took 0.166 seconds
[2024-04-15T15:50:59.008+0000] {processor.py:154} INFO - Started process (PID=20379) to work on /home/airflow/.local/lib/python3.7/site-packages/airflow/example_dags/example_trigger_controller_dag.py
[2024-04-15T15:50:59.010+0000] {processor.py:756} INFO - Processing file /home/airflow/.local/lib/python3.7/site-packages/airflow/example_dags/example_trigger_controller_dag.py for tasks to queue
[2024-04-15T15:50:59.013+0000] {logging_mixin.py:120} INFO - [2024-04-15T15:50:59.012+0000] {dagbag.py:537} INFO - Filling up the DagBag from /home/airflow/.local/lib/python3.7/site-packages/airflow/example_dags/example_trigger_controller_dag.py
[2024-04-15T15:50:59.032+0000] {processor.py:766} INFO - DAG(s) dict_keys(['example_trigger_controller_dag']) retrieved from /home/airflow/.local/lib/python3.7/site-packages/airflow/example_dags/example_trigger_controller_dag.py
[2024-04-15T15:50:59.098+0000] {logging_mixin.py:120} INFO - [2024-04-15T15:50:59.097+0000] {dag.py:2585} INFO - Sync 1 DAGs
[2024-04-15T15:50:59.135+0000] {logging_mixin.py:120} INFO - [2024-04-15T15:50:59.135+0000] {dag.py:3340} INFO - Setting next_dagrun for example_trigger_controller_dag to 2021-01-01T00:00:00+00:00, run_after=2021-01-01T00:00:00+00:00
[2024-04-15T15:50:59.163+0000] {processor.py:176} INFO - Processing /home/airflow/.local/lib/python3.7/site-packages/airflow/example_dags/example_trigger_controller_dag.py took 0.161 seconds
[2024-04-15T15:51:29.834+0000] {processor.py:154} INFO - Started process (PID=20458) to work on /home/airflow/.local/lib/python3.7/site-packages/airflow/example_dags/example_trigger_controller_dag.py
[2024-04-15T15:51:29.838+0000] {processor.py:756} INFO - Processing file /home/airflow/.local/lib/python3.7/site-packages/airflow/example_dags/example_trigger_controller_dag.py for tasks to queue
[2024-04-15T15:51:29.841+0000] {logging_mixin.py:120} INFO - [2024-04-15T15:51:29.841+0000] {dagbag.py:537} INFO - Filling up the DagBag from /home/airflow/.local/lib/python3.7/site-packages/airflow/example_dags/example_trigger_controller_dag.py
[2024-04-15T15:51:29.872+0000] {processor.py:766} INFO - DAG(s) dict_keys(['example_trigger_controller_dag']) retrieved from /home/airflow/.local/lib/python3.7/site-packages/airflow/example_dags/example_trigger_controller_dag.py
[2024-04-15T15:51:29.949+0000] {logging_mixin.py:120} INFO - [2024-04-15T15:51:29.948+0000] {dag.py:2585} INFO - Sync 1 DAGs
[2024-04-15T15:51:30.001+0000] {logging_mixin.py:120} INFO - [2024-04-15T15:51:30.001+0000] {dag.py:3340} INFO - Setting next_dagrun for example_trigger_controller_dag to 2021-01-01T00:00:00+00:00, run_after=2021-01-01T00:00:00+00:00
[2024-04-15T15:51:30.036+0000] {processor.py:176} INFO - Processing /home/airflow/.local/lib/python3.7/site-packages/airflow/example_dags/example_trigger_controller_dag.py took 0.209 seconds
[2024-04-15T15:52:00.346+0000] {processor.py:154} INFO - Started process (PID=20536) to work on /home/airflow/.local/lib/python3.7/site-packages/airflow/example_dags/example_trigger_controller_dag.py
[2024-04-15T15:52:00.350+0000] {processor.py:756} INFO - Processing file /home/airflow/.local/lib/python3.7/site-packages/airflow/example_dags/example_trigger_controller_dag.py for tasks to queue
[2024-04-15T15:52:00.352+0000] {logging_mixin.py:120} INFO - [2024-04-15T15:52:00.352+0000] {dagbag.py:537} INFO - Filling up the DagBag from /home/airflow/.local/lib/python3.7/site-packages/airflow/example_dags/example_trigger_controller_dag.py
[2024-04-15T15:52:00.375+0000] {processor.py:766} INFO - DAG(s) dict_keys(['example_trigger_controller_dag']) retrieved from /home/airflow/.local/lib/python3.7/site-packages/airflow/example_dags/example_trigger_controller_dag.py
[2024-04-15T15:52:00.453+0000] {logging_mixin.py:120} INFO - [2024-04-15T15:52:00.452+0000] {dag.py:2585} INFO - Sync 1 DAGs
[2024-04-15T15:52:00.495+0000] {logging_mixin.py:120} INFO - [2024-04-15T15:52:00.495+0000] {dag.py:3340} INFO - Setting next_dagrun for example_trigger_controller_dag to 2021-01-01T00:00:00+00:00, run_after=2021-01-01T00:00:00+00:00
[2024-04-15T15:52:00.524+0000] {processor.py:176} INFO - Processing /home/airflow/.local/lib/python3.7/site-packages/airflow/example_dags/example_trigger_controller_dag.py took 0.183 seconds
[2024-04-15T15:52:31.035+0000] {processor.py:154} INFO - Started process (PID=20607) to work on /home/airflow/.local/lib/python3.7/site-packages/airflow/example_dags/example_trigger_controller_dag.py
[2024-04-15T15:52:31.037+0000] {processor.py:756} INFO - Processing file /home/airflow/.local/lib/python3.7/site-packages/airflow/example_dags/example_trigger_controller_dag.py for tasks to queue
[2024-04-15T15:52:31.039+0000] {logging_mixin.py:120} INFO - [2024-04-15T15:52:31.038+0000] {dagbag.py:537} INFO - Filling up the DagBag from /home/airflow/.local/lib/python3.7/site-packages/airflow/example_dags/example_trigger_controller_dag.py
[2024-04-15T15:52:31.058+0000] {processor.py:766} INFO - DAG(s) dict_keys(['example_trigger_controller_dag']) retrieved from /home/airflow/.local/lib/python3.7/site-packages/airflow/example_dags/example_trigger_controller_dag.py
[2024-04-15T15:52:31.126+0000] {logging_mixin.py:120} INFO - [2024-04-15T15:52:31.125+0000] {dag.py:2585} INFO - Sync 1 DAGs
[2024-04-15T15:52:31.167+0000] {logging_mixin.py:120} INFO - [2024-04-15T15:52:31.167+0000] {dag.py:3340} INFO - Setting next_dagrun for example_trigger_controller_dag to 2021-01-01T00:00:00+00:00, run_after=2021-01-01T00:00:00+00:00
[2024-04-15T15:52:31.195+0000] {processor.py:176} INFO - Processing /home/airflow/.local/lib/python3.7/site-packages/airflow/example_dags/example_trigger_controller_dag.py took 0.167 seconds
[2024-04-15T15:53:01.726+0000] {processor.py:154} INFO - Started process (PID=20685) to work on /home/airflow/.local/lib/python3.7/site-packages/airflow/example_dags/example_trigger_controller_dag.py
[2024-04-15T15:53:01.729+0000] {processor.py:756} INFO - Processing file /home/airflow/.local/lib/python3.7/site-packages/airflow/example_dags/example_trigger_controller_dag.py for tasks to queue
[2024-04-15T15:53:01.731+0000] {logging_mixin.py:120} INFO - [2024-04-15T15:53:01.730+0000] {dagbag.py:537} INFO - Filling up the DagBag from /home/airflow/.local/lib/python3.7/site-packages/airflow/example_dags/example_trigger_controller_dag.py
[2024-04-15T15:53:01.764+0000] {processor.py:766} INFO - DAG(s) dict_keys(['example_trigger_controller_dag']) retrieved from /home/airflow/.local/lib/python3.7/site-packages/airflow/example_dags/example_trigger_controller_dag.py
[2024-04-15T15:53:01.858+0000] {logging_mixin.py:120} INFO - [2024-04-15T15:53:01.858+0000] {dag.py:2585} INFO - Sync 1 DAGs
[2024-04-15T15:53:01.909+0000] {logging_mixin.py:120} INFO - [2024-04-15T15:53:01.908+0000] {dag.py:3340} INFO - Setting next_dagrun for example_trigger_controller_dag to 2021-01-01T00:00:00+00:00, run_after=2021-01-01T00:00:00+00:00
[2024-04-15T15:53:01.940+0000] {processor.py:176} INFO - Processing /home/airflow/.local/lib/python3.7/site-packages/airflow/example_dags/example_trigger_controller_dag.py took 0.225 seconds
[2024-04-15T15:53:32.127+0000] {processor.py:154} INFO - Started process (PID=20754) to work on /home/airflow/.local/lib/python3.7/site-packages/airflow/example_dags/example_trigger_controller_dag.py
[2024-04-15T15:53:32.129+0000] {processor.py:756} INFO - Processing file /home/airflow/.local/lib/python3.7/site-packages/airflow/example_dags/example_trigger_controller_dag.py for tasks to queue
[2024-04-15T15:53:32.132+0000] {logging_mixin.py:120} INFO - [2024-04-15T15:53:32.132+0000] {dagbag.py:537} INFO - Filling up the DagBag from /home/airflow/.local/lib/python3.7/site-packages/airflow/example_dags/example_trigger_controller_dag.py
[2024-04-15T15:53:32.158+0000] {processor.py:766} INFO - DAG(s) dict_keys(['example_trigger_controller_dag']) retrieved from /home/airflow/.local/lib/python3.7/site-packages/airflow/example_dags/example_trigger_controller_dag.py
[2024-04-15T15:53:32.226+0000] {logging_mixin.py:120} INFO - [2024-04-15T15:53:32.226+0000] {dag.py:2585} INFO - Sync 1 DAGs
[2024-04-15T15:53:32.263+0000] {logging_mixin.py:120} INFO - [2024-04-15T15:53:32.262+0000] {dag.py:3340} INFO - Setting next_dagrun for example_trigger_controller_dag to 2021-01-01T00:00:00+00:00, run_after=2021-01-01T00:00:00+00:00
[2024-04-15T15:53:32.293+0000] {processor.py:176} INFO - Processing /home/airflow/.local/lib/python3.7/site-packages/airflow/example_dags/example_trigger_controller_dag.py took 0.172 seconds
[2024-04-15T15:54:02.536+0000] {processor.py:154} INFO - Started process (PID=20833) to work on /home/airflow/.local/lib/python3.7/site-packages/airflow/example_dags/example_trigger_controller_dag.py
[2024-04-15T15:54:02.540+0000] {processor.py:756} INFO - Processing file /home/airflow/.local/lib/python3.7/site-packages/airflow/example_dags/example_trigger_controller_dag.py for tasks to queue
[2024-04-15T15:54:02.545+0000] {logging_mixin.py:120} INFO - [2024-04-15T15:54:02.543+0000] {dagbag.py:537} INFO - Filling up the DagBag from /home/airflow/.local/lib/python3.7/site-packages/airflow/example_dags/example_trigger_controller_dag.py
[2024-04-15T15:54:02.585+0000] {processor.py:766} INFO - DAG(s) dict_keys(['example_trigger_controller_dag']) retrieved from /home/airflow/.local/lib/python3.7/site-packages/airflow/example_dags/example_trigger_controller_dag.py
[2024-04-15T15:54:02.657+0000] {logging_mixin.py:120} INFO - [2024-04-15T15:54:02.657+0000] {dag.py:2585} INFO - Sync 1 DAGs
[2024-04-15T15:54:02.707+0000] {logging_mixin.py:120} INFO - [2024-04-15T15:54:02.707+0000] {dag.py:3340} INFO - Setting next_dagrun for example_trigger_controller_dag to 2021-01-01T00:00:00+00:00, run_after=2021-01-01T00:00:00+00:00
[2024-04-15T15:54:02.739+0000] {processor.py:176} INFO - Processing /home/airflow/.local/lib/python3.7/site-packages/airflow/example_dags/example_trigger_controller_dag.py took 0.218 seconds
[2024-04-15T15:54:33.078+0000] {processor.py:154} INFO - Started process (PID=20902) to work on /home/airflow/.local/lib/python3.7/site-packages/airflow/example_dags/example_trigger_controller_dag.py
[2024-04-15T15:54:33.080+0000] {processor.py:756} INFO - Processing file /home/airflow/.local/lib/python3.7/site-packages/airflow/example_dags/example_trigger_controller_dag.py for tasks to queue
[2024-04-15T15:54:33.083+0000] {logging_mixin.py:120} INFO - [2024-04-15T15:54:33.082+0000] {dagbag.py:537} INFO - Filling up the DagBag from /home/airflow/.local/lib/python3.7/site-packages/airflow/example_dags/example_trigger_controller_dag.py
[2024-04-15T15:54:33.112+0000] {processor.py:766} INFO - DAG(s) dict_keys(['example_trigger_controller_dag']) retrieved from /home/airflow/.local/lib/python3.7/site-packages/airflow/example_dags/example_trigger_controller_dag.py
[2024-04-15T15:54:33.186+0000] {logging_mixin.py:120} INFO - [2024-04-15T15:54:33.186+0000] {dag.py:2585} INFO - Sync 1 DAGs
[2024-04-15T15:54:33.232+0000] {logging_mixin.py:120} INFO - [2024-04-15T15:54:33.232+0000] {dag.py:3340} INFO - Setting next_dagrun for example_trigger_controller_dag to 2021-01-01T00:00:00+00:00, run_after=2021-01-01T00:00:00+00:00
[2024-04-15T15:54:33.267+0000] {processor.py:176} INFO - Processing /home/airflow/.local/lib/python3.7/site-packages/airflow/example_dags/example_trigger_controller_dag.py took 0.200 seconds
[2024-04-15T15:55:03.662+0000] {processor.py:154} INFO - Started process (PID=20980) to work on /home/airflow/.local/lib/python3.7/site-packages/airflow/example_dags/example_trigger_controller_dag.py
[2024-04-15T15:55:03.666+0000] {processor.py:756} INFO - Processing file /home/airflow/.local/lib/python3.7/site-packages/airflow/example_dags/example_trigger_controller_dag.py for tasks to queue
[2024-04-15T15:55:03.667+0000] {logging_mixin.py:120} INFO - [2024-04-15T15:55:03.667+0000] {dagbag.py:537} INFO - Filling up the DagBag from /home/airflow/.local/lib/python3.7/site-packages/airflow/example_dags/example_trigger_controller_dag.py
[2024-04-15T15:55:03.689+0000] {processor.py:766} INFO - DAG(s) dict_keys(['example_trigger_controller_dag']) retrieved from /home/airflow/.local/lib/python3.7/site-packages/airflow/example_dags/example_trigger_controller_dag.py
[2024-04-15T15:55:03.760+0000] {logging_mixin.py:120} INFO - [2024-04-15T15:55:03.759+0000] {dag.py:2585} INFO - Sync 1 DAGs
[2024-04-15T15:55:03.798+0000] {logging_mixin.py:120} INFO - [2024-04-15T15:55:03.798+0000] {dag.py:3340} INFO - Setting next_dagrun for example_trigger_controller_dag to 2021-01-01T00:00:00+00:00, run_after=2021-01-01T00:00:00+00:00
[2024-04-15T15:55:03.829+0000] {processor.py:176} INFO - Processing /home/airflow/.local/lib/python3.7/site-packages/airflow/example_dags/example_trigger_controller_dag.py took 0.173 seconds
[2024-04-15T15:55:34.056+0000] {processor.py:154} INFO - Started process (PID=21049) to work on /home/airflow/.local/lib/python3.7/site-packages/airflow/example_dags/example_trigger_controller_dag.py
[2024-04-15T15:55:34.058+0000] {processor.py:756} INFO - Processing file /home/airflow/.local/lib/python3.7/site-packages/airflow/example_dags/example_trigger_controller_dag.py for tasks to queue
[2024-04-15T15:55:34.060+0000] {logging_mixin.py:120} INFO - [2024-04-15T15:55:34.059+0000] {dagbag.py:537} INFO - Filling up the DagBag from /home/airflow/.local/lib/python3.7/site-packages/airflow/example_dags/example_trigger_controller_dag.py
[2024-04-15T15:55:34.080+0000] {processor.py:766} INFO - DAG(s) dict_keys(['example_trigger_controller_dag']) retrieved from /home/airflow/.local/lib/python3.7/site-packages/airflow/example_dags/example_trigger_controller_dag.py
[2024-04-15T15:55:34.146+0000] {logging_mixin.py:120} INFO - [2024-04-15T15:55:34.145+0000] {dag.py:2585} INFO - Sync 1 DAGs
[2024-04-15T15:55:34.184+0000] {logging_mixin.py:120} INFO - [2024-04-15T15:55:34.184+0000] {dag.py:3340} INFO - Setting next_dagrun for example_trigger_controller_dag to 2021-01-01T00:00:00+00:00, run_after=2021-01-01T00:00:00+00:00
[2024-04-15T15:55:34.217+0000] {processor.py:176} INFO - Processing /home/airflow/.local/lib/python3.7/site-packages/airflow/example_dags/example_trigger_controller_dag.py took 0.165 seconds
[2024-04-15T15:56:04.655+0000] {processor.py:154} INFO - Started process (PID=21128) to work on /home/airflow/.local/lib/python3.7/site-packages/airflow/example_dags/example_trigger_controller_dag.py
[2024-04-15T15:56:04.657+0000] {processor.py:756} INFO - Processing file /home/airflow/.local/lib/python3.7/site-packages/airflow/example_dags/example_trigger_controller_dag.py for tasks to queue
[2024-04-15T15:56:04.659+0000] {logging_mixin.py:120} INFO - [2024-04-15T15:56:04.659+0000] {dagbag.py:537} INFO - Filling up the DagBag from /home/airflow/.local/lib/python3.7/site-packages/airflow/example_dags/example_trigger_controller_dag.py
[2024-04-15T15:56:04.678+0000] {processor.py:766} INFO - DAG(s) dict_keys(['example_trigger_controller_dag']) retrieved from /home/airflow/.local/lib/python3.7/site-packages/airflow/example_dags/example_trigger_controller_dag.py
[2024-04-15T15:56:04.751+0000] {logging_mixin.py:120} INFO - [2024-04-15T15:56:04.751+0000] {dag.py:2585} INFO - Sync 1 DAGs
[2024-04-15T15:56:04.789+0000] {logging_mixin.py:120} INFO - [2024-04-15T15:56:04.789+0000] {dag.py:3340} INFO - Setting next_dagrun for example_trigger_controller_dag to 2021-01-01T00:00:00+00:00, run_after=2021-01-01T00:00:00+00:00
[2024-04-15T15:56:04.822+0000] {processor.py:176} INFO - Processing /home/airflow/.local/lib/python3.7/site-packages/airflow/example_dags/example_trigger_controller_dag.py took 0.173 seconds
[2024-04-15T15:56:35.647+0000] {processor.py:154} INFO - Started process (PID=21205) to work on /home/airflow/.local/lib/python3.7/site-packages/airflow/example_dags/example_trigger_controller_dag.py
[2024-04-15T15:56:35.650+0000] {processor.py:756} INFO - Processing file /home/airflow/.local/lib/python3.7/site-packages/airflow/example_dags/example_trigger_controller_dag.py for tasks to queue
[2024-04-15T15:56:35.652+0000] {logging_mixin.py:120} INFO - [2024-04-15T15:56:35.652+0000] {dagbag.py:537} INFO - Filling up the DagBag from /home/airflow/.local/lib/python3.7/site-packages/airflow/example_dags/example_trigger_controller_dag.py
[2024-04-15T15:56:35.673+0000] {processor.py:766} INFO - DAG(s) dict_keys(['example_trigger_controller_dag']) retrieved from /home/airflow/.local/lib/python3.7/site-packages/airflow/example_dags/example_trigger_controller_dag.py
[2024-04-15T15:56:35.745+0000] {logging_mixin.py:120} INFO - [2024-04-15T15:56:35.745+0000] {dag.py:2585} INFO - Sync 1 DAGs
[2024-04-15T15:56:35.789+0000] {logging_mixin.py:120} INFO - [2024-04-15T15:56:35.789+0000] {dag.py:3340} INFO - Setting next_dagrun for example_trigger_controller_dag to 2021-01-01T00:00:00+00:00, run_after=2021-01-01T00:00:00+00:00
[2024-04-15T15:56:35.821+0000] {processor.py:176} INFO - Processing /home/airflow/.local/lib/python3.7/site-packages/airflow/example_dags/example_trigger_controller_dag.py took 0.183 seconds
[2024-04-15T15:57:06.009+0000] {processor.py:154} INFO - Started process (PID=21275) to work on /home/airflow/.local/lib/python3.7/site-packages/airflow/example_dags/example_trigger_controller_dag.py
[2024-04-15T15:57:06.011+0000] {processor.py:756} INFO - Processing file /home/airflow/.local/lib/python3.7/site-packages/airflow/example_dags/example_trigger_controller_dag.py for tasks to queue
[2024-04-15T15:57:06.013+0000] {logging_mixin.py:120} INFO - [2024-04-15T15:57:06.013+0000] {dagbag.py:537} INFO - Filling up the DagBag from /home/airflow/.local/lib/python3.7/site-packages/airflow/example_dags/example_trigger_controller_dag.py
[2024-04-15T15:57:06.037+0000] {processor.py:766} INFO - DAG(s) dict_keys(['example_trigger_controller_dag']) retrieved from /home/airflow/.local/lib/python3.7/site-packages/airflow/example_dags/example_trigger_controller_dag.py
[2024-04-15T15:57:06.106+0000] {logging_mixin.py:120} INFO - [2024-04-15T15:57:06.106+0000] {dag.py:2585} INFO - Sync 1 DAGs
[2024-04-15T15:57:06.149+0000] {logging_mixin.py:120} INFO - [2024-04-15T15:57:06.149+0000] {dag.py:3340} INFO - Setting next_dagrun for example_trigger_controller_dag to 2021-01-01T00:00:00+00:00, run_after=2021-01-01T00:00:00+00:00
[2024-04-15T15:57:06.184+0000] {processor.py:176} INFO - Processing /home/airflow/.local/lib/python3.7/site-packages/airflow/example_dags/example_trigger_controller_dag.py took 0.180 seconds
[2024-04-15T15:57:36.880+0000] {processor.py:154} INFO - Started process (PID=21355) to work on /home/airflow/.local/lib/python3.7/site-packages/airflow/example_dags/example_trigger_controller_dag.py
[2024-04-15T15:57:36.882+0000] {processor.py:756} INFO - Processing file /home/airflow/.local/lib/python3.7/site-packages/airflow/example_dags/example_trigger_controller_dag.py for tasks to queue
[2024-04-15T15:57:36.884+0000] {logging_mixin.py:120} INFO - [2024-04-15T15:57:36.884+0000] {dagbag.py:537} INFO - Filling up the DagBag from /home/airflow/.local/lib/python3.7/site-packages/airflow/example_dags/example_trigger_controller_dag.py
[2024-04-15T15:57:36.912+0000] {processor.py:766} INFO - DAG(s) dict_keys(['example_trigger_controller_dag']) retrieved from /home/airflow/.local/lib/python3.7/site-packages/airflow/example_dags/example_trigger_controller_dag.py
[2024-04-15T15:57:36.990+0000] {logging_mixin.py:120} INFO - [2024-04-15T15:57:36.990+0000] {dag.py:2585} INFO - Sync 1 DAGs
[2024-04-15T15:57:37.035+0000] {logging_mixin.py:120} INFO - [2024-04-15T15:57:37.034+0000] {dag.py:3340} INFO - Setting next_dagrun for example_trigger_controller_dag to 2021-01-01T00:00:00+00:00, run_after=2021-01-01T00:00:00+00:00
[2024-04-15T15:57:37.082+0000] {processor.py:176} INFO - Processing /home/airflow/.local/lib/python3.7/site-packages/airflow/example_dags/example_trigger_controller_dag.py took 0.209 seconds
[2024-04-15T15:58:07.667+0000] {processor.py:154} INFO - Started process (PID=21424) to work on /home/airflow/.local/lib/python3.7/site-packages/airflow/example_dags/example_trigger_controller_dag.py
[2024-04-15T15:58:07.669+0000] {processor.py:756} INFO - Processing file /home/airflow/.local/lib/python3.7/site-packages/airflow/example_dags/example_trigger_controller_dag.py for tasks to queue
[2024-04-15T15:58:07.672+0000] {logging_mixin.py:120} INFO - [2024-04-15T15:58:07.671+0000] {dagbag.py:537} INFO - Filling up the DagBag from /home/airflow/.local/lib/python3.7/site-packages/airflow/example_dags/example_trigger_controller_dag.py
[2024-04-15T15:58:07.695+0000] {processor.py:766} INFO - DAG(s) dict_keys(['example_trigger_controller_dag']) retrieved from /home/airflow/.local/lib/python3.7/site-packages/airflow/example_dags/example_trigger_controller_dag.py
[2024-04-15T15:58:07.765+0000] {logging_mixin.py:120} INFO - [2024-04-15T15:58:07.765+0000] {dag.py:2585} INFO - Sync 1 DAGs
[2024-04-15T15:58:07.807+0000] {logging_mixin.py:120} INFO - [2024-04-15T15:58:07.807+0000] {dag.py:3340} INFO - Setting next_dagrun for example_trigger_controller_dag to 2021-01-01T00:00:00+00:00, run_after=2021-01-01T00:00:00+00:00
[2024-04-15T15:58:07.844+0000] {processor.py:176} INFO - Processing /home/airflow/.local/lib/python3.7/site-packages/airflow/example_dags/example_trigger_controller_dag.py took 0.187 seconds
[2024-04-15T15:58:38.190+0000] {processor.py:154} INFO - Started process (PID=21500) to work on /home/airflow/.local/lib/python3.7/site-packages/airflow/example_dags/example_trigger_controller_dag.py
[2024-04-15T15:58:38.194+0000] {processor.py:756} INFO - Processing file /home/airflow/.local/lib/python3.7/site-packages/airflow/example_dags/example_trigger_controller_dag.py for tasks to queue
[2024-04-15T15:58:38.196+0000] {logging_mixin.py:120} INFO - [2024-04-15T15:58:38.196+0000] {dagbag.py:537} INFO - Filling up the DagBag from /home/airflow/.local/lib/python3.7/site-packages/airflow/example_dags/example_trigger_controller_dag.py
[2024-04-15T15:58:38.216+0000] {processor.py:766} INFO - DAG(s) dict_keys(['example_trigger_controller_dag']) retrieved from /home/airflow/.local/lib/python3.7/site-packages/airflow/example_dags/example_trigger_controller_dag.py
[2024-04-15T15:58:38.292+0000] {logging_mixin.py:120} INFO - [2024-04-15T15:58:38.292+0000] {dag.py:2585} INFO - Sync 1 DAGs
[2024-04-15T15:58:38.329+0000] {logging_mixin.py:120} INFO - [2024-04-15T15:58:38.328+0000] {dag.py:3340} INFO - Setting next_dagrun for example_trigger_controller_dag to 2021-01-01T00:00:00+00:00, run_after=2021-01-01T00:00:00+00:00
[2024-04-15T15:58:38.357+0000] {processor.py:176} INFO - Processing /home/airflow/.local/lib/python3.7/site-packages/airflow/example_dags/example_trigger_controller_dag.py took 0.176 seconds
[2024-04-15T15:59:08.926+0000] {processor.py:154} INFO - Started process (PID=21579) to work on /home/airflow/.local/lib/python3.7/site-packages/airflow/example_dags/example_trigger_controller_dag.py
[2024-04-15T15:59:08.929+0000] {processor.py:756} INFO - Processing file /home/airflow/.local/lib/python3.7/site-packages/airflow/example_dags/example_trigger_controller_dag.py for tasks to queue
[2024-04-15T15:59:08.931+0000] {logging_mixin.py:120} INFO - [2024-04-15T15:59:08.931+0000] {dagbag.py:537} INFO - Filling up the DagBag from /home/airflow/.local/lib/python3.7/site-packages/airflow/example_dags/example_trigger_controller_dag.py
[2024-04-15T15:59:08.962+0000] {processor.py:766} INFO - DAG(s) dict_keys(['example_trigger_controller_dag']) retrieved from /home/airflow/.local/lib/python3.7/site-packages/airflow/example_dags/example_trigger_controller_dag.py
[2024-04-15T15:59:09.047+0000] {logging_mixin.py:120} INFO - [2024-04-15T15:59:09.047+0000] {dag.py:2585} INFO - Sync 1 DAGs
[2024-04-15T15:59:09.098+0000] {logging_mixin.py:120} INFO - [2024-04-15T15:59:09.097+0000] {dag.py:3340} INFO - Setting next_dagrun for example_trigger_controller_dag to 2021-01-01T00:00:00+00:00, run_after=2021-01-01T00:00:00+00:00
[2024-04-15T15:59:09.160+0000] {processor.py:176} INFO - Processing /home/airflow/.local/lib/python3.7/site-packages/airflow/example_dags/example_trigger_controller_dag.py took 0.241 seconds
[2024-04-15T15:59:40.090+0000] {processor.py:154} INFO - Started process (PID=21648) to work on /home/airflow/.local/lib/python3.7/site-packages/airflow/example_dags/example_trigger_controller_dag.py
[2024-04-15T15:59:40.096+0000] {processor.py:756} INFO - Processing file /home/airflow/.local/lib/python3.7/site-packages/airflow/example_dags/example_trigger_controller_dag.py for tasks to queue
[2024-04-15T15:59:40.101+0000] {logging_mixin.py:120} INFO - [2024-04-15T15:59:40.101+0000] {dagbag.py:537} INFO - Filling up the DagBag from /home/airflow/.local/lib/python3.7/site-packages/airflow/example_dags/example_trigger_controller_dag.py
[2024-04-15T15:59:40.151+0000] {processor.py:766} INFO - DAG(s) dict_keys(['example_trigger_controller_dag']) retrieved from /home/airflow/.local/lib/python3.7/site-packages/airflow/example_dags/example_trigger_controller_dag.py
[2024-04-15T15:59:40.269+0000] {logging_mixin.py:120} INFO - [2024-04-15T15:59:40.269+0000] {dag.py:2585} INFO - Sync 1 DAGs
[2024-04-15T15:59:40.350+0000] {logging_mixin.py:120} INFO - [2024-04-15T15:59:40.348+0000] {dag.py:3340} INFO - Setting next_dagrun for example_trigger_controller_dag to 2021-01-01T00:00:00+00:00, run_after=2021-01-01T00:00:00+00:00
[2024-04-15T15:59:40.411+0000] {processor.py:176} INFO - Processing /home/airflow/.local/lib/python3.7/site-packages/airflow/example_dags/example_trigger_controller_dag.py took 0.337 seconds
[2024-04-15T16:00:10.617+0000] {processor.py:154} INFO - Started process (PID=21726) to work on /home/airflow/.local/lib/python3.7/site-packages/airflow/example_dags/example_trigger_controller_dag.py
[2024-04-15T16:00:10.620+0000] {processor.py:756} INFO - Processing file /home/airflow/.local/lib/python3.7/site-packages/airflow/example_dags/example_trigger_controller_dag.py for tasks to queue
[2024-04-15T16:00:10.621+0000] {logging_mixin.py:120} INFO - [2024-04-15T16:00:10.621+0000] {dagbag.py:537} INFO - Filling up the DagBag from /home/airflow/.local/lib/python3.7/site-packages/airflow/example_dags/example_trigger_controller_dag.py
[2024-04-15T16:00:10.641+0000] {processor.py:766} INFO - DAG(s) dict_keys(['example_trigger_controller_dag']) retrieved from /home/airflow/.local/lib/python3.7/site-packages/airflow/example_dags/example_trigger_controller_dag.py
[2024-04-15T16:00:10.705+0000] {logging_mixin.py:120} INFO - [2024-04-15T16:00:10.705+0000] {dag.py:2585} INFO - Sync 1 DAGs
[2024-04-15T16:00:10.744+0000] {logging_mixin.py:120} INFO - [2024-04-15T16:00:10.744+0000] {dag.py:3340} INFO - Setting next_dagrun for example_trigger_controller_dag to 2021-01-01T00:00:00+00:00, run_after=2021-01-01T00:00:00+00:00
[2024-04-15T16:00:10.774+0000] {processor.py:176} INFO - Processing /home/airflow/.local/lib/python3.7/site-packages/airflow/example_dags/example_trigger_controller_dag.py took 0.163 seconds
[2024-04-15T16:00:40.958+0000] {processor.py:154} INFO - Started process (PID=21795) to work on /home/airflow/.local/lib/python3.7/site-packages/airflow/example_dags/example_trigger_controller_dag.py
[2024-04-15T16:00:40.961+0000] {processor.py:756} INFO - Processing file /home/airflow/.local/lib/python3.7/site-packages/airflow/example_dags/example_trigger_controller_dag.py for tasks to queue
[2024-04-15T16:00:40.963+0000] {logging_mixin.py:120} INFO - [2024-04-15T16:00:40.963+0000] {dagbag.py:537} INFO - Filling up the DagBag from /home/airflow/.local/lib/python3.7/site-packages/airflow/example_dags/example_trigger_controller_dag.py
[2024-04-15T16:00:40.987+0000] {processor.py:766} INFO - DAG(s) dict_keys(['example_trigger_controller_dag']) retrieved from /home/airflow/.local/lib/python3.7/site-packages/airflow/example_dags/example_trigger_controller_dag.py
[2024-04-15T16:00:41.066+0000] {logging_mixin.py:120} INFO - [2024-04-15T16:00:41.066+0000] {dag.py:2585} INFO - Sync 1 DAGs
[2024-04-15T16:00:41.120+0000] {logging_mixin.py:120} INFO - [2024-04-15T16:00:41.119+0000] {dag.py:3340} INFO - Setting next_dagrun for example_trigger_controller_dag to 2021-01-01T00:00:00+00:00, run_after=2021-01-01T00:00:00+00:00
[2024-04-15T16:00:41.163+0000] {processor.py:176} INFO - Processing /home/airflow/.local/lib/python3.7/site-packages/airflow/example_dags/example_trigger_controller_dag.py took 0.214 seconds
[2024-04-15T16:01:11.272+0000] {processor.py:154} INFO - Started process (PID=21873) to work on /home/airflow/.local/lib/python3.7/site-packages/airflow/example_dags/example_trigger_controller_dag.py
[2024-04-15T16:01:11.274+0000] {processor.py:756} INFO - Processing file /home/airflow/.local/lib/python3.7/site-packages/airflow/example_dags/example_trigger_controller_dag.py for tasks to queue
[2024-04-15T16:01:11.277+0000] {logging_mixin.py:120} INFO - [2024-04-15T16:01:11.277+0000] {dagbag.py:537} INFO - Filling up the DagBag from /home/airflow/.local/lib/python3.7/site-packages/airflow/example_dags/example_trigger_controller_dag.py
[2024-04-15T16:01:11.297+0000] {processor.py:766} INFO - DAG(s) dict_keys(['example_trigger_controller_dag']) retrieved from /home/airflow/.local/lib/python3.7/site-packages/airflow/example_dags/example_trigger_controller_dag.py
[2024-04-15T16:01:11.387+0000] {logging_mixin.py:120} INFO - [2024-04-15T16:01:11.387+0000] {dag.py:2585} INFO - Sync 1 DAGs
[2024-04-15T16:01:11.435+0000] {logging_mixin.py:120} INFO - [2024-04-15T16:01:11.435+0000] {dag.py:3340} INFO - Setting next_dagrun for example_trigger_controller_dag to 2021-01-01T00:00:00+00:00, run_after=2021-01-01T00:00:00+00:00
[2024-04-15T16:01:11.470+0000] {processor.py:176} INFO - Processing /home/airflow/.local/lib/python3.7/site-packages/airflow/example_dags/example_trigger_controller_dag.py took 0.204 seconds
[2024-04-15T16:01:41.839+0000] {processor.py:154} INFO - Started process (PID=21942) to work on /home/airflow/.local/lib/python3.7/site-packages/airflow/example_dags/example_trigger_controller_dag.py
[2024-04-15T16:01:41.841+0000] {processor.py:756} INFO - Processing file /home/airflow/.local/lib/python3.7/site-packages/airflow/example_dags/example_trigger_controller_dag.py for tasks to queue
[2024-04-15T16:01:41.842+0000] {logging_mixin.py:120} INFO - [2024-04-15T16:01:41.842+0000] {dagbag.py:537} INFO - Filling up the DagBag from /home/airflow/.local/lib/python3.7/site-packages/airflow/example_dags/example_trigger_controller_dag.py
[2024-04-15T16:01:41.863+0000] {processor.py:766} INFO - DAG(s) dict_keys(['example_trigger_controller_dag']) retrieved from /home/airflow/.local/lib/python3.7/site-packages/airflow/example_dags/example_trigger_controller_dag.py
[2024-04-15T16:01:41.932+0000] {logging_mixin.py:120} INFO - [2024-04-15T16:01:41.932+0000] {dag.py:2585} INFO - Sync 1 DAGs
[2024-04-15T16:01:41.970+0000] {logging_mixin.py:120} INFO - [2024-04-15T16:01:41.970+0000] {dag.py:3340} INFO - Setting next_dagrun for example_trigger_controller_dag to 2021-01-01T00:00:00+00:00, run_after=2021-01-01T00:00:00+00:00
[2024-04-15T16:01:42.004+0000] {processor.py:176} INFO - Processing /home/airflow/.local/lib/python3.7/site-packages/airflow/example_dags/example_trigger_controller_dag.py took 0.173 seconds
[2024-04-15T16:02:12.720+0000] {processor.py:154} INFO - Started process (PID=22019) to work on /home/airflow/.local/lib/python3.7/site-packages/airflow/example_dags/example_trigger_controller_dag.py
[2024-04-15T16:02:12.722+0000] {processor.py:756} INFO - Processing file /home/airflow/.local/lib/python3.7/site-packages/airflow/example_dags/example_trigger_controller_dag.py for tasks to queue
[2024-04-15T16:02:12.726+0000] {logging_mixin.py:120} INFO - [2024-04-15T16:02:12.726+0000] {dagbag.py:537} INFO - Filling up the DagBag from /home/airflow/.local/lib/python3.7/site-packages/airflow/example_dags/example_trigger_controller_dag.py
[2024-04-15T16:02:12.751+0000] {processor.py:766} INFO - DAG(s) dict_keys(['example_trigger_controller_dag']) retrieved from /home/airflow/.local/lib/python3.7/site-packages/airflow/example_dags/example_trigger_controller_dag.py
[2024-04-15T16:02:12.828+0000] {logging_mixin.py:120} INFO - [2024-04-15T16:02:12.828+0000] {dag.py:2585} INFO - Sync 1 DAGs
[2024-04-15T16:02:12.878+0000] {logging_mixin.py:120} INFO - [2024-04-15T16:02:12.878+0000] {dag.py:3340} INFO - Setting next_dagrun for example_trigger_controller_dag to 2021-01-01T00:00:00+00:00, run_after=2021-01-01T00:00:00+00:00
[2024-04-15T16:02:12.907+0000] {processor.py:176} INFO - Processing /home/airflow/.local/lib/python3.7/site-packages/airflow/example_dags/example_trigger_controller_dag.py took 0.191 seconds
[2024-04-15T16:02:43.476+0000] {processor.py:154} INFO - Started process (PID=22089) to work on /home/airflow/.local/lib/python3.7/site-packages/airflow/example_dags/example_trigger_controller_dag.py
[2024-04-15T16:02:43.480+0000] {processor.py:756} INFO - Processing file /home/airflow/.local/lib/python3.7/site-packages/airflow/example_dags/example_trigger_controller_dag.py for tasks to queue
[2024-04-15T16:02:43.482+0000] {logging_mixin.py:120} INFO - [2024-04-15T16:02:43.482+0000] {dagbag.py:537} INFO - Filling up the DagBag from /home/airflow/.local/lib/python3.7/site-packages/airflow/example_dags/example_trigger_controller_dag.py
[2024-04-15T16:02:43.503+0000] {processor.py:766} INFO - DAG(s) dict_keys(['example_trigger_controller_dag']) retrieved from /home/airflow/.local/lib/python3.7/site-packages/airflow/example_dags/example_trigger_controller_dag.py
[2024-04-15T16:02:43.587+0000] {logging_mixin.py:120} INFO - [2024-04-15T16:02:43.587+0000] {dag.py:2585} INFO - Sync 1 DAGs
[2024-04-15T16:02:43.627+0000] {logging_mixin.py:120} INFO - [2024-04-15T16:02:43.626+0000] {dag.py:3340} INFO - Setting next_dagrun for example_trigger_controller_dag to 2021-01-01T00:00:00+00:00, run_after=2021-01-01T00:00:00+00:00
[2024-04-15T16:02:43.665+0000] {processor.py:176} INFO - Processing /home/airflow/.local/lib/python3.7/site-packages/airflow/example_dags/example_trigger_controller_dag.py took 0.197 seconds
[2024-04-15T16:03:14.489+0000] {processor.py:154} INFO - Started process (PID=22168) to work on /home/airflow/.local/lib/python3.7/site-packages/airflow/example_dags/example_trigger_controller_dag.py
[2024-04-15T16:03:14.493+0000] {processor.py:756} INFO - Processing file /home/airflow/.local/lib/python3.7/site-packages/airflow/example_dags/example_trigger_controller_dag.py for tasks to queue
[2024-04-15T16:03:14.496+0000] {logging_mixin.py:120} INFO - [2024-04-15T16:03:14.496+0000] {dagbag.py:537} INFO - Filling up the DagBag from /home/airflow/.local/lib/python3.7/site-packages/airflow/example_dags/example_trigger_controller_dag.py
[2024-04-15T16:03:14.533+0000] {processor.py:766} INFO - DAG(s) dict_keys(['example_trigger_controller_dag']) retrieved from /home/airflow/.local/lib/python3.7/site-packages/airflow/example_dags/example_trigger_controller_dag.py
[2024-04-15T16:03:14.614+0000] {logging_mixin.py:120} INFO - [2024-04-15T16:03:14.613+0000] {dag.py:2585} INFO - Sync 1 DAGs
[2024-04-15T16:03:14.660+0000] {logging_mixin.py:120} INFO - [2024-04-15T16:03:14.659+0000] {dag.py:3340} INFO - Setting next_dagrun for example_trigger_controller_dag to 2021-01-01T00:00:00+00:00, run_after=2021-01-01T00:00:00+00:00
[2024-04-15T16:03:14.697+0000] {processor.py:176} INFO - Processing /home/airflow/.local/lib/python3.7/site-packages/airflow/example_dags/example_trigger_controller_dag.py took 0.219 seconds
[2024-04-15T16:03:44.984+0000] {processor.py:154} INFO - Started process (PID=22245) to work on /home/airflow/.local/lib/python3.7/site-packages/airflow/example_dags/example_trigger_controller_dag.py
[2024-04-15T16:03:44.986+0000] {processor.py:756} INFO - Processing file /home/airflow/.local/lib/python3.7/site-packages/airflow/example_dags/example_trigger_controller_dag.py for tasks to queue
[2024-04-15T16:03:44.989+0000] {logging_mixin.py:120} INFO - [2024-04-15T16:03:44.988+0000] {dagbag.py:537} INFO - Filling up the DagBag from /home/airflow/.local/lib/python3.7/site-packages/airflow/example_dags/example_trigger_controller_dag.py
[2024-04-15T16:03:45.018+0000] {processor.py:766} INFO - DAG(s) dict_keys(['example_trigger_controller_dag']) retrieved from /home/airflow/.local/lib/python3.7/site-packages/airflow/example_dags/example_trigger_controller_dag.py
[2024-04-15T16:03:45.125+0000] {logging_mixin.py:120} INFO - [2024-04-15T16:03:45.125+0000] {dag.py:2585} INFO - Sync 1 DAGs
[2024-04-15T16:03:45.173+0000] {logging_mixin.py:120} INFO - [2024-04-15T16:03:45.172+0000] {dag.py:3340} INFO - Setting next_dagrun for example_trigger_controller_dag to 2021-01-01T00:00:00+00:00, run_after=2021-01-01T00:00:00+00:00
[2024-04-15T16:03:45.209+0000] {processor.py:176} INFO - Processing /home/airflow/.local/lib/python3.7/site-packages/airflow/example_dags/example_trigger_controller_dag.py took 0.235 seconds
[2024-04-15T16:04:16.014+0000] {processor.py:154} INFO - Started process (PID=22314) to work on /home/airflow/.local/lib/python3.7/site-packages/airflow/example_dags/example_trigger_controller_dag.py
[2024-04-15T16:04:16.016+0000] {processor.py:756} INFO - Processing file /home/airflow/.local/lib/python3.7/site-packages/airflow/example_dags/example_trigger_controller_dag.py for tasks to queue
[2024-04-15T16:04:16.017+0000] {logging_mixin.py:120} INFO - [2024-04-15T16:04:16.017+0000] {dagbag.py:537} INFO - Filling up the DagBag from /home/airflow/.local/lib/python3.7/site-packages/airflow/example_dags/example_trigger_controller_dag.py
[2024-04-15T16:04:16.037+0000] {processor.py:766} INFO - DAG(s) dict_keys(['example_trigger_controller_dag']) retrieved from /home/airflow/.local/lib/python3.7/site-packages/airflow/example_dags/example_trigger_controller_dag.py
[2024-04-15T16:04:16.103+0000] {logging_mixin.py:120} INFO - [2024-04-15T16:04:16.102+0000] {dag.py:2585} INFO - Sync 1 DAGs
[2024-04-15T16:04:16.141+0000] {logging_mixin.py:120} INFO - [2024-04-15T16:04:16.141+0000] {dag.py:3340} INFO - Setting next_dagrun for example_trigger_controller_dag to 2021-01-01T00:00:00+00:00, run_after=2021-01-01T00:00:00+00:00
[2024-04-15T16:04:16.174+0000] {processor.py:176} INFO - Processing /home/airflow/.local/lib/python3.7/site-packages/airflow/example_dags/example_trigger_controller_dag.py took 0.164 seconds
[2024-04-15T16:04:46.746+0000] {processor.py:154} INFO - Started process (PID=22392) to work on /home/airflow/.local/lib/python3.7/site-packages/airflow/example_dags/example_trigger_controller_dag.py
[2024-04-15T16:04:46.751+0000] {processor.py:756} INFO - Processing file /home/airflow/.local/lib/python3.7/site-packages/airflow/example_dags/example_trigger_controller_dag.py for tasks to queue
[2024-04-15T16:04:46.754+0000] {logging_mixin.py:120} INFO - [2024-04-15T16:04:46.754+0000] {dagbag.py:537} INFO - Filling up the DagBag from /home/airflow/.local/lib/python3.7/site-packages/airflow/example_dags/example_trigger_controller_dag.py
[2024-04-15T16:04:46.778+0000] {processor.py:766} INFO - DAG(s) dict_keys(['example_trigger_controller_dag']) retrieved from /home/airflow/.local/lib/python3.7/site-packages/airflow/example_dags/example_trigger_controller_dag.py
[2024-04-15T16:04:46.863+0000] {logging_mixin.py:120} INFO - [2024-04-15T16:04:46.862+0000] {dag.py:2585} INFO - Sync 1 DAGs
[2024-04-15T16:04:46.906+0000] {logging_mixin.py:120} INFO - [2024-04-15T16:04:46.906+0000] {dag.py:3340} INFO - Setting next_dagrun for example_trigger_controller_dag to 2021-01-01T00:00:00+00:00, run_after=2021-01-01T00:00:00+00:00
[2024-04-15T16:04:46.933+0000] {processor.py:176} INFO - Processing /home/airflow/.local/lib/python3.7/site-packages/airflow/example_dags/example_trigger_controller_dag.py took 0.195 seconds
[2024-04-15T16:05:17.824+0000] {processor.py:154} INFO - Started process (PID=22463) to work on /home/airflow/.local/lib/python3.7/site-packages/airflow/example_dags/example_trigger_controller_dag.py
[2024-04-15T16:05:17.827+0000] {processor.py:756} INFO - Processing file /home/airflow/.local/lib/python3.7/site-packages/airflow/example_dags/example_trigger_controller_dag.py for tasks to queue
[2024-04-15T16:05:17.830+0000] {logging_mixin.py:120} INFO - [2024-04-15T16:05:17.830+0000] {dagbag.py:537} INFO - Filling up the DagBag from /home/airflow/.local/lib/python3.7/site-packages/airflow/example_dags/example_trigger_controller_dag.py
[2024-04-15T16:05:17.856+0000] {processor.py:766} INFO - DAG(s) dict_keys(['example_trigger_controller_dag']) retrieved from /home/airflow/.local/lib/python3.7/site-packages/airflow/example_dags/example_trigger_controller_dag.py
[2024-04-15T16:05:17.934+0000] {logging_mixin.py:120} INFO - [2024-04-15T16:05:17.934+0000] {dag.py:2585} INFO - Sync 1 DAGs
[2024-04-15T16:05:17.982+0000] {logging_mixin.py:120} INFO - [2024-04-15T16:05:17.982+0000] {dag.py:3340} INFO - Setting next_dagrun for example_trigger_controller_dag to 2021-01-01T00:00:00+00:00, run_after=2021-01-01T00:00:00+00:00
[2024-04-15T16:05:18.016+0000] {processor.py:176} INFO - Processing /home/airflow/.local/lib/python3.7/site-packages/airflow/example_dags/example_trigger_controller_dag.py took 0.201 seconds
[2024-04-15T16:05:48.219+0000] {processor.py:154} INFO - Started process (PID=22539) to work on /home/airflow/.local/lib/python3.7/site-packages/airflow/example_dags/example_trigger_controller_dag.py
[2024-04-15T16:05:48.222+0000] {processor.py:756} INFO - Processing file /home/airflow/.local/lib/python3.7/site-packages/airflow/example_dags/example_trigger_controller_dag.py for tasks to queue
[2024-04-15T16:05:48.225+0000] {logging_mixin.py:120} INFO - [2024-04-15T16:05:48.225+0000] {dagbag.py:537} INFO - Filling up the DagBag from /home/airflow/.local/lib/python3.7/site-packages/airflow/example_dags/example_trigger_controller_dag.py
[2024-04-15T16:05:48.253+0000] {processor.py:766} INFO - DAG(s) dict_keys(['example_trigger_controller_dag']) retrieved from /home/airflow/.local/lib/python3.7/site-packages/airflow/example_dags/example_trigger_controller_dag.py
[2024-04-15T16:05:48.326+0000] {logging_mixin.py:120} INFO - [2024-04-15T16:05:48.326+0000] {dag.py:2585} INFO - Sync 1 DAGs
[2024-04-15T16:05:48.377+0000] {logging_mixin.py:120} INFO - [2024-04-15T16:05:48.376+0000] {dag.py:3340} INFO - Setting next_dagrun for example_trigger_controller_dag to 2021-01-01T00:00:00+00:00, run_after=2021-01-01T00:00:00+00:00
[2024-04-15T16:05:48.431+0000] {processor.py:176} INFO - Processing /home/airflow/.local/lib/python3.7/site-packages/airflow/example_dags/example_trigger_controller_dag.py took 0.220 seconds
[2024-04-15T16:06:18.598+0000] {processor.py:154} INFO - Started process (PID=22607) to work on /home/airflow/.local/lib/python3.7/site-packages/airflow/example_dags/example_trigger_controller_dag.py
[2024-04-15T16:06:18.600+0000] {processor.py:756} INFO - Processing file /home/airflow/.local/lib/python3.7/site-packages/airflow/example_dags/example_trigger_controller_dag.py for tasks to queue
[2024-04-15T16:06:18.602+0000] {logging_mixin.py:120} INFO - [2024-04-15T16:06:18.602+0000] {dagbag.py:537} INFO - Filling up the DagBag from /home/airflow/.local/lib/python3.7/site-packages/airflow/example_dags/example_trigger_controller_dag.py
[2024-04-15T16:06:18.621+0000] {processor.py:766} INFO - DAG(s) dict_keys(['example_trigger_controller_dag']) retrieved from /home/airflow/.local/lib/python3.7/site-packages/airflow/example_dags/example_trigger_controller_dag.py
[2024-04-15T16:06:18.687+0000] {logging_mixin.py:120} INFO - [2024-04-15T16:06:18.686+0000] {dag.py:2585} INFO - Sync 1 DAGs
[2024-04-15T16:06:18.726+0000] {logging_mixin.py:120} INFO - [2024-04-15T16:06:18.725+0000] {dag.py:3340} INFO - Setting next_dagrun for example_trigger_controller_dag to 2021-01-01T00:00:00+00:00, run_after=2021-01-01T00:00:00+00:00
[2024-04-15T16:06:18.756+0000] {processor.py:176} INFO - Processing /home/airflow/.local/lib/python3.7/site-packages/airflow/example_dags/example_trigger_controller_dag.py took 0.163 seconds
[2024-04-15T16:06:49.542+0000] {processor.py:154} INFO - Started process (PID=22686) to work on /home/airflow/.local/lib/python3.7/site-packages/airflow/example_dags/example_trigger_controller_dag.py
[2024-04-15T16:06:49.547+0000] {processor.py:756} INFO - Processing file /home/airflow/.local/lib/python3.7/site-packages/airflow/example_dags/example_trigger_controller_dag.py for tasks to queue
[2024-04-15T16:06:49.551+0000] {logging_mixin.py:120} INFO - [2024-04-15T16:06:49.551+0000] {dagbag.py:537} INFO - Filling up the DagBag from /home/airflow/.local/lib/python3.7/site-packages/airflow/example_dags/example_trigger_controller_dag.py
[2024-04-15T16:06:49.600+0000] {processor.py:766} INFO - DAG(s) dict_keys(['example_trigger_controller_dag']) retrieved from /home/airflow/.local/lib/python3.7/site-packages/airflow/example_dags/example_trigger_controller_dag.py
[2024-04-15T16:06:49.686+0000] {logging_mixin.py:120} INFO - [2024-04-15T16:06:49.685+0000] {dag.py:2585} INFO - Sync 1 DAGs
[2024-04-15T16:06:49.722+0000] {logging_mixin.py:120} INFO - [2024-04-15T16:06:49.722+0000] {dag.py:3340} INFO - Setting next_dagrun for example_trigger_controller_dag to 2021-01-01T00:00:00+00:00, run_after=2021-01-01T00:00:00+00:00
[2024-04-15T16:06:49.750+0000] {processor.py:176} INFO - Processing /home/airflow/.local/lib/python3.7/site-packages/airflow/example_dags/example_trigger_controller_dag.py took 0.218 seconds
[2024-04-15T16:07:20.051+0000] {processor.py:154} INFO - Started process (PID=22761) to work on /home/airflow/.local/lib/python3.7/site-packages/airflow/example_dags/example_trigger_controller_dag.py
[2024-04-15T16:07:20.053+0000] {processor.py:756} INFO - Processing file /home/airflow/.local/lib/python3.7/site-packages/airflow/example_dags/example_trigger_controller_dag.py for tasks to queue
[2024-04-15T16:07:20.056+0000] {logging_mixin.py:120} INFO - [2024-04-15T16:07:20.056+0000] {dagbag.py:537} INFO - Filling up the DagBag from /home/airflow/.local/lib/python3.7/site-packages/airflow/example_dags/example_trigger_controller_dag.py
[2024-04-15T16:07:20.085+0000] {processor.py:766} INFO - DAG(s) dict_keys(['example_trigger_controller_dag']) retrieved from /home/airflow/.local/lib/python3.7/site-packages/airflow/example_dags/example_trigger_controller_dag.py
[2024-04-15T16:07:20.175+0000] {logging_mixin.py:120} INFO - [2024-04-15T16:07:20.174+0000] {dag.py:2585} INFO - Sync 1 DAGs
[2024-04-15T16:07:20.220+0000] {logging_mixin.py:120} INFO - [2024-04-15T16:07:20.219+0000] {dag.py:3340} INFO - Setting next_dagrun for example_trigger_controller_dag to 2021-01-01T00:00:00+00:00, run_after=2021-01-01T00:00:00+00:00
[2024-04-15T16:07:20.251+0000] {processor.py:176} INFO - Processing /home/airflow/.local/lib/python3.7/site-packages/airflow/example_dags/example_trigger_controller_dag.py took 0.210 seconds
[2024-04-15T16:07:50.545+0000] {processor.py:154} INFO - Started process (PID=22831) to work on /home/airflow/.local/lib/python3.7/site-packages/airflow/example_dags/example_trigger_controller_dag.py
[2024-04-15T16:07:50.548+0000] {processor.py:756} INFO - Processing file /home/airflow/.local/lib/python3.7/site-packages/airflow/example_dags/example_trigger_controller_dag.py for tasks to queue
[2024-04-15T16:07:50.551+0000] {logging_mixin.py:120} INFO - [2024-04-15T16:07:50.550+0000] {dagbag.py:537} INFO - Filling up the DagBag from /home/airflow/.local/lib/python3.7/site-packages/airflow/example_dags/example_trigger_controller_dag.py
[2024-04-15T16:07:50.574+0000] {processor.py:766} INFO - DAG(s) dict_keys(['example_trigger_controller_dag']) retrieved from /home/airflow/.local/lib/python3.7/site-packages/airflow/example_dags/example_trigger_controller_dag.py
[2024-04-15T16:07:50.682+0000] {logging_mixin.py:120} INFO - [2024-04-15T16:07:50.682+0000] {dag.py:2585} INFO - Sync 1 DAGs
[2024-04-15T16:07:50.734+0000] {logging_mixin.py:120} INFO - [2024-04-15T16:07:50.734+0000] {dag.py:3340} INFO - Setting next_dagrun for example_trigger_controller_dag to 2021-01-01T00:00:00+00:00, run_after=2021-01-01T00:00:00+00:00
[2024-04-15T16:07:50.774+0000] {processor.py:176} INFO - Processing /home/airflow/.local/lib/python3.7/site-packages/airflow/example_dags/example_trigger_controller_dag.py took 0.239 seconds
[2024-04-15T16:08:21.214+0000] {processor.py:154} INFO - Started process (PID=22910) to work on /home/airflow/.local/lib/python3.7/site-packages/airflow/example_dags/example_trigger_controller_dag.py
[2024-04-15T16:08:21.216+0000] {processor.py:756} INFO - Processing file /home/airflow/.local/lib/python3.7/site-packages/airflow/example_dags/example_trigger_controller_dag.py for tasks to queue
[2024-04-15T16:08:21.218+0000] {logging_mixin.py:120} INFO - [2024-04-15T16:08:21.218+0000] {dagbag.py:537} INFO - Filling up the DagBag from /home/airflow/.local/lib/python3.7/site-packages/airflow/example_dags/example_trigger_controller_dag.py
[2024-04-15T16:08:21.242+0000] {processor.py:766} INFO - DAG(s) dict_keys(['example_trigger_controller_dag']) retrieved from /home/airflow/.local/lib/python3.7/site-packages/airflow/example_dags/example_trigger_controller_dag.py
[2024-04-15T16:08:21.324+0000] {logging_mixin.py:120} INFO - [2024-04-15T16:08:21.324+0000] {dag.py:2585} INFO - Sync 1 DAGs
[2024-04-15T16:08:21.368+0000] {logging_mixin.py:120} INFO - [2024-04-15T16:08:21.367+0000] {dag.py:3340} INFO - Setting next_dagrun for example_trigger_controller_dag to 2021-01-01T00:00:00+00:00, run_after=2021-01-01T00:00:00+00:00
[2024-04-15T16:08:21.396+0000] {processor.py:176} INFO - Processing /home/airflow/.local/lib/python3.7/site-packages/airflow/example_dags/example_trigger_controller_dag.py took 0.202 seconds
[2024-04-15T16:08:51.509+0000] {processor.py:154} INFO - Started process (PID=22979) to work on /home/airflow/.local/lib/python3.7/site-packages/airflow/example_dags/example_trigger_controller_dag.py
[2024-04-15T16:08:51.512+0000] {processor.py:756} INFO - Processing file /home/airflow/.local/lib/python3.7/site-packages/airflow/example_dags/example_trigger_controller_dag.py for tasks to queue
[2024-04-15T16:08:51.514+0000] {logging_mixin.py:120} INFO - [2024-04-15T16:08:51.513+0000] {dagbag.py:537} INFO - Filling up the DagBag from /home/airflow/.local/lib/python3.7/site-packages/airflow/example_dags/example_trigger_controller_dag.py
[2024-04-15T16:08:51.536+0000] {processor.py:766} INFO - DAG(s) dict_keys(['example_trigger_controller_dag']) retrieved from /home/airflow/.local/lib/python3.7/site-packages/airflow/example_dags/example_trigger_controller_dag.py
[2024-04-15T16:08:51.605+0000] {logging_mixin.py:120} INFO - [2024-04-15T16:08:51.604+0000] {dag.py:2585} INFO - Sync 1 DAGs
[2024-04-15T16:08:51.643+0000] {logging_mixin.py:120} INFO - [2024-04-15T16:08:51.643+0000] {dag.py:3340} INFO - Setting next_dagrun for example_trigger_controller_dag to 2021-01-01T00:00:00+00:00, run_after=2021-01-01T00:00:00+00:00
[2024-04-15T16:08:51.674+0000] {processor.py:176} INFO - Processing /home/airflow/.local/lib/python3.7/site-packages/airflow/example_dags/example_trigger_controller_dag.py took 0.173 seconds
[2024-04-15T16:09:22.121+0000] {processor.py:154} INFO - Started process (PID=23056) to work on /home/airflow/.local/lib/python3.7/site-packages/airflow/example_dags/example_trigger_controller_dag.py
[2024-04-15T16:09:22.123+0000] {processor.py:756} INFO - Processing file /home/airflow/.local/lib/python3.7/site-packages/airflow/example_dags/example_trigger_controller_dag.py for tasks to queue
[2024-04-15T16:09:22.126+0000] {logging_mixin.py:120} INFO - [2024-04-15T16:09:22.125+0000] {dagbag.py:537} INFO - Filling up the DagBag from /home/airflow/.local/lib/python3.7/site-packages/airflow/example_dags/example_trigger_controller_dag.py
[2024-04-15T16:09:22.147+0000] {processor.py:766} INFO - DAG(s) dict_keys(['example_trigger_controller_dag']) retrieved from /home/airflow/.local/lib/python3.7/site-packages/airflow/example_dags/example_trigger_controller_dag.py
[2024-04-15T16:09:22.218+0000] {logging_mixin.py:120} INFO - [2024-04-15T16:09:22.217+0000] {dag.py:2585} INFO - Sync 1 DAGs
[2024-04-15T16:09:22.265+0000] {logging_mixin.py:120} INFO - [2024-04-15T16:09:22.265+0000] {dag.py:3340} INFO - Setting next_dagrun for example_trigger_controller_dag to 2021-01-01T00:00:00+00:00, run_after=2021-01-01T00:00:00+00:00
[2024-04-15T16:09:22.293+0000] {processor.py:176} INFO - Processing /home/airflow/.local/lib/python3.7/site-packages/airflow/example_dags/example_trigger_controller_dag.py took 0.185 seconds
[2024-04-15T16:09:52.556+0000] {processor.py:154} INFO - Started process (PID=23125) to work on /home/airflow/.local/lib/python3.7/site-packages/airflow/example_dags/example_trigger_controller_dag.py
[2024-04-15T16:09:52.557+0000] {processor.py:756} INFO - Processing file /home/airflow/.local/lib/python3.7/site-packages/airflow/example_dags/example_trigger_controller_dag.py for tasks to queue
[2024-04-15T16:09:52.559+0000] {logging_mixin.py:120} INFO - [2024-04-15T16:09:52.559+0000] {dagbag.py:537} INFO - Filling up the DagBag from /home/airflow/.local/lib/python3.7/site-packages/airflow/example_dags/example_trigger_controller_dag.py
[2024-04-15T16:09:52.578+0000] {processor.py:766} INFO - DAG(s) dict_keys(['example_trigger_controller_dag']) retrieved from /home/airflow/.local/lib/python3.7/site-packages/airflow/example_dags/example_trigger_controller_dag.py
[2024-04-15T16:09:52.649+0000] {logging_mixin.py:120} INFO - [2024-04-15T16:09:52.649+0000] {dag.py:2585} INFO - Sync 1 DAGs
[2024-04-15T16:09:52.692+0000] {logging_mixin.py:120} INFO - [2024-04-15T16:09:52.692+0000] {dag.py:3340} INFO - Setting next_dagrun for example_trigger_controller_dag to 2021-01-01T00:00:00+00:00, run_after=2021-01-01T00:00:00+00:00
[2024-04-15T16:09:52.737+0000] {processor.py:176} INFO - Processing /home/airflow/.local/lib/python3.7/site-packages/airflow/example_dags/example_trigger_controller_dag.py took 0.188 seconds
[2024-04-15T16:10:22.802+0000] {processor.py:154} INFO - Started process (PID=23201) to work on /home/airflow/.local/lib/python3.7/site-packages/airflow/example_dags/example_trigger_controller_dag.py
[2024-04-15T16:10:22.805+0000] {processor.py:756} INFO - Processing file /home/airflow/.local/lib/python3.7/site-packages/airflow/example_dags/example_trigger_controller_dag.py for tasks to queue
[2024-04-15T16:10:22.807+0000] {logging_mixin.py:120} INFO - [2024-04-15T16:10:22.807+0000] {dagbag.py:537} INFO - Filling up the DagBag from /home/airflow/.local/lib/python3.7/site-packages/airflow/example_dags/example_trigger_controller_dag.py
[2024-04-15T16:10:22.831+0000] {processor.py:766} INFO - DAG(s) dict_keys(['example_trigger_controller_dag']) retrieved from /home/airflow/.local/lib/python3.7/site-packages/airflow/example_dags/example_trigger_controller_dag.py
[2024-04-15T16:10:22.911+0000] {logging_mixin.py:120} INFO - [2024-04-15T16:10:22.911+0000] {dag.py:2585} INFO - Sync 1 DAGs
[2024-04-15T16:10:22.948+0000] {logging_mixin.py:120} INFO - [2024-04-15T16:10:22.947+0000] {dag.py:3340} INFO - Setting next_dagrun for example_trigger_controller_dag to 2021-01-01T00:00:00+00:00, run_after=2021-01-01T00:00:00+00:00
[2024-04-15T16:10:22.976+0000] {processor.py:176} INFO - Processing /home/airflow/.local/lib/python3.7/site-packages/airflow/example_dags/example_trigger_controller_dag.py took 0.182 seconds
[2024-04-15T16:10:53.771+0000] {processor.py:154} INFO - Started process (PID=23271) to work on /home/airflow/.local/lib/python3.7/site-packages/airflow/example_dags/example_trigger_controller_dag.py
[2024-04-15T16:10:53.773+0000] {processor.py:756} INFO - Processing file /home/airflow/.local/lib/python3.7/site-packages/airflow/example_dags/example_trigger_controller_dag.py for tasks to queue
[2024-04-15T16:10:53.775+0000] {logging_mixin.py:120} INFO - [2024-04-15T16:10:53.775+0000] {dagbag.py:537} INFO - Filling up the DagBag from /home/airflow/.local/lib/python3.7/site-packages/airflow/example_dags/example_trigger_controller_dag.py
[2024-04-15T16:10:53.794+0000] {processor.py:766} INFO - DAG(s) dict_keys(['example_trigger_controller_dag']) retrieved from /home/airflow/.local/lib/python3.7/site-packages/airflow/example_dags/example_trigger_controller_dag.py
[2024-04-15T16:10:53.870+0000] {logging_mixin.py:120} INFO - [2024-04-15T16:10:53.870+0000] {dag.py:2585} INFO - Sync 1 DAGs
[2024-04-15T16:10:53.908+0000] {logging_mixin.py:120} INFO - [2024-04-15T16:10:53.908+0000] {dag.py:3340} INFO - Setting next_dagrun for example_trigger_controller_dag to 2021-01-01T00:00:00+00:00, run_after=2021-01-01T00:00:00+00:00
[2024-04-15T16:10:53.938+0000] {processor.py:176} INFO - Processing /home/airflow/.local/lib/python3.7/site-packages/airflow/example_dags/example_trigger_controller_dag.py took 0.171 seconds
[2024-04-15T16:11:24.596+0000] {processor.py:154} INFO - Started process (PID=23349) to work on /home/airflow/.local/lib/python3.7/site-packages/airflow/example_dags/example_trigger_controller_dag.py
[2024-04-15T16:11:24.598+0000] {processor.py:756} INFO - Processing file /home/airflow/.local/lib/python3.7/site-packages/airflow/example_dags/example_trigger_controller_dag.py for tasks to queue
[2024-04-15T16:11:24.600+0000] {logging_mixin.py:120} INFO - [2024-04-15T16:11:24.600+0000] {dagbag.py:537} INFO - Filling up the DagBag from /home/airflow/.local/lib/python3.7/site-packages/airflow/example_dags/example_trigger_controller_dag.py
[2024-04-15T16:11:24.619+0000] {processor.py:766} INFO - DAG(s) dict_keys(['example_trigger_controller_dag']) retrieved from /home/airflow/.local/lib/python3.7/site-packages/airflow/example_dags/example_trigger_controller_dag.py
[2024-04-15T16:11:24.683+0000] {logging_mixin.py:120} INFO - [2024-04-15T16:11:24.682+0000] {dag.py:2585} INFO - Sync 1 DAGs
[2024-04-15T16:11:24.719+0000] {logging_mixin.py:120} INFO - [2024-04-15T16:11:24.719+0000] {dag.py:3340} INFO - Setting next_dagrun for example_trigger_controller_dag to 2021-01-01T00:00:00+00:00, run_after=2021-01-01T00:00:00+00:00
[2024-04-15T16:11:24.751+0000] {processor.py:176} INFO - Processing /home/airflow/.local/lib/python3.7/site-packages/airflow/example_dags/example_trigger_controller_dag.py took 0.161 seconds
[2024-04-15T16:11:55.096+0000] {processor.py:154} INFO - Started process (PID=23426) to work on /home/airflow/.local/lib/python3.7/site-packages/airflow/example_dags/example_trigger_controller_dag.py
[2024-04-15T16:11:55.099+0000] {processor.py:756} INFO - Processing file /home/airflow/.local/lib/python3.7/site-packages/airflow/example_dags/example_trigger_controller_dag.py for tasks to queue
[2024-04-15T16:11:55.103+0000] {logging_mixin.py:120} INFO - [2024-04-15T16:11:55.103+0000] {dagbag.py:537} INFO - Filling up the DagBag from /home/airflow/.local/lib/python3.7/site-packages/airflow/example_dags/example_trigger_controller_dag.py
[2024-04-15T16:11:55.137+0000] {processor.py:766} INFO - DAG(s) dict_keys(['example_trigger_controller_dag']) retrieved from /home/airflow/.local/lib/python3.7/site-packages/airflow/example_dags/example_trigger_controller_dag.py
[2024-04-15T16:11:55.202+0000] {logging_mixin.py:120} INFO - [2024-04-15T16:11:55.202+0000] {dag.py:2585} INFO - Sync 1 DAGs
[2024-04-15T16:11:55.244+0000] {logging_mixin.py:120} INFO - [2024-04-15T16:11:55.244+0000] {dag.py:3340} INFO - Setting next_dagrun for example_trigger_controller_dag to 2021-01-01T00:00:00+00:00, run_after=2021-01-01T00:00:00+00:00
[2024-04-15T16:11:55.279+0000] {processor.py:176} INFO - Processing /home/airflow/.local/lib/python3.7/site-packages/airflow/example_dags/example_trigger_controller_dag.py took 0.195 seconds
[2024-04-15T16:12:26.122+0000] {processor.py:154} INFO - Started process (PID=23496) to work on /home/airflow/.local/lib/python3.7/site-packages/airflow/example_dags/example_trigger_controller_dag.py
[2024-04-15T16:12:26.124+0000] {processor.py:756} INFO - Processing file /home/airflow/.local/lib/python3.7/site-packages/airflow/example_dags/example_trigger_controller_dag.py for tasks to queue
[2024-04-15T16:12:26.126+0000] {logging_mixin.py:120} INFO - [2024-04-15T16:12:26.126+0000] {dagbag.py:537} INFO - Filling up the DagBag from /home/airflow/.local/lib/python3.7/site-packages/airflow/example_dags/example_trigger_controller_dag.py
[2024-04-15T16:12:26.151+0000] {processor.py:766} INFO - DAG(s) dict_keys(['example_trigger_controller_dag']) retrieved from /home/airflow/.local/lib/python3.7/site-packages/airflow/example_dags/example_trigger_controller_dag.py
[2024-04-15T16:12:26.230+0000] {logging_mixin.py:120} INFO - [2024-04-15T16:12:26.229+0000] {dag.py:2585} INFO - Sync 1 DAGs
[2024-04-15T16:12:26.274+0000] {logging_mixin.py:120} INFO - [2024-04-15T16:12:26.273+0000] {dag.py:3340} INFO - Setting next_dagrun for example_trigger_controller_dag to 2021-01-01T00:00:00+00:00, run_after=2021-01-01T00:00:00+00:00
[2024-04-15T16:12:26.306+0000] {processor.py:176} INFO - Processing /home/airflow/.local/lib/python3.7/site-packages/airflow/example_dags/example_trigger_controller_dag.py took 0.190 seconds
[2024-04-15T16:12:56.873+0000] {processor.py:154} INFO - Started process (PID=23575) to work on /home/airflow/.local/lib/python3.7/site-packages/airflow/example_dags/example_trigger_controller_dag.py
[2024-04-15T16:12:56.876+0000] {processor.py:756} INFO - Processing file /home/airflow/.local/lib/python3.7/site-packages/airflow/example_dags/example_trigger_controller_dag.py for tasks to queue
[2024-04-15T16:12:56.878+0000] {logging_mixin.py:120} INFO - [2024-04-15T16:12:56.878+0000] {dagbag.py:537} INFO - Filling up the DagBag from /home/airflow/.local/lib/python3.7/site-packages/airflow/example_dags/example_trigger_controller_dag.py
[2024-04-15T16:12:56.907+0000] {processor.py:766} INFO - DAG(s) dict_keys(['example_trigger_controller_dag']) retrieved from /home/airflow/.local/lib/python3.7/site-packages/airflow/example_dags/example_trigger_controller_dag.py
[2024-04-15T16:12:56.981+0000] {logging_mixin.py:120} INFO - [2024-04-15T16:12:56.981+0000] {dag.py:2585} INFO - Sync 1 DAGs
[2024-04-15T16:12:57.031+0000] {logging_mixin.py:120} INFO - [2024-04-15T16:12:57.031+0000] {dag.py:3340} INFO - Setting next_dagrun for example_trigger_controller_dag to 2021-01-01T00:00:00+00:00, run_after=2021-01-01T00:00:00+00:00
[2024-04-15T16:12:57.064+0000] {processor.py:176} INFO - Processing /home/airflow/.local/lib/python3.7/site-packages/airflow/example_dags/example_trigger_controller_dag.py took 0.199 seconds
[2024-04-15T16:13:29.373+0000] {processor.py:154} INFO - Started process (PID=23651) to work on /home/airflow/.local/lib/python3.7/site-packages/airflow/example_dags/example_trigger_controller_dag.py
[2024-04-15T16:13:29.375+0000] {processor.py:756} INFO - Processing file /home/airflow/.local/lib/python3.7/site-packages/airflow/example_dags/example_trigger_controller_dag.py for tasks to queue
[2024-04-15T16:13:29.377+0000] {logging_mixin.py:120} INFO - [2024-04-15T16:13:29.377+0000] {dagbag.py:537} INFO - Filling up the DagBag from /home/airflow/.local/lib/python3.7/site-packages/airflow/example_dags/example_trigger_controller_dag.py
[2024-04-15T16:13:29.397+0000] {processor.py:766} INFO - DAG(s) dict_keys(['example_trigger_controller_dag']) retrieved from /home/airflow/.local/lib/python3.7/site-packages/airflow/example_dags/example_trigger_controller_dag.py
[2024-04-15T16:13:29.515+0000] {logging_mixin.py:120} INFO - [2024-04-15T16:13:29.515+0000] {dag.py:2585} INFO - Sync 1 DAGs
[2024-04-15T16:13:29.576+0000] {logging_mixin.py:120} INFO - [2024-04-15T16:13:29.575+0000] {dag.py:3340} INFO - Setting next_dagrun for example_trigger_controller_dag to 2021-01-01T00:00:00+00:00, run_after=2021-01-01T00:00:00+00:00
[2024-04-15T16:13:29.616+0000] {processor.py:176} INFO - Processing /home/airflow/.local/lib/python3.7/site-packages/airflow/example_dags/example_trigger_controller_dag.py took 0.249 seconds
[2024-04-15T16:20:25.592+0000] {processor.py:154} INFO - Started process (PID=23712) to work on /home/airflow/.local/lib/python3.7/site-packages/airflow/example_dags/example_trigger_controller_dag.py
[2024-04-15T16:20:25.596+0000] {processor.py:756} INFO - Processing file /home/airflow/.local/lib/python3.7/site-packages/airflow/example_dags/example_trigger_controller_dag.py for tasks to queue
[2024-04-15T16:20:25.600+0000] {logging_mixin.py:120} INFO - [2024-04-15T16:20:25.599+0000] {dagbag.py:537} INFO - Filling up the DagBag from /home/airflow/.local/lib/python3.7/site-packages/airflow/example_dags/example_trigger_controller_dag.py
[2024-04-15T16:20:25.628+0000] {processor.py:766} INFO - DAG(s) dict_keys(['example_trigger_controller_dag']) retrieved from /home/airflow/.local/lib/python3.7/site-packages/airflow/example_dags/example_trigger_controller_dag.py
[2024-04-15T16:20:25.741+0000] {logging_mixin.py:120} INFO - [2024-04-15T16:20:25.740+0000] {dag.py:2585} INFO - Sync 1 DAGs
[2024-04-15T16:20:25.792+0000] {logging_mixin.py:120} INFO - [2024-04-15T16:20:25.792+0000] {dag.py:3340} INFO - Setting next_dagrun for example_trigger_controller_dag to 2021-01-01T00:00:00+00:00, run_after=2021-01-01T00:00:00+00:00
[2024-04-15T16:20:25.827+0000] {processor.py:176} INFO - Processing /home/airflow/.local/lib/python3.7/site-packages/airflow/example_dags/example_trigger_controller_dag.py took 0.247 seconds
