[2024-04-15T15:40:06.568+0000] {processor.py:154} INFO - Started process (PID=18827) to work on /home/airflow/.local/lib/python3.7/site-packages/airflow/example_dags/example_task_group.py
[2024-04-15T15:40:06.580+0000] {processor.py:756} INFO - Processing file /home/airflow/.local/lib/python3.7/site-packages/airflow/example_dags/example_task_group.py for tasks to queue
[2024-04-15T15:40:06.585+0000] {logging_mixin.py:120} INFO - [2024-04-15T15:40:06.585+0000] {dagbag.py:537} INFO - Filling up the DagBag from /home/airflow/.local/lib/python3.7/site-packages/airflow/example_dags/example_task_group.py
[2024-04-15T15:40:06.741+0000] {processor.py:766} INFO - DAG(s) dict_keys(['example_task_group']) retrieved from /home/airflow/.local/lib/python3.7/site-packages/airflow/example_dags/example_task_group.py
[2024-04-15T15:40:07.158+0000] {logging_mixin.py:120} INFO - [2024-04-15T15:40:07.157+0000] {dag.py:2585} INFO - Sync 1 DAGs
[2024-04-15T15:40:07.331+0000] {logging_mixin.py:120} INFO - [2024-04-15T15:40:07.331+0000] {dag.py:3340} INFO - Setting next_dagrun for example_task_group to 2024-04-14T15:40:07.330498+00:00, run_after=2024-04-15T15:40:07.330498+00:00
[2024-04-15T15:40:07.532+0000] {processor.py:176} INFO - Processing /home/airflow/.local/lib/python3.7/site-packages/airflow/example_dags/example_task_group.py took 0.990 seconds
[2024-04-15T15:40:38.796+0000] {processor.py:154} INFO - Started process (PID=18896) to work on /home/airflow/.local/lib/python3.7/site-packages/airflow/example_dags/example_task_group.py
[2024-04-15T15:40:38.805+0000] {processor.py:756} INFO - Processing file /home/airflow/.local/lib/python3.7/site-packages/airflow/example_dags/example_task_group.py for tasks to queue
[2024-04-15T15:40:38.818+0000] {logging_mixin.py:120} INFO - [2024-04-15T15:40:38.817+0000] {dagbag.py:537} INFO - Filling up the DagBag from /home/airflow/.local/lib/python3.7/site-packages/airflow/example_dags/example_task_group.py
[2024-04-15T15:40:38.949+0000] {processor.py:766} INFO - DAG(s) dict_keys(['example_task_group']) retrieved from /home/airflow/.local/lib/python3.7/site-packages/airflow/example_dags/example_task_group.py
[2024-04-15T15:40:39.110+0000] {logging_mixin.py:120} INFO - [2024-04-15T15:40:39.110+0000] {dag.py:2585} INFO - Sync 1 DAGs
[2024-04-15T15:40:39.174+0000] {logging_mixin.py:120} INFO - [2024-04-15T15:40:39.174+0000] {dag.py:3340} INFO - Setting next_dagrun for example_task_group to 2024-04-14T15:40:39.173347+00:00, run_after=2024-04-15T15:40:39.173347+00:00
[2024-04-15T15:40:39.233+0000] {processor.py:176} INFO - Processing /home/airflow/.local/lib/python3.7/site-packages/airflow/example_dags/example_task_group.py took 0.450 seconds
[2024-04-15T15:41:09.910+0000] {processor.py:154} INFO - Started process (PID=18964) to work on /home/airflow/.local/lib/python3.7/site-packages/airflow/example_dags/example_task_group.py
[2024-04-15T15:41:09.913+0000] {processor.py:756} INFO - Processing file /home/airflow/.local/lib/python3.7/site-packages/airflow/example_dags/example_task_group.py for tasks to queue
[2024-04-15T15:41:09.915+0000] {logging_mixin.py:120} INFO - [2024-04-15T15:41:09.915+0000] {dagbag.py:537} INFO - Filling up the DagBag from /home/airflow/.local/lib/python3.7/site-packages/airflow/example_dags/example_task_group.py
[2024-04-15T15:41:09.947+0000] {processor.py:766} INFO - DAG(s) dict_keys(['example_task_group']) retrieved from /home/airflow/.local/lib/python3.7/site-packages/airflow/example_dags/example_task_group.py
[2024-04-15T15:41:10.069+0000] {logging_mixin.py:120} INFO - [2024-04-15T15:41:10.068+0000] {dag.py:2585} INFO - Sync 1 DAGs
[2024-04-15T15:41:10.222+0000] {logging_mixin.py:120} INFO - [2024-04-15T15:41:10.222+0000] {dag.py:3340} INFO - Setting next_dagrun for example_task_group to 2024-04-14T15:41:10.221879+00:00, run_after=2024-04-15T15:41:10.221879+00:00
[2024-04-15T15:41:10.311+0000] {processor.py:176} INFO - Processing /home/airflow/.local/lib/python3.7/site-packages/airflow/example_dags/example_task_group.py took 0.410 seconds
[2024-04-15T15:41:41.318+0000] {processor.py:154} INFO - Started process (PID=19044) to work on /home/airflow/.local/lib/python3.7/site-packages/airflow/example_dags/example_task_group.py
[2024-04-15T15:41:41.323+0000] {processor.py:756} INFO - Processing file /home/airflow/.local/lib/python3.7/site-packages/airflow/example_dags/example_task_group.py for tasks to queue
[2024-04-15T15:41:41.325+0000] {logging_mixin.py:120} INFO - [2024-04-15T15:41:41.324+0000] {dagbag.py:537} INFO - Filling up the DagBag from /home/airflow/.local/lib/python3.7/site-packages/airflow/example_dags/example_task_group.py
[2024-04-15T15:41:41.434+0000] {processor.py:766} INFO - DAG(s) dict_keys(['example_task_group']) retrieved from /home/airflow/.local/lib/python3.7/site-packages/airflow/example_dags/example_task_group.py
[2024-04-15T15:41:41.529+0000] {logging_mixin.py:120} INFO - [2024-04-15T15:41:41.529+0000] {dag.py:2585} INFO - Sync 1 DAGs
[2024-04-15T15:41:41.584+0000] {logging_mixin.py:120} INFO - [2024-04-15T15:41:41.583+0000] {dag.py:3340} INFO - Setting next_dagrun for example_task_group to 2024-04-14T15:41:41.583589+00:00, run_after=2024-04-15T15:41:41.583589+00:00
[2024-04-15T15:41:41.639+0000] {processor.py:176} INFO - Processing /home/airflow/.local/lib/python3.7/site-packages/airflow/example_dags/example_task_group.py took 0.329 seconds
[2024-04-15T15:42:12.401+0000] {processor.py:154} INFO - Started process (PID=19112) to work on /home/airflow/.local/lib/python3.7/site-packages/airflow/example_dags/example_task_group.py
[2024-04-15T15:42:12.404+0000] {processor.py:756} INFO - Processing file /home/airflow/.local/lib/python3.7/site-packages/airflow/example_dags/example_task_group.py for tasks to queue
[2024-04-15T15:42:12.407+0000] {logging_mixin.py:120} INFO - [2024-04-15T15:42:12.406+0000] {dagbag.py:537} INFO - Filling up the DagBag from /home/airflow/.local/lib/python3.7/site-packages/airflow/example_dags/example_task_group.py
[2024-04-15T15:42:12.440+0000] {processor.py:766} INFO - DAG(s) dict_keys(['example_task_group']) retrieved from /home/airflow/.local/lib/python3.7/site-packages/airflow/example_dags/example_task_group.py
[2024-04-15T15:42:12.535+0000] {logging_mixin.py:120} INFO - [2024-04-15T15:42:12.535+0000] {dag.py:2585} INFO - Sync 1 DAGs
[2024-04-15T15:42:12.612+0000] {logging_mixin.py:120} INFO - [2024-04-15T15:42:12.611+0000] {dag.py:3340} INFO - Setting next_dagrun for example_task_group to 2024-04-14T15:42:12.610111+00:00, run_after=2024-04-15T15:42:12.610111+00:00
[2024-04-15T15:42:12.678+0000] {processor.py:176} INFO - Processing /home/airflow/.local/lib/python3.7/site-packages/airflow/example_dags/example_task_group.py took 0.290 seconds
[2024-04-15T15:42:43.439+0000] {processor.py:154} INFO - Started process (PID=19191) to work on /home/airflow/.local/lib/python3.7/site-packages/airflow/example_dags/example_task_group.py
[2024-04-15T15:42:43.441+0000] {processor.py:756} INFO - Processing file /home/airflow/.local/lib/python3.7/site-packages/airflow/example_dags/example_task_group.py for tasks to queue
[2024-04-15T15:42:43.443+0000] {logging_mixin.py:120} INFO - [2024-04-15T15:42:43.443+0000] {dagbag.py:537} INFO - Filling up the DagBag from /home/airflow/.local/lib/python3.7/site-packages/airflow/example_dags/example_task_group.py
[2024-04-15T15:42:43.477+0000] {processor.py:766} INFO - DAG(s) dict_keys(['example_task_group']) retrieved from /home/airflow/.local/lib/python3.7/site-packages/airflow/example_dags/example_task_group.py
[2024-04-15T15:42:43.556+0000] {logging_mixin.py:120} INFO - [2024-04-15T15:42:43.556+0000] {dag.py:2585} INFO - Sync 1 DAGs
[2024-04-15T15:42:43.609+0000] {logging_mixin.py:120} INFO - [2024-04-15T15:42:43.609+0000] {dag.py:3340} INFO - Setting next_dagrun for example_task_group to 2024-04-14T15:42:43.608380+00:00, run_after=2024-04-15T15:42:43.608380+00:00
[2024-04-15T15:42:43.650+0000] {processor.py:176} INFO - Processing /home/airflow/.local/lib/python3.7/site-packages/airflow/example_dags/example_task_group.py took 0.218 seconds
[2024-04-15T15:43:14.176+0000] {processor.py:154} INFO - Started process (PID=19259) to work on /home/airflow/.local/lib/python3.7/site-packages/airflow/example_dags/example_task_group.py
[2024-04-15T15:43:14.185+0000] {processor.py:756} INFO - Processing file /home/airflow/.local/lib/python3.7/site-packages/airflow/example_dags/example_task_group.py for tasks to queue
[2024-04-15T15:43:14.192+0000] {logging_mixin.py:120} INFO - [2024-04-15T15:43:14.191+0000] {dagbag.py:537} INFO - Filling up the DagBag from /home/airflow/.local/lib/python3.7/site-packages/airflow/example_dags/example_task_group.py
[2024-04-15T15:43:14.260+0000] {processor.py:766} INFO - DAG(s) dict_keys(['example_task_group']) retrieved from /home/airflow/.local/lib/python3.7/site-packages/airflow/example_dags/example_task_group.py
[2024-04-15T15:43:14.430+0000] {logging_mixin.py:120} INFO - [2024-04-15T15:43:14.429+0000] {dag.py:2585} INFO - Sync 1 DAGs
[2024-04-15T15:43:14.581+0000] {logging_mixin.py:120} INFO - [2024-04-15T15:43:14.581+0000] {dag.py:3340} INFO - Setting next_dagrun for example_task_group to 2024-04-14T15:43:14.580541+00:00, run_after=2024-04-15T15:43:14.580541+00:00
[2024-04-15T15:43:14.715+0000] {processor.py:176} INFO - Processing /home/airflow/.local/lib/python3.7/site-packages/airflow/example_dags/example_task_group.py took 0.561 seconds
[2024-04-15T15:43:45.155+0000] {processor.py:154} INFO - Started process (PID=19336) to work on /home/airflow/.local/lib/python3.7/site-packages/airflow/example_dags/example_task_group.py
[2024-04-15T15:43:45.158+0000] {processor.py:756} INFO - Processing file /home/airflow/.local/lib/python3.7/site-packages/airflow/example_dags/example_task_group.py for tasks to queue
[2024-04-15T15:43:45.159+0000] {logging_mixin.py:120} INFO - [2024-04-15T15:43:45.159+0000] {dagbag.py:537} INFO - Filling up the DagBag from /home/airflow/.local/lib/python3.7/site-packages/airflow/example_dags/example_task_group.py
[2024-04-15T15:43:45.187+0000] {processor.py:766} INFO - DAG(s) dict_keys(['example_task_group']) retrieved from /home/airflow/.local/lib/python3.7/site-packages/airflow/example_dags/example_task_group.py
[2024-04-15T15:43:45.259+0000] {logging_mixin.py:120} INFO - [2024-04-15T15:43:45.259+0000] {dag.py:2585} INFO - Sync 1 DAGs
[2024-04-15T15:43:45.302+0000] {logging_mixin.py:120} INFO - [2024-04-15T15:43:45.302+0000] {dag.py:3340} INFO - Setting next_dagrun for example_task_group to 2024-04-14T15:43:45.301672+00:00, run_after=2024-04-15T15:43:45.301672+00:00
[2024-04-15T15:43:45.333+0000] {processor.py:176} INFO - Processing /home/airflow/.local/lib/python3.7/site-packages/airflow/example_dags/example_task_group.py took 0.184 seconds
[2024-04-15T15:44:15.552+0000] {processor.py:154} INFO - Started process (PID=19415) to work on /home/airflow/.local/lib/python3.7/site-packages/airflow/example_dags/example_task_group.py
[2024-04-15T15:44:15.554+0000] {processor.py:756} INFO - Processing file /home/airflow/.local/lib/python3.7/site-packages/airflow/example_dags/example_task_group.py for tasks to queue
[2024-04-15T15:44:15.557+0000] {logging_mixin.py:120} INFO - [2024-04-15T15:44:15.557+0000] {dagbag.py:537} INFO - Filling up the DagBag from /home/airflow/.local/lib/python3.7/site-packages/airflow/example_dags/example_task_group.py
[2024-04-15T15:44:15.597+0000] {processor.py:766} INFO - DAG(s) dict_keys(['example_task_group']) retrieved from /home/airflow/.local/lib/python3.7/site-packages/airflow/example_dags/example_task_group.py
[2024-04-15T15:44:15.677+0000] {logging_mixin.py:120} INFO - [2024-04-15T15:44:15.677+0000] {dag.py:2585} INFO - Sync 1 DAGs
[2024-04-15T15:44:15.719+0000] {logging_mixin.py:120} INFO - [2024-04-15T15:44:15.719+0000] {dag.py:3340} INFO - Setting next_dagrun for example_task_group to 2024-04-14T15:44:15.719097+00:00, run_after=2024-04-15T15:44:15.719097+00:00
[2024-04-15T15:44:15.760+0000] {processor.py:176} INFO - Processing /home/airflow/.local/lib/python3.7/site-packages/airflow/example_dags/example_task_group.py took 0.214 seconds
[2024-04-15T15:44:46.041+0000] {processor.py:154} INFO - Started process (PID=19483) to work on /home/airflow/.local/lib/python3.7/site-packages/airflow/example_dags/example_task_group.py
[2024-04-15T15:44:46.047+0000] {processor.py:756} INFO - Processing file /home/airflow/.local/lib/python3.7/site-packages/airflow/example_dags/example_task_group.py for tasks to queue
[2024-04-15T15:44:46.054+0000] {logging_mixin.py:120} INFO - [2024-04-15T15:44:46.052+0000] {dagbag.py:537} INFO - Filling up the DagBag from /home/airflow/.local/lib/python3.7/site-packages/airflow/example_dags/example_task_group.py
[2024-04-15T15:44:46.100+0000] {processor.py:766} INFO - DAG(s) dict_keys(['example_task_group']) retrieved from /home/airflow/.local/lib/python3.7/site-packages/airflow/example_dags/example_task_group.py
[2024-04-15T15:44:46.254+0000] {logging_mixin.py:120} INFO - [2024-04-15T15:44:46.254+0000] {dag.py:2585} INFO - Sync 1 DAGs
[2024-04-15T15:44:46.344+0000] {logging_mixin.py:120} INFO - [2024-04-15T15:44:46.343+0000] {dag.py:3340} INFO - Setting next_dagrun for example_task_group to 2024-04-14T15:44:46.342226+00:00, run_after=2024-04-15T15:44:46.342226+00:00
[2024-04-15T15:44:46.403+0000] {processor.py:176} INFO - Processing /home/airflow/.local/lib/python3.7/site-packages/airflow/example_dags/example_task_group.py took 0.395 seconds
[2024-04-15T15:45:16.647+0000] {processor.py:154} INFO - Started process (PID=19561) to work on /home/airflow/.local/lib/python3.7/site-packages/airflow/example_dags/example_task_group.py
[2024-04-15T15:45:16.650+0000] {processor.py:756} INFO - Processing file /home/airflow/.local/lib/python3.7/site-packages/airflow/example_dags/example_task_group.py for tasks to queue
[2024-04-15T15:45:16.651+0000] {logging_mixin.py:120} INFO - [2024-04-15T15:45:16.651+0000] {dagbag.py:537} INFO - Filling up the DagBag from /home/airflow/.local/lib/python3.7/site-packages/airflow/example_dags/example_task_group.py
[2024-04-15T15:45:16.679+0000] {processor.py:766} INFO - DAG(s) dict_keys(['example_task_group']) retrieved from /home/airflow/.local/lib/python3.7/site-packages/airflow/example_dags/example_task_group.py
[2024-04-15T15:45:16.796+0000] {logging_mixin.py:120} INFO - [2024-04-15T15:45:16.796+0000] {dag.py:2585} INFO - Sync 1 DAGs
[2024-04-15T15:45:16.836+0000] {logging_mixin.py:120} INFO - [2024-04-15T15:45:16.836+0000] {dag.py:3340} INFO - Setting next_dagrun for example_task_group to 2024-04-14T15:45:16.835622+00:00, run_after=2024-04-15T15:45:16.835622+00:00
[2024-04-15T15:45:16.869+0000] {processor.py:176} INFO - Processing /home/airflow/.local/lib/python3.7/site-packages/airflow/example_dags/example_task_group.py took 0.229 seconds
[2024-04-15T15:45:47.523+0000] {processor.py:154} INFO - Started process (PID=19629) to work on /home/airflow/.local/lib/python3.7/site-packages/airflow/example_dags/example_task_group.py
[2024-04-15T15:45:47.526+0000] {processor.py:756} INFO - Processing file /home/airflow/.local/lib/python3.7/site-packages/airflow/example_dags/example_task_group.py for tasks to queue
[2024-04-15T15:45:47.528+0000] {logging_mixin.py:120} INFO - [2024-04-15T15:45:47.528+0000] {dagbag.py:537} INFO - Filling up the DagBag from /home/airflow/.local/lib/python3.7/site-packages/airflow/example_dags/example_task_group.py
[2024-04-15T15:45:47.561+0000] {processor.py:766} INFO - DAG(s) dict_keys(['example_task_group']) retrieved from /home/airflow/.local/lib/python3.7/site-packages/airflow/example_dags/example_task_group.py
[2024-04-15T15:45:47.639+0000] {logging_mixin.py:120} INFO - [2024-04-15T15:45:47.639+0000] {dag.py:2585} INFO - Sync 1 DAGs
[2024-04-15T15:45:47.688+0000] {logging_mixin.py:120} INFO - [2024-04-15T15:45:47.688+0000] {dag.py:3340} INFO - Setting next_dagrun for example_task_group to 2024-04-14T15:45:47.687892+00:00, run_after=2024-04-15T15:45:47.687892+00:00
[2024-04-15T15:45:47.725+0000] {processor.py:176} INFO - Processing /home/airflow/.local/lib/python3.7/site-packages/airflow/example_dags/example_task_group.py took 0.209 seconds
[2024-04-15T15:46:18.476+0000] {processor.py:154} INFO - Started process (PID=19707) to work on /home/airflow/.local/lib/python3.7/site-packages/airflow/example_dags/example_task_group.py
[2024-04-15T15:46:18.479+0000] {processor.py:756} INFO - Processing file /home/airflow/.local/lib/python3.7/site-packages/airflow/example_dags/example_task_group.py for tasks to queue
[2024-04-15T15:46:18.481+0000] {logging_mixin.py:120} INFO - [2024-04-15T15:46:18.481+0000] {dagbag.py:537} INFO - Filling up the DagBag from /home/airflow/.local/lib/python3.7/site-packages/airflow/example_dags/example_task_group.py
[2024-04-15T15:46:18.513+0000] {processor.py:766} INFO - DAG(s) dict_keys(['example_task_group']) retrieved from /home/airflow/.local/lib/python3.7/site-packages/airflow/example_dags/example_task_group.py
[2024-04-15T15:46:18.593+0000] {logging_mixin.py:120} INFO - [2024-04-15T15:46:18.592+0000] {dag.py:2585} INFO - Sync 1 DAGs
[2024-04-15T15:46:18.644+0000] {logging_mixin.py:120} INFO - [2024-04-15T15:46:18.644+0000] {dag.py:3340} INFO - Setting next_dagrun for example_task_group to 2024-04-14T15:46:18.643896+00:00, run_after=2024-04-15T15:46:18.643896+00:00
[2024-04-15T15:46:18.685+0000] {processor.py:176} INFO - Processing /home/airflow/.local/lib/python3.7/site-packages/airflow/example_dags/example_task_group.py took 0.217 seconds
[2024-04-15T15:46:49.596+0000] {processor.py:154} INFO - Started process (PID=19776) to work on /home/airflow/.local/lib/python3.7/site-packages/airflow/example_dags/example_task_group.py
[2024-04-15T15:46:49.598+0000] {processor.py:756} INFO - Processing file /home/airflow/.local/lib/python3.7/site-packages/airflow/example_dags/example_task_group.py for tasks to queue
[2024-04-15T15:46:49.599+0000] {logging_mixin.py:120} INFO - [2024-04-15T15:46:49.599+0000] {dagbag.py:537} INFO - Filling up the DagBag from /home/airflow/.local/lib/python3.7/site-packages/airflow/example_dags/example_task_group.py
[2024-04-15T15:46:49.626+0000] {processor.py:766} INFO - DAG(s) dict_keys(['example_task_group']) retrieved from /home/airflow/.local/lib/python3.7/site-packages/airflow/example_dags/example_task_group.py
[2024-04-15T15:46:49.699+0000] {logging_mixin.py:120} INFO - [2024-04-15T15:46:49.698+0000] {dag.py:2585} INFO - Sync 1 DAGs
[2024-04-15T15:46:49.738+0000] {logging_mixin.py:120} INFO - [2024-04-15T15:46:49.738+0000] {dag.py:3340} INFO - Setting next_dagrun for example_task_group to 2024-04-14T15:46:49.738044+00:00, run_after=2024-04-15T15:46:49.738044+00:00
[2024-04-15T15:46:49.779+0000] {processor.py:176} INFO - Processing /home/airflow/.local/lib/python3.7/site-packages/airflow/example_dags/example_task_group.py took 0.189 seconds
[2024-04-15T15:47:20.696+0000] {processor.py:154} INFO - Started process (PID=19856) to work on /home/airflow/.local/lib/python3.7/site-packages/airflow/example_dags/example_task_group.py
[2024-04-15T15:47:20.698+0000] {processor.py:756} INFO - Processing file /home/airflow/.local/lib/python3.7/site-packages/airflow/example_dags/example_task_group.py for tasks to queue
[2024-04-15T15:47:20.700+0000] {logging_mixin.py:120} INFO - [2024-04-15T15:47:20.700+0000] {dagbag.py:537} INFO - Filling up the DagBag from /home/airflow/.local/lib/python3.7/site-packages/airflow/example_dags/example_task_group.py
[2024-04-15T15:47:20.731+0000] {processor.py:766} INFO - DAG(s) dict_keys(['example_task_group']) retrieved from /home/airflow/.local/lib/python3.7/site-packages/airflow/example_dags/example_task_group.py
[2024-04-15T15:47:20.801+0000] {logging_mixin.py:120} INFO - [2024-04-15T15:47:20.801+0000] {dag.py:2585} INFO - Sync 1 DAGs
[2024-04-15T15:47:20.845+0000] {logging_mixin.py:120} INFO - [2024-04-15T15:47:20.844+0000] {dag.py:3340} INFO - Setting next_dagrun for example_task_group to 2024-04-14T15:47:20.844457+00:00, run_after=2024-04-15T15:47:20.844457+00:00
[2024-04-15T15:47:20.875+0000] {processor.py:176} INFO - Processing /home/airflow/.local/lib/python3.7/site-packages/airflow/example_dags/example_task_group.py took 0.185 seconds
[2024-04-15T15:47:51.321+0000] {processor.py:154} INFO - Started process (PID=19934) to work on /home/airflow/.local/lib/python3.7/site-packages/airflow/example_dags/example_task_group.py
[2024-04-15T15:47:51.324+0000] {processor.py:756} INFO - Processing file /home/airflow/.local/lib/python3.7/site-packages/airflow/example_dags/example_task_group.py for tasks to queue
[2024-04-15T15:47:51.327+0000] {logging_mixin.py:120} INFO - [2024-04-15T15:47:51.326+0000] {dagbag.py:537} INFO - Filling up the DagBag from /home/airflow/.local/lib/python3.7/site-packages/airflow/example_dags/example_task_group.py
[2024-04-15T15:47:51.356+0000] {processor.py:766} INFO - DAG(s) dict_keys(['example_task_group']) retrieved from /home/airflow/.local/lib/python3.7/site-packages/airflow/example_dags/example_task_group.py
[2024-04-15T15:47:51.436+0000] {logging_mixin.py:120} INFO - [2024-04-15T15:47:51.436+0000] {dag.py:2585} INFO - Sync 1 DAGs
[2024-04-15T15:47:51.476+0000] {logging_mixin.py:120} INFO - [2024-04-15T15:47:51.476+0000] {dag.py:3340} INFO - Setting next_dagrun for example_task_group to 2024-04-14T15:47:51.476026+00:00, run_after=2024-04-15T15:47:51.476026+00:00
[2024-04-15T15:47:51.511+0000] {processor.py:176} INFO - Processing /home/airflow/.local/lib/python3.7/site-packages/airflow/example_dags/example_task_group.py took 0.196 seconds
[2024-04-15T15:48:21.566+0000] {processor.py:154} INFO - Started process (PID=20002) to work on /home/airflow/.local/lib/python3.7/site-packages/airflow/example_dags/example_task_group.py
[2024-04-15T15:48:21.568+0000] {processor.py:756} INFO - Processing file /home/airflow/.local/lib/python3.7/site-packages/airflow/example_dags/example_task_group.py for tasks to queue
[2024-04-15T15:48:21.570+0000] {logging_mixin.py:120} INFO - [2024-04-15T15:48:21.570+0000] {dagbag.py:537} INFO - Filling up the DagBag from /home/airflow/.local/lib/python3.7/site-packages/airflow/example_dags/example_task_group.py
[2024-04-15T15:48:21.603+0000] {processor.py:766} INFO - DAG(s) dict_keys(['example_task_group']) retrieved from /home/airflow/.local/lib/python3.7/site-packages/airflow/example_dags/example_task_group.py
[2024-04-15T15:48:21.709+0000] {logging_mixin.py:120} INFO - [2024-04-15T15:48:21.709+0000] {dag.py:2585} INFO - Sync 1 DAGs
[2024-04-15T15:48:21.765+0000] {logging_mixin.py:120} INFO - [2024-04-15T15:48:21.765+0000] {dag.py:3340} INFO - Setting next_dagrun for example_task_group to 2024-04-14T15:48:21.764501+00:00, run_after=2024-04-15T15:48:21.764501+00:00
[2024-04-15T15:48:21.792+0000] {processor.py:176} INFO - Processing /home/airflow/.local/lib/python3.7/site-packages/airflow/example_dags/example_task_group.py took 0.232 seconds
[2024-04-15T15:48:52.050+0000] {processor.py:154} INFO - Started process (PID=20080) to work on /home/airflow/.local/lib/python3.7/site-packages/airflow/example_dags/example_task_group.py
[2024-04-15T15:48:52.053+0000] {processor.py:756} INFO - Processing file /home/airflow/.local/lib/python3.7/site-packages/airflow/example_dags/example_task_group.py for tasks to queue
[2024-04-15T15:48:52.055+0000] {logging_mixin.py:120} INFO - [2024-04-15T15:48:52.055+0000] {dagbag.py:537} INFO - Filling up the DagBag from /home/airflow/.local/lib/python3.7/site-packages/airflow/example_dags/example_task_group.py
[2024-04-15T15:48:52.085+0000] {processor.py:766} INFO - DAG(s) dict_keys(['example_task_group']) retrieved from /home/airflow/.local/lib/python3.7/site-packages/airflow/example_dags/example_task_group.py
[2024-04-15T15:48:52.161+0000] {logging_mixin.py:120} INFO - [2024-04-15T15:48:52.160+0000] {dag.py:2585} INFO - Sync 1 DAGs
[2024-04-15T15:48:52.202+0000] {logging_mixin.py:120} INFO - [2024-04-15T15:48:52.201+0000] {dag.py:3340} INFO - Setting next_dagrun for example_task_group to 2024-04-14T15:48:52.201522+00:00, run_after=2024-04-15T15:48:52.201522+00:00
[2024-04-15T15:48:52.231+0000] {processor.py:176} INFO - Processing /home/airflow/.local/lib/python3.7/site-packages/airflow/example_dags/example_task_group.py took 0.187 seconds
[2024-04-15T15:49:22.571+0000] {processor.py:154} INFO - Started process (PID=20149) to work on /home/airflow/.local/lib/python3.7/site-packages/airflow/example_dags/example_task_group.py
[2024-04-15T15:49:22.573+0000] {processor.py:756} INFO - Processing file /home/airflow/.local/lib/python3.7/site-packages/airflow/example_dags/example_task_group.py for tasks to queue
[2024-04-15T15:49:22.578+0000] {logging_mixin.py:120} INFO - [2024-04-15T15:49:22.578+0000] {dagbag.py:537} INFO - Filling up the DagBag from /home/airflow/.local/lib/python3.7/site-packages/airflow/example_dags/example_task_group.py
[2024-04-15T15:49:22.609+0000] {processor.py:766} INFO - DAG(s) dict_keys(['example_task_group']) retrieved from /home/airflow/.local/lib/python3.7/site-packages/airflow/example_dags/example_task_group.py
[2024-04-15T15:49:22.691+0000] {logging_mixin.py:120} INFO - [2024-04-15T15:49:22.690+0000] {dag.py:2585} INFO - Sync 1 DAGs
[2024-04-15T15:49:22.744+0000] {logging_mixin.py:120} INFO - [2024-04-15T15:49:22.744+0000] {dag.py:3340} INFO - Setting next_dagrun for example_task_group to 2024-04-14T15:49:22.743796+00:00, run_after=2024-04-15T15:49:22.743796+00:00
[2024-04-15T15:49:22.777+0000] {processor.py:176} INFO - Processing /home/airflow/.local/lib/python3.7/site-packages/airflow/example_dags/example_task_group.py took 0.212 seconds
[2024-04-15T15:49:53.459+0000] {processor.py:154} INFO - Started process (PID=20227) to work on /home/airflow/.local/lib/python3.7/site-packages/airflow/example_dags/example_task_group.py
[2024-04-15T15:49:53.460+0000] {processor.py:756} INFO - Processing file /home/airflow/.local/lib/python3.7/site-packages/airflow/example_dags/example_task_group.py for tasks to queue
[2024-04-15T15:49:53.462+0000] {logging_mixin.py:120} INFO - [2024-04-15T15:49:53.462+0000] {dagbag.py:537} INFO - Filling up the DagBag from /home/airflow/.local/lib/python3.7/site-packages/airflow/example_dags/example_task_group.py
[2024-04-15T15:49:53.490+0000] {processor.py:766} INFO - DAG(s) dict_keys(['example_task_group']) retrieved from /home/airflow/.local/lib/python3.7/site-packages/airflow/example_dags/example_task_group.py
[2024-04-15T15:49:53.558+0000] {logging_mixin.py:120} INFO - [2024-04-15T15:49:53.558+0000] {dag.py:2585} INFO - Sync 1 DAGs
[2024-04-15T15:49:53.607+0000] {logging_mixin.py:120} INFO - [2024-04-15T15:49:53.607+0000] {dag.py:3340} INFO - Setting next_dagrun for example_task_group to 2024-04-14T15:49:53.606850+00:00, run_after=2024-04-15T15:49:53.606850+00:00
[2024-04-15T15:49:53.639+0000] {processor.py:176} INFO - Processing /home/airflow/.local/lib/python3.7/site-packages/airflow/example_dags/example_task_group.py took 0.187 seconds
[2024-04-15T15:50:24.003+0000] {processor.py:154} INFO - Started process (PID=20297) to work on /home/airflow/.local/lib/python3.7/site-packages/airflow/example_dags/example_task_group.py
[2024-04-15T15:50:24.005+0000] {processor.py:756} INFO - Processing file /home/airflow/.local/lib/python3.7/site-packages/airflow/example_dags/example_task_group.py for tasks to queue
[2024-04-15T15:50:24.007+0000] {logging_mixin.py:120} INFO - [2024-04-15T15:50:24.007+0000] {dagbag.py:537} INFO - Filling up the DagBag from /home/airflow/.local/lib/python3.7/site-packages/airflow/example_dags/example_task_group.py
[2024-04-15T15:50:24.038+0000] {processor.py:766} INFO - DAG(s) dict_keys(['example_task_group']) retrieved from /home/airflow/.local/lib/python3.7/site-packages/airflow/example_dags/example_task_group.py
[2024-04-15T15:50:24.105+0000] {logging_mixin.py:120} INFO - [2024-04-15T15:50:24.105+0000] {dag.py:2585} INFO - Sync 1 DAGs
[2024-04-15T15:50:24.154+0000] {logging_mixin.py:120} INFO - [2024-04-15T15:50:24.153+0000] {dag.py:3340} INFO - Setting next_dagrun for example_task_group to 2024-04-14T15:50:24.153437+00:00, run_after=2024-04-15T15:50:24.153437+00:00
[2024-04-15T15:50:24.187+0000] {processor.py:176} INFO - Processing /home/airflow/.local/lib/python3.7/site-packages/airflow/example_dags/example_task_group.py took 0.191 seconds
[2024-04-15T15:50:54.493+0000] {processor.py:154} INFO - Started process (PID=20375) to work on /home/airflow/.local/lib/python3.7/site-packages/airflow/example_dags/example_task_group.py
[2024-04-15T15:50:54.495+0000] {processor.py:756} INFO - Processing file /home/airflow/.local/lib/python3.7/site-packages/airflow/example_dags/example_task_group.py for tasks to queue
[2024-04-15T15:50:54.498+0000] {logging_mixin.py:120} INFO - [2024-04-15T15:50:54.497+0000] {dagbag.py:537} INFO - Filling up the DagBag from /home/airflow/.local/lib/python3.7/site-packages/airflow/example_dags/example_task_group.py
[2024-04-15T15:50:54.527+0000] {processor.py:766} INFO - DAG(s) dict_keys(['example_task_group']) retrieved from /home/airflow/.local/lib/python3.7/site-packages/airflow/example_dags/example_task_group.py
[2024-04-15T15:50:54.621+0000] {logging_mixin.py:120} INFO - [2024-04-15T15:50:54.620+0000] {dag.py:2585} INFO - Sync 1 DAGs
[2024-04-15T15:50:54.674+0000] {logging_mixin.py:120} INFO - [2024-04-15T15:50:54.674+0000] {dag.py:3340} INFO - Setting next_dagrun for example_task_group to 2024-04-14T15:50:54.674055+00:00, run_after=2024-04-15T15:50:54.674055+00:00
[2024-04-15T15:50:54.704+0000] {processor.py:176} INFO - Processing /home/airflow/.local/lib/python3.7/site-packages/airflow/example_dags/example_task_group.py took 0.220 seconds
[2024-04-15T15:51:25.289+0000] {processor.py:154} INFO - Started process (PID=20454) to work on /home/airflow/.local/lib/python3.7/site-packages/airflow/example_dags/example_task_group.py
[2024-04-15T15:51:25.291+0000] {processor.py:756} INFO - Processing file /home/airflow/.local/lib/python3.7/site-packages/airflow/example_dags/example_task_group.py for tasks to queue
[2024-04-15T15:51:25.293+0000] {logging_mixin.py:120} INFO - [2024-04-15T15:51:25.293+0000] {dagbag.py:537} INFO - Filling up the DagBag from /home/airflow/.local/lib/python3.7/site-packages/airflow/example_dags/example_task_group.py
[2024-04-15T15:51:25.323+0000] {processor.py:766} INFO - DAG(s) dict_keys(['example_task_group']) retrieved from /home/airflow/.local/lib/python3.7/site-packages/airflow/example_dags/example_task_group.py
[2024-04-15T15:51:25.397+0000] {logging_mixin.py:120} INFO - [2024-04-15T15:51:25.397+0000] {dag.py:2585} INFO - Sync 1 DAGs
[2024-04-15T15:51:25.437+0000] {logging_mixin.py:120} INFO - [2024-04-15T15:51:25.437+0000] {dag.py:3340} INFO - Setting next_dagrun for example_task_group to 2024-04-14T15:51:25.436829+00:00, run_after=2024-04-15T15:51:25.436829+00:00
[2024-04-15T15:51:25.468+0000] {processor.py:176} INFO - Processing /home/airflow/.local/lib/python3.7/site-packages/airflow/example_dags/example_task_group.py took 0.185 seconds
[2024-04-15T15:51:55.867+0000] {processor.py:154} INFO - Started process (PID=20524) to work on /home/airflow/.local/lib/python3.7/site-packages/airflow/example_dags/example_task_group.py
[2024-04-15T15:51:55.869+0000] {processor.py:756} INFO - Processing file /home/airflow/.local/lib/python3.7/site-packages/airflow/example_dags/example_task_group.py for tasks to queue
[2024-04-15T15:51:55.871+0000] {logging_mixin.py:120} INFO - [2024-04-15T15:51:55.871+0000] {dagbag.py:537} INFO - Filling up the DagBag from /home/airflow/.local/lib/python3.7/site-packages/airflow/example_dags/example_task_group.py
[2024-04-15T15:51:55.902+0000] {processor.py:766} INFO - DAG(s) dict_keys(['example_task_group']) retrieved from /home/airflow/.local/lib/python3.7/site-packages/airflow/example_dags/example_task_group.py
[2024-04-15T15:51:55.972+0000] {logging_mixin.py:120} INFO - [2024-04-15T15:51:55.972+0000] {dag.py:2585} INFO - Sync 1 DAGs
[2024-04-15T15:51:56.015+0000] {logging_mixin.py:120} INFO - [2024-04-15T15:51:56.015+0000] {dag.py:3340} INFO - Setting next_dagrun for example_task_group to 2024-04-14T15:51:56.014937+00:00, run_after=2024-04-15T15:51:56.014937+00:00
[2024-04-15T15:51:56.044+0000] {processor.py:176} INFO - Processing /home/airflow/.local/lib/python3.7/site-packages/airflow/example_dags/example_task_group.py took 0.184 seconds
[2024-04-15T15:52:26.556+0000] {processor.py:154} INFO - Started process (PID=20603) to work on /home/airflow/.local/lib/python3.7/site-packages/airflow/example_dags/example_task_group.py
[2024-04-15T15:52:26.558+0000] {processor.py:756} INFO - Processing file /home/airflow/.local/lib/python3.7/site-packages/airflow/example_dags/example_task_group.py for tasks to queue
[2024-04-15T15:52:26.560+0000] {logging_mixin.py:120} INFO - [2024-04-15T15:52:26.560+0000] {dagbag.py:537} INFO - Filling up the DagBag from /home/airflow/.local/lib/python3.7/site-packages/airflow/example_dags/example_task_group.py
[2024-04-15T15:52:26.589+0000] {processor.py:766} INFO - DAG(s) dict_keys(['example_task_group']) retrieved from /home/airflow/.local/lib/python3.7/site-packages/airflow/example_dags/example_task_group.py
[2024-04-15T15:52:26.660+0000] {logging_mixin.py:120} INFO - [2024-04-15T15:52:26.660+0000] {dag.py:2585} INFO - Sync 1 DAGs
[2024-04-15T15:52:26.704+0000] {logging_mixin.py:120} INFO - [2024-04-15T15:52:26.703+0000] {dag.py:3340} INFO - Setting next_dagrun for example_task_group to 2024-04-14T15:52:26.702977+00:00, run_after=2024-04-15T15:52:26.702977+00:00
[2024-04-15T15:52:26.732+0000] {processor.py:176} INFO - Processing /home/airflow/.local/lib/python3.7/site-packages/airflow/example_dags/example_task_group.py took 0.181 seconds
[2024-04-15T15:52:57.148+0000] {processor.py:154} INFO - Started process (PID=20672) to work on /home/airflow/.local/lib/python3.7/site-packages/airflow/example_dags/example_task_group.py
[2024-04-15T15:52:57.151+0000] {processor.py:756} INFO - Processing file /home/airflow/.local/lib/python3.7/site-packages/airflow/example_dags/example_task_group.py for tasks to queue
[2024-04-15T15:52:57.152+0000] {logging_mixin.py:120} INFO - [2024-04-15T15:52:57.152+0000] {dagbag.py:537} INFO - Filling up the DagBag from /home/airflow/.local/lib/python3.7/site-packages/airflow/example_dags/example_task_group.py
[2024-04-15T15:52:57.181+0000] {processor.py:766} INFO - DAG(s) dict_keys(['example_task_group']) retrieved from /home/airflow/.local/lib/python3.7/site-packages/airflow/example_dags/example_task_group.py
[2024-04-15T15:52:57.250+0000] {logging_mixin.py:120} INFO - [2024-04-15T15:52:57.249+0000] {dag.py:2585} INFO - Sync 1 DAGs
[2024-04-15T15:52:57.289+0000] {logging_mixin.py:120} INFO - [2024-04-15T15:52:57.289+0000] {dag.py:3340} INFO - Setting next_dagrun for example_task_group to 2024-04-14T15:52:57.289368+00:00, run_after=2024-04-15T15:52:57.289368+00:00
[2024-04-15T15:52:57.322+0000] {processor.py:176} INFO - Processing /home/airflow/.local/lib/python3.7/site-packages/airflow/example_dags/example_task_group.py took 0.180 seconds
[2024-04-15T15:53:28.371+0000] {processor.py:154} INFO - Started process (PID=20750) to work on /home/airflow/.local/lib/python3.7/site-packages/airflow/example_dags/example_task_group.py
[2024-04-15T15:53:28.375+0000] {processor.py:756} INFO - Processing file /home/airflow/.local/lib/python3.7/site-packages/airflow/example_dags/example_task_group.py for tasks to queue
[2024-04-15T15:53:28.377+0000] {logging_mixin.py:120} INFO - [2024-04-15T15:53:28.377+0000] {dagbag.py:537} INFO - Filling up the DagBag from /home/airflow/.local/lib/python3.7/site-packages/airflow/example_dags/example_task_group.py
[2024-04-15T15:53:28.409+0000] {processor.py:766} INFO - DAG(s) dict_keys(['example_task_group']) retrieved from /home/airflow/.local/lib/python3.7/site-packages/airflow/example_dags/example_task_group.py
[2024-04-15T15:53:28.483+0000] {logging_mixin.py:120} INFO - [2024-04-15T15:53:28.483+0000] {dag.py:2585} INFO - Sync 1 DAGs
[2024-04-15T15:53:28.525+0000] {logging_mixin.py:120} INFO - [2024-04-15T15:53:28.525+0000] {dag.py:3340} INFO - Setting next_dagrun for example_task_group to 2024-04-14T15:53:28.524925+00:00, run_after=2024-04-15T15:53:28.524925+00:00
[2024-04-15T15:53:28.563+0000] {processor.py:176} INFO - Processing /home/airflow/.local/lib/python3.7/site-packages/airflow/example_dags/example_task_group.py took 0.205 seconds
[2024-04-15T15:53:58.636+0000] {processor.py:154} INFO - Started process (PID=20820) to work on /home/airflow/.local/lib/python3.7/site-packages/airflow/example_dags/example_task_group.py
[2024-04-15T15:53:58.638+0000] {processor.py:756} INFO - Processing file /home/airflow/.local/lib/python3.7/site-packages/airflow/example_dags/example_task_group.py for tasks to queue
[2024-04-15T15:53:58.640+0000] {logging_mixin.py:120} INFO - [2024-04-15T15:53:58.640+0000] {dagbag.py:537} INFO - Filling up the DagBag from /home/airflow/.local/lib/python3.7/site-packages/airflow/example_dags/example_task_group.py
[2024-04-15T15:53:58.668+0000] {processor.py:766} INFO - DAG(s) dict_keys(['example_task_group']) retrieved from /home/airflow/.local/lib/python3.7/site-packages/airflow/example_dags/example_task_group.py
[2024-04-15T15:53:58.730+0000] {logging_mixin.py:120} INFO - [2024-04-15T15:53:58.729+0000] {dag.py:2585} INFO - Sync 1 DAGs
[2024-04-15T15:53:58.770+0000] {logging_mixin.py:120} INFO - [2024-04-15T15:53:58.770+0000] {dag.py:3340} INFO - Setting next_dagrun for example_task_group to 2024-04-14T15:53:58.769956+00:00, run_after=2024-04-15T15:53:58.769956+00:00
[2024-04-15T15:53:58.796+0000] {processor.py:176} INFO - Processing /home/airflow/.local/lib/python3.7/site-packages/airflow/example_dags/example_task_group.py took 0.166 seconds
[2024-04-15T15:54:29.558+0000] {processor.py:154} INFO - Started process (PID=20898) to work on /home/airflow/.local/lib/python3.7/site-packages/airflow/example_dags/example_task_group.py
[2024-04-15T15:54:29.560+0000] {processor.py:756} INFO - Processing file /home/airflow/.local/lib/python3.7/site-packages/airflow/example_dags/example_task_group.py for tasks to queue
[2024-04-15T15:54:29.562+0000] {logging_mixin.py:120} INFO - [2024-04-15T15:54:29.561+0000] {dagbag.py:537} INFO - Filling up the DagBag from /home/airflow/.local/lib/python3.7/site-packages/airflow/example_dags/example_task_group.py
[2024-04-15T15:54:29.590+0000] {processor.py:766} INFO - DAG(s) dict_keys(['example_task_group']) retrieved from /home/airflow/.local/lib/python3.7/site-packages/airflow/example_dags/example_task_group.py
[2024-04-15T15:54:29.680+0000] {logging_mixin.py:120} INFO - [2024-04-15T15:54:29.679+0000] {dag.py:2585} INFO - Sync 1 DAGs
[2024-04-15T15:54:29.731+0000] {logging_mixin.py:120} INFO - [2024-04-15T15:54:29.731+0000] {dag.py:3340} INFO - Setting next_dagrun for example_task_group to 2024-04-14T15:54:29.730671+00:00, run_after=2024-04-15T15:54:29.730671+00:00
[2024-04-15T15:54:29.763+0000] {processor.py:176} INFO - Processing /home/airflow/.local/lib/python3.7/site-packages/airflow/example_dags/example_task_group.py took 0.211 seconds
[2024-04-15T15:55:00.148+0000] {processor.py:154} INFO - Started process (PID=20967) to work on /home/airflow/.local/lib/python3.7/site-packages/airflow/example_dags/example_task_group.py
[2024-04-15T15:55:00.156+0000] {processor.py:756} INFO - Processing file /home/airflow/.local/lib/python3.7/site-packages/airflow/example_dags/example_task_group.py for tasks to queue
[2024-04-15T15:55:00.158+0000] {logging_mixin.py:120} INFO - [2024-04-15T15:55:00.158+0000] {dagbag.py:537} INFO - Filling up the DagBag from /home/airflow/.local/lib/python3.7/site-packages/airflow/example_dags/example_task_group.py
[2024-04-15T15:55:00.195+0000] {processor.py:766} INFO - DAG(s) dict_keys(['example_task_group']) retrieved from /home/airflow/.local/lib/python3.7/site-packages/airflow/example_dags/example_task_group.py
[2024-04-15T15:55:00.280+0000] {logging_mixin.py:120} INFO - [2024-04-15T15:55:00.279+0000] {dag.py:2585} INFO - Sync 1 DAGs
[2024-04-15T15:55:00.322+0000] {logging_mixin.py:120} INFO - [2024-04-15T15:55:00.322+0000] {dag.py:3340} INFO - Setting next_dagrun for example_task_group to 2024-04-14T15:55:00.322060+00:00, run_after=2024-04-15T15:55:00.322060+00:00
[2024-04-15T15:55:00.352+0000] {processor.py:176} INFO - Processing /home/airflow/.local/lib/python3.7/site-packages/airflow/example_dags/example_task_group.py took 0.210 seconds
[2024-04-15T15:55:31.185+0000] {processor.py:154} INFO - Started process (PID=21043) to work on /home/airflow/.local/lib/python3.7/site-packages/airflow/example_dags/example_task_group.py
[2024-04-15T15:55:31.188+0000] {processor.py:756} INFO - Processing file /home/airflow/.local/lib/python3.7/site-packages/airflow/example_dags/example_task_group.py for tasks to queue
[2024-04-15T15:55:31.190+0000] {logging_mixin.py:120} INFO - [2024-04-15T15:55:31.190+0000] {dagbag.py:537} INFO - Filling up the DagBag from /home/airflow/.local/lib/python3.7/site-packages/airflow/example_dags/example_task_group.py
[2024-04-15T15:55:31.227+0000] {processor.py:766} INFO - DAG(s) dict_keys(['example_task_group']) retrieved from /home/airflow/.local/lib/python3.7/site-packages/airflow/example_dags/example_task_group.py
[2024-04-15T15:55:31.313+0000] {logging_mixin.py:120} INFO - [2024-04-15T15:55:31.312+0000] {dag.py:2585} INFO - Sync 1 DAGs
[2024-04-15T15:55:31.356+0000] {logging_mixin.py:120} INFO - [2024-04-15T15:55:31.356+0000] {dag.py:3340} INFO - Setting next_dagrun for example_task_group to 2024-04-14T15:55:31.355956+00:00, run_after=2024-04-15T15:55:31.355956+00:00
[2024-04-15T15:55:31.394+0000] {processor.py:176} INFO - Processing /home/airflow/.local/lib/python3.7/site-packages/airflow/example_dags/example_task_group.py took 0.225 seconds
[2024-04-15T15:56:01.509+0000] {processor.py:154} INFO - Started process (PID=21122) to work on /home/airflow/.local/lib/python3.7/site-packages/airflow/example_dags/example_task_group.py
[2024-04-15T15:56:01.511+0000] {processor.py:756} INFO - Processing file /home/airflow/.local/lib/python3.7/site-packages/airflow/example_dags/example_task_group.py for tasks to queue
[2024-04-15T15:56:01.513+0000] {logging_mixin.py:120} INFO - [2024-04-15T15:56:01.512+0000] {dagbag.py:537} INFO - Filling up the DagBag from /home/airflow/.local/lib/python3.7/site-packages/airflow/example_dags/example_task_group.py
[2024-04-15T15:56:01.540+0000] {processor.py:766} INFO - DAG(s) dict_keys(['example_task_group']) retrieved from /home/airflow/.local/lib/python3.7/site-packages/airflow/example_dags/example_task_group.py
[2024-04-15T15:56:01.608+0000] {logging_mixin.py:120} INFO - [2024-04-15T15:56:01.608+0000] {dag.py:2585} INFO - Sync 1 DAGs
[2024-04-15T15:56:01.650+0000] {logging_mixin.py:120} INFO - [2024-04-15T15:56:01.650+0000] {dag.py:3340} INFO - Setting next_dagrun for example_task_group to 2024-04-14T15:56:01.649954+00:00, run_after=2024-04-15T15:56:01.649954+00:00
[2024-04-15T15:56:01.679+0000] {processor.py:176} INFO - Processing /home/airflow/.local/lib/python3.7/site-packages/airflow/example_dags/example_task_group.py took 0.175 seconds
[2024-04-15T15:56:32.354+0000] {processor.py:154} INFO - Started process (PID=21190) to work on /home/airflow/.local/lib/python3.7/site-packages/airflow/example_dags/example_task_group.py
[2024-04-15T15:56:32.356+0000] {processor.py:756} INFO - Processing file /home/airflow/.local/lib/python3.7/site-packages/airflow/example_dags/example_task_group.py for tasks to queue
[2024-04-15T15:56:32.357+0000] {logging_mixin.py:120} INFO - [2024-04-15T15:56:32.357+0000] {dagbag.py:537} INFO - Filling up the DagBag from /home/airflow/.local/lib/python3.7/site-packages/airflow/example_dags/example_task_group.py
[2024-04-15T15:56:32.388+0000] {processor.py:766} INFO - DAG(s) dict_keys(['example_task_group']) retrieved from /home/airflow/.local/lib/python3.7/site-packages/airflow/example_dags/example_task_group.py
[2024-04-15T15:56:32.458+0000] {logging_mixin.py:120} INFO - [2024-04-15T15:56:32.458+0000] {dag.py:2585} INFO - Sync 1 DAGs
[2024-04-15T15:56:32.508+0000] {logging_mixin.py:120} INFO - [2024-04-15T15:56:32.508+0000] {dag.py:3340} INFO - Setting next_dagrun for example_task_group to 2024-04-14T15:56:32.508021+00:00, run_after=2024-04-15T15:56:32.508021+00:00
[2024-04-15T15:56:32.540+0000] {processor.py:176} INFO - Processing /home/airflow/.local/lib/python3.7/site-packages/airflow/example_dags/example_task_group.py took 0.192 seconds
[2024-04-15T15:57:02.961+0000] {processor.py:154} INFO - Started process (PID=21269) to work on /home/airflow/.local/lib/python3.7/site-packages/airflow/example_dags/example_task_group.py
[2024-04-15T15:57:02.962+0000] {processor.py:756} INFO - Processing file /home/airflow/.local/lib/python3.7/site-packages/airflow/example_dags/example_task_group.py for tasks to queue
[2024-04-15T15:57:02.964+0000] {logging_mixin.py:120} INFO - [2024-04-15T15:57:02.964+0000] {dagbag.py:537} INFO - Filling up the DagBag from /home/airflow/.local/lib/python3.7/site-packages/airflow/example_dags/example_task_group.py
[2024-04-15T15:57:02.992+0000] {processor.py:766} INFO - DAG(s) dict_keys(['example_task_group']) retrieved from /home/airflow/.local/lib/python3.7/site-packages/airflow/example_dags/example_task_group.py
[2024-04-15T15:57:03.058+0000] {logging_mixin.py:120} INFO - [2024-04-15T15:57:03.057+0000] {dag.py:2585} INFO - Sync 1 DAGs
[2024-04-15T15:57:03.098+0000] {logging_mixin.py:120} INFO - [2024-04-15T15:57:03.097+0000] {dag.py:3340} INFO - Setting next_dagrun for example_task_group to 2024-04-14T15:57:03.097310+00:00, run_after=2024-04-15T15:57:03.097310+00:00
[2024-04-15T15:57:03.133+0000] {processor.py:176} INFO - Processing /home/airflow/.local/lib/python3.7/site-packages/airflow/example_dags/example_task_group.py took 0.177 seconds
[2024-04-15T15:57:34.497+0000] {processor.py:154} INFO - Started process (PID=21349) to work on /home/airflow/.local/lib/python3.7/site-packages/airflow/example_dags/example_task_group.py
[2024-04-15T15:57:34.501+0000] {processor.py:756} INFO - Processing file /home/airflow/.local/lib/python3.7/site-packages/airflow/example_dags/example_task_group.py for tasks to queue
[2024-04-15T15:57:34.504+0000] {logging_mixin.py:120} INFO - [2024-04-15T15:57:34.503+0000] {dagbag.py:537} INFO - Filling up the DagBag from /home/airflow/.local/lib/python3.7/site-packages/airflow/example_dags/example_task_group.py
[2024-04-15T15:57:34.554+0000] {processor.py:766} INFO - DAG(s) dict_keys(['example_task_group']) retrieved from /home/airflow/.local/lib/python3.7/site-packages/airflow/example_dags/example_task_group.py
[2024-04-15T15:57:34.638+0000] {logging_mixin.py:120} INFO - [2024-04-15T15:57:34.638+0000] {dag.py:2585} INFO - Sync 1 DAGs
[2024-04-15T15:57:34.701+0000] {logging_mixin.py:120} INFO - [2024-04-15T15:57:34.701+0000] {dag.py:3340} INFO - Setting next_dagrun for example_task_group to 2024-04-14T15:57:34.701321+00:00, run_after=2024-04-15T15:57:34.701321+00:00
[2024-04-15T15:57:34.738+0000] {processor.py:176} INFO - Processing /home/airflow/.local/lib/python3.7/site-packages/airflow/example_dags/example_task_group.py took 0.248 seconds
[2024-04-15T15:58:04.865+0000] {processor.py:154} INFO - Started process (PID=21418) to work on /home/airflow/.local/lib/python3.7/site-packages/airflow/example_dags/example_task_group.py
[2024-04-15T15:58:04.868+0000] {processor.py:756} INFO - Processing file /home/airflow/.local/lib/python3.7/site-packages/airflow/example_dags/example_task_group.py for tasks to queue
[2024-04-15T15:58:04.872+0000] {logging_mixin.py:120} INFO - [2024-04-15T15:58:04.871+0000] {dagbag.py:537} INFO - Filling up the DagBag from /home/airflow/.local/lib/python3.7/site-packages/airflow/example_dags/example_task_group.py
[2024-04-15T15:58:04.907+0000] {processor.py:766} INFO - DAG(s) dict_keys(['example_task_group']) retrieved from /home/airflow/.local/lib/python3.7/site-packages/airflow/example_dags/example_task_group.py
[2024-04-15T15:58:04.980+0000] {logging_mixin.py:120} INFO - [2024-04-15T15:58:04.980+0000] {dag.py:2585} INFO - Sync 1 DAGs
[2024-04-15T15:58:05.019+0000] {logging_mixin.py:120} INFO - [2024-04-15T15:58:05.019+0000] {dag.py:3340} INFO - Setting next_dagrun for example_task_group to 2024-04-14T15:58:05.019163+00:00, run_after=2024-04-15T15:58:05.019163+00:00
[2024-04-15T15:58:05.053+0000] {processor.py:176} INFO - Processing /home/airflow/.local/lib/python3.7/site-packages/airflow/example_dags/example_task_group.py took 0.193 seconds
[2024-04-15T15:58:35.678+0000] {processor.py:154} INFO - Started process (PID=21496) to work on /home/airflow/.local/lib/python3.7/site-packages/airflow/example_dags/example_task_group.py
[2024-04-15T15:58:35.681+0000] {processor.py:756} INFO - Processing file /home/airflow/.local/lib/python3.7/site-packages/airflow/example_dags/example_task_group.py for tasks to queue
[2024-04-15T15:58:35.683+0000] {logging_mixin.py:120} INFO - [2024-04-15T15:58:35.683+0000] {dagbag.py:537} INFO - Filling up the DagBag from /home/airflow/.local/lib/python3.7/site-packages/airflow/example_dags/example_task_group.py
[2024-04-15T15:58:35.713+0000] {processor.py:766} INFO - DAG(s) dict_keys(['example_task_group']) retrieved from /home/airflow/.local/lib/python3.7/site-packages/airflow/example_dags/example_task_group.py
[2024-04-15T15:58:35.784+0000] {logging_mixin.py:120} INFO - [2024-04-15T15:58:35.784+0000] {dag.py:2585} INFO - Sync 1 DAGs
[2024-04-15T15:58:35.826+0000] {logging_mixin.py:120} INFO - [2024-04-15T15:58:35.826+0000] {dag.py:3340} INFO - Setting next_dagrun for example_task_group to 2024-04-14T15:58:35.825804+00:00, run_after=2024-04-15T15:58:35.825804+00:00
[2024-04-15T15:58:35.855+0000] {processor.py:176} INFO - Processing /home/airflow/.local/lib/python3.7/site-packages/airflow/example_dags/example_task_group.py took 0.183 seconds
[2024-04-15T15:59:06.471+0000] {processor.py:154} INFO - Started process (PID=21566) to work on /home/airflow/.local/lib/python3.7/site-packages/airflow/example_dags/example_task_group.py
[2024-04-15T15:59:06.473+0000] {processor.py:756} INFO - Processing file /home/airflow/.local/lib/python3.7/site-packages/airflow/example_dags/example_task_group.py for tasks to queue
[2024-04-15T15:59:06.474+0000] {logging_mixin.py:120} INFO - [2024-04-15T15:59:06.474+0000] {dagbag.py:537} INFO - Filling up the DagBag from /home/airflow/.local/lib/python3.7/site-packages/airflow/example_dags/example_task_group.py
[2024-04-15T15:59:06.501+0000] {processor.py:766} INFO - DAG(s) dict_keys(['example_task_group']) retrieved from /home/airflow/.local/lib/python3.7/site-packages/airflow/example_dags/example_task_group.py
[2024-04-15T15:59:06.567+0000] {logging_mixin.py:120} INFO - [2024-04-15T15:59:06.567+0000] {dag.py:2585} INFO - Sync 1 DAGs
[2024-04-15T15:59:06.608+0000] {logging_mixin.py:120} INFO - [2024-04-15T15:59:06.608+0000] {dag.py:3340} INFO - Setting next_dagrun for example_task_group to 2024-04-14T15:59:06.607788+00:00, run_after=2024-04-15T15:59:06.607788+00:00
[2024-04-15T15:59:06.640+0000] {processor.py:176} INFO - Processing /home/airflow/.local/lib/python3.7/site-packages/airflow/example_dags/example_task_group.py took 0.175 seconds
[2024-04-15T15:59:37.184+0000] {processor.py:154} INFO - Started process (PID=21644) to work on /home/airflow/.local/lib/python3.7/site-packages/airflow/example_dags/example_task_group.py
[2024-04-15T15:59:37.188+0000] {processor.py:756} INFO - Processing file /home/airflow/.local/lib/python3.7/site-packages/airflow/example_dags/example_task_group.py for tasks to queue
[2024-04-15T15:59:37.189+0000] {logging_mixin.py:120} INFO - [2024-04-15T15:59:37.189+0000] {dagbag.py:537} INFO - Filling up the DagBag from /home/airflow/.local/lib/python3.7/site-packages/airflow/example_dags/example_task_group.py
[2024-04-15T15:59:37.218+0000] {processor.py:766} INFO - DAG(s) dict_keys(['example_task_group']) retrieved from /home/airflow/.local/lib/python3.7/site-packages/airflow/example_dags/example_task_group.py
[2024-04-15T15:59:37.298+0000] {logging_mixin.py:120} INFO - [2024-04-15T15:59:37.297+0000] {dag.py:2585} INFO - Sync 1 DAGs
[2024-04-15T15:59:37.340+0000] {logging_mixin.py:120} INFO - [2024-04-15T15:59:37.340+0000] {dag.py:3340} INFO - Setting next_dagrun for example_task_group to 2024-04-14T15:59:37.339560+00:00, run_after=2024-04-15T15:59:37.339560+00:00
[2024-04-15T15:59:37.381+0000] {processor.py:176} INFO - Processing /home/airflow/.local/lib/python3.7/site-packages/airflow/example_dags/example_task_group.py took 0.206 seconds
[2024-04-15T16:00:07.799+0000] {processor.py:154} INFO - Started process (PID=21713) to work on /home/airflow/.local/lib/python3.7/site-packages/airflow/example_dags/example_task_group.py
[2024-04-15T16:00:07.801+0000] {processor.py:756} INFO - Processing file /home/airflow/.local/lib/python3.7/site-packages/airflow/example_dags/example_task_group.py for tasks to queue
[2024-04-15T16:00:07.804+0000] {logging_mixin.py:120} INFO - [2024-04-15T16:00:07.803+0000] {dagbag.py:537} INFO - Filling up the DagBag from /home/airflow/.local/lib/python3.7/site-packages/airflow/example_dags/example_task_group.py
[2024-04-15T16:00:07.842+0000] {processor.py:766} INFO - DAG(s) dict_keys(['example_task_group']) retrieved from /home/airflow/.local/lib/python3.7/site-packages/airflow/example_dags/example_task_group.py
[2024-04-15T16:00:07.925+0000] {logging_mixin.py:120} INFO - [2024-04-15T16:00:07.925+0000] {dag.py:2585} INFO - Sync 1 DAGs
[2024-04-15T16:00:07.968+0000] {logging_mixin.py:120} INFO - [2024-04-15T16:00:07.968+0000] {dag.py:3340} INFO - Setting next_dagrun for example_task_group to 2024-04-14T16:00:07.967673+00:00, run_after=2024-04-15T16:00:07.967673+00:00
[2024-04-15T16:00:07.997+0000] {processor.py:176} INFO - Processing /home/airflow/.local/lib/python3.7/site-packages/airflow/example_dags/example_task_group.py took 0.204 seconds
[2024-04-15T16:00:38.120+0000] {processor.py:154} INFO - Started process (PID=21791) to work on /home/airflow/.local/lib/python3.7/site-packages/airflow/example_dags/example_task_group.py
[2024-04-15T16:00:38.122+0000] {processor.py:756} INFO - Processing file /home/airflow/.local/lib/python3.7/site-packages/airflow/example_dags/example_task_group.py for tasks to queue
[2024-04-15T16:00:38.124+0000] {logging_mixin.py:120} INFO - [2024-04-15T16:00:38.124+0000] {dagbag.py:537} INFO - Filling up the DagBag from /home/airflow/.local/lib/python3.7/site-packages/airflow/example_dags/example_task_group.py
[2024-04-15T16:00:38.158+0000] {processor.py:766} INFO - DAG(s) dict_keys(['example_task_group']) retrieved from /home/airflow/.local/lib/python3.7/site-packages/airflow/example_dags/example_task_group.py
[2024-04-15T16:00:38.231+0000] {logging_mixin.py:120} INFO - [2024-04-15T16:00:38.231+0000] {dag.py:2585} INFO - Sync 1 DAGs
[2024-04-15T16:00:38.272+0000] {logging_mixin.py:120} INFO - [2024-04-15T16:00:38.272+0000] {dag.py:3340} INFO - Setting next_dagrun for example_task_group to 2024-04-14T16:00:38.271723+00:00, run_after=2024-04-15T16:00:38.271723+00:00
[2024-04-15T16:00:38.306+0000] {processor.py:176} INFO - Processing /home/airflow/.local/lib/python3.7/site-packages/airflow/example_dags/example_task_group.py took 0.192 seconds
[2024-04-15T16:01:09.159+0000] {processor.py:154} INFO - Started process (PID=21869) to work on /home/airflow/.local/lib/python3.7/site-packages/airflow/example_dags/example_task_group.py
[2024-04-15T16:01:09.161+0000] {processor.py:756} INFO - Processing file /home/airflow/.local/lib/python3.7/site-packages/airflow/example_dags/example_task_group.py for tasks to queue
[2024-04-15T16:01:09.164+0000] {logging_mixin.py:120} INFO - [2024-04-15T16:01:09.164+0000] {dagbag.py:537} INFO - Filling up the DagBag from /home/airflow/.local/lib/python3.7/site-packages/airflow/example_dags/example_task_group.py
[2024-04-15T16:01:09.197+0000] {processor.py:766} INFO - DAG(s) dict_keys(['example_task_group']) retrieved from /home/airflow/.local/lib/python3.7/site-packages/airflow/example_dags/example_task_group.py
[2024-04-15T16:01:09.278+0000] {logging_mixin.py:120} INFO - [2024-04-15T16:01:09.278+0000] {dag.py:2585} INFO - Sync 1 DAGs
[2024-04-15T16:01:09.323+0000] {logging_mixin.py:120} INFO - [2024-04-15T16:01:09.322+0000] {dag.py:3340} INFO - Setting next_dagrun for example_task_group to 2024-04-14T16:01:09.322621+00:00, run_after=2024-04-15T16:01:09.322621+00:00
[2024-04-15T16:01:09.380+0000] {processor.py:176} INFO - Processing /home/airflow/.local/lib/python3.7/site-packages/airflow/example_dags/example_task_group.py took 0.229 seconds
[2024-04-15T16:01:40.276+0000] {processor.py:154} INFO - Started process (PID=21938) to work on /home/airflow/.local/lib/python3.7/site-packages/airflow/example_dags/example_task_group.py
[2024-04-15T16:01:40.278+0000] {processor.py:756} INFO - Processing file /home/airflow/.local/lib/python3.7/site-packages/airflow/example_dags/example_task_group.py for tasks to queue
[2024-04-15T16:01:40.280+0000] {logging_mixin.py:120} INFO - [2024-04-15T16:01:40.280+0000] {dagbag.py:537} INFO - Filling up the DagBag from /home/airflow/.local/lib/python3.7/site-packages/airflow/example_dags/example_task_group.py
[2024-04-15T16:01:40.316+0000] {processor.py:766} INFO - DAG(s) dict_keys(['example_task_group']) retrieved from /home/airflow/.local/lib/python3.7/site-packages/airflow/example_dags/example_task_group.py
[2024-04-15T16:01:40.389+0000] {logging_mixin.py:120} INFO - [2024-04-15T16:01:40.388+0000] {dag.py:2585} INFO - Sync 1 DAGs
[2024-04-15T16:01:40.430+0000] {logging_mixin.py:120} INFO - [2024-04-15T16:01:40.430+0000] {dag.py:3340} INFO - Setting next_dagrun for example_task_group to 2024-04-14T16:01:40.430318+00:00, run_after=2024-04-15T16:01:40.430318+00:00
[2024-04-15T16:01:40.462+0000] {processor.py:176} INFO - Processing /home/airflow/.local/lib/python3.7/site-packages/airflow/example_dags/example_task_group.py took 0.192 seconds
[2024-04-15T16:02:11.118+0000] {processor.py:154} INFO - Started process (PID=22015) to work on /home/airflow/.local/lib/python3.7/site-packages/airflow/example_dags/example_task_group.py
[2024-04-15T16:02:11.125+0000] {processor.py:756} INFO - Processing file /home/airflow/.local/lib/python3.7/site-packages/airflow/example_dags/example_task_group.py for tasks to queue
[2024-04-15T16:02:11.130+0000] {logging_mixin.py:120} INFO - [2024-04-15T16:02:11.130+0000] {dagbag.py:537} INFO - Filling up the DagBag from /home/airflow/.local/lib/python3.7/site-packages/airflow/example_dags/example_task_group.py
[2024-04-15T16:02:11.166+0000] {processor.py:766} INFO - DAG(s) dict_keys(['example_task_group']) retrieved from /home/airflow/.local/lib/python3.7/site-packages/airflow/example_dags/example_task_group.py
[2024-04-15T16:02:11.257+0000] {logging_mixin.py:120} INFO - [2024-04-15T16:02:11.256+0000] {dag.py:2585} INFO - Sync 1 DAGs
[2024-04-15T16:02:11.306+0000] {logging_mixin.py:120} INFO - [2024-04-15T16:02:11.306+0000] {dag.py:3340} INFO - Setting next_dagrun for example_task_group to 2024-04-14T16:02:11.305872+00:00, run_after=2024-04-15T16:02:11.305872+00:00
[2024-04-15T16:02:11.340+0000] {processor.py:176} INFO - Processing /home/airflow/.local/lib/python3.7/site-packages/airflow/example_dags/example_task_group.py took 0.232 seconds
[2024-04-15T16:02:41.986+0000] {processor.py:154} INFO - Started process (PID=22085) to work on /home/airflow/.local/lib/python3.7/site-packages/airflow/example_dags/example_task_group.py
[2024-04-15T16:02:41.989+0000] {processor.py:756} INFO - Processing file /home/airflow/.local/lib/python3.7/site-packages/airflow/example_dags/example_task_group.py for tasks to queue
[2024-04-15T16:02:41.990+0000] {logging_mixin.py:120} INFO - [2024-04-15T16:02:41.990+0000] {dagbag.py:537} INFO - Filling up the DagBag from /home/airflow/.local/lib/python3.7/site-packages/airflow/example_dags/example_task_group.py
[2024-04-15T16:02:42.017+0000] {processor.py:766} INFO - DAG(s) dict_keys(['example_task_group']) retrieved from /home/airflow/.local/lib/python3.7/site-packages/airflow/example_dags/example_task_group.py
[2024-04-15T16:02:42.091+0000] {logging_mixin.py:120} INFO - [2024-04-15T16:02:42.090+0000] {dag.py:2585} INFO - Sync 1 DAGs
[2024-04-15T16:02:42.145+0000] {logging_mixin.py:120} INFO - [2024-04-15T16:02:42.144+0000] {dag.py:3340} INFO - Setting next_dagrun for example_task_group to 2024-04-14T16:02:42.144117+00:00, run_after=2024-04-15T16:02:42.144117+00:00
[2024-04-15T16:02:42.183+0000] {processor.py:176} INFO - Processing /home/airflow/.local/lib/python3.7/site-packages/airflow/example_dags/example_task_group.py took 0.205 seconds
[2024-04-15T16:03:12.935+0000] {processor.py:154} INFO - Started process (PID=22164) to work on /home/airflow/.local/lib/python3.7/site-packages/airflow/example_dags/example_task_group.py
[2024-04-15T16:03:12.944+0000] {processor.py:756} INFO - Processing file /home/airflow/.local/lib/python3.7/site-packages/airflow/example_dags/example_task_group.py for tasks to queue
[2024-04-15T16:03:12.949+0000] {logging_mixin.py:120} INFO - [2024-04-15T16:03:12.949+0000] {dagbag.py:537} INFO - Filling up the DagBag from /home/airflow/.local/lib/python3.7/site-packages/airflow/example_dags/example_task_group.py
[2024-04-15T16:03:12.984+0000] {processor.py:766} INFO - DAG(s) dict_keys(['example_task_group']) retrieved from /home/airflow/.local/lib/python3.7/site-packages/airflow/example_dags/example_task_group.py
[2024-04-15T16:03:13.050+0000] {logging_mixin.py:120} INFO - [2024-04-15T16:03:13.050+0000] {dag.py:2585} INFO - Sync 1 DAGs
[2024-04-15T16:03:13.090+0000] {logging_mixin.py:120} INFO - [2024-04-15T16:03:13.090+0000] {dag.py:3340} INFO - Setting next_dagrun for example_task_group to 2024-04-14T16:03:13.090273+00:00, run_after=2024-04-15T16:03:13.090273+00:00
[2024-04-15T16:03:13.122+0000] {processor.py:176} INFO - Processing /home/airflow/.local/lib/python3.7/site-packages/airflow/example_dags/example_task_group.py took 0.194 seconds
[2024-04-15T16:03:43.926+0000] {processor.py:154} INFO - Started process (PID=22239) to work on /home/airflow/.local/lib/python3.7/site-packages/airflow/example_dags/example_task_group.py
[2024-04-15T16:03:43.930+0000] {processor.py:756} INFO - Processing file /home/airflow/.local/lib/python3.7/site-packages/airflow/example_dags/example_task_group.py for tasks to queue
[2024-04-15T16:03:43.934+0000] {logging_mixin.py:120} INFO - [2024-04-15T16:03:43.933+0000] {dagbag.py:537} INFO - Filling up the DagBag from /home/airflow/.local/lib/python3.7/site-packages/airflow/example_dags/example_task_group.py
[2024-04-15T16:03:43.973+0000] {processor.py:766} INFO - DAG(s) dict_keys(['example_task_group']) retrieved from /home/airflow/.local/lib/python3.7/site-packages/airflow/example_dags/example_task_group.py
[2024-04-15T16:03:44.069+0000] {logging_mixin.py:120} INFO - [2024-04-15T16:03:44.069+0000] {dag.py:2585} INFO - Sync 1 DAGs
[2024-04-15T16:03:44.134+0000] {logging_mixin.py:120} INFO - [2024-04-15T16:03:44.133+0000] {dag.py:3340} INFO - Setting next_dagrun for example_task_group to 2024-04-14T16:03:44.133162+00:00, run_after=2024-04-15T16:03:44.133162+00:00
[2024-04-15T16:03:44.177+0000] {processor.py:176} INFO - Processing /home/airflow/.local/lib/python3.7/site-packages/airflow/example_dags/example_task_group.py took 0.261 seconds
[2024-04-15T16:04:14.555+0000] {processor.py:154} INFO - Started process (PID=22308) to work on /home/airflow/.local/lib/python3.7/site-packages/airflow/example_dags/example_task_group.py
[2024-04-15T16:04:14.557+0000] {processor.py:756} INFO - Processing file /home/airflow/.local/lib/python3.7/site-packages/airflow/example_dags/example_task_group.py for tasks to queue
[2024-04-15T16:04:14.558+0000] {logging_mixin.py:120} INFO - [2024-04-15T16:04:14.558+0000] {dagbag.py:537} INFO - Filling up the DagBag from /home/airflow/.local/lib/python3.7/site-packages/airflow/example_dags/example_task_group.py
[2024-04-15T16:04:14.597+0000] {processor.py:766} INFO - DAG(s) dict_keys(['example_task_group']) retrieved from /home/airflow/.local/lib/python3.7/site-packages/airflow/example_dags/example_task_group.py
[2024-04-15T16:04:14.666+0000] {logging_mixin.py:120} INFO - [2024-04-15T16:04:14.665+0000] {dag.py:2585} INFO - Sync 1 DAGs
[2024-04-15T16:04:14.712+0000] {logging_mixin.py:120} INFO - [2024-04-15T16:04:14.712+0000] {dag.py:3340} INFO - Setting next_dagrun for example_task_group to 2024-04-14T16:04:14.711996+00:00, run_after=2024-04-15T16:04:14.711996+00:00
[2024-04-15T16:04:14.748+0000] {processor.py:176} INFO - Processing /home/airflow/.local/lib/python3.7/site-packages/airflow/example_dags/example_task_group.py took 0.199 seconds
[2024-04-15T16:04:45.710+0000] {processor.py:154} INFO - Started process (PID=22384) to work on /home/airflow/.local/lib/python3.7/site-packages/airflow/example_dags/example_task_group.py
[2024-04-15T16:04:45.712+0000] {processor.py:756} INFO - Processing file /home/airflow/.local/lib/python3.7/site-packages/airflow/example_dags/example_task_group.py for tasks to queue
[2024-04-15T16:04:45.714+0000] {logging_mixin.py:120} INFO - [2024-04-15T16:04:45.713+0000] {dagbag.py:537} INFO - Filling up the DagBag from /home/airflow/.local/lib/python3.7/site-packages/airflow/example_dags/example_task_group.py
[2024-04-15T16:04:45.742+0000] {processor.py:766} INFO - DAG(s) dict_keys(['example_task_group']) retrieved from /home/airflow/.local/lib/python3.7/site-packages/airflow/example_dags/example_task_group.py
[2024-04-15T16:04:45.839+0000] {logging_mixin.py:120} INFO - [2024-04-15T16:04:45.839+0000] {dag.py:2585} INFO - Sync 1 DAGs
[2024-04-15T16:04:45.915+0000] {logging_mixin.py:120} INFO - [2024-04-15T16:04:45.914+0000] {dag.py:3340} INFO - Setting next_dagrun for example_task_group to 2024-04-14T16:04:45.911065+00:00, run_after=2024-04-15T16:04:45.911065+00:00
[2024-04-15T16:04:45.952+0000] {processor.py:176} INFO - Processing /home/airflow/.local/lib/python3.7/site-packages/airflow/example_dags/example_task_group.py took 0.251 seconds
[2024-04-15T16:05:16.257+0000] {processor.py:154} INFO - Started process (PID=22457) to work on /home/airflow/.local/lib/python3.7/site-packages/airflow/example_dags/example_task_group.py
[2024-04-15T16:05:16.261+0000] {processor.py:756} INFO - Processing file /home/airflow/.local/lib/python3.7/site-packages/airflow/example_dags/example_task_group.py for tasks to queue
[2024-04-15T16:05:16.270+0000] {logging_mixin.py:120} INFO - [2024-04-15T16:05:16.269+0000] {dagbag.py:537} INFO - Filling up the DagBag from /home/airflow/.local/lib/python3.7/site-packages/airflow/example_dags/example_task_group.py
[2024-04-15T16:05:16.309+0000] {processor.py:766} INFO - DAG(s) dict_keys(['example_task_group']) retrieved from /home/airflow/.local/lib/python3.7/site-packages/airflow/example_dags/example_task_group.py
[2024-04-15T16:05:16.382+0000] {logging_mixin.py:120} INFO - [2024-04-15T16:05:16.382+0000] {dag.py:2585} INFO - Sync 1 DAGs
[2024-04-15T16:05:16.424+0000] {logging_mixin.py:120} INFO - [2024-04-15T16:05:16.424+0000] {dag.py:3340} INFO - Setting next_dagrun for example_task_group to 2024-04-14T16:05:16.423831+00:00, run_after=2024-04-15T16:05:16.423831+00:00
[2024-04-15T16:05:16.458+0000] {processor.py:176} INFO - Processing /home/airflow/.local/lib/python3.7/site-packages/airflow/example_dags/example_task_group.py took 0.225 seconds
[2024-04-15T16:05:46.830+0000] {processor.py:154} INFO - Started process (PID=22535) to work on /home/airflow/.local/lib/python3.7/site-packages/airflow/example_dags/example_task_group.py
[2024-04-15T16:05:46.833+0000] {processor.py:756} INFO - Processing file /home/airflow/.local/lib/python3.7/site-packages/airflow/example_dags/example_task_group.py for tasks to queue
[2024-04-15T16:05:46.835+0000] {logging_mixin.py:120} INFO - [2024-04-15T16:05:46.835+0000] {dagbag.py:537} INFO - Filling up the DagBag from /home/airflow/.local/lib/python3.7/site-packages/airflow/example_dags/example_task_group.py
[2024-04-15T16:05:46.883+0000] {processor.py:766} INFO - DAG(s) dict_keys(['example_task_group']) retrieved from /home/airflow/.local/lib/python3.7/site-packages/airflow/example_dags/example_task_group.py
[2024-04-15T16:05:46.983+0000] {logging_mixin.py:120} INFO - [2024-04-15T16:05:46.983+0000] {dag.py:2585} INFO - Sync 1 DAGs
[2024-04-15T16:05:47.058+0000] {logging_mixin.py:120} INFO - [2024-04-15T16:05:47.057+0000] {dag.py:3340} INFO - Setting next_dagrun for example_task_group to 2024-04-14T16:05:47.057315+00:00, run_after=2024-04-15T16:05:47.057315+00:00
[2024-04-15T16:05:47.105+0000] {processor.py:176} INFO - Processing /home/airflow/.local/lib/python3.7/site-packages/airflow/example_dags/example_task_group.py took 0.283 seconds
[2024-04-15T16:06:18.004+0000] {processor.py:154} INFO - Started process (PID=22603) to work on /home/airflow/.local/lib/python3.7/site-packages/airflow/example_dags/example_task_group.py
[2024-04-15T16:06:18.007+0000] {processor.py:756} INFO - Processing file /home/airflow/.local/lib/python3.7/site-packages/airflow/example_dags/example_task_group.py for tasks to queue
[2024-04-15T16:06:18.009+0000] {logging_mixin.py:120} INFO - [2024-04-15T16:06:18.008+0000] {dagbag.py:537} INFO - Filling up the DagBag from /home/airflow/.local/lib/python3.7/site-packages/airflow/example_dags/example_task_group.py
[2024-04-15T16:06:18.043+0000] {processor.py:766} INFO - DAG(s) dict_keys(['example_task_group']) retrieved from /home/airflow/.local/lib/python3.7/site-packages/airflow/example_dags/example_task_group.py
[2024-04-15T16:06:18.209+0000] {logging_mixin.py:120} INFO - [2024-04-15T16:06:18.209+0000] {dag.py:2585} INFO - Sync 1 DAGs
[2024-04-15T16:06:18.252+0000] {logging_mixin.py:120} INFO - [2024-04-15T16:06:18.252+0000] {dag.py:3340} INFO - Setting next_dagrun for example_task_group to 2024-04-14T16:06:18.251779+00:00, run_after=2024-04-15T16:06:18.251779+00:00
[2024-04-15T16:06:18.288+0000] {processor.py:176} INFO - Processing /home/airflow/.local/lib/python3.7/site-packages/airflow/example_dags/example_task_group.py took 0.290 seconds
[2024-04-15T16:06:48.695+0000] {processor.py:154} INFO - Started process (PID=22682) to work on /home/airflow/.local/lib/python3.7/site-packages/airflow/example_dags/example_task_group.py
[2024-04-15T16:06:48.699+0000] {processor.py:756} INFO - Processing file /home/airflow/.local/lib/python3.7/site-packages/airflow/example_dags/example_task_group.py for tasks to queue
[2024-04-15T16:06:48.710+0000] {logging_mixin.py:120} INFO - [2024-04-15T16:06:48.709+0000] {dagbag.py:537} INFO - Filling up the DagBag from /home/airflow/.local/lib/python3.7/site-packages/airflow/example_dags/example_task_group.py
[2024-04-15T16:06:48.890+0000] {processor.py:766} INFO - DAG(s) dict_keys(['example_task_group']) retrieved from /home/airflow/.local/lib/python3.7/site-packages/airflow/example_dags/example_task_group.py
[2024-04-15T16:06:49.081+0000] {logging_mixin.py:120} INFO - [2024-04-15T16:06:49.081+0000] {dag.py:2585} INFO - Sync 1 DAGs
[2024-04-15T16:06:49.240+0000] {logging_mixin.py:120} INFO - [2024-04-15T16:06:49.240+0000] {dag.py:3340} INFO - Setting next_dagrun for example_task_group to 2024-04-14T16:06:49.239627+00:00, run_after=2024-04-15T16:06:49.239627+00:00
[2024-04-15T16:06:49.317+0000] {processor.py:176} INFO - Processing /home/airflow/.local/lib/python3.7/site-packages/airflow/example_dags/example_task_group.py took 0.666 seconds
[2024-04-15T16:07:19.463+0000] {processor.py:154} INFO - Started process (PID=22751) to work on /home/airflow/.local/lib/python3.7/site-packages/airflow/example_dags/example_task_group.py
[2024-04-15T16:07:19.466+0000] {processor.py:756} INFO - Processing file /home/airflow/.local/lib/python3.7/site-packages/airflow/example_dags/example_task_group.py for tasks to queue
[2024-04-15T16:07:19.468+0000] {logging_mixin.py:120} INFO - [2024-04-15T16:07:19.468+0000] {dagbag.py:537} INFO - Filling up the DagBag from /home/airflow/.local/lib/python3.7/site-packages/airflow/example_dags/example_task_group.py
[2024-04-15T16:07:19.506+0000] {processor.py:766} INFO - DAG(s) dict_keys(['example_task_group']) retrieved from /home/airflow/.local/lib/python3.7/site-packages/airflow/example_dags/example_task_group.py
[2024-04-15T16:07:19.582+0000] {logging_mixin.py:120} INFO - [2024-04-15T16:07:19.581+0000] {dag.py:2585} INFO - Sync 1 DAGs
[2024-04-15T16:07:19.627+0000] {logging_mixin.py:120} INFO - [2024-04-15T16:07:19.627+0000] {dag.py:3340} INFO - Setting next_dagrun for example_task_group to 2024-04-14T16:07:19.626907+00:00, run_after=2024-04-15T16:07:19.626907+00:00
[2024-04-15T16:07:19.671+0000] {processor.py:176} INFO - Processing /home/airflow/.local/lib/python3.7/site-packages/airflow/example_dags/example_task_group.py took 0.217 seconds
[2024-04-15T16:07:49.795+0000] {processor.py:154} INFO - Started process (PID=22827) to work on /home/airflow/.local/lib/python3.7/site-packages/airflow/example_dags/example_task_group.py
[2024-04-15T16:07:49.798+0000] {processor.py:756} INFO - Processing file /home/airflow/.local/lib/python3.7/site-packages/airflow/example_dags/example_task_group.py for tasks to queue
[2024-04-15T16:07:49.799+0000] {logging_mixin.py:120} INFO - [2024-04-15T16:07:49.799+0000] {dagbag.py:537} INFO - Filling up the DagBag from /home/airflow/.local/lib/python3.7/site-packages/airflow/example_dags/example_task_group.py
[2024-04-15T16:07:49.832+0000] {processor.py:766} INFO - DAG(s) dict_keys(['example_task_group']) retrieved from /home/airflow/.local/lib/python3.7/site-packages/airflow/example_dags/example_task_group.py
[2024-04-15T16:07:49.912+0000] {logging_mixin.py:120} INFO - [2024-04-15T16:07:49.912+0000] {dag.py:2585} INFO - Sync 1 DAGs
[2024-04-15T16:07:49.951+0000] {logging_mixin.py:120} INFO - [2024-04-15T16:07:49.951+0000] {dag.py:3340} INFO - Setting next_dagrun for example_task_group to 2024-04-14T16:07:49.951484+00:00, run_after=2024-04-15T16:07:49.951484+00:00
[2024-04-15T16:07:49.979+0000] {processor.py:176} INFO - Processing /home/airflow/.local/lib/python3.7/site-packages/airflow/example_dags/example_task_group.py took 0.190 seconds
[2024-04-15T16:08:20.249+0000] {processor.py:154} INFO - Started process (PID=22906) to work on /home/airflow/.local/lib/python3.7/site-packages/airflow/example_dags/example_task_group.py
[2024-04-15T16:08:20.252+0000] {processor.py:756} INFO - Processing file /home/airflow/.local/lib/python3.7/site-packages/airflow/example_dags/example_task_group.py for tasks to queue
[2024-04-15T16:08:20.257+0000] {logging_mixin.py:120} INFO - [2024-04-15T16:08:20.255+0000] {dagbag.py:537} INFO - Filling up the DagBag from /home/airflow/.local/lib/python3.7/site-packages/airflow/example_dags/example_task_group.py
[2024-04-15T16:08:20.319+0000] {processor.py:766} INFO - DAG(s) dict_keys(['example_task_group']) retrieved from /home/airflow/.local/lib/python3.7/site-packages/airflow/example_dags/example_task_group.py
[2024-04-15T16:08:20.430+0000] {logging_mixin.py:120} INFO - [2024-04-15T16:08:20.429+0000] {dag.py:2585} INFO - Sync 1 DAGs
[2024-04-15T16:08:20.491+0000] {logging_mixin.py:120} INFO - [2024-04-15T16:08:20.490+0000] {dag.py:3340} INFO - Setting next_dagrun for example_task_group to 2024-04-14T16:08:20.490530+00:00, run_after=2024-04-15T16:08:20.490530+00:00
[2024-04-15T16:08:20.527+0000] {processor.py:176} INFO - Processing /home/airflow/.local/lib/python3.7/site-packages/airflow/example_dags/example_task_group.py took 0.288 seconds
[2024-04-15T16:08:50.836+0000] {processor.py:154} INFO - Started process (PID=22975) to work on /home/airflow/.local/lib/python3.7/site-packages/airflow/example_dags/example_task_group.py
[2024-04-15T16:08:50.838+0000] {processor.py:756} INFO - Processing file /home/airflow/.local/lib/python3.7/site-packages/airflow/example_dags/example_task_group.py for tasks to queue
[2024-04-15T16:08:50.840+0000] {logging_mixin.py:120} INFO - [2024-04-15T16:08:50.840+0000] {dagbag.py:537} INFO - Filling up the DagBag from /home/airflow/.local/lib/python3.7/site-packages/airflow/example_dags/example_task_group.py
[2024-04-15T16:08:50.889+0000] {processor.py:766} INFO - DAG(s) dict_keys(['example_task_group']) retrieved from /home/airflow/.local/lib/python3.7/site-packages/airflow/example_dags/example_task_group.py
[2024-04-15T16:08:50.968+0000] {logging_mixin.py:120} INFO - [2024-04-15T16:08:50.968+0000] {dag.py:2585} INFO - Sync 1 DAGs
[2024-04-15T16:08:51.008+0000] {logging_mixin.py:120} INFO - [2024-04-15T16:08:51.008+0000] {dag.py:3340} INFO - Setting next_dagrun for example_task_group to 2024-04-14T16:08:51.007613+00:00, run_after=2024-04-15T16:08:51.007613+00:00
[2024-04-15T16:08:51.041+0000] {processor.py:176} INFO - Processing /home/airflow/.local/lib/python3.7/site-packages/airflow/example_dags/example_task_group.py took 0.210 seconds
[2024-04-15T16:09:21.176+0000] {processor.py:154} INFO - Started process (PID=23050) to work on /home/airflow/.local/lib/python3.7/site-packages/airflow/example_dags/example_task_group.py
[2024-04-15T16:09:21.178+0000] {processor.py:756} INFO - Processing file /home/airflow/.local/lib/python3.7/site-packages/airflow/example_dags/example_task_group.py for tasks to queue
[2024-04-15T16:09:21.180+0000] {logging_mixin.py:120} INFO - [2024-04-15T16:09:21.179+0000] {dagbag.py:537} INFO - Filling up the DagBag from /home/airflow/.local/lib/python3.7/site-packages/airflow/example_dags/example_task_group.py
[2024-04-15T16:09:21.212+0000] {processor.py:766} INFO - DAG(s) dict_keys(['example_task_group']) retrieved from /home/airflow/.local/lib/python3.7/site-packages/airflow/example_dags/example_task_group.py
[2024-04-15T16:09:21.277+0000] {logging_mixin.py:120} INFO - [2024-04-15T16:09:21.277+0000] {dag.py:2585} INFO - Sync 1 DAGs
[2024-04-15T16:09:21.325+0000] {logging_mixin.py:120} INFO - [2024-04-15T16:09:21.325+0000] {dag.py:3340} INFO - Setting next_dagrun for example_task_group to 2024-04-14T16:09:21.325084+00:00, run_after=2024-04-15T16:09:21.325084+00:00
[2024-04-15T16:09:21.357+0000] {processor.py:176} INFO - Processing /home/airflow/.local/lib/python3.7/site-packages/airflow/example_dags/example_task_group.py took 0.186 seconds
[2024-04-15T16:09:51.747+0000] {processor.py:154} INFO - Started process (PID=23119) to work on /home/airflow/.local/lib/python3.7/site-packages/airflow/example_dags/example_task_group.py
[2024-04-15T16:09:51.751+0000] {processor.py:756} INFO - Processing file /home/airflow/.local/lib/python3.7/site-packages/airflow/example_dags/example_task_group.py for tasks to queue
[2024-04-15T16:09:51.753+0000] {logging_mixin.py:120} INFO - [2024-04-15T16:09:51.752+0000] {dagbag.py:537} INFO - Filling up the DagBag from /home/airflow/.local/lib/python3.7/site-packages/airflow/example_dags/example_task_group.py
[2024-04-15T16:09:51.782+0000] {processor.py:766} INFO - DAG(s) dict_keys(['example_task_group']) retrieved from /home/airflow/.local/lib/python3.7/site-packages/airflow/example_dags/example_task_group.py
[2024-04-15T16:09:51.872+0000] {logging_mixin.py:120} INFO - [2024-04-15T16:09:51.872+0000] {dag.py:2585} INFO - Sync 1 DAGs
[2024-04-15T16:09:51.924+0000] {logging_mixin.py:120} INFO - [2024-04-15T16:09:51.924+0000] {dag.py:3340} INFO - Setting next_dagrun for example_task_group to 2024-04-14T16:09:51.923714+00:00, run_after=2024-04-15T16:09:51.923714+00:00
[2024-04-15T16:09:51.959+0000] {processor.py:176} INFO - Processing /home/airflow/.local/lib/python3.7/site-packages/airflow/example_dags/example_task_group.py took 0.220 seconds
[2024-04-15T16:10:22.097+0000] {processor.py:154} INFO - Started process (PID=23197) to work on /home/airflow/.local/lib/python3.7/site-packages/airflow/example_dags/example_task_group.py
[2024-04-15T16:10:22.099+0000] {processor.py:756} INFO - Processing file /home/airflow/.local/lib/python3.7/site-packages/airflow/example_dags/example_task_group.py for tasks to queue
[2024-04-15T16:10:22.101+0000] {logging_mixin.py:120} INFO - [2024-04-15T16:10:22.101+0000] {dagbag.py:537} INFO - Filling up the DagBag from /home/airflow/.local/lib/python3.7/site-packages/airflow/example_dags/example_task_group.py
[2024-04-15T16:10:22.131+0000] {processor.py:766} INFO - DAG(s) dict_keys(['example_task_group']) retrieved from /home/airflow/.local/lib/python3.7/site-packages/airflow/example_dags/example_task_group.py
[2024-04-15T16:10:22.198+0000] {logging_mixin.py:120} INFO - [2024-04-15T16:10:22.198+0000] {dag.py:2585} INFO - Sync 1 DAGs
[2024-04-15T16:10:22.237+0000] {logging_mixin.py:120} INFO - [2024-04-15T16:10:22.236+0000] {dag.py:3340} INFO - Setting next_dagrun for example_task_group to 2024-04-14T16:10:22.236603+00:00, run_after=2024-04-15T16:10:22.236603+00:00
[2024-04-15T16:10:22.271+0000] {processor.py:176} INFO - Processing /home/airflow/.local/lib/python3.7/site-packages/airflow/example_dags/example_task_group.py took 0.180 seconds
[2024-04-15T16:10:53.041+0000] {processor.py:154} INFO - Started process (PID=23267) to work on /home/airflow/.local/lib/python3.7/site-packages/airflow/example_dags/example_task_group.py
[2024-04-15T16:10:53.043+0000] {processor.py:756} INFO - Processing file /home/airflow/.local/lib/python3.7/site-packages/airflow/example_dags/example_task_group.py for tasks to queue
[2024-04-15T16:10:53.045+0000] {logging_mixin.py:120} INFO - [2024-04-15T16:10:53.045+0000] {dagbag.py:537} INFO - Filling up the DagBag from /home/airflow/.local/lib/python3.7/site-packages/airflow/example_dags/example_task_group.py
[2024-04-15T16:10:53.071+0000] {processor.py:766} INFO - DAG(s) dict_keys(['example_task_group']) retrieved from /home/airflow/.local/lib/python3.7/site-packages/airflow/example_dags/example_task_group.py
[2024-04-15T16:10:53.137+0000] {logging_mixin.py:120} INFO - [2024-04-15T16:10:53.137+0000] {dag.py:2585} INFO - Sync 1 DAGs
[2024-04-15T16:10:53.175+0000] {logging_mixin.py:120} INFO - [2024-04-15T16:10:53.175+0000] {dag.py:3340} INFO - Setting next_dagrun for example_task_group to 2024-04-14T16:10:53.174881+00:00, run_after=2024-04-15T16:10:53.174881+00:00
[2024-04-15T16:10:53.205+0000] {processor.py:176} INFO - Processing /home/airflow/.local/lib/python3.7/site-packages/airflow/example_dags/example_task_group.py took 0.170 seconds
[2024-04-15T16:11:24.090+0000] {processor.py:154} INFO - Started process (PID=23345) to work on /home/airflow/.local/lib/python3.7/site-packages/airflow/example_dags/example_task_group.py
[2024-04-15T16:11:24.092+0000] {processor.py:756} INFO - Processing file /home/airflow/.local/lib/python3.7/site-packages/airflow/example_dags/example_task_group.py for tasks to queue
[2024-04-15T16:11:24.093+0000] {logging_mixin.py:120} INFO - [2024-04-15T16:11:24.093+0000] {dagbag.py:537} INFO - Filling up the DagBag from /home/airflow/.local/lib/python3.7/site-packages/airflow/example_dags/example_task_group.py
[2024-04-15T16:11:24.120+0000] {processor.py:766} INFO - DAG(s) dict_keys(['example_task_group']) retrieved from /home/airflow/.local/lib/python3.7/site-packages/airflow/example_dags/example_task_group.py
[2024-04-15T16:11:24.200+0000] {logging_mixin.py:120} INFO - [2024-04-15T16:11:24.199+0000] {dag.py:2585} INFO - Sync 1 DAGs
[2024-04-15T16:11:24.251+0000] {logging_mixin.py:120} INFO - [2024-04-15T16:11:24.251+0000] {dag.py:3340} INFO - Setting next_dagrun for example_task_group to 2024-04-14T16:11:24.251207+00:00, run_after=2024-04-15T16:11:24.251207+00:00
[2024-04-15T16:11:24.283+0000] {processor.py:176} INFO - Processing /home/airflow/.local/lib/python3.7/site-packages/airflow/example_dags/example_task_group.py took 0.201 seconds
[2024-04-15T16:11:54.512+0000] {processor.py:154} INFO - Started process (PID=23422) to work on /home/airflow/.local/lib/python3.7/site-packages/airflow/example_dags/example_task_group.py
[2024-04-15T16:11:54.514+0000] {processor.py:756} INFO - Processing file /home/airflow/.local/lib/python3.7/site-packages/airflow/example_dags/example_task_group.py for tasks to queue
[2024-04-15T16:11:54.517+0000] {logging_mixin.py:120} INFO - [2024-04-15T16:11:54.516+0000] {dagbag.py:537} INFO - Filling up the DagBag from /home/airflow/.local/lib/python3.7/site-packages/airflow/example_dags/example_task_group.py
[2024-04-15T16:11:54.545+0000] {processor.py:766} INFO - DAG(s) dict_keys(['example_task_group']) retrieved from /home/airflow/.local/lib/python3.7/site-packages/airflow/example_dags/example_task_group.py
[2024-04-15T16:11:54.643+0000] {logging_mixin.py:120} INFO - [2024-04-15T16:11:54.643+0000] {dag.py:2585} INFO - Sync 1 DAGs
[2024-04-15T16:11:54.692+0000] {logging_mixin.py:120} INFO - [2024-04-15T16:11:54.692+0000] {dag.py:3340} INFO - Setting next_dagrun for example_task_group to 2024-04-14T16:11:54.691804+00:00, run_after=2024-04-15T16:11:54.691804+00:00
[2024-04-15T16:11:54.738+0000] {processor.py:176} INFO - Processing /home/airflow/.local/lib/python3.7/site-packages/airflow/example_dags/example_task_group.py took 0.235 seconds
[2024-04-15T16:12:25.320+0000] {processor.py:154} INFO - Started process (PID=23491) to work on /home/airflow/.local/lib/python3.7/site-packages/airflow/example_dags/example_task_group.py
[2024-04-15T16:12:25.323+0000] {processor.py:756} INFO - Processing file /home/airflow/.local/lib/python3.7/site-packages/airflow/example_dags/example_task_group.py for tasks to queue
[2024-04-15T16:12:25.325+0000] {logging_mixin.py:120} INFO - [2024-04-15T16:12:25.325+0000] {dagbag.py:537} INFO - Filling up the DagBag from /home/airflow/.local/lib/python3.7/site-packages/airflow/example_dags/example_task_group.py
[2024-04-15T16:12:25.354+0000] {processor.py:766} INFO - DAG(s) dict_keys(['example_task_group']) retrieved from /home/airflow/.local/lib/python3.7/site-packages/airflow/example_dags/example_task_group.py
[2024-04-15T16:12:25.427+0000] {logging_mixin.py:120} INFO - [2024-04-15T16:12:25.427+0000] {dag.py:2585} INFO - Sync 1 DAGs
[2024-04-15T16:12:25.473+0000] {logging_mixin.py:120} INFO - [2024-04-15T16:12:25.473+0000] {dag.py:3340} INFO - Setting next_dagrun for example_task_group to 2024-04-14T16:12:25.472826+00:00, run_after=2024-04-15T16:12:25.472826+00:00
[2024-04-15T16:12:25.507+0000] {processor.py:176} INFO - Processing /home/airflow/.local/lib/python3.7/site-packages/airflow/example_dags/example_task_group.py took 0.193 seconds
[2024-04-15T16:12:55.775+0000] {processor.py:154} INFO - Started process (PID=23569) to work on /home/airflow/.local/lib/python3.7/site-packages/airflow/example_dags/example_task_group.py
[2024-04-15T16:12:55.778+0000] {processor.py:756} INFO - Processing file /home/airflow/.local/lib/python3.7/site-packages/airflow/example_dags/example_task_group.py for tasks to queue
[2024-04-15T16:12:55.781+0000] {logging_mixin.py:120} INFO - [2024-04-15T16:12:55.780+0000] {dagbag.py:537} INFO - Filling up the DagBag from /home/airflow/.local/lib/python3.7/site-packages/airflow/example_dags/example_task_group.py
[2024-04-15T16:12:55.830+0000] {processor.py:766} INFO - DAG(s) dict_keys(['example_task_group']) retrieved from /home/airflow/.local/lib/python3.7/site-packages/airflow/example_dags/example_task_group.py
[2024-04-15T16:12:55.908+0000] {logging_mixin.py:120} INFO - [2024-04-15T16:12:55.908+0000] {dag.py:2585} INFO - Sync 1 DAGs
[2024-04-15T16:12:55.952+0000] {logging_mixin.py:120} INFO - [2024-04-15T16:12:55.952+0000] {dag.py:3340} INFO - Setting next_dagrun for example_task_group to 2024-04-14T16:12:55.952263+00:00, run_after=2024-04-15T16:12:55.952263+00:00
[2024-04-15T16:12:55.988+0000] {processor.py:176} INFO - Processing /home/airflow/.local/lib/python3.7/site-packages/airflow/example_dags/example_task_group.py took 0.226 seconds
[2024-04-15T16:13:28.472+0000] {processor.py:154} INFO - Started process (PID=23638) to work on /home/airflow/.local/lib/python3.7/site-packages/airflow/example_dags/example_task_group.py
[2024-04-15T16:13:28.478+0000] {processor.py:756} INFO - Processing file /home/airflow/.local/lib/python3.7/site-packages/airflow/example_dags/example_task_group.py for tasks to queue
[2024-04-15T16:13:28.486+0000] {logging_mixin.py:120} INFO - [2024-04-15T16:13:28.486+0000] {dagbag.py:537} INFO - Filling up the DagBag from /home/airflow/.local/lib/python3.7/site-packages/airflow/example_dags/example_task_group.py
[2024-04-15T16:13:28.552+0000] {processor.py:766} INFO - DAG(s) dict_keys(['example_task_group']) retrieved from /home/airflow/.local/lib/python3.7/site-packages/airflow/example_dags/example_task_group.py
[2024-04-15T16:13:28.652+0000] {logging_mixin.py:120} INFO - [2024-04-15T16:13:28.652+0000] {dag.py:2585} INFO - Sync 1 DAGs
[2024-04-15T16:13:28.710+0000] {logging_mixin.py:120} INFO - [2024-04-15T16:13:28.710+0000] {dag.py:3340} INFO - Setting next_dagrun for example_task_group to 2024-04-14T16:13:28.709818+00:00, run_after=2024-04-15T16:13:28.709818+00:00
[2024-04-15T16:13:28.755+0000] {processor.py:176} INFO - Processing /home/airflow/.local/lib/python3.7/site-packages/airflow/example_dags/example_task_group.py took 0.292 seconds
[2024-04-15T16:20:24.005+0000] {processor.py:154} INFO - Started process (PID=23705) to work on /home/airflow/.local/lib/python3.7/site-packages/airflow/example_dags/example_task_group.py
[2024-04-15T16:20:24.011+0000] {processor.py:756} INFO - Processing file /home/airflow/.local/lib/python3.7/site-packages/airflow/example_dags/example_task_group.py for tasks to queue
[2024-04-15T16:20:24.015+0000] {logging_mixin.py:120} INFO - [2024-04-15T16:20:24.015+0000] {dagbag.py:537} INFO - Filling up the DagBag from /home/airflow/.local/lib/python3.7/site-packages/airflow/example_dags/example_task_group.py
[2024-04-15T16:20:24.083+0000] {processor.py:766} INFO - DAG(s) dict_keys(['example_task_group']) retrieved from /home/airflow/.local/lib/python3.7/site-packages/airflow/example_dags/example_task_group.py
[2024-04-15T16:20:24.162+0000] {logging_mixin.py:120} INFO - [2024-04-15T16:20:24.162+0000] {dag.py:2585} INFO - Sync 1 DAGs
[2024-04-15T16:20:24.220+0000] {logging_mixin.py:120} INFO - [2024-04-15T16:20:24.220+0000] {dag.py:3340} INFO - Setting next_dagrun for example_task_group to 2024-04-14T16:20:24.220097+00:00, run_after=2024-04-15T16:20:24.220097+00:00
[2024-04-15T16:20:24.251+0000] {processor.py:176} INFO - Processing /home/airflow/.local/lib/python3.7/site-packages/airflow/example_dags/example_task_group.py took 0.262 seconds
