[2024-04-15T15:40:31.193+0000] {processor.py:154} INFO - Started process (PID=18872) to work on /home/airflow/.local/lib/python3.7/site-packages/airflow/example_dags/example_nested_branch_dag.py
[2024-04-15T15:40:31.197+0000] {processor.py:756} INFO - Processing file /home/airflow/.local/lib/python3.7/site-packages/airflow/example_dags/example_nested_branch_dag.py for tasks to queue
[2024-04-15T15:40:31.209+0000] {logging_mixin.py:120} INFO - [2024-04-15T15:40:31.209+0000] {dagbag.py:537} INFO - Filling up the DagBag from /home/airflow/.local/lib/python3.7/site-packages/airflow/example_dags/example_nested_branch_dag.py
[2024-04-15T15:40:31.385+0000] {processor.py:766} INFO - DAG(s) dict_keys(['example_nested_branch_dag']) retrieved from /home/airflow/.local/lib/python3.7/site-packages/airflow/example_dags/example_nested_branch_dag.py
[2024-04-15T15:40:31.567+0000] {logging_mixin.py:120} INFO - [2024-04-15T15:40:31.566+0000] {dag.py:2585} INFO - Sync 1 DAGs
[2024-04-15T15:40:31.724+0000] {logging_mixin.py:120} INFO - [2024-04-15T15:40:31.724+0000] {dag.py:3340} INFO - Setting next_dagrun for example_nested_branch_dag to 2024-04-14T00:00:00+00:00, run_after=2024-04-15T00:00:00+00:00
[2024-04-15T15:40:31.790+0000] {processor.py:176} INFO - Processing /home/airflow/.local/lib/python3.7/site-packages/airflow/example_dags/example_nested_branch_dag.py took 0.606 seconds
[2024-04-15T15:41:03.144+0000] {processor.py:154} INFO - Started process (PID=18941) to work on /home/airflow/.local/lib/python3.7/site-packages/airflow/example_dags/example_nested_branch_dag.py
[2024-04-15T15:41:03.148+0000] {processor.py:756} INFO - Processing file /home/airflow/.local/lib/python3.7/site-packages/airflow/example_dags/example_nested_branch_dag.py for tasks to queue
[2024-04-15T15:41:03.151+0000] {logging_mixin.py:120} INFO - [2024-04-15T15:41:03.151+0000] {dagbag.py:537} INFO - Filling up the DagBag from /home/airflow/.local/lib/python3.7/site-packages/airflow/example_dags/example_nested_branch_dag.py
[2024-04-15T15:41:03.207+0000] {processor.py:766} INFO - DAG(s) dict_keys(['example_nested_branch_dag']) retrieved from /home/airflow/.local/lib/python3.7/site-packages/airflow/example_dags/example_nested_branch_dag.py
[2024-04-15T15:41:03.301+0000] {logging_mixin.py:120} INFO - [2024-04-15T15:41:03.301+0000] {dag.py:2585} INFO - Sync 1 DAGs
[2024-04-15T15:41:03.372+0000] {logging_mixin.py:120} INFO - [2024-04-15T15:41:03.372+0000] {dag.py:3340} INFO - Setting next_dagrun for example_nested_branch_dag to 2024-04-14T00:00:00+00:00, run_after=2024-04-15T00:00:00+00:00
[2024-04-15T15:41:03.441+0000] {processor.py:176} INFO - Processing /home/airflow/.local/lib/python3.7/site-packages/airflow/example_dags/example_nested_branch_dag.py took 0.311 seconds
[2024-04-15T15:41:34.250+0000] {processor.py:154} INFO - Started process (PID=19012) to work on /home/airflow/.local/lib/python3.7/site-packages/airflow/example_dags/example_nested_branch_dag.py
[2024-04-15T15:41:34.252+0000] {processor.py:756} INFO - Processing file /home/airflow/.local/lib/python3.7/site-packages/airflow/example_dags/example_nested_branch_dag.py for tasks to queue
[2024-04-15T15:41:34.253+0000] {logging_mixin.py:120} INFO - [2024-04-15T15:41:34.253+0000] {dagbag.py:537} INFO - Filling up the DagBag from /home/airflow/.local/lib/python3.7/site-packages/airflow/example_dags/example_nested_branch_dag.py
[2024-04-15T15:41:34.295+0000] {processor.py:766} INFO - DAG(s) dict_keys(['example_nested_branch_dag']) retrieved from /home/airflow/.local/lib/python3.7/site-packages/airflow/example_dags/example_nested_branch_dag.py
[2024-04-15T15:41:34.364+0000] {logging_mixin.py:120} INFO - [2024-04-15T15:41:34.364+0000] {dag.py:2585} INFO - Sync 1 DAGs
[2024-04-15T15:41:34.406+0000] {logging_mixin.py:120} INFO - [2024-04-15T15:41:34.406+0000] {dag.py:3340} INFO - Setting next_dagrun for example_nested_branch_dag to 2024-04-14T00:00:00+00:00, run_after=2024-04-15T00:00:00+00:00
[2024-04-15T15:41:34.435+0000] {processor.py:176} INFO - Processing /home/airflow/.local/lib/python3.7/site-packages/airflow/example_dags/example_nested_branch_dag.py took 0.191 seconds
[2024-04-15T15:42:05.459+0000] {processor.py:154} INFO - Started process (PID=19089) to work on /home/airflow/.local/lib/python3.7/site-packages/airflow/example_dags/example_nested_branch_dag.py
[2024-04-15T15:42:05.462+0000] {processor.py:756} INFO - Processing file /home/airflow/.local/lib/python3.7/site-packages/airflow/example_dags/example_nested_branch_dag.py for tasks to queue
[2024-04-15T15:42:05.465+0000] {logging_mixin.py:120} INFO - [2024-04-15T15:42:05.465+0000] {dagbag.py:537} INFO - Filling up the DagBag from /home/airflow/.local/lib/python3.7/site-packages/airflow/example_dags/example_nested_branch_dag.py
[2024-04-15T15:42:05.530+0000] {processor.py:766} INFO - DAG(s) dict_keys(['example_nested_branch_dag']) retrieved from /home/airflow/.local/lib/python3.7/site-packages/airflow/example_dags/example_nested_branch_dag.py
[2024-04-15T15:42:05.616+0000] {logging_mixin.py:120} INFO - [2024-04-15T15:42:05.615+0000] {dag.py:2585} INFO - Sync 1 DAGs
[2024-04-15T15:42:05.672+0000] {logging_mixin.py:120} INFO - [2024-04-15T15:42:05.672+0000] {dag.py:3340} INFO - Setting next_dagrun for example_nested_branch_dag to 2024-04-14T00:00:00+00:00, run_after=2024-04-15T00:00:00+00:00
[2024-04-15T15:42:05.707+0000] {processor.py:176} INFO - Processing /home/airflow/.local/lib/python3.7/site-packages/airflow/example_dags/example_nested_branch_dag.py took 0.259 seconds
[2024-04-15T15:42:36.375+0000] {processor.py:154} INFO - Started process (PID=19159) to work on /home/airflow/.local/lib/python3.7/site-packages/airflow/example_dags/example_nested_branch_dag.py
[2024-04-15T15:42:36.377+0000] {processor.py:756} INFO - Processing file /home/airflow/.local/lib/python3.7/site-packages/airflow/example_dags/example_nested_branch_dag.py for tasks to queue
[2024-04-15T15:42:36.378+0000] {logging_mixin.py:120} INFO - [2024-04-15T15:42:36.378+0000] {dagbag.py:537} INFO - Filling up the DagBag from /home/airflow/.local/lib/python3.7/site-packages/airflow/example_dags/example_nested_branch_dag.py
[2024-04-15T15:42:36.425+0000] {processor.py:766} INFO - DAG(s) dict_keys(['example_nested_branch_dag']) retrieved from /home/airflow/.local/lib/python3.7/site-packages/airflow/example_dags/example_nested_branch_dag.py
[2024-04-15T15:42:36.499+0000] {logging_mixin.py:120} INFO - [2024-04-15T15:42:36.499+0000] {dag.py:2585} INFO - Sync 1 DAGs
[2024-04-15T15:42:36.540+0000] {logging_mixin.py:120} INFO - [2024-04-15T15:42:36.540+0000] {dag.py:3340} INFO - Setting next_dagrun for example_nested_branch_dag to 2024-04-14T00:00:00+00:00, run_after=2024-04-15T00:00:00+00:00
[2024-04-15T15:42:36.578+0000] {processor.py:176} INFO - Processing /home/airflow/.local/lib/python3.7/site-packages/airflow/example_dags/example_nested_branch_dag.py took 0.209 seconds
[2024-04-15T15:43:08.159+0000] {processor.py:154} INFO - Started process (PID=19239) to work on /home/airflow/.local/lib/python3.7/site-packages/airflow/example_dags/example_nested_branch_dag.py
[2024-04-15T15:43:08.162+0000] {processor.py:756} INFO - Processing file /home/airflow/.local/lib/python3.7/site-packages/airflow/example_dags/example_nested_branch_dag.py for tasks to queue
[2024-04-15T15:43:08.166+0000] {logging_mixin.py:120} INFO - [2024-04-15T15:43:08.166+0000] {dagbag.py:537} INFO - Filling up the DagBag from /home/airflow/.local/lib/python3.7/site-packages/airflow/example_dags/example_nested_branch_dag.py
[2024-04-15T15:43:08.250+0000] {processor.py:766} INFO - DAG(s) dict_keys(['example_nested_branch_dag']) retrieved from /home/airflow/.local/lib/python3.7/site-packages/airflow/example_dags/example_nested_branch_dag.py
[2024-04-15T15:43:08.343+0000] {logging_mixin.py:120} INFO - [2024-04-15T15:43:08.343+0000] {dag.py:2585} INFO - Sync 1 DAGs
[2024-04-15T15:43:08.399+0000] {logging_mixin.py:120} INFO - [2024-04-15T15:43:08.398+0000] {dag.py:3340} INFO - Setting next_dagrun for example_nested_branch_dag to 2024-04-14T00:00:00+00:00, run_after=2024-04-15T00:00:00+00:00
[2024-04-15T15:43:08.432+0000] {processor.py:176} INFO - Processing /home/airflow/.local/lib/python3.7/site-packages/airflow/example_dags/example_nested_branch_dag.py took 0.282 seconds
[2024-04-15T15:43:38.970+0000] {processor.py:154} INFO - Started process (PID=19307) to work on /home/airflow/.local/lib/python3.7/site-packages/airflow/example_dags/example_nested_branch_dag.py
[2024-04-15T15:43:38.973+0000] {processor.py:756} INFO - Processing file /home/airflow/.local/lib/python3.7/site-packages/airflow/example_dags/example_nested_branch_dag.py for tasks to queue
[2024-04-15T15:43:38.975+0000] {logging_mixin.py:120} INFO - [2024-04-15T15:43:38.975+0000] {dagbag.py:537} INFO - Filling up the DagBag from /home/airflow/.local/lib/python3.7/site-packages/airflow/example_dags/example_nested_branch_dag.py
[2024-04-15T15:43:39.024+0000] {processor.py:766} INFO - DAG(s) dict_keys(['example_nested_branch_dag']) retrieved from /home/airflow/.local/lib/python3.7/site-packages/airflow/example_dags/example_nested_branch_dag.py
[2024-04-15T15:43:39.092+0000] {logging_mixin.py:120} INFO - [2024-04-15T15:43:39.092+0000] {dag.py:2585} INFO - Sync 1 DAGs
[2024-04-15T15:43:39.145+0000] {logging_mixin.py:120} INFO - [2024-04-15T15:43:39.145+0000] {dag.py:3340} INFO - Setting next_dagrun for example_nested_branch_dag to 2024-04-14T00:00:00+00:00, run_after=2024-04-15T00:00:00+00:00
[2024-04-15T15:43:39.175+0000] {processor.py:176} INFO - Processing /home/airflow/.local/lib/python3.7/site-packages/airflow/example_dags/example_nested_branch_dag.py took 0.212 seconds
[2024-04-15T15:44:09.693+0000] {processor.py:154} INFO - Started process (PID=19385) to work on /home/airflow/.local/lib/python3.7/site-packages/airflow/example_dags/example_nested_branch_dag.py
[2024-04-15T15:44:09.695+0000] {processor.py:756} INFO - Processing file /home/airflow/.local/lib/python3.7/site-packages/airflow/example_dags/example_nested_branch_dag.py for tasks to queue
[2024-04-15T15:44:09.697+0000] {logging_mixin.py:120} INFO - [2024-04-15T15:44:09.697+0000] {dagbag.py:537} INFO - Filling up the DagBag from /home/airflow/.local/lib/python3.7/site-packages/airflow/example_dags/example_nested_branch_dag.py
[2024-04-15T15:44:09.752+0000] {processor.py:766} INFO - DAG(s) dict_keys(['example_nested_branch_dag']) retrieved from /home/airflow/.local/lib/python3.7/site-packages/airflow/example_dags/example_nested_branch_dag.py
[2024-04-15T15:44:09.844+0000] {logging_mixin.py:120} INFO - [2024-04-15T15:44:09.843+0000] {dag.py:2585} INFO - Sync 1 DAGs
[2024-04-15T15:44:09.893+0000] {logging_mixin.py:120} INFO - [2024-04-15T15:44:09.893+0000] {dag.py:3340} INFO - Setting next_dagrun for example_nested_branch_dag to 2024-04-14T00:00:00+00:00, run_after=2024-04-15T00:00:00+00:00
[2024-04-15T15:44:09.936+0000] {processor.py:176} INFO - Processing /home/airflow/.local/lib/python3.7/site-packages/airflow/example_dags/example_nested_branch_dag.py took 0.254 seconds
[2024-04-15T15:44:40.182+0000] {processor.py:154} INFO - Started process (PID=19461) to work on /home/airflow/.local/lib/python3.7/site-packages/airflow/example_dags/example_nested_branch_dag.py
[2024-04-15T15:44:40.184+0000] {processor.py:756} INFO - Processing file /home/airflow/.local/lib/python3.7/site-packages/airflow/example_dags/example_nested_branch_dag.py for tasks to queue
[2024-04-15T15:44:40.187+0000] {logging_mixin.py:120} INFO - [2024-04-15T15:44:40.186+0000] {dagbag.py:537} INFO - Filling up the DagBag from /home/airflow/.local/lib/python3.7/site-packages/airflow/example_dags/example_nested_branch_dag.py
[2024-04-15T15:44:40.233+0000] {processor.py:766} INFO - DAG(s) dict_keys(['example_nested_branch_dag']) retrieved from /home/airflow/.local/lib/python3.7/site-packages/airflow/example_dags/example_nested_branch_dag.py
[2024-04-15T15:44:40.317+0000] {logging_mixin.py:120} INFO - [2024-04-15T15:44:40.317+0000] {dag.py:2585} INFO - Sync 1 DAGs
[2024-04-15T15:44:40.366+0000] {logging_mixin.py:120} INFO - [2024-04-15T15:44:40.366+0000] {dag.py:3340} INFO - Setting next_dagrun for example_nested_branch_dag to 2024-04-14T00:00:00+00:00, run_after=2024-04-15T00:00:00+00:00
[2024-04-15T15:44:40.396+0000] {processor.py:176} INFO - Processing /home/airflow/.local/lib/python3.7/site-packages/airflow/example_dags/example_nested_branch_dag.py took 0.222 seconds
[2024-04-15T15:45:10.861+0000] {processor.py:154} INFO - Started process (PID=19531) to work on /home/airflow/.local/lib/python3.7/site-packages/airflow/example_dags/example_nested_branch_dag.py
[2024-04-15T15:45:10.863+0000] {processor.py:756} INFO - Processing file /home/airflow/.local/lib/python3.7/site-packages/airflow/example_dags/example_nested_branch_dag.py for tasks to queue
[2024-04-15T15:45:10.864+0000] {logging_mixin.py:120} INFO - [2024-04-15T15:45:10.864+0000] {dagbag.py:537} INFO - Filling up the DagBag from /home/airflow/.local/lib/python3.7/site-packages/airflow/example_dags/example_nested_branch_dag.py
[2024-04-15T15:45:10.922+0000] {processor.py:766} INFO - DAG(s) dict_keys(['example_nested_branch_dag']) retrieved from /home/airflow/.local/lib/python3.7/site-packages/airflow/example_dags/example_nested_branch_dag.py
[2024-04-15T15:45:11.021+0000] {logging_mixin.py:120} INFO - [2024-04-15T15:45:11.020+0000] {dag.py:2585} INFO - Sync 1 DAGs
[2024-04-15T15:45:11.301+0000] {logging_mixin.py:120} INFO - [2024-04-15T15:45:11.301+0000] {dag.py:3340} INFO - Setting next_dagrun for example_nested_branch_dag to 2024-04-14T00:00:00+00:00, run_after=2024-04-15T00:00:00+00:00
[2024-04-15T15:45:11.349+0000] {processor.py:176} INFO - Processing /home/airflow/.local/lib/python3.7/site-packages/airflow/example_dags/example_nested_branch_dag.py took 0.496 seconds
[2024-04-15T15:45:42.203+0000] {processor.py:154} INFO - Started process (PID=19610) to work on /home/airflow/.local/lib/python3.7/site-packages/airflow/example_dags/example_nested_branch_dag.py
[2024-04-15T15:45:42.205+0000] {processor.py:756} INFO - Processing file /home/airflow/.local/lib/python3.7/site-packages/airflow/example_dags/example_nested_branch_dag.py for tasks to queue
[2024-04-15T15:45:42.206+0000] {logging_mixin.py:120} INFO - [2024-04-15T15:45:42.206+0000] {dagbag.py:537} INFO - Filling up the DagBag from /home/airflow/.local/lib/python3.7/site-packages/airflow/example_dags/example_nested_branch_dag.py
[2024-04-15T15:45:42.250+0000] {processor.py:766} INFO - DAG(s) dict_keys(['example_nested_branch_dag']) retrieved from /home/airflow/.local/lib/python3.7/site-packages/airflow/example_dags/example_nested_branch_dag.py
[2024-04-15T15:45:42.323+0000] {logging_mixin.py:120} INFO - [2024-04-15T15:45:42.323+0000] {dag.py:2585} INFO - Sync 1 DAGs
[2024-04-15T15:45:42.367+0000] {logging_mixin.py:120} INFO - [2024-04-15T15:45:42.366+0000] {dag.py:3340} INFO - Setting next_dagrun for example_nested_branch_dag to 2024-04-14T00:00:00+00:00, run_after=2024-04-15T00:00:00+00:00
[2024-04-15T15:45:42.401+0000] {processor.py:176} INFO - Processing /home/airflow/.local/lib/python3.7/site-packages/airflow/example_dags/example_nested_branch_dag.py took 0.204 seconds
[2024-04-15T15:46:12.490+0000] {processor.py:154} INFO - Started process (PID=19679) to work on /home/airflow/.local/lib/python3.7/site-packages/airflow/example_dags/example_nested_branch_dag.py
[2024-04-15T15:46:12.494+0000] {processor.py:756} INFO - Processing file /home/airflow/.local/lib/python3.7/site-packages/airflow/example_dags/example_nested_branch_dag.py for tasks to queue
[2024-04-15T15:46:12.497+0000] {logging_mixin.py:120} INFO - [2024-04-15T15:46:12.496+0000] {dagbag.py:537} INFO - Filling up the DagBag from /home/airflow/.local/lib/python3.7/site-packages/airflow/example_dags/example_nested_branch_dag.py
[2024-04-15T15:46:12.544+0000] {processor.py:766} INFO - DAG(s) dict_keys(['example_nested_branch_dag']) retrieved from /home/airflow/.local/lib/python3.7/site-packages/airflow/example_dags/example_nested_branch_dag.py
[2024-04-15T15:46:12.615+0000] {logging_mixin.py:120} INFO - [2024-04-15T15:46:12.615+0000] {dag.py:2585} INFO - Sync 1 DAGs
[2024-04-15T15:46:12.660+0000] {logging_mixin.py:120} INFO - [2024-04-15T15:46:12.659+0000] {dag.py:3340} INFO - Setting next_dagrun for example_nested_branch_dag to 2024-04-14T00:00:00+00:00, run_after=2024-04-15T00:00:00+00:00
[2024-04-15T15:46:12.699+0000] {processor.py:176} INFO - Processing /home/airflow/.local/lib/python3.7/site-packages/airflow/example_dags/example_nested_branch_dag.py took 0.215 seconds
[2024-04-15T15:46:43.026+0000] {processor.py:154} INFO - Started process (PID=19757) to work on /home/airflow/.local/lib/python3.7/site-packages/airflow/example_dags/example_nested_branch_dag.py
[2024-04-15T15:46:43.029+0000] {processor.py:756} INFO - Processing file /home/airflow/.local/lib/python3.7/site-packages/airflow/example_dags/example_nested_branch_dag.py for tasks to queue
[2024-04-15T15:46:43.031+0000] {logging_mixin.py:120} INFO - [2024-04-15T15:46:43.030+0000] {dagbag.py:537} INFO - Filling up the DagBag from /home/airflow/.local/lib/python3.7/site-packages/airflow/example_dags/example_nested_branch_dag.py
[2024-04-15T15:46:43.081+0000] {processor.py:766} INFO - DAG(s) dict_keys(['example_nested_branch_dag']) retrieved from /home/airflow/.local/lib/python3.7/site-packages/airflow/example_dags/example_nested_branch_dag.py
[2024-04-15T15:46:43.161+0000] {logging_mixin.py:120} INFO - [2024-04-15T15:46:43.160+0000] {dag.py:2585} INFO - Sync 1 DAGs
[2024-04-15T15:46:43.204+0000] {logging_mixin.py:120} INFO - [2024-04-15T15:46:43.204+0000] {dag.py:3340} INFO - Setting next_dagrun for example_nested_branch_dag to 2024-04-14T00:00:00+00:00, run_after=2024-04-15T00:00:00+00:00
[2024-04-15T15:46:43.232+0000] {processor.py:176} INFO - Processing /home/airflow/.local/lib/python3.7/site-packages/airflow/example_dags/example_nested_branch_dag.py took 0.213 seconds
[2024-04-15T15:47:14.256+0000] {processor.py:154} INFO - Started process (PID=19828) to work on /home/airflow/.local/lib/python3.7/site-packages/airflow/example_dags/example_nested_branch_dag.py
[2024-04-15T15:47:14.257+0000] {processor.py:756} INFO - Processing file /home/airflow/.local/lib/python3.7/site-packages/airflow/example_dags/example_nested_branch_dag.py for tasks to queue
[2024-04-15T15:47:14.259+0000] {logging_mixin.py:120} INFO - [2024-04-15T15:47:14.259+0000] {dagbag.py:537} INFO - Filling up the DagBag from /home/airflow/.local/lib/python3.7/site-packages/airflow/example_dags/example_nested_branch_dag.py
[2024-04-15T15:47:14.298+0000] {processor.py:766} INFO - DAG(s) dict_keys(['example_nested_branch_dag']) retrieved from /home/airflow/.local/lib/python3.7/site-packages/airflow/example_dags/example_nested_branch_dag.py
[2024-04-15T15:47:14.366+0000] {logging_mixin.py:120} INFO - [2024-04-15T15:47:14.366+0000] {dag.py:2585} INFO - Sync 1 DAGs
[2024-04-15T15:47:14.407+0000] {logging_mixin.py:120} INFO - [2024-04-15T15:47:14.407+0000] {dag.py:3340} INFO - Setting next_dagrun for example_nested_branch_dag to 2024-04-14T00:00:00+00:00, run_after=2024-04-15T00:00:00+00:00
[2024-04-15T15:47:14.434+0000] {processor.py:176} INFO - Processing /home/airflow/.local/lib/python3.7/site-packages/airflow/example_dags/example_nested_branch_dag.py took 0.183 seconds
[2024-04-15T15:47:44.665+0000] {processor.py:154} INFO - Started process (PID=19907) to work on /home/airflow/.local/lib/python3.7/site-packages/airflow/example_dags/example_nested_branch_dag.py
[2024-04-15T15:47:44.669+0000] {processor.py:756} INFO - Processing file /home/airflow/.local/lib/python3.7/site-packages/airflow/example_dags/example_nested_branch_dag.py for tasks to queue
[2024-04-15T15:47:44.671+0000] {logging_mixin.py:120} INFO - [2024-04-15T15:47:44.671+0000] {dagbag.py:537} INFO - Filling up the DagBag from /home/airflow/.local/lib/python3.7/site-packages/airflow/example_dags/example_nested_branch_dag.py
[2024-04-15T15:47:44.713+0000] {processor.py:766} INFO - DAG(s) dict_keys(['example_nested_branch_dag']) retrieved from /home/airflow/.local/lib/python3.7/site-packages/airflow/example_dags/example_nested_branch_dag.py
[2024-04-15T15:47:44.783+0000] {logging_mixin.py:120} INFO - [2024-04-15T15:47:44.783+0000] {dag.py:2585} INFO - Sync 1 DAGs
[2024-04-15T15:47:44.827+0000] {logging_mixin.py:120} INFO - [2024-04-15T15:47:44.827+0000] {dag.py:3340} INFO - Setting next_dagrun for example_nested_branch_dag to 2024-04-14T00:00:00+00:00, run_after=2024-04-15T00:00:00+00:00
[2024-04-15T15:47:44.859+0000] {processor.py:176} INFO - Processing /home/airflow/.local/lib/python3.7/site-packages/airflow/example_dags/example_nested_branch_dag.py took 0.202 seconds
[2024-04-15T15:48:16.091+0000] {processor.py:154} INFO - Started process (PID=19989) to work on /home/airflow/.local/lib/python3.7/site-packages/airflow/example_dags/example_nested_branch_dag.py
[2024-04-15T15:48:16.092+0000] {processor.py:756} INFO - Processing file /home/airflow/.local/lib/python3.7/site-packages/airflow/example_dags/example_nested_branch_dag.py for tasks to queue
[2024-04-15T15:48:16.094+0000] {logging_mixin.py:120} INFO - [2024-04-15T15:48:16.094+0000] {dagbag.py:537} INFO - Filling up the DagBag from /home/airflow/.local/lib/python3.7/site-packages/airflow/example_dags/example_nested_branch_dag.py
[2024-04-15T15:48:16.133+0000] {processor.py:766} INFO - DAG(s) dict_keys(['example_nested_branch_dag']) retrieved from /home/airflow/.local/lib/python3.7/site-packages/airflow/example_dags/example_nested_branch_dag.py
[2024-04-15T15:48:16.211+0000] {logging_mixin.py:120} INFO - [2024-04-15T15:48:16.211+0000] {dag.py:2585} INFO - Sync 1 DAGs
[2024-04-15T15:48:16.266+0000] {logging_mixin.py:120} INFO - [2024-04-15T15:48:16.265+0000] {dag.py:3340} INFO - Setting next_dagrun for example_nested_branch_dag to 2024-04-14T00:00:00+00:00, run_after=2024-04-15T00:00:00+00:00
[2024-04-15T15:48:16.316+0000] {processor.py:176} INFO - Processing /home/airflow/.local/lib/python3.7/site-packages/airflow/example_dags/example_nested_branch_dag.py took 0.232 seconds
[2024-04-15T15:48:47.347+0000] {processor.py:154} INFO - Started process (PID=20060) to work on /home/airflow/.local/lib/python3.7/site-packages/airflow/example_dags/example_nested_branch_dag.py
[2024-04-15T15:48:47.350+0000] {processor.py:756} INFO - Processing file /home/airflow/.local/lib/python3.7/site-packages/airflow/example_dags/example_nested_branch_dag.py for tasks to queue
[2024-04-15T15:48:47.352+0000] {logging_mixin.py:120} INFO - [2024-04-15T15:48:47.352+0000] {dagbag.py:537} INFO - Filling up the DagBag from /home/airflow/.local/lib/python3.7/site-packages/airflow/example_dags/example_nested_branch_dag.py
[2024-04-15T15:48:47.395+0000] {processor.py:766} INFO - DAG(s) dict_keys(['example_nested_branch_dag']) retrieved from /home/airflow/.local/lib/python3.7/site-packages/airflow/example_dags/example_nested_branch_dag.py
[2024-04-15T15:48:47.471+0000] {logging_mixin.py:120} INFO - [2024-04-15T15:48:47.471+0000] {dag.py:2585} INFO - Sync 1 DAGs
[2024-04-15T15:48:47.518+0000] {logging_mixin.py:120} INFO - [2024-04-15T15:48:47.517+0000] {dag.py:3340} INFO - Setting next_dagrun for example_nested_branch_dag to 2024-04-14T00:00:00+00:00, run_after=2024-04-15T00:00:00+00:00
[2024-04-15T15:48:47.549+0000] {processor.py:176} INFO - Processing /home/airflow/.local/lib/python3.7/site-packages/airflow/example_dags/example_nested_branch_dag.py took 0.210 seconds
[2024-04-15T15:49:18.296+0000] {processor.py:154} INFO - Started process (PID=20138) to work on /home/airflow/.local/lib/python3.7/site-packages/airflow/example_dags/example_nested_branch_dag.py
[2024-04-15T15:49:18.298+0000] {processor.py:756} INFO - Processing file /home/airflow/.local/lib/python3.7/site-packages/airflow/example_dags/example_nested_branch_dag.py for tasks to queue
[2024-04-15T15:49:18.300+0000] {logging_mixin.py:120} INFO - [2024-04-15T15:49:18.300+0000] {dagbag.py:537} INFO - Filling up the DagBag from /home/airflow/.local/lib/python3.7/site-packages/airflow/example_dags/example_nested_branch_dag.py
[2024-04-15T15:49:18.338+0000] {processor.py:766} INFO - DAG(s) dict_keys(['example_nested_branch_dag']) retrieved from /home/airflow/.local/lib/python3.7/site-packages/airflow/example_dags/example_nested_branch_dag.py
[2024-04-15T15:49:18.409+0000] {logging_mixin.py:120} INFO - [2024-04-15T15:49:18.409+0000] {dag.py:2585} INFO - Sync 1 DAGs
[2024-04-15T15:49:18.446+0000] {logging_mixin.py:120} INFO - [2024-04-15T15:49:18.446+0000] {dag.py:3340} INFO - Setting next_dagrun for example_nested_branch_dag to 2024-04-14T00:00:00+00:00, run_after=2024-04-15T00:00:00+00:00
[2024-04-15T15:49:18.478+0000] {processor.py:176} INFO - Processing /home/airflow/.local/lib/python3.7/site-packages/airflow/example_dags/example_nested_branch_dag.py took 0.188 seconds
[2024-04-15T15:49:49.309+0000] {processor.py:154} INFO - Started process (PID=20216) to work on /home/airflow/.local/lib/python3.7/site-packages/airflow/example_dags/example_nested_branch_dag.py
[2024-04-15T15:49:49.317+0000] {processor.py:756} INFO - Processing file /home/airflow/.local/lib/python3.7/site-packages/airflow/example_dags/example_nested_branch_dag.py for tasks to queue
[2024-04-15T15:49:49.320+0000] {logging_mixin.py:120} INFO - [2024-04-15T15:49:49.319+0000] {dagbag.py:537} INFO - Filling up the DagBag from /home/airflow/.local/lib/python3.7/site-packages/airflow/example_dags/example_nested_branch_dag.py
[2024-04-15T15:49:49.404+0000] {processor.py:766} INFO - DAG(s) dict_keys(['example_nested_branch_dag']) retrieved from /home/airflow/.local/lib/python3.7/site-packages/airflow/example_dags/example_nested_branch_dag.py
[2024-04-15T15:49:49.515+0000] {logging_mixin.py:120} INFO - [2024-04-15T15:49:49.515+0000] {dag.py:2585} INFO - Sync 1 DAGs
[2024-04-15T15:49:49.588+0000] {logging_mixin.py:120} INFO - [2024-04-15T15:49:49.588+0000] {dag.py:3340} INFO - Setting next_dagrun for example_nested_branch_dag to 2024-04-14T00:00:00+00:00, run_after=2024-04-15T00:00:00+00:00
[2024-04-15T15:49:49.624+0000] {processor.py:176} INFO - Processing /home/airflow/.local/lib/python3.7/site-packages/airflow/example_dags/example_nested_branch_dag.py took 0.324 seconds
[2024-04-15T15:50:20.315+0000] {processor.py:154} INFO - Started process (PID=20286) to work on /home/airflow/.local/lib/python3.7/site-packages/airflow/example_dags/example_nested_branch_dag.py
[2024-04-15T15:50:20.317+0000] {processor.py:756} INFO - Processing file /home/airflow/.local/lib/python3.7/site-packages/airflow/example_dags/example_nested_branch_dag.py for tasks to queue
[2024-04-15T15:50:20.319+0000] {logging_mixin.py:120} INFO - [2024-04-15T15:50:20.319+0000] {dagbag.py:537} INFO - Filling up the DagBag from /home/airflow/.local/lib/python3.7/site-packages/airflow/example_dags/example_nested_branch_dag.py
[2024-04-15T15:50:20.367+0000] {processor.py:766} INFO - DAG(s) dict_keys(['example_nested_branch_dag']) retrieved from /home/airflow/.local/lib/python3.7/site-packages/airflow/example_dags/example_nested_branch_dag.py
[2024-04-15T15:50:20.451+0000] {logging_mixin.py:120} INFO - [2024-04-15T15:50:20.451+0000] {dag.py:2585} INFO - Sync 1 DAGs
[2024-04-15T15:50:20.507+0000] {logging_mixin.py:120} INFO - [2024-04-15T15:50:20.506+0000] {dag.py:3340} INFO - Setting next_dagrun for example_nested_branch_dag to 2024-04-14T00:00:00+00:00, run_after=2024-04-15T00:00:00+00:00
[2024-04-15T15:50:20.554+0000] {processor.py:176} INFO - Processing /home/airflow/.local/lib/python3.7/site-packages/airflow/example_dags/example_nested_branch_dag.py took 0.246 seconds
[2024-04-15T15:50:50.777+0000] {processor.py:154} INFO - Started process (PID=20364) to work on /home/airflow/.local/lib/python3.7/site-packages/airflow/example_dags/example_nested_branch_dag.py
[2024-04-15T15:50:50.780+0000] {processor.py:756} INFO - Processing file /home/airflow/.local/lib/python3.7/site-packages/airflow/example_dags/example_nested_branch_dag.py for tasks to queue
[2024-04-15T15:50:50.781+0000] {logging_mixin.py:120} INFO - [2024-04-15T15:50:50.781+0000] {dagbag.py:537} INFO - Filling up the DagBag from /home/airflow/.local/lib/python3.7/site-packages/airflow/example_dags/example_nested_branch_dag.py
[2024-04-15T15:50:50.837+0000] {processor.py:766} INFO - DAG(s) dict_keys(['example_nested_branch_dag']) retrieved from /home/airflow/.local/lib/python3.7/site-packages/airflow/example_dags/example_nested_branch_dag.py
[2024-04-15T15:50:50.916+0000] {logging_mixin.py:120} INFO - [2024-04-15T15:50:50.915+0000] {dag.py:2585} INFO - Sync 1 DAGs
[2024-04-15T15:50:50.959+0000] {logging_mixin.py:120} INFO - [2024-04-15T15:50:50.959+0000] {dag.py:3340} INFO - Setting next_dagrun for example_nested_branch_dag to 2024-04-14T00:00:00+00:00, run_after=2024-04-15T00:00:00+00:00
[2024-04-15T15:50:50.988+0000] {processor.py:176} INFO - Processing /home/airflow/.local/lib/python3.7/site-packages/airflow/example_dags/example_nested_branch_dag.py took 0.219 seconds
[2024-04-15T15:51:21.377+0000] {processor.py:154} INFO - Started process (PID=20433) to work on /home/airflow/.local/lib/python3.7/site-packages/airflow/example_dags/example_nested_branch_dag.py
[2024-04-15T15:51:21.380+0000] {processor.py:756} INFO - Processing file /home/airflow/.local/lib/python3.7/site-packages/airflow/example_dags/example_nested_branch_dag.py for tasks to queue
[2024-04-15T15:51:21.381+0000] {logging_mixin.py:120} INFO - [2024-04-15T15:51:21.381+0000] {dagbag.py:537} INFO - Filling up the DagBag from /home/airflow/.local/lib/python3.7/site-packages/airflow/example_dags/example_nested_branch_dag.py
[2024-04-15T15:51:21.424+0000] {processor.py:766} INFO - DAG(s) dict_keys(['example_nested_branch_dag']) retrieved from /home/airflow/.local/lib/python3.7/site-packages/airflow/example_dags/example_nested_branch_dag.py
[2024-04-15T15:51:21.496+0000] {logging_mixin.py:120} INFO - [2024-04-15T15:51:21.496+0000] {dag.py:2585} INFO - Sync 1 DAGs
[2024-04-15T15:51:21.542+0000] {logging_mixin.py:120} INFO - [2024-04-15T15:51:21.541+0000] {dag.py:3340} INFO - Setting next_dagrun for example_nested_branch_dag to 2024-04-14T00:00:00+00:00, run_after=2024-04-15T00:00:00+00:00
[2024-04-15T15:51:21.577+0000] {processor.py:176} INFO - Processing /home/airflow/.local/lib/python3.7/site-packages/airflow/example_dags/example_nested_branch_dag.py took 0.207 seconds
[2024-04-15T15:51:52.602+0000] {processor.py:154} INFO - Started process (PID=20514) to work on /home/airflow/.local/lib/python3.7/site-packages/airflow/example_dags/example_nested_branch_dag.py
[2024-04-15T15:51:52.605+0000] {processor.py:756} INFO - Processing file /home/airflow/.local/lib/python3.7/site-packages/airflow/example_dags/example_nested_branch_dag.py for tasks to queue
[2024-04-15T15:51:52.607+0000] {logging_mixin.py:120} INFO - [2024-04-15T15:51:52.607+0000] {dagbag.py:537} INFO - Filling up the DagBag from /home/airflow/.local/lib/python3.7/site-packages/airflow/example_dags/example_nested_branch_dag.py
[2024-04-15T15:51:52.669+0000] {processor.py:766} INFO - DAG(s) dict_keys(['example_nested_branch_dag']) retrieved from /home/airflow/.local/lib/python3.7/site-packages/airflow/example_dags/example_nested_branch_dag.py
[2024-04-15T15:51:52.742+0000] {logging_mixin.py:120} INFO - [2024-04-15T15:51:52.741+0000] {dag.py:2585} INFO - Sync 1 DAGs
[2024-04-15T15:51:52.795+0000] {logging_mixin.py:120} INFO - [2024-04-15T15:51:52.795+0000] {dag.py:3340} INFO - Setting next_dagrun for example_nested_branch_dag to 2024-04-14T00:00:00+00:00, run_after=2024-04-15T00:00:00+00:00
[2024-04-15T15:51:52.825+0000] {processor.py:176} INFO - Processing /home/airflow/.local/lib/python3.7/site-packages/airflow/example_dags/example_nested_branch_dag.py took 0.234 seconds
[2024-04-15T15:52:23.131+0000] {processor.py:154} INFO - Started process (PID=20585) to work on /home/airflow/.local/lib/python3.7/site-packages/airflow/example_dags/example_nested_branch_dag.py
[2024-04-15T15:52:23.136+0000] {processor.py:756} INFO - Processing file /home/airflow/.local/lib/python3.7/site-packages/airflow/example_dags/example_nested_branch_dag.py for tasks to queue
[2024-04-15T15:52:23.138+0000] {logging_mixin.py:120} INFO - [2024-04-15T15:52:23.138+0000] {dagbag.py:537} INFO - Filling up the DagBag from /home/airflow/.local/lib/python3.7/site-packages/airflow/example_dags/example_nested_branch_dag.py
[2024-04-15T15:52:23.179+0000] {processor.py:766} INFO - DAG(s) dict_keys(['example_nested_branch_dag']) retrieved from /home/airflow/.local/lib/python3.7/site-packages/airflow/example_dags/example_nested_branch_dag.py
[2024-04-15T15:52:23.251+0000] {logging_mixin.py:120} INFO - [2024-04-15T15:52:23.251+0000] {dag.py:2585} INFO - Sync 1 DAGs
[2024-04-15T15:52:23.433+0000] {logging_mixin.py:120} INFO - [2024-04-15T15:52:23.433+0000] {dag.py:3340} INFO - Setting next_dagrun for example_nested_branch_dag to 2024-04-14T00:00:00+00:00, run_after=2024-04-15T00:00:00+00:00
[2024-04-15T15:52:23.488+0000] {processor.py:176} INFO - Processing /home/airflow/.local/lib/python3.7/site-packages/airflow/example_dags/example_nested_branch_dag.py took 0.365 seconds
[2024-04-15T15:52:54.987+0000] {processor.py:154} INFO - Started process (PID=20663) to work on /home/airflow/.local/lib/python3.7/site-packages/airflow/example_dags/example_nested_branch_dag.py
[2024-04-15T15:52:55.002+0000] {processor.py:756} INFO - Processing file /home/airflow/.local/lib/python3.7/site-packages/airflow/example_dags/example_nested_branch_dag.py for tasks to queue
[2024-04-15T15:52:55.004+0000] {logging_mixin.py:120} INFO - [2024-04-15T15:52:55.004+0000] {dagbag.py:537} INFO - Filling up the DagBag from /home/airflow/.local/lib/python3.7/site-packages/airflow/example_dags/example_nested_branch_dag.py
[2024-04-15T15:52:55.088+0000] {processor.py:766} INFO - DAG(s) dict_keys(['example_nested_branch_dag']) retrieved from /home/airflow/.local/lib/python3.7/site-packages/airflow/example_dags/example_nested_branch_dag.py
[2024-04-15T15:52:55.172+0000] {logging_mixin.py:120} INFO - [2024-04-15T15:52:55.172+0000] {dag.py:2585} INFO - Sync 1 DAGs
[2024-04-15T15:52:55.223+0000] {logging_mixin.py:120} INFO - [2024-04-15T15:52:55.223+0000] {dag.py:3340} INFO - Setting next_dagrun for example_nested_branch_dag to 2024-04-14T00:00:00+00:00, run_after=2024-04-15T00:00:00+00:00
[2024-04-15T15:52:55.271+0000] {processor.py:176} INFO - Processing /home/airflow/.local/lib/python3.7/site-packages/airflow/example_dags/example_nested_branch_dag.py took 0.305 seconds
[2024-04-15T15:53:26.010+0000] {processor.py:154} INFO - Started process (PID=20741) to work on /home/airflow/.local/lib/python3.7/site-packages/airflow/example_dags/example_nested_branch_dag.py
[2024-04-15T15:53:26.013+0000] {processor.py:756} INFO - Processing file /home/airflow/.local/lib/python3.7/site-packages/airflow/example_dags/example_nested_branch_dag.py for tasks to queue
[2024-04-15T15:53:26.015+0000] {logging_mixin.py:120} INFO - [2024-04-15T15:53:26.014+0000] {dagbag.py:537} INFO - Filling up the DagBag from /home/airflow/.local/lib/python3.7/site-packages/airflow/example_dags/example_nested_branch_dag.py
[2024-04-15T15:53:26.069+0000] {processor.py:766} INFO - DAG(s) dict_keys(['example_nested_branch_dag']) retrieved from /home/airflow/.local/lib/python3.7/site-packages/airflow/example_dags/example_nested_branch_dag.py
[2024-04-15T15:53:26.144+0000] {logging_mixin.py:120} INFO - [2024-04-15T15:53:26.144+0000] {dag.py:2585} INFO - Sync 1 DAGs
[2024-04-15T15:53:26.183+0000] {logging_mixin.py:120} INFO - [2024-04-15T15:53:26.182+0000] {dag.py:3340} INFO - Setting next_dagrun for example_nested_branch_dag to 2024-04-14T00:00:00+00:00, run_after=2024-04-15T00:00:00+00:00
[2024-04-15T15:53:26.219+0000] {processor.py:176} INFO - Processing /home/airflow/.local/lib/python3.7/site-packages/airflow/example_dags/example_nested_branch_dag.py took 0.215 seconds
[2024-04-15T15:53:56.457+0000] {processor.py:154} INFO - Started process (PID=20810) to work on /home/airflow/.local/lib/python3.7/site-packages/airflow/example_dags/example_nested_branch_dag.py
[2024-04-15T15:53:56.459+0000] {processor.py:756} INFO - Processing file /home/airflow/.local/lib/python3.7/site-packages/airflow/example_dags/example_nested_branch_dag.py for tasks to queue
[2024-04-15T15:53:56.460+0000] {logging_mixin.py:120} INFO - [2024-04-15T15:53:56.460+0000] {dagbag.py:537} INFO - Filling up the DagBag from /home/airflow/.local/lib/python3.7/site-packages/airflow/example_dags/example_nested_branch_dag.py
[2024-04-15T15:53:56.498+0000] {processor.py:766} INFO - DAG(s) dict_keys(['example_nested_branch_dag']) retrieved from /home/airflow/.local/lib/python3.7/site-packages/airflow/example_dags/example_nested_branch_dag.py
[2024-04-15T15:53:56.584+0000] {logging_mixin.py:120} INFO - [2024-04-15T15:53:56.584+0000] {dag.py:2585} INFO - Sync 1 DAGs
[2024-04-15T15:53:56.626+0000] {logging_mixin.py:120} INFO - [2024-04-15T15:53:56.626+0000] {dag.py:3340} INFO - Setting next_dagrun for example_nested_branch_dag to 2024-04-14T00:00:00+00:00, run_after=2024-04-15T00:00:00+00:00
[2024-04-15T15:53:56.658+0000] {processor.py:176} INFO - Processing /home/airflow/.local/lib/python3.7/site-packages/airflow/example_dags/example_nested_branch_dag.py took 0.207 seconds
[2024-04-15T15:54:26.866+0000] {processor.py:154} INFO - Started process (PID=20887) to work on /home/airflow/.local/lib/python3.7/site-packages/airflow/example_dags/example_nested_branch_dag.py
[2024-04-15T15:54:26.868+0000] {processor.py:756} INFO - Processing file /home/airflow/.local/lib/python3.7/site-packages/airflow/example_dags/example_nested_branch_dag.py for tasks to queue
[2024-04-15T15:54:26.869+0000] {logging_mixin.py:120} INFO - [2024-04-15T15:54:26.869+0000] {dagbag.py:537} INFO - Filling up the DagBag from /home/airflow/.local/lib/python3.7/site-packages/airflow/example_dags/example_nested_branch_dag.py
[2024-04-15T15:54:26.910+0000] {processor.py:766} INFO - DAG(s) dict_keys(['example_nested_branch_dag']) retrieved from /home/airflow/.local/lib/python3.7/site-packages/airflow/example_dags/example_nested_branch_dag.py
[2024-04-15T15:54:26.980+0000] {logging_mixin.py:120} INFO - [2024-04-15T15:54:26.980+0000] {dag.py:2585} INFO - Sync 1 DAGs
[2024-04-15T15:54:27.023+0000] {logging_mixin.py:120} INFO - [2024-04-15T15:54:27.023+0000] {dag.py:3340} INFO - Setting next_dagrun for example_nested_branch_dag to 2024-04-14T00:00:00+00:00, run_after=2024-04-15T00:00:00+00:00
[2024-04-15T15:54:27.058+0000] {processor.py:176} INFO - Processing /home/airflow/.local/lib/python3.7/site-packages/airflow/example_dags/example_nested_branch_dag.py took 0.198 seconds
[2024-04-15T15:54:57.674+0000] {processor.py:154} INFO - Started process (PID=20956) to work on /home/airflow/.local/lib/python3.7/site-packages/airflow/example_dags/example_nested_branch_dag.py
[2024-04-15T15:54:57.677+0000] {processor.py:756} INFO - Processing file /home/airflow/.local/lib/python3.7/site-packages/airflow/example_dags/example_nested_branch_dag.py for tasks to queue
[2024-04-15T15:54:57.679+0000] {logging_mixin.py:120} INFO - [2024-04-15T15:54:57.679+0000] {dagbag.py:537} INFO - Filling up the DagBag from /home/airflow/.local/lib/python3.7/site-packages/airflow/example_dags/example_nested_branch_dag.py
[2024-04-15T15:54:57.720+0000] {processor.py:766} INFO - DAG(s) dict_keys(['example_nested_branch_dag']) retrieved from /home/airflow/.local/lib/python3.7/site-packages/airflow/example_dags/example_nested_branch_dag.py
[2024-04-15T15:54:57.792+0000] {logging_mixin.py:120} INFO - [2024-04-15T15:54:57.791+0000] {dag.py:2585} INFO - Sync 1 DAGs
[2024-04-15T15:54:57.835+0000] {logging_mixin.py:120} INFO - [2024-04-15T15:54:57.835+0000] {dag.py:3340} INFO - Setting next_dagrun for example_nested_branch_dag to 2024-04-14T00:00:00+00:00, run_after=2024-04-15T00:00:00+00:00
[2024-04-15T15:54:57.868+0000] {processor.py:176} INFO - Processing /home/airflow/.local/lib/python3.7/site-packages/airflow/example_dags/example_nested_branch_dag.py took 0.200 seconds
[2024-04-15T15:55:28.195+0000] {processor.py:154} INFO - Started process (PID=21034) to work on /home/airflow/.local/lib/python3.7/site-packages/airflow/example_dags/example_nested_branch_dag.py
[2024-04-15T15:55:28.200+0000] {processor.py:756} INFO - Processing file /home/airflow/.local/lib/python3.7/site-packages/airflow/example_dags/example_nested_branch_dag.py for tasks to queue
[2024-04-15T15:55:28.205+0000] {logging_mixin.py:120} INFO - [2024-04-15T15:55:28.204+0000] {dagbag.py:537} INFO - Filling up the DagBag from /home/airflow/.local/lib/python3.7/site-packages/airflow/example_dags/example_nested_branch_dag.py
[2024-04-15T15:55:28.266+0000] {processor.py:766} INFO - DAG(s) dict_keys(['example_nested_branch_dag']) retrieved from /home/airflow/.local/lib/python3.7/site-packages/airflow/example_dags/example_nested_branch_dag.py
[2024-04-15T15:55:28.348+0000] {logging_mixin.py:120} INFO - [2024-04-15T15:55:28.347+0000] {dag.py:2585} INFO - Sync 1 DAGs
[2024-04-15T15:55:28.389+0000] {logging_mixin.py:120} INFO - [2024-04-15T15:55:28.388+0000] {dag.py:3340} INFO - Setting next_dagrun for example_nested_branch_dag to 2024-04-14T00:00:00+00:00, run_after=2024-04-15T00:00:00+00:00
[2024-04-15T15:55:28.422+0000] {processor.py:176} INFO - Processing /home/airflow/.local/lib/python3.7/site-packages/airflow/example_dags/example_nested_branch_dag.py took 0.237 seconds
[2024-04-15T15:55:58.893+0000] {processor.py:154} INFO - Started process (PID=21104) to work on /home/airflow/.local/lib/python3.7/site-packages/airflow/example_dags/example_nested_branch_dag.py
[2024-04-15T15:55:58.895+0000] {processor.py:756} INFO - Processing file /home/airflow/.local/lib/python3.7/site-packages/airflow/example_dags/example_nested_branch_dag.py for tasks to queue
[2024-04-15T15:55:58.897+0000] {logging_mixin.py:120} INFO - [2024-04-15T15:55:58.897+0000] {dagbag.py:537} INFO - Filling up the DagBag from /home/airflow/.local/lib/python3.7/site-packages/airflow/example_dags/example_nested_branch_dag.py
[2024-04-15T15:55:58.942+0000] {processor.py:766} INFO - DAG(s) dict_keys(['example_nested_branch_dag']) retrieved from /home/airflow/.local/lib/python3.7/site-packages/airflow/example_dags/example_nested_branch_dag.py
[2024-04-15T15:55:59.023+0000] {logging_mixin.py:120} INFO - [2024-04-15T15:55:59.022+0000] {dag.py:2585} INFO - Sync 1 DAGs
[2024-04-15T15:55:59.080+0000] {logging_mixin.py:120} INFO - [2024-04-15T15:55:59.080+0000] {dag.py:3340} INFO - Setting next_dagrun for example_nested_branch_dag to 2024-04-14T00:00:00+00:00, run_after=2024-04-15T00:00:00+00:00
[2024-04-15T15:55:59.110+0000] {processor.py:176} INFO - Processing /home/airflow/.local/lib/python3.7/site-packages/airflow/example_dags/example_nested_branch_dag.py took 0.222 seconds
[2024-04-15T15:56:30.039+0000] {processor.py:154} INFO - Started process (PID=21181) to work on /home/airflow/.local/lib/python3.7/site-packages/airflow/example_dags/example_nested_branch_dag.py
[2024-04-15T15:56:30.041+0000] {processor.py:756} INFO - Processing file /home/airflow/.local/lib/python3.7/site-packages/airflow/example_dags/example_nested_branch_dag.py for tasks to queue
[2024-04-15T15:56:30.042+0000] {logging_mixin.py:120} INFO - [2024-04-15T15:56:30.042+0000] {dagbag.py:537} INFO - Filling up the DagBag from /home/airflow/.local/lib/python3.7/site-packages/airflow/example_dags/example_nested_branch_dag.py
[2024-04-15T15:56:30.084+0000] {processor.py:766} INFO - DAG(s) dict_keys(['example_nested_branch_dag']) retrieved from /home/airflow/.local/lib/python3.7/site-packages/airflow/example_dags/example_nested_branch_dag.py
[2024-04-15T15:56:30.156+0000] {logging_mixin.py:120} INFO - [2024-04-15T15:56:30.156+0000] {dag.py:2585} INFO - Sync 1 DAGs
[2024-04-15T15:56:30.203+0000] {logging_mixin.py:120} INFO - [2024-04-15T15:56:30.203+0000] {dag.py:3340} INFO - Setting next_dagrun for example_nested_branch_dag to 2024-04-14T00:00:00+00:00, run_after=2024-04-15T00:00:00+00:00
[2024-04-15T15:56:30.236+0000] {processor.py:176} INFO - Processing /home/airflow/.local/lib/python3.7/site-packages/airflow/example_dags/example_nested_branch_dag.py took 0.203 seconds
[2024-04-15T15:57:00.810+0000] {processor.py:154} INFO - Started process (PID=21260) to work on /home/airflow/.local/lib/python3.7/site-packages/airflow/example_dags/example_nested_branch_dag.py
[2024-04-15T15:57:00.812+0000] {processor.py:756} INFO - Processing file /home/airflow/.local/lib/python3.7/site-packages/airflow/example_dags/example_nested_branch_dag.py for tasks to queue
[2024-04-15T15:57:00.814+0000] {logging_mixin.py:120} INFO - [2024-04-15T15:57:00.814+0000] {dagbag.py:537} INFO - Filling up the DagBag from /home/airflow/.local/lib/python3.7/site-packages/airflow/example_dags/example_nested_branch_dag.py
[2024-04-15T15:57:00.853+0000] {processor.py:766} INFO - DAG(s) dict_keys(['example_nested_branch_dag']) retrieved from /home/airflow/.local/lib/python3.7/site-packages/airflow/example_dags/example_nested_branch_dag.py
[2024-04-15T15:57:00.920+0000] {logging_mixin.py:120} INFO - [2024-04-15T15:57:00.919+0000] {dag.py:2585} INFO - Sync 1 DAGs
[2024-04-15T15:57:00.959+0000] {logging_mixin.py:120} INFO - [2024-04-15T15:57:00.959+0000] {dag.py:3340} INFO - Setting next_dagrun for example_nested_branch_dag to 2024-04-14T00:00:00+00:00, run_after=2024-04-15T00:00:00+00:00
[2024-04-15T15:57:00.988+0000] {processor.py:176} INFO - Processing /home/airflow/.local/lib/python3.7/site-packages/airflow/example_dags/example_nested_branch_dag.py took 0.183 seconds
[2024-04-15T15:57:31.791+0000] {processor.py:154} INFO - Started process (PID=21331) to work on /home/airflow/.local/lib/python3.7/site-packages/airflow/example_dags/example_nested_branch_dag.py
[2024-04-15T15:57:31.793+0000] {processor.py:756} INFO - Processing file /home/airflow/.local/lib/python3.7/site-packages/airflow/example_dags/example_nested_branch_dag.py for tasks to queue
[2024-04-15T15:57:31.795+0000] {logging_mixin.py:120} INFO - [2024-04-15T15:57:31.795+0000] {dagbag.py:537} INFO - Filling up the DagBag from /home/airflow/.local/lib/python3.7/site-packages/airflow/example_dags/example_nested_branch_dag.py
[2024-04-15T15:57:31.848+0000] {processor.py:766} INFO - DAG(s) dict_keys(['example_nested_branch_dag']) retrieved from /home/airflow/.local/lib/python3.7/site-packages/airflow/example_dags/example_nested_branch_dag.py
[2024-04-15T15:57:31.919+0000] {logging_mixin.py:120} INFO - [2024-04-15T15:57:31.918+0000] {dag.py:2585} INFO - Sync 1 DAGs
[2024-04-15T15:57:31.958+0000] {logging_mixin.py:120} INFO - [2024-04-15T15:57:31.958+0000] {dag.py:3340} INFO - Setting next_dagrun for example_nested_branch_dag to 2024-04-14T00:00:00+00:00, run_after=2024-04-15T00:00:00+00:00
[2024-04-15T15:57:31.990+0000] {processor.py:176} INFO - Processing /home/airflow/.local/lib/python3.7/site-packages/airflow/example_dags/example_nested_branch_dag.py took 0.204 seconds
[2024-04-15T15:58:02.597+0000] {processor.py:154} INFO - Started process (PID=21409) to work on /home/airflow/.local/lib/python3.7/site-packages/airflow/example_dags/example_nested_branch_dag.py
[2024-04-15T15:58:02.600+0000] {processor.py:756} INFO - Processing file /home/airflow/.local/lib/python3.7/site-packages/airflow/example_dags/example_nested_branch_dag.py for tasks to queue
[2024-04-15T15:58:02.602+0000] {logging_mixin.py:120} INFO - [2024-04-15T15:58:02.601+0000] {dagbag.py:537} INFO - Filling up the DagBag from /home/airflow/.local/lib/python3.7/site-packages/airflow/example_dags/example_nested_branch_dag.py
[2024-04-15T15:58:02.641+0000] {processor.py:766} INFO - DAG(s) dict_keys(['example_nested_branch_dag']) retrieved from /home/airflow/.local/lib/python3.7/site-packages/airflow/example_dags/example_nested_branch_dag.py
[2024-04-15T15:58:02.710+0000] {logging_mixin.py:120} INFO - [2024-04-15T15:58:02.710+0000] {dag.py:2585} INFO - Sync 1 DAGs
[2024-04-15T15:58:02.755+0000] {logging_mixin.py:120} INFO - [2024-04-15T15:58:02.754+0000] {dag.py:3340} INFO - Setting next_dagrun for example_nested_branch_dag to 2024-04-14T00:00:00+00:00, run_after=2024-04-15T00:00:00+00:00
[2024-04-15T15:58:02.786+0000] {processor.py:176} INFO - Processing /home/airflow/.local/lib/python3.7/site-packages/airflow/example_dags/example_nested_branch_dag.py took 0.197 seconds
[2024-04-15T15:58:33.244+0000] {processor.py:154} INFO - Started process (PID=21487) to work on /home/airflow/.local/lib/python3.7/site-packages/airflow/example_dags/example_nested_branch_dag.py
[2024-04-15T15:58:33.246+0000] {processor.py:756} INFO - Processing file /home/airflow/.local/lib/python3.7/site-packages/airflow/example_dags/example_nested_branch_dag.py for tasks to queue
[2024-04-15T15:58:33.248+0000] {logging_mixin.py:120} INFO - [2024-04-15T15:58:33.248+0000] {dagbag.py:537} INFO - Filling up the DagBag from /home/airflow/.local/lib/python3.7/site-packages/airflow/example_dags/example_nested_branch_dag.py
[2024-04-15T15:58:33.287+0000] {processor.py:766} INFO - DAG(s) dict_keys(['example_nested_branch_dag']) retrieved from /home/airflow/.local/lib/python3.7/site-packages/airflow/example_dags/example_nested_branch_dag.py
[2024-04-15T15:58:33.355+0000] {logging_mixin.py:120} INFO - [2024-04-15T15:58:33.355+0000] {dag.py:2585} INFO - Sync 1 DAGs
[2024-04-15T15:58:33.401+0000] {logging_mixin.py:120} INFO - [2024-04-15T15:58:33.401+0000] {dag.py:3340} INFO - Setting next_dagrun for example_nested_branch_dag to 2024-04-14T00:00:00+00:00, run_after=2024-04-15T00:00:00+00:00
[2024-04-15T15:58:33.444+0000] {processor.py:176} INFO - Processing /home/airflow/.local/lib/python3.7/site-packages/airflow/example_dags/example_nested_branch_dag.py took 0.207 seconds
[2024-04-15T15:59:04.184+0000] {processor.py:154} INFO - Started process (PID=21557) to work on /home/airflow/.local/lib/python3.7/site-packages/airflow/example_dags/example_nested_branch_dag.py
[2024-04-15T15:59:04.186+0000] {processor.py:756} INFO - Processing file /home/airflow/.local/lib/python3.7/site-packages/airflow/example_dags/example_nested_branch_dag.py for tasks to queue
[2024-04-15T15:59:04.187+0000] {logging_mixin.py:120} INFO - [2024-04-15T15:59:04.187+0000] {dagbag.py:537} INFO - Filling up the DagBag from /home/airflow/.local/lib/python3.7/site-packages/airflow/example_dags/example_nested_branch_dag.py
[2024-04-15T15:59:04.231+0000] {processor.py:766} INFO - DAG(s) dict_keys(['example_nested_branch_dag']) retrieved from /home/airflow/.local/lib/python3.7/site-packages/airflow/example_dags/example_nested_branch_dag.py
[2024-04-15T15:59:04.301+0000] {logging_mixin.py:120} INFO - [2024-04-15T15:59:04.301+0000] {dag.py:2585} INFO - Sync 1 DAGs
[2024-04-15T15:59:04.348+0000] {logging_mixin.py:120} INFO - [2024-04-15T15:59:04.348+0000] {dag.py:3340} INFO - Setting next_dagrun for example_nested_branch_dag to 2024-04-14T00:00:00+00:00, run_after=2024-04-15T00:00:00+00:00
[2024-04-15T15:59:04.380+0000] {processor.py:176} INFO - Processing /home/airflow/.local/lib/python3.7/site-packages/airflow/example_dags/example_nested_branch_dag.py took 0.203 seconds
[2024-04-15T15:59:34.755+0000] {processor.py:154} INFO - Started process (PID=21635) to work on /home/airflow/.local/lib/python3.7/site-packages/airflow/example_dags/example_nested_branch_dag.py
[2024-04-15T15:59:34.759+0000] {processor.py:756} INFO - Processing file /home/airflow/.local/lib/python3.7/site-packages/airflow/example_dags/example_nested_branch_dag.py for tasks to queue
[2024-04-15T15:59:34.761+0000] {logging_mixin.py:120} INFO - [2024-04-15T15:59:34.761+0000] {dagbag.py:537} INFO - Filling up the DagBag from /home/airflow/.local/lib/python3.7/site-packages/airflow/example_dags/example_nested_branch_dag.py
[2024-04-15T15:59:34.806+0000] {processor.py:766} INFO - DAG(s) dict_keys(['example_nested_branch_dag']) retrieved from /home/airflow/.local/lib/python3.7/site-packages/airflow/example_dags/example_nested_branch_dag.py
[2024-04-15T15:59:34.874+0000] {logging_mixin.py:120} INFO - [2024-04-15T15:59:34.873+0000] {dag.py:2585} INFO - Sync 1 DAGs
[2024-04-15T15:59:34.919+0000] {logging_mixin.py:120} INFO - [2024-04-15T15:59:34.919+0000] {dag.py:3340} INFO - Setting next_dagrun for example_nested_branch_dag to 2024-04-14T00:00:00+00:00, run_after=2024-04-15T00:00:00+00:00
[2024-04-15T15:59:34.952+0000] {processor.py:176} INFO - Processing /home/airflow/.local/lib/python3.7/site-packages/airflow/example_dags/example_nested_branch_dag.py took 0.204 seconds
[2024-04-15T16:00:05.125+0000] {processor.py:154} INFO - Started process (PID=21704) to work on /home/airflow/.local/lib/python3.7/site-packages/airflow/example_dags/example_nested_branch_dag.py
[2024-04-15T16:00:05.129+0000] {processor.py:756} INFO - Processing file /home/airflow/.local/lib/python3.7/site-packages/airflow/example_dags/example_nested_branch_dag.py for tasks to queue
[2024-04-15T16:00:05.131+0000] {logging_mixin.py:120} INFO - [2024-04-15T16:00:05.131+0000] {dagbag.py:537} INFO - Filling up the DagBag from /home/airflow/.local/lib/python3.7/site-packages/airflow/example_dags/example_nested_branch_dag.py
[2024-04-15T16:00:05.174+0000] {processor.py:766} INFO - DAG(s) dict_keys(['example_nested_branch_dag']) retrieved from /home/airflow/.local/lib/python3.7/site-packages/airflow/example_dags/example_nested_branch_dag.py
[2024-04-15T16:00:05.240+0000] {logging_mixin.py:120} INFO - [2024-04-15T16:00:05.240+0000] {dag.py:2585} INFO - Sync 1 DAGs
[2024-04-15T16:00:05.278+0000] {logging_mixin.py:120} INFO - [2024-04-15T16:00:05.278+0000] {dag.py:3340} INFO - Setting next_dagrun for example_nested_branch_dag to 2024-04-14T00:00:00+00:00, run_after=2024-04-15T00:00:00+00:00
[2024-04-15T16:00:05.307+0000] {processor.py:176} INFO - Processing /home/airflow/.local/lib/python3.7/site-packages/airflow/example_dags/example_nested_branch_dag.py took 0.189 seconds
[2024-04-15T16:00:35.611+0000] {processor.py:154} INFO - Started process (PID=21782) to work on /home/airflow/.local/lib/python3.7/site-packages/airflow/example_dags/example_nested_branch_dag.py
[2024-04-15T16:00:35.614+0000] {processor.py:756} INFO - Processing file /home/airflow/.local/lib/python3.7/site-packages/airflow/example_dags/example_nested_branch_dag.py for tasks to queue
[2024-04-15T16:00:35.617+0000] {logging_mixin.py:120} INFO - [2024-04-15T16:00:35.617+0000] {dagbag.py:537} INFO - Filling up the DagBag from /home/airflow/.local/lib/python3.7/site-packages/airflow/example_dags/example_nested_branch_dag.py
[2024-04-15T16:00:35.674+0000] {processor.py:766} INFO - DAG(s) dict_keys(['example_nested_branch_dag']) retrieved from /home/airflow/.local/lib/python3.7/site-packages/airflow/example_dags/example_nested_branch_dag.py
[2024-04-15T16:00:35.764+0000] {logging_mixin.py:120} INFO - [2024-04-15T16:00:35.764+0000] {dag.py:2585} INFO - Sync 1 DAGs
[2024-04-15T16:00:35.813+0000] {logging_mixin.py:120} INFO - [2024-04-15T16:00:35.813+0000] {dag.py:3340} INFO - Setting next_dagrun for example_nested_branch_dag to 2024-04-14T00:00:00+00:00, run_after=2024-04-15T00:00:00+00:00
[2024-04-15T16:00:35.846+0000] {processor.py:176} INFO - Processing /home/airflow/.local/lib/python3.7/site-packages/airflow/example_dags/example_nested_branch_dag.py took 0.242 seconds
[2024-04-15T16:01:06.818+0000] {processor.py:154} INFO - Started process (PID=21851) to work on /home/airflow/.local/lib/python3.7/site-packages/airflow/example_dags/example_nested_branch_dag.py
[2024-04-15T16:01:06.822+0000] {processor.py:756} INFO - Processing file /home/airflow/.local/lib/python3.7/site-packages/airflow/example_dags/example_nested_branch_dag.py for tasks to queue
[2024-04-15T16:01:06.823+0000] {logging_mixin.py:120} INFO - [2024-04-15T16:01:06.823+0000] {dagbag.py:537} INFO - Filling up the DagBag from /home/airflow/.local/lib/python3.7/site-packages/airflow/example_dags/example_nested_branch_dag.py
[2024-04-15T16:01:06.867+0000] {processor.py:766} INFO - DAG(s) dict_keys(['example_nested_branch_dag']) retrieved from /home/airflow/.local/lib/python3.7/site-packages/airflow/example_dags/example_nested_branch_dag.py
[2024-04-15T16:01:06.944+0000] {logging_mixin.py:120} INFO - [2024-04-15T16:01:06.943+0000] {dag.py:2585} INFO - Sync 1 DAGs
[2024-04-15T16:01:06.986+0000] {logging_mixin.py:120} INFO - [2024-04-15T16:01:06.986+0000] {dag.py:3340} INFO - Setting next_dagrun for example_nested_branch_dag to 2024-04-14T00:00:00+00:00, run_after=2024-04-15T00:00:00+00:00
[2024-04-15T16:01:07.018+0000] {processor.py:176} INFO - Processing /home/airflow/.local/lib/python3.7/site-packages/airflow/example_dags/example_nested_branch_dag.py took 0.210 seconds
[2024-04-15T16:01:37.839+0000] {processor.py:154} INFO - Started process (PID=21929) to work on /home/airflow/.local/lib/python3.7/site-packages/airflow/example_dags/example_nested_branch_dag.py
[2024-04-15T16:01:37.842+0000] {processor.py:756} INFO - Processing file /home/airflow/.local/lib/python3.7/site-packages/airflow/example_dags/example_nested_branch_dag.py for tasks to queue
[2024-04-15T16:01:37.843+0000] {logging_mixin.py:120} INFO - [2024-04-15T16:01:37.843+0000] {dagbag.py:537} INFO - Filling up the DagBag from /home/airflow/.local/lib/python3.7/site-packages/airflow/example_dags/example_nested_branch_dag.py
[2024-04-15T16:01:37.889+0000] {processor.py:766} INFO - DAG(s) dict_keys(['example_nested_branch_dag']) retrieved from /home/airflow/.local/lib/python3.7/site-packages/airflow/example_dags/example_nested_branch_dag.py
[2024-04-15T16:01:37.960+0000] {logging_mixin.py:120} INFO - [2024-04-15T16:01:37.959+0000] {dag.py:2585} INFO - Sync 1 DAGs
[2024-04-15T16:01:38.002+0000] {logging_mixin.py:120} INFO - [2024-04-15T16:01:38.002+0000] {dag.py:3340} INFO - Setting next_dagrun for example_nested_branch_dag to 2024-04-14T00:00:00+00:00, run_after=2024-04-15T00:00:00+00:00
[2024-04-15T16:01:38.035+0000] {processor.py:176} INFO - Processing /home/airflow/.local/lib/python3.7/site-packages/airflow/example_dags/example_nested_branch_dag.py took 0.201 seconds
[2024-04-15T16:02:08.263+0000] {processor.py:154} INFO - Started process (PID=22006) to work on /home/airflow/.local/lib/python3.7/site-packages/airflow/example_dags/example_nested_branch_dag.py
[2024-04-15T16:02:08.266+0000] {processor.py:756} INFO - Processing file /home/airflow/.local/lib/python3.7/site-packages/airflow/example_dags/example_nested_branch_dag.py for tasks to queue
[2024-04-15T16:02:08.270+0000] {logging_mixin.py:120} INFO - [2024-04-15T16:02:08.269+0000] {dagbag.py:537} INFO - Filling up the DagBag from /home/airflow/.local/lib/python3.7/site-packages/airflow/example_dags/example_nested_branch_dag.py
[2024-04-15T16:02:08.367+0000] {processor.py:766} INFO - DAG(s) dict_keys(['example_nested_branch_dag']) retrieved from /home/airflow/.local/lib/python3.7/site-packages/airflow/example_dags/example_nested_branch_dag.py
[2024-04-15T16:02:08.471+0000] {logging_mixin.py:120} INFO - [2024-04-15T16:02:08.470+0000] {dag.py:2585} INFO - Sync 1 DAGs
[2024-04-15T16:02:08.513+0000] {logging_mixin.py:120} INFO - [2024-04-15T16:02:08.513+0000] {dag.py:3340} INFO - Setting next_dagrun for example_nested_branch_dag to 2024-04-14T00:00:00+00:00, run_after=2024-04-15T00:00:00+00:00
[2024-04-15T16:02:08.549+0000] {processor.py:176} INFO - Processing /home/airflow/.local/lib/python3.7/site-packages/airflow/example_dags/example_nested_branch_dag.py took 0.296 seconds
[2024-04-15T16:02:38.683+0000] {processor.py:154} INFO - Started process (PID=22074) to work on /home/airflow/.local/lib/python3.7/site-packages/airflow/example_dags/example_nested_branch_dag.py
[2024-04-15T16:02:38.685+0000] {processor.py:756} INFO - Processing file /home/airflow/.local/lib/python3.7/site-packages/airflow/example_dags/example_nested_branch_dag.py for tasks to queue
[2024-04-15T16:02:38.689+0000] {logging_mixin.py:120} INFO - [2024-04-15T16:02:38.688+0000] {dagbag.py:537} INFO - Filling up the DagBag from /home/airflow/.local/lib/python3.7/site-packages/airflow/example_dags/example_nested_branch_dag.py
[2024-04-15T16:02:38.756+0000] {processor.py:766} INFO - DAG(s) dict_keys(['example_nested_branch_dag']) retrieved from /home/airflow/.local/lib/python3.7/site-packages/airflow/example_dags/example_nested_branch_dag.py
[2024-04-15T16:02:38.834+0000] {logging_mixin.py:120} INFO - [2024-04-15T16:02:38.834+0000] {dag.py:2585} INFO - Sync 1 DAGs
[2024-04-15T16:02:38.882+0000] {logging_mixin.py:120} INFO - [2024-04-15T16:02:38.882+0000] {dag.py:3340} INFO - Setting next_dagrun for example_nested_branch_dag to 2024-04-14T00:00:00+00:00, run_after=2024-04-15T00:00:00+00:00
[2024-04-15T16:02:38.917+0000] {processor.py:176} INFO - Processing /home/airflow/.local/lib/python3.7/site-packages/airflow/example_dags/example_nested_branch_dag.py took 0.243 seconds
[2024-04-15T16:03:08.967+0000] {processor.py:154} INFO - Started process (PID=22153) to work on /home/airflow/.local/lib/python3.7/site-packages/airflow/example_dags/example_nested_branch_dag.py
[2024-04-15T16:03:08.970+0000] {processor.py:756} INFO - Processing file /home/airflow/.local/lib/python3.7/site-packages/airflow/example_dags/example_nested_branch_dag.py for tasks to queue
[2024-04-15T16:03:08.971+0000] {logging_mixin.py:120} INFO - [2024-04-15T16:03:08.971+0000] {dagbag.py:537} INFO - Filling up the DagBag from /home/airflow/.local/lib/python3.7/site-packages/airflow/example_dags/example_nested_branch_dag.py
[2024-04-15T16:03:09.014+0000] {processor.py:766} INFO - DAG(s) dict_keys(['example_nested_branch_dag']) retrieved from /home/airflow/.local/lib/python3.7/site-packages/airflow/example_dags/example_nested_branch_dag.py
[2024-04-15T16:03:09.080+0000] {logging_mixin.py:120} INFO - [2024-04-15T16:03:09.080+0000] {dag.py:2585} INFO - Sync 1 DAGs
[2024-04-15T16:03:09.124+0000] {logging_mixin.py:120} INFO - [2024-04-15T16:03:09.124+0000] {dag.py:3340} INFO - Setting next_dagrun for example_nested_branch_dag to 2024-04-14T00:00:00+00:00, run_after=2024-04-15T00:00:00+00:00
[2024-04-15T16:03:09.159+0000] {processor.py:176} INFO - Processing /home/airflow/.local/lib/python3.7/site-packages/airflow/example_dags/example_nested_branch_dag.py took 0.197 seconds
[2024-04-15T16:03:39.890+0000] {processor.py:154} INFO - Started process (PID=22222) to work on /home/airflow/.local/lib/python3.7/site-packages/airflow/example_dags/example_nested_branch_dag.py
[2024-04-15T16:03:39.892+0000] {processor.py:756} INFO - Processing file /home/airflow/.local/lib/python3.7/site-packages/airflow/example_dags/example_nested_branch_dag.py for tasks to queue
[2024-04-15T16:03:39.893+0000] {logging_mixin.py:120} INFO - [2024-04-15T16:03:39.893+0000] {dagbag.py:537} INFO - Filling up the DagBag from /home/airflow/.local/lib/python3.7/site-packages/airflow/example_dags/example_nested_branch_dag.py
[2024-04-15T16:03:39.932+0000] {processor.py:766} INFO - DAG(s) dict_keys(['example_nested_branch_dag']) retrieved from /home/airflow/.local/lib/python3.7/site-packages/airflow/example_dags/example_nested_branch_dag.py
[2024-04-15T16:03:39.995+0000] {logging_mixin.py:120} INFO - [2024-04-15T16:03:39.995+0000] {dag.py:2585} INFO - Sync 1 DAGs
[2024-04-15T16:03:40.039+0000] {logging_mixin.py:120} INFO - [2024-04-15T16:03:40.039+0000] {dag.py:3340} INFO - Setting next_dagrun for example_nested_branch_dag to 2024-04-14T00:00:00+00:00, run_after=2024-04-15T00:00:00+00:00
[2024-04-15T16:03:40.069+0000] {processor.py:176} INFO - Processing /home/airflow/.local/lib/python3.7/site-packages/airflow/example_dags/example_nested_branch_dag.py took 0.184 seconds
[2024-04-15T16:04:10.481+0000] {processor.py:154} INFO - Started process (PID=22299) to work on /home/airflow/.local/lib/python3.7/site-packages/airflow/example_dags/example_nested_branch_dag.py
[2024-04-15T16:04:10.484+0000] {processor.py:756} INFO - Processing file /home/airflow/.local/lib/python3.7/site-packages/airflow/example_dags/example_nested_branch_dag.py for tasks to queue
[2024-04-15T16:04:10.487+0000] {logging_mixin.py:120} INFO - [2024-04-15T16:04:10.486+0000] {dagbag.py:537} INFO - Filling up the DagBag from /home/airflow/.local/lib/python3.7/site-packages/airflow/example_dags/example_nested_branch_dag.py
[2024-04-15T16:04:10.540+0000] {processor.py:766} INFO - DAG(s) dict_keys(['example_nested_branch_dag']) retrieved from /home/airflow/.local/lib/python3.7/site-packages/airflow/example_dags/example_nested_branch_dag.py
[2024-04-15T16:04:10.625+0000] {logging_mixin.py:120} INFO - [2024-04-15T16:04:10.625+0000] {dag.py:2585} INFO - Sync 1 DAGs
[2024-04-15T16:04:10.671+0000] {logging_mixin.py:120} INFO - [2024-04-15T16:04:10.671+0000] {dag.py:3340} INFO - Setting next_dagrun for example_nested_branch_dag to 2024-04-14T00:00:00+00:00, run_after=2024-04-15T00:00:00+00:00
[2024-04-15T16:04:10.704+0000] {processor.py:176} INFO - Processing /home/airflow/.local/lib/python3.7/site-packages/airflow/example_dags/example_nested_branch_dag.py took 0.231 seconds
[2024-04-15T16:04:41.127+0000] {processor.py:154} INFO - Started process (PID=22368) to work on /home/airflow/.local/lib/python3.7/site-packages/airflow/example_dags/example_nested_branch_dag.py
[2024-04-15T16:04:41.131+0000] {processor.py:756} INFO - Processing file /home/airflow/.local/lib/python3.7/site-packages/airflow/example_dags/example_nested_branch_dag.py for tasks to queue
[2024-04-15T16:04:41.133+0000] {logging_mixin.py:120} INFO - [2024-04-15T16:04:41.133+0000] {dagbag.py:537} INFO - Filling up the DagBag from /home/airflow/.local/lib/python3.7/site-packages/airflow/example_dags/example_nested_branch_dag.py
[2024-04-15T16:04:41.171+0000] {processor.py:766} INFO - DAG(s) dict_keys(['example_nested_branch_dag']) retrieved from /home/airflow/.local/lib/python3.7/site-packages/airflow/example_dags/example_nested_branch_dag.py
[2024-04-15T16:04:41.239+0000] {logging_mixin.py:120} INFO - [2024-04-15T16:04:41.238+0000] {dag.py:2585} INFO - Sync 1 DAGs
[2024-04-15T16:04:41.284+0000] {logging_mixin.py:120} INFO - [2024-04-15T16:04:41.283+0000] {dag.py:3340} INFO - Setting next_dagrun for example_nested_branch_dag to 2024-04-14T00:00:00+00:00, run_after=2024-04-15T00:00:00+00:00
[2024-04-15T16:04:41.314+0000] {processor.py:176} INFO - Processing /home/airflow/.local/lib/python3.7/site-packages/airflow/example_dags/example_nested_branch_dag.py took 0.196 seconds
[2024-04-15T16:05:12.180+0000] {processor.py:154} INFO - Started process (PID=22448) to work on /home/airflow/.local/lib/python3.7/site-packages/airflow/example_dags/example_nested_branch_dag.py
[2024-04-15T16:05:12.182+0000] {processor.py:756} INFO - Processing file /home/airflow/.local/lib/python3.7/site-packages/airflow/example_dags/example_nested_branch_dag.py for tasks to queue
[2024-04-15T16:05:12.184+0000] {logging_mixin.py:120} INFO - [2024-04-15T16:05:12.184+0000] {dagbag.py:537} INFO - Filling up the DagBag from /home/airflow/.local/lib/python3.7/site-packages/airflow/example_dags/example_nested_branch_dag.py
[2024-04-15T16:05:12.230+0000] {processor.py:766} INFO - DAG(s) dict_keys(['example_nested_branch_dag']) retrieved from /home/airflow/.local/lib/python3.7/site-packages/airflow/example_dags/example_nested_branch_dag.py
[2024-04-15T16:05:12.295+0000] {logging_mixin.py:120} INFO - [2024-04-15T16:05:12.295+0000] {dag.py:2585} INFO - Sync 1 DAGs
[2024-04-15T16:05:12.350+0000] {logging_mixin.py:120} INFO - [2024-04-15T16:05:12.349+0000] {dag.py:3340} INFO - Setting next_dagrun for example_nested_branch_dag to 2024-04-14T00:00:00+00:00, run_after=2024-04-15T00:00:00+00:00
[2024-04-15T16:05:12.404+0000] {processor.py:176} INFO - Processing /home/airflow/.local/lib/python3.7/site-packages/airflow/example_dags/example_nested_branch_dag.py took 0.231 seconds
[2024-04-15T16:05:42.600+0000] {processor.py:154} INFO - Started process (PID=22517) to work on /home/airflow/.local/lib/python3.7/site-packages/airflow/example_dags/example_nested_branch_dag.py
[2024-04-15T16:05:42.602+0000] {processor.py:756} INFO - Processing file /home/airflow/.local/lib/python3.7/site-packages/airflow/example_dags/example_nested_branch_dag.py for tasks to queue
[2024-04-15T16:05:42.604+0000] {logging_mixin.py:120} INFO - [2024-04-15T16:05:42.604+0000] {dagbag.py:537} INFO - Filling up the DagBag from /home/airflow/.local/lib/python3.7/site-packages/airflow/example_dags/example_nested_branch_dag.py
[2024-04-15T16:05:42.645+0000] {processor.py:766} INFO - DAG(s) dict_keys(['example_nested_branch_dag']) retrieved from /home/airflow/.local/lib/python3.7/site-packages/airflow/example_dags/example_nested_branch_dag.py
[2024-04-15T16:05:42.716+0000] {logging_mixin.py:120} INFO - [2024-04-15T16:05:42.715+0000] {dag.py:2585} INFO - Sync 1 DAGs
[2024-04-15T16:05:42.764+0000] {logging_mixin.py:120} INFO - [2024-04-15T16:05:42.763+0000] {dag.py:3340} INFO - Setting next_dagrun for example_nested_branch_dag to 2024-04-14T00:00:00+00:00, run_after=2024-04-15T00:00:00+00:00
[2024-04-15T16:05:42.801+0000] {processor.py:176} INFO - Processing /home/airflow/.local/lib/python3.7/site-packages/airflow/example_dags/example_nested_branch_dag.py took 0.208 seconds
[2024-04-15T16:06:13.422+0000] {processor.py:154} INFO - Started process (PID=22594) to work on /home/airflow/.local/lib/python3.7/site-packages/airflow/example_dags/example_nested_branch_dag.py
[2024-04-15T16:06:13.429+0000] {processor.py:756} INFO - Processing file /home/airflow/.local/lib/python3.7/site-packages/airflow/example_dags/example_nested_branch_dag.py for tasks to queue
[2024-04-15T16:06:13.434+0000] {logging_mixin.py:120} INFO - [2024-04-15T16:06:13.433+0000] {dagbag.py:537} INFO - Filling up the DagBag from /home/airflow/.local/lib/python3.7/site-packages/airflow/example_dags/example_nested_branch_dag.py
[2024-04-15T16:06:13.513+0000] {processor.py:766} INFO - DAG(s) dict_keys(['example_nested_branch_dag']) retrieved from /home/airflow/.local/lib/python3.7/site-packages/airflow/example_dags/example_nested_branch_dag.py
[2024-04-15T16:06:13.595+0000] {logging_mixin.py:120} INFO - [2024-04-15T16:06:13.595+0000] {dag.py:2585} INFO - Sync 1 DAGs
[2024-04-15T16:06:13.638+0000] {logging_mixin.py:120} INFO - [2024-04-15T16:06:13.638+0000] {dag.py:3340} INFO - Setting next_dagrun for example_nested_branch_dag to 2024-04-14T00:00:00+00:00, run_after=2024-04-15T00:00:00+00:00
[2024-04-15T16:06:13.674+0000] {processor.py:176} INFO - Processing /home/airflow/.local/lib/python3.7/site-packages/airflow/example_dags/example_nested_branch_dag.py took 0.262 seconds
[2024-04-15T16:06:43.828+0000] {processor.py:154} INFO - Started process (PID=22663) to work on /home/airflow/.local/lib/python3.7/site-packages/airflow/example_dags/example_nested_branch_dag.py
[2024-04-15T16:06:43.829+0000] {processor.py:756} INFO - Processing file /home/airflow/.local/lib/python3.7/site-packages/airflow/example_dags/example_nested_branch_dag.py for tasks to queue
[2024-04-15T16:06:43.831+0000] {logging_mixin.py:120} INFO - [2024-04-15T16:06:43.831+0000] {dagbag.py:537} INFO - Filling up the DagBag from /home/airflow/.local/lib/python3.7/site-packages/airflow/example_dags/example_nested_branch_dag.py
[2024-04-15T16:06:43.869+0000] {processor.py:766} INFO - DAG(s) dict_keys(['example_nested_branch_dag']) retrieved from /home/airflow/.local/lib/python3.7/site-packages/airflow/example_dags/example_nested_branch_dag.py
[2024-04-15T16:06:43.940+0000] {logging_mixin.py:120} INFO - [2024-04-15T16:06:43.939+0000] {dag.py:2585} INFO - Sync 1 DAGs
[2024-04-15T16:06:43.982+0000] {logging_mixin.py:120} INFO - [2024-04-15T16:06:43.982+0000] {dag.py:3340} INFO - Setting next_dagrun for example_nested_branch_dag to 2024-04-14T00:00:00+00:00, run_after=2024-04-15T00:00:00+00:00
[2024-04-15T16:06:44.015+0000] {processor.py:176} INFO - Processing /home/airflow/.local/lib/python3.7/site-packages/airflow/example_dags/example_nested_branch_dag.py took 0.193 seconds
[2024-04-15T16:07:14.093+0000] {processor.py:154} INFO - Started process (PID=22740) to work on /home/airflow/.local/lib/python3.7/site-packages/airflow/example_dags/example_nested_branch_dag.py
[2024-04-15T16:07:14.098+0000] {processor.py:756} INFO - Processing file /home/airflow/.local/lib/python3.7/site-packages/airflow/example_dags/example_nested_branch_dag.py for tasks to queue
[2024-04-15T16:07:14.106+0000] {logging_mixin.py:120} INFO - [2024-04-15T16:07:14.105+0000] {dagbag.py:537} INFO - Filling up the DagBag from /home/airflow/.local/lib/python3.7/site-packages/airflow/example_dags/example_nested_branch_dag.py
[2024-04-15T16:07:14.171+0000] {processor.py:766} INFO - DAG(s) dict_keys(['example_nested_branch_dag']) retrieved from /home/airflow/.local/lib/python3.7/site-packages/airflow/example_dags/example_nested_branch_dag.py
[2024-04-15T16:07:14.280+0000] {logging_mixin.py:120} INFO - [2024-04-15T16:07:14.280+0000] {dag.py:2585} INFO - Sync 1 DAGs
[2024-04-15T16:07:14.338+0000] {logging_mixin.py:120} INFO - [2024-04-15T16:07:14.338+0000] {dag.py:3340} INFO - Setting next_dagrun for example_nested_branch_dag to 2024-04-14T00:00:00+00:00, run_after=2024-04-15T00:00:00+00:00
[2024-04-15T16:07:14.372+0000] {processor.py:176} INFO - Processing /home/airflow/.local/lib/python3.7/site-packages/airflow/example_dags/example_nested_branch_dag.py took 0.300 seconds
[2024-04-15T16:07:44.587+0000] {processor.py:154} INFO - Started process (PID=22816) to work on /home/airflow/.local/lib/python3.7/site-packages/airflow/example_dags/example_nested_branch_dag.py
[2024-04-15T16:07:44.590+0000] {processor.py:756} INFO - Processing file /home/airflow/.local/lib/python3.7/site-packages/airflow/example_dags/example_nested_branch_dag.py for tasks to queue
[2024-04-15T16:07:44.593+0000] {logging_mixin.py:120} INFO - [2024-04-15T16:07:44.593+0000] {dagbag.py:537} INFO - Filling up the DagBag from /home/airflow/.local/lib/python3.7/site-packages/airflow/example_dags/example_nested_branch_dag.py
[2024-04-15T16:07:44.671+0000] {processor.py:766} INFO - DAG(s) dict_keys(['example_nested_branch_dag']) retrieved from /home/airflow/.local/lib/python3.7/site-packages/airflow/example_dags/example_nested_branch_dag.py
[2024-04-15T16:07:44.769+0000] {logging_mixin.py:120} INFO - [2024-04-15T16:07:44.769+0000] {dag.py:2585} INFO - Sync 1 DAGs
[2024-04-15T16:07:44.833+0000] {logging_mixin.py:120} INFO - [2024-04-15T16:07:44.833+0000] {dag.py:3340} INFO - Setting next_dagrun for example_nested_branch_dag to 2024-04-14T00:00:00+00:00, run_after=2024-04-15T00:00:00+00:00
[2024-04-15T16:07:44.872+0000] {processor.py:176} INFO - Processing /home/airflow/.local/lib/python3.7/site-packages/airflow/example_dags/example_nested_branch_dag.py took 0.293 seconds
[2024-04-15T16:08:15.120+0000] {processor.py:154} INFO - Started process (PID=22885) to work on /home/airflow/.local/lib/python3.7/site-packages/airflow/example_dags/example_nested_branch_dag.py
[2024-04-15T16:08:15.123+0000] {processor.py:756} INFO - Processing file /home/airflow/.local/lib/python3.7/site-packages/airflow/example_dags/example_nested_branch_dag.py for tasks to queue
[2024-04-15T16:08:15.126+0000] {logging_mixin.py:120} INFO - [2024-04-15T16:08:15.126+0000] {dagbag.py:537} INFO - Filling up the DagBag from /home/airflow/.local/lib/python3.7/site-packages/airflow/example_dags/example_nested_branch_dag.py
[2024-04-15T16:08:15.190+0000] {processor.py:766} INFO - DAG(s) dict_keys(['example_nested_branch_dag']) retrieved from /home/airflow/.local/lib/python3.7/site-packages/airflow/example_dags/example_nested_branch_dag.py
[2024-04-15T16:08:15.238+0000] {logging_mixin.py:120} INFO - [2024-04-15T16:08:15.238+0000] {dag.py:2585} INFO - Sync 1 DAGs
[2024-04-15T16:08:15.283+0000] {logging_mixin.py:120} INFO - [2024-04-15T16:08:15.283+0000] {dag.py:3340} INFO - Setting next_dagrun for example_nested_branch_dag to 2024-04-14T00:00:00+00:00, run_after=2024-04-15T00:00:00+00:00
[2024-04-15T16:08:15.317+0000] {processor.py:176} INFO - Processing /home/airflow/.local/lib/python3.7/site-packages/airflow/example_dags/example_nested_branch_dag.py took 0.228 seconds
[2024-04-15T16:08:45.744+0000] {processor.py:154} INFO - Started process (PID=22963) to work on /home/airflow/.local/lib/python3.7/site-packages/airflow/example_dags/example_nested_branch_dag.py
[2024-04-15T16:08:45.747+0000] {processor.py:756} INFO - Processing file /home/airflow/.local/lib/python3.7/site-packages/airflow/example_dags/example_nested_branch_dag.py for tasks to queue
[2024-04-15T16:08:45.749+0000] {logging_mixin.py:120} INFO - [2024-04-15T16:08:45.748+0000] {dagbag.py:537} INFO - Filling up the DagBag from /home/airflow/.local/lib/python3.7/site-packages/airflow/example_dags/example_nested_branch_dag.py
[2024-04-15T16:08:45.788+0000] {processor.py:766} INFO - DAG(s) dict_keys(['example_nested_branch_dag']) retrieved from /home/airflow/.local/lib/python3.7/site-packages/airflow/example_dags/example_nested_branch_dag.py
[2024-04-15T16:08:45.865+0000] {logging_mixin.py:120} INFO - [2024-04-15T16:08:45.864+0000] {dag.py:2585} INFO - Sync 1 DAGs
[2024-04-15T16:08:45.919+0000] {logging_mixin.py:120} INFO - [2024-04-15T16:08:45.919+0000] {dag.py:3340} INFO - Setting next_dagrun for example_nested_branch_dag to 2024-04-14T00:00:00+00:00, run_after=2024-04-15T00:00:00+00:00
[2024-04-15T16:08:45.964+0000] {processor.py:176} INFO - Processing /home/airflow/.local/lib/python3.7/site-packages/airflow/example_dags/example_nested_branch_dag.py took 0.225 seconds
[2024-04-15T16:09:16.886+0000] {processor.py:154} INFO - Started process (PID=23031) to work on /home/airflow/.local/lib/python3.7/site-packages/airflow/example_dags/example_nested_branch_dag.py
[2024-04-15T16:09:16.888+0000] {processor.py:756} INFO - Processing file /home/airflow/.local/lib/python3.7/site-packages/airflow/example_dags/example_nested_branch_dag.py for tasks to queue
[2024-04-15T16:09:16.891+0000] {logging_mixin.py:120} INFO - [2024-04-15T16:09:16.890+0000] {dagbag.py:537} INFO - Filling up the DagBag from /home/airflow/.local/lib/python3.7/site-packages/airflow/example_dags/example_nested_branch_dag.py
[2024-04-15T16:09:16.945+0000] {processor.py:766} INFO - DAG(s) dict_keys(['example_nested_branch_dag']) retrieved from /home/airflow/.local/lib/python3.7/site-packages/airflow/example_dags/example_nested_branch_dag.py
[2024-04-15T16:09:17.038+0000] {logging_mixin.py:120} INFO - [2024-04-15T16:09:17.038+0000] {dag.py:2585} INFO - Sync 1 DAGs
[2024-04-15T16:09:17.090+0000] {logging_mixin.py:120} INFO - [2024-04-15T16:09:17.090+0000] {dag.py:3340} INFO - Setting next_dagrun for example_nested_branch_dag to 2024-04-14T00:00:00+00:00, run_after=2024-04-15T00:00:00+00:00
[2024-04-15T16:09:17.136+0000] {processor.py:176} INFO - Processing /home/airflow/.local/lib/python3.7/site-packages/airflow/example_dags/example_nested_branch_dag.py took 0.257 seconds
[2024-04-15T16:09:47.558+0000] {processor.py:154} INFO - Started process (PID=23108) to work on /home/airflow/.local/lib/python3.7/site-packages/airflow/example_dags/example_nested_branch_dag.py
[2024-04-15T16:09:47.560+0000] {processor.py:756} INFO - Processing file /home/airflow/.local/lib/python3.7/site-packages/airflow/example_dags/example_nested_branch_dag.py for tasks to queue
[2024-04-15T16:09:47.562+0000] {logging_mixin.py:120} INFO - [2024-04-15T16:09:47.562+0000] {dagbag.py:537} INFO - Filling up the DagBag from /home/airflow/.local/lib/python3.7/site-packages/airflow/example_dags/example_nested_branch_dag.py
[2024-04-15T16:09:47.610+0000] {processor.py:766} INFO - DAG(s) dict_keys(['example_nested_branch_dag']) retrieved from /home/airflow/.local/lib/python3.7/site-packages/airflow/example_dags/example_nested_branch_dag.py
[2024-04-15T16:09:47.718+0000] {logging_mixin.py:120} INFO - [2024-04-15T16:09:47.718+0000] {dag.py:2585} INFO - Sync 1 DAGs
[2024-04-15T16:09:47.773+0000] {logging_mixin.py:120} INFO - [2024-04-15T16:09:47.773+0000] {dag.py:3340} INFO - Setting next_dagrun for example_nested_branch_dag to 2024-04-14T00:00:00+00:00, run_after=2024-04-15T00:00:00+00:00
[2024-04-15T16:09:47.815+0000] {processor.py:176} INFO - Processing /home/airflow/.local/lib/python3.7/site-packages/airflow/example_dags/example_nested_branch_dag.py took 0.263 seconds
[2024-04-15T16:10:17.924+0000] {processor.py:154} INFO - Started process (PID=23177) to work on /home/airflow/.local/lib/python3.7/site-packages/airflow/example_dags/example_nested_branch_dag.py
[2024-04-15T16:10:17.925+0000] {processor.py:756} INFO - Processing file /home/airflow/.local/lib/python3.7/site-packages/airflow/example_dags/example_nested_branch_dag.py for tasks to queue
[2024-04-15T16:10:17.927+0000] {logging_mixin.py:120} INFO - [2024-04-15T16:10:17.927+0000] {dagbag.py:537} INFO - Filling up the DagBag from /home/airflow/.local/lib/python3.7/site-packages/airflow/example_dags/example_nested_branch_dag.py
[2024-04-15T16:10:17.972+0000] {processor.py:766} INFO - DAG(s) dict_keys(['example_nested_branch_dag']) retrieved from /home/airflow/.local/lib/python3.7/site-packages/airflow/example_dags/example_nested_branch_dag.py
[2024-04-15T16:10:18.055+0000] {logging_mixin.py:120} INFO - [2024-04-15T16:10:18.055+0000] {dag.py:2585} INFO - Sync 1 DAGs
[2024-04-15T16:10:18.111+0000] {logging_mixin.py:120} INFO - [2024-04-15T16:10:18.111+0000] {dag.py:3340} INFO - Setting next_dagrun for example_nested_branch_dag to 2024-04-14T00:00:00+00:00, run_after=2024-04-15T00:00:00+00:00
[2024-04-15T16:10:18.151+0000] {processor.py:176} INFO - Processing /home/airflow/.local/lib/python3.7/site-packages/airflow/example_dags/example_nested_branch_dag.py took 0.234 seconds
[2024-04-15T16:10:48.357+0000] {processor.py:154} INFO - Started process (PID=23256) to work on /home/airflow/.local/lib/python3.7/site-packages/airflow/example_dags/example_nested_branch_dag.py
[2024-04-15T16:10:48.360+0000] {processor.py:756} INFO - Processing file /home/airflow/.local/lib/python3.7/site-packages/airflow/example_dags/example_nested_branch_dag.py for tasks to queue
[2024-04-15T16:10:48.363+0000] {logging_mixin.py:120} INFO - [2024-04-15T16:10:48.362+0000] {dagbag.py:537} INFO - Filling up the DagBag from /home/airflow/.local/lib/python3.7/site-packages/airflow/example_dags/example_nested_branch_dag.py
[2024-04-15T16:10:48.403+0000] {processor.py:766} INFO - DAG(s) dict_keys(['example_nested_branch_dag']) retrieved from /home/airflow/.local/lib/python3.7/site-packages/airflow/example_dags/example_nested_branch_dag.py
[2024-04-15T16:10:48.471+0000] {logging_mixin.py:120} INFO - [2024-04-15T16:10:48.471+0000] {dag.py:2585} INFO - Sync 1 DAGs
[2024-04-15T16:10:48.509+0000] {logging_mixin.py:120} INFO - [2024-04-15T16:10:48.509+0000] {dag.py:3340} INFO - Setting next_dagrun for example_nested_branch_dag to 2024-04-14T00:00:00+00:00, run_after=2024-04-15T00:00:00+00:00
[2024-04-15T16:10:48.540+0000] {processor.py:176} INFO - Processing /home/airflow/.local/lib/python3.7/site-packages/airflow/example_dags/example_nested_branch_dag.py took 0.188 seconds
[2024-04-15T16:11:19.020+0000] {processor.py:154} INFO - Started process (PID=23334) to work on /home/airflow/.local/lib/python3.7/site-packages/airflow/example_dags/example_nested_branch_dag.py
[2024-04-15T16:11:19.022+0000] {processor.py:756} INFO - Processing file /home/airflow/.local/lib/python3.7/site-packages/airflow/example_dags/example_nested_branch_dag.py for tasks to queue
[2024-04-15T16:11:19.025+0000] {logging_mixin.py:120} INFO - [2024-04-15T16:11:19.024+0000] {dagbag.py:537} INFO - Filling up the DagBag from /home/airflow/.local/lib/python3.7/site-packages/airflow/example_dags/example_nested_branch_dag.py
[2024-04-15T16:11:19.111+0000] {processor.py:766} INFO - DAG(s) dict_keys(['example_nested_branch_dag']) retrieved from /home/airflow/.local/lib/python3.7/site-packages/airflow/example_dags/example_nested_branch_dag.py
[2024-04-15T16:11:19.204+0000] {logging_mixin.py:120} INFO - [2024-04-15T16:11:19.204+0000] {dag.py:2585} INFO - Sync 1 DAGs
[2024-04-15T16:11:19.248+0000] {logging_mixin.py:120} INFO - [2024-04-15T16:11:19.248+0000] {dag.py:3340} INFO - Setting next_dagrun for example_nested_branch_dag to 2024-04-14T00:00:00+00:00, run_after=2024-04-15T00:00:00+00:00
[2024-04-15T16:11:19.280+0000] {processor.py:176} INFO - Processing /home/airflow/.local/lib/python3.7/site-packages/airflow/example_dags/example_nested_branch_dag.py took 0.265 seconds
[2024-04-15T16:11:49.472+0000] {processor.py:154} INFO - Started process (PID=23403) to work on /home/airflow/.local/lib/python3.7/site-packages/airflow/example_dags/example_nested_branch_dag.py
[2024-04-15T16:11:49.474+0000] {processor.py:756} INFO - Processing file /home/airflow/.local/lib/python3.7/site-packages/airflow/example_dags/example_nested_branch_dag.py for tasks to queue
[2024-04-15T16:11:49.476+0000] {logging_mixin.py:120} INFO - [2024-04-15T16:11:49.476+0000] {dagbag.py:537} INFO - Filling up the DagBag from /home/airflow/.local/lib/python3.7/site-packages/airflow/example_dags/example_nested_branch_dag.py
[2024-04-15T16:11:49.517+0000] {processor.py:766} INFO - DAG(s) dict_keys(['example_nested_branch_dag']) retrieved from /home/airflow/.local/lib/python3.7/site-packages/airflow/example_dags/example_nested_branch_dag.py
[2024-04-15T16:11:49.582+0000] {logging_mixin.py:120} INFO - [2024-04-15T16:11:49.582+0000] {dag.py:2585} INFO - Sync 1 DAGs
[2024-04-15T16:11:49.628+0000] {logging_mixin.py:120} INFO - [2024-04-15T16:11:49.628+0000] {dag.py:3340} INFO - Setting next_dagrun for example_nested_branch_dag to 2024-04-14T00:00:00+00:00, run_after=2024-04-15T00:00:00+00:00
[2024-04-15T16:11:49.661+0000] {processor.py:176} INFO - Processing /home/airflow/.local/lib/python3.7/site-packages/airflow/example_dags/example_nested_branch_dag.py took 0.196 seconds
[2024-04-15T16:12:19.853+0000] {processor.py:154} INFO - Started process (PID=23481) to work on /home/airflow/.local/lib/python3.7/site-packages/airflow/example_dags/example_nested_branch_dag.py
[2024-04-15T16:12:19.856+0000] {processor.py:756} INFO - Processing file /home/airflow/.local/lib/python3.7/site-packages/airflow/example_dags/example_nested_branch_dag.py for tasks to queue
[2024-04-15T16:12:19.858+0000] {logging_mixin.py:120} INFO - [2024-04-15T16:12:19.858+0000] {dagbag.py:537} INFO - Filling up the DagBag from /home/airflow/.local/lib/python3.7/site-packages/airflow/example_dags/example_nested_branch_dag.py
[2024-04-15T16:12:19.907+0000] {processor.py:766} INFO - DAG(s) dict_keys(['example_nested_branch_dag']) retrieved from /home/airflow/.local/lib/python3.7/site-packages/airflow/example_dags/example_nested_branch_dag.py
[2024-04-15T16:12:20.025+0000] {logging_mixin.py:120} INFO - [2024-04-15T16:12:20.024+0000] {dag.py:2585} INFO - Sync 1 DAGs
[2024-04-15T16:12:20.069+0000] {logging_mixin.py:120} INFO - [2024-04-15T16:12:20.069+0000] {dag.py:3340} INFO - Setting next_dagrun for example_nested_branch_dag to 2024-04-14T00:00:00+00:00, run_after=2024-04-15T00:00:00+00:00
[2024-04-15T16:12:20.105+0000] {processor.py:176} INFO - Processing /home/airflow/.local/lib/python3.7/site-packages/airflow/example_dags/example_nested_branch_dag.py took 0.257 seconds
[2024-04-15T16:12:50.199+0000] {processor.py:154} INFO - Started process (PID=23551) to work on /home/airflow/.local/lib/python3.7/site-packages/airflow/example_dags/example_nested_branch_dag.py
[2024-04-15T16:12:50.202+0000] {processor.py:756} INFO - Processing file /home/airflow/.local/lib/python3.7/site-packages/airflow/example_dags/example_nested_branch_dag.py for tasks to queue
[2024-04-15T16:12:50.204+0000] {logging_mixin.py:120} INFO - [2024-04-15T16:12:50.204+0000] {dagbag.py:537} INFO - Filling up the DagBag from /home/airflow/.local/lib/python3.7/site-packages/airflow/example_dags/example_nested_branch_dag.py
[2024-04-15T16:12:50.257+0000] {processor.py:766} INFO - DAG(s) dict_keys(['example_nested_branch_dag']) retrieved from /home/airflow/.local/lib/python3.7/site-packages/airflow/example_dags/example_nested_branch_dag.py
[2024-04-15T16:12:50.331+0000] {logging_mixin.py:120} INFO - [2024-04-15T16:12:50.331+0000] {dag.py:2585} INFO - Sync 1 DAGs
[2024-04-15T16:12:50.384+0000] {logging_mixin.py:120} INFO - [2024-04-15T16:12:50.384+0000] {dag.py:3340} INFO - Setting next_dagrun for example_nested_branch_dag to 2024-04-14T00:00:00+00:00, run_after=2024-04-15T00:00:00+00:00
[2024-04-15T16:12:50.409+0000] {processor.py:176} INFO - Processing /home/airflow/.local/lib/python3.7/site-packages/airflow/example_dags/example_nested_branch_dag.py took 0.224 seconds
[2024-04-15T16:13:21.186+0000] {processor.py:154} INFO - Started process (PID=23629) to work on /home/airflow/.local/lib/python3.7/site-packages/airflow/example_dags/example_nested_branch_dag.py
[2024-04-15T16:13:21.188+0000] {processor.py:756} INFO - Processing file /home/airflow/.local/lib/python3.7/site-packages/airflow/example_dags/example_nested_branch_dag.py for tasks to queue
[2024-04-15T16:13:21.190+0000] {logging_mixin.py:120} INFO - [2024-04-15T16:13:21.190+0000] {dagbag.py:537} INFO - Filling up the DagBag from /home/airflow/.local/lib/python3.7/site-packages/airflow/example_dags/example_nested_branch_dag.py
[2024-04-15T16:13:21.243+0000] {processor.py:766} INFO - DAG(s) dict_keys(['example_nested_branch_dag']) retrieved from /home/airflow/.local/lib/python3.7/site-packages/airflow/example_dags/example_nested_branch_dag.py
[2024-04-15T16:13:21.318+0000] {logging_mixin.py:120} INFO - [2024-04-15T16:13:21.318+0000] {dag.py:2585} INFO - Sync 1 DAGs
[2024-04-15T16:13:21.369+0000] {logging_mixin.py:120} INFO - [2024-04-15T16:13:21.368+0000] {dag.py:3340} INFO - Setting next_dagrun for example_nested_branch_dag to 2024-04-14T00:00:00+00:00, run_after=2024-04-15T00:00:00+00:00
[2024-04-15T16:13:21.401+0000] {processor.py:176} INFO - Processing /home/airflow/.local/lib/python3.7/site-packages/airflow/example_dags/example_nested_branch_dag.py took 0.224 seconds
[2024-04-15T16:20:30.030+0000] {processor.py:154} INFO - Started process (PID=23731) to work on /home/airflow/.local/lib/python3.7/site-packages/airflow/example_dags/example_nested_branch_dag.py
[2024-04-15T16:20:30.037+0000] {processor.py:756} INFO - Processing file /home/airflow/.local/lib/python3.7/site-packages/airflow/example_dags/example_nested_branch_dag.py for tasks to queue
[2024-04-15T16:20:30.041+0000] {logging_mixin.py:120} INFO - [2024-04-15T16:20:30.040+0000] {dagbag.py:537} INFO - Filling up the DagBag from /home/airflow/.local/lib/python3.7/site-packages/airflow/example_dags/example_nested_branch_dag.py
[2024-04-15T16:20:30.137+0000] {processor.py:766} INFO - DAG(s) dict_keys(['example_nested_branch_dag']) retrieved from /home/airflow/.local/lib/python3.7/site-packages/airflow/example_dags/example_nested_branch_dag.py
[2024-04-15T16:20:30.241+0000] {logging_mixin.py:120} INFO - [2024-04-15T16:20:30.241+0000] {dag.py:2585} INFO - Sync 1 DAGs
[2024-04-15T16:20:30.315+0000] {logging_mixin.py:120} INFO - [2024-04-15T16:20:30.315+0000] {dag.py:3340} INFO - Setting next_dagrun for example_nested_branch_dag to 2024-04-14T00:00:00+00:00, run_after=2024-04-15T00:00:00+00:00
[2024-04-15T16:20:30.369+0000] {processor.py:176} INFO - Processing /home/airflow/.local/lib/python3.7/site-packages/airflow/example_dags/example_nested_branch_dag.py took 0.351 seconds
