[2024-04-15T15:40:01.016+0000] {processor.py:154} INFO - Started process (PID=18823) to work on /home/airflow/.local/lib/python3.7/site-packages/airflow/example_dags/example_latest_only.py
[2024-04-15T15:40:01.039+0000] {processor.py:756} INFO - Processing file /home/airflow/.local/lib/python3.7/site-packages/airflow/example_dags/example_latest_only.py for tasks to queue
[2024-04-15T15:40:01.042+0000] {logging_mixin.py:120} INFO - [2024-04-15T15:40:01.041+0000] {dagbag.py:537} INFO - Filling up the DagBag from /home/airflow/.local/lib/python3.7/site-packages/airflow/example_dags/example_latest_only.py
[2024-04-15T15:40:01.376+0000] {processor.py:766} INFO - DAG(s) dict_keys(['latest_only']) retrieved from /home/airflow/.local/lib/python3.7/site-packages/airflow/example_dags/example_latest_only.py
[2024-04-15T15:40:01.961+0000] {logging_mixin.py:120} INFO - [2024-04-15T15:40:01.961+0000] {dag.py:2585} INFO - Sync 1 DAGs
[2024-04-15T15:40:02.426+0000] {logging_mixin.py:120} INFO - [2024-04-15T15:40:02.425+0000] {dag.py:3340} INFO - Setting next_dagrun for latest_only to 2024-04-15T11:40:02.424406+00:00, run_after=2024-04-15T15:40:02.424406+00:00
[2024-04-15T15:40:02.716+0000] {processor.py:176} INFO - Processing /home/airflow/.local/lib/python3.7/site-packages/airflow/example_dags/example_latest_only.py took 1.812 seconds
[2024-04-15T15:40:38.024+0000] {processor.py:154} INFO - Started process (PID=18894) to work on /home/airflow/.local/lib/python3.7/site-packages/airflow/example_dags/example_latest_only.py
[2024-04-15T15:40:38.028+0000] {processor.py:756} INFO - Processing file /home/airflow/.local/lib/python3.7/site-packages/airflow/example_dags/example_latest_only.py for tasks to queue
[2024-04-15T15:40:38.035+0000] {logging_mixin.py:120} INFO - [2024-04-15T15:40:38.033+0000] {dagbag.py:537} INFO - Filling up the DagBag from /home/airflow/.local/lib/python3.7/site-packages/airflow/example_dags/example_latest_only.py
[2024-04-15T15:40:38.097+0000] {processor.py:766} INFO - DAG(s) dict_keys(['latest_only']) retrieved from /home/airflow/.local/lib/python3.7/site-packages/airflow/example_dags/example_latest_only.py
[2024-04-15T15:40:38.218+0000] {logging_mixin.py:120} INFO - [2024-04-15T15:40:38.218+0000] {dag.py:2585} INFO - Sync 1 DAGs
[2024-04-15T15:40:38.270+0000] {logging_mixin.py:120} INFO - [2024-04-15T15:40:38.270+0000] {dag.py:3340} INFO - Setting next_dagrun for latest_only to 2024-04-15T11:40:38.270321+00:00, run_after=2024-04-15T15:40:38.270321+00:00
[2024-04-15T15:40:38.299+0000] {processor.py:176} INFO - Processing /home/airflow/.local/lib/python3.7/site-packages/airflow/example_dags/example_latest_only.py took 0.284 seconds
[2024-04-15T15:41:09.607+0000] {processor.py:154} INFO - Started process (PID=18962) to work on /home/airflow/.local/lib/python3.7/site-packages/airflow/example_dags/example_latest_only.py
[2024-04-15T15:41:09.614+0000] {processor.py:756} INFO - Processing file /home/airflow/.local/lib/python3.7/site-packages/airflow/example_dags/example_latest_only.py for tasks to queue
[2024-04-15T15:41:09.617+0000] {logging_mixin.py:120} INFO - [2024-04-15T15:41:09.617+0000] {dagbag.py:537} INFO - Filling up the DagBag from /home/airflow/.local/lib/python3.7/site-packages/airflow/example_dags/example_latest_only.py
[2024-04-15T15:41:09.647+0000] {processor.py:766} INFO - DAG(s) dict_keys(['latest_only']) retrieved from /home/airflow/.local/lib/python3.7/site-packages/airflow/example_dags/example_latest_only.py
[2024-04-15T15:41:09.740+0000] {logging_mixin.py:120} INFO - [2024-04-15T15:41:09.740+0000] {dag.py:2585} INFO - Sync 1 DAGs
[2024-04-15T15:41:09.806+0000] {logging_mixin.py:120} INFO - [2024-04-15T15:41:09.806+0000] {dag.py:3340} INFO - Setting next_dagrun for latest_only to 2024-04-15T11:41:09.805904+00:00, run_after=2024-04-15T15:41:09.805904+00:00
[2024-04-15T15:41:09.844+0000] {processor.py:176} INFO - Processing /home/airflow/.local/lib/python3.7/site-packages/airflow/example_dags/example_latest_only.py took 0.253 seconds
[2024-04-15T15:41:40.586+0000] {processor.py:154} INFO - Started process (PID=19040) to work on /home/airflow/.local/lib/python3.7/site-packages/airflow/example_dags/example_latest_only.py
[2024-04-15T15:41:40.594+0000] {processor.py:756} INFO - Processing file /home/airflow/.local/lib/python3.7/site-packages/airflow/example_dags/example_latest_only.py for tasks to queue
[2024-04-15T15:41:40.597+0000] {logging_mixin.py:120} INFO - [2024-04-15T15:41:40.597+0000] {dagbag.py:537} INFO - Filling up the DagBag from /home/airflow/.local/lib/python3.7/site-packages/airflow/example_dags/example_latest_only.py
[2024-04-15T15:41:40.627+0000] {processor.py:766} INFO - DAG(s) dict_keys(['latest_only']) retrieved from /home/airflow/.local/lib/python3.7/site-packages/airflow/example_dags/example_latest_only.py
[2024-04-15T15:41:40.703+0000] {logging_mixin.py:120} INFO - [2024-04-15T15:41:40.703+0000] {dag.py:2585} INFO - Sync 1 DAGs
[2024-04-15T15:41:40.752+0000] {logging_mixin.py:120} INFO - [2024-04-15T15:41:40.752+0000] {dag.py:3340} INFO - Setting next_dagrun for latest_only to 2024-04-15T11:41:40.751704+00:00, run_after=2024-04-15T15:41:40.751704+00:00
[2024-04-15T15:41:40.788+0000] {processor.py:176} INFO - Processing /home/airflow/.local/lib/python3.7/site-packages/airflow/example_dags/example_latest_only.py took 0.212 seconds
[2024-04-15T15:42:10.862+0000] {processor.py:154} INFO - Started process (PID=19107) to work on /home/airflow/.local/lib/python3.7/site-packages/airflow/example_dags/example_latest_only.py
[2024-04-15T15:42:10.865+0000] {processor.py:756} INFO - Processing file /home/airflow/.local/lib/python3.7/site-packages/airflow/example_dags/example_latest_only.py for tasks to queue
[2024-04-15T15:42:10.867+0000] {logging_mixin.py:120} INFO - [2024-04-15T15:42:10.867+0000] {dagbag.py:537} INFO - Filling up the DagBag from /home/airflow/.local/lib/python3.7/site-packages/airflow/example_dags/example_latest_only.py
[2024-04-15T15:42:10.895+0000] {processor.py:766} INFO - DAG(s) dict_keys(['latest_only']) retrieved from /home/airflow/.local/lib/python3.7/site-packages/airflow/example_dags/example_latest_only.py
[2024-04-15T15:42:10.965+0000] {logging_mixin.py:120} INFO - [2024-04-15T15:42:10.965+0000] {dag.py:2585} INFO - Sync 1 DAGs
[2024-04-15T15:42:11.007+0000] {logging_mixin.py:120} INFO - [2024-04-15T15:42:11.007+0000] {dag.py:3340} INFO - Setting next_dagrun for latest_only to 2024-04-15T11:42:11.006864+00:00, run_after=2024-04-15T15:42:11.006864+00:00
[2024-04-15T15:42:11.047+0000] {processor.py:176} INFO - Processing /home/airflow/.local/lib/python3.7/site-packages/airflow/example_dags/example_latest_only.py took 0.195 seconds
[2024-04-15T15:42:42.074+0000] {processor.py:154} INFO - Started process (PID=19186) to work on /home/airflow/.local/lib/python3.7/site-packages/airflow/example_dags/example_latest_only.py
[2024-04-15T15:42:42.076+0000] {processor.py:756} INFO - Processing file /home/airflow/.local/lib/python3.7/site-packages/airflow/example_dags/example_latest_only.py for tasks to queue
[2024-04-15T15:42:42.079+0000] {logging_mixin.py:120} INFO - [2024-04-15T15:42:42.079+0000] {dagbag.py:537} INFO - Filling up the DagBag from /home/airflow/.local/lib/python3.7/site-packages/airflow/example_dags/example_latest_only.py
[2024-04-15T15:42:42.107+0000] {processor.py:766} INFO - DAG(s) dict_keys(['latest_only']) retrieved from /home/airflow/.local/lib/python3.7/site-packages/airflow/example_dags/example_latest_only.py
[2024-04-15T15:42:42.191+0000] {logging_mixin.py:120} INFO - [2024-04-15T15:42:42.191+0000] {dag.py:2585} INFO - Sync 1 DAGs
[2024-04-15T15:42:42.260+0000] {logging_mixin.py:120} INFO - [2024-04-15T15:42:42.260+0000] {dag.py:3340} INFO - Setting next_dagrun for latest_only to 2024-04-15T11:42:42.260116+00:00, run_after=2024-04-15T15:42:42.260116+00:00
[2024-04-15T15:42:42.312+0000] {processor.py:176} INFO - Processing /home/airflow/.local/lib/python3.7/site-packages/airflow/example_dags/example_latest_only.py took 0.248 seconds
[2024-04-15T15:43:13.004+0000] {processor.py:154} INFO - Started process (PID=19255) to work on /home/airflow/.local/lib/python3.7/site-packages/airflow/example_dags/example_latest_only.py
[2024-04-15T15:43:13.030+0000] {processor.py:756} INFO - Processing file /home/airflow/.local/lib/python3.7/site-packages/airflow/example_dags/example_latest_only.py for tasks to queue
[2024-04-15T15:43:13.033+0000] {logging_mixin.py:120} INFO - [2024-04-15T15:43:13.032+0000] {dagbag.py:537} INFO - Filling up the DagBag from /home/airflow/.local/lib/python3.7/site-packages/airflow/example_dags/example_latest_only.py
[2024-04-15T15:43:13.080+0000] {processor.py:766} INFO - DAG(s) dict_keys(['latest_only']) retrieved from /home/airflow/.local/lib/python3.7/site-packages/airflow/example_dags/example_latest_only.py
[2024-04-15T15:43:13.280+0000] {logging_mixin.py:120} INFO - [2024-04-15T15:43:13.280+0000] {dag.py:2585} INFO - Sync 1 DAGs
[2024-04-15T15:43:13.325+0000] {logging_mixin.py:120} INFO - [2024-04-15T15:43:13.324+0000] {dag.py:3340} INFO - Setting next_dagrun for latest_only to 2024-04-15T11:43:13.324591+00:00, run_after=2024-04-15T15:43:13.324591+00:00
[2024-04-15T15:43:13.373+0000] {processor.py:176} INFO - Processing /home/airflow/.local/lib/python3.7/site-packages/airflow/example_dags/example_latest_only.py took 0.433 seconds
[2024-04-15T15:43:43.582+0000] {processor.py:154} INFO - Started process (PID=19333) to work on /home/airflow/.local/lib/python3.7/site-packages/airflow/example_dags/example_latest_only.py
[2024-04-15T15:43:43.587+0000] {processor.py:756} INFO - Processing file /home/airflow/.local/lib/python3.7/site-packages/airflow/example_dags/example_latest_only.py for tasks to queue
[2024-04-15T15:43:43.593+0000] {logging_mixin.py:120} INFO - [2024-04-15T15:43:43.592+0000] {dagbag.py:537} INFO - Filling up the DagBag from /home/airflow/.local/lib/python3.7/site-packages/airflow/example_dags/example_latest_only.py
[2024-04-15T15:43:43.629+0000] {processor.py:766} INFO - DAG(s) dict_keys(['latest_only']) retrieved from /home/airflow/.local/lib/python3.7/site-packages/airflow/example_dags/example_latest_only.py
[2024-04-15T15:43:43.735+0000] {logging_mixin.py:120} INFO - [2024-04-15T15:43:43.734+0000] {dag.py:2585} INFO - Sync 1 DAGs
[2024-04-15T15:43:43.776+0000] {logging_mixin.py:120} INFO - [2024-04-15T15:43:43.776+0000] {dag.py:3340} INFO - Setting next_dagrun for latest_only to 2024-04-15T11:43:43.776077+00:00, run_after=2024-04-15T15:43:43.776077+00:00
[2024-04-15T15:43:43.813+0000] {processor.py:176} INFO - Processing /home/airflow/.local/lib/python3.7/site-packages/airflow/example_dags/example_latest_only.py took 0.244 seconds
[2024-04-15T15:44:14.067+0000] {processor.py:154} INFO - Started process (PID=19403) to work on /home/airflow/.local/lib/python3.7/site-packages/airflow/example_dags/example_latest_only.py
[2024-04-15T15:44:14.069+0000] {processor.py:756} INFO - Processing file /home/airflow/.local/lib/python3.7/site-packages/airflow/example_dags/example_latest_only.py for tasks to queue
[2024-04-15T15:44:14.071+0000] {logging_mixin.py:120} INFO - [2024-04-15T15:44:14.070+0000] {dagbag.py:537} INFO - Filling up the DagBag from /home/airflow/.local/lib/python3.7/site-packages/airflow/example_dags/example_latest_only.py
[2024-04-15T15:44:14.096+0000] {processor.py:766} INFO - DAG(s) dict_keys(['latest_only']) retrieved from /home/airflow/.local/lib/python3.7/site-packages/airflow/example_dags/example_latest_only.py
[2024-04-15T15:44:14.162+0000] {logging_mixin.py:120} INFO - [2024-04-15T15:44:14.161+0000] {dag.py:2585} INFO - Sync 1 DAGs
[2024-04-15T15:44:14.204+0000] {logging_mixin.py:120} INFO - [2024-04-15T15:44:14.204+0000] {dag.py:3340} INFO - Setting next_dagrun for latest_only to 2024-04-15T11:44:14.204358+00:00, run_after=2024-04-15T15:44:14.204358+00:00
[2024-04-15T15:44:14.237+0000] {processor.py:176} INFO - Processing /home/airflow/.local/lib/python3.7/site-packages/airflow/example_dags/example_latest_only.py took 0.176 seconds
[2024-04-15T15:44:44.382+0000] {processor.py:154} INFO - Started process (PID=19480) to work on /home/airflow/.local/lib/python3.7/site-packages/airflow/example_dags/example_latest_only.py
[2024-04-15T15:44:44.384+0000] {processor.py:756} INFO - Processing file /home/airflow/.local/lib/python3.7/site-packages/airflow/example_dags/example_latest_only.py for tasks to queue
[2024-04-15T15:44:44.387+0000] {logging_mixin.py:120} INFO - [2024-04-15T15:44:44.387+0000] {dagbag.py:537} INFO - Filling up the DagBag from /home/airflow/.local/lib/python3.7/site-packages/airflow/example_dags/example_latest_only.py
[2024-04-15T15:44:44.424+0000] {processor.py:766} INFO - DAG(s) dict_keys(['latest_only']) retrieved from /home/airflow/.local/lib/python3.7/site-packages/airflow/example_dags/example_latest_only.py
[2024-04-15T15:44:44.514+0000] {logging_mixin.py:120} INFO - [2024-04-15T15:44:44.514+0000] {dag.py:2585} INFO - Sync 1 DAGs
[2024-04-15T15:44:44.566+0000] {logging_mixin.py:120} INFO - [2024-04-15T15:44:44.565+0000] {dag.py:3340} INFO - Setting next_dagrun for latest_only to 2024-04-15T11:44:44.565509+00:00, run_after=2024-04-15T15:44:44.565509+00:00
[2024-04-15T15:44:44.615+0000] {processor.py:176} INFO - Processing /home/airflow/.local/lib/python3.7/site-packages/airflow/example_dags/example_latest_only.py took 0.245 seconds
[2024-04-15T15:45:15.991+0000] {processor.py:154} INFO - Started process (PID=19557) to work on /home/airflow/.local/lib/python3.7/site-packages/airflow/example_dags/example_latest_only.py
[2024-04-15T15:45:15.994+0000] {processor.py:756} INFO - Processing file /home/airflow/.local/lib/python3.7/site-packages/airflow/example_dags/example_latest_only.py for tasks to queue
[2024-04-15T15:45:15.997+0000] {logging_mixin.py:120} INFO - [2024-04-15T15:45:15.997+0000] {dagbag.py:537} INFO - Filling up the DagBag from /home/airflow/.local/lib/python3.7/site-packages/airflow/example_dags/example_latest_only.py
[2024-04-15T15:45:16.028+0000] {processor.py:766} INFO - DAG(s) dict_keys(['latest_only']) retrieved from /home/airflow/.local/lib/python3.7/site-packages/airflow/example_dags/example_latest_only.py
[2024-04-15T15:45:16.165+0000] {logging_mixin.py:120} INFO - [2024-04-15T15:45:16.164+0000] {dag.py:2585} INFO - Sync 1 DAGs
[2024-04-15T15:45:16.232+0000] {logging_mixin.py:120} INFO - [2024-04-15T15:45:16.231+0000] {dag.py:3340} INFO - Setting next_dagrun for latest_only to 2024-04-15T11:45:16.231401+00:00, run_after=2024-04-15T15:45:16.231401+00:00
[2024-04-15T15:45:16.262+0000] {processor.py:176} INFO - Processing /home/airflow/.local/lib/python3.7/site-packages/airflow/example_dags/example_latest_only.py took 0.295 seconds
[2024-04-15T15:45:46.796+0000] {processor.py:154} INFO - Started process (PID=19626) to work on /home/airflow/.local/lib/python3.7/site-packages/airflow/example_dags/example_latest_only.py
[2024-04-15T15:45:46.798+0000] {processor.py:756} INFO - Processing file /home/airflow/.local/lib/python3.7/site-packages/airflow/example_dags/example_latest_only.py for tasks to queue
[2024-04-15T15:45:46.800+0000] {logging_mixin.py:120} INFO - [2024-04-15T15:45:46.799+0000] {dagbag.py:537} INFO - Filling up the DagBag from /home/airflow/.local/lib/python3.7/site-packages/airflow/example_dags/example_latest_only.py
[2024-04-15T15:45:46.823+0000] {processor.py:766} INFO - DAG(s) dict_keys(['latest_only']) retrieved from /home/airflow/.local/lib/python3.7/site-packages/airflow/example_dags/example_latest_only.py
[2024-04-15T15:45:46.892+0000] {logging_mixin.py:120} INFO - [2024-04-15T15:45:46.892+0000] {dag.py:2585} INFO - Sync 1 DAGs
[2024-04-15T15:45:46.936+0000] {logging_mixin.py:120} INFO - [2024-04-15T15:45:46.936+0000] {dag.py:3340} INFO - Setting next_dagrun for latest_only to 2024-04-15T11:45:46.936158+00:00, run_after=2024-04-15T15:45:46.936158+00:00
[2024-04-15T15:45:46.971+0000] {processor.py:176} INFO - Processing /home/airflow/.local/lib/python3.7/site-packages/airflow/example_dags/example_latest_only.py took 0.182 seconds
[2024-04-15T15:46:18.155+0000] {processor.py:154} INFO - Started process (PID=19704) to work on /home/airflow/.local/lib/python3.7/site-packages/airflow/example_dags/example_latest_only.py
[2024-04-15T15:46:18.157+0000] {processor.py:756} INFO - Processing file /home/airflow/.local/lib/python3.7/site-packages/airflow/example_dags/example_latest_only.py for tasks to queue
[2024-04-15T15:46:18.160+0000] {logging_mixin.py:120} INFO - [2024-04-15T15:46:18.159+0000] {dagbag.py:537} INFO - Filling up the DagBag from /home/airflow/.local/lib/python3.7/site-packages/airflow/example_dags/example_latest_only.py
[2024-04-15T15:46:18.184+0000] {processor.py:766} INFO - DAG(s) dict_keys(['latest_only']) retrieved from /home/airflow/.local/lib/python3.7/site-packages/airflow/example_dags/example_latest_only.py
[2024-04-15T15:46:18.251+0000] {logging_mixin.py:120} INFO - [2024-04-15T15:46:18.251+0000] {dag.py:2585} INFO - Sync 1 DAGs
[2024-04-15T15:46:18.291+0000] {logging_mixin.py:120} INFO - [2024-04-15T15:46:18.291+0000] {dag.py:3340} INFO - Setting next_dagrun for latest_only to 2024-04-15T11:46:18.291390+00:00, run_after=2024-04-15T15:46:18.291390+00:00
[2024-04-15T15:46:18.316+0000] {processor.py:176} INFO - Processing /home/airflow/.local/lib/python3.7/site-packages/airflow/example_dags/example_latest_only.py took 0.167 seconds
[2024-04-15T15:46:49.301+0000] {processor.py:154} INFO - Started process (PID=19773) to work on /home/airflow/.local/lib/python3.7/site-packages/airflow/example_dags/example_latest_only.py
[2024-04-15T15:46:49.303+0000] {processor.py:756} INFO - Processing file /home/airflow/.local/lib/python3.7/site-packages/airflow/example_dags/example_latest_only.py for tasks to queue
[2024-04-15T15:46:49.305+0000] {logging_mixin.py:120} INFO - [2024-04-15T15:46:49.305+0000] {dagbag.py:537} INFO - Filling up the DagBag from /home/airflow/.local/lib/python3.7/site-packages/airflow/example_dags/example_latest_only.py
[2024-04-15T15:46:49.331+0000] {processor.py:766} INFO - DAG(s) dict_keys(['latest_only']) retrieved from /home/airflow/.local/lib/python3.7/site-packages/airflow/example_dags/example_latest_only.py
[2024-04-15T15:46:49.413+0000] {logging_mixin.py:120} INFO - [2024-04-15T15:46:49.413+0000] {dag.py:2585} INFO - Sync 1 DAGs
[2024-04-15T15:46:49.463+0000] {logging_mixin.py:120} INFO - [2024-04-15T15:46:49.463+0000] {dag.py:3340} INFO - Setting next_dagrun for latest_only to 2024-04-15T11:46:49.463108+00:00, run_after=2024-04-15T15:46:49.463108+00:00
[2024-04-15T15:46:49.493+0000] {processor.py:176} INFO - Processing /home/airflow/.local/lib/python3.7/site-packages/airflow/example_dags/example_latest_only.py took 0.199 seconds
[2024-04-15T15:47:20.180+0000] {processor.py:154} INFO - Started process (PID=19853) to work on /home/airflow/.local/lib/python3.7/site-packages/airflow/example_dags/example_latest_only.py
[2024-04-15T15:47:20.185+0000] {processor.py:756} INFO - Processing file /home/airflow/.local/lib/python3.7/site-packages/airflow/example_dags/example_latest_only.py for tasks to queue
[2024-04-15T15:47:20.187+0000] {logging_mixin.py:120} INFO - [2024-04-15T15:47:20.186+0000] {dagbag.py:537} INFO - Filling up the DagBag from /home/airflow/.local/lib/python3.7/site-packages/airflow/example_dags/example_latest_only.py
[2024-04-15T15:47:20.211+0000] {processor.py:766} INFO - DAG(s) dict_keys(['latest_only']) retrieved from /home/airflow/.local/lib/python3.7/site-packages/airflow/example_dags/example_latest_only.py
[2024-04-15T15:47:20.295+0000] {logging_mixin.py:120} INFO - [2024-04-15T15:47:20.294+0000] {dag.py:2585} INFO - Sync 1 DAGs
[2024-04-15T15:47:20.348+0000] {logging_mixin.py:120} INFO - [2024-04-15T15:47:20.348+0000] {dag.py:3340} INFO - Setting next_dagrun for latest_only to 2024-04-15T11:47:20.348335+00:00, run_after=2024-04-15T15:47:20.348335+00:00
[2024-04-15T15:47:20.401+0000] {processor.py:176} INFO - Processing /home/airflow/.local/lib/python3.7/site-packages/airflow/example_dags/example_latest_only.py took 0.227 seconds
[2024-04-15T15:47:50.791+0000] {processor.py:154} INFO - Started process (PID=19929) to work on /home/airflow/.local/lib/python3.7/site-packages/airflow/example_dags/example_latest_only.py
[2024-04-15T15:47:50.793+0000] {processor.py:756} INFO - Processing file /home/airflow/.local/lib/python3.7/site-packages/airflow/example_dags/example_latest_only.py for tasks to queue
[2024-04-15T15:47:50.796+0000] {logging_mixin.py:120} INFO - [2024-04-15T15:47:50.796+0000] {dagbag.py:537} INFO - Filling up the DagBag from /home/airflow/.local/lib/python3.7/site-packages/airflow/example_dags/example_latest_only.py
[2024-04-15T15:47:50.823+0000] {processor.py:766} INFO - DAG(s) dict_keys(['latest_only']) retrieved from /home/airflow/.local/lib/python3.7/site-packages/airflow/example_dags/example_latest_only.py
[2024-04-15T15:47:50.891+0000] {logging_mixin.py:120} INFO - [2024-04-15T15:47:50.890+0000] {dag.py:2585} INFO - Sync 1 DAGs
[2024-04-15T15:47:50.929+0000] {logging_mixin.py:120} INFO - [2024-04-15T15:47:50.929+0000] {dag.py:3340} INFO - Setting next_dagrun for latest_only to 2024-04-15T11:47:50.929125+00:00, run_after=2024-04-15T15:47:50.929125+00:00
[2024-04-15T15:47:50.964+0000] {processor.py:176} INFO - Processing /home/airflow/.local/lib/python3.7/site-packages/airflow/example_dags/example_latest_only.py took 0.179 seconds
[2024-04-15T15:48:21.269+0000] {processor.py:154} INFO - Started process (PID=19999) to work on /home/airflow/.local/lib/python3.7/site-packages/airflow/example_dags/example_latest_only.py
[2024-04-15T15:48:21.271+0000] {processor.py:756} INFO - Processing file /home/airflow/.local/lib/python3.7/site-packages/airflow/example_dags/example_latest_only.py for tasks to queue
[2024-04-15T15:48:21.273+0000] {logging_mixin.py:120} INFO - [2024-04-15T15:48:21.273+0000] {dagbag.py:537} INFO - Filling up the DagBag from /home/airflow/.local/lib/python3.7/site-packages/airflow/example_dags/example_latest_only.py
[2024-04-15T15:48:21.302+0000] {processor.py:766} INFO - DAG(s) dict_keys(['latest_only']) retrieved from /home/airflow/.local/lib/python3.7/site-packages/airflow/example_dags/example_latest_only.py
[2024-04-15T15:48:21.367+0000] {logging_mixin.py:120} INFO - [2024-04-15T15:48:21.367+0000] {dag.py:2585} INFO - Sync 1 DAGs
[2024-04-15T15:48:21.406+0000] {logging_mixin.py:120} INFO - [2024-04-15T15:48:21.406+0000] {dag.py:3340} INFO - Setting next_dagrun for latest_only to 2024-04-15T11:48:21.406179+00:00, run_after=2024-04-15T15:48:21.406179+00:00
[2024-04-15T15:48:21.437+0000] {processor.py:176} INFO - Processing /home/airflow/.local/lib/python3.7/site-packages/airflow/example_dags/example_latest_only.py took 0.175 seconds
[2024-04-15T15:48:51.487+0000] {processor.py:154} INFO - Started process (PID=20077) to work on /home/airflow/.local/lib/python3.7/site-packages/airflow/example_dags/example_latest_only.py
[2024-04-15T15:48:51.489+0000] {processor.py:756} INFO - Processing file /home/airflow/.local/lib/python3.7/site-packages/airflow/example_dags/example_latest_only.py for tasks to queue
[2024-04-15T15:48:51.491+0000] {logging_mixin.py:120} INFO - [2024-04-15T15:48:51.490+0000] {dagbag.py:537} INFO - Filling up the DagBag from /home/airflow/.local/lib/python3.7/site-packages/airflow/example_dags/example_latest_only.py
[2024-04-15T15:48:51.517+0000] {processor.py:766} INFO - DAG(s) dict_keys(['latest_only']) retrieved from /home/airflow/.local/lib/python3.7/site-packages/airflow/example_dags/example_latest_only.py
[2024-04-15T15:48:51.622+0000] {logging_mixin.py:120} INFO - [2024-04-15T15:48:51.621+0000] {dag.py:2585} INFO - Sync 1 DAGs
[2024-04-15T15:48:51.680+0000] {logging_mixin.py:120} INFO - [2024-04-15T15:48:51.679+0000] {dag.py:3340} INFO - Setting next_dagrun for latest_only to 2024-04-15T11:48:51.679438+00:00, run_after=2024-04-15T15:48:51.679438+00:00
[2024-04-15T15:48:51.713+0000] {processor.py:176} INFO - Processing /home/airflow/.local/lib/python3.7/site-packages/airflow/example_dags/example_latest_only.py took 0.232 seconds
[2024-04-15T15:49:22.088+0000] {processor.py:154} INFO - Started process (PID=20146) to work on /home/airflow/.local/lib/python3.7/site-packages/airflow/example_dags/example_latest_only.py
[2024-04-15T15:49:22.091+0000] {processor.py:756} INFO - Processing file /home/airflow/.local/lib/python3.7/site-packages/airflow/example_dags/example_latest_only.py for tasks to queue
[2024-04-15T15:49:22.092+0000] {logging_mixin.py:120} INFO - [2024-04-15T15:49:22.092+0000] {dagbag.py:537} INFO - Filling up the DagBag from /home/airflow/.local/lib/python3.7/site-packages/airflow/example_dags/example_latest_only.py
[2024-04-15T15:49:22.118+0000] {processor.py:766} INFO - DAG(s) dict_keys(['latest_only']) retrieved from /home/airflow/.local/lib/python3.7/site-packages/airflow/example_dags/example_latest_only.py
[2024-04-15T15:49:22.199+0000] {logging_mixin.py:120} INFO - [2024-04-15T15:49:22.198+0000] {dag.py:2585} INFO - Sync 1 DAGs
[2024-04-15T15:49:22.238+0000] {logging_mixin.py:120} INFO - [2024-04-15T15:49:22.238+0000] {dag.py:3340} INFO - Setting next_dagrun for latest_only to 2024-04-15T11:49:22.237846+00:00, run_after=2024-04-15T15:49:22.237846+00:00
[2024-04-15T15:49:22.274+0000] {processor.py:176} INFO - Processing /home/airflow/.local/lib/python3.7/site-packages/airflow/example_dags/example_latest_only.py took 0.192 seconds
[2024-04-15T15:49:52.942+0000] {processor.py:154} INFO - Started process (PID=20224) to work on /home/airflow/.local/lib/python3.7/site-packages/airflow/example_dags/example_latest_only.py
[2024-04-15T15:49:52.944+0000] {processor.py:756} INFO - Processing file /home/airflow/.local/lib/python3.7/site-packages/airflow/example_dags/example_latest_only.py for tasks to queue
[2024-04-15T15:49:52.947+0000] {logging_mixin.py:120} INFO - [2024-04-15T15:49:52.946+0000] {dagbag.py:537} INFO - Filling up the DagBag from /home/airflow/.local/lib/python3.7/site-packages/airflow/example_dags/example_latest_only.py
[2024-04-15T15:49:52.974+0000] {processor.py:766} INFO - DAG(s) dict_keys(['latest_only']) retrieved from /home/airflow/.local/lib/python3.7/site-packages/airflow/example_dags/example_latest_only.py
[2024-04-15T15:49:53.046+0000] {logging_mixin.py:120} INFO - [2024-04-15T15:49:53.045+0000] {dag.py:2585} INFO - Sync 1 DAGs
[2024-04-15T15:49:53.092+0000] {logging_mixin.py:120} INFO - [2024-04-15T15:49:53.092+0000] {dag.py:3340} INFO - Setting next_dagrun for latest_only to 2024-04-15T11:49:53.091622+00:00, run_after=2024-04-15T15:49:53.091622+00:00
[2024-04-15T15:49:53.127+0000] {processor.py:176} INFO - Processing /home/airflow/.local/lib/python3.7/site-packages/airflow/example_dags/example_latest_only.py took 0.191 seconds
[2024-04-15T15:50:23.499+0000] {processor.py:154} INFO - Started process (PID=20294) to work on /home/airflow/.local/lib/python3.7/site-packages/airflow/example_dags/example_latest_only.py
[2024-04-15T15:50:23.501+0000] {processor.py:756} INFO - Processing file /home/airflow/.local/lib/python3.7/site-packages/airflow/example_dags/example_latest_only.py for tasks to queue
[2024-04-15T15:50:23.502+0000] {logging_mixin.py:120} INFO - [2024-04-15T15:50:23.502+0000] {dagbag.py:537} INFO - Filling up the DagBag from /home/airflow/.local/lib/python3.7/site-packages/airflow/example_dags/example_latest_only.py
[2024-04-15T15:50:23.532+0000] {processor.py:766} INFO - DAG(s) dict_keys(['latest_only']) retrieved from /home/airflow/.local/lib/python3.7/site-packages/airflow/example_dags/example_latest_only.py
[2024-04-15T15:50:23.607+0000] {logging_mixin.py:120} INFO - [2024-04-15T15:50:23.607+0000] {dag.py:2585} INFO - Sync 1 DAGs
[2024-04-15T15:50:23.666+0000] {logging_mixin.py:120} INFO - [2024-04-15T15:50:23.666+0000] {dag.py:3340} INFO - Setting next_dagrun for latest_only to 2024-04-15T11:50:23.666014+00:00, run_after=2024-04-15T15:50:23.666014+00:00
[2024-04-15T15:50:23.713+0000] {processor.py:176} INFO - Processing /home/airflow/.local/lib/python3.7/site-packages/airflow/example_dags/example_latest_only.py took 0.219 seconds
[2024-04-15T15:50:54.035+0000] {processor.py:154} INFO - Started process (PID=20372) to work on /home/airflow/.local/lib/python3.7/site-packages/airflow/example_dags/example_latest_only.py
[2024-04-15T15:50:54.043+0000] {processor.py:756} INFO - Processing file /home/airflow/.local/lib/python3.7/site-packages/airflow/example_dags/example_latest_only.py for tasks to queue
[2024-04-15T15:50:54.049+0000] {logging_mixin.py:120} INFO - [2024-04-15T15:50:54.048+0000] {dagbag.py:537} INFO - Filling up the DagBag from /home/airflow/.local/lib/python3.7/site-packages/airflow/example_dags/example_latest_only.py
[2024-04-15T15:50:54.076+0000] {processor.py:766} INFO - DAG(s) dict_keys(['latest_only']) retrieved from /home/airflow/.local/lib/python3.7/site-packages/airflow/example_dags/example_latest_only.py
[2024-04-15T15:50:54.142+0000] {logging_mixin.py:120} INFO - [2024-04-15T15:50:54.141+0000] {dag.py:2585} INFO - Sync 1 DAGs
[2024-04-15T15:50:54.182+0000] {logging_mixin.py:120} INFO - [2024-04-15T15:50:54.182+0000] {dag.py:3340} INFO - Setting next_dagrun for latest_only to 2024-04-15T11:50:54.181757+00:00, run_after=2024-04-15T15:50:54.181757+00:00
[2024-04-15T15:50:54.223+0000] {processor.py:176} INFO - Processing /home/airflow/.local/lib/python3.7/site-packages/airflow/example_dags/example_latest_only.py took 0.197 seconds
[2024-04-15T15:51:24.748+0000] {processor.py:154} INFO - Started process (PID=20451) to work on /home/airflow/.local/lib/python3.7/site-packages/airflow/example_dags/example_latest_only.py
[2024-04-15T15:51:24.750+0000] {processor.py:756} INFO - Processing file /home/airflow/.local/lib/python3.7/site-packages/airflow/example_dags/example_latest_only.py for tasks to queue
[2024-04-15T15:51:24.752+0000] {logging_mixin.py:120} INFO - [2024-04-15T15:51:24.752+0000] {dagbag.py:537} INFO - Filling up the DagBag from /home/airflow/.local/lib/python3.7/site-packages/airflow/example_dags/example_latest_only.py
[2024-04-15T15:51:24.793+0000] {processor.py:766} INFO - DAG(s) dict_keys(['latest_only']) retrieved from /home/airflow/.local/lib/python3.7/site-packages/airflow/example_dags/example_latest_only.py
[2024-04-15T15:51:24.857+0000] {logging_mixin.py:120} INFO - [2024-04-15T15:51:24.857+0000] {dag.py:2585} INFO - Sync 1 DAGs
[2024-04-15T15:51:24.897+0000] {logging_mixin.py:120} INFO - [2024-04-15T15:51:24.897+0000] {dag.py:3340} INFO - Setting next_dagrun for latest_only to 2024-04-15T11:51:24.896569+00:00, run_after=2024-04-15T15:51:24.896569+00:00
[2024-04-15T15:51:24.946+0000] {processor.py:176} INFO - Processing /home/airflow/.local/lib/python3.7/site-packages/airflow/example_dags/example_latest_only.py took 0.203 seconds
[2024-04-15T15:51:55.571+0000] {processor.py:154} INFO - Started process (PID=20521) to work on /home/airflow/.local/lib/python3.7/site-packages/airflow/example_dags/example_latest_only.py
[2024-04-15T15:51:55.573+0000] {processor.py:756} INFO - Processing file /home/airflow/.local/lib/python3.7/site-packages/airflow/example_dags/example_latest_only.py for tasks to queue
[2024-04-15T15:51:55.574+0000] {logging_mixin.py:120} INFO - [2024-04-15T15:51:55.574+0000] {dagbag.py:537} INFO - Filling up the DagBag from /home/airflow/.local/lib/python3.7/site-packages/airflow/example_dags/example_latest_only.py
[2024-04-15T15:51:55.600+0000] {processor.py:766} INFO - DAG(s) dict_keys(['latest_only']) retrieved from /home/airflow/.local/lib/python3.7/site-packages/airflow/example_dags/example_latest_only.py
[2024-04-15T15:51:55.673+0000] {logging_mixin.py:120} INFO - [2024-04-15T15:51:55.672+0000] {dag.py:2585} INFO - Sync 1 DAGs
[2024-04-15T15:51:55.722+0000] {logging_mixin.py:120} INFO - [2024-04-15T15:51:55.722+0000] {dag.py:3340} INFO - Setting next_dagrun for latest_only to 2024-04-15T11:51:55.721343+00:00, run_after=2024-04-15T15:51:55.721343+00:00
[2024-04-15T15:51:55.762+0000] {processor.py:176} INFO - Processing /home/airflow/.local/lib/python3.7/site-packages/airflow/example_dags/example_latest_only.py took 0.197 seconds
[2024-04-15T15:52:26.270+0000] {processor.py:154} INFO - Started process (PID=20600) to work on /home/airflow/.local/lib/python3.7/site-packages/airflow/example_dags/example_latest_only.py
[2024-04-15T15:52:26.272+0000] {processor.py:756} INFO - Processing file /home/airflow/.local/lib/python3.7/site-packages/airflow/example_dags/example_latest_only.py for tasks to queue
[2024-04-15T15:52:26.275+0000] {logging_mixin.py:120} INFO - [2024-04-15T15:52:26.275+0000] {dagbag.py:537} INFO - Filling up the DagBag from /home/airflow/.local/lib/python3.7/site-packages/airflow/example_dags/example_latest_only.py
[2024-04-15T15:52:26.309+0000] {processor.py:766} INFO - DAG(s) dict_keys(['latest_only']) retrieved from /home/airflow/.local/lib/python3.7/site-packages/airflow/example_dags/example_latest_only.py
[2024-04-15T15:52:26.380+0000] {logging_mixin.py:120} INFO - [2024-04-15T15:52:26.380+0000] {dag.py:2585} INFO - Sync 1 DAGs
[2024-04-15T15:52:26.424+0000] {logging_mixin.py:120} INFO - [2024-04-15T15:52:26.424+0000] {dag.py:3340} INFO - Setting next_dagrun for latest_only to 2024-04-15T11:52:26.424144+00:00, run_after=2024-04-15T15:52:26.424144+00:00
[2024-04-15T15:52:26.456+0000] {processor.py:176} INFO - Processing /home/airflow/.local/lib/python3.7/site-packages/airflow/example_dags/example_latest_only.py took 0.195 seconds
[2024-04-15T15:52:56.849+0000] {processor.py:154} INFO - Started process (PID=20669) to work on /home/airflow/.local/lib/python3.7/site-packages/airflow/example_dags/example_latest_only.py
[2024-04-15T15:52:56.852+0000] {processor.py:756} INFO - Processing file /home/airflow/.local/lib/python3.7/site-packages/airflow/example_dags/example_latest_only.py for tasks to queue
[2024-04-15T15:52:56.854+0000] {logging_mixin.py:120} INFO - [2024-04-15T15:52:56.854+0000] {dagbag.py:537} INFO - Filling up the DagBag from /home/airflow/.local/lib/python3.7/site-packages/airflow/example_dags/example_latest_only.py
[2024-04-15T15:52:56.890+0000] {processor.py:766} INFO - DAG(s) dict_keys(['latest_only']) retrieved from /home/airflow/.local/lib/python3.7/site-packages/airflow/example_dags/example_latest_only.py
[2024-04-15T15:52:56.964+0000] {logging_mixin.py:120} INFO - [2024-04-15T15:52:56.963+0000] {dag.py:2585} INFO - Sync 1 DAGs
[2024-04-15T15:52:57.007+0000] {logging_mixin.py:120} INFO - [2024-04-15T15:52:57.007+0000] {dag.py:3340} INFO - Setting next_dagrun for latest_only to 2024-04-15T11:52:57.007181+00:00, run_after=2024-04-15T15:52:57.007181+00:00
[2024-04-15T15:52:57.055+0000] {processor.py:176} INFO - Processing /home/airflow/.local/lib/python3.7/site-packages/airflow/example_dags/example_latest_only.py took 0.217 seconds
[2024-04-15T15:53:27.924+0000] {processor.py:154} INFO - Started process (PID=20747) to work on /home/airflow/.local/lib/python3.7/site-packages/airflow/example_dags/example_latest_only.py
[2024-04-15T15:53:27.926+0000] {processor.py:756} INFO - Processing file /home/airflow/.local/lib/python3.7/site-packages/airflow/example_dags/example_latest_only.py for tasks to queue
[2024-04-15T15:53:27.928+0000] {logging_mixin.py:120} INFO - [2024-04-15T15:53:27.928+0000] {dagbag.py:537} INFO - Filling up the DagBag from /home/airflow/.local/lib/python3.7/site-packages/airflow/example_dags/example_latest_only.py
[2024-04-15T15:53:27.956+0000] {processor.py:766} INFO - DAG(s) dict_keys(['latest_only']) retrieved from /home/airflow/.local/lib/python3.7/site-packages/airflow/example_dags/example_latest_only.py
[2024-04-15T15:53:28.023+0000] {logging_mixin.py:120} INFO - [2024-04-15T15:53:28.022+0000] {dag.py:2585} INFO - Sync 1 DAGs
[2024-04-15T15:53:28.059+0000] {logging_mixin.py:120} INFO - [2024-04-15T15:53:28.059+0000] {dag.py:3340} INFO - Setting next_dagrun for latest_only to 2024-04-15T11:53:28.058726+00:00, run_after=2024-04-15T15:53:28.058726+00:00
[2024-04-15T15:53:28.089+0000] {processor.py:176} INFO - Processing /home/airflow/.local/lib/python3.7/site-packages/airflow/example_dags/example_latest_only.py took 0.170 seconds
[2024-04-15T15:53:58.395+0000] {processor.py:154} INFO - Started process (PID=20817) to work on /home/airflow/.local/lib/python3.7/site-packages/airflow/example_dags/example_latest_only.py
[2024-04-15T15:53:58.397+0000] {processor.py:756} INFO - Processing file /home/airflow/.local/lib/python3.7/site-packages/airflow/example_dags/example_latest_only.py for tasks to queue
[2024-04-15T15:53:58.399+0000] {logging_mixin.py:120} INFO - [2024-04-15T15:53:58.398+0000] {dagbag.py:537} INFO - Filling up the DagBag from /home/airflow/.local/lib/python3.7/site-packages/airflow/example_dags/example_latest_only.py
[2024-04-15T15:53:58.428+0000] {processor.py:766} INFO - DAG(s) dict_keys(['latest_only']) retrieved from /home/airflow/.local/lib/python3.7/site-packages/airflow/example_dags/example_latest_only.py
[2024-04-15T15:53:58.496+0000] {logging_mixin.py:120} INFO - [2024-04-15T15:53:58.496+0000] {dag.py:2585} INFO - Sync 1 DAGs
[2024-04-15T15:53:58.535+0000] {logging_mixin.py:120} INFO - [2024-04-15T15:53:58.535+0000] {dag.py:3340} INFO - Setting next_dagrun for latest_only to 2024-04-15T11:53:58.534882+00:00, run_after=2024-04-15T15:53:58.534882+00:00
[2024-04-15T15:53:58.565+0000] {processor.py:176} INFO - Processing /home/airflow/.local/lib/python3.7/site-packages/airflow/example_dags/example_latest_only.py took 0.177 seconds
[2024-04-15T15:54:29.213+0000] {processor.py:154} INFO - Started process (PID=20895) to work on /home/airflow/.local/lib/python3.7/site-packages/airflow/example_dags/example_latest_only.py
[2024-04-15T15:54:29.216+0000] {processor.py:756} INFO - Processing file /home/airflow/.local/lib/python3.7/site-packages/airflow/example_dags/example_latest_only.py for tasks to queue
[2024-04-15T15:54:29.218+0000] {logging_mixin.py:120} INFO - [2024-04-15T15:54:29.218+0000] {dagbag.py:537} INFO - Filling up the DagBag from /home/airflow/.local/lib/python3.7/site-packages/airflow/example_dags/example_latest_only.py
[2024-04-15T15:54:29.248+0000] {processor.py:766} INFO - DAG(s) dict_keys(['latest_only']) retrieved from /home/airflow/.local/lib/python3.7/site-packages/airflow/example_dags/example_latest_only.py
[2024-04-15T15:54:29.314+0000] {logging_mixin.py:120} INFO - [2024-04-15T15:54:29.314+0000] {dag.py:2585} INFO - Sync 1 DAGs
[2024-04-15T15:54:29.356+0000] {logging_mixin.py:120} INFO - [2024-04-15T15:54:29.356+0000] {dag.py:3340} INFO - Setting next_dagrun for latest_only to 2024-04-15T11:54:29.355561+00:00, run_after=2024-04-15T15:54:29.355561+00:00
[2024-04-15T15:54:29.387+0000] {processor.py:176} INFO - Processing /home/airflow/.local/lib/python3.7/site-packages/airflow/example_dags/example_latest_only.py took 0.182 seconds
[2024-04-15T15:54:59.468+0000] {processor.py:154} INFO - Started process (PID=20962) to work on /home/airflow/.local/lib/python3.7/site-packages/airflow/example_dags/example_latest_only.py
[2024-04-15T15:54:59.469+0000] {processor.py:756} INFO - Processing file /home/airflow/.local/lib/python3.7/site-packages/airflow/example_dags/example_latest_only.py for tasks to queue
[2024-04-15T15:54:59.471+0000] {logging_mixin.py:120} INFO - [2024-04-15T15:54:59.471+0000] {dagbag.py:537} INFO - Filling up the DagBag from /home/airflow/.local/lib/python3.7/site-packages/airflow/example_dags/example_latest_only.py
[2024-04-15T15:54:59.496+0000] {processor.py:766} INFO - DAG(s) dict_keys(['latest_only']) retrieved from /home/airflow/.local/lib/python3.7/site-packages/airflow/example_dags/example_latest_only.py
[2024-04-15T15:54:59.572+0000] {logging_mixin.py:120} INFO - [2024-04-15T15:54:59.572+0000] {dag.py:2585} INFO - Sync 1 DAGs
[2024-04-15T15:54:59.611+0000] {logging_mixin.py:120} INFO - [2024-04-15T15:54:59.610+0000] {dag.py:3340} INFO - Setting next_dagrun for latest_only to 2024-04-15T11:54:59.610382+00:00, run_after=2024-04-15T15:54:59.610382+00:00
[2024-04-15T15:54:59.641+0000] {processor.py:176} INFO - Processing /home/airflow/.local/lib/python3.7/site-packages/airflow/example_dags/example_latest_only.py took 0.179 seconds
[2024-04-15T15:55:30.219+0000] {processor.py:154} INFO - Started process (PID=21040) to work on /home/airflow/.local/lib/python3.7/site-packages/airflow/example_dags/example_latest_only.py
[2024-04-15T15:55:30.222+0000] {processor.py:756} INFO - Processing file /home/airflow/.local/lib/python3.7/site-packages/airflow/example_dags/example_latest_only.py for tasks to queue
[2024-04-15T15:55:30.223+0000] {logging_mixin.py:120} INFO - [2024-04-15T15:55:30.223+0000] {dagbag.py:537} INFO - Filling up the DagBag from /home/airflow/.local/lib/python3.7/site-packages/airflow/example_dags/example_latest_only.py
[2024-04-15T15:55:30.249+0000] {processor.py:766} INFO - DAG(s) dict_keys(['latest_only']) retrieved from /home/airflow/.local/lib/python3.7/site-packages/airflow/example_dags/example_latest_only.py
[2024-04-15T15:55:30.309+0000] {logging_mixin.py:120} INFO - [2024-04-15T15:55:30.309+0000] {dag.py:2585} INFO - Sync 1 DAGs
[2024-04-15T15:55:30.348+0000] {logging_mixin.py:120} INFO - [2024-04-15T15:55:30.348+0000] {dag.py:3340} INFO - Setting next_dagrun for latest_only to 2024-04-15T11:55:30.347847+00:00, run_after=2024-04-15T15:55:30.347847+00:00
[2024-04-15T15:55:30.380+0000] {processor.py:176} INFO - Processing /home/airflow/.local/lib/python3.7/site-packages/airflow/example_dags/example_latest_only.py took 0.171 seconds
[2024-04-15T15:56:00.835+0000] {processor.py:154} INFO - Started process (PID=21119) to work on /home/airflow/.local/lib/python3.7/site-packages/airflow/example_dags/example_latest_only.py
[2024-04-15T15:56:00.837+0000] {processor.py:756} INFO - Processing file /home/airflow/.local/lib/python3.7/site-packages/airflow/example_dags/example_latest_only.py for tasks to queue
[2024-04-15T15:56:00.838+0000] {logging_mixin.py:120} INFO - [2024-04-15T15:56:00.838+0000] {dagbag.py:537} INFO - Filling up the DagBag from /home/airflow/.local/lib/python3.7/site-packages/airflow/example_dags/example_latest_only.py
[2024-04-15T15:56:00.862+0000] {processor.py:766} INFO - DAG(s) dict_keys(['latest_only']) retrieved from /home/airflow/.local/lib/python3.7/site-packages/airflow/example_dags/example_latest_only.py
[2024-04-15T15:56:00.930+0000] {logging_mixin.py:120} INFO - [2024-04-15T15:56:00.930+0000] {dag.py:2585} INFO - Sync 1 DAGs
[2024-04-15T15:56:00.968+0000] {logging_mixin.py:120} INFO - [2024-04-15T15:56:00.968+0000] {dag.py:3340} INFO - Setting next_dagrun for latest_only to 2024-04-15T11:56:00.968288+00:00, run_after=2024-04-15T15:56:00.968288+00:00
[2024-04-15T15:56:00.997+0000] {processor.py:176} INFO - Processing /home/airflow/.local/lib/python3.7/site-packages/airflow/example_dags/example_latest_only.py took 0.170 seconds
[2024-04-15T15:56:31.906+0000] {processor.py:154} INFO - Started process (PID=21187) to work on /home/airflow/.local/lib/python3.7/site-packages/airflow/example_dags/example_latest_only.py
[2024-04-15T15:56:31.908+0000] {processor.py:756} INFO - Processing file /home/airflow/.local/lib/python3.7/site-packages/airflow/example_dags/example_latest_only.py for tasks to queue
[2024-04-15T15:56:31.910+0000] {logging_mixin.py:120} INFO - [2024-04-15T15:56:31.909+0000] {dagbag.py:537} INFO - Filling up the DagBag from /home/airflow/.local/lib/python3.7/site-packages/airflow/example_dags/example_latest_only.py
[2024-04-15T15:56:31.933+0000] {processor.py:766} INFO - DAG(s) dict_keys(['latest_only']) retrieved from /home/airflow/.local/lib/python3.7/site-packages/airflow/example_dags/example_latest_only.py
[2024-04-15T15:56:32.000+0000] {logging_mixin.py:120} INFO - [2024-04-15T15:56:32.000+0000] {dag.py:2585} INFO - Sync 1 DAGs
[2024-04-15T15:56:32.038+0000] {logging_mixin.py:120} INFO - [2024-04-15T15:56:32.038+0000] {dag.py:3340} INFO - Setting next_dagrun for latest_only to 2024-04-15T11:56:32.038266+00:00, run_after=2024-04-15T15:56:32.038266+00:00
[2024-04-15T15:56:32.074+0000] {processor.py:176} INFO - Processing /home/airflow/.local/lib/python3.7/site-packages/airflow/example_dags/example_latest_only.py took 0.176 seconds
[2024-04-15T15:57:02.446+0000] {processor.py:154} INFO - Started process (PID=21266) to work on /home/airflow/.local/lib/python3.7/site-packages/airflow/example_dags/example_latest_only.py
[2024-04-15T15:57:02.448+0000] {processor.py:756} INFO - Processing file /home/airflow/.local/lib/python3.7/site-packages/airflow/example_dags/example_latest_only.py for tasks to queue
[2024-04-15T15:57:02.449+0000] {logging_mixin.py:120} INFO - [2024-04-15T15:57:02.449+0000] {dagbag.py:537} INFO - Filling up the DagBag from /home/airflow/.local/lib/python3.7/site-packages/airflow/example_dags/example_latest_only.py
[2024-04-15T15:57:02.473+0000] {processor.py:766} INFO - DAG(s) dict_keys(['latest_only']) retrieved from /home/airflow/.local/lib/python3.7/site-packages/airflow/example_dags/example_latest_only.py
[2024-04-15T15:57:02.537+0000] {logging_mixin.py:120} INFO - [2024-04-15T15:57:02.537+0000] {dag.py:2585} INFO - Sync 1 DAGs
[2024-04-15T15:57:02.581+0000] {logging_mixin.py:120} INFO - [2024-04-15T15:57:02.581+0000] {dag.py:3340} INFO - Setting next_dagrun for latest_only to 2024-04-15T11:57:02.581378+00:00, run_after=2024-04-15T15:57:02.581378+00:00
[2024-04-15T15:57:02.612+0000] {processor.py:176} INFO - Processing /home/airflow/.local/lib/python3.7/site-packages/airflow/example_dags/example_latest_only.py took 0.173 seconds
[2024-04-15T15:57:33.851+0000] {processor.py:154} INFO - Started process (PID=21346) to work on /home/airflow/.local/lib/python3.7/site-packages/airflow/example_dags/example_latest_only.py
[2024-04-15T15:57:33.853+0000] {processor.py:756} INFO - Processing file /home/airflow/.local/lib/python3.7/site-packages/airflow/example_dags/example_latest_only.py for tasks to queue
[2024-04-15T15:57:33.854+0000] {logging_mixin.py:120} INFO - [2024-04-15T15:57:33.854+0000] {dagbag.py:537} INFO - Filling up the DagBag from /home/airflow/.local/lib/python3.7/site-packages/airflow/example_dags/example_latest_only.py
[2024-04-15T15:57:33.878+0000] {processor.py:766} INFO - DAG(s) dict_keys(['latest_only']) retrieved from /home/airflow/.local/lib/python3.7/site-packages/airflow/example_dags/example_latest_only.py
[2024-04-15T15:57:33.944+0000] {logging_mixin.py:120} INFO - [2024-04-15T15:57:33.944+0000] {dag.py:2585} INFO - Sync 1 DAGs
[2024-04-15T15:57:33.985+0000] {logging_mixin.py:120} INFO - [2024-04-15T15:57:33.985+0000] {dag.py:3340} INFO - Setting next_dagrun for latest_only to 2024-04-15T11:57:33.984732+00:00, run_after=2024-04-15T15:57:33.984732+00:00
[2024-04-15T15:57:34.019+0000] {processor.py:176} INFO - Processing /home/airflow/.local/lib/python3.7/site-packages/airflow/example_dags/example_latest_only.py took 0.176 seconds
[2024-04-15T15:58:04.406+0000] {processor.py:154} INFO - Started process (PID=21415) to work on /home/airflow/.local/lib/python3.7/site-packages/airflow/example_dags/example_latest_only.py
[2024-04-15T15:58:04.408+0000] {processor.py:756} INFO - Processing file /home/airflow/.local/lib/python3.7/site-packages/airflow/example_dags/example_latest_only.py for tasks to queue
[2024-04-15T15:58:04.410+0000] {logging_mixin.py:120} INFO - [2024-04-15T15:58:04.410+0000] {dagbag.py:537} INFO - Filling up the DagBag from /home/airflow/.local/lib/python3.7/site-packages/airflow/example_dags/example_latest_only.py
[2024-04-15T15:58:04.432+0000] {processor.py:766} INFO - DAG(s) dict_keys(['latest_only']) retrieved from /home/airflow/.local/lib/python3.7/site-packages/airflow/example_dags/example_latest_only.py
[2024-04-15T15:58:04.509+0000] {logging_mixin.py:120} INFO - [2024-04-15T15:58:04.509+0000] {dag.py:2585} INFO - Sync 1 DAGs
[2024-04-15T15:58:04.553+0000] {logging_mixin.py:120} INFO - [2024-04-15T15:58:04.553+0000] {dag.py:3340} INFO - Setting next_dagrun for latest_only to 2024-04-15T11:58:04.553264+00:00, run_after=2024-04-15T15:58:04.553264+00:00
[2024-04-15T15:58:04.582+0000] {processor.py:176} INFO - Processing /home/airflow/.local/lib/python3.7/site-packages/airflow/example_dags/example_latest_only.py took 0.181 seconds
[2024-04-15T15:58:35.211+0000] {processor.py:154} INFO - Started process (PID=21493) to work on /home/airflow/.local/lib/python3.7/site-packages/airflow/example_dags/example_latest_only.py
[2024-04-15T15:58:35.212+0000] {processor.py:756} INFO - Processing file /home/airflow/.local/lib/python3.7/site-packages/airflow/example_dags/example_latest_only.py for tasks to queue
[2024-04-15T15:58:35.214+0000] {logging_mixin.py:120} INFO - [2024-04-15T15:58:35.214+0000] {dagbag.py:537} INFO - Filling up the DagBag from /home/airflow/.local/lib/python3.7/site-packages/airflow/example_dags/example_latest_only.py
[2024-04-15T15:58:35.237+0000] {processor.py:766} INFO - DAG(s) dict_keys(['latest_only']) retrieved from /home/airflow/.local/lib/python3.7/site-packages/airflow/example_dags/example_latest_only.py
[2024-04-15T15:58:35.302+0000] {logging_mixin.py:120} INFO - [2024-04-15T15:58:35.302+0000] {dag.py:2585} INFO - Sync 1 DAGs
[2024-04-15T15:58:35.343+0000] {logging_mixin.py:120} INFO - [2024-04-15T15:58:35.343+0000] {dag.py:3340} INFO - Setting next_dagrun for latest_only to 2024-04-15T11:58:35.342847+00:00, run_after=2024-04-15T15:58:35.342847+00:00
[2024-04-15T15:58:35.378+0000] {processor.py:176} INFO - Processing /home/airflow/.local/lib/python3.7/site-packages/airflow/example_dags/example_latest_only.py took 0.173 seconds
[2024-04-15T15:59:06.041+0000] {processor.py:154} INFO - Started process (PID=21563) to work on /home/airflow/.local/lib/python3.7/site-packages/airflow/example_dags/example_latest_only.py
[2024-04-15T15:59:06.043+0000] {processor.py:756} INFO - Processing file /home/airflow/.local/lib/python3.7/site-packages/airflow/example_dags/example_latest_only.py for tasks to queue
[2024-04-15T15:59:06.045+0000] {logging_mixin.py:120} INFO - [2024-04-15T15:59:06.045+0000] {dagbag.py:537} INFO - Filling up the DagBag from /home/airflow/.local/lib/python3.7/site-packages/airflow/example_dags/example_latest_only.py
[2024-04-15T15:59:06.068+0000] {processor.py:766} INFO - DAG(s) dict_keys(['latest_only']) retrieved from /home/airflow/.local/lib/python3.7/site-packages/airflow/example_dags/example_latest_only.py
[2024-04-15T15:59:06.140+0000] {logging_mixin.py:120} INFO - [2024-04-15T15:59:06.139+0000] {dag.py:2585} INFO - Sync 1 DAGs
[2024-04-15T15:59:06.177+0000] {logging_mixin.py:120} INFO - [2024-04-15T15:59:06.177+0000] {dag.py:3340} INFO - Setting next_dagrun for latest_only to 2024-04-15T11:59:06.177055+00:00, run_after=2024-04-15T15:59:06.177055+00:00
[2024-04-15T15:59:06.209+0000] {processor.py:176} INFO - Processing /home/airflow/.local/lib/python3.7/site-packages/airflow/example_dags/example_latest_only.py took 0.174 seconds
[2024-04-15T15:59:36.849+0000] {processor.py:154} INFO - Started process (PID=21641) to work on /home/airflow/.local/lib/python3.7/site-packages/airflow/example_dags/example_latest_only.py
[2024-04-15T15:59:36.852+0000] {processor.py:756} INFO - Processing file /home/airflow/.local/lib/python3.7/site-packages/airflow/example_dags/example_latest_only.py for tasks to queue
[2024-04-15T15:59:36.854+0000] {logging_mixin.py:120} INFO - [2024-04-15T15:59:36.853+0000] {dagbag.py:537} INFO - Filling up the DagBag from /home/airflow/.local/lib/python3.7/site-packages/airflow/example_dags/example_latest_only.py
[2024-04-15T15:59:36.879+0000] {processor.py:766} INFO - DAG(s) dict_keys(['latest_only']) retrieved from /home/airflow/.local/lib/python3.7/site-packages/airflow/example_dags/example_latest_only.py
[2024-04-15T15:59:36.955+0000] {logging_mixin.py:120} INFO - [2024-04-15T15:59:36.955+0000] {dag.py:2585} INFO - Sync 1 DAGs
[2024-04-15T15:59:36.997+0000] {logging_mixin.py:120} INFO - [2024-04-15T15:59:36.997+0000] {dag.py:3340} INFO - Setting next_dagrun for latest_only to 2024-04-15T11:59:36.997197+00:00, run_after=2024-04-15T15:59:36.997197+00:00
[2024-04-15T15:59:37.034+0000] {processor.py:176} INFO - Processing /home/airflow/.local/lib/python3.7/site-packages/airflow/example_dags/example_latest_only.py took 0.190 seconds
[2024-04-15T16:00:07.314+0000] {processor.py:154} INFO - Started process (PID=21710) to work on /home/airflow/.local/lib/python3.7/site-packages/airflow/example_dags/example_latest_only.py
[2024-04-15T16:00:07.317+0000] {processor.py:756} INFO - Processing file /home/airflow/.local/lib/python3.7/site-packages/airflow/example_dags/example_latest_only.py for tasks to queue
[2024-04-15T16:00:07.318+0000] {logging_mixin.py:120} INFO - [2024-04-15T16:00:07.318+0000] {dagbag.py:537} INFO - Filling up the DagBag from /home/airflow/.local/lib/python3.7/site-packages/airflow/example_dags/example_latest_only.py
[2024-04-15T16:00:07.347+0000] {processor.py:766} INFO - DAG(s) dict_keys(['latest_only']) retrieved from /home/airflow/.local/lib/python3.7/site-packages/airflow/example_dags/example_latest_only.py
[2024-04-15T16:00:07.426+0000] {logging_mixin.py:120} INFO - [2024-04-15T16:00:07.425+0000] {dag.py:2585} INFO - Sync 1 DAGs
[2024-04-15T16:00:07.471+0000] {logging_mixin.py:120} INFO - [2024-04-15T16:00:07.471+0000] {dag.py:3340} INFO - Setting next_dagrun for latest_only to 2024-04-15T12:00:07.470835+00:00, run_after=2024-04-15T16:00:07.470835+00:00
[2024-04-15T16:00:07.505+0000] {processor.py:176} INFO - Processing /home/airflow/.local/lib/python3.7/site-packages/airflow/example_dags/example_latest_only.py took 0.196 seconds
[2024-04-15T16:00:37.606+0000] {processor.py:154} INFO - Started process (PID=21788) to work on /home/airflow/.local/lib/python3.7/site-packages/airflow/example_dags/example_latest_only.py
[2024-04-15T16:00:37.609+0000] {processor.py:756} INFO - Processing file /home/airflow/.local/lib/python3.7/site-packages/airflow/example_dags/example_latest_only.py for tasks to queue
[2024-04-15T16:00:37.614+0000] {logging_mixin.py:120} INFO - [2024-04-15T16:00:37.613+0000] {dagbag.py:537} INFO - Filling up the DagBag from /home/airflow/.local/lib/python3.7/site-packages/airflow/example_dags/example_latest_only.py
[2024-04-15T16:00:37.649+0000] {processor.py:766} INFO - DAG(s) dict_keys(['latest_only']) retrieved from /home/airflow/.local/lib/python3.7/site-packages/airflow/example_dags/example_latest_only.py
[2024-04-15T16:00:37.725+0000] {logging_mixin.py:120} INFO - [2024-04-15T16:00:37.725+0000] {dag.py:2585} INFO - Sync 1 DAGs
[2024-04-15T16:00:37.768+0000] {logging_mixin.py:120} INFO - [2024-04-15T16:00:37.768+0000] {dag.py:3340} INFO - Setting next_dagrun for latest_only to 2024-04-15T12:00:37.767777+00:00, run_after=2024-04-15T16:00:37.767777+00:00
[2024-04-15T16:00:37.800+0000] {processor.py:176} INFO - Processing /home/airflow/.local/lib/python3.7/site-packages/airflow/example_dags/example_latest_only.py took 0.201 seconds
[2024-04-15T16:01:08.503+0000] {processor.py:154} INFO - Started process (PID=21866) to work on /home/airflow/.local/lib/python3.7/site-packages/airflow/example_dags/example_latest_only.py
[2024-04-15T16:01:08.505+0000] {processor.py:756} INFO - Processing file /home/airflow/.local/lib/python3.7/site-packages/airflow/example_dags/example_latest_only.py for tasks to queue
[2024-04-15T16:01:08.508+0000] {logging_mixin.py:120} INFO - [2024-04-15T16:01:08.507+0000] {dagbag.py:537} INFO - Filling up the DagBag from /home/airflow/.local/lib/python3.7/site-packages/airflow/example_dags/example_latest_only.py
[2024-04-15T16:01:08.537+0000] {processor.py:766} INFO - DAG(s) dict_keys(['latest_only']) retrieved from /home/airflow/.local/lib/python3.7/site-packages/airflow/example_dags/example_latest_only.py
[2024-04-15T16:01:08.610+0000] {logging_mixin.py:120} INFO - [2024-04-15T16:01:08.609+0000] {dag.py:2585} INFO - Sync 1 DAGs
[2024-04-15T16:01:08.653+0000] {logging_mixin.py:120} INFO - [2024-04-15T16:01:08.653+0000] {dag.py:3340} INFO - Setting next_dagrun for latest_only to 2024-04-15T12:01:08.653103+00:00, run_after=2024-04-15T16:01:08.653103+00:00
[2024-04-15T16:01:08.702+0000] {processor.py:176} INFO - Processing /home/airflow/.local/lib/python3.7/site-packages/airflow/example_dags/example_latest_only.py took 0.207 seconds
[2024-04-15T16:01:39.771+0000] {processor.py:154} INFO - Started process (PID=21935) to work on /home/airflow/.local/lib/python3.7/site-packages/airflow/example_dags/example_latest_only.py
[2024-04-15T16:01:39.773+0000] {processor.py:756} INFO - Processing file /home/airflow/.local/lib/python3.7/site-packages/airflow/example_dags/example_latest_only.py for tasks to queue
[2024-04-15T16:01:39.775+0000] {logging_mixin.py:120} INFO - [2024-04-15T16:01:39.775+0000] {dagbag.py:537} INFO - Filling up the DagBag from /home/airflow/.local/lib/python3.7/site-packages/airflow/example_dags/example_latest_only.py
[2024-04-15T16:01:39.810+0000] {processor.py:766} INFO - DAG(s) dict_keys(['latest_only']) retrieved from /home/airflow/.local/lib/python3.7/site-packages/airflow/example_dags/example_latest_only.py
[2024-04-15T16:01:39.894+0000] {logging_mixin.py:120} INFO - [2024-04-15T16:01:39.894+0000] {dag.py:2585} INFO - Sync 1 DAGs
[2024-04-15T16:01:39.939+0000] {logging_mixin.py:120} INFO - [2024-04-15T16:01:39.939+0000] {dag.py:3340} INFO - Setting next_dagrun for latest_only to 2024-04-15T12:01:39.938735+00:00, run_after=2024-04-15T16:01:39.938735+00:00
[2024-04-15T16:01:39.971+0000] {processor.py:176} INFO - Processing /home/airflow/.local/lib/python3.7/site-packages/airflow/example_dags/example_latest_only.py took 0.206 seconds
[2024-04-15T16:02:10.602+0000] {processor.py:154} INFO - Started process (PID=22012) to work on /home/airflow/.local/lib/python3.7/site-packages/airflow/example_dags/example_latest_only.py
[2024-04-15T16:02:10.604+0000] {processor.py:756} INFO - Processing file /home/airflow/.local/lib/python3.7/site-packages/airflow/example_dags/example_latest_only.py for tasks to queue
[2024-04-15T16:02:10.606+0000] {logging_mixin.py:120} INFO - [2024-04-15T16:02:10.606+0000] {dagbag.py:537} INFO - Filling up the DagBag from /home/airflow/.local/lib/python3.7/site-packages/airflow/example_dags/example_latest_only.py
[2024-04-15T16:02:10.635+0000] {processor.py:766} INFO - DAG(s) dict_keys(['latest_only']) retrieved from /home/airflow/.local/lib/python3.7/site-packages/airflow/example_dags/example_latest_only.py
[2024-04-15T16:02:10.770+0000] {logging_mixin.py:120} INFO - [2024-04-15T16:02:10.769+0000] {dag.py:2585} INFO - Sync 1 DAGs
[2024-04-15T16:02:10.857+0000] {logging_mixin.py:120} INFO - [2024-04-15T16:02:10.856+0000] {dag.py:3340} INFO - Setting next_dagrun for latest_only to 2024-04-15T12:02:10.855657+00:00, run_after=2024-04-15T16:02:10.855657+00:00
[2024-04-15T16:02:10.899+0000] {processor.py:176} INFO - Processing /home/airflow/.local/lib/python3.7/site-packages/airflow/example_dags/example_latest_only.py took 0.303 seconds
[2024-04-15T16:02:41.686+0000] {processor.py:154} INFO - Started process (PID=22082) to work on /home/airflow/.local/lib/python3.7/site-packages/airflow/example_dags/example_latest_only.py
[2024-04-15T16:02:41.688+0000] {processor.py:756} INFO - Processing file /home/airflow/.local/lib/python3.7/site-packages/airflow/example_dags/example_latest_only.py for tasks to queue
[2024-04-15T16:02:41.690+0000] {logging_mixin.py:120} INFO - [2024-04-15T16:02:41.690+0000] {dagbag.py:537} INFO - Filling up the DagBag from /home/airflow/.local/lib/python3.7/site-packages/airflow/example_dags/example_latest_only.py
[2024-04-15T16:02:41.715+0000] {processor.py:766} INFO - DAG(s) dict_keys(['latest_only']) retrieved from /home/airflow/.local/lib/python3.7/site-packages/airflow/example_dags/example_latest_only.py
[2024-04-15T16:02:41.792+0000] {logging_mixin.py:120} INFO - [2024-04-15T16:02:41.792+0000] {dag.py:2585} INFO - Sync 1 DAGs
[2024-04-15T16:02:41.837+0000] {logging_mixin.py:120} INFO - [2024-04-15T16:02:41.837+0000] {dag.py:3340} INFO - Setting next_dagrun for latest_only to 2024-04-15T12:02:41.837388+00:00, run_after=2024-04-15T16:02:41.837388+00:00
[2024-04-15T16:02:41.869+0000] {processor.py:176} INFO - Processing /home/airflow/.local/lib/python3.7/site-packages/airflow/example_dags/example_latest_only.py took 0.189 seconds
[2024-04-15T16:03:12.147+0000] {processor.py:154} INFO - Started process (PID=22160) to work on /home/airflow/.local/lib/python3.7/site-packages/airflow/example_dags/example_latest_only.py
[2024-04-15T16:03:12.150+0000] {processor.py:756} INFO - Processing file /home/airflow/.local/lib/python3.7/site-packages/airflow/example_dags/example_latest_only.py for tasks to queue
[2024-04-15T16:03:12.152+0000] {logging_mixin.py:120} INFO - [2024-04-15T16:03:12.151+0000] {dagbag.py:537} INFO - Filling up the DagBag from /home/airflow/.local/lib/python3.7/site-packages/airflow/example_dags/example_latest_only.py
[2024-04-15T16:03:12.176+0000] {processor.py:766} INFO - DAG(s) dict_keys(['latest_only']) retrieved from /home/airflow/.local/lib/python3.7/site-packages/airflow/example_dags/example_latest_only.py
[2024-04-15T16:03:12.244+0000] {logging_mixin.py:120} INFO - [2024-04-15T16:03:12.244+0000] {dag.py:2585} INFO - Sync 1 DAGs
[2024-04-15T16:03:12.287+0000] {logging_mixin.py:120} INFO - [2024-04-15T16:03:12.287+0000] {dag.py:3340} INFO - Setting next_dagrun for latest_only to 2024-04-15T12:03:12.287076+00:00, run_after=2024-04-15T16:03:12.287076+00:00
[2024-04-15T16:03:12.318+0000] {processor.py:176} INFO - Processing /home/airflow/.local/lib/python3.7/site-packages/airflow/example_dags/example_latest_only.py took 0.180 seconds
[2024-04-15T16:03:42.810+0000] {processor.py:154} INFO - Started process (PID=22228) to work on /home/airflow/.local/lib/python3.7/site-packages/airflow/example_dags/example_latest_only.py
[2024-04-15T16:03:42.819+0000] {processor.py:756} INFO - Processing file /home/airflow/.local/lib/python3.7/site-packages/airflow/example_dags/example_latest_only.py for tasks to queue
[2024-04-15T16:03:42.823+0000] {logging_mixin.py:120} INFO - [2024-04-15T16:03:42.822+0000] {dagbag.py:537} INFO - Filling up the DagBag from /home/airflow/.local/lib/python3.7/site-packages/airflow/example_dags/example_latest_only.py
[2024-04-15T16:03:42.855+0000] {processor.py:766} INFO - DAG(s) dict_keys(['latest_only']) retrieved from /home/airflow/.local/lib/python3.7/site-packages/airflow/example_dags/example_latest_only.py
[2024-04-15T16:03:42.942+0000] {logging_mixin.py:120} INFO - [2024-04-15T16:03:42.942+0000] {dag.py:2585} INFO - Sync 1 DAGs
[2024-04-15T16:03:42.992+0000] {logging_mixin.py:120} INFO - [2024-04-15T16:03:42.992+0000] {dag.py:3340} INFO - Setting next_dagrun for latest_only to 2024-04-15T12:03:42.991976+00:00, run_after=2024-04-15T16:03:42.991976+00:00
[2024-04-15T16:03:43.033+0000] {processor.py:176} INFO - Processing /home/airflow/.local/lib/python3.7/site-packages/airflow/example_dags/example_latest_only.py took 0.231 seconds
[2024-04-15T16:04:13.709+0000] {processor.py:154} INFO - Started process (PID=22305) to work on /home/airflow/.local/lib/python3.7/site-packages/airflow/example_dags/example_latest_only.py
[2024-04-15T16:04:13.711+0000] {processor.py:756} INFO - Processing file /home/airflow/.local/lib/python3.7/site-packages/airflow/example_dags/example_latest_only.py for tasks to queue
[2024-04-15T16:04:13.714+0000] {logging_mixin.py:120} INFO - [2024-04-15T16:04:13.713+0000] {dagbag.py:537} INFO - Filling up the DagBag from /home/airflow/.local/lib/python3.7/site-packages/airflow/example_dags/example_latest_only.py
[2024-04-15T16:04:13.742+0000] {processor.py:766} INFO - DAG(s) dict_keys(['latest_only']) retrieved from /home/airflow/.local/lib/python3.7/site-packages/airflow/example_dags/example_latest_only.py
[2024-04-15T16:04:13.954+0000] {logging_mixin.py:120} INFO - [2024-04-15T16:04:13.954+0000] {dag.py:2585} INFO - Sync 1 DAGs
[2024-04-15T16:04:14.075+0000] {logging_mixin.py:120} INFO - [2024-04-15T16:04:14.074+0000] {dag.py:3340} INFO - Setting next_dagrun for latest_only to 2024-04-15T12:04:14.073603+00:00, run_after=2024-04-15T16:04:14.073603+00:00
[2024-04-15T16:04:14.140+0000] {processor.py:176} INFO - Processing /home/airflow/.local/lib/python3.7/site-packages/airflow/example_dags/example_latest_only.py took 0.437 seconds
[2024-04-15T16:04:44.205+0000] {processor.py:154} INFO - Started process (PID=22374) to work on /home/airflow/.local/lib/python3.7/site-packages/airflow/example_dags/example_latest_only.py
[2024-04-15T16:04:44.208+0000] {processor.py:756} INFO - Processing file /home/airflow/.local/lib/python3.7/site-packages/airflow/example_dags/example_latest_only.py for tasks to queue
[2024-04-15T16:04:44.210+0000] {logging_mixin.py:120} INFO - [2024-04-15T16:04:44.210+0000] {dagbag.py:537} INFO - Filling up the DagBag from /home/airflow/.local/lib/python3.7/site-packages/airflow/example_dags/example_latest_only.py
[2024-04-15T16:04:44.245+0000] {processor.py:766} INFO - DAG(s) dict_keys(['latest_only']) retrieved from /home/airflow/.local/lib/python3.7/site-packages/airflow/example_dags/example_latest_only.py
[2024-04-15T16:04:44.330+0000] {logging_mixin.py:120} INFO - [2024-04-15T16:04:44.329+0000] {dag.py:2585} INFO - Sync 1 DAGs
[2024-04-15T16:04:44.376+0000] {logging_mixin.py:120} INFO - [2024-04-15T16:04:44.375+0000] {dag.py:3340} INFO - Setting next_dagrun for latest_only to 2024-04-15T12:04:44.375053+00:00, run_after=2024-04-15T16:04:44.375053+00:00
[2024-04-15T16:04:44.410+0000] {processor.py:176} INFO - Processing /home/airflow/.local/lib/python3.7/site-packages/airflow/example_dags/example_latest_only.py took 0.211 seconds
[2024-04-15T16:05:14.963+0000] {processor.py:154} INFO - Started process (PID=22454) to work on /home/airflow/.local/lib/python3.7/site-packages/airflow/example_dags/example_latest_only.py
[2024-04-15T16:05:14.964+0000] {processor.py:756} INFO - Processing file /home/airflow/.local/lib/python3.7/site-packages/airflow/example_dags/example_latest_only.py for tasks to queue
[2024-04-15T16:05:14.966+0000] {logging_mixin.py:120} INFO - [2024-04-15T16:05:14.966+0000] {dagbag.py:537} INFO - Filling up the DagBag from /home/airflow/.local/lib/python3.7/site-packages/airflow/example_dags/example_latest_only.py
[2024-04-15T16:05:14.991+0000] {processor.py:766} INFO - DAG(s) dict_keys(['latest_only']) retrieved from /home/airflow/.local/lib/python3.7/site-packages/airflow/example_dags/example_latest_only.py
[2024-04-15T16:05:15.065+0000] {logging_mixin.py:120} INFO - [2024-04-15T16:05:15.065+0000] {dag.py:2585} INFO - Sync 1 DAGs
[2024-04-15T16:05:15.108+0000] {logging_mixin.py:120} INFO - [2024-04-15T16:05:15.108+0000] {dag.py:3340} INFO - Setting next_dagrun for latest_only to 2024-04-15T12:05:15.107980+00:00, run_after=2024-04-15T16:05:15.107980+00:00
[2024-04-15T16:05:15.147+0000] {processor.py:176} INFO - Processing /home/airflow/.local/lib/python3.7/site-packages/airflow/example_dags/example_latest_only.py took 0.189 seconds
[2024-04-15T16:05:45.388+0000] {processor.py:154} INFO - Started process (PID=22530) to work on /home/airflow/.local/lib/python3.7/site-packages/airflow/example_dags/example_latest_only.py
[2024-04-15T16:05:45.391+0000] {processor.py:756} INFO - Processing file /home/airflow/.local/lib/python3.7/site-packages/airflow/example_dags/example_latest_only.py for tasks to queue
[2024-04-15T16:05:45.393+0000] {logging_mixin.py:120} INFO - [2024-04-15T16:05:45.393+0000] {dagbag.py:537} INFO - Filling up the DagBag from /home/airflow/.local/lib/python3.7/site-packages/airflow/example_dags/example_latest_only.py
[2024-04-15T16:05:45.425+0000] {processor.py:766} INFO - DAG(s) dict_keys(['latest_only']) retrieved from /home/airflow/.local/lib/python3.7/site-packages/airflow/example_dags/example_latest_only.py
[2024-04-15T16:05:45.489+0000] {logging_mixin.py:120} INFO - [2024-04-15T16:05:45.489+0000] {dag.py:2585} INFO - Sync 1 DAGs
[2024-04-15T16:05:45.530+0000] {logging_mixin.py:120} INFO - [2024-04-15T16:05:45.530+0000] {dag.py:3340} INFO - Setting next_dagrun for latest_only to 2024-04-15T12:05:45.529666+00:00, run_after=2024-04-15T16:05:45.529666+00:00
[2024-04-15T16:05:45.559+0000] {processor.py:176} INFO - Processing /home/airflow/.local/lib/python3.7/site-packages/airflow/example_dags/example_latest_only.py took 0.179 seconds
[2024-04-15T16:06:16.362+0000] {processor.py:154} INFO - Started process (PID=22600) to work on /home/airflow/.local/lib/python3.7/site-packages/airflow/example_dags/example_latest_only.py
[2024-04-15T16:06:16.368+0000] {processor.py:756} INFO - Processing file /home/airflow/.local/lib/python3.7/site-packages/airflow/example_dags/example_latest_only.py for tasks to queue
[2024-04-15T16:06:16.372+0000] {logging_mixin.py:120} INFO - [2024-04-15T16:06:16.372+0000] {dagbag.py:537} INFO - Filling up the DagBag from /home/airflow/.local/lib/python3.7/site-packages/airflow/example_dags/example_latest_only.py
[2024-04-15T16:06:16.411+0000] {processor.py:766} INFO - DAG(s) dict_keys(['latest_only']) retrieved from /home/airflow/.local/lib/python3.7/site-packages/airflow/example_dags/example_latest_only.py
[2024-04-15T16:06:16.513+0000] {logging_mixin.py:120} INFO - [2024-04-15T16:06:16.513+0000] {dag.py:2585} INFO - Sync 1 DAGs
[2024-04-15T16:06:16.604+0000] {logging_mixin.py:120} INFO - [2024-04-15T16:06:16.604+0000] {dag.py:3340} INFO - Setting next_dagrun for latest_only to 2024-04-15T12:06:16.603556+00:00, run_after=2024-04-15T16:06:16.603556+00:00
[2024-04-15T16:06:16.642+0000] {processor.py:176} INFO - Processing /home/airflow/.local/lib/python3.7/site-packages/airflow/example_dags/example_latest_only.py took 0.297 seconds
[2024-04-15T16:06:47.216+0000] {processor.py:154} INFO - Started process (PID=22679) to work on /home/airflow/.local/lib/python3.7/site-packages/airflow/example_dags/example_latest_only.py
[2024-04-15T16:06:47.220+0000] {processor.py:756} INFO - Processing file /home/airflow/.local/lib/python3.7/site-packages/airflow/example_dags/example_latest_only.py for tasks to queue
[2024-04-15T16:06:47.222+0000] {logging_mixin.py:120} INFO - [2024-04-15T16:06:47.222+0000] {dagbag.py:537} INFO - Filling up the DagBag from /home/airflow/.local/lib/python3.7/site-packages/airflow/example_dags/example_latest_only.py
[2024-04-15T16:06:47.262+0000] {processor.py:766} INFO - DAG(s) dict_keys(['latest_only']) retrieved from /home/airflow/.local/lib/python3.7/site-packages/airflow/example_dags/example_latest_only.py
[2024-04-15T16:06:47.336+0000] {logging_mixin.py:120} INFO - [2024-04-15T16:06:47.336+0000] {dag.py:2585} INFO - Sync 1 DAGs
[2024-04-15T16:06:47.395+0000] {logging_mixin.py:120} INFO - [2024-04-15T16:06:47.394+0000] {dag.py:3340} INFO - Setting next_dagrun for latest_only to 2024-04-15T12:06:47.393931+00:00, run_after=2024-04-15T16:06:47.393931+00:00
[2024-04-15T16:06:47.429+0000] {processor.py:176} INFO - Processing /home/airflow/.local/lib/python3.7/site-packages/airflow/example_dags/example_latest_only.py took 0.227 seconds
[2024-04-15T16:07:18.186+0000] {processor.py:154} INFO - Started process (PID=22748) to work on /home/airflow/.local/lib/python3.7/site-packages/airflow/example_dags/example_latest_only.py
[2024-04-15T16:07:18.189+0000] {processor.py:756} INFO - Processing file /home/airflow/.local/lib/python3.7/site-packages/airflow/example_dags/example_latest_only.py for tasks to queue
[2024-04-15T16:07:18.190+0000] {logging_mixin.py:120} INFO - [2024-04-15T16:07:18.190+0000] {dagbag.py:537} INFO - Filling up the DagBag from /home/airflow/.local/lib/python3.7/site-packages/airflow/example_dags/example_latest_only.py
[2024-04-15T16:07:18.221+0000] {processor.py:766} INFO - DAG(s) dict_keys(['latest_only']) retrieved from /home/airflow/.local/lib/python3.7/site-packages/airflow/example_dags/example_latest_only.py
[2024-04-15T16:07:18.301+0000] {logging_mixin.py:120} INFO - [2024-04-15T16:07:18.300+0000] {dag.py:2585} INFO - Sync 1 DAGs
[2024-04-15T16:07:18.342+0000] {logging_mixin.py:120} INFO - [2024-04-15T16:07:18.341+0000] {dag.py:3340} INFO - Setting next_dagrun for latest_only to 2024-04-15T12:07:18.341594+00:00, run_after=2024-04-15T16:07:18.341594+00:00
[2024-04-15T16:07:18.375+0000] {processor.py:176} INFO - Processing /home/airflow/.local/lib/python3.7/site-packages/airflow/example_dags/example_latest_only.py took 0.196 seconds
[2024-04-15T16:07:48.499+0000] {processor.py:154} INFO - Started process (PID=22824) to work on /home/airflow/.local/lib/python3.7/site-packages/airflow/example_dags/example_latest_only.py
[2024-04-15T16:07:48.502+0000] {processor.py:756} INFO - Processing file /home/airflow/.local/lib/python3.7/site-packages/airflow/example_dags/example_latest_only.py for tasks to queue
[2024-04-15T16:07:48.504+0000] {logging_mixin.py:120} INFO - [2024-04-15T16:07:48.504+0000] {dagbag.py:537} INFO - Filling up the DagBag from /home/airflow/.local/lib/python3.7/site-packages/airflow/example_dags/example_latest_only.py
[2024-04-15T16:07:48.536+0000] {processor.py:766} INFO - DAG(s) dict_keys(['latest_only']) retrieved from /home/airflow/.local/lib/python3.7/site-packages/airflow/example_dags/example_latest_only.py
[2024-04-15T16:07:48.614+0000] {logging_mixin.py:120} INFO - [2024-04-15T16:07:48.614+0000] {dag.py:2585} INFO - Sync 1 DAGs
[2024-04-15T16:07:48.663+0000] {logging_mixin.py:120} INFO - [2024-04-15T16:07:48.662+0000] {dag.py:3340} INFO - Setting next_dagrun for latest_only to 2024-04-15T12:07:48.662570+00:00, run_after=2024-04-15T16:07:48.662570+00:00
[2024-04-15T16:07:48.694+0000] {processor.py:176} INFO - Processing /home/airflow/.local/lib/python3.7/site-packages/airflow/example_dags/example_latest_only.py took 0.202 seconds
[2024-04-15T16:08:19.016+0000] {processor.py:154} INFO - Started process (PID=22893) to work on /home/airflow/.local/lib/python3.7/site-packages/airflow/example_dags/example_latest_only.py
[2024-04-15T16:08:19.019+0000] {processor.py:756} INFO - Processing file /home/airflow/.local/lib/python3.7/site-packages/airflow/example_dags/example_latest_only.py for tasks to queue
[2024-04-15T16:08:19.021+0000] {logging_mixin.py:120} INFO - [2024-04-15T16:08:19.021+0000] {dagbag.py:537} INFO - Filling up the DagBag from /home/airflow/.local/lib/python3.7/site-packages/airflow/example_dags/example_latest_only.py
[2024-04-15T16:08:19.053+0000] {processor.py:766} INFO - DAG(s) dict_keys(['latest_only']) retrieved from /home/airflow/.local/lib/python3.7/site-packages/airflow/example_dags/example_latest_only.py
[2024-04-15T16:08:19.143+0000] {logging_mixin.py:120} INFO - [2024-04-15T16:08:19.143+0000] {dag.py:2585} INFO - Sync 1 DAGs
[2024-04-15T16:08:19.198+0000] {logging_mixin.py:120} INFO - [2024-04-15T16:08:19.198+0000] {dag.py:3340} INFO - Setting next_dagrun for latest_only to 2024-04-15T12:08:19.197513+00:00, run_after=2024-04-15T16:08:19.197513+00:00
[2024-04-15T16:08:19.236+0000] {processor.py:176} INFO - Processing /home/airflow/.local/lib/python3.7/site-packages/airflow/example_dags/example_latest_only.py took 0.228 seconds
[2024-04-15T16:08:50.082+0000] {processor.py:154} INFO - Started process (PID=22970) to work on /home/airflow/.local/lib/python3.7/site-packages/airflow/example_dags/example_latest_only.py
[2024-04-15T16:08:50.084+0000] {processor.py:756} INFO - Processing file /home/airflow/.local/lib/python3.7/site-packages/airflow/example_dags/example_latest_only.py for tasks to queue
[2024-04-15T16:08:50.085+0000] {logging_mixin.py:120} INFO - [2024-04-15T16:08:50.085+0000] {dagbag.py:537} INFO - Filling up the DagBag from /home/airflow/.local/lib/python3.7/site-packages/airflow/example_dags/example_latest_only.py
[2024-04-15T16:08:50.110+0000] {processor.py:766} INFO - DAG(s) dict_keys(['latest_only']) retrieved from /home/airflow/.local/lib/python3.7/site-packages/airflow/example_dags/example_latest_only.py
[2024-04-15T16:08:50.176+0000] {logging_mixin.py:120} INFO - [2024-04-15T16:08:50.176+0000] {dag.py:2585} INFO - Sync 1 DAGs
[2024-04-15T16:08:50.217+0000] {logging_mixin.py:120} INFO - [2024-04-15T16:08:50.216+0000] {dag.py:3340} INFO - Setting next_dagrun for latest_only to 2024-04-15T12:08:50.216610+00:00, run_after=2024-04-15T16:08:50.216610+00:00
[2024-04-15T16:08:50.254+0000] {processor.py:176} INFO - Processing /home/airflow/.local/lib/python3.7/site-packages/airflow/example_dags/example_latest_only.py took 0.186 seconds
[2024-04-15T16:09:20.678+0000] {processor.py:154} INFO - Started process (PID=23047) to work on /home/airflow/.local/lib/python3.7/site-packages/airflow/example_dags/example_latest_only.py
[2024-04-15T16:09:20.680+0000] {processor.py:756} INFO - Processing file /home/airflow/.local/lib/python3.7/site-packages/airflow/example_dags/example_latest_only.py for tasks to queue
[2024-04-15T16:09:20.682+0000] {logging_mixin.py:120} INFO - [2024-04-15T16:09:20.682+0000] {dagbag.py:537} INFO - Filling up the DagBag from /home/airflow/.local/lib/python3.7/site-packages/airflow/example_dags/example_latest_only.py
[2024-04-15T16:09:20.712+0000] {processor.py:766} INFO - DAG(s) dict_keys(['latest_only']) retrieved from /home/airflow/.local/lib/python3.7/site-packages/airflow/example_dags/example_latest_only.py
[2024-04-15T16:09:20.780+0000] {logging_mixin.py:120} INFO - [2024-04-15T16:09:20.780+0000] {dag.py:2585} INFO - Sync 1 DAGs
[2024-04-15T16:09:20.826+0000] {logging_mixin.py:120} INFO - [2024-04-15T16:09:20.826+0000] {dag.py:3340} INFO - Setting next_dagrun for latest_only to 2024-04-15T12:09:20.825856+00:00, run_after=2024-04-15T16:09:20.825856+00:00
[2024-04-15T16:09:20.870+0000] {processor.py:176} INFO - Processing /home/airflow/.local/lib/python3.7/site-packages/airflow/example_dags/example_latest_only.py took 0.199 seconds
[2024-04-15T16:09:51.188+0000] {processor.py:154} INFO - Started process (PID=23116) to work on /home/airflow/.local/lib/python3.7/site-packages/airflow/example_dags/example_latest_only.py
[2024-04-15T16:09:51.191+0000] {processor.py:756} INFO - Processing file /home/airflow/.local/lib/python3.7/site-packages/airflow/example_dags/example_latest_only.py for tasks to queue
[2024-04-15T16:09:51.195+0000] {logging_mixin.py:120} INFO - [2024-04-15T16:09:51.194+0000] {dagbag.py:537} INFO - Filling up the DagBag from /home/airflow/.local/lib/python3.7/site-packages/airflow/example_dags/example_latest_only.py
[2024-04-15T16:09:51.229+0000] {processor.py:766} INFO - DAG(s) dict_keys(['latest_only']) retrieved from /home/airflow/.local/lib/python3.7/site-packages/airflow/example_dags/example_latest_only.py
[2024-04-15T16:09:51.335+0000] {logging_mixin.py:120} INFO - [2024-04-15T16:09:51.334+0000] {dag.py:2585} INFO - Sync 1 DAGs
[2024-04-15T16:09:51.403+0000] {logging_mixin.py:120} INFO - [2024-04-15T16:09:51.403+0000] {dag.py:3340} INFO - Setting next_dagrun for latest_only to 2024-04-15T12:09:51.402812+00:00, run_after=2024-04-15T16:09:51.402812+00:00
[2024-04-15T16:09:51.433+0000] {processor.py:176} INFO - Processing /home/airflow/.local/lib/python3.7/site-packages/airflow/example_dags/example_latest_only.py took 0.259 seconds
[2024-04-15T16:10:21.847+0000] {processor.py:154} INFO - Started process (PID=23194) to work on /home/airflow/.local/lib/python3.7/site-packages/airflow/example_dags/example_latest_only.py
[2024-04-15T16:10:21.850+0000] {processor.py:756} INFO - Processing file /home/airflow/.local/lib/python3.7/site-packages/airflow/example_dags/example_latest_only.py for tasks to queue
[2024-04-15T16:10:21.853+0000] {logging_mixin.py:120} INFO - [2024-04-15T16:10:21.853+0000] {dagbag.py:537} INFO - Filling up the DagBag from /home/airflow/.local/lib/python3.7/site-packages/airflow/example_dags/example_latest_only.py
[2024-04-15T16:10:21.881+0000] {processor.py:766} INFO - DAG(s) dict_keys(['latest_only']) retrieved from /home/airflow/.local/lib/python3.7/site-packages/airflow/example_dags/example_latest_only.py
[2024-04-15T16:10:21.949+0000] {logging_mixin.py:120} INFO - [2024-04-15T16:10:21.949+0000] {dag.py:2585} INFO - Sync 1 DAGs
[2024-04-15T16:10:21.991+0000] {logging_mixin.py:120} INFO - [2024-04-15T16:10:21.991+0000] {dag.py:3340} INFO - Setting next_dagrun for latest_only to 2024-04-15T12:10:21.990677+00:00, run_after=2024-04-15T16:10:21.990677+00:00
[2024-04-15T16:10:22.022+0000] {processor.py:176} INFO - Processing /home/airflow/.local/lib/python3.7/site-packages/airflow/example_dags/example_latest_only.py took 0.187 seconds
[2024-04-15T16:10:52.747+0000] {processor.py:154} INFO - Started process (PID=23264) to work on /home/airflow/.local/lib/python3.7/site-packages/airflow/example_dags/example_latest_only.py
[2024-04-15T16:10:52.750+0000] {processor.py:756} INFO - Processing file /home/airflow/.local/lib/python3.7/site-packages/airflow/example_dags/example_latest_only.py for tasks to queue
[2024-04-15T16:10:52.753+0000] {logging_mixin.py:120} INFO - [2024-04-15T16:10:52.753+0000] {dagbag.py:537} INFO - Filling up the DagBag from /home/airflow/.local/lib/python3.7/site-packages/airflow/example_dags/example_latest_only.py
[2024-04-15T16:10:52.779+0000] {processor.py:766} INFO - DAG(s) dict_keys(['latest_only']) retrieved from /home/airflow/.local/lib/python3.7/site-packages/airflow/example_dags/example_latest_only.py
[2024-04-15T16:10:52.868+0000] {logging_mixin.py:120} INFO - [2024-04-15T16:10:52.867+0000] {dag.py:2585} INFO - Sync 1 DAGs
[2024-04-15T16:10:52.919+0000] {logging_mixin.py:120} INFO - [2024-04-15T16:10:52.919+0000] {dag.py:3340} INFO - Setting next_dagrun for latest_only to 2024-04-15T12:10:52.918755+00:00, run_after=2024-04-15T16:10:52.918755+00:00
[2024-04-15T16:10:52.951+0000] {processor.py:176} INFO - Processing /home/airflow/.local/lib/python3.7/site-packages/airflow/example_dags/example_latest_only.py took 0.210 seconds
[2024-04-15T16:11:23.635+0000] {processor.py:154} INFO - Started process (PID=23342) to work on /home/airflow/.local/lib/python3.7/site-packages/airflow/example_dags/example_latest_only.py
[2024-04-15T16:11:23.638+0000] {processor.py:756} INFO - Processing file /home/airflow/.local/lib/python3.7/site-packages/airflow/example_dags/example_latest_only.py for tasks to queue
[2024-04-15T16:11:23.643+0000] {logging_mixin.py:120} INFO - [2024-04-15T16:11:23.643+0000] {dagbag.py:537} INFO - Filling up the DagBag from /home/airflow/.local/lib/python3.7/site-packages/airflow/example_dags/example_latest_only.py
[2024-04-15T16:11:23.668+0000] {processor.py:766} INFO - DAG(s) dict_keys(['latest_only']) retrieved from /home/airflow/.local/lib/python3.7/site-packages/airflow/example_dags/example_latest_only.py
[2024-04-15T16:11:23.743+0000] {logging_mixin.py:120} INFO - [2024-04-15T16:11:23.743+0000] {dag.py:2585} INFO - Sync 1 DAGs
[2024-04-15T16:11:23.783+0000] {logging_mixin.py:120} INFO - [2024-04-15T16:11:23.783+0000] {dag.py:3340} INFO - Setting next_dagrun for latest_only to 2024-04-15T12:11:23.782694+00:00, run_after=2024-04-15T16:11:23.782694+00:00
[2024-04-15T16:11:23.816+0000] {processor.py:176} INFO - Processing /home/airflow/.local/lib/python3.7/site-packages/airflow/example_dags/example_latest_only.py took 0.187 seconds
[2024-04-15T16:11:54.007+0000] {processor.py:154} INFO - Started process (PID=23419) to work on /home/airflow/.local/lib/python3.7/site-packages/airflow/example_dags/example_latest_only.py
[2024-04-15T16:11:54.009+0000] {processor.py:756} INFO - Processing file /home/airflow/.local/lib/python3.7/site-packages/airflow/example_dags/example_latest_only.py for tasks to queue
[2024-04-15T16:11:54.014+0000] {logging_mixin.py:120} INFO - [2024-04-15T16:11:54.014+0000] {dagbag.py:537} INFO - Filling up the DagBag from /home/airflow/.local/lib/python3.7/site-packages/airflow/example_dags/example_latest_only.py
[2024-04-15T16:11:54.039+0000] {processor.py:766} INFO - DAG(s) dict_keys(['latest_only']) retrieved from /home/airflow/.local/lib/python3.7/site-packages/airflow/example_dags/example_latest_only.py
[2024-04-15T16:11:54.116+0000] {logging_mixin.py:120} INFO - [2024-04-15T16:11:54.115+0000] {dag.py:2585} INFO - Sync 1 DAGs
[2024-04-15T16:11:54.159+0000] {logging_mixin.py:120} INFO - [2024-04-15T16:11:54.159+0000] {dag.py:3340} INFO - Setting next_dagrun for latest_only to 2024-04-15T12:11:54.159141+00:00, run_after=2024-04-15T16:11:54.159141+00:00
[2024-04-15T16:11:54.192+0000] {processor.py:176} INFO - Processing /home/airflow/.local/lib/python3.7/site-packages/airflow/example_dags/example_latest_only.py took 0.192 seconds
[2024-04-15T16:12:24.688+0000] {processor.py:154} INFO - Started process (PID=23487) to work on /home/airflow/.local/lib/python3.7/site-packages/airflow/example_dags/example_latest_only.py
[2024-04-15T16:12:24.691+0000] {processor.py:756} INFO - Processing file /home/airflow/.local/lib/python3.7/site-packages/airflow/example_dags/example_latest_only.py for tasks to queue
[2024-04-15T16:12:24.694+0000] {logging_mixin.py:120} INFO - [2024-04-15T16:12:24.693+0000] {dagbag.py:537} INFO - Filling up the DagBag from /home/airflow/.local/lib/python3.7/site-packages/airflow/example_dags/example_latest_only.py
[2024-04-15T16:12:24.725+0000] {processor.py:766} INFO - DAG(s) dict_keys(['latest_only']) retrieved from /home/airflow/.local/lib/python3.7/site-packages/airflow/example_dags/example_latest_only.py
[2024-04-15T16:12:24.812+0000] {logging_mixin.py:120} INFO - [2024-04-15T16:12:24.811+0000] {dag.py:2585} INFO - Sync 1 DAGs
[2024-04-15T16:12:24.865+0000] {logging_mixin.py:120} INFO - [2024-04-15T16:12:24.864+0000] {dag.py:3340} INFO - Setting next_dagrun for latest_only to 2024-04-15T12:12:24.864405+00:00, run_after=2024-04-15T16:12:24.864405+00:00
[2024-04-15T16:12:24.905+0000] {processor.py:176} INFO - Processing /home/airflow/.local/lib/python3.7/site-packages/airflow/example_dags/example_latest_only.py took 0.225 seconds
[2024-04-15T16:12:55.004+0000] {processor.py:154} INFO - Started process (PID=23566) to work on /home/airflow/.local/lib/python3.7/site-packages/airflow/example_dags/example_latest_only.py
[2024-04-15T16:12:55.008+0000] {processor.py:756} INFO - Processing file /home/airflow/.local/lib/python3.7/site-packages/airflow/example_dags/example_latest_only.py for tasks to queue
[2024-04-15T16:12:55.010+0000] {logging_mixin.py:120} INFO - [2024-04-15T16:12:55.010+0000] {dagbag.py:537} INFO - Filling up the DagBag from /home/airflow/.local/lib/python3.7/site-packages/airflow/example_dags/example_latest_only.py
[2024-04-15T16:12:55.049+0000] {processor.py:766} INFO - DAG(s) dict_keys(['latest_only']) retrieved from /home/airflow/.local/lib/python3.7/site-packages/airflow/example_dags/example_latest_only.py
[2024-04-15T16:12:55.127+0000] {logging_mixin.py:120} INFO - [2024-04-15T16:12:55.127+0000] {dag.py:2585} INFO - Sync 1 DAGs
[2024-04-15T16:12:55.175+0000] {logging_mixin.py:120} INFO - [2024-04-15T16:12:55.174+0000] {dag.py:3340} INFO - Setting next_dagrun for latest_only to 2024-04-15T12:12:55.174578+00:00, run_after=2024-04-15T16:12:55.174578+00:00
[2024-04-15T16:12:55.211+0000] {processor.py:176} INFO - Processing /home/airflow/.local/lib/python3.7/site-packages/airflow/example_dags/example_latest_only.py took 0.217 seconds
[2024-04-15T16:13:25.768+0000] {processor.py:154} INFO - Started process (PID=23635) to work on /home/airflow/.local/lib/python3.7/site-packages/airflow/example_dags/example_latest_only.py
[2024-04-15T16:13:25.770+0000] {processor.py:756} INFO - Processing file /home/airflow/.local/lib/python3.7/site-packages/airflow/example_dags/example_latest_only.py for tasks to queue
[2024-04-15T16:13:25.772+0000] {logging_mixin.py:120} INFO - [2024-04-15T16:13:25.772+0000] {dagbag.py:537} INFO - Filling up the DagBag from /home/airflow/.local/lib/python3.7/site-packages/airflow/example_dags/example_latest_only.py
[2024-04-15T16:13:25.803+0000] {processor.py:766} INFO - DAG(s) dict_keys(['latest_only']) retrieved from /home/airflow/.local/lib/python3.7/site-packages/airflow/example_dags/example_latest_only.py
[2024-04-15T16:13:25.871+0000] {logging_mixin.py:120} INFO - [2024-04-15T16:13:25.871+0000] {dag.py:2585} INFO - Sync 1 DAGs
[2024-04-15T16:13:25.911+0000] {logging_mixin.py:120} INFO - [2024-04-15T16:13:25.910+0000] {dag.py:3340} INFO - Setting next_dagrun for latest_only to 2024-04-15T12:13:25.910611+00:00, run_after=2024-04-15T16:13:25.910611+00:00
[2024-04-15T16:13:25.944+0000] {processor.py:176} INFO - Processing /home/airflow/.local/lib/python3.7/site-packages/airflow/example_dags/example_latest_only.py took 0.181 seconds
[2024-04-15T16:20:23.264+0000] {processor.py:154} INFO - Started process (PID=23702) to work on /home/airflow/.local/lib/python3.7/site-packages/airflow/example_dags/example_latest_only.py
[2024-04-15T16:20:23.268+0000] {processor.py:756} INFO - Processing file /home/airflow/.local/lib/python3.7/site-packages/airflow/example_dags/example_latest_only.py for tasks to queue
[2024-04-15T16:20:23.271+0000] {logging_mixin.py:120} INFO - [2024-04-15T16:20:23.270+0000] {dagbag.py:537} INFO - Filling up the DagBag from /home/airflow/.local/lib/python3.7/site-packages/airflow/example_dags/example_latest_only.py
[2024-04-15T16:20:23.314+0000] {processor.py:766} INFO - DAG(s) dict_keys(['latest_only']) retrieved from /home/airflow/.local/lib/python3.7/site-packages/airflow/example_dags/example_latest_only.py
[2024-04-15T16:20:23.390+0000] {logging_mixin.py:120} INFO - [2024-04-15T16:20:23.390+0000] {dag.py:2585} INFO - Sync 1 DAGs
[2024-04-15T16:20:23.451+0000] {logging_mixin.py:120} INFO - [2024-04-15T16:20:23.451+0000] {dag.py:3340} INFO - Setting next_dagrun for latest_only to 2024-04-15T12:20:23.450941+00:00, run_after=2024-04-15T16:20:23.450941+00:00
[2024-04-15T16:20:23.496+0000] {processor.py:176} INFO - Processing /home/airflow/.local/lib/python3.7/site-packages/airflow/example_dags/example_latest_only.py took 0.237 seconds
