[2024-04-15T05:30:10.129+0000] {processor.py:154} INFO - Started process (PID=18795) to work on /home/airflow/.local/lib/python3.7/site-packages/airflow/example_dags/example_latest_only_with_trigger.py
[2024-04-15T05:30:10.133+0000] {processor.py:756} INFO - Processing file /home/airflow/.local/lib/python3.7/site-packages/airflow/example_dags/example_latest_only_with_trigger.py for tasks to queue
[2024-04-15T05:30:10.150+0000] {logging_mixin.py:120} INFO - [2024-04-15T05:30:10.150+0000] {dagbag.py:537} INFO - Filling up the DagBag from /home/airflow/.local/lib/python3.7/site-packages/airflow/example_dags/example_latest_only_with_trigger.py
[2024-04-15T05:30:11.063+0000] {processor.py:766} INFO - DAG(s) dict_keys(['latest_only_with_trigger']) retrieved from /home/airflow/.local/lib/python3.7/site-packages/airflow/example_dags/example_latest_only_with_trigger.py
[2024-04-15T05:30:16.742+0000] {logging_mixin.py:120} INFO - [2024-04-15T05:30:16.741+0000] {dag.py:2585} INFO - Sync 1 DAGs
[2024-04-15T05:30:22.468+0000] {logging_mixin.py:120} INFO - [2024-04-15T05:30:22.372+0000] {dag.py:3340} INFO - Setting next_dagrun for latest_only_with_trigger to 2024-04-15T01:30:21.891400+00:00, run_after=2024-04-15T05:30:21.891400+00:00
[2024-04-15T05:30:24.853+0000] {processor.py:176} INFO - Processing /home/airflow/.local/lib/python3.7/site-packages/airflow/example_dags/example_latest_only_with_trigger.py took 14.758 seconds
[2024-04-15T15:40:36.451+0000] {processor.py:154} INFO - Started process (PID=18888) to work on /home/airflow/.local/lib/python3.7/site-packages/airflow/example_dags/example_latest_only_with_trigger.py
[2024-04-15T15:40:36.454+0000] {processor.py:756} INFO - Processing file /home/airflow/.local/lib/python3.7/site-packages/airflow/example_dags/example_latest_only_with_trigger.py for tasks to queue
[2024-04-15T15:40:36.456+0000] {logging_mixin.py:120} INFO - [2024-04-15T15:40:36.455+0000] {dagbag.py:537} INFO - Filling up the DagBag from /home/airflow/.local/lib/python3.7/site-packages/airflow/example_dags/example_latest_only_with_trigger.py
[2024-04-15T15:40:36.482+0000] {processor.py:766} INFO - DAG(s) dict_keys(['latest_only_with_trigger']) retrieved from /home/airflow/.local/lib/python3.7/site-packages/airflow/example_dags/example_latest_only_with_trigger.py
[2024-04-15T15:40:36.557+0000] {logging_mixin.py:120} INFO - [2024-04-15T15:40:36.557+0000] {dag.py:2585} INFO - Sync 1 DAGs
[2024-04-15T15:40:36.638+0000] {logging_mixin.py:120} INFO - [2024-04-15T15:40:36.638+0000] {dag.py:3340} INFO - Setting next_dagrun for latest_only_with_trigger to 2024-04-15T11:40:36.637748+00:00, run_after=2024-04-15T15:40:36.637748+00:00
[2024-04-15T15:40:36.676+0000] {processor.py:176} INFO - Processing /home/airflow/.local/lib/python3.7/site-packages/airflow/example_dags/example_latest_only_with_trigger.py took 0.231 seconds
[2024-04-15T15:41:07.146+0000] {processor.py:154} INFO - Started process (PID=18954) to work on /home/airflow/.local/lib/python3.7/site-packages/airflow/example_dags/example_latest_only_with_trigger.py
[2024-04-15T15:41:07.151+0000] {processor.py:756} INFO - Processing file /home/airflow/.local/lib/python3.7/site-packages/airflow/example_dags/example_latest_only_with_trigger.py for tasks to queue
[2024-04-15T15:41:07.155+0000] {logging_mixin.py:120} INFO - [2024-04-15T15:41:07.154+0000] {dagbag.py:537} INFO - Filling up the DagBag from /home/airflow/.local/lib/python3.7/site-packages/airflow/example_dags/example_latest_only_with_trigger.py
[2024-04-15T15:41:07.401+0000] {processor.py:766} INFO - DAG(s) dict_keys(['latest_only_with_trigger']) retrieved from /home/airflow/.local/lib/python3.7/site-packages/airflow/example_dags/example_latest_only_with_trigger.py
[2024-04-15T15:41:07.798+0000] {logging_mixin.py:120} INFO - [2024-04-15T15:41:07.797+0000] {dag.py:2585} INFO - Sync 1 DAGs
[2024-04-15T15:41:07.845+0000] {logging_mixin.py:120} INFO - [2024-04-15T15:41:07.845+0000] {dag.py:3340} INFO - Setting next_dagrun for latest_only_with_trigger to 2024-04-15T11:41:07.844974+00:00, run_after=2024-04-15T15:41:07.844974+00:00
[2024-04-15T15:41:07.874+0000] {processor.py:176} INFO - Processing /home/airflow/.local/lib/python3.7/site-packages/airflow/example_dags/example_latest_only_with_trigger.py took 0.741 seconds
[2024-04-15T15:41:38.398+0000] {processor.py:154} INFO - Started process (PID=19031) to work on /home/airflow/.local/lib/python3.7/site-packages/airflow/example_dags/example_latest_only_with_trigger.py
[2024-04-15T15:41:38.400+0000] {processor.py:756} INFO - Processing file /home/airflow/.local/lib/python3.7/site-packages/airflow/example_dags/example_latest_only_with_trigger.py for tasks to queue
[2024-04-15T15:41:38.402+0000] {logging_mixin.py:120} INFO - [2024-04-15T15:41:38.402+0000] {dagbag.py:537} INFO - Filling up the DagBag from /home/airflow/.local/lib/python3.7/site-packages/airflow/example_dags/example_latest_only_with_trigger.py
[2024-04-15T15:41:38.428+0000] {processor.py:766} INFO - DAG(s) dict_keys(['latest_only_with_trigger']) retrieved from /home/airflow/.local/lib/python3.7/site-packages/airflow/example_dags/example_latest_only_with_trigger.py
[2024-04-15T15:41:38.498+0000] {logging_mixin.py:120} INFO - [2024-04-15T15:41:38.498+0000] {dag.py:2585} INFO - Sync 1 DAGs
[2024-04-15T15:41:38.554+0000] {logging_mixin.py:120} INFO - [2024-04-15T15:41:38.554+0000] {dag.py:3340} INFO - Setting next_dagrun for latest_only_with_trigger to 2024-04-15T11:41:38.554095+00:00, run_after=2024-04-15T15:41:38.554095+00:00
[2024-04-15T15:41:38.596+0000] {processor.py:176} INFO - Processing /home/airflow/.local/lib/python3.7/site-packages/airflow/example_dags/example_latest_only_with_trigger.py took 0.204 seconds
[2024-04-15T15:42:09.044+0000] {processor.py:154} INFO - Started process (PID=19101) to work on /home/airflow/.local/lib/python3.7/site-packages/airflow/example_dags/example_latest_only_with_trigger.py
[2024-04-15T15:42:09.047+0000] {processor.py:756} INFO - Processing file /home/airflow/.local/lib/python3.7/site-packages/airflow/example_dags/example_latest_only_with_trigger.py for tasks to queue
[2024-04-15T15:42:09.049+0000] {logging_mixin.py:120} INFO - [2024-04-15T15:42:09.049+0000] {dagbag.py:537} INFO - Filling up the DagBag from /home/airflow/.local/lib/python3.7/site-packages/airflow/example_dags/example_latest_only_with_trigger.py
[2024-04-15T15:42:09.082+0000] {processor.py:766} INFO - DAG(s) dict_keys(['latest_only_with_trigger']) retrieved from /home/airflow/.local/lib/python3.7/site-packages/airflow/example_dags/example_latest_only_with_trigger.py
[2024-04-15T15:42:09.157+0000] {logging_mixin.py:120} INFO - [2024-04-15T15:42:09.157+0000] {dag.py:2585} INFO - Sync 1 DAGs
[2024-04-15T15:42:09.209+0000] {logging_mixin.py:120} INFO - [2024-04-15T15:42:09.209+0000] {dag.py:3340} INFO - Setting next_dagrun for latest_only_with_trigger to 2024-04-15T11:42:09.208820+00:00, run_after=2024-04-15T15:42:09.208820+00:00
[2024-04-15T15:42:09.240+0000] {processor.py:176} INFO - Processing /home/airflow/.local/lib/python3.7/site-packages/airflow/example_dags/example_latest_only_with_trigger.py took 0.202 seconds
[2024-04-15T15:42:39.737+0000] {processor.py:154} INFO - Started process (PID=19180) to work on /home/airflow/.local/lib/python3.7/site-packages/airflow/example_dags/example_latest_only_with_trigger.py
[2024-04-15T15:42:39.740+0000] {processor.py:756} INFO - Processing file /home/airflow/.local/lib/python3.7/site-packages/airflow/example_dags/example_latest_only_with_trigger.py for tasks to queue
[2024-04-15T15:42:39.742+0000] {logging_mixin.py:120} INFO - [2024-04-15T15:42:39.742+0000] {dagbag.py:537} INFO - Filling up the DagBag from /home/airflow/.local/lib/python3.7/site-packages/airflow/example_dags/example_latest_only_with_trigger.py
[2024-04-15T15:42:39.772+0000] {processor.py:766} INFO - DAG(s) dict_keys(['latest_only_with_trigger']) retrieved from /home/airflow/.local/lib/python3.7/site-packages/airflow/example_dags/example_latest_only_with_trigger.py
[2024-04-15T15:42:39.872+0000] {logging_mixin.py:120} INFO - [2024-04-15T15:42:39.871+0000] {dag.py:2585} INFO - Sync 1 DAGs
[2024-04-15T15:42:39.922+0000] {logging_mixin.py:120} INFO - [2024-04-15T15:42:39.922+0000] {dag.py:3340} INFO - Setting next_dagrun for latest_only_with_trigger to 2024-04-15T11:42:39.921708+00:00, run_after=2024-04-15T15:42:39.921708+00:00
[2024-04-15T15:42:39.963+0000] {processor.py:176} INFO - Processing /home/airflow/.local/lib/python3.7/site-packages/airflow/example_dags/example_latest_only_with_trigger.py took 0.233 seconds
[2024-04-15T15:43:10.957+0000] {processor.py:154} INFO - Started process (PID=19249) to work on /home/airflow/.local/lib/python3.7/site-packages/airflow/example_dags/example_latest_only_with_trigger.py
[2024-04-15T15:43:10.971+0000] {processor.py:756} INFO - Processing file /home/airflow/.local/lib/python3.7/site-packages/airflow/example_dags/example_latest_only_with_trigger.py for tasks to queue
[2024-04-15T15:43:10.976+0000] {logging_mixin.py:120} INFO - [2024-04-15T15:43:10.976+0000] {dagbag.py:537} INFO - Filling up the DagBag from /home/airflow/.local/lib/python3.7/site-packages/airflow/example_dags/example_latest_only_with_trigger.py
[2024-04-15T15:43:11.050+0000] {processor.py:766} INFO - DAG(s) dict_keys(['latest_only_with_trigger']) retrieved from /home/airflow/.local/lib/python3.7/site-packages/airflow/example_dags/example_latest_only_with_trigger.py
[2024-04-15T15:43:11.246+0000] {logging_mixin.py:120} INFO - [2024-04-15T15:43:11.245+0000] {dag.py:2585} INFO - Sync 1 DAGs
[2024-04-15T15:43:11.300+0000] {logging_mixin.py:120} INFO - [2024-04-15T15:43:11.300+0000] {dag.py:3340} INFO - Setting next_dagrun for latest_only_with_trigger to 2024-04-15T11:43:11.299644+00:00, run_after=2024-04-15T15:43:11.299644+00:00
[2024-04-15T15:43:11.337+0000] {processor.py:176} INFO - Processing /home/airflow/.local/lib/python3.7/site-packages/airflow/example_dags/example_latest_only_with_trigger.py took 0.400 seconds
[2024-04-15T15:43:41.564+0000] {processor.py:154} INFO - Started process (PID=19327) to work on /home/airflow/.local/lib/python3.7/site-packages/airflow/example_dags/example_latest_only_with_trigger.py
[2024-04-15T15:43:41.566+0000] {processor.py:756} INFO - Processing file /home/airflow/.local/lib/python3.7/site-packages/airflow/example_dags/example_latest_only_with_trigger.py for tasks to queue
[2024-04-15T15:43:41.568+0000] {logging_mixin.py:120} INFO - [2024-04-15T15:43:41.568+0000] {dagbag.py:537} INFO - Filling up the DagBag from /home/airflow/.local/lib/python3.7/site-packages/airflow/example_dags/example_latest_only_with_trigger.py
[2024-04-15T15:43:41.599+0000] {processor.py:766} INFO - DAG(s) dict_keys(['latest_only_with_trigger']) retrieved from /home/airflow/.local/lib/python3.7/site-packages/airflow/example_dags/example_latest_only_with_trigger.py
[2024-04-15T15:43:41.677+0000] {logging_mixin.py:120} INFO - [2024-04-15T15:43:41.677+0000] {dag.py:2585} INFO - Sync 1 DAGs
[2024-04-15T15:43:41.722+0000] {logging_mixin.py:120} INFO - [2024-04-15T15:43:41.721+0000] {dag.py:3340} INFO - Setting next_dagrun for latest_only_with_trigger to 2024-04-15T11:43:41.721566+00:00, run_after=2024-04-15T15:43:41.721566+00:00
[2024-04-15T15:43:41.758+0000] {processor.py:176} INFO - Processing /home/airflow/.local/lib/python3.7/site-packages/airflow/example_dags/example_latest_only_with_trigger.py took 0.201 seconds
[2024-04-15T15:44:12.098+0000] {processor.py:154} INFO - Started process (PID=19397) to work on /home/airflow/.local/lib/python3.7/site-packages/airflow/example_dags/example_latest_only_with_trigger.py
[2024-04-15T15:44:12.101+0000] {processor.py:756} INFO - Processing file /home/airflow/.local/lib/python3.7/site-packages/airflow/example_dags/example_latest_only_with_trigger.py for tasks to queue
[2024-04-15T15:44:12.104+0000] {logging_mixin.py:120} INFO - [2024-04-15T15:44:12.104+0000] {dagbag.py:537} INFO - Filling up the DagBag from /home/airflow/.local/lib/python3.7/site-packages/airflow/example_dags/example_latest_only_with_trigger.py
[2024-04-15T15:44:12.135+0000] {processor.py:766} INFO - DAG(s) dict_keys(['latest_only_with_trigger']) retrieved from /home/airflow/.local/lib/python3.7/site-packages/airflow/example_dags/example_latest_only_with_trigger.py
[2024-04-15T15:44:12.224+0000] {logging_mixin.py:120} INFO - [2024-04-15T15:44:12.223+0000] {dag.py:2585} INFO - Sync 1 DAGs
[2024-04-15T15:44:12.281+0000] {logging_mixin.py:120} INFO - [2024-04-15T15:44:12.281+0000] {dag.py:3340} INFO - Setting next_dagrun for latest_only_with_trigger to 2024-04-15T11:44:12.280896+00:00, run_after=2024-04-15T15:44:12.280896+00:00
[2024-04-15T15:44:12.321+0000] {processor.py:176} INFO - Processing /home/airflow/.local/lib/python3.7/site-packages/airflow/example_dags/example_latest_only_with_trigger.py took 0.232 seconds
[2024-04-15T15:44:42.878+0000] {processor.py:154} INFO - Started process (PID=19472) to work on /home/airflow/.local/lib/python3.7/site-packages/airflow/example_dags/example_latest_only_with_trigger.py
[2024-04-15T15:44:42.881+0000] {processor.py:756} INFO - Processing file /home/airflow/.local/lib/python3.7/site-packages/airflow/example_dags/example_latest_only_with_trigger.py for tasks to queue
[2024-04-15T15:44:42.882+0000] {logging_mixin.py:120} INFO - [2024-04-15T15:44:42.882+0000] {dagbag.py:537} INFO - Filling up the DagBag from /home/airflow/.local/lib/python3.7/site-packages/airflow/example_dags/example_latest_only_with_trigger.py
[2024-04-15T15:44:42.909+0000] {processor.py:766} INFO - DAG(s) dict_keys(['latest_only_with_trigger']) retrieved from /home/airflow/.local/lib/python3.7/site-packages/airflow/example_dags/example_latest_only_with_trigger.py
[2024-04-15T15:44:42.982+0000] {logging_mixin.py:120} INFO - [2024-04-15T15:44:42.982+0000] {dag.py:2585} INFO - Sync 1 DAGs
[2024-04-15T15:44:43.023+0000] {logging_mixin.py:120} INFO - [2024-04-15T15:44:43.023+0000] {dag.py:3340} INFO - Setting next_dagrun for latest_only_with_trigger to 2024-04-15T11:44:43.023055+00:00, run_after=2024-04-15T15:44:43.023055+00:00
[2024-04-15T15:44:43.070+0000] {processor.py:176} INFO - Processing /home/airflow/.local/lib/python3.7/site-packages/airflow/example_dags/example_latest_only_with_trigger.py took 0.198 seconds
[2024-04-15T15:45:14.343+0000] {processor.py:154} INFO - Started process (PID=19547) to work on /home/airflow/.local/lib/python3.7/site-packages/airflow/example_dags/example_latest_only_with_trigger.py
[2024-04-15T15:45:14.371+0000] {processor.py:756} INFO - Processing file /home/airflow/.local/lib/python3.7/site-packages/airflow/example_dags/example_latest_only_with_trigger.py for tasks to queue
[2024-04-15T15:45:14.374+0000] {logging_mixin.py:120} INFO - [2024-04-15T15:45:14.374+0000] {dagbag.py:537} INFO - Filling up the DagBag from /home/airflow/.local/lib/python3.7/site-packages/airflow/example_dags/example_latest_only_with_trigger.py
[2024-04-15T15:45:14.474+0000] {processor.py:766} INFO - DAG(s) dict_keys(['latest_only_with_trigger']) retrieved from /home/airflow/.local/lib/python3.7/site-packages/airflow/example_dags/example_latest_only_with_trigger.py
[2024-04-15T15:45:14.623+0000] {logging_mixin.py:120} INFO - [2024-04-15T15:45:14.622+0000] {dag.py:2585} INFO - Sync 1 DAGs
[2024-04-15T15:45:14.736+0000] {logging_mixin.py:120} INFO - [2024-04-15T15:45:14.736+0000] {dag.py:3340} INFO - Setting next_dagrun for latest_only_with_trigger to 2024-04-15T11:45:14.735634+00:00, run_after=2024-04-15T15:45:14.735634+00:00
[2024-04-15T15:45:14.776+0000] {processor.py:176} INFO - Processing /home/airflow/.local/lib/python3.7/site-packages/airflow/example_dags/example_latest_only_with_trigger.py took 0.460 seconds
[2024-04-15T15:45:44.945+0000] {processor.py:154} INFO - Started process (PID=19618) to work on /home/airflow/.local/lib/python3.7/site-packages/airflow/example_dags/example_latest_only_with_trigger.py
[2024-04-15T15:45:44.947+0000] {processor.py:756} INFO - Processing file /home/airflow/.local/lib/python3.7/site-packages/airflow/example_dags/example_latest_only_with_trigger.py for tasks to queue
[2024-04-15T15:45:44.949+0000] {logging_mixin.py:120} INFO - [2024-04-15T15:45:44.948+0000] {dagbag.py:537} INFO - Filling up the DagBag from /home/airflow/.local/lib/python3.7/site-packages/airflow/example_dags/example_latest_only_with_trigger.py
[2024-04-15T15:45:45.013+0000] {processor.py:766} INFO - DAG(s) dict_keys(['latest_only_with_trigger']) retrieved from /home/airflow/.local/lib/python3.7/site-packages/airflow/example_dags/example_latest_only_with_trigger.py
[2024-04-15T15:45:45.088+0000] {logging_mixin.py:120} INFO - [2024-04-15T15:45:45.088+0000] {dag.py:2585} INFO - Sync 1 DAGs
[2024-04-15T15:45:45.128+0000] {logging_mixin.py:120} INFO - [2024-04-15T15:45:45.128+0000] {dag.py:3340} INFO - Setting next_dagrun for latest_only_with_trigger to 2024-04-15T11:45:45.127716+00:00, run_after=2024-04-15T15:45:45.127716+00:00
[2024-04-15T15:45:45.164+0000] {processor.py:176} INFO - Processing /home/airflow/.local/lib/python3.7/site-packages/airflow/example_dags/example_latest_only_with_trigger.py took 0.224 seconds
[2024-04-15T15:46:15.382+0000] {processor.py:154} INFO - Started process (PID=19694) to work on /home/airflow/.local/lib/python3.7/site-packages/airflow/example_dags/example_latest_only_with_trigger.py
[2024-04-15T15:46:15.384+0000] {processor.py:756} INFO - Processing file /home/airflow/.local/lib/python3.7/site-packages/airflow/example_dags/example_latest_only_with_trigger.py for tasks to queue
[2024-04-15T15:46:15.386+0000] {logging_mixin.py:120} INFO - [2024-04-15T15:46:15.385+0000] {dagbag.py:537} INFO - Filling up the DagBag from /home/airflow/.local/lib/python3.7/site-packages/airflow/example_dags/example_latest_only_with_trigger.py
[2024-04-15T15:46:15.411+0000] {processor.py:766} INFO - DAG(s) dict_keys(['latest_only_with_trigger']) retrieved from /home/airflow/.local/lib/python3.7/site-packages/airflow/example_dags/example_latest_only_with_trigger.py
[2024-04-15T15:46:15.486+0000] {logging_mixin.py:120} INFO - [2024-04-15T15:46:15.486+0000] {dag.py:2585} INFO - Sync 1 DAGs
[2024-04-15T15:46:15.542+0000] {logging_mixin.py:120} INFO - [2024-04-15T15:46:15.541+0000] {dag.py:3340} INFO - Setting next_dagrun for latest_only_with_trigger to 2024-04-15T11:46:15.541459+00:00, run_after=2024-04-15T15:46:15.541459+00:00
[2024-04-15T15:46:15.604+0000] {processor.py:176} INFO - Processing /home/airflow/.local/lib/python3.7/site-packages/airflow/example_dags/example_latest_only_with_trigger.py took 0.230 seconds
[2024-04-15T15:46:45.675+0000] {processor.py:154} INFO - Started process (PID=19765) to work on /home/airflow/.local/lib/python3.7/site-packages/airflow/example_dags/example_latest_only_with_trigger.py
[2024-04-15T15:46:45.677+0000] {processor.py:756} INFO - Processing file /home/airflow/.local/lib/python3.7/site-packages/airflow/example_dags/example_latest_only_with_trigger.py for tasks to queue
[2024-04-15T15:46:45.679+0000] {logging_mixin.py:120} INFO - [2024-04-15T15:46:45.679+0000] {dagbag.py:537} INFO - Filling up the DagBag from /home/airflow/.local/lib/python3.7/site-packages/airflow/example_dags/example_latest_only_with_trigger.py
[2024-04-15T15:46:45.703+0000] {processor.py:766} INFO - DAG(s) dict_keys(['latest_only_with_trigger']) retrieved from /home/airflow/.local/lib/python3.7/site-packages/airflow/example_dags/example_latest_only_with_trigger.py
[2024-04-15T15:46:45.769+0000] {logging_mixin.py:120} INFO - [2024-04-15T15:46:45.769+0000] {dag.py:2585} INFO - Sync 1 DAGs
[2024-04-15T15:46:45.808+0000] {logging_mixin.py:120} INFO - [2024-04-15T15:46:45.807+0000] {dag.py:3340} INFO - Setting next_dagrun for latest_only_with_trigger to 2024-04-15T11:46:45.807254+00:00, run_after=2024-04-15T15:46:45.807254+00:00
[2024-04-15T15:46:45.843+0000] {processor.py:176} INFO - Processing /home/airflow/.local/lib/python3.7/site-packages/airflow/example_dags/example_latest_only_with_trigger.py took 0.173 seconds
[2024-04-15T15:47:16.210+0000] {processor.py:154} INFO - Started process (PID=19845) to work on /home/airflow/.local/lib/python3.7/site-packages/airflow/example_dags/example_latest_only_with_trigger.py
[2024-04-15T15:47:16.212+0000] {processor.py:756} INFO - Processing file /home/airflow/.local/lib/python3.7/site-packages/airflow/example_dags/example_latest_only_with_trigger.py for tasks to queue
[2024-04-15T15:47:16.214+0000] {logging_mixin.py:120} INFO - [2024-04-15T15:47:16.213+0000] {dagbag.py:537} INFO - Filling up the DagBag from /home/airflow/.local/lib/python3.7/site-packages/airflow/example_dags/example_latest_only_with_trigger.py
[2024-04-15T15:47:16.238+0000] {processor.py:766} INFO - DAG(s) dict_keys(['latest_only_with_trigger']) retrieved from /home/airflow/.local/lib/python3.7/site-packages/airflow/example_dags/example_latest_only_with_trigger.py
[2024-04-15T15:47:16.301+0000] {logging_mixin.py:120} INFO - [2024-04-15T15:47:16.301+0000] {dag.py:2585} INFO - Sync 1 DAGs
[2024-04-15T15:47:16.340+0000] {logging_mixin.py:120} INFO - [2024-04-15T15:47:16.340+0000] {dag.py:3340} INFO - Setting next_dagrun for latest_only_with_trigger to 2024-04-15T11:47:16.339700+00:00, run_after=2024-04-15T15:47:16.339700+00:00
[2024-04-15T15:47:16.372+0000] {processor.py:176} INFO - Processing /home/airflow/.local/lib/python3.7/site-packages/airflow/example_dags/example_latest_only_with_trigger.py took 0.167 seconds
[2024-04-15T15:47:46.793+0000] {processor.py:154} INFO - Started process (PID=19914) to work on /home/airflow/.local/lib/python3.7/site-packages/airflow/example_dags/example_latest_only_with_trigger.py
[2024-04-15T15:47:46.797+0000] {processor.py:756} INFO - Processing file /home/airflow/.local/lib/python3.7/site-packages/airflow/example_dags/example_latest_only_with_trigger.py for tasks to queue
[2024-04-15T15:47:46.799+0000] {logging_mixin.py:120} INFO - [2024-04-15T15:47:46.799+0000] {dagbag.py:537} INFO - Filling up the DagBag from /home/airflow/.local/lib/python3.7/site-packages/airflow/example_dags/example_latest_only_with_trigger.py
[2024-04-15T15:47:46.849+0000] {processor.py:766} INFO - DAG(s) dict_keys(['latest_only_with_trigger']) retrieved from /home/airflow/.local/lib/python3.7/site-packages/airflow/example_dags/example_latest_only_with_trigger.py
[2024-04-15T15:47:46.989+0000] {logging_mixin.py:120} INFO - [2024-04-15T15:47:46.988+0000] {dag.py:2585} INFO - Sync 1 DAGs
[2024-04-15T15:47:47.060+0000] {logging_mixin.py:120} INFO - [2024-04-15T15:47:47.060+0000] {dag.py:3340} INFO - Setting next_dagrun for latest_only_with_trigger to 2024-04-15T11:47:47.060024+00:00, run_after=2024-04-15T15:47:47.060024+00:00
[2024-04-15T15:47:47.111+0000] {processor.py:176} INFO - Processing /home/airflow/.local/lib/python3.7/site-packages/airflow/example_dags/example_latest_only_with_trigger.py took 0.333 seconds
[2024-04-15T15:48:17.689+0000] {processor.py:154} INFO - Started process (PID=19993) to work on /home/airflow/.local/lib/python3.7/site-packages/airflow/example_dags/example_latest_only_with_trigger.py
[2024-04-15T15:48:17.691+0000] {processor.py:756} INFO - Processing file /home/airflow/.local/lib/python3.7/site-packages/airflow/example_dags/example_latest_only_with_trigger.py for tasks to queue
[2024-04-15T15:48:17.692+0000] {logging_mixin.py:120} INFO - [2024-04-15T15:48:17.692+0000] {dagbag.py:537} INFO - Filling up the DagBag from /home/airflow/.local/lib/python3.7/site-packages/airflow/example_dags/example_latest_only_with_trigger.py
[2024-04-15T15:48:17.719+0000] {processor.py:766} INFO - DAG(s) dict_keys(['latest_only_with_trigger']) retrieved from /home/airflow/.local/lib/python3.7/site-packages/airflow/example_dags/example_latest_only_with_trigger.py
[2024-04-15T15:48:17.835+0000] {logging_mixin.py:120} INFO - [2024-04-15T15:48:17.835+0000] {dag.py:2585} INFO - Sync 1 DAGs
[2024-04-15T15:48:17.884+0000] {logging_mixin.py:120} INFO - [2024-04-15T15:48:17.884+0000] {dag.py:3340} INFO - Setting next_dagrun for latest_only_with_trigger to 2024-04-15T11:48:17.884189+00:00, run_after=2024-04-15T15:48:17.884189+00:00
[2024-04-15T15:48:17.916+0000] {processor.py:176} INFO - Processing /home/airflow/.local/lib/python3.7/site-packages/airflow/example_dags/example_latest_only_with_trigger.py took 0.232 seconds
[2024-04-15T15:48:48.387+0000] {processor.py:154} INFO - Started process (PID=20062) to work on /home/airflow/.local/lib/python3.7/site-packages/airflow/example_dags/example_latest_only_with_trigger.py
[2024-04-15T15:48:48.391+0000] {processor.py:756} INFO - Processing file /home/airflow/.local/lib/python3.7/site-packages/airflow/example_dags/example_latest_only_with_trigger.py for tasks to queue
[2024-04-15T15:48:48.394+0000] {logging_mixin.py:120} INFO - [2024-04-15T15:48:48.394+0000] {dagbag.py:537} INFO - Filling up the DagBag from /home/airflow/.local/lib/python3.7/site-packages/airflow/example_dags/example_latest_only_with_trigger.py
[2024-04-15T15:48:48.421+0000] {processor.py:766} INFO - DAG(s) dict_keys(['latest_only_with_trigger']) retrieved from /home/airflow/.local/lib/python3.7/site-packages/airflow/example_dags/example_latest_only_with_trigger.py
[2024-04-15T15:48:48.635+0000] {logging_mixin.py:120} INFO - [2024-04-15T15:48:48.635+0000] {dag.py:2585} INFO - Sync 1 DAGs
[2024-04-15T15:48:48.682+0000] {logging_mixin.py:120} INFO - [2024-04-15T15:48:48.681+0000] {dag.py:3340} INFO - Setting next_dagrun for latest_only_with_trigger to 2024-04-15T11:48:48.681617+00:00, run_after=2024-04-15T15:48:48.681617+00:00
[2024-04-15T15:48:48.716+0000] {processor.py:176} INFO - Processing /home/airflow/.local/lib/python3.7/site-packages/airflow/example_dags/example_latest_only_with_trigger.py took 0.338 seconds
[2024-04-15T15:49:19.355+0000] {processor.py:154} INFO - Started process (PID=20140) to work on /home/airflow/.local/lib/python3.7/site-packages/airflow/example_dags/example_latest_only_with_trigger.py
[2024-04-15T15:49:19.357+0000] {processor.py:756} INFO - Processing file /home/airflow/.local/lib/python3.7/site-packages/airflow/example_dags/example_latest_only_with_trigger.py for tasks to queue
[2024-04-15T15:49:19.358+0000] {logging_mixin.py:120} INFO - [2024-04-15T15:49:19.358+0000] {dagbag.py:537} INFO - Filling up the DagBag from /home/airflow/.local/lib/python3.7/site-packages/airflow/example_dags/example_latest_only_with_trigger.py
[2024-04-15T15:49:19.383+0000] {processor.py:766} INFO - DAG(s) dict_keys(['latest_only_with_trigger']) retrieved from /home/airflow/.local/lib/python3.7/site-packages/airflow/example_dags/example_latest_only_with_trigger.py
[2024-04-15T15:49:19.449+0000] {logging_mixin.py:120} INFO - [2024-04-15T15:49:19.449+0000] {dag.py:2585} INFO - Sync 1 DAGs
[2024-04-15T15:49:19.487+0000] {logging_mixin.py:120} INFO - [2024-04-15T15:49:19.486+0000] {dag.py:3340} INFO - Setting next_dagrun for latest_only_with_trigger to 2024-04-15T11:49:19.486364+00:00, run_after=2024-04-15T15:49:19.486364+00:00
[2024-04-15T15:49:19.518+0000] {processor.py:176} INFO - Processing /home/airflow/.local/lib/python3.7/site-packages/airflow/example_dags/example_latest_only_with_trigger.py took 0.169 seconds
[2024-04-15T15:49:49.733+0000] {processor.py:154} INFO - Started process (PID=20218) to work on /home/airflow/.local/lib/python3.7/site-packages/airflow/example_dags/example_latest_only_with_trigger.py
[2024-04-15T15:49:49.736+0000] {processor.py:756} INFO - Processing file /home/airflow/.local/lib/python3.7/site-packages/airflow/example_dags/example_latest_only_with_trigger.py for tasks to queue
[2024-04-15T15:49:49.738+0000] {logging_mixin.py:120} INFO - [2024-04-15T15:49:49.738+0000] {dagbag.py:537} INFO - Filling up the DagBag from /home/airflow/.local/lib/python3.7/site-packages/airflow/example_dags/example_latest_only_with_trigger.py
[2024-04-15T15:49:49.768+0000] {processor.py:766} INFO - DAG(s) dict_keys(['latest_only_with_trigger']) retrieved from /home/airflow/.local/lib/python3.7/site-packages/airflow/example_dags/example_latest_only_with_trigger.py
[2024-04-15T15:49:49.843+0000] {logging_mixin.py:120} INFO - [2024-04-15T15:49:49.842+0000] {dag.py:2585} INFO - Sync 1 DAGs
[2024-04-15T15:49:49.885+0000] {logging_mixin.py:120} INFO - [2024-04-15T15:49:49.884+0000] {dag.py:3340} INFO - Setting next_dagrun for latest_only_with_trigger to 2024-04-15T11:49:49.883907+00:00, run_after=2024-04-15T15:49:49.883907+00:00
[2024-04-15T15:49:49.933+0000] {processor.py:176} INFO - Processing /home/airflow/.local/lib/python3.7/site-packages/airflow/example_dags/example_latest_only_with_trigger.py took 0.206 seconds
[2024-04-15T15:50:20.604+0000] {processor.py:154} INFO - Started process (PID=20288) to work on /home/airflow/.local/lib/python3.7/site-packages/airflow/example_dags/example_latest_only_with_trigger.py
[2024-04-15T15:50:20.607+0000] {processor.py:756} INFO - Processing file /home/airflow/.local/lib/python3.7/site-packages/airflow/example_dags/example_latest_only_with_trigger.py for tasks to queue
[2024-04-15T15:50:20.610+0000] {logging_mixin.py:120} INFO - [2024-04-15T15:50:20.610+0000] {dagbag.py:537} INFO - Filling up the DagBag from /home/airflow/.local/lib/python3.7/site-packages/airflow/example_dags/example_latest_only_with_trigger.py
[2024-04-15T15:50:20.641+0000] {processor.py:766} INFO - DAG(s) dict_keys(['latest_only_with_trigger']) retrieved from /home/airflow/.local/lib/python3.7/site-packages/airflow/example_dags/example_latest_only_with_trigger.py
[2024-04-15T15:50:20.727+0000] {logging_mixin.py:120} INFO - [2024-04-15T15:50:20.726+0000] {dag.py:2585} INFO - Sync 1 DAGs
[2024-04-15T15:50:20.785+0000] {logging_mixin.py:120} INFO - [2024-04-15T15:50:20.785+0000] {dag.py:3340} INFO - Setting next_dagrun for latest_only_with_trigger to 2024-04-15T11:50:20.785049+00:00, run_after=2024-04-15T15:50:20.785049+00:00
[2024-04-15T15:50:20.821+0000] {processor.py:176} INFO - Processing /home/airflow/.local/lib/python3.7/site-packages/airflow/example_dags/example_latest_only_with_trigger.py took 0.225 seconds
[2024-04-15T15:50:51.037+0000] {processor.py:154} INFO - Started process (PID=20366) to work on /home/airflow/.local/lib/python3.7/site-packages/airflow/example_dags/example_latest_only_with_trigger.py
[2024-04-15T15:50:51.039+0000] {processor.py:756} INFO - Processing file /home/airflow/.local/lib/python3.7/site-packages/airflow/example_dags/example_latest_only_with_trigger.py for tasks to queue
[2024-04-15T15:50:51.040+0000] {logging_mixin.py:120} INFO - [2024-04-15T15:50:51.040+0000] {dagbag.py:537} INFO - Filling up the DagBag from /home/airflow/.local/lib/python3.7/site-packages/airflow/example_dags/example_latest_only_with_trigger.py
[2024-04-15T15:50:51.067+0000] {processor.py:766} INFO - DAG(s) dict_keys(['latest_only_with_trigger']) retrieved from /home/airflow/.local/lib/python3.7/site-packages/airflow/example_dags/example_latest_only_with_trigger.py
[2024-04-15T15:50:51.136+0000] {logging_mixin.py:120} INFO - [2024-04-15T15:50:51.136+0000] {dag.py:2585} INFO - Sync 1 DAGs
[2024-04-15T15:50:51.181+0000] {logging_mixin.py:120} INFO - [2024-04-15T15:50:51.180+0000] {dag.py:3340} INFO - Setting next_dagrun for latest_only_with_trigger to 2024-04-15T11:50:51.180616+00:00, run_after=2024-04-15T15:50:51.180616+00:00
[2024-04-15T15:50:51.223+0000] {processor.py:176} INFO - Processing /home/airflow/.local/lib/python3.7/site-packages/airflow/example_dags/example_latest_only_with_trigger.py took 0.192 seconds
[2024-04-15T15:51:21.882+0000] {processor.py:154} INFO - Started process (PID=20435) to work on /home/airflow/.local/lib/python3.7/site-packages/airflow/example_dags/example_latest_only_with_trigger.py
[2024-04-15T15:51:21.884+0000] {processor.py:756} INFO - Processing file /home/airflow/.local/lib/python3.7/site-packages/airflow/example_dags/example_latest_only_with_trigger.py for tasks to queue
[2024-04-15T15:51:21.888+0000] {logging_mixin.py:120} INFO - [2024-04-15T15:51:21.888+0000] {dagbag.py:537} INFO - Filling up the DagBag from /home/airflow/.local/lib/python3.7/site-packages/airflow/example_dags/example_latest_only_with_trigger.py
[2024-04-15T15:51:21.921+0000] {processor.py:766} INFO - DAG(s) dict_keys(['latest_only_with_trigger']) retrieved from /home/airflow/.local/lib/python3.7/site-packages/airflow/example_dags/example_latest_only_with_trigger.py
[2024-04-15T15:51:21.994+0000] {logging_mixin.py:120} INFO - [2024-04-15T15:51:21.993+0000] {dag.py:2585} INFO - Sync 1 DAGs
[2024-04-15T15:51:22.034+0000] {logging_mixin.py:120} INFO - [2024-04-15T15:51:22.034+0000] {dag.py:3340} INFO - Setting next_dagrun for latest_only_with_trigger to 2024-04-15T11:51:22.034208+00:00, run_after=2024-04-15T15:51:22.034208+00:00
[2024-04-15T15:51:22.064+0000] {processor.py:176} INFO - Processing /home/airflow/.local/lib/python3.7/site-packages/airflow/example_dags/example_latest_only_with_trigger.py took 0.189 seconds
[2024-04-15T15:51:52.658+0000] {processor.py:154} INFO - Started process (PID=20515) to work on /home/airflow/.local/lib/python3.7/site-packages/airflow/example_dags/example_latest_only_with_trigger.py
[2024-04-15T15:51:52.662+0000] {processor.py:756} INFO - Processing file /home/airflow/.local/lib/python3.7/site-packages/airflow/example_dags/example_latest_only_with_trigger.py for tasks to queue
[2024-04-15T15:51:52.664+0000] {logging_mixin.py:120} INFO - [2024-04-15T15:51:52.664+0000] {dagbag.py:537} INFO - Filling up the DagBag from /home/airflow/.local/lib/python3.7/site-packages/airflow/example_dags/example_latest_only_with_trigger.py
[2024-04-15T15:51:52.693+0000] {processor.py:766} INFO - DAG(s) dict_keys(['latest_only_with_trigger']) retrieved from /home/airflow/.local/lib/python3.7/site-packages/airflow/example_dags/example_latest_only_with_trigger.py
[2024-04-15T15:51:52.762+0000] {logging_mixin.py:120} INFO - [2024-04-15T15:51:52.762+0000] {dag.py:2585} INFO - Sync 1 DAGs
[2024-04-15T15:51:52.812+0000] {logging_mixin.py:120} INFO - [2024-04-15T15:51:52.812+0000] {dag.py:3340} INFO - Setting next_dagrun for latest_only_with_trigger to 2024-04-15T11:51:52.812294+00:00, run_after=2024-04-15T15:51:52.812294+00:00
[2024-04-15T15:51:52.854+0000] {processor.py:176} INFO - Processing /home/airflow/.local/lib/python3.7/site-packages/airflow/example_dags/example_latest_only_with_trigger.py took 0.205 seconds
[2024-04-15T15:52:23.072+0000] {processor.py:154} INFO - Started process (PID=20584) to work on /home/airflow/.local/lib/python3.7/site-packages/airflow/example_dags/example_latest_only_with_trigger.py
[2024-04-15T15:52:23.076+0000] {processor.py:756} INFO - Processing file /home/airflow/.local/lib/python3.7/site-packages/airflow/example_dags/example_latest_only_with_trigger.py for tasks to queue
[2024-04-15T15:52:23.077+0000] {logging_mixin.py:120} INFO - [2024-04-15T15:52:23.077+0000] {dagbag.py:537} INFO - Filling up the DagBag from /home/airflow/.local/lib/python3.7/site-packages/airflow/example_dags/example_latest_only_with_trigger.py
[2024-04-15T15:52:23.109+0000] {processor.py:766} INFO - DAG(s) dict_keys(['latest_only_with_trigger']) retrieved from /home/airflow/.local/lib/python3.7/site-packages/airflow/example_dags/example_latest_only_with_trigger.py
[2024-04-15T15:52:23.192+0000] {logging_mixin.py:120} INFO - [2024-04-15T15:52:23.192+0000] {dag.py:2585} INFO - Sync 1 DAGs
[2024-04-15T15:52:23.250+0000] {logging_mixin.py:120} INFO - [2024-04-15T15:52:23.250+0000] {dag.py:3340} INFO - Setting next_dagrun for latest_only_with_trigger to 2024-04-15T11:52:23.250390+00:00, run_after=2024-04-15T15:52:23.250390+00:00
[2024-04-15T15:52:23.410+0000] {processor.py:176} INFO - Processing /home/airflow/.local/lib/python3.7/site-packages/airflow/example_dags/example_latest_only_with_trigger.py took 0.344 seconds
[2024-04-15T15:52:54.543+0000] {processor.py:154} INFO - Started process (PID=20662) to work on /home/airflow/.local/lib/python3.7/site-packages/airflow/example_dags/example_latest_only_with_trigger.py
[2024-04-15T15:52:54.546+0000] {processor.py:756} INFO - Processing file /home/airflow/.local/lib/python3.7/site-packages/airflow/example_dags/example_latest_only_with_trigger.py for tasks to queue
[2024-04-15T15:52:54.548+0000] {logging_mixin.py:120} INFO - [2024-04-15T15:52:54.548+0000] {dagbag.py:537} INFO - Filling up the DagBag from /home/airflow/.local/lib/python3.7/site-packages/airflow/example_dags/example_latest_only_with_trigger.py
[2024-04-15T15:52:54.591+0000] {processor.py:766} INFO - DAG(s) dict_keys(['latest_only_with_trigger']) retrieved from /home/airflow/.local/lib/python3.7/site-packages/airflow/example_dags/example_latest_only_with_trigger.py
[2024-04-15T15:52:54.667+0000] {logging_mixin.py:120} INFO - [2024-04-15T15:52:54.666+0000] {dag.py:2585} INFO - Sync 1 DAGs
[2024-04-15T15:52:54.743+0000] {logging_mixin.py:120} INFO - [2024-04-15T15:52:54.743+0000] {dag.py:3340} INFO - Setting next_dagrun for latest_only_with_trigger to 2024-04-15T11:52:54.742617+00:00, run_after=2024-04-15T15:52:54.742617+00:00
[2024-04-15T15:52:54.793+0000] {processor.py:176} INFO - Processing /home/airflow/.local/lib/python3.7/site-packages/airflow/example_dags/example_latest_only_with_trigger.py took 0.257 seconds
[2024-04-15T15:53:24.968+0000] {processor.py:154} INFO - Started process (PID=20738) to work on /home/airflow/.local/lib/python3.7/site-packages/airflow/example_dags/example_latest_only_with_trigger.py
[2024-04-15T15:53:24.971+0000] {processor.py:756} INFO - Processing file /home/airflow/.local/lib/python3.7/site-packages/airflow/example_dags/example_latest_only_with_trigger.py for tasks to queue
[2024-04-15T15:53:24.972+0000] {logging_mixin.py:120} INFO - [2024-04-15T15:53:24.972+0000] {dagbag.py:537} INFO - Filling up the DagBag from /home/airflow/.local/lib/python3.7/site-packages/airflow/example_dags/example_latest_only_with_trigger.py
[2024-04-15T15:53:25.002+0000] {processor.py:766} INFO - DAG(s) dict_keys(['latest_only_with_trigger']) retrieved from /home/airflow/.local/lib/python3.7/site-packages/airflow/example_dags/example_latest_only_with_trigger.py
[2024-04-15T15:53:25.103+0000] {logging_mixin.py:120} INFO - [2024-04-15T15:53:25.103+0000] {dag.py:2585} INFO - Sync 1 DAGs
[2024-04-15T15:53:25.172+0000] {logging_mixin.py:120} INFO - [2024-04-15T15:53:25.172+0000] {dag.py:3340} INFO - Setting next_dagrun for latest_only_with_trigger to 2024-04-15T11:53:25.171366+00:00, run_after=2024-04-15T15:53:25.171366+00:00
[2024-04-15T15:53:25.219+0000] {processor.py:176} INFO - Processing /home/airflow/.local/lib/python3.7/site-packages/airflow/example_dags/example_latest_only_with_trigger.py took 0.257 seconds
[2024-04-15T15:53:55.441+0000] {processor.py:154} INFO - Started process (PID=20808) to work on /home/airflow/.local/lib/python3.7/site-packages/airflow/example_dags/example_latest_only_with_trigger.py
[2024-04-15T15:53:55.444+0000] {processor.py:756} INFO - Processing file /home/airflow/.local/lib/python3.7/site-packages/airflow/example_dags/example_latest_only_with_trigger.py for tasks to queue
[2024-04-15T15:53:55.446+0000] {logging_mixin.py:120} INFO - [2024-04-15T15:53:55.446+0000] {dagbag.py:537} INFO - Filling up the DagBag from /home/airflow/.local/lib/python3.7/site-packages/airflow/example_dags/example_latest_only_with_trigger.py
[2024-04-15T15:53:55.476+0000] {processor.py:766} INFO - DAG(s) dict_keys(['latest_only_with_trigger']) retrieved from /home/airflow/.local/lib/python3.7/site-packages/airflow/example_dags/example_latest_only_with_trigger.py
[2024-04-15T15:53:55.549+0000] {logging_mixin.py:120} INFO - [2024-04-15T15:53:55.548+0000] {dag.py:2585} INFO - Sync 1 DAGs
[2024-04-15T15:53:55.591+0000] {logging_mixin.py:120} INFO - [2024-04-15T15:53:55.590+0000] {dag.py:3340} INFO - Setting next_dagrun for latest_only_with_trigger to 2024-04-15T11:53:55.590452+00:00, run_after=2024-04-15T15:53:55.590452+00:00
[2024-04-15T15:53:55.623+0000] {processor.py:176} INFO - Processing /home/airflow/.local/lib/python3.7/site-packages/airflow/example_dags/example_latest_only_with_trigger.py took 0.191 seconds
[2024-04-15T15:54:25.852+0000] {processor.py:154} INFO - Started process (PID=20886) to work on /home/airflow/.local/lib/python3.7/site-packages/airflow/example_dags/example_latest_only_with_trigger.py
[2024-04-15T15:54:25.854+0000] {processor.py:756} INFO - Processing file /home/airflow/.local/lib/python3.7/site-packages/airflow/example_dags/example_latest_only_with_trigger.py for tasks to queue
[2024-04-15T15:54:25.856+0000] {logging_mixin.py:120} INFO - [2024-04-15T15:54:25.856+0000] {dagbag.py:537} INFO - Filling up the DagBag from /home/airflow/.local/lib/python3.7/site-packages/airflow/example_dags/example_latest_only_with_trigger.py
[2024-04-15T15:54:25.883+0000] {processor.py:766} INFO - DAG(s) dict_keys(['latest_only_with_trigger']) retrieved from /home/airflow/.local/lib/python3.7/site-packages/airflow/example_dags/example_latest_only_with_trigger.py
[2024-04-15T15:54:25.952+0000] {logging_mixin.py:120} INFO - [2024-04-15T15:54:25.952+0000] {dag.py:2585} INFO - Sync 1 DAGs
[2024-04-15T15:54:26.001+0000] {logging_mixin.py:120} INFO - [2024-04-15T15:54:26.001+0000] {dag.py:3340} INFO - Setting next_dagrun for latest_only_with_trigger to 2024-04-15T11:54:26.001126+00:00, run_after=2024-04-15T15:54:26.001126+00:00
[2024-04-15T15:54:26.032+0000] {processor.py:176} INFO - Processing /home/airflow/.local/lib/python3.7/site-packages/airflow/example_dags/example_latest_only_with_trigger.py took 0.185 seconds
[2024-04-15T15:54:56.498+0000] {processor.py:154} INFO - Started process (PID=20955) to work on /home/airflow/.local/lib/python3.7/site-packages/airflow/example_dags/example_latest_only_with_trigger.py
[2024-04-15T15:54:56.500+0000] {processor.py:756} INFO - Processing file /home/airflow/.local/lib/python3.7/site-packages/airflow/example_dags/example_latest_only_with_trigger.py for tasks to queue
[2024-04-15T15:54:56.502+0000] {logging_mixin.py:120} INFO - [2024-04-15T15:54:56.502+0000] {dagbag.py:537} INFO - Filling up the DagBag from /home/airflow/.local/lib/python3.7/site-packages/airflow/example_dags/example_latest_only_with_trigger.py
[2024-04-15T15:54:56.531+0000] {processor.py:766} INFO - DAG(s) dict_keys(['latest_only_with_trigger']) retrieved from /home/airflow/.local/lib/python3.7/site-packages/airflow/example_dags/example_latest_only_with_trigger.py
[2024-04-15T15:54:56.643+0000] {logging_mixin.py:120} INFO - [2024-04-15T15:54:56.643+0000] {dag.py:2585} INFO - Sync 1 DAGs
[2024-04-15T15:54:56.691+0000] {logging_mixin.py:120} INFO - [2024-04-15T15:54:56.690+0000] {dag.py:3340} INFO - Setting next_dagrun for latest_only_with_trigger to 2024-04-15T11:54:56.690239+00:00, run_after=2024-04-15T15:54:56.690239+00:00
[2024-04-15T15:54:56.725+0000] {processor.py:176} INFO - Processing /home/airflow/.local/lib/python3.7/site-packages/airflow/example_dags/example_latest_only_with_trigger.py took 0.235 seconds
[2024-04-15T15:55:27.163+0000] {processor.py:154} INFO - Started process (PID=21033) to work on /home/airflow/.local/lib/python3.7/site-packages/airflow/example_dags/example_latest_only_with_trigger.py
[2024-04-15T15:55:27.166+0000] {processor.py:756} INFO - Processing file /home/airflow/.local/lib/python3.7/site-packages/airflow/example_dags/example_latest_only_with_trigger.py for tasks to queue
[2024-04-15T15:55:27.168+0000] {logging_mixin.py:120} INFO - [2024-04-15T15:55:27.168+0000] {dagbag.py:537} INFO - Filling up the DagBag from /home/airflow/.local/lib/python3.7/site-packages/airflow/example_dags/example_latest_only_with_trigger.py
[2024-04-15T15:55:27.201+0000] {processor.py:766} INFO - DAG(s) dict_keys(['latest_only_with_trigger']) retrieved from /home/airflow/.local/lib/python3.7/site-packages/airflow/example_dags/example_latest_only_with_trigger.py
[2024-04-15T15:55:27.298+0000] {logging_mixin.py:120} INFO - [2024-04-15T15:55:27.297+0000] {dag.py:2585} INFO - Sync 1 DAGs
[2024-04-15T15:55:27.354+0000] {logging_mixin.py:120} INFO - [2024-04-15T15:55:27.354+0000] {dag.py:3340} INFO - Setting next_dagrun for latest_only_with_trigger to 2024-04-15T11:55:27.354207+00:00, run_after=2024-04-15T15:55:27.354207+00:00
[2024-04-15T15:55:27.393+0000] {processor.py:176} INFO - Processing /home/airflow/.local/lib/python3.7/site-packages/airflow/example_dags/example_latest_only_with_trigger.py took 0.235 seconds
[2024-04-15T15:55:57.843+0000] {processor.py:154} INFO - Started process (PID=21103) to work on /home/airflow/.local/lib/python3.7/site-packages/airflow/example_dags/example_latest_only_with_trigger.py
[2024-04-15T15:55:57.845+0000] {processor.py:756} INFO - Processing file /home/airflow/.local/lib/python3.7/site-packages/airflow/example_dags/example_latest_only_with_trigger.py for tasks to queue
[2024-04-15T15:55:57.847+0000] {logging_mixin.py:120} INFO - [2024-04-15T15:55:57.847+0000] {dagbag.py:537} INFO - Filling up the DagBag from /home/airflow/.local/lib/python3.7/site-packages/airflow/example_dags/example_latest_only_with_trigger.py
[2024-04-15T15:55:57.875+0000] {processor.py:766} INFO - DAG(s) dict_keys(['latest_only_with_trigger']) retrieved from /home/airflow/.local/lib/python3.7/site-packages/airflow/example_dags/example_latest_only_with_trigger.py
[2024-04-15T15:55:57.949+0000] {logging_mixin.py:120} INFO - [2024-04-15T15:55:57.948+0000] {dag.py:2585} INFO - Sync 1 DAGs
[2024-04-15T15:55:57.990+0000] {logging_mixin.py:120} INFO - [2024-04-15T15:55:57.990+0000] {dag.py:3340} INFO - Setting next_dagrun for latest_only_with_trigger to 2024-04-15T11:55:57.989678+00:00, run_after=2024-04-15T15:55:57.989678+00:00
[2024-04-15T15:55:58.026+0000] {processor.py:176} INFO - Processing /home/airflow/.local/lib/python3.7/site-packages/airflow/example_dags/example_latest_only_with_trigger.py took 0.188 seconds
[2024-04-15T15:56:28.872+0000] {processor.py:154} INFO - Started process (PID=21180) to work on /home/airflow/.local/lib/python3.7/site-packages/airflow/example_dags/example_latest_only_with_trigger.py
[2024-04-15T15:56:28.874+0000] {processor.py:756} INFO - Processing file /home/airflow/.local/lib/python3.7/site-packages/airflow/example_dags/example_latest_only_with_trigger.py for tasks to queue
[2024-04-15T15:56:28.876+0000] {logging_mixin.py:120} INFO - [2024-04-15T15:56:28.875+0000] {dagbag.py:537} INFO - Filling up the DagBag from /home/airflow/.local/lib/python3.7/site-packages/airflow/example_dags/example_latest_only_with_trigger.py
[2024-04-15T15:56:28.903+0000] {processor.py:766} INFO - DAG(s) dict_keys(['latest_only_with_trigger']) retrieved from /home/airflow/.local/lib/python3.7/site-packages/airflow/example_dags/example_latest_only_with_trigger.py
[2024-04-15T15:56:28.975+0000] {logging_mixin.py:120} INFO - [2024-04-15T15:56:28.975+0000] {dag.py:2585} INFO - Sync 1 DAGs
[2024-04-15T15:56:29.016+0000] {logging_mixin.py:120} INFO - [2024-04-15T15:56:29.016+0000] {dag.py:3340} INFO - Setting next_dagrun for latest_only_with_trigger to 2024-04-15T11:56:29.015917+00:00, run_after=2024-04-15T15:56:29.015917+00:00
[2024-04-15T15:56:29.050+0000] {processor.py:176} INFO - Processing /home/airflow/.local/lib/python3.7/site-packages/airflow/example_dags/example_latest_only_with_trigger.py took 0.184 seconds
[2024-04-15T15:56:59.649+0000] {processor.py:154} INFO - Started process (PID=21259) to work on /home/airflow/.local/lib/python3.7/site-packages/airflow/example_dags/example_latest_only_with_trigger.py
[2024-04-15T15:56:59.651+0000] {processor.py:756} INFO - Processing file /home/airflow/.local/lib/python3.7/site-packages/airflow/example_dags/example_latest_only_with_trigger.py for tasks to queue
[2024-04-15T15:56:59.658+0000] {logging_mixin.py:120} INFO - [2024-04-15T15:56:59.658+0000] {dagbag.py:537} INFO - Filling up the DagBag from /home/airflow/.local/lib/python3.7/site-packages/airflow/example_dags/example_latest_only_with_trigger.py
[2024-04-15T15:56:59.682+0000] {processor.py:766} INFO - DAG(s) dict_keys(['latest_only_with_trigger']) retrieved from /home/airflow/.local/lib/python3.7/site-packages/airflow/example_dags/example_latest_only_with_trigger.py
[2024-04-15T15:56:59.773+0000] {logging_mixin.py:120} INFO - [2024-04-15T15:56:59.773+0000] {dag.py:2585} INFO - Sync 1 DAGs
[2024-04-15T15:56:59.811+0000] {logging_mixin.py:120} INFO - [2024-04-15T15:56:59.811+0000] {dag.py:3340} INFO - Setting next_dagrun for latest_only_with_trigger to 2024-04-15T11:56:59.811361+00:00, run_after=2024-04-15T15:56:59.811361+00:00
[2024-04-15T15:56:59.842+0000] {processor.py:176} INFO - Processing /home/airflow/.local/lib/python3.7/site-packages/airflow/example_dags/example_latest_only_with_trigger.py took 0.202 seconds
[2024-04-15T15:57:30.727+0000] {processor.py:154} INFO - Started process (PID=21330) to work on /home/airflow/.local/lib/python3.7/site-packages/airflow/example_dags/example_latest_only_with_trigger.py
[2024-04-15T15:57:30.729+0000] {processor.py:756} INFO - Processing file /home/airflow/.local/lib/python3.7/site-packages/airflow/example_dags/example_latest_only_with_trigger.py for tasks to queue
[2024-04-15T15:57:30.731+0000] {logging_mixin.py:120} INFO - [2024-04-15T15:57:30.731+0000] {dagbag.py:537} INFO - Filling up the DagBag from /home/airflow/.local/lib/python3.7/site-packages/airflow/example_dags/example_latest_only_with_trigger.py
[2024-04-15T15:57:30.756+0000] {processor.py:766} INFO - DAG(s) dict_keys(['latest_only_with_trigger']) retrieved from /home/airflow/.local/lib/python3.7/site-packages/airflow/example_dags/example_latest_only_with_trigger.py
[2024-04-15T15:57:30.823+0000] {logging_mixin.py:120} INFO - [2024-04-15T15:57:30.823+0000] {dag.py:2585} INFO - Sync 1 DAGs
[2024-04-15T15:57:30.869+0000] {logging_mixin.py:120} INFO - [2024-04-15T15:57:30.869+0000] {dag.py:3340} INFO - Setting next_dagrun for latest_only_with_trigger to 2024-04-15T11:57:30.869248+00:00, run_after=2024-04-15T15:57:30.869248+00:00
[2024-04-15T15:57:30.903+0000] {processor.py:176} INFO - Processing /home/airflow/.local/lib/python3.7/site-packages/airflow/example_dags/example_latest_only_with_trigger.py took 0.181 seconds
[2024-04-15T15:58:01.487+0000] {processor.py:154} INFO - Started process (PID=21408) to work on /home/airflow/.local/lib/python3.7/site-packages/airflow/example_dags/example_latest_only_with_trigger.py
[2024-04-15T15:58:01.489+0000] {processor.py:756} INFO - Processing file /home/airflow/.local/lib/python3.7/site-packages/airflow/example_dags/example_latest_only_with_trigger.py for tasks to queue
[2024-04-15T15:58:01.490+0000] {logging_mixin.py:120} INFO - [2024-04-15T15:58:01.490+0000] {dagbag.py:537} INFO - Filling up the DagBag from /home/airflow/.local/lib/python3.7/site-packages/airflow/example_dags/example_latest_only_with_trigger.py
[2024-04-15T15:58:01.515+0000] {processor.py:766} INFO - DAG(s) dict_keys(['latest_only_with_trigger']) retrieved from /home/airflow/.local/lib/python3.7/site-packages/airflow/example_dags/example_latest_only_with_trigger.py
[2024-04-15T15:58:01.591+0000] {logging_mixin.py:120} INFO - [2024-04-15T15:58:01.591+0000] {dag.py:2585} INFO - Sync 1 DAGs
[2024-04-15T15:58:01.633+0000] {logging_mixin.py:120} INFO - [2024-04-15T15:58:01.632+0000] {dag.py:3340} INFO - Setting next_dagrun for latest_only_with_trigger to 2024-04-15T11:58:01.632368+00:00, run_after=2024-04-15T15:58:01.632368+00:00
[2024-04-15T15:58:01.664+0000] {processor.py:176} INFO - Processing /home/airflow/.local/lib/python3.7/site-packages/airflow/example_dags/example_latest_only_with_trigger.py took 0.184 seconds
[2024-04-15T15:58:32.194+0000] {processor.py:154} INFO - Started process (PID=21477) to work on /home/airflow/.local/lib/python3.7/site-packages/airflow/example_dags/example_latest_only_with_trigger.py
[2024-04-15T15:58:32.198+0000] {processor.py:756} INFO - Processing file /home/airflow/.local/lib/python3.7/site-packages/airflow/example_dags/example_latest_only_with_trigger.py for tasks to queue
[2024-04-15T15:58:32.200+0000] {logging_mixin.py:120} INFO - [2024-04-15T15:58:32.200+0000] {dagbag.py:537} INFO - Filling up the DagBag from /home/airflow/.local/lib/python3.7/site-packages/airflow/example_dags/example_latest_only_with_trigger.py
[2024-04-15T15:58:32.235+0000] {processor.py:766} INFO - DAG(s) dict_keys(['latest_only_with_trigger']) retrieved from /home/airflow/.local/lib/python3.7/site-packages/airflow/example_dags/example_latest_only_with_trigger.py
[2024-04-15T15:58:32.313+0000] {logging_mixin.py:120} INFO - [2024-04-15T15:58:32.313+0000] {dag.py:2585} INFO - Sync 1 DAGs
[2024-04-15T15:58:32.375+0000] {logging_mixin.py:120} INFO - [2024-04-15T15:58:32.375+0000] {dag.py:3340} INFO - Setting next_dagrun for latest_only_with_trigger to 2024-04-15T11:58:32.374483+00:00, run_after=2024-04-15T15:58:32.374483+00:00
[2024-04-15T15:58:32.409+0000] {processor.py:176} INFO - Processing /home/airflow/.local/lib/python3.7/site-packages/airflow/example_dags/example_latest_only_with_trigger.py took 0.223 seconds
[2024-04-15T15:59:03.120+0000] {processor.py:154} INFO - Started process (PID=21556) to work on /home/airflow/.local/lib/python3.7/site-packages/airflow/example_dags/example_latest_only_with_trigger.py
[2024-04-15T15:59:03.122+0000] {processor.py:756} INFO - Processing file /home/airflow/.local/lib/python3.7/site-packages/airflow/example_dags/example_latest_only_with_trigger.py for tasks to queue
[2024-04-15T15:59:03.125+0000] {logging_mixin.py:120} INFO - [2024-04-15T15:59:03.125+0000] {dagbag.py:537} INFO - Filling up the DagBag from /home/airflow/.local/lib/python3.7/site-packages/airflow/example_dags/example_latest_only_with_trigger.py
[2024-04-15T15:59:03.157+0000] {processor.py:766} INFO - DAG(s) dict_keys(['latest_only_with_trigger']) retrieved from /home/airflow/.local/lib/python3.7/site-packages/airflow/example_dags/example_latest_only_with_trigger.py
[2024-04-15T15:59:03.223+0000] {logging_mixin.py:120} INFO - [2024-04-15T15:59:03.223+0000] {dag.py:2585} INFO - Sync 1 DAGs
[2024-04-15T15:59:03.273+0000] {logging_mixin.py:120} INFO - [2024-04-15T15:59:03.272+0000] {dag.py:3340} INFO - Setting next_dagrun for latest_only_with_trigger to 2024-04-15T11:59:03.272288+00:00, run_after=2024-04-15T15:59:03.272288+00:00
[2024-04-15T15:59:03.314+0000] {processor.py:176} INFO - Processing /home/airflow/.local/lib/python3.7/site-packages/airflow/example_dags/example_latest_only_with_trigger.py took 0.204 seconds
[2024-04-15T15:59:33.664+0000] {processor.py:154} INFO - Started process (PID=21634) to work on /home/airflow/.local/lib/python3.7/site-packages/airflow/example_dags/example_latest_only_with_trigger.py
[2024-04-15T15:59:33.669+0000] {processor.py:756} INFO - Processing file /home/airflow/.local/lib/python3.7/site-packages/airflow/example_dags/example_latest_only_with_trigger.py for tasks to queue
[2024-04-15T15:59:33.672+0000] {logging_mixin.py:120} INFO - [2024-04-15T15:59:33.672+0000] {dagbag.py:537} INFO - Filling up the DagBag from /home/airflow/.local/lib/python3.7/site-packages/airflow/example_dags/example_latest_only_with_trigger.py
[2024-04-15T15:59:33.703+0000] {processor.py:766} INFO - DAG(s) dict_keys(['latest_only_with_trigger']) retrieved from /home/airflow/.local/lib/python3.7/site-packages/airflow/example_dags/example_latest_only_with_trigger.py
[2024-04-15T15:59:33.773+0000] {logging_mixin.py:120} INFO - [2024-04-15T15:59:33.772+0000] {dag.py:2585} INFO - Sync 1 DAGs
[2024-04-15T15:59:33.815+0000] {logging_mixin.py:120} INFO - [2024-04-15T15:59:33.815+0000] {dag.py:3340} INFO - Setting next_dagrun for latest_only_with_trigger to 2024-04-15T11:59:33.814666+00:00, run_after=2024-04-15T15:59:33.814666+00:00
[2024-04-15T15:59:33.853+0000] {processor.py:176} INFO - Processing /home/airflow/.local/lib/python3.7/site-packages/airflow/example_dags/example_latest_only_with_trigger.py took 0.196 seconds
[2024-04-15T16:00:04.100+0000] {processor.py:154} INFO - Started process (PID=21703) to work on /home/airflow/.local/lib/python3.7/site-packages/airflow/example_dags/example_latest_only_with_trigger.py
[2024-04-15T16:00:04.104+0000] {processor.py:756} INFO - Processing file /home/airflow/.local/lib/python3.7/site-packages/airflow/example_dags/example_latest_only_with_trigger.py for tasks to queue
[2024-04-15T16:00:04.106+0000] {logging_mixin.py:120} INFO - [2024-04-15T16:00:04.106+0000] {dagbag.py:537} INFO - Filling up the DagBag from /home/airflow/.local/lib/python3.7/site-packages/airflow/example_dags/example_latest_only_with_trigger.py
[2024-04-15T16:00:04.140+0000] {processor.py:766} INFO - DAG(s) dict_keys(['latest_only_with_trigger']) retrieved from /home/airflow/.local/lib/python3.7/site-packages/airflow/example_dags/example_latest_only_with_trigger.py
[2024-04-15T16:00:04.217+0000] {logging_mixin.py:120} INFO - [2024-04-15T16:00:04.217+0000] {dag.py:2585} INFO - Sync 1 DAGs
[2024-04-15T16:00:04.265+0000] {logging_mixin.py:120} INFO - [2024-04-15T16:00:04.265+0000] {dag.py:3340} INFO - Setting next_dagrun for latest_only_with_trigger to 2024-04-15T12:00:04.264847+00:00, run_after=2024-04-15T16:00:04.264847+00:00
[2024-04-15T16:00:04.296+0000] {processor.py:176} INFO - Processing /home/airflow/.local/lib/python3.7/site-packages/airflow/example_dags/example_latest_only_with_trigger.py took 0.206 seconds
[2024-04-15T16:00:34.565+0000] {processor.py:154} INFO - Started process (PID=21781) to work on /home/airflow/.local/lib/python3.7/site-packages/airflow/example_dags/example_latest_only_with_trigger.py
[2024-04-15T16:00:34.568+0000] {processor.py:756} INFO - Processing file /home/airflow/.local/lib/python3.7/site-packages/airflow/example_dags/example_latest_only_with_trigger.py for tasks to queue
[2024-04-15T16:00:34.570+0000] {logging_mixin.py:120} INFO - [2024-04-15T16:00:34.570+0000] {dagbag.py:537} INFO - Filling up the DagBag from /home/airflow/.local/lib/python3.7/site-packages/airflow/example_dags/example_latest_only_with_trigger.py
[2024-04-15T16:00:34.596+0000] {processor.py:766} INFO - DAG(s) dict_keys(['latest_only_with_trigger']) retrieved from /home/airflow/.local/lib/python3.7/site-packages/airflow/example_dags/example_latest_only_with_trigger.py
[2024-04-15T16:00:34.666+0000] {logging_mixin.py:120} INFO - [2024-04-15T16:00:34.666+0000] {dag.py:2585} INFO - Sync 1 DAGs
[2024-04-15T16:00:34.714+0000] {logging_mixin.py:120} INFO - [2024-04-15T16:00:34.714+0000] {dag.py:3340} INFO - Setting next_dagrun for latest_only_with_trigger to 2024-04-15T12:00:34.714072+00:00, run_after=2024-04-15T16:00:34.714072+00:00
[2024-04-15T16:00:34.746+0000] {processor.py:176} INFO - Processing /home/airflow/.local/lib/python3.7/site-packages/airflow/example_dags/example_latest_only_with_trigger.py took 0.190 seconds
[2024-04-15T16:01:05.601+0000] {processor.py:154} INFO - Started process (PID=21850) to work on /home/airflow/.local/lib/python3.7/site-packages/airflow/example_dags/example_latest_only_with_trigger.py
[2024-04-15T16:01:05.604+0000] {processor.py:756} INFO - Processing file /home/airflow/.local/lib/python3.7/site-packages/airflow/example_dags/example_latest_only_with_trigger.py for tasks to queue
[2024-04-15T16:01:05.605+0000] {logging_mixin.py:120} INFO - [2024-04-15T16:01:05.605+0000] {dagbag.py:537} INFO - Filling up the DagBag from /home/airflow/.local/lib/python3.7/site-packages/airflow/example_dags/example_latest_only_with_trigger.py
[2024-04-15T16:01:05.631+0000] {processor.py:766} INFO - DAG(s) dict_keys(['latest_only_with_trigger']) retrieved from /home/airflow/.local/lib/python3.7/site-packages/airflow/example_dags/example_latest_only_with_trigger.py
[2024-04-15T16:01:05.720+0000] {logging_mixin.py:120} INFO - [2024-04-15T16:01:05.720+0000] {dag.py:2585} INFO - Sync 1 DAGs
[2024-04-15T16:01:05.771+0000] {logging_mixin.py:120} INFO - [2024-04-15T16:01:05.771+0000] {dag.py:3340} INFO - Setting next_dagrun for latest_only_with_trigger to 2024-04-15T12:01:05.770777+00:00, run_after=2024-04-15T16:01:05.770777+00:00
[2024-04-15T16:01:05.800+0000] {processor.py:176} INFO - Processing /home/airflow/.local/lib/python3.7/site-packages/airflow/example_dags/example_latest_only_with_trigger.py took 0.205 seconds
[2024-04-15T16:01:36.509+0000] {processor.py:154} INFO - Started process (PID=21928) to work on /home/airflow/.local/lib/python3.7/site-packages/airflow/example_dags/example_latest_only_with_trigger.py
[2024-04-15T16:01:36.511+0000] {processor.py:756} INFO - Processing file /home/airflow/.local/lib/python3.7/site-packages/airflow/example_dags/example_latest_only_with_trigger.py for tasks to queue
[2024-04-15T16:01:36.513+0000] {logging_mixin.py:120} INFO - [2024-04-15T16:01:36.513+0000] {dagbag.py:537} INFO - Filling up the DagBag from /home/airflow/.local/lib/python3.7/site-packages/airflow/example_dags/example_latest_only_with_trigger.py
[2024-04-15T16:01:36.540+0000] {processor.py:766} INFO - DAG(s) dict_keys(['latest_only_with_trigger']) retrieved from /home/airflow/.local/lib/python3.7/site-packages/airflow/example_dags/example_latest_only_with_trigger.py
[2024-04-15T16:01:36.687+0000] {logging_mixin.py:120} INFO - [2024-04-15T16:01:36.687+0000] {dag.py:2585} INFO - Sync 1 DAGs
[2024-04-15T16:01:36.733+0000] {logging_mixin.py:120} INFO - [2024-04-15T16:01:36.732+0000] {dag.py:3340} INFO - Setting next_dagrun for latest_only_with_trigger to 2024-04-15T12:01:36.732385+00:00, run_after=2024-04-15T16:01:36.732385+00:00
[2024-04-15T16:01:36.773+0000] {processor.py:176} INFO - Processing /home/airflow/.local/lib/python3.7/site-packages/airflow/example_dags/example_latest_only_with_trigger.py took 0.269 seconds
[2024-04-15T16:02:06.906+0000] {processor.py:154} INFO - Started process (PID=21994) to work on /home/airflow/.local/lib/python3.7/site-packages/airflow/example_dags/example_latest_only_with_trigger.py
[2024-04-15T16:02:06.908+0000] {processor.py:756} INFO - Processing file /home/airflow/.local/lib/python3.7/site-packages/airflow/example_dags/example_latest_only_with_trigger.py for tasks to queue
[2024-04-15T16:02:06.911+0000] {logging_mixin.py:120} INFO - [2024-04-15T16:02:06.910+0000] {dagbag.py:537} INFO - Filling up the DagBag from /home/airflow/.local/lib/python3.7/site-packages/airflow/example_dags/example_latest_only_with_trigger.py
[2024-04-15T16:02:06.949+0000] {processor.py:766} INFO - DAG(s) dict_keys(['latest_only_with_trigger']) retrieved from /home/airflow/.local/lib/python3.7/site-packages/airflow/example_dags/example_latest_only_with_trigger.py
[2024-04-15T16:02:07.064+0000] {logging_mixin.py:120} INFO - [2024-04-15T16:02:07.063+0000] {dag.py:2585} INFO - Sync 1 DAGs
[2024-04-15T16:02:07.123+0000] {logging_mixin.py:120} INFO - [2024-04-15T16:02:07.123+0000] {dag.py:3340} INFO - Setting next_dagrun for latest_only_with_trigger to 2024-04-15T12:02:07.123326+00:00, run_after=2024-04-15T16:02:07.123326+00:00
[2024-04-15T16:02:07.165+0000] {processor.py:176} INFO - Processing /home/airflow/.local/lib/python3.7/site-packages/airflow/example_dags/example_latest_only_with_trigger.py took 0.266 seconds
[2024-04-15T16:02:37.390+0000] {processor.py:154} INFO - Started process (PID=22073) to work on /home/airflow/.local/lib/python3.7/site-packages/airflow/example_dags/example_latest_only_with_trigger.py
[2024-04-15T16:02:37.393+0000] {processor.py:756} INFO - Processing file /home/airflow/.local/lib/python3.7/site-packages/airflow/example_dags/example_latest_only_with_trigger.py for tasks to queue
[2024-04-15T16:02:37.406+0000] {logging_mixin.py:120} INFO - [2024-04-15T16:02:37.406+0000] {dagbag.py:537} INFO - Filling up the DagBag from /home/airflow/.local/lib/python3.7/site-packages/airflow/example_dags/example_latest_only_with_trigger.py
[2024-04-15T16:02:37.436+0000] {processor.py:766} INFO - DAG(s) dict_keys(['latest_only_with_trigger']) retrieved from /home/airflow/.local/lib/python3.7/site-packages/airflow/example_dags/example_latest_only_with_trigger.py
[2024-04-15T16:02:37.516+0000] {logging_mixin.py:120} INFO - [2024-04-15T16:02:37.516+0000] {dag.py:2585} INFO - Sync 1 DAGs
[2024-04-15T16:02:37.577+0000] {logging_mixin.py:120} INFO - [2024-04-15T16:02:37.577+0000] {dag.py:3340} INFO - Setting next_dagrun for latest_only_with_trigger to 2024-04-15T12:02:37.577019+00:00, run_after=2024-04-15T16:02:37.577019+00:00
[2024-04-15T16:02:37.623+0000] {processor.py:176} INFO - Processing /home/airflow/.local/lib/python3.7/site-packages/airflow/example_dags/example_latest_only_with_trigger.py took 0.250 seconds
[2024-04-15T16:03:07.924+0000] {processor.py:154} INFO - Started process (PID=22150) to work on /home/airflow/.local/lib/python3.7/site-packages/airflow/example_dags/example_latest_only_with_trigger.py
[2024-04-15T16:03:07.937+0000] {processor.py:756} INFO - Processing file /home/airflow/.local/lib/python3.7/site-packages/airflow/example_dags/example_latest_only_with_trigger.py for tasks to queue
[2024-04-15T16:03:07.942+0000] {logging_mixin.py:120} INFO - [2024-04-15T16:03:07.942+0000] {dagbag.py:537} INFO - Filling up the DagBag from /home/airflow/.local/lib/python3.7/site-packages/airflow/example_dags/example_latest_only_with_trigger.py
[2024-04-15T16:03:07.973+0000] {processor.py:766} INFO - DAG(s) dict_keys(['latest_only_with_trigger']) retrieved from /home/airflow/.local/lib/python3.7/site-packages/airflow/example_dags/example_latest_only_with_trigger.py
[2024-04-15T16:03:08.040+0000] {logging_mixin.py:120} INFO - [2024-04-15T16:03:08.039+0000] {dag.py:2585} INFO - Sync 1 DAGs
[2024-04-15T16:03:08.080+0000] {logging_mixin.py:120} INFO - [2024-04-15T16:03:08.079+0000] {dag.py:3340} INFO - Setting next_dagrun for latest_only_with_trigger to 2024-04-15T12:03:08.079421+00:00, run_after=2024-04-15T16:03:08.079421+00:00
[2024-04-15T16:03:08.110+0000] {processor.py:176} INFO - Processing /home/airflow/.local/lib/python3.7/site-packages/airflow/example_dags/example_latest_only_with_trigger.py took 0.193 seconds
[2024-04-15T16:03:38.643+0000] {processor.py:154} INFO - Started process (PID=22221) to work on /home/airflow/.local/lib/python3.7/site-packages/airflow/example_dags/example_latest_only_with_trigger.py
[2024-04-15T16:03:38.646+0000] {processor.py:756} INFO - Processing file /home/airflow/.local/lib/python3.7/site-packages/airflow/example_dags/example_latest_only_with_trigger.py for tasks to queue
[2024-04-15T16:03:38.647+0000] {logging_mixin.py:120} INFO - [2024-04-15T16:03:38.647+0000] {dagbag.py:537} INFO - Filling up the DagBag from /home/airflow/.local/lib/python3.7/site-packages/airflow/example_dags/example_latest_only_with_trigger.py
[2024-04-15T16:03:38.678+0000] {processor.py:766} INFO - DAG(s) dict_keys(['latest_only_with_trigger']) retrieved from /home/airflow/.local/lib/python3.7/site-packages/airflow/example_dags/example_latest_only_with_trigger.py
[2024-04-15T16:03:38.752+0000] {logging_mixin.py:120} INFO - [2024-04-15T16:03:38.752+0000] {dag.py:2585} INFO - Sync 1 DAGs
[2024-04-15T16:03:38.796+0000] {logging_mixin.py:120} INFO - [2024-04-15T16:03:38.796+0000] {dag.py:3340} INFO - Setting next_dagrun for latest_only_with_trigger to 2024-04-15T12:03:38.796115+00:00, run_after=2024-04-15T16:03:38.796115+00:00
[2024-04-15T16:03:38.833+0000] {processor.py:176} INFO - Processing /home/airflow/.local/lib/python3.7/site-packages/airflow/example_dags/example_latest_only_with_trigger.py took 0.195 seconds
[2024-04-15T16:04:09.398+0000] {processor.py:154} INFO - Started process (PID=22298) to work on /home/airflow/.local/lib/python3.7/site-packages/airflow/example_dags/example_latest_only_with_trigger.py
[2024-04-15T16:04:09.402+0000] {processor.py:756} INFO - Processing file /home/airflow/.local/lib/python3.7/site-packages/airflow/example_dags/example_latest_only_with_trigger.py for tasks to queue
[2024-04-15T16:04:09.407+0000] {logging_mixin.py:120} INFO - [2024-04-15T16:04:09.407+0000] {dagbag.py:537} INFO - Filling up the DagBag from /home/airflow/.local/lib/python3.7/site-packages/airflow/example_dags/example_latest_only_with_trigger.py
[2024-04-15T16:04:09.455+0000] {processor.py:766} INFO - DAG(s) dict_keys(['latest_only_with_trigger']) retrieved from /home/airflow/.local/lib/python3.7/site-packages/airflow/example_dags/example_latest_only_with_trigger.py
[2024-04-15T16:04:09.551+0000] {logging_mixin.py:120} INFO - [2024-04-15T16:04:09.551+0000] {dag.py:2585} INFO - Sync 1 DAGs
[2024-04-15T16:04:09.610+0000] {logging_mixin.py:120} INFO - [2024-04-15T16:04:09.610+0000] {dag.py:3340} INFO - Setting next_dagrun for latest_only_with_trigger to 2024-04-15T12:04:09.610445+00:00, run_after=2024-04-15T16:04:09.610445+00:00
[2024-04-15T16:04:09.649+0000] {processor.py:176} INFO - Processing /home/airflow/.local/lib/python3.7/site-packages/airflow/example_dags/example_latest_only_with_trigger.py took 0.265 seconds
[2024-04-15T16:04:39.907+0000] {processor.py:154} INFO - Started process (PID=22367) to work on /home/airflow/.local/lib/python3.7/site-packages/airflow/example_dags/example_latest_only_with_trigger.py
[2024-04-15T16:04:39.909+0000] {processor.py:756} INFO - Processing file /home/airflow/.local/lib/python3.7/site-packages/airflow/example_dags/example_latest_only_with_trigger.py for tasks to queue
[2024-04-15T16:04:39.911+0000] {logging_mixin.py:120} INFO - [2024-04-15T16:04:39.911+0000] {dagbag.py:537} INFO - Filling up the DagBag from /home/airflow/.local/lib/python3.7/site-packages/airflow/example_dags/example_latest_only_with_trigger.py
[2024-04-15T16:04:39.940+0000] {processor.py:766} INFO - DAG(s) dict_keys(['latest_only_with_trigger']) retrieved from /home/airflow/.local/lib/python3.7/site-packages/airflow/example_dags/example_latest_only_with_trigger.py
[2024-04-15T16:04:40.030+0000] {logging_mixin.py:120} INFO - [2024-04-15T16:04:40.030+0000] {dag.py:2585} INFO - Sync 1 DAGs
[2024-04-15T16:04:40.091+0000] {logging_mixin.py:120} INFO - [2024-04-15T16:04:40.091+0000] {dag.py:3340} INFO - Setting next_dagrun for latest_only_with_trigger to 2024-04-15T12:04:40.090795+00:00, run_after=2024-04-15T16:04:40.090795+00:00
[2024-04-15T16:04:40.125+0000] {processor.py:176} INFO - Processing /home/airflow/.local/lib/python3.7/site-packages/airflow/example_dags/example_latest_only_with_trigger.py took 0.224 seconds
[2024-04-15T16:05:10.902+0000] {processor.py:154} INFO - Started process (PID=22447) to work on /home/airflow/.local/lib/python3.7/site-packages/airflow/example_dags/example_latest_only_with_trigger.py
[2024-04-15T16:05:10.904+0000] {processor.py:756} INFO - Processing file /home/airflow/.local/lib/python3.7/site-packages/airflow/example_dags/example_latest_only_with_trigger.py for tasks to queue
[2024-04-15T16:05:10.906+0000] {logging_mixin.py:120} INFO - [2024-04-15T16:05:10.905+0000] {dagbag.py:537} INFO - Filling up the DagBag from /home/airflow/.local/lib/python3.7/site-packages/airflow/example_dags/example_latest_only_with_trigger.py
[2024-04-15T16:05:10.929+0000] {processor.py:766} INFO - DAG(s) dict_keys(['latest_only_with_trigger']) retrieved from /home/airflow/.local/lib/python3.7/site-packages/airflow/example_dags/example_latest_only_with_trigger.py
[2024-04-15T16:05:11.007+0000] {logging_mixin.py:120} INFO - [2024-04-15T16:05:11.006+0000] {dag.py:2585} INFO - Sync 1 DAGs
[2024-04-15T16:05:11.078+0000] {logging_mixin.py:120} INFO - [2024-04-15T16:05:11.077+0000] {dag.py:3340} INFO - Setting next_dagrun for latest_only_with_trigger to 2024-04-15T12:05:11.076511+00:00, run_after=2024-04-15T16:05:11.076511+00:00
[2024-04-15T16:05:11.168+0000] {processor.py:176} INFO - Processing /home/airflow/.local/lib/python3.7/site-packages/airflow/example_dags/example_latest_only_with_trigger.py took 0.272 seconds
[2024-04-15T16:05:41.358+0000] {processor.py:154} INFO - Started process (PID=22515) to work on /home/airflow/.local/lib/python3.7/site-packages/airflow/example_dags/example_latest_only_with_trigger.py
[2024-04-15T16:05:41.361+0000] {processor.py:756} INFO - Processing file /home/airflow/.local/lib/python3.7/site-packages/airflow/example_dags/example_latest_only_with_trigger.py for tasks to queue
[2024-04-15T16:05:41.363+0000] {logging_mixin.py:120} INFO - [2024-04-15T16:05:41.363+0000] {dagbag.py:537} INFO - Filling up the DagBag from /home/airflow/.local/lib/python3.7/site-packages/airflow/example_dags/example_latest_only_with_trigger.py
[2024-04-15T16:05:41.395+0000] {processor.py:766} INFO - DAG(s) dict_keys(['latest_only_with_trigger']) retrieved from /home/airflow/.local/lib/python3.7/site-packages/airflow/example_dags/example_latest_only_with_trigger.py
[2024-04-15T16:05:41.468+0000] {logging_mixin.py:120} INFO - [2024-04-15T16:05:41.468+0000] {dag.py:2585} INFO - Sync 1 DAGs
[2024-04-15T16:05:41.508+0000] {logging_mixin.py:120} INFO - [2024-04-15T16:05:41.508+0000] {dag.py:3340} INFO - Setting next_dagrun for latest_only_with_trigger to 2024-04-15T12:05:41.508316+00:00, run_after=2024-04-15T16:05:41.508316+00:00
[2024-04-15T16:05:41.543+0000] {processor.py:176} INFO - Processing /home/airflow/.local/lib/python3.7/site-packages/airflow/example_dags/example_latest_only_with_trigger.py took 0.193 seconds
[2024-04-15T16:06:12.224+0000] {processor.py:154} INFO - Started process (PID=22591) to work on /home/airflow/.local/lib/python3.7/site-packages/airflow/example_dags/example_latest_only_with_trigger.py
[2024-04-15T16:06:12.226+0000] {processor.py:756} INFO - Processing file /home/airflow/.local/lib/python3.7/site-packages/airflow/example_dags/example_latest_only_with_trigger.py for tasks to queue
[2024-04-15T16:06:12.229+0000] {logging_mixin.py:120} INFO - [2024-04-15T16:06:12.229+0000] {dagbag.py:537} INFO - Filling up the DagBag from /home/airflow/.local/lib/python3.7/site-packages/airflow/example_dags/example_latest_only_with_trigger.py
[2024-04-15T16:06:12.293+0000] {processor.py:766} INFO - DAG(s) dict_keys(['latest_only_with_trigger']) retrieved from /home/airflow/.local/lib/python3.7/site-packages/airflow/example_dags/example_latest_only_with_trigger.py
[2024-04-15T16:06:12.451+0000] {logging_mixin.py:120} INFO - [2024-04-15T16:06:12.450+0000] {dag.py:2585} INFO - Sync 1 DAGs
[2024-04-15T16:06:12.564+0000] {logging_mixin.py:120} INFO - [2024-04-15T16:06:12.564+0000] {dag.py:3340} INFO - Setting next_dagrun for latest_only_with_trigger to 2024-04-15T12:06:12.563758+00:00, run_after=2024-04-15T16:06:12.563758+00:00
[2024-04-15T16:06:12.620+0000] {processor.py:176} INFO - Processing /home/airflow/.local/lib/python3.7/site-packages/airflow/example_dags/example_latest_only_with_trigger.py took 0.406 seconds
[2024-04-15T16:06:42.799+0000] {processor.py:154} INFO - Started process (PID=22661) to work on /home/airflow/.local/lib/python3.7/site-packages/airflow/example_dags/example_latest_only_with_trigger.py
[2024-04-15T16:06:42.801+0000] {processor.py:756} INFO - Processing file /home/airflow/.local/lib/python3.7/site-packages/airflow/example_dags/example_latest_only_with_trigger.py for tasks to queue
[2024-04-15T16:06:42.803+0000] {logging_mixin.py:120} INFO - [2024-04-15T16:06:42.802+0000] {dagbag.py:537} INFO - Filling up the DagBag from /home/airflow/.local/lib/python3.7/site-packages/airflow/example_dags/example_latest_only_with_trigger.py
[2024-04-15T16:06:42.828+0000] {processor.py:766} INFO - DAG(s) dict_keys(['latest_only_with_trigger']) retrieved from /home/airflow/.local/lib/python3.7/site-packages/airflow/example_dags/example_latest_only_with_trigger.py
[2024-04-15T16:06:42.896+0000] {logging_mixin.py:120} INFO - [2024-04-15T16:06:42.896+0000] {dag.py:2585} INFO - Sync 1 DAGs
[2024-04-15T16:06:42.934+0000] {logging_mixin.py:120} INFO - [2024-04-15T16:06:42.933+0000] {dag.py:3340} INFO - Setting next_dagrun for latest_only_with_trigger to 2024-04-15T12:06:42.933468+00:00, run_after=2024-04-15T16:06:42.933468+00:00
[2024-04-15T16:06:42.963+0000] {processor.py:176} INFO - Processing /home/airflow/.local/lib/python3.7/site-packages/airflow/example_dags/example_latest_only_with_trigger.py took 0.170 seconds
[2024-04-15T16:07:13.740+0000] {processor.py:154} INFO - Started process (PID=22739) to work on /home/airflow/.local/lib/python3.7/site-packages/airflow/example_dags/example_latest_only_with_trigger.py
[2024-04-15T16:07:13.742+0000] {processor.py:756} INFO - Processing file /home/airflow/.local/lib/python3.7/site-packages/airflow/example_dags/example_latest_only_with_trigger.py for tasks to queue
[2024-04-15T16:07:13.743+0000] {logging_mixin.py:120} INFO - [2024-04-15T16:07:13.743+0000] {dagbag.py:537} INFO - Filling up the DagBag from /home/airflow/.local/lib/python3.7/site-packages/airflow/example_dags/example_latest_only_with_trigger.py
[2024-04-15T16:07:13.770+0000] {processor.py:766} INFO - DAG(s) dict_keys(['latest_only_with_trigger']) retrieved from /home/airflow/.local/lib/python3.7/site-packages/airflow/example_dags/example_latest_only_with_trigger.py
[2024-04-15T16:07:13.842+0000] {logging_mixin.py:120} INFO - [2024-04-15T16:07:13.842+0000] {dag.py:2585} INFO - Sync 1 DAGs
[2024-04-15T16:07:13.910+0000] {logging_mixin.py:120} INFO - [2024-04-15T16:07:13.909+0000] {dag.py:3340} INFO - Setting next_dagrun for latest_only_with_trigger to 2024-04-15T12:07:13.909178+00:00, run_after=2024-04-15T16:07:13.909178+00:00
[2024-04-15T16:07:13.981+0000] {processor.py:176} INFO - Processing /home/airflow/.local/lib/python3.7/site-packages/airflow/example_dags/example_latest_only_with_trigger.py took 0.246 seconds
[2024-04-15T16:07:44.563+0000] {processor.py:154} INFO - Started process (PID=22815) to work on /home/airflow/.local/lib/python3.7/site-packages/airflow/example_dags/example_latest_only_with_trigger.py
[2024-04-15T16:07:44.566+0000] {processor.py:756} INFO - Processing file /home/airflow/.local/lib/python3.7/site-packages/airflow/example_dags/example_latest_only_with_trigger.py for tasks to queue
[2024-04-15T16:07:44.568+0000] {logging_mixin.py:120} INFO - [2024-04-15T16:07:44.567+0000] {dagbag.py:537} INFO - Filling up the DagBag from /home/airflow/.local/lib/python3.7/site-packages/airflow/example_dags/example_latest_only_with_trigger.py
[2024-04-15T16:07:44.601+0000] {processor.py:766} INFO - DAG(s) dict_keys(['latest_only_with_trigger']) retrieved from /home/airflow/.local/lib/python3.7/site-packages/airflow/example_dags/example_latest_only_with_trigger.py
[2024-04-15T16:07:44.694+0000] {logging_mixin.py:120} INFO - [2024-04-15T16:07:44.693+0000] {dag.py:2585} INFO - Sync 1 DAGs
[2024-04-15T16:07:44.749+0000] {logging_mixin.py:120} INFO - [2024-04-15T16:07:44.748+0000] {dag.py:3340} INFO - Setting next_dagrun for latest_only_with_trigger to 2024-04-15T12:07:44.748411+00:00, run_after=2024-04-15T16:07:44.748411+00:00
[2024-04-15T16:07:44.782+0000] {processor.py:176} INFO - Processing /home/airflow/.local/lib/python3.7/site-packages/airflow/example_dags/example_latest_only_with_trigger.py took 0.225 seconds
[2024-04-15T16:08:14.914+0000] {processor.py:154} INFO - Started process (PID=22884) to work on /home/airflow/.local/lib/python3.7/site-packages/airflow/example_dags/example_latest_only_with_trigger.py
[2024-04-15T16:08:14.917+0000] {processor.py:756} INFO - Processing file /home/airflow/.local/lib/python3.7/site-packages/airflow/example_dags/example_latest_only_with_trigger.py for tasks to queue
[2024-04-15T16:08:14.919+0000] {logging_mixin.py:120} INFO - [2024-04-15T16:08:14.919+0000] {dagbag.py:537} INFO - Filling up the DagBag from /home/airflow/.local/lib/python3.7/site-packages/airflow/example_dags/example_latest_only_with_trigger.py
[2024-04-15T16:08:14.945+0000] {processor.py:766} INFO - DAG(s) dict_keys(['latest_only_with_trigger']) retrieved from /home/airflow/.local/lib/python3.7/site-packages/airflow/example_dags/example_latest_only_with_trigger.py
[2024-04-15T16:08:15.019+0000] {logging_mixin.py:120} INFO - [2024-04-15T16:08:15.018+0000] {dag.py:2585} INFO - Sync 1 DAGs
[2024-04-15T16:08:15.085+0000] {logging_mixin.py:120} INFO - [2024-04-15T16:08:15.084+0000] {dag.py:3340} INFO - Setting next_dagrun for latest_only_with_trigger to 2024-04-15T12:08:15.084520+00:00, run_after=2024-04-15T16:08:15.084520+00:00
[2024-04-15T16:08:15.126+0000] {processor.py:176} INFO - Processing /home/airflow/.local/lib/python3.7/site-packages/airflow/example_dags/example_latest_only_with_trigger.py took 0.219 seconds
[2024-04-15T16:08:45.516+0000] {processor.py:154} INFO - Started process (PID=22961) to work on /home/airflow/.local/lib/python3.7/site-packages/airflow/example_dags/example_latest_only_with_trigger.py
[2024-04-15T16:08:45.519+0000] {processor.py:756} INFO - Processing file /home/airflow/.local/lib/python3.7/site-packages/airflow/example_dags/example_latest_only_with_trigger.py for tasks to queue
[2024-04-15T16:08:45.520+0000] {logging_mixin.py:120} INFO - [2024-04-15T16:08:45.520+0000] {dagbag.py:537} INFO - Filling up the DagBag from /home/airflow/.local/lib/python3.7/site-packages/airflow/example_dags/example_latest_only_with_trigger.py
[2024-04-15T16:08:45.546+0000] {processor.py:766} INFO - DAG(s) dict_keys(['latest_only_with_trigger']) retrieved from /home/airflow/.local/lib/python3.7/site-packages/airflow/example_dags/example_latest_only_with_trigger.py
[2024-04-15T16:08:45.613+0000] {logging_mixin.py:120} INFO - [2024-04-15T16:08:45.613+0000] {dag.py:2585} INFO - Sync 1 DAGs
[2024-04-15T16:08:45.657+0000] {logging_mixin.py:120} INFO - [2024-04-15T16:08:45.657+0000] {dag.py:3340} INFO - Setting next_dagrun for latest_only_with_trigger to 2024-04-15T12:08:45.657363+00:00, run_after=2024-04-15T16:08:45.657363+00:00
[2024-04-15T16:08:45.698+0000] {processor.py:176} INFO - Processing /home/airflow/.local/lib/python3.7/site-packages/airflow/example_dags/example_latest_only_with_trigger.py took 0.187 seconds
[2024-04-15T16:09:16.655+0000] {processor.py:154} INFO - Started process (PID=23029) to work on /home/airflow/.local/lib/python3.7/site-packages/airflow/example_dags/example_latest_only_with_trigger.py
[2024-04-15T16:09:16.657+0000] {processor.py:756} INFO - Processing file /home/airflow/.local/lib/python3.7/site-packages/airflow/example_dags/example_latest_only_with_trigger.py for tasks to queue
[2024-04-15T16:09:16.660+0000] {logging_mixin.py:120} INFO - [2024-04-15T16:09:16.660+0000] {dagbag.py:537} INFO - Filling up the DagBag from /home/airflow/.local/lib/python3.7/site-packages/airflow/example_dags/example_latest_only_with_trigger.py
[2024-04-15T16:09:16.684+0000] {processor.py:766} INFO - DAG(s) dict_keys(['latest_only_with_trigger']) retrieved from /home/airflow/.local/lib/python3.7/site-packages/airflow/example_dags/example_latest_only_with_trigger.py
[2024-04-15T16:09:16.753+0000] {logging_mixin.py:120} INFO - [2024-04-15T16:09:16.753+0000] {dag.py:2585} INFO - Sync 1 DAGs
[2024-04-15T16:09:16.795+0000] {logging_mixin.py:120} INFO - [2024-04-15T16:09:16.795+0000] {dag.py:3340} INFO - Setting next_dagrun for latest_only_with_trigger to 2024-04-15T12:09:16.794606+00:00, run_after=2024-04-15T16:09:16.794606+00:00
[2024-04-15T16:09:16.831+0000] {processor.py:176} INFO - Processing /home/airflow/.local/lib/python3.7/site-packages/airflow/example_dags/example_latest_only_with_trigger.py took 0.181 seconds
[2024-04-15T16:09:47.320+0000] {processor.py:154} INFO - Started process (PID=23107) to work on /home/airflow/.local/lib/python3.7/site-packages/airflow/example_dags/example_latest_only_with_trigger.py
[2024-04-15T16:09:47.322+0000] {processor.py:756} INFO - Processing file /home/airflow/.local/lib/python3.7/site-packages/airflow/example_dags/example_latest_only_with_trigger.py for tasks to queue
[2024-04-15T16:09:47.324+0000] {logging_mixin.py:120} INFO - [2024-04-15T16:09:47.324+0000] {dagbag.py:537} INFO - Filling up the DagBag from /home/airflow/.local/lib/python3.7/site-packages/airflow/example_dags/example_latest_only_with_trigger.py
[2024-04-15T16:09:47.354+0000] {processor.py:766} INFO - DAG(s) dict_keys(['latest_only_with_trigger']) retrieved from /home/airflow/.local/lib/python3.7/site-packages/airflow/example_dags/example_latest_only_with_trigger.py
[2024-04-15T16:09:47.426+0000] {logging_mixin.py:120} INFO - [2024-04-15T16:09:47.426+0000] {dag.py:2585} INFO - Sync 1 DAGs
[2024-04-15T16:09:47.476+0000] {logging_mixin.py:120} INFO - [2024-04-15T16:09:47.475+0000] {dag.py:3340} INFO - Setting next_dagrun for latest_only_with_trigger to 2024-04-15T12:09:47.475555+00:00, run_after=2024-04-15T16:09:47.475555+00:00
[2024-04-15T16:09:47.513+0000] {processor.py:176} INFO - Processing /home/airflow/.local/lib/python3.7/site-packages/airflow/example_dags/example_latest_only_with_trigger.py took 0.198 seconds
[2024-04-15T16:10:17.695+0000] {processor.py:154} INFO - Started process (PID=23176) to work on /home/airflow/.local/lib/python3.7/site-packages/airflow/example_dags/example_latest_only_with_trigger.py
[2024-04-15T16:10:17.696+0000] {processor.py:756} INFO - Processing file /home/airflow/.local/lib/python3.7/site-packages/airflow/example_dags/example_latest_only_with_trigger.py for tasks to queue
[2024-04-15T16:10:17.698+0000] {logging_mixin.py:120} INFO - [2024-04-15T16:10:17.698+0000] {dagbag.py:537} INFO - Filling up the DagBag from /home/airflow/.local/lib/python3.7/site-packages/airflow/example_dags/example_latest_only_with_trigger.py
[2024-04-15T16:10:17.724+0000] {processor.py:766} INFO - DAG(s) dict_keys(['latest_only_with_trigger']) retrieved from /home/airflow/.local/lib/python3.7/site-packages/airflow/example_dags/example_latest_only_with_trigger.py
[2024-04-15T16:10:17.809+0000] {logging_mixin.py:120} INFO - [2024-04-15T16:10:17.809+0000] {dag.py:2585} INFO - Sync 1 DAGs
[2024-04-15T16:10:17.854+0000] {logging_mixin.py:120} INFO - [2024-04-15T16:10:17.853+0000] {dag.py:3340} INFO - Setting next_dagrun for latest_only_with_trigger to 2024-04-15T12:10:17.853529+00:00, run_after=2024-04-15T16:10:17.853529+00:00
[2024-04-15T16:10:17.885+0000] {processor.py:176} INFO - Processing /home/airflow/.local/lib/python3.7/site-packages/airflow/example_dags/example_latest_only_with_trigger.py took 0.198 seconds
[2024-04-15T16:10:48.151+0000] {processor.py:154} INFO - Started process (PID=23255) to work on /home/airflow/.local/lib/python3.7/site-packages/airflow/example_dags/example_latest_only_with_trigger.py
[2024-04-15T16:10:48.153+0000] {processor.py:756} INFO - Processing file /home/airflow/.local/lib/python3.7/site-packages/airflow/example_dags/example_latest_only_with_trigger.py for tasks to queue
[2024-04-15T16:10:48.154+0000] {logging_mixin.py:120} INFO - [2024-04-15T16:10:48.154+0000] {dagbag.py:537} INFO - Filling up the DagBag from /home/airflow/.local/lib/python3.7/site-packages/airflow/example_dags/example_latest_only_with_trigger.py
[2024-04-15T16:10:48.178+0000] {processor.py:766} INFO - DAG(s) dict_keys(['latest_only_with_trigger']) retrieved from /home/airflow/.local/lib/python3.7/site-packages/airflow/example_dags/example_latest_only_with_trigger.py
[2024-04-15T16:10:48.244+0000] {logging_mixin.py:120} INFO - [2024-04-15T16:10:48.244+0000] {dag.py:2585} INFO - Sync 1 DAGs
[2024-04-15T16:10:48.281+0000] {logging_mixin.py:120} INFO - [2024-04-15T16:10:48.281+0000] {dag.py:3340} INFO - Setting next_dagrun for latest_only_with_trigger to 2024-04-15T12:10:48.281078+00:00, run_after=2024-04-15T16:10:48.281078+00:00
[2024-04-15T16:10:48.313+0000] {processor.py:176} INFO - Processing /home/airflow/.local/lib/python3.7/site-packages/airflow/example_dags/example_latest_only_with_trigger.py took 0.168 seconds
[2024-04-15T16:11:18.873+0000] {processor.py:154} INFO - Started process (PID=23333) to work on /home/airflow/.local/lib/python3.7/site-packages/airflow/example_dags/example_latest_only_with_trigger.py
[2024-04-15T16:11:18.875+0000] {processor.py:756} INFO - Processing file /home/airflow/.local/lib/python3.7/site-packages/airflow/example_dags/example_latest_only_with_trigger.py for tasks to queue
[2024-04-15T16:11:18.878+0000] {logging_mixin.py:120} INFO - [2024-04-15T16:11:18.877+0000] {dagbag.py:537} INFO - Filling up the DagBag from /home/airflow/.local/lib/python3.7/site-packages/airflow/example_dags/example_latest_only_with_trigger.py
[2024-04-15T16:11:18.913+0000] {processor.py:766} INFO - DAG(s) dict_keys(['latest_only_with_trigger']) retrieved from /home/airflow/.local/lib/python3.7/site-packages/airflow/example_dags/example_latest_only_with_trigger.py
[2024-04-15T16:11:19.024+0000] {logging_mixin.py:120} INFO - [2024-04-15T16:11:19.023+0000] {dag.py:2585} INFO - Sync 1 DAGs
[2024-04-15T16:11:19.104+0000] {logging_mixin.py:120} INFO - [2024-04-15T16:11:19.104+0000] {dag.py:3340} INFO - Setting next_dagrun for latest_only_with_trigger to 2024-04-15T12:11:19.104222+00:00, run_after=2024-04-15T16:11:19.104222+00:00
[2024-04-15T16:11:19.161+0000] {processor.py:176} INFO - Processing /home/airflow/.local/lib/python3.7/site-packages/airflow/example_dags/example_latest_only_with_trigger.py took 0.297 seconds
[2024-04-15T16:11:49.271+0000] {processor.py:154} INFO - Started process (PID=23402) to work on /home/airflow/.local/lib/python3.7/site-packages/airflow/example_dags/example_latest_only_with_trigger.py
[2024-04-15T16:11:49.273+0000] {processor.py:756} INFO - Processing file /home/airflow/.local/lib/python3.7/site-packages/airflow/example_dags/example_latest_only_with_trigger.py for tasks to queue
[2024-04-15T16:11:49.275+0000] {logging_mixin.py:120} INFO - [2024-04-15T16:11:49.275+0000] {dagbag.py:537} INFO - Filling up the DagBag from /home/airflow/.local/lib/python3.7/site-packages/airflow/example_dags/example_latest_only_with_trigger.py
[2024-04-15T16:11:49.299+0000] {processor.py:766} INFO - DAG(s) dict_keys(['latest_only_with_trigger']) retrieved from /home/airflow/.local/lib/python3.7/site-packages/airflow/example_dags/example_latest_only_with_trigger.py
[2024-04-15T16:11:49.366+0000] {logging_mixin.py:120} INFO - [2024-04-15T16:11:49.366+0000] {dag.py:2585} INFO - Sync 1 DAGs
[2024-04-15T16:11:49.418+0000] {logging_mixin.py:120} INFO - [2024-04-15T16:11:49.417+0000] {dag.py:3340} INFO - Setting next_dagrun for latest_only_with_trigger to 2024-04-15T12:11:49.416787+00:00, run_after=2024-04-15T16:11:49.416787+00:00
[2024-04-15T16:11:49.451+0000] {processor.py:176} INFO - Processing /home/airflow/.local/lib/python3.7/site-packages/airflow/example_dags/example_latest_only_with_trigger.py took 0.185 seconds
[2024-04-15T16:12:19.807+0000] {processor.py:154} INFO - Started process (PID=23480) to work on /home/airflow/.local/lib/python3.7/site-packages/airflow/example_dags/example_latest_only_with_trigger.py
[2024-04-15T16:12:19.812+0000] {processor.py:756} INFO - Processing file /home/airflow/.local/lib/python3.7/site-packages/airflow/example_dags/example_latest_only_with_trigger.py for tasks to queue
[2024-04-15T16:12:19.816+0000] {logging_mixin.py:120} INFO - [2024-04-15T16:12:19.815+0000] {dagbag.py:537} INFO - Filling up the DagBag from /home/airflow/.local/lib/python3.7/site-packages/airflow/example_dags/example_latest_only_with_trigger.py
[2024-04-15T16:12:19.852+0000] {processor.py:766} INFO - DAG(s) dict_keys(['latest_only_with_trigger']) retrieved from /home/airflow/.local/lib/python3.7/site-packages/airflow/example_dags/example_latest_only_with_trigger.py
[2024-04-15T16:12:19.934+0000] {logging_mixin.py:120} INFO - [2024-04-15T16:12:19.934+0000] {dag.py:2585} INFO - Sync 1 DAGs
[2024-04-15T16:12:20.021+0000] {logging_mixin.py:120} INFO - [2024-04-15T16:12:20.021+0000] {dag.py:3340} INFO - Setting next_dagrun for latest_only_with_trigger to 2024-04-15T12:12:20.020941+00:00, run_after=2024-04-15T16:12:20.020941+00:00
[2024-04-15T16:12:20.065+0000] {processor.py:176} INFO - Processing /home/airflow/.local/lib/python3.7/site-packages/airflow/example_dags/example_latest_only_with_trigger.py took 0.279 seconds
[2024-04-15T16:12:50.176+0000] {processor.py:154} INFO - Started process (PID=23550) to work on /home/airflow/.local/lib/python3.7/site-packages/airflow/example_dags/example_latest_only_with_trigger.py
[2024-04-15T16:12:50.179+0000] {processor.py:756} INFO - Processing file /home/airflow/.local/lib/python3.7/site-packages/airflow/example_dags/example_latest_only_with_trigger.py for tasks to queue
[2024-04-15T16:12:50.181+0000] {logging_mixin.py:120} INFO - [2024-04-15T16:12:50.180+0000] {dagbag.py:537} INFO - Filling up the DagBag from /home/airflow/.local/lib/python3.7/site-packages/airflow/example_dags/example_latest_only_with_trigger.py
[2024-04-15T16:12:50.213+0000] {processor.py:766} INFO - DAG(s) dict_keys(['latest_only_with_trigger']) retrieved from /home/airflow/.local/lib/python3.7/site-packages/airflow/example_dags/example_latest_only_with_trigger.py
[2024-04-15T16:12:50.285+0000] {logging_mixin.py:120} INFO - [2024-04-15T16:12:50.285+0000] {dag.py:2585} INFO - Sync 1 DAGs
[2024-04-15T16:12:50.333+0000] {logging_mixin.py:120} INFO - [2024-04-15T16:12:50.333+0000] {dag.py:3340} INFO - Setting next_dagrun for latest_only_with_trigger to 2024-04-15T12:12:50.332480+00:00, run_after=2024-04-15T16:12:50.332480+00:00
[2024-04-15T16:12:50.372+0000] {processor.py:176} INFO - Processing /home/airflow/.local/lib/python3.7/site-packages/airflow/example_dags/example_latest_only_with_trigger.py took 0.201 seconds
[2024-04-15T16:13:20.999+0000] {processor.py:154} INFO - Started process (PID=23628) to work on /home/airflow/.local/lib/python3.7/site-packages/airflow/example_dags/example_latest_only_with_trigger.py
[2024-04-15T16:13:21.001+0000] {processor.py:756} INFO - Processing file /home/airflow/.local/lib/python3.7/site-packages/airflow/example_dags/example_latest_only_with_trigger.py for tasks to queue
[2024-04-15T16:13:21.003+0000] {logging_mixin.py:120} INFO - [2024-04-15T16:13:21.003+0000] {dagbag.py:537} INFO - Filling up the DagBag from /home/airflow/.local/lib/python3.7/site-packages/airflow/example_dags/example_latest_only_with_trigger.py
[2024-04-15T16:13:21.032+0000] {processor.py:766} INFO - DAG(s) dict_keys(['latest_only_with_trigger']) retrieved from /home/airflow/.local/lib/python3.7/site-packages/airflow/example_dags/example_latest_only_with_trigger.py
[2024-04-15T16:13:21.124+0000] {logging_mixin.py:120} INFO - [2024-04-15T16:13:21.123+0000] {dag.py:2585} INFO - Sync 1 DAGs
[2024-04-15T16:13:21.194+0000] {logging_mixin.py:120} INFO - [2024-04-15T16:13:21.194+0000] {dag.py:3340} INFO - Setting next_dagrun for latest_only_with_trigger to 2024-04-15T12:13:21.193684+00:00, run_after=2024-04-15T16:13:21.193684+00:00
[2024-04-15T16:13:21.229+0000] {processor.py:176} INFO - Processing /home/airflow/.local/lib/python3.7/site-packages/airflow/example_dags/example_latest_only_with_trigger.py took 0.237 seconds
[2024-04-15T16:20:21.615+0000] {processor.py:154} INFO - Started process (PID=23696) to work on /home/airflow/.local/lib/python3.7/site-packages/airflow/example_dags/example_latest_only_with_trigger.py
[2024-04-15T16:20:21.620+0000] {processor.py:756} INFO - Processing file /home/airflow/.local/lib/python3.7/site-packages/airflow/example_dags/example_latest_only_with_trigger.py for tasks to queue
[2024-04-15T16:20:21.625+0000] {logging_mixin.py:120} INFO - [2024-04-15T16:20:21.624+0000] {dagbag.py:537} INFO - Filling up the DagBag from /home/airflow/.local/lib/python3.7/site-packages/airflow/example_dags/example_latest_only_with_trigger.py
[2024-04-15T16:20:21.668+0000] {processor.py:766} INFO - DAG(s) dict_keys(['latest_only_with_trigger']) retrieved from /home/airflow/.local/lib/python3.7/site-packages/airflow/example_dags/example_latest_only_with_trigger.py
[2024-04-15T16:20:21.774+0000] {logging_mixin.py:120} INFO - [2024-04-15T16:20:21.774+0000] {dag.py:2585} INFO - Sync 1 DAGs
[2024-04-15T16:20:21.826+0000] {logging_mixin.py:120} INFO - [2024-04-15T16:20:21.826+0000] {dag.py:3340} INFO - Setting next_dagrun for latest_only_with_trigger to 2024-04-15T12:20:21.825694+00:00, run_after=2024-04-15T16:20:21.825694+00:00
[2024-04-15T16:20:21.856+0000] {processor.py:176} INFO - Processing /home/airflow/.local/lib/python3.7/site-packages/airflow/example_dags/example_latest_only_with_trigger.py took 0.259 seconds
