[2024-04-15T15:40:15.627+0000] {processor.py:154} INFO - Started process (PID=18845) to work on /home/airflow/.local/lib/python3.7/site-packages/airflow/example_dags/example_sla_dag.py
[2024-04-15T15:40:15.809+0000] {processor.py:756} INFO - Processing file /home/airflow/.local/lib/python3.7/site-packages/airflow/example_dags/example_sla_dag.py for tasks to queue
[2024-04-15T15:40:15.812+0000] {logging_mixin.py:120} INFO - [2024-04-15T15:40:15.812+0000] {dagbag.py:537} INFO - Filling up the DagBag from /home/airflow/.local/lib/python3.7/site-packages/airflow/example_dags/example_sla_dag.py
[2024-04-15T15:40:16.469+0000] {processor.py:766} INFO - DAG(s) dict_keys(['example_sla_dag']) retrieved from /home/airflow/.local/lib/python3.7/site-packages/airflow/example_dags/example_sla_dag.py
[2024-04-15T15:40:17.144+0000] {logging_mixin.py:120} INFO - [2024-04-15T15:40:17.144+0000] {dag.py:2585} INFO - Sync 1 DAGs
[2024-04-15T15:40:17.363+0000] {logging_mixin.py:120} INFO - [2024-04-15T15:40:17.363+0000] {dag.py:3340} INFO - Setting next_dagrun for example_sla_dag to 2024-04-15T15:38:00+00:00, run_after=2024-04-15T15:40:00+00:00
[2024-04-15T15:40:17.544+0000] {processor.py:176} INFO - Processing /home/airflow/.local/lib/python3.7/site-packages/airflow/example_dags/example_sla_dag.py took 1.933 seconds
[2024-04-15T15:40:48.027+0000] {processor.py:154} INFO - Started process (PID=18911) to work on /home/airflow/.local/lib/python3.7/site-packages/airflow/example_dags/example_sla_dag.py
[2024-04-15T15:40:48.195+0000] {processor.py:756} INFO - Processing file /home/airflow/.local/lib/python3.7/site-packages/airflow/example_dags/example_sla_dag.py for tasks to queue
[2024-04-15T15:40:48.205+0000] {logging_mixin.py:120} INFO - [2024-04-15T15:40:48.203+0000] {dagbag.py:537} INFO - Filling up the DagBag from /home/airflow/.local/lib/python3.7/site-packages/airflow/example_dags/example_sla_dag.py
[2024-04-15T15:40:48.468+0000] {processor.py:766} INFO - DAG(s) dict_keys(['example_sla_dag']) retrieved from /home/airflow/.local/lib/python3.7/site-packages/airflow/example_dags/example_sla_dag.py
[2024-04-15T15:40:48.675+0000] {logging_mixin.py:120} INFO - [2024-04-15T15:40:48.675+0000] {dag.py:2585} INFO - Sync 1 DAGs
[2024-04-15T15:40:48.746+0000] {logging_mixin.py:120} INFO - [2024-04-15T15:40:48.746+0000] {dag.py:3340} INFO - Setting next_dagrun for example_sla_dag to 2024-04-15T15:38:00+00:00, run_after=2024-04-15T15:40:00+00:00
[2024-04-15T15:40:48.809+0000] {processor.py:176} INFO - Processing /home/airflow/.local/lib/python3.7/site-packages/airflow/example_dags/example_sla_dag.py took 0.808 seconds
[2024-04-15T15:41:19.540+0000] {processor.py:154} INFO - Started process (PID=18981) to work on /home/airflow/.local/lib/python3.7/site-packages/airflow/example_dags/example_sla_dag.py
[2024-04-15T15:41:19.544+0000] {processor.py:756} INFO - Processing file /home/airflow/.local/lib/python3.7/site-packages/airflow/example_dags/example_sla_dag.py for tasks to queue
[2024-04-15T15:41:19.546+0000] {logging_mixin.py:120} INFO - [2024-04-15T15:41:19.546+0000] {dagbag.py:537} INFO - Filling up the DagBag from /home/airflow/.local/lib/python3.7/site-packages/airflow/example_dags/example_sla_dag.py
[2024-04-15T15:41:19.592+0000] {processor.py:766} INFO - DAG(s) dict_keys(['example_sla_dag']) retrieved from /home/airflow/.local/lib/python3.7/site-packages/airflow/example_dags/example_sla_dag.py
[2024-04-15T15:41:19.668+0000] {logging_mixin.py:120} INFO - [2024-04-15T15:41:19.668+0000] {dag.py:2585} INFO - Sync 1 DAGs
[2024-04-15T15:41:19.720+0000] {logging_mixin.py:120} INFO - [2024-04-15T15:41:19.720+0000] {dag.py:3340} INFO - Setting next_dagrun for example_sla_dag to 2024-04-15T15:38:00+00:00, run_after=2024-04-15T15:40:00+00:00
[2024-04-15T15:41:19.760+0000] {processor.py:176} INFO - Processing /home/airflow/.local/lib/python3.7/site-packages/airflow/example_dags/example_sla_dag.py took 0.227 seconds
[2024-04-15T15:41:50.029+0000] {processor.py:154} INFO - Started process (PID=19050) to work on /home/airflow/.local/lib/python3.7/site-packages/airflow/example_dags/example_sla_dag.py
[2024-04-15T15:41:50.033+0000] {processor.py:756} INFO - Processing file /home/airflow/.local/lib/python3.7/site-packages/airflow/example_dags/example_sla_dag.py for tasks to queue
[2024-04-15T15:41:50.035+0000] {logging_mixin.py:120} INFO - [2024-04-15T15:41:50.035+0000] {dagbag.py:537} INFO - Filling up the DagBag from /home/airflow/.local/lib/python3.7/site-packages/airflow/example_dags/example_sla_dag.py
[2024-04-15T15:41:50.076+0000] {processor.py:766} INFO - DAG(s) dict_keys(['example_sla_dag']) retrieved from /home/airflow/.local/lib/python3.7/site-packages/airflow/example_dags/example_sla_dag.py
[2024-04-15T15:41:50.150+0000] {logging_mixin.py:120} INFO - [2024-04-15T15:41:50.150+0000] {dag.py:2585} INFO - Sync 1 DAGs
[2024-04-15T15:41:50.203+0000] {logging_mixin.py:120} INFO - [2024-04-15T15:41:50.203+0000] {dag.py:3340} INFO - Setting next_dagrun for example_sla_dag to 2024-04-15T15:38:00+00:00, run_after=2024-04-15T15:40:00+00:00
[2024-04-15T15:41:50.245+0000] {processor.py:176} INFO - Processing /home/airflow/.local/lib/python3.7/site-packages/airflow/example_dags/example_sla_dag.py took 0.223 seconds
[2024-04-15T15:42:20.374+0000] {processor.py:154} INFO - Started process (PID=19127) to work on /home/airflow/.local/lib/python3.7/site-packages/airflow/example_dags/example_sla_dag.py
[2024-04-15T15:42:20.376+0000] {processor.py:756} INFO - Processing file /home/airflow/.local/lib/python3.7/site-packages/airflow/example_dags/example_sla_dag.py for tasks to queue
[2024-04-15T15:42:20.378+0000] {logging_mixin.py:120} INFO - [2024-04-15T15:42:20.378+0000] {dagbag.py:537} INFO - Filling up the DagBag from /home/airflow/.local/lib/python3.7/site-packages/airflow/example_dags/example_sla_dag.py
[2024-04-15T15:42:20.424+0000] {processor.py:766} INFO - DAG(s) dict_keys(['example_sla_dag']) retrieved from /home/airflow/.local/lib/python3.7/site-packages/airflow/example_dags/example_sla_dag.py
[2024-04-15T15:42:20.504+0000] {logging_mixin.py:120} INFO - [2024-04-15T15:42:20.503+0000] {dag.py:2585} INFO - Sync 1 DAGs
[2024-04-15T15:42:20.553+0000] {logging_mixin.py:120} INFO - [2024-04-15T15:42:20.552+0000] {dag.py:3340} INFO - Setting next_dagrun for example_sla_dag to 2024-04-15T15:40:00+00:00, run_after=2024-04-15T15:42:00+00:00
[2024-04-15T15:42:20.591+0000] {processor.py:176} INFO - Processing /home/airflow/.local/lib/python3.7/site-packages/airflow/example_dags/example_sla_dag.py took 0.225 seconds
[2024-04-15T15:42:50.990+0000] {processor.py:154} INFO - Started process (PID=19206) to work on /home/airflow/.local/lib/python3.7/site-packages/airflow/example_dags/example_sla_dag.py
[2024-04-15T15:42:50.996+0000] {processor.py:756} INFO - Processing file /home/airflow/.local/lib/python3.7/site-packages/airflow/example_dags/example_sla_dag.py for tasks to queue
[2024-04-15T15:42:51.000+0000] {logging_mixin.py:120} INFO - [2024-04-15T15:42:50.999+0000] {dagbag.py:537} INFO - Filling up the DagBag from /home/airflow/.local/lib/python3.7/site-packages/airflow/example_dags/example_sla_dag.py
[2024-04-15T15:42:51.060+0000] {processor.py:766} INFO - DAG(s) dict_keys(['example_sla_dag']) retrieved from /home/airflow/.local/lib/python3.7/site-packages/airflow/example_dags/example_sla_dag.py
[2024-04-15T15:42:51.178+0000] {logging_mixin.py:120} INFO - [2024-04-15T15:42:51.178+0000] {dag.py:2585} INFO - Sync 1 DAGs
[2024-04-15T15:42:51.251+0000] {logging_mixin.py:120} INFO - [2024-04-15T15:42:51.251+0000] {dag.py:3340} INFO - Setting next_dagrun for example_sla_dag to 2024-04-15T15:40:00+00:00, run_after=2024-04-15T15:42:00+00:00
[2024-04-15T15:42:51.293+0000] {processor.py:176} INFO - Processing /home/airflow/.local/lib/python3.7/site-packages/airflow/example_dags/example_sla_dag.py took 0.310 seconds
[2024-04-15T15:43:21.646+0000] {processor.py:154} INFO - Started process (PID=19275) to work on /home/airflow/.local/lib/python3.7/site-packages/airflow/example_dags/example_sla_dag.py
[2024-04-15T15:43:21.656+0000] {processor.py:756} INFO - Processing file /home/airflow/.local/lib/python3.7/site-packages/airflow/example_dags/example_sla_dag.py for tasks to queue
[2024-04-15T15:43:21.667+0000] {logging_mixin.py:120} INFO - [2024-04-15T15:43:21.666+0000] {dagbag.py:537} INFO - Filling up the DagBag from /home/airflow/.local/lib/python3.7/site-packages/airflow/example_dags/example_sla_dag.py
[2024-04-15T15:43:21.842+0000] {processor.py:766} INFO - DAG(s) dict_keys(['example_sla_dag']) retrieved from /home/airflow/.local/lib/python3.7/site-packages/airflow/example_dags/example_sla_dag.py
[2024-04-15T15:43:22.122+0000] {logging_mixin.py:120} INFO - [2024-04-15T15:43:22.122+0000] {dag.py:2585} INFO - Sync 1 DAGs
[2024-04-15T15:43:22.194+0000] {logging_mixin.py:120} INFO - [2024-04-15T15:43:22.193+0000] {dag.py:3340} INFO - Setting next_dagrun for example_sla_dag to 2024-04-15T15:40:00+00:00, run_after=2024-04-15T15:42:00+00:00
[2024-04-15T15:43:22.235+0000] {processor.py:176} INFO - Processing /home/airflow/.local/lib/python3.7/site-packages/airflow/example_dags/example_sla_dag.py took 0.607 seconds
[2024-04-15T15:43:52.752+0000] {processor.py:154} INFO - Started process (PID=19353) to work on /home/airflow/.local/lib/python3.7/site-packages/airflow/example_dags/example_sla_dag.py
[2024-04-15T15:43:52.754+0000] {processor.py:756} INFO - Processing file /home/airflow/.local/lib/python3.7/site-packages/airflow/example_dags/example_sla_dag.py for tasks to queue
[2024-04-15T15:43:52.756+0000] {logging_mixin.py:120} INFO - [2024-04-15T15:43:52.755+0000] {dagbag.py:537} INFO - Filling up the DagBag from /home/airflow/.local/lib/python3.7/site-packages/airflow/example_dags/example_sla_dag.py
[2024-04-15T15:43:52.807+0000] {processor.py:766} INFO - DAG(s) dict_keys(['example_sla_dag']) retrieved from /home/airflow/.local/lib/python3.7/site-packages/airflow/example_dags/example_sla_dag.py
[2024-04-15T15:43:52.890+0000] {logging_mixin.py:120} INFO - [2024-04-15T15:43:52.890+0000] {dag.py:2585} INFO - Sync 1 DAGs
[2024-04-15T15:43:52.936+0000] {logging_mixin.py:120} INFO - [2024-04-15T15:43:52.936+0000] {dag.py:3340} INFO - Setting next_dagrun for example_sla_dag to 2024-04-15T15:40:00+00:00, run_after=2024-04-15T15:42:00+00:00
[2024-04-15T15:43:52.966+0000] {processor.py:176} INFO - Processing /home/airflow/.local/lib/python3.7/site-packages/airflow/example_dags/example_sla_dag.py took 0.220 seconds
[2024-04-15T15:44:23.235+0000] {processor.py:154} INFO - Started process (PID=19423) to work on /home/airflow/.local/lib/python3.7/site-packages/airflow/example_dags/example_sla_dag.py
[2024-04-15T15:44:23.238+0000] {processor.py:756} INFO - Processing file /home/airflow/.local/lib/python3.7/site-packages/airflow/example_dags/example_sla_dag.py for tasks to queue
[2024-04-15T15:44:23.240+0000] {logging_mixin.py:120} INFO - [2024-04-15T15:44:23.240+0000] {dagbag.py:537} INFO - Filling up the DagBag from /home/airflow/.local/lib/python3.7/site-packages/airflow/example_dags/example_sla_dag.py
[2024-04-15T15:44:23.282+0000] {processor.py:766} INFO - DAG(s) dict_keys(['example_sla_dag']) retrieved from /home/airflow/.local/lib/python3.7/site-packages/airflow/example_dags/example_sla_dag.py
[2024-04-15T15:44:23.364+0000] {logging_mixin.py:120} INFO - [2024-04-15T15:44:23.364+0000] {dag.py:2585} INFO - Sync 1 DAGs
[2024-04-15T15:44:23.412+0000] {logging_mixin.py:120} INFO - [2024-04-15T15:44:23.412+0000] {dag.py:3340} INFO - Setting next_dagrun for example_sla_dag to 2024-04-15T15:42:00+00:00, run_after=2024-04-15T15:44:00+00:00
[2024-04-15T15:44:23.440+0000] {processor.py:176} INFO - Processing /home/airflow/.local/lib/python3.7/site-packages/airflow/example_dags/example_sla_dag.py took 0.212 seconds
[2024-04-15T15:44:54.301+0000] {processor.py:154} INFO - Started process (PID=19501) to work on /home/airflow/.local/lib/python3.7/site-packages/airflow/example_dags/example_sla_dag.py
[2024-04-15T15:44:54.315+0000] {processor.py:756} INFO - Processing file /home/airflow/.local/lib/python3.7/site-packages/airflow/example_dags/example_sla_dag.py for tasks to queue
[2024-04-15T15:44:54.325+0000] {logging_mixin.py:120} INFO - [2024-04-15T15:44:54.323+0000] {dagbag.py:537} INFO - Filling up the DagBag from /home/airflow/.local/lib/python3.7/site-packages/airflow/example_dags/example_sla_dag.py
[2024-04-15T15:44:54.398+0000] {processor.py:766} INFO - DAG(s) dict_keys(['example_sla_dag']) retrieved from /home/airflow/.local/lib/python3.7/site-packages/airflow/example_dags/example_sla_dag.py
[2024-04-15T15:44:54.507+0000] {logging_mixin.py:120} INFO - [2024-04-15T15:44:54.507+0000] {dag.py:2585} INFO - Sync 1 DAGs
[2024-04-15T15:44:54.566+0000] {logging_mixin.py:120} INFO - [2024-04-15T15:44:54.566+0000] {dag.py:3340} INFO - Setting next_dagrun for example_sla_dag to 2024-04-15T15:42:00+00:00, run_after=2024-04-15T15:44:00+00:00
[2024-04-15T15:44:54.605+0000] {processor.py:176} INFO - Processing /home/airflow/.local/lib/python3.7/site-packages/airflow/example_dags/example_sla_dag.py took 0.337 seconds
[2024-04-15T15:45:25.331+0000] {processor.py:154} INFO - Started process (PID=19570) to work on /home/airflow/.local/lib/python3.7/site-packages/airflow/example_dags/example_sla_dag.py
[2024-04-15T15:45:25.333+0000] {processor.py:756} INFO - Processing file /home/airflow/.local/lib/python3.7/site-packages/airflow/example_dags/example_sla_dag.py for tasks to queue
[2024-04-15T15:45:25.335+0000] {logging_mixin.py:120} INFO - [2024-04-15T15:45:25.334+0000] {dagbag.py:537} INFO - Filling up the DagBag from /home/airflow/.local/lib/python3.7/site-packages/airflow/example_dags/example_sla_dag.py
[2024-04-15T15:45:25.380+0000] {processor.py:766} INFO - DAG(s) dict_keys(['example_sla_dag']) retrieved from /home/airflow/.local/lib/python3.7/site-packages/airflow/example_dags/example_sla_dag.py
[2024-04-15T15:45:25.451+0000] {logging_mixin.py:120} INFO - [2024-04-15T15:45:25.451+0000] {dag.py:2585} INFO - Sync 1 DAGs
[2024-04-15T15:45:25.634+0000] {logging_mixin.py:120} INFO - [2024-04-15T15:45:25.634+0000] {dag.py:3340} INFO - Setting next_dagrun for example_sla_dag to 2024-04-15T15:42:00+00:00, run_after=2024-04-15T15:44:00+00:00
[2024-04-15T15:45:25.693+0000] {processor.py:176} INFO - Processing /home/airflow/.local/lib/python3.7/site-packages/airflow/example_dags/example_sla_dag.py took 0.368 seconds
[2024-04-15T15:45:56.436+0000] {processor.py:154} INFO - Started process (PID=19648) to work on /home/airflow/.local/lib/python3.7/site-packages/airflow/example_dags/example_sla_dag.py
[2024-04-15T15:45:56.439+0000] {processor.py:756} INFO - Processing file /home/airflow/.local/lib/python3.7/site-packages/airflow/example_dags/example_sla_dag.py for tasks to queue
[2024-04-15T15:45:56.441+0000] {logging_mixin.py:120} INFO - [2024-04-15T15:45:56.440+0000] {dagbag.py:537} INFO - Filling up the DagBag from /home/airflow/.local/lib/python3.7/site-packages/airflow/example_dags/example_sla_dag.py
[2024-04-15T15:45:56.486+0000] {processor.py:766} INFO - DAG(s) dict_keys(['example_sla_dag']) retrieved from /home/airflow/.local/lib/python3.7/site-packages/airflow/example_dags/example_sla_dag.py
[2024-04-15T15:45:56.568+0000] {logging_mixin.py:120} INFO - [2024-04-15T15:45:56.568+0000] {dag.py:2585} INFO - Sync 1 DAGs
[2024-04-15T15:45:56.627+0000] {logging_mixin.py:120} INFO - [2024-04-15T15:45:56.627+0000] {dag.py:3340} INFO - Setting next_dagrun for example_sla_dag to 2024-04-15T15:42:00+00:00, run_after=2024-04-15T15:44:00+00:00
[2024-04-15T15:45:56.666+0000] {processor.py:176} INFO - Processing /home/airflow/.local/lib/python3.7/site-packages/airflow/example_dags/example_sla_dag.py took 0.242 seconds
[2024-04-15T15:46:26.780+0000] {processor.py:154} INFO - Started process (PID=19717) to work on /home/airflow/.local/lib/python3.7/site-packages/airflow/example_dags/example_sla_dag.py
[2024-04-15T15:46:26.782+0000] {processor.py:756} INFO - Processing file /home/airflow/.local/lib/python3.7/site-packages/airflow/example_dags/example_sla_dag.py for tasks to queue
[2024-04-15T15:46:26.785+0000] {logging_mixin.py:120} INFO - [2024-04-15T15:46:26.784+0000] {dagbag.py:537} INFO - Filling up the DagBag from /home/airflow/.local/lib/python3.7/site-packages/airflow/example_dags/example_sla_dag.py
[2024-04-15T15:46:26.844+0000] {processor.py:766} INFO - DAG(s) dict_keys(['example_sla_dag']) retrieved from /home/airflow/.local/lib/python3.7/site-packages/airflow/example_dags/example_sla_dag.py
[2024-04-15T15:46:26.915+0000] {logging_mixin.py:120} INFO - [2024-04-15T15:46:26.915+0000] {dag.py:2585} INFO - Sync 1 DAGs
[2024-04-15T15:46:26.987+0000] {logging_mixin.py:120} INFO - [2024-04-15T15:46:26.987+0000] {dag.py:3340} INFO - Setting next_dagrun for example_sla_dag to 2024-04-15T15:44:00+00:00, run_after=2024-04-15T15:46:00+00:00
[2024-04-15T15:46:27.032+0000] {processor.py:176} INFO - Processing /home/airflow/.local/lib/python3.7/site-packages/airflow/example_dags/example_sla_dag.py took 0.258 seconds
[2024-04-15T15:46:57.856+0000] {processor.py:154} INFO - Started process (PID=19795) to work on /home/airflow/.local/lib/python3.7/site-packages/airflow/example_dags/example_sla_dag.py
[2024-04-15T15:46:57.859+0000] {processor.py:756} INFO - Processing file /home/airflow/.local/lib/python3.7/site-packages/airflow/example_dags/example_sla_dag.py for tasks to queue
[2024-04-15T15:46:57.861+0000] {logging_mixin.py:120} INFO - [2024-04-15T15:46:57.861+0000] {dagbag.py:537} INFO - Filling up the DagBag from /home/airflow/.local/lib/python3.7/site-packages/airflow/example_dags/example_sla_dag.py
[2024-04-15T15:46:57.897+0000] {processor.py:766} INFO - DAG(s) dict_keys(['example_sla_dag']) retrieved from /home/airflow/.local/lib/python3.7/site-packages/airflow/example_dags/example_sla_dag.py
[2024-04-15T15:46:57.960+0000] {logging_mixin.py:120} INFO - [2024-04-15T15:46:57.960+0000] {dag.py:2585} INFO - Sync 1 DAGs
[2024-04-15T15:46:58.003+0000] {logging_mixin.py:120} INFO - [2024-04-15T15:46:58.003+0000] {dag.py:3340} INFO - Setting next_dagrun for example_sla_dag to 2024-04-15T15:44:00+00:00, run_after=2024-04-15T15:46:00+00:00
[2024-04-15T15:46:58.031+0000] {processor.py:176} INFO - Processing /home/airflow/.local/lib/python3.7/site-packages/airflow/example_dags/example_sla_dag.py took 0.181 seconds
[2024-04-15T15:47:28.312+0000] {processor.py:154} INFO - Started process (PID=19875) to work on /home/airflow/.local/lib/python3.7/site-packages/airflow/example_dags/example_sla_dag.py
[2024-04-15T15:47:28.319+0000] {processor.py:756} INFO - Processing file /home/airflow/.local/lib/python3.7/site-packages/airflow/example_dags/example_sla_dag.py for tasks to queue
[2024-04-15T15:47:28.325+0000] {logging_mixin.py:120} INFO - [2024-04-15T15:47:28.324+0000] {dagbag.py:537} INFO - Filling up the DagBag from /home/airflow/.local/lib/python3.7/site-packages/airflow/example_dags/example_sla_dag.py
[2024-04-15T15:47:28.369+0000] {processor.py:766} INFO - DAG(s) dict_keys(['example_sla_dag']) retrieved from /home/airflow/.local/lib/python3.7/site-packages/airflow/example_dags/example_sla_dag.py
[2024-04-15T15:47:28.453+0000] {logging_mixin.py:120} INFO - [2024-04-15T15:47:28.453+0000] {dag.py:2585} INFO - Sync 1 DAGs
[2024-04-15T15:47:28.503+0000] {logging_mixin.py:120} INFO - [2024-04-15T15:47:28.502+0000] {dag.py:3340} INFO - Setting next_dagrun for example_sla_dag to 2024-04-15T15:44:00+00:00, run_after=2024-04-15T15:46:00+00:00
[2024-04-15T15:47:28.533+0000] {processor.py:176} INFO - Processing /home/airflow/.local/lib/python3.7/site-packages/airflow/example_dags/example_sla_dag.py took 0.308 seconds
[2024-04-15T15:47:58.822+0000] {processor.py:154} INFO - Started process (PID=19944) to work on /home/airflow/.local/lib/python3.7/site-packages/airflow/example_dags/example_sla_dag.py
[2024-04-15T15:47:58.825+0000] {processor.py:756} INFO - Processing file /home/airflow/.local/lib/python3.7/site-packages/airflow/example_dags/example_sla_dag.py for tasks to queue
[2024-04-15T15:47:58.827+0000] {logging_mixin.py:120} INFO - [2024-04-15T15:47:58.826+0000] {dagbag.py:537} INFO - Filling up the DagBag from /home/airflow/.local/lib/python3.7/site-packages/airflow/example_dags/example_sla_dag.py
[2024-04-15T15:47:58.867+0000] {processor.py:766} INFO - DAG(s) dict_keys(['example_sla_dag']) retrieved from /home/airflow/.local/lib/python3.7/site-packages/airflow/example_dags/example_sla_dag.py
[2024-04-15T15:47:58.934+0000] {logging_mixin.py:120} INFO - [2024-04-15T15:47:58.933+0000] {dag.py:2585} INFO - Sync 1 DAGs
[2024-04-15T15:47:58.978+0000] {logging_mixin.py:120} INFO - [2024-04-15T15:47:58.977+0000] {dag.py:3340} INFO - Setting next_dagrun for example_sla_dag to 2024-04-15T15:44:00+00:00, run_after=2024-04-15T15:46:00+00:00
[2024-04-15T15:47:59.007+0000] {processor.py:176} INFO - Processing /home/airflow/.local/lib/python3.7/site-packages/airflow/example_dags/example_sla_dag.py took 0.193 seconds
[2024-04-15T15:48:29.302+0000] {processor.py:154} INFO - Started process (PID=20022) to work on /home/airflow/.local/lib/python3.7/site-packages/airflow/example_dags/example_sla_dag.py
[2024-04-15T15:48:29.304+0000] {processor.py:756} INFO - Processing file /home/airflow/.local/lib/python3.7/site-packages/airflow/example_dags/example_sla_dag.py for tasks to queue
[2024-04-15T15:48:29.306+0000] {logging_mixin.py:120} INFO - [2024-04-15T15:48:29.305+0000] {dagbag.py:537} INFO - Filling up the DagBag from /home/airflow/.local/lib/python3.7/site-packages/airflow/example_dags/example_sla_dag.py
[2024-04-15T15:48:29.344+0000] {processor.py:766} INFO - DAG(s) dict_keys(['example_sla_dag']) retrieved from /home/airflow/.local/lib/python3.7/site-packages/airflow/example_dags/example_sla_dag.py
[2024-04-15T15:48:29.412+0000] {logging_mixin.py:120} INFO - [2024-04-15T15:48:29.412+0000] {dag.py:2585} INFO - Sync 1 DAGs
[2024-04-15T15:48:29.460+0000] {logging_mixin.py:120} INFO - [2024-04-15T15:48:29.460+0000] {dag.py:3340} INFO - Setting next_dagrun for example_sla_dag to 2024-04-15T15:46:00+00:00, run_after=2024-04-15T15:48:00+00:00
[2024-04-15T15:48:29.495+0000] {processor.py:176} INFO - Processing /home/airflow/.local/lib/python3.7/site-packages/airflow/example_dags/example_sla_dag.py took 0.200 seconds
[2024-04-15T15:48:59.713+0000] {processor.py:154} INFO - Started process (PID=20090) to work on /home/airflow/.local/lib/python3.7/site-packages/airflow/example_dags/example_sla_dag.py
[2024-04-15T15:48:59.717+0000] {processor.py:756} INFO - Processing file /home/airflow/.local/lib/python3.7/site-packages/airflow/example_dags/example_sla_dag.py for tasks to queue
[2024-04-15T15:48:59.719+0000] {logging_mixin.py:120} INFO - [2024-04-15T15:48:59.719+0000] {dagbag.py:537} INFO - Filling up the DagBag from /home/airflow/.local/lib/python3.7/site-packages/airflow/example_dags/example_sla_dag.py
[2024-04-15T15:48:59.765+0000] {processor.py:766} INFO - DAG(s) dict_keys(['example_sla_dag']) retrieved from /home/airflow/.local/lib/python3.7/site-packages/airflow/example_dags/example_sla_dag.py
[2024-04-15T15:49:00.035+0000] {logging_mixin.py:120} INFO - [2024-04-15T15:49:00.035+0000] {dag.py:2585} INFO - Sync 1 DAGs
[2024-04-15T15:49:00.089+0000] {logging_mixin.py:120} INFO - [2024-04-15T15:49:00.089+0000] {dag.py:3340} INFO - Setting next_dagrun for example_sla_dag to 2024-04-15T15:46:00+00:00, run_after=2024-04-15T15:48:00+00:00
[2024-04-15T15:49:00.121+0000] {processor.py:176} INFO - Processing /home/airflow/.local/lib/python3.7/site-packages/airflow/example_dags/example_sla_dag.py took 0.414 seconds
[2024-04-15T15:49:30.954+0000] {processor.py:154} INFO - Started process (PID=20168) to work on /home/airflow/.local/lib/python3.7/site-packages/airflow/example_dags/example_sla_dag.py
[2024-04-15T15:49:30.956+0000] {processor.py:756} INFO - Processing file /home/airflow/.local/lib/python3.7/site-packages/airflow/example_dags/example_sla_dag.py for tasks to queue
[2024-04-15T15:49:30.959+0000] {logging_mixin.py:120} INFO - [2024-04-15T15:49:30.958+0000] {dagbag.py:537} INFO - Filling up the DagBag from /home/airflow/.local/lib/python3.7/site-packages/airflow/example_dags/example_sla_dag.py
[2024-04-15T15:49:30.996+0000] {processor.py:766} INFO - DAG(s) dict_keys(['example_sla_dag']) retrieved from /home/airflow/.local/lib/python3.7/site-packages/airflow/example_dags/example_sla_dag.py
[2024-04-15T15:49:31.058+0000] {logging_mixin.py:120} INFO - [2024-04-15T15:49:31.058+0000] {dag.py:2585} INFO - Sync 1 DAGs
[2024-04-15T15:49:31.102+0000] {logging_mixin.py:120} INFO - [2024-04-15T15:49:31.102+0000] {dag.py:3340} INFO - Setting next_dagrun for example_sla_dag to 2024-04-15T15:46:00+00:00, run_after=2024-04-15T15:48:00+00:00
[2024-04-15T15:49:31.130+0000] {processor.py:176} INFO - Processing /home/airflow/.local/lib/python3.7/site-packages/airflow/example_dags/example_sla_dag.py took 0.182 seconds
[2024-04-15T15:50:01.360+0000] {processor.py:154} INFO - Started process (PID=20247) to work on /home/airflow/.local/lib/python3.7/site-packages/airflow/example_dags/example_sla_dag.py
[2024-04-15T15:50:01.363+0000] {processor.py:756} INFO - Processing file /home/airflow/.local/lib/python3.7/site-packages/airflow/example_dags/example_sla_dag.py for tasks to queue
[2024-04-15T15:50:01.366+0000] {logging_mixin.py:120} INFO - [2024-04-15T15:50:01.366+0000] {dagbag.py:537} INFO - Filling up the DagBag from /home/airflow/.local/lib/python3.7/site-packages/airflow/example_dags/example_sla_dag.py
[2024-04-15T15:50:01.414+0000] {processor.py:766} INFO - DAG(s) dict_keys(['example_sla_dag']) retrieved from /home/airflow/.local/lib/python3.7/site-packages/airflow/example_dags/example_sla_dag.py
[2024-04-15T15:50:01.549+0000] {logging_mixin.py:120} INFO - [2024-04-15T15:50:01.548+0000] {dag.py:2585} INFO - Sync 1 DAGs
[2024-04-15T15:50:01.629+0000] {logging_mixin.py:120} INFO - [2024-04-15T15:50:01.629+0000] {dag.py:3340} INFO - Setting next_dagrun for example_sla_dag to 2024-04-15T15:48:00+00:00, run_after=2024-04-15T15:50:00+00:00
[2024-04-15T15:50:01.670+0000] {processor.py:176} INFO - Processing /home/airflow/.local/lib/python3.7/site-packages/airflow/example_dags/example_sla_dag.py took 0.315 seconds
[2024-04-15T15:50:32.617+0000] {processor.py:154} INFO - Started process (PID=20316) to work on /home/airflow/.local/lib/python3.7/site-packages/airflow/example_dags/example_sla_dag.py
[2024-04-15T15:50:32.618+0000] {processor.py:756} INFO - Processing file /home/airflow/.local/lib/python3.7/site-packages/airflow/example_dags/example_sla_dag.py for tasks to queue
[2024-04-15T15:50:32.620+0000] {logging_mixin.py:120} INFO - [2024-04-15T15:50:32.620+0000] {dagbag.py:537} INFO - Filling up the DagBag from /home/airflow/.local/lib/python3.7/site-packages/airflow/example_dags/example_sla_dag.py
[2024-04-15T15:50:32.656+0000] {processor.py:766} INFO - DAG(s) dict_keys(['example_sla_dag']) retrieved from /home/airflow/.local/lib/python3.7/site-packages/airflow/example_dags/example_sla_dag.py
[2024-04-15T15:50:32.724+0000] {logging_mixin.py:120} INFO - [2024-04-15T15:50:32.724+0000] {dag.py:2585} INFO - Sync 1 DAGs
[2024-04-15T15:50:32.768+0000] {logging_mixin.py:120} INFO - [2024-04-15T15:50:32.768+0000] {dag.py:3340} INFO - Setting next_dagrun for example_sla_dag to 2024-04-15T15:48:00+00:00, run_after=2024-04-15T15:50:00+00:00
[2024-04-15T15:50:32.799+0000] {processor.py:176} INFO - Processing /home/airflow/.local/lib/python3.7/site-packages/airflow/example_dags/example_sla_dag.py took 0.188 seconds
[2024-04-15T15:51:03.752+0000] {processor.py:154} INFO - Started process (PID=20394) to work on /home/airflow/.local/lib/python3.7/site-packages/airflow/example_dags/example_sla_dag.py
[2024-04-15T15:51:03.754+0000] {processor.py:756} INFO - Processing file /home/airflow/.local/lib/python3.7/site-packages/airflow/example_dags/example_sla_dag.py for tasks to queue
[2024-04-15T15:51:03.756+0000] {logging_mixin.py:120} INFO - [2024-04-15T15:51:03.756+0000] {dagbag.py:537} INFO - Filling up the DagBag from /home/airflow/.local/lib/python3.7/site-packages/airflow/example_dags/example_sla_dag.py
[2024-04-15T15:51:03.800+0000] {processor.py:766} INFO - DAG(s) dict_keys(['example_sla_dag']) retrieved from /home/airflow/.local/lib/python3.7/site-packages/airflow/example_dags/example_sla_dag.py
[2024-04-15T15:51:03.886+0000] {logging_mixin.py:120} INFO - [2024-04-15T15:51:03.886+0000] {dag.py:2585} INFO - Sync 1 DAGs
[2024-04-15T15:51:03.945+0000] {logging_mixin.py:120} INFO - [2024-04-15T15:51:03.945+0000] {dag.py:3340} INFO - Setting next_dagrun for example_sla_dag to 2024-04-15T15:48:00+00:00, run_after=2024-04-15T15:50:00+00:00
[2024-04-15T15:51:03.991+0000] {processor.py:176} INFO - Processing /home/airflow/.local/lib/python3.7/site-packages/airflow/example_dags/example_sla_dag.py took 0.255 seconds
[2024-04-15T15:51:34.947+0000] {processor.py:154} INFO - Started process (PID=20464) to work on /home/airflow/.local/lib/python3.7/site-packages/airflow/example_dags/example_sla_dag.py
[2024-04-15T15:51:34.952+0000] {processor.py:756} INFO - Processing file /home/airflow/.local/lib/python3.7/site-packages/airflow/example_dags/example_sla_dag.py for tasks to queue
[2024-04-15T15:51:34.954+0000] {logging_mixin.py:120} INFO - [2024-04-15T15:51:34.954+0000] {dagbag.py:537} INFO - Filling up the DagBag from /home/airflow/.local/lib/python3.7/site-packages/airflow/example_dags/example_sla_dag.py
[2024-04-15T15:51:35.019+0000] {processor.py:766} INFO - DAG(s) dict_keys(['example_sla_dag']) retrieved from /home/airflow/.local/lib/python3.7/site-packages/airflow/example_dags/example_sla_dag.py
[2024-04-15T15:51:35.108+0000] {logging_mixin.py:120} INFO - [2024-04-15T15:51:35.108+0000] {dag.py:2585} INFO - Sync 1 DAGs
[2024-04-15T15:51:35.159+0000] {logging_mixin.py:120} INFO - [2024-04-15T15:51:35.159+0000] {dag.py:3340} INFO - Setting next_dagrun for example_sla_dag to 2024-04-15T15:48:00+00:00, run_after=2024-04-15T15:50:00+00:00
[2024-04-15T15:51:35.190+0000] {processor.py:176} INFO - Processing /home/airflow/.local/lib/python3.7/site-packages/airflow/example_dags/example_sla_dag.py took 0.257 seconds
[2024-04-15T15:52:05.509+0000] {processor.py:154} INFO - Started process (PID=20544) to work on /home/airflow/.local/lib/python3.7/site-packages/airflow/example_dags/example_sla_dag.py
[2024-04-15T15:52:05.512+0000] {processor.py:756} INFO - Processing file /home/airflow/.local/lib/python3.7/site-packages/airflow/example_dags/example_sla_dag.py for tasks to queue
[2024-04-15T15:52:05.515+0000] {logging_mixin.py:120} INFO - [2024-04-15T15:52:05.515+0000] {dagbag.py:537} INFO - Filling up the DagBag from /home/airflow/.local/lib/python3.7/site-packages/airflow/example_dags/example_sla_dag.py
[2024-04-15T15:52:05.566+0000] {processor.py:766} INFO - DAG(s) dict_keys(['example_sla_dag']) retrieved from /home/airflow/.local/lib/python3.7/site-packages/airflow/example_dags/example_sla_dag.py
[2024-04-15T15:52:05.653+0000] {logging_mixin.py:120} INFO - [2024-04-15T15:52:05.653+0000] {dag.py:2585} INFO - Sync 1 DAGs
[2024-04-15T15:52:05.723+0000] {logging_mixin.py:120} INFO - [2024-04-15T15:52:05.722+0000] {dag.py:3340} INFO - Setting next_dagrun for example_sla_dag to 2024-04-15T15:50:00+00:00, run_after=2024-04-15T15:52:00+00:00
[2024-04-15T15:52:05.748+0000] {processor.py:176} INFO - Processing /home/airflow/.local/lib/python3.7/site-packages/airflow/example_dags/example_sla_dag.py took 0.247 seconds
[2024-04-15T15:52:36.506+0000] {processor.py:154} INFO - Started process (PID=20622) to work on /home/airflow/.local/lib/python3.7/site-packages/airflow/example_dags/example_sla_dag.py
[2024-04-15T15:52:36.509+0000] {processor.py:756} INFO - Processing file /home/airflow/.local/lib/python3.7/site-packages/airflow/example_dags/example_sla_dag.py for tasks to queue
[2024-04-15T15:52:36.510+0000] {logging_mixin.py:120} INFO - [2024-04-15T15:52:36.510+0000] {dagbag.py:537} INFO - Filling up the DagBag from /home/airflow/.local/lib/python3.7/site-packages/airflow/example_dags/example_sla_dag.py
[2024-04-15T15:52:36.554+0000] {processor.py:766} INFO - DAG(s) dict_keys(['example_sla_dag']) retrieved from /home/airflow/.local/lib/python3.7/site-packages/airflow/example_dags/example_sla_dag.py
[2024-04-15T15:52:36.625+0000] {logging_mixin.py:120} INFO - [2024-04-15T15:52:36.624+0000] {dag.py:2585} INFO - Sync 1 DAGs
[2024-04-15T15:52:36.676+0000] {logging_mixin.py:120} INFO - [2024-04-15T15:52:36.675+0000] {dag.py:3340} INFO - Setting next_dagrun for example_sla_dag to 2024-04-15T15:50:00+00:00, run_after=2024-04-15T15:52:00+00:00
[2024-04-15T15:52:36.724+0000] {processor.py:176} INFO - Processing /home/airflow/.local/lib/python3.7/site-packages/airflow/example_dags/example_sla_dag.py took 0.227 seconds
[2024-04-15T15:53:07.184+0000] {processor.py:154} INFO - Started process (PID=20691) to work on /home/airflow/.local/lib/python3.7/site-packages/airflow/example_dags/example_sla_dag.py
[2024-04-15T15:53:07.187+0000] {processor.py:756} INFO - Processing file /home/airflow/.local/lib/python3.7/site-packages/airflow/example_dags/example_sla_dag.py for tasks to queue
[2024-04-15T15:53:07.191+0000] {logging_mixin.py:120} INFO - [2024-04-15T15:53:07.191+0000] {dagbag.py:537} INFO - Filling up the DagBag from /home/airflow/.local/lib/python3.7/site-packages/airflow/example_dags/example_sla_dag.py
[2024-04-15T15:53:07.230+0000] {processor.py:766} INFO - DAG(s) dict_keys(['example_sla_dag']) retrieved from /home/airflow/.local/lib/python3.7/site-packages/airflow/example_dags/example_sla_dag.py
[2024-04-15T15:53:07.308+0000] {logging_mixin.py:120} INFO - [2024-04-15T15:53:07.308+0000] {dag.py:2585} INFO - Sync 1 DAGs
[2024-04-15T15:53:07.371+0000] {logging_mixin.py:120} INFO - [2024-04-15T15:53:07.371+0000] {dag.py:3340} INFO - Setting next_dagrun for example_sla_dag to 2024-04-15T15:50:00+00:00, run_after=2024-04-15T15:52:00+00:00
[2024-04-15T15:53:07.415+0000] {processor.py:176} INFO - Processing /home/airflow/.local/lib/python3.7/site-packages/airflow/example_dags/example_sla_dag.py took 0.240 seconds
[2024-04-15T15:53:37.499+0000] {processor.py:154} INFO - Started process (PID=20770) to work on /home/airflow/.local/lib/python3.7/site-packages/airflow/example_dags/example_sla_dag.py
[2024-04-15T15:53:37.504+0000] {processor.py:756} INFO - Processing file /home/airflow/.local/lib/python3.7/site-packages/airflow/example_dags/example_sla_dag.py for tasks to queue
[2024-04-15T15:53:37.506+0000] {logging_mixin.py:120} INFO - [2024-04-15T15:53:37.506+0000] {dagbag.py:537} INFO - Filling up the DagBag from /home/airflow/.local/lib/python3.7/site-packages/airflow/example_dags/example_sla_dag.py
[2024-04-15T15:53:37.554+0000] {processor.py:766} INFO - DAG(s) dict_keys(['example_sla_dag']) retrieved from /home/airflow/.local/lib/python3.7/site-packages/airflow/example_dags/example_sla_dag.py
[2024-04-15T15:53:37.643+0000] {logging_mixin.py:120} INFO - [2024-04-15T15:53:37.643+0000] {dag.py:2585} INFO - Sync 1 DAGs
[2024-04-15T15:53:37.689+0000] {logging_mixin.py:120} INFO - [2024-04-15T15:53:37.688+0000] {dag.py:3340} INFO - Setting next_dagrun for example_sla_dag to 2024-04-15T15:50:00+00:00, run_after=2024-04-15T15:52:00+00:00
[2024-04-15T15:53:37.712+0000] {processor.py:176} INFO - Processing /home/airflow/.local/lib/python3.7/site-packages/airflow/example_dags/example_sla_dag.py took 0.223 seconds
[2024-04-15T15:54:07.860+0000] {processor.py:154} INFO - Started process (PID=20835) to work on /home/airflow/.local/lib/python3.7/site-packages/airflow/example_dags/example_sla_dag.py
[2024-04-15T15:54:07.863+0000] {processor.py:756} INFO - Processing file /home/airflow/.local/lib/python3.7/site-packages/airflow/example_dags/example_sla_dag.py for tasks to queue
[2024-04-15T15:54:07.864+0000] {logging_mixin.py:120} INFO - [2024-04-15T15:54:07.864+0000] {dagbag.py:537} INFO - Filling up the DagBag from /home/airflow/.local/lib/python3.7/site-packages/airflow/example_dags/example_sla_dag.py
[2024-04-15T15:54:07.905+0000] {processor.py:766} INFO - DAG(s) dict_keys(['example_sla_dag']) retrieved from /home/airflow/.local/lib/python3.7/site-packages/airflow/example_dags/example_sla_dag.py
[2024-04-15T15:54:07.996+0000] {logging_mixin.py:120} INFO - [2024-04-15T15:54:07.996+0000] {dag.py:2585} INFO - Sync 1 DAGs
[2024-04-15T15:54:08.051+0000] {logging_mixin.py:120} INFO - [2024-04-15T15:54:08.050+0000] {dag.py:3340} INFO - Setting next_dagrun for example_sla_dag to 2024-04-15T15:52:00+00:00, run_after=2024-04-15T15:54:00+00:00
[2024-04-15T15:54:08.088+0000] {processor.py:176} INFO - Processing /home/airflow/.local/lib/python3.7/site-packages/airflow/example_dags/example_sla_dag.py took 0.234 seconds
[2024-04-15T15:54:38.371+0000] {processor.py:154} INFO - Started process (PID=20913) to work on /home/airflow/.local/lib/python3.7/site-packages/airflow/example_dags/example_sla_dag.py
[2024-04-15T15:54:38.374+0000] {processor.py:756} INFO - Processing file /home/airflow/.local/lib/python3.7/site-packages/airflow/example_dags/example_sla_dag.py for tasks to queue
[2024-04-15T15:54:38.376+0000] {logging_mixin.py:120} INFO - [2024-04-15T15:54:38.375+0000] {dagbag.py:537} INFO - Filling up the DagBag from /home/airflow/.local/lib/python3.7/site-packages/airflow/example_dags/example_sla_dag.py
[2024-04-15T15:54:38.416+0000] {processor.py:766} INFO - DAG(s) dict_keys(['example_sla_dag']) retrieved from /home/airflow/.local/lib/python3.7/site-packages/airflow/example_dags/example_sla_dag.py
[2024-04-15T15:54:38.487+0000] {logging_mixin.py:120} INFO - [2024-04-15T15:54:38.487+0000] {dag.py:2585} INFO - Sync 1 DAGs
[2024-04-15T15:54:38.528+0000] {logging_mixin.py:120} INFO - [2024-04-15T15:54:38.528+0000] {dag.py:3340} INFO - Setting next_dagrun for example_sla_dag to 2024-04-15T15:52:00+00:00, run_after=2024-04-15T15:54:00+00:00
[2024-04-15T15:54:38.560+0000] {processor.py:176} INFO - Processing /home/airflow/.local/lib/python3.7/site-packages/airflow/example_dags/example_sla_dag.py took 0.194 seconds
[2024-04-15T15:55:08.931+0000] {processor.py:154} INFO - Started process (PID=20982) to work on /home/airflow/.local/lib/python3.7/site-packages/airflow/example_dags/example_sla_dag.py
[2024-04-15T15:55:08.934+0000] {processor.py:756} INFO - Processing file /home/airflow/.local/lib/python3.7/site-packages/airflow/example_dags/example_sla_dag.py for tasks to queue
[2024-04-15T15:55:08.937+0000] {logging_mixin.py:120} INFO - [2024-04-15T15:55:08.937+0000] {dagbag.py:537} INFO - Filling up the DagBag from /home/airflow/.local/lib/python3.7/site-packages/airflow/example_dags/example_sla_dag.py
[2024-04-15T15:55:08.977+0000] {processor.py:766} INFO - DAG(s) dict_keys(['example_sla_dag']) retrieved from /home/airflow/.local/lib/python3.7/site-packages/airflow/example_dags/example_sla_dag.py
[2024-04-15T15:55:09.051+0000] {logging_mixin.py:120} INFO - [2024-04-15T15:55:09.051+0000] {dag.py:2585} INFO - Sync 1 DAGs
[2024-04-15T15:55:09.097+0000] {logging_mixin.py:120} INFO - [2024-04-15T15:55:09.097+0000] {dag.py:3340} INFO - Setting next_dagrun for example_sla_dag to 2024-04-15T15:52:00+00:00, run_after=2024-04-15T15:54:00+00:00
[2024-04-15T15:55:09.123+0000] {processor.py:176} INFO - Processing /home/airflow/.local/lib/python3.7/site-packages/airflow/example_dags/example_sla_dag.py took 0.197 seconds
[2024-04-15T15:55:39.320+0000] {processor.py:154} INFO - Started process (PID=21060) to work on /home/airflow/.local/lib/python3.7/site-packages/airflow/example_dags/example_sla_dag.py
[2024-04-15T15:55:39.322+0000] {processor.py:756} INFO - Processing file /home/airflow/.local/lib/python3.7/site-packages/airflow/example_dags/example_sla_dag.py for tasks to queue
[2024-04-15T15:55:39.358+0000] {logging_mixin.py:120} INFO - [2024-04-15T15:55:39.357+0000] {dagbag.py:537} INFO - Filling up the DagBag from /home/airflow/.local/lib/python3.7/site-packages/airflow/example_dags/example_sla_dag.py
[2024-04-15T15:55:39.427+0000] {processor.py:766} INFO - DAG(s) dict_keys(['example_sla_dag']) retrieved from /home/airflow/.local/lib/python3.7/site-packages/airflow/example_dags/example_sla_dag.py
[2024-04-15T15:55:39.519+0000] {logging_mixin.py:120} INFO - [2024-04-15T15:55:39.519+0000] {dag.py:2585} INFO - Sync 1 DAGs
[2024-04-15T15:55:39.575+0000] {logging_mixin.py:120} INFO - [2024-04-15T15:55:39.574+0000] {dag.py:3340} INFO - Setting next_dagrun for example_sla_dag to 2024-04-15T15:52:00+00:00, run_after=2024-04-15T15:54:00+00:00
[2024-04-15T15:55:39.611+0000] {processor.py:176} INFO - Processing /home/airflow/.local/lib/python3.7/site-packages/airflow/example_dags/example_sla_dag.py took 0.297 seconds
[2024-04-15T15:56:09.923+0000] {processor.py:154} INFO - Started process (PID=21130) to work on /home/airflow/.local/lib/python3.7/site-packages/airflow/example_dags/example_sla_dag.py
[2024-04-15T15:56:09.929+0000] {processor.py:756} INFO - Processing file /home/airflow/.local/lib/python3.7/site-packages/airflow/example_dags/example_sla_dag.py for tasks to queue
[2024-04-15T15:56:09.931+0000] {logging_mixin.py:120} INFO - [2024-04-15T15:56:09.930+0000] {dagbag.py:537} INFO - Filling up the DagBag from /home/airflow/.local/lib/python3.7/site-packages/airflow/example_dags/example_sla_dag.py
[2024-04-15T15:56:09.973+0000] {processor.py:766} INFO - DAG(s) dict_keys(['example_sla_dag']) retrieved from /home/airflow/.local/lib/python3.7/site-packages/airflow/example_dags/example_sla_dag.py
[2024-04-15T15:56:10.041+0000] {logging_mixin.py:120} INFO - [2024-04-15T15:56:10.041+0000] {dag.py:2585} INFO - Sync 1 DAGs
[2024-04-15T15:56:10.085+0000] {logging_mixin.py:120} INFO - [2024-04-15T15:56:10.085+0000] {dag.py:3340} INFO - Setting next_dagrun for example_sla_dag to 2024-04-15T15:54:00+00:00, run_after=2024-04-15T15:56:00+00:00
[2024-04-15T15:56:10.113+0000] {processor.py:176} INFO - Processing /home/airflow/.local/lib/python3.7/site-packages/airflow/example_dags/example_sla_dag.py took 0.196 seconds
[2024-04-15T15:56:40.922+0000] {processor.py:154} INFO - Started process (PID=21207) to work on /home/airflow/.local/lib/python3.7/site-packages/airflow/example_dags/example_sla_dag.py
[2024-04-15T15:56:40.925+0000] {processor.py:756} INFO - Processing file /home/airflow/.local/lib/python3.7/site-packages/airflow/example_dags/example_sla_dag.py for tasks to queue
[2024-04-15T15:56:40.927+0000] {logging_mixin.py:120} INFO - [2024-04-15T15:56:40.927+0000] {dagbag.py:537} INFO - Filling up the DagBag from /home/airflow/.local/lib/python3.7/site-packages/airflow/example_dags/example_sla_dag.py
[2024-04-15T15:56:40.969+0000] {processor.py:766} INFO - DAG(s) dict_keys(['example_sla_dag']) retrieved from /home/airflow/.local/lib/python3.7/site-packages/airflow/example_dags/example_sla_dag.py
[2024-04-15T15:56:41.038+0000] {logging_mixin.py:120} INFO - [2024-04-15T15:56:41.038+0000] {dag.py:2585} INFO - Sync 1 DAGs
[2024-04-15T15:56:41.087+0000] {logging_mixin.py:120} INFO - [2024-04-15T15:56:41.087+0000] {dag.py:3340} INFO - Setting next_dagrun for example_sla_dag to 2024-04-15T15:54:00+00:00, run_after=2024-04-15T15:56:00+00:00
[2024-04-15T15:56:41.118+0000] {processor.py:176} INFO - Processing /home/airflow/.local/lib/python3.7/site-packages/airflow/example_dags/example_sla_dag.py took 0.203 seconds
[2024-04-15T15:57:11.279+0000] {processor.py:154} INFO - Started process (PID=21287) to work on /home/airflow/.local/lib/python3.7/site-packages/airflow/example_dags/example_sla_dag.py
[2024-04-15T15:57:11.281+0000] {processor.py:756} INFO - Processing file /home/airflow/.local/lib/python3.7/site-packages/airflow/example_dags/example_sla_dag.py for tasks to queue
[2024-04-15T15:57:11.282+0000] {logging_mixin.py:120} INFO - [2024-04-15T15:57:11.282+0000] {dagbag.py:537} INFO - Filling up the DagBag from /home/airflow/.local/lib/python3.7/site-packages/airflow/example_dags/example_sla_dag.py
[2024-04-15T15:57:11.319+0000] {processor.py:766} INFO - DAG(s) dict_keys(['example_sla_dag']) retrieved from /home/airflow/.local/lib/python3.7/site-packages/airflow/example_dags/example_sla_dag.py
[2024-04-15T15:57:11.392+0000] {logging_mixin.py:120} INFO - [2024-04-15T15:57:11.391+0000] {dag.py:2585} INFO - Sync 1 DAGs
[2024-04-15T15:57:11.435+0000] {logging_mixin.py:120} INFO - [2024-04-15T15:57:11.434+0000] {dag.py:3340} INFO - Setting next_dagrun for example_sla_dag to 2024-04-15T15:54:00+00:00, run_after=2024-04-15T15:56:00+00:00
[2024-04-15T15:57:11.470+0000] {processor.py:176} INFO - Processing /home/airflow/.local/lib/python3.7/site-packages/airflow/example_dags/example_sla_dag.py took 0.197 seconds
[2024-04-15T15:57:42.190+0000] {processor.py:154} INFO - Started process (PID=21357) to work on /home/airflow/.local/lib/python3.7/site-packages/airflow/example_dags/example_sla_dag.py
[2024-04-15T15:57:42.193+0000] {processor.py:756} INFO - Processing file /home/airflow/.local/lib/python3.7/site-packages/airflow/example_dags/example_sla_dag.py for tasks to queue
[2024-04-15T15:57:42.195+0000] {logging_mixin.py:120} INFO - [2024-04-15T15:57:42.195+0000] {dagbag.py:537} INFO - Filling up the DagBag from /home/airflow/.local/lib/python3.7/site-packages/airflow/example_dags/example_sla_dag.py
[2024-04-15T15:57:42.238+0000] {processor.py:766} INFO - DAG(s) dict_keys(['example_sla_dag']) retrieved from /home/airflow/.local/lib/python3.7/site-packages/airflow/example_dags/example_sla_dag.py
[2024-04-15T15:57:42.304+0000] {logging_mixin.py:120} INFO - [2024-04-15T15:57:42.304+0000] {dag.py:2585} INFO - Sync 1 DAGs
[2024-04-15T15:57:42.372+0000] {logging_mixin.py:120} INFO - [2024-04-15T15:57:42.372+0000] {dag.py:3340} INFO - Setting next_dagrun for example_sla_dag to 2024-04-15T15:54:00+00:00, run_after=2024-04-15T15:56:00+00:00
[2024-04-15T15:57:42.401+0000] {processor.py:176} INFO - Processing /home/airflow/.local/lib/python3.7/site-packages/airflow/example_dags/example_sla_dag.py took 0.216 seconds
[2024-04-15T15:58:13.061+0000] {processor.py:154} INFO - Started process (PID=21435) to work on /home/airflow/.local/lib/python3.7/site-packages/airflow/example_dags/example_sla_dag.py
[2024-04-15T15:58:13.063+0000] {processor.py:756} INFO - Processing file /home/airflow/.local/lib/python3.7/site-packages/airflow/example_dags/example_sla_dag.py for tasks to queue
[2024-04-15T15:58:13.065+0000] {logging_mixin.py:120} INFO - [2024-04-15T15:58:13.065+0000] {dagbag.py:537} INFO - Filling up the DagBag from /home/airflow/.local/lib/python3.7/site-packages/airflow/example_dags/example_sla_dag.py
[2024-04-15T15:58:13.106+0000] {processor.py:766} INFO - DAG(s) dict_keys(['example_sla_dag']) retrieved from /home/airflow/.local/lib/python3.7/site-packages/airflow/example_dags/example_sla_dag.py
[2024-04-15T15:58:13.181+0000] {logging_mixin.py:120} INFO - [2024-04-15T15:58:13.180+0000] {dag.py:2585} INFO - Sync 1 DAGs
[2024-04-15T15:58:13.229+0000] {logging_mixin.py:120} INFO - [2024-04-15T15:58:13.229+0000] {dag.py:3340} INFO - Setting next_dagrun for example_sla_dag to 2024-04-15T15:56:00+00:00, run_after=2024-04-15T15:58:00+00:00
[2024-04-15T15:58:13.263+0000] {processor.py:176} INFO - Processing /home/airflow/.local/lib/python3.7/site-packages/airflow/example_dags/example_sla_dag.py took 0.209 seconds
[2024-04-15T15:58:43.735+0000] {processor.py:154} INFO - Started process (PID=21504) to work on /home/airflow/.local/lib/python3.7/site-packages/airflow/example_dags/example_sla_dag.py
[2024-04-15T15:58:43.737+0000] {processor.py:756} INFO - Processing file /home/airflow/.local/lib/python3.7/site-packages/airflow/example_dags/example_sla_dag.py for tasks to queue
[2024-04-15T15:58:43.739+0000] {logging_mixin.py:120} INFO - [2024-04-15T15:58:43.739+0000] {dagbag.py:537} INFO - Filling up the DagBag from /home/airflow/.local/lib/python3.7/site-packages/airflow/example_dags/example_sla_dag.py
[2024-04-15T15:58:43.777+0000] {processor.py:766} INFO - DAG(s) dict_keys(['example_sla_dag']) retrieved from /home/airflow/.local/lib/python3.7/site-packages/airflow/example_dags/example_sla_dag.py
[2024-04-15T15:58:43.906+0000] {logging_mixin.py:120} INFO - [2024-04-15T15:58:43.905+0000] {dag.py:2585} INFO - Sync 1 DAGs
[2024-04-15T15:58:44.078+0000] {logging_mixin.py:120} INFO - [2024-04-15T15:58:44.077+0000] {dag.py:3340} INFO - Setting next_dagrun for example_sla_dag to 2024-04-15T15:56:00+00:00, run_after=2024-04-15T15:58:00+00:00
[2024-04-15T15:58:44.208+0000] {processor.py:176} INFO - Processing /home/airflow/.local/lib/python3.7/site-packages/airflow/example_dags/example_sla_dag.py took 0.478 seconds
[2024-04-15T15:59:14.348+0000] {processor.py:154} INFO - Started process (PID=21583) to work on /home/airflow/.local/lib/python3.7/site-packages/airflow/example_dags/example_sla_dag.py
[2024-04-15T15:59:14.351+0000] {processor.py:756} INFO - Processing file /home/airflow/.local/lib/python3.7/site-packages/airflow/example_dags/example_sla_dag.py for tasks to queue
[2024-04-15T15:59:14.353+0000] {logging_mixin.py:120} INFO - [2024-04-15T15:59:14.353+0000] {dagbag.py:537} INFO - Filling up the DagBag from /home/airflow/.local/lib/python3.7/site-packages/airflow/example_dags/example_sla_dag.py
[2024-04-15T15:59:14.402+0000] {processor.py:766} INFO - DAG(s) dict_keys(['example_sla_dag']) retrieved from /home/airflow/.local/lib/python3.7/site-packages/airflow/example_dags/example_sla_dag.py
[2024-04-15T15:59:14.473+0000] {logging_mixin.py:120} INFO - [2024-04-15T15:59:14.473+0000] {dag.py:2585} INFO - Sync 1 DAGs
[2024-04-15T15:59:14.522+0000] {logging_mixin.py:120} INFO - [2024-04-15T15:59:14.522+0000] {dag.py:3340} INFO - Setting next_dagrun for example_sla_dag to 2024-04-15T15:56:00+00:00, run_after=2024-04-15T15:58:00+00:00
[2024-04-15T15:59:14.551+0000] {processor.py:176} INFO - Processing /home/airflow/.local/lib/python3.7/site-packages/airflow/example_dags/example_sla_dag.py took 0.215 seconds
[2024-04-15T15:59:44.697+0000] {processor.py:154} INFO - Started process (PID=21661) to work on /home/airflow/.local/lib/python3.7/site-packages/airflow/example_dags/example_sla_dag.py
[2024-04-15T15:59:44.701+0000] {processor.py:756} INFO - Processing file /home/airflow/.local/lib/python3.7/site-packages/airflow/example_dags/example_sla_dag.py for tasks to queue
[2024-04-15T15:59:44.702+0000] {logging_mixin.py:120} INFO - [2024-04-15T15:59:44.702+0000] {dagbag.py:537} INFO - Filling up the DagBag from /home/airflow/.local/lib/python3.7/site-packages/airflow/example_dags/example_sla_dag.py
[2024-04-15T15:59:44.744+0000] {processor.py:766} INFO - DAG(s) dict_keys(['example_sla_dag']) retrieved from /home/airflow/.local/lib/python3.7/site-packages/airflow/example_dags/example_sla_dag.py
[2024-04-15T15:59:44.816+0000] {logging_mixin.py:120} INFO - [2024-04-15T15:59:44.815+0000] {dag.py:2585} INFO - Sync 1 DAGs
[2024-04-15T15:59:44.865+0000] {logging_mixin.py:120} INFO - [2024-04-15T15:59:44.865+0000] {dag.py:3340} INFO - Setting next_dagrun for example_sla_dag to 2024-04-15T15:56:00+00:00, run_after=2024-04-15T15:58:00+00:00
[2024-04-15T15:59:44.892+0000] {processor.py:176} INFO - Processing /home/airflow/.local/lib/python3.7/site-packages/airflow/example_dags/example_sla_dag.py took 0.202 seconds
[2024-04-15T16:00:15.080+0000] {processor.py:154} INFO - Started process (PID=21730) to work on /home/airflow/.local/lib/python3.7/site-packages/airflow/example_dags/example_sla_dag.py
[2024-04-15T16:00:15.084+0000] {processor.py:756} INFO - Processing file /home/airflow/.local/lib/python3.7/site-packages/airflow/example_dags/example_sla_dag.py for tasks to queue
[2024-04-15T16:00:15.085+0000] {logging_mixin.py:120} INFO - [2024-04-15T16:00:15.085+0000] {dagbag.py:537} INFO - Filling up the DagBag from /home/airflow/.local/lib/python3.7/site-packages/airflow/example_dags/example_sla_dag.py
[2024-04-15T16:00:15.137+0000] {processor.py:766} INFO - DAG(s) dict_keys(['example_sla_dag']) retrieved from /home/airflow/.local/lib/python3.7/site-packages/airflow/example_dags/example_sla_dag.py
[2024-04-15T16:00:15.208+0000] {logging_mixin.py:120} INFO - [2024-04-15T16:00:15.207+0000] {dag.py:2585} INFO - Sync 1 DAGs
[2024-04-15T16:00:15.251+0000] {logging_mixin.py:120} INFO - [2024-04-15T16:00:15.251+0000] {dag.py:3340} INFO - Setting next_dagrun for example_sla_dag to 2024-04-15T15:58:00+00:00, run_after=2024-04-15T16:00:00+00:00
[2024-04-15T16:00:15.280+0000] {processor.py:176} INFO - Processing /home/airflow/.local/lib/python3.7/site-packages/airflow/example_dags/example_sla_dag.py took 0.208 seconds
[2024-04-15T16:00:45.502+0000] {processor.py:154} INFO - Started process (PID=21808) to work on /home/airflow/.local/lib/python3.7/site-packages/airflow/example_dags/example_sla_dag.py
[2024-04-15T16:00:45.504+0000] {processor.py:756} INFO - Processing file /home/airflow/.local/lib/python3.7/site-packages/airflow/example_dags/example_sla_dag.py for tasks to queue
[2024-04-15T16:00:45.506+0000] {logging_mixin.py:120} INFO - [2024-04-15T16:00:45.506+0000] {dagbag.py:537} INFO - Filling up the DagBag from /home/airflow/.local/lib/python3.7/site-packages/airflow/example_dags/example_sla_dag.py
[2024-04-15T16:00:45.546+0000] {processor.py:766} INFO - DAG(s) dict_keys(['example_sla_dag']) retrieved from /home/airflow/.local/lib/python3.7/site-packages/airflow/example_dags/example_sla_dag.py
[2024-04-15T16:00:45.614+0000] {logging_mixin.py:120} INFO - [2024-04-15T16:00:45.614+0000] {dag.py:2585} INFO - Sync 1 DAGs
[2024-04-15T16:00:45.660+0000] {logging_mixin.py:120} INFO - [2024-04-15T16:00:45.659+0000] {dag.py:3340} INFO - Setting next_dagrun for example_sla_dag to 2024-04-15T15:58:00+00:00, run_after=2024-04-15T16:00:00+00:00
[2024-04-15T16:00:45.690+0000] {processor.py:176} INFO - Processing /home/airflow/.local/lib/python3.7/site-packages/airflow/example_dags/example_sla_dag.py took 0.216 seconds
[2024-04-15T16:01:15.804+0000] {processor.py:154} INFO - Started process (PID=21877) to work on /home/airflow/.local/lib/python3.7/site-packages/airflow/example_dags/example_sla_dag.py
[2024-04-15T16:01:15.807+0000] {processor.py:756} INFO - Processing file /home/airflow/.local/lib/python3.7/site-packages/airflow/example_dags/example_sla_dag.py for tasks to queue
[2024-04-15T16:01:15.809+0000] {logging_mixin.py:120} INFO - [2024-04-15T16:01:15.809+0000] {dagbag.py:537} INFO - Filling up the DagBag from /home/airflow/.local/lib/python3.7/site-packages/airflow/example_dags/example_sla_dag.py
[2024-04-15T16:01:15.877+0000] {processor.py:766} INFO - DAG(s) dict_keys(['example_sla_dag']) retrieved from /home/airflow/.local/lib/python3.7/site-packages/airflow/example_dags/example_sla_dag.py
[2024-04-15T16:01:15.949+0000] {logging_mixin.py:120} INFO - [2024-04-15T16:01:15.949+0000] {dag.py:2585} INFO - Sync 1 DAGs
[2024-04-15T16:01:16.002+0000] {logging_mixin.py:120} INFO - [2024-04-15T16:01:16.002+0000] {dag.py:3340} INFO - Setting next_dagrun for example_sla_dag to 2024-04-15T15:58:00+00:00, run_after=2024-04-15T16:00:00+00:00
[2024-04-15T16:01:16.038+0000] {processor.py:176} INFO - Processing /home/airflow/.local/lib/python3.7/site-packages/airflow/example_dags/example_sla_dag.py took 0.249 seconds
[2024-04-15T16:01:46.158+0000] {processor.py:154} INFO - Started process (PID=21954) to work on /home/airflow/.local/lib/python3.7/site-packages/airflow/example_dags/example_sla_dag.py
[2024-04-15T16:01:46.162+0000] {processor.py:756} INFO - Processing file /home/airflow/.local/lib/python3.7/site-packages/airflow/example_dags/example_sla_dag.py for tasks to queue
[2024-04-15T16:01:46.166+0000] {logging_mixin.py:120} INFO - [2024-04-15T16:01:46.165+0000] {dagbag.py:537} INFO - Filling up the DagBag from /home/airflow/.local/lib/python3.7/site-packages/airflow/example_dags/example_sla_dag.py
[2024-04-15T16:01:46.225+0000] {processor.py:766} INFO - DAG(s) dict_keys(['example_sla_dag']) retrieved from /home/airflow/.local/lib/python3.7/site-packages/airflow/example_dags/example_sla_dag.py
[2024-04-15T16:01:46.291+0000] {logging_mixin.py:120} INFO - [2024-04-15T16:01:46.291+0000] {dag.py:2585} INFO - Sync 1 DAGs
[2024-04-15T16:01:46.346+0000] {logging_mixin.py:120} INFO - [2024-04-15T16:01:46.346+0000] {dag.py:3340} INFO - Setting next_dagrun for example_sla_dag to 2024-04-15T15:58:00+00:00, run_after=2024-04-15T16:00:00+00:00
[2024-04-15T16:01:46.378+0000] {processor.py:176} INFO - Processing /home/airflow/.local/lib/python3.7/site-packages/airflow/example_dags/example_sla_dag.py took 0.231 seconds
[2024-04-15T16:02:16.993+0000] {processor.py:154} INFO - Started process (PID=22021) to work on /home/airflow/.local/lib/python3.7/site-packages/airflow/example_dags/example_sla_dag.py
[2024-04-15T16:02:16.998+0000] {processor.py:756} INFO - Processing file /home/airflow/.local/lib/python3.7/site-packages/airflow/example_dags/example_sla_dag.py for tasks to queue
[2024-04-15T16:02:17.000+0000] {logging_mixin.py:120} INFO - [2024-04-15T16:02:17.000+0000] {dagbag.py:537} INFO - Filling up the DagBag from /home/airflow/.local/lib/python3.7/site-packages/airflow/example_dags/example_sla_dag.py
[2024-04-15T16:02:17.049+0000] {processor.py:766} INFO - DAG(s) dict_keys(['example_sla_dag']) retrieved from /home/airflow/.local/lib/python3.7/site-packages/airflow/example_dags/example_sla_dag.py
[2024-04-15T16:02:17.127+0000] {logging_mixin.py:120} INFO - [2024-04-15T16:02:17.126+0000] {dag.py:2585} INFO - Sync 1 DAGs
[2024-04-15T16:02:17.188+0000] {logging_mixin.py:120} INFO - [2024-04-15T16:02:17.187+0000] {dag.py:3340} INFO - Setting next_dagrun for example_sla_dag to 2024-04-15T16:00:00+00:00, run_after=2024-04-15T16:02:00+00:00
[2024-04-15T16:02:17.219+0000] {processor.py:176} INFO - Processing /home/airflow/.local/lib/python3.7/site-packages/airflow/example_dags/example_sla_dag.py took 0.239 seconds
[2024-04-15T16:02:47.734+0000] {processor.py:154} INFO - Started process (PID=22100) to work on /home/airflow/.local/lib/python3.7/site-packages/airflow/example_dags/example_sla_dag.py
[2024-04-15T16:02:47.739+0000] {processor.py:756} INFO - Processing file /home/airflow/.local/lib/python3.7/site-packages/airflow/example_dags/example_sla_dag.py for tasks to queue
[2024-04-15T16:02:47.740+0000] {logging_mixin.py:120} INFO - [2024-04-15T16:02:47.740+0000] {dagbag.py:537} INFO - Filling up the DagBag from /home/airflow/.local/lib/python3.7/site-packages/airflow/example_dags/example_sla_dag.py
[2024-04-15T16:02:47.792+0000] {processor.py:766} INFO - DAG(s) dict_keys(['example_sla_dag']) retrieved from /home/airflow/.local/lib/python3.7/site-packages/airflow/example_dags/example_sla_dag.py
[2024-04-15T16:02:47.882+0000] {logging_mixin.py:120} INFO - [2024-04-15T16:02:47.882+0000] {dag.py:2585} INFO - Sync 1 DAGs
[2024-04-15T16:02:47.934+0000] {logging_mixin.py:120} INFO - [2024-04-15T16:02:47.934+0000] {dag.py:3340} INFO - Setting next_dagrun for example_sla_dag to 2024-04-15T16:00:00+00:00, run_after=2024-04-15T16:02:00+00:00
[2024-04-15T16:02:47.971+0000] {processor.py:176} INFO - Processing /home/airflow/.local/lib/python3.7/site-packages/airflow/example_dags/example_sla_dag.py took 0.245 seconds
[2024-04-15T16:03:18.754+0000] {processor.py:154} INFO - Started process (PID=22170) to work on /home/airflow/.local/lib/python3.7/site-packages/airflow/example_dags/example_sla_dag.py
[2024-04-15T16:03:18.757+0000] {processor.py:756} INFO - Processing file /home/airflow/.local/lib/python3.7/site-packages/airflow/example_dags/example_sla_dag.py for tasks to queue
[2024-04-15T16:03:18.760+0000] {logging_mixin.py:120} INFO - [2024-04-15T16:03:18.760+0000] {dagbag.py:537} INFO - Filling up the DagBag from /home/airflow/.local/lib/python3.7/site-packages/airflow/example_dags/example_sla_dag.py
[2024-04-15T16:03:18.807+0000] {processor.py:766} INFO - DAG(s) dict_keys(['example_sla_dag']) retrieved from /home/airflow/.local/lib/python3.7/site-packages/airflow/example_dags/example_sla_dag.py
[2024-04-15T16:03:18.870+0000] {logging_mixin.py:120} INFO - [2024-04-15T16:03:18.870+0000] {dag.py:2585} INFO - Sync 1 DAGs
[2024-04-15T16:03:18.913+0000] {logging_mixin.py:120} INFO - [2024-04-15T16:03:18.913+0000] {dag.py:3340} INFO - Setting next_dagrun for example_sla_dag to 2024-04-15T16:00:00+00:00, run_after=2024-04-15T16:02:00+00:00
[2024-04-15T16:03:18.948+0000] {processor.py:176} INFO - Processing /home/airflow/.local/lib/python3.7/site-packages/airflow/example_dags/example_sla_dag.py took 0.204 seconds
[2024-04-15T16:03:49.276+0000] {processor.py:154} INFO - Started process (PID=22247) to work on /home/airflow/.local/lib/python3.7/site-packages/airflow/example_dags/example_sla_dag.py
[2024-04-15T16:03:49.281+0000] {processor.py:756} INFO - Processing file /home/airflow/.local/lib/python3.7/site-packages/airflow/example_dags/example_sla_dag.py for tasks to queue
[2024-04-15T16:03:49.282+0000] {logging_mixin.py:120} INFO - [2024-04-15T16:03:49.282+0000] {dagbag.py:537} INFO - Filling up the DagBag from /home/airflow/.local/lib/python3.7/site-packages/airflow/example_dags/example_sla_dag.py
[2024-04-15T16:03:49.326+0000] {processor.py:766} INFO - DAG(s) dict_keys(['example_sla_dag']) retrieved from /home/airflow/.local/lib/python3.7/site-packages/airflow/example_dags/example_sla_dag.py
[2024-04-15T16:03:49.400+0000] {logging_mixin.py:120} INFO - [2024-04-15T16:03:49.400+0000] {dag.py:2585} INFO - Sync 1 DAGs
[2024-04-15T16:03:49.452+0000] {logging_mixin.py:120} INFO - [2024-04-15T16:03:49.451+0000] {dag.py:3340} INFO - Setting next_dagrun for example_sla_dag to 2024-04-15T16:00:00+00:00, run_after=2024-04-15T16:02:00+00:00
[2024-04-15T16:03:49.488+0000] {processor.py:176} INFO - Processing /home/airflow/.local/lib/python3.7/site-packages/airflow/example_dags/example_sla_dag.py took 0.218 seconds
[2024-04-15T16:04:20.284+0000] {processor.py:154} INFO - Started process (PID=22321) to work on /home/airflow/.local/lib/python3.7/site-packages/airflow/example_dags/example_sla_dag.py
[2024-04-15T16:04:20.288+0000] {processor.py:756} INFO - Processing file /home/airflow/.local/lib/python3.7/site-packages/airflow/example_dags/example_sla_dag.py for tasks to queue
[2024-04-15T16:04:20.291+0000] {logging_mixin.py:120} INFO - [2024-04-15T16:04:20.291+0000] {dagbag.py:537} INFO - Filling up the DagBag from /home/airflow/.local/lib/python3.7/site-packages/airflow/example_dags/example_sla_dag.py
[2024-04-15T16:04:20.341+0000] {processor.py:766} INFO - DAG(s) dict_keys(['example_sla_dag']) retrieved from /home/airflow/.local/lib/python3.7/site-packages/airflow/example_dags/example_sla_dag.py
[2024-04-15T16:04:20.414+0000] {logging_mixin.py:120} INFO - [2024-04-15T16:04:20.413+0000] {dag.py:2585} INFO - Sync 1 DAGs
[2024-04-15T16:04:20.483+0000] {logging_mixin.py:120} INFO - [2024-04-15T16:04:20.483+0000] {dag.py:3340} INFO - Setting next_dagrun for example_sla_dag to 2024-04-15T16:02:00+00:00, run_after=2024-04-15T16:04:00+00:00
[2024-04-15T16:04:20.544+0000] {processor.py:176} INFO - Processing /home/airflow/.local/lib/python3.7/site-packages/airflow/example_dags/example_sla_dag.py took 0.274 seconds
[2024-04-15T16:04:51.375+0000] {processor.py:154} INFO - Started process (PID=22394) to work on /home/airflow/.local/lib/python3.7/site-packages/airflow/example_dags/example_sla_dag.py
[2024-04-15T16:04:51.379+0000] {processor.py:756} INFO - Processing file /home/airflow/.local/lib/python3.7/site-packages/airflow/example_dags/example_sla_dag.py for tasks to queue
[2024-04-15T16:04:51.382+0000] {logging_mixin.py:120} INFO - [2024-04-15T16:04:51.381+0000] {dagbag.py:537} INFO - Filling up the DagBag from /home/airflow/.local/lib/python3.7/site-packages/airflow/example_dags/example_sla_dag.py
[2024-04-15T16:04:51.436+0000] {processor.py:766} INFO - DAG(s) dict_keys(['example_sla_dag']) retrieved from /home/airflow/.local/lib/python3.7/site-packages/airflow/example_dags/example_sla_dag.py
[2024-04-15T16:04:51.508+0000] {logging_mixin.py:120} INFO - [2024-04-15T16:04:51.508+0000] {dag.py:2585} INFO - Sync 1 DAGs
[2024-04-15T16:04:51.552+0000] {logging_mixin.py:120} INFO - [2024-04-15T16:04:51.552+0000] {dag.py:3340} INFO - Setting next_dagrun for example_sla_dag to 2024-04-15T16:02:00+00:00, run_after=2024-04-15T16:04:00+00:00
[2024-04-15T16:04:51.582+0000] {processor.py:176} INFO - Processing /home/airflow/.local/lib/python3.7/site-packages/airflow/example_dags/example_sla_dag.py took 0.214 seconds
[2024-04-15T16:05:22.404+0000] {processor.py:154} INFO - Started process (PID=22474) to work on /home/airflow/.local/lib/python3.7/site-packages/airflow/example_dags/example_sla_dag.py
[2024-04-15T16:05:22.408+0000] {processor.py:756} INFO - Processing file /home/airflow/.local/lib/python3.7/site-packages/airflow/example_dags/example_sla_dag.py for tasks to queue
[2024-04-15T16:05:22.411+0000] {logging_mixin.py:120} INFO - [2024-04-15T16:05:22.411+0000] {dagbag.py:537} INFO - Filling up the DagBag from /home/airflow/.local/lib/python3.7/site-packages/airflow/example_dags/example_sla_dag.py
[2024-04-15T16:05:22.466+0000] {processor.py:766} INFO - DAG(s) dict_keys(['example_sla_dag']) retrieved from /home/airflow/.local/lib/python3.7/site-packages/airflow/example_dags/example_sla_dag.py
[2024-04-15T16:05:22.530+0000] {logging_mixin.py:120} INFO - [2024-04-15T16:05:22.530+0000] {dag.py:2585} INFO - Sync 1 DAGs
[2024-04-15T16:05:22.574+0000] {logging_mixin.py:120} INFO - [2024-04-15T16:05:22.574+0000] {dag.py:3340} INFO - Setting next_dagrun for example_sla_dag to 2024-04-15T16:02:00+00:00, run_after=2024-04-15T16:04:00+00:00
[2024-04-15T16:05:22.606+0000] {processor.py:176} INFO - Processing /home/airflow/.local/lib/python3.7/site-packages/airflow/example_dags/example_sla_dag.py took 0.210 seconds
[2024-04-15T16:05:52.728+0000] {processor.py:154} INFO - Started process (PID=22543) to work on /home/airflow/.local/lib/python3.7/site-packages/airflow/example_dags/example_sla_dag.py
[2024-04-15T16:05:52.730+0000] {processor.py:756} INFO - Processing file /home/airflow/.local/lib/python3.7/site-packages/airflow/example_dags/example_sla_dag.py for tasks to queue
[2024-04-15T16:05:52.732+0000] {logging_mixin.py:120} INFO - [2024-04-15T16:05:52.731+0000] {dagbag.py:537} INFO - Filling up the DagBag from /home/airflow/.local/lib/python3.7/site-packages/airflow/example_dags/example_sla_dag.py
[2024-04-15T16:05:52.774+0000] {processor.py:766} INFO - DAG(s) dict_keys(['example_sla_dag']) retrieved from /home/airflow/.local/lib/python3.7/site-packages/airflow/example_dags/example_sla_dag.py
[2024-04-15T16:05:52.850+0000] {logging_mixin.py:120} INFO - [2024-04-15T16:05:52.850+0000] {dag.py:2585} INFO - Sync 1 DAGs
[2024-04-15T16:05:52.903+0000] {logging_mixin.py:120} INFO - [2024-04-15T16:05:52.903+0000] {dag.py:3340} INFO - Setting next_dagrun for example_sla_dag to 2024-04-15T16:02:00+00:00, run_after=2024-04-15T16:04:00+00:00
[2024-04-15T16:05:52.935+0000] {processor.py:176} INFO - Processing /home/airflow/.local/lib/python3.7/site-packages/airflow/example_dags/example_sla_dag.py took 0.215 seconds
[2024-04-15T16:06:23.151+0000] {processor.py:154} INFO - Started process (PID=22620) to work on /home/airflow/.local/lib/python3.7/site-packages/airflow/example_dags/example_sla_dag.py
[2024-04-15T16:06:23.154+0000] {processor.py:756} INFO - Processing file /home/airflow/.local/lib/python3.7/site-packages/airflow/example_dags/example_sla_dag.py for tasks to queue
[2024-04-15T16:06:23.156+0000] {logging_mixin.py:120} INFO - [2024-04-15T16:06:23.155+0000] {dagbag.py:537} INFO - Filling up the DagBag from /home/airflow/.local/lib/python3.7/site-packages/airflow/example_dags/example_sla_dag.py
[2024-04-15T16:06:23.194+0000] {processor.py:766} INFO - DAG(s) dict_keys(['example_sla_dag']) retrieved from /home/airflow/.local/lib/python3.7/site-packages/airflow/example_dags/example_sla_dag.py
[2024-04-15T16:06:23.258+0000] {logging_mixin.py:120} INFO - [2024-04-15T16:06:23.258+0000] {dag.py:2585} INFO - Sync 1 DAGs
[2024-04-15T16:06:23.300+0000] {logging_mixin.py:120} INFO - [2024-04-15T16:06:23.300+0000] {dag.py:3340} INFO - Setting next_dagrun for example_sla_dag to 2024-04-15T16:04:00+00:00, run_after=2024-04-15T16:06:00+00:00
[2024-04-15T16:06:23.343+0000] {processor.py:176} INFO - Processing /home/airflow/.local/lib/python3.7/site-packages/airflow/example_dags/example_sla_dag.py took 0.197 seconds
[2024-04-15T16:06:53.756+0000] {processor.py:154} INFO - Started process (PID=22690) to work on /home/airflow/.local/lib/python3.7/site-packages/airflow/example_dags/example_sla_dag.py
[2024-04-15T16:06:53.759+0000] {processor.py:756} INFO - Processing file /home/airflow/.local/lib/python3.7/site-packages/airflow/example_dags/example_sla_dag.py for tasks to queue
[2024-04-15T16:06:53.761+0000] {logging_mixin.py:120} INFO - [2024-04-15T16:06:53.760+0000] {dagbag.py:537} INFO - Filling up the DagBag from /home/airflow/.local/lib/python3.7/site-packages/airflow/example_dags/example_sla_dag.py
[2024-04-15T16:06:53.816+0000] {processor.py:766} INFO - DAG(s) dict_keys(['example_sla_dag']) retrieved from /home/airflow/.local/lib/python3.7/site-packages/airflow/example_dags/example_sla_dag.py
[2024-04-15T16:06:53.888+0000] {logging_mixin.py:120} INFO - [2024-04-15T16:06:53.888+0000] {dag.py:2585} INFO - Sync 1 DAGs
[2024-04-15T16:06:53.936+0000] {logging_mixin.py:120} INFO - [2024-04-15T16:06:53.935+0000] {dag.py:3340} INFO - Setting next_dagrun for example_sla_dag to 2024-04-15T16:04:00+00:00, run_after=2024-04-15T16:06:00+00:00
[2024-04-15T16:06:53.972+0000] {processor.py:176} INFO - Processing /home/airflow/.local/lib/python3.7/site-packages/airflow/example_dags/example_sla_dag.py took 0.226 seconds
[2024-04-15T16:07:24.247+0000] {processor.py:154} INFO - Started process (PID=22767) to work on /home/airflow/.local/lib/python3.7/site-packages/airflow/example_dags/example_sla_dag.py
[2024-04-15T16:07:24.249+0000] {processor.py:756} INFO - Processing file /home/airflow/.local/lib/python3.7/site-packages/airflow/example_dags/example_sla_dag.py for tasks to queue
[2024-04-15T16:07:24.250+0000] {logging_mixin.py:120} INFO - [2024-04-15T16:07:24.250+0000] {dagbag.py:537} INFO - Filling up the DagBag from /home/airflow/.local/lib/python3.7/site-packages/airflow/example_dags/example_sla_dag.py
[2024-04-15T16:07:24.294+0000] {processor.py:766} INFO - DAG(s) dict_keys(['example_sla_dag']) retrieved from /home/airflow/.local/lib/python3.7/site-packages/airflow/example_dags/example_sla_dag.py
[2024-04-15T16:07:24.363+0000] {logging_mixin.py:120} INFO - [2024-04-15T16:07:24.363+0000] {dag.py:2585} INFO - Sync 1 DAGs
[2024-04-15T16:07:24.414+0000] {logging_mixin.py:120} INFO - [2024-04-15T16:07:24.413+0000] {dag.py:3340} INFO - Setting next_dagrun for example_sla_dag to 2024-04-15T16:04:00+00:00, run_after=2024-04-15T16:06:00+00:00
[2024-04-15T16:07:24.456+0000] {processor.py:176} INFO - Processing /home/airflow/.local/lib/python3.7/site-packages/airflow/example_dags/example_sla_dag.py took 0.215 seconds
[2024-04-15T16:07:54.863+0000] {processor.py:154} INFO - Started process (PID=22835) to work on /home/airflow/.local/lib/python3.7/site-packages/airflow/example_dags/example_sla_dag.py
[2024-04-15T16:07:54.867+0000] {processor.py:756} INFO - Processing file /home/airflow/.local/lib/python3.7/site-packages/airflow/example_dags/example_sla_dag.py for tasks to queue
[2024-04-15T16:07:54.869+0000] {logging_mixin.py:120} INFO - [2024-04-15T16:07:54.869+0000] {dagbag.py:537} INFO - Filling up the DagBag from /home/airflow/.local/lib/python3.7/site-packages/airflow/example_dags/example_sla_dag.py
[2024-04-15T16:07:54.915+0000] {processor.py:766} INFO - DAG(s) dict_keys(['example_sla_dag']) retrieved from /home/airflow/.local/lib/python3.7/site-packages/airflow/example_dags/example_sla_dag.py
[2024-04-15T16:07:54.984+0000] {logging_mixin.py:120} INFO - [2024-04-15T16:07:54.984+0000] {dag.py:2585} INFO - Sync 1 DAGs
[2024-04-15T16:07:55.041+0000] {logging_mixin.py:120} INFO - [2024-04-15T16:07:55.040+0000] {dag.py:3340} INFO - Setting next_dagrun for example_sla_dag to 2024-04-15T16:04:00+00:00, run_after=2024-04-15T16:06:00+00:00
[2024-04-15T16:07:55.070+0000] {processor.py:176} INFO - Processing /home/airflow/.local/lib/python3.7/site-packages/airflow/example_dags/example_sla_dag.py took 0.216 seconds
[2024-04-15T16:08:25.266+0000] {processor.py:154} INFO - Started process (PID=22913) to work on /home/airflow/.local/lib/python3.7/site-packages/airflow/example_dags/example_sla_dag.py
[2024-04-15T16:08:25.269+0000] {processor.py:756} INFO - Processing file /home/airflow/.local/lib/python3.7/site-packages/airflow/example_dags/example_sla_dag.py for tasks to queue
[2024-04-15T16:08:25.272+0000] {logging_mixin.py:120} INFO - [2024-04-15T16:08:25.272+0000] {dagbag.py:537} INFO - Filling up the DagBag from /home/airflow/.local/lib/python3.7/site-packages/airflow/example_dags/example_sla_dag.py
[2024-04-15T16:08:25.333+0000] {processor.py:766} INFO - DAG(s) dict_keys(['example_sla_dag']) retrieved from /home/airflow/.local/lib/python3.7/site-packages/airflow/example_dags/example_sla_dag.py
[2024-04-15T16:08:25.433+0000] {logging_mixin.py:120} INFO - [2024-04-15T16:08:25.433+0000] {dag.py:2585} INFO - Sync 1 DAGs
[2024-04-15T16:08:25.515+0000] {logging_mixin.py:120} INFO - [2024-04-15T16:08:25.515+0000] {dag.py:3340} INFO - Setting next_dagrun for example_sla_dag to 2024-04-15T16:06:00+00:00, run_after=2024-04-15T16:08:00+00:00
[2024-04-15T16:08:25.570+0000] {processor.py:176} INFO - Processing /home/airflow/.local/lib/python3.7/site-packages/airflow/example_dags/example_sla_dag.py took 0.320 seconds
[2024-04-15T16:08:55.764+0000] {processor.py:154} INFO - Started process (PID=22981) to work on /home/airflow/.local/lib/python3.7/site-packages/airflow/example_dags/example_sla_dag.py
[2024-04-15T16:08:55.769+0000] {processor.py:756} INFO - Processing file /home/airflow/.local/lib/python3.7/site-packages/airflow/example_dags/example_sla_dag.py for tasks to queue
[2024-04-15T16:08:55.770+0000] {logging_mixin.py:120} INFO - [2024-04-15T16:08:55.770+0000] {dagbag.py:537} INFO - Filling up the DagBag from /home/airflow/.local/lib/python3.7/site-packages/airflow/example_dags/example_sla_dag.py
[2024-04-15T16:08:55.825+0000] {processor.py:766} INFO - DAG(s) dict_keys(['example_sla_dag']) retrieved from /home/airflow/.local/lib/python3.7/site-packages/airflow/example_dags/example_sla_dag.py
[2024-04-15T16:08:55.926+0000] {logging_mixin.py:120} INFO - [2024-04-15T16:08:55.926+0000] {dag.py:2585} INFO - Sync 1 DAGs
[2024-04-15T16:08:55.973+0000] {logging_mixin.py:120} INFO - [2024-04-15T16:08:55.972+0000] {dag.py:3340} INFO - Setting next_dagrun for example_sla_dag to 2024-04-15T16:06:00+00:00, run_after=2024-04-15T16:08:00+00:00
[2024-04-15T16:08:56.007+0000] {processor.py:176} INFO - Processing /home/airflow/.local/lib/python3.7/site-packages/airflow/example_dags/example_sla_dag.py took 0.250 seconds
[2024-04-15T16:09:26.381+0000] {processor.py:154} INFO - Started process (PID=23058) to work on /home/airflow/.local/lib/python3.7/site-packages/airflow/example_dags/example_sla_dag.py
[2024-04-15T16:09:26.383+0000] {processor.py:756} INFO - Processing file /home/airflow/.local/lib/python3.7/site-packages/airflow/example_dags/example_sla_dag.py for tasks to queue
[2024-04-15T16:09:26.385+0000] {logging_mixin.py:120} INFO - [2024-04-15T16:09:26.385+0000] {dagbag.py:537} INFO - Filling up the DagBag from /home/airflow/.local/lib/python3.7/site-packages/airflow/example_dags/example_sla_dag.py
[2024-04-15T16:09:26.438+0000] {processor.py:766} INFO - DAG(s) dict_keys(['example_sla_dag']) retrieved from /home/airflow/.local/lib/python3.7/site-packages/airflow/example_dags/example_sla_dag.py
[2024-04-15T16:09:26.518+0000] {logging_mixin.py:120} INFO - [2024-04-15T16:09:26.518+0000] {dag.py:2585} INFO - Sync 1 DAGs
[2024-04-15T16:09:26.582+0000] {logging_mixin.py:120} INFO - [2024-04-15T16:09:26.582+0000] {dag.py:3340} INFO - Setting next_dagrun for example_sla_dag to 2024-04-15T16:06:00+00:00, run_after=2024-04-15T16:08:00+00:00
[2024-04-15T16:09:26.626+0000] {processor.py:176} INFO - Processing /home/airflow/.local/lib/python3.7/site-packages/airflow/example_dags/example_sla_dag.py took 0.251 seconds
[2024-04-15T16:09:56.929+0000] {processor.py:154} INFO - Started process (PID=23136) to work on /home/airflow/.local/lib/python3.7/site-packages/airflow/example_dags/example_sla_dag.py
[2024-04-15T16:09:56.931+0000] {processor.py:756} INFO - Processing file /home/airflow/.local/lib/python3.7/site-packages/airflow/example_dags/example_sla_dag.py for tasks to queue
[2024-04-15T16:09:56.933+0000] {logging_mixin.py:120} INFO - [2024-04-15T16:09:56.933+0000] {dagbag.py:537} INFO - Filling up the DagBag from /home/airflow/.local/lib/python3.7/site-packages/airflow/example_dags/example_sla_dag.py
[2024-04-15T16:09:56.968+0000] {processor.py:766} INFO - DAG(s) dict_keys(['example_sla_dag']) retrieved from /home/airflow/.local/lib/python3.7/site-packages/airflow/example_dags/example_sla_dag.py
[2024-04-15T16:09:57.034+0000] {logging_mixin.py:120} INFO - [2024-04-15T16:09:57.034+0000] {dag.py:2585} INFO - Sync 1 DAGs
[2024-04-15T16:09:57.082+0000] {logging_mixin.py:120} INFO - [2024-04-15T16:09:57.082+0000] {dag.py:3340} INFO - Setting next_dagrun for example_sla_dag to 2024-04-15T16:06:00+00:00, run_after=2024-04-15T16:08:00+00:00
[2024-04-15T16:09:57.115+0000] {processor.py:176} INFO - Processing /home/airflow/.local/lib/python3.7/site-packages/airflow/example_dags/example_sla_dag.py took 0.191 seconds
[2024-04-15T16:10:27.365+0000] {processor.py:154} INFO - Started process (PID=23205) to work on /home/airflow/.local/lib/python3.7/site-packages/airflow/example_dags/example_sla_dag.py
[2024-04-15T16:10:27.368+0000] {processor.py:756} INFO - Processing file /home/airflow/.local/lib/python3.7/site-packages/airflow/example_dags/example_sla_dag.py for tasks to queue
[2024-04-15T16:10:27.370+0000] {logging_mixin.py:120} INFO - [2024-04-15T16:10:27.370+0000] {dagbag.py:537} INFO - Filling up the DagBag from /home/airflow/.local/lib/python3.7/site-packages/airflow/example_dags/example_sla_dag.py
[2024-04-15T16:10:27.412+0000] {processor.py:766} INFO - DAG(s) dict_keys(['example_sla_dag']) retrieved from /home/airflow/.local/lib/python3.7/site-packages/airflow/example_dags/example_sla_dag.py
[2024-04-15T16:10:27.482+0000] {logging_mixin.py:120} INFO - [2024-04-15T16:10:27.482+0000] {dag.py:2585} INFO - Sync 1 DAGs
[2024-04-15T16:10:27.534+0000] {logging_mixin.py:120} INFO - [2024-04-15T16:10:27.534+0000] {dag.py:3340} INFO - Setting next_dagrun for example_sla_dag to 2024-04-15T16:08:00+00:00, run_after=2024-04-15T16:10:00+00:00
[2024-04-15T16:10:27.562+0000] {processor.py:176} INFO - Processing /home/airflow/.local/lib/python3.7/site-packages/airflow/example_dags/example_sla_dag.py took 0.203 seconds
[2024-04-15T16:10:57.919+0000] {processor.py:154} INFO - Started process (PID=23284) to work on /home/airflow/.local/lib/python3.7/site-packages/airflow/example_dags/example_sla_dag.py
[2024-04-15T16:10:57.922+0000] {processor.py:756} INFO - Processing file /home/airflow/.local/lib/python3.7/site-packages/airflow/example_dags/example_sla_dag.py for tasks to queue
[2024-04-15T16:10:57.923+0000] {logging_mixin.py:120} INFO - [2024-04-15T16:10:57.923+0000] {dagbag.py:537} INFO - Filling up the DagBag from /home/airflow/.local/lib/python3.7/site-packages/airflow/example_dags/example_sla_dag.py
[2024-04-15T16:10:57.964+0000] {processor.py:766} INFO - DAG(s) dict_keys(['example_sla_dag']) retrieved from /home/airflow/.local/lib/python3.7/site-packages/airflow/example_dags/example_sla_dag.py
[2024-04-15T16:10:58.033+0000] {logging_mixin.py:120} INFO - [2024-04-15T16:10:58.033+0000] {dag.py:2585} INFO - Sync 1 DAGs
[2024-04-15T16:10:58.075+0000] {logging_mixin.py:120} INFO - [2024-04-15T16:10:58.075+0000] {dag.py:3340} INFO - Setting next_dagrun for example_sla_dag to 2024-04-15T16:08:00+00:00, run_after=2024-04-15T16:10:00+00:00
[2024-04-15T16:10:58.109+0000] {processor.py:176} INFO - Processing /home/airflow/.local/lib/python3.7/site-packages/airflow/example_dags/example_sla_dag.py took 0.196 seconds
[2024-04-15T16:11:28.632+0000] {processor.py:154} INFO - Started process (PID=23353) to work on /home/airflow/.local/lib/python3.7/site-packages/airflow/example_dags/example_sla_dag.py
[2024-04-15T16:11:28.635+0000] {processor.py:756} INFO - Processing file /home/airflow/.local/lib/python3.7/site-packages/airflow/example_dags/example_sla_dag.py for tasks to queue
[2024-04-15T16:11:28.637+0000] {logging_mixin.py:120} INFO - [2024-04-15T16:11:28.636+0000] {dagbag.py:537} INFO - Filling up the DagBag from /home/airflow/.local/lib/python3.7/site-packages/airflow/example_dags/example_sla_dag.py
[2024-04-15T16:11:28.674+0000] {processor.py:766} INFO - DAG(s) dict_keys(['example_sla_dag']) retrieved from /home/airflow/.local/lib/python3.7/site-packages/airflow/example_dags/example_sla_dag.py
[2024-04-15T16:11:28.741+0000] {logging_mixin.py:120} INFO - [2024-04-15T16:11:28.741+0000] {dag.py:2585} INFO - Sync 1 DAGs
[2024-04-15T16:11:28.784+0000] {logging_mixin.py:120} INFO - [2024-04-15T16:11:28.784+0000] {dag.py:3340} INFO - Setting next_dagrun for example_sla_dag to 2024-04-15T16:08:00+00:00, run_after=2024-04-15T16:10:00+00:00
[2024-04-15T16:11:28.815+0000] {processor.py:176} INFO - Processing /home/airflow/.local/lib/python3.7/site-packages/airflow/example_dags/example_sla_dag.py took 0.189 seconds
[2024-04-15T16:11:59.134+0000] {processor.py:154} INFO - Started process (PID=23430) to work on /home/airflow/.local/lib/python3.7/site-packages/airflow/example_dags/example_sla_dag.py
[2024-04-15T16:11:59.136+0000] {processor.py:756} INFO - Processing file /home/airflow/.local/lib/python3.7/site-packages/airflow/example_dags/example_sla_dag.py for tasks to queue
[2024-04-15T16:11:59.138+0000] {logging_mixin.py:120} INFO - [2024-04-15T16:11:59.138+0000] {dagbag.py:537} INFO - Filling up the DagBag from /home/airflow/.local/lib/python3.7/site-packages/airflow/example_dags/example_sla_dag.py
[2024-04-15T16:11:59.209+0000] {processor.py:766} INFO - DAG(s) dict_keys(['example_sla_dag']) retrieved from /home/airflow/.local/lib/python3.7/site-packages/airflow/example_dags/example_sla_dag.py
[2024-04-15T16:11:59.372+0000] {logging_mixin.py:120} INFO - [2024-04-15T16:11:59.372+0000] {dag.py:2585} INFO - Sync 1 DAGs
[2024-04-15T16:11:59.418+0000] {logging_mixin.py:120} INFO - [2024-04-15T16:11:59.418+0000] {dag.py:3340} INFO - Setting next_dagrun for example_sla_dag to 2024-04-15T16:08:00+00:00, run_after=2024-04-15T16:10:00+00:00
[2024-04-15T16:11:59.449+0000] {processor.py:176} INFO - Processing /home/airflow/.local/lib/python3.7/site-packages/airflow/example_dags/example_sla_dag.py took 0.325 seconds
[2024-04-15T16:12:29.640+0000] {processor.py:154} INFO - Started process (PID=23509) to work on /home/airflow/.local/lib/python3.7/site-packages/airflow/example_dags/example_sla_dag.py
[2024-04-15T16:12:29.642+0000] {processor.py:756} INFO - Processing file /home/airflow/.local/lib/python3.7/site-packages/airflow/example_dags/example_sla_dag.py for tasks to queue
[2024-04-15T16:12:29.644+0000] {logging_mixin.py:120} INFO - [2024-04-15T16:12:29.644+0000] {dagbag.py:537} INFO - Filling up the DagBag from /home/airflow/.local/lib/python3.7/site-packages/airflow/example_dags/example_sla_dag.py
[2024-04-15T16:12:29.686+0000] {processor.py:766} INFO - DAG(s) dict_keys(['example_sla_dag']) retrieved from /home/airflow/.local/lib/python3.7/site-packages/airflow/example_dags/example_sla_dag.py
[2024-04-15T16:12:29.779+0000] {logging_mixin.py:120} INFO - [2024-04-15T16:12:29.779+0000] {dag.py:2585} INFO - Sync 1 DAGs
[2024-04-15T16:12:29.833+0000] {logging_mixin.py:120} INFO - [2024-04-15T16:12:29.833+0000] {dag.py:3340} INFO - Setting next_dagrun for example_sla_dag to 2024-04-15T16:10:00+00:00, run_after=2024-04-15T16:12:00+00:00
[2024-04-15T16:12:29.867+0000] {processor.py:176} INFO - Processing /home/airflow/.local/lib/python3.7/site-packages/airflow/example_dags/example_sla_dag.py took 0.233 seconds
[2024-04-15T16:13:00.172+0000] {processor.py:154} INFO - Started process (PID=23577) to work on /home/airflow/.local/lib/python3.7/site-packages/airflow/example_dags/example_sla_dag.py
[2024-04-15T16:13:00.174+0000] {processor.py:756} INFO - Processing file /home/airflow/.local/lib/python3.7/site-packages/airflow/example_dags/example_sla_dag.py for tasks to queue
[2024-04-15T16:13:00.176+0000] {logging_mixin.py:120} INFO - [2024-04-15T16:13:00.175+0000] {dagbag.py:537} INFO - Filling up the DagBag from /home/airflow/.local/lib/python3.7/site-packages/airflow/example_dags/example_sla_dag.py
[2024-04-15T16:13:00.217+0000] {processor.py:766} INFO - DAG(s) dict_keys(['example_sla_dag']) retrieved from /home/airflow/.local/lib/python3.7/site-packages/airflow/example_dags/example_sla_dag.py
[2024-04-15T16:13:00.285+0000] {logging_mixin.py:120} INFO - [2024-04-15T16:13:00.285+0000] {dag.py:2585} INFO - Sync 1 DAGs
[2024-04-15T16:13:00.335+0000] {logging_mixin.py:120} INFO - [2024-04-15T16:13:00.335+0000] {dag.py:3340} INFO - Setting next_dagrun for example_sla_dag to 2024-04-15T16:10:00+00:00, run_after=2024-04-15T16:12:00+00:00
[2024-04-15T16:13:00.363+0000] {processor.py:176} INFO - Processing /home/airflow/.local/lib/python3.7/site-packages/airflow/example_dags/example_sla_dag.py took 0.197 seconds
[2024-04-15T16:13:33.761+0000] {processor.py:154} INFO - Started process (PID=23655) to work on /home/airflow/.local/lib/python3.7/site-packages/airflow/example_dags/example_sla_dag.py
[2024-04-15T16:13:33.779+0000] {processor.py:756} INFO - Processing file /home/airflow/.local/lib/python3.7/site-packages/airflow/example_dags/example_sla_dag.py for tasks to queue
[2024-04-15T16:13:33.784+0000] {logging_mixin.py:120} INFO - [2024-04-15T16:13:33.783+0000] {dagbag.py:537} INFO - Filling up the DagBag from /home/airflow/.local/lib/python3.7/site-packages/airflow/example_dags/example_sla_dag.py
[2024-04-15T16:13:34.062+0000] {processor.py:766} INFO - DAG(s) dict_keys(['example_sla_dag']) retrieved from /home/airflow/.local/lib/python3.7/site-packages/airflow/example_dags/example_sla_dag.py
[2024-04-15T16:13:34.413+0000] {logging_mixin.py:120} INFO - [2024-04-15T16:13:34.413+0000] {dag.py:2585} INFO - Sync 1 DAGs
[2024-04-15T16:13:34.614+0000] {logging_mixin.py:120} INFO - [2024-04-15T16:13:34.614+0000] {dag.py:3340} INFO - Setting next_dagrun for example_sla_dag to 2024-04-15T16:10:00+00:00, run_after=2024-04-15T16:12:00+00:00
[2024-04-15T16:13:34.665+0000] {processor.py:176} INFO - Processing /home/airflow/.local/lib/python3.7/site-packages/airflow/example_dags/example_sla_dag.py took 0.960 seconds
[2024-04-15T16:20:25.965+0000] {processor.py:154} INFO - Started process (PID=23714) to work on /home/airflow/.local/lib/python3.7/site-packages/airflow/example_dags/example_sla_dag.py
[2024-04-15T16:20:25.970+0000] {processor.py:756} INFO - Processing file /home/airflow/.local/lib/python3.7/site-packages/airflow/example_dags/example_sla_dag.py for tasks to queue
[2024-04-15T16:20:25.973+0000] {logging_mixin.py:120} INFO - [2024-04-15T16:20:25.972+0000] {dagbag.py:537} INFO - Filling up the DagBag from /home/airflow/.local/lib/python3.7/site-packages/airflow/example_dags/example_sla_dag.py
[2024-04-15T16:20:26.052+0000] {processor.py:766} INFO - DAG(s) dict_keys(['example_sla_dag']) retrieved from /home/airflow/.local/lib/python3.7/site-packages/airflow/example_dags/example_sla_dag.py
[2024-04-15T16:20:26.175+0000] {logging_mixin.py:120} INFO - [2024-04-15T16:20:26.175+0000] {dag.py:2585} INFO - Sync 1 DAGs
[2024-04-15T16:20:26.248+0000] {logging_mixin.py:120} INFO - [2024-04-15T16:20:26.248+0000] {dag.py:3340} INFO - Setting next_dagrun for example_sla_dag to 2024-04-15T16:18:00+00:00, run_after=2024-04-15T16:20:00+00:00
[2024-04-15T16:20:26.299+0000] {processor.py:176} INFO - Processing /home/airflow/.local/lib/python3.7/site-packages/airflow/example_dags/example_sla_dag.py took 0.345 seconds
