[2024-04-15T15:40:17.869+0000] {processor.py:154} INFO - Started process (PID=18848) to work on /home/airflow/.local/lib/python3.7/site-packages/airflow/example_dags/example_branch_python_dop_operator_3.py
[2024-04-15T15:40:17.891+0000] {processor.py:756} INFO - Processing file /home/airflow/.local/lib/python3.7/site-packages/airflow/example_dags/example_branch_python_dop_operator_3.py for tasks to queue
[2024-04-15T15:40:17.901+0000] {logging_mixin.py:120} INFO - [2024-04-15T15:40:17.901+0000] {dagbag.py:537} INFO - Filling up the DagBag from /home/airflow/.local/lib/python3.7/site-packages/airflow/example_dags/example_branch_python_dop_operator_3.py
[2024-04-15T15:40:18.392+0000] {processor.py:766} INFO - DAG(s) dict_keys(['example_branch_dop_operator_v3']) retrieved from /home/airflow/.local/lib/python3.7/site-packages/airflow/example_dags/example_branch_python_dop_operator_3.py
[2024-04-15T15:40:18.716+0000] {logging_mixin.py:120} INFO - [2024-04-15T15:40:18.716+0000] {dag.py:2585} INFO - Sync 1 DAGs
[2024-04-15T15:40:18.893+0000] {logging_mixin.py:120} INFO - [2024-04-15T15:40:18.891+0000] {dag.py:3340} INFO - Setting next_dagrun for example_branch_dop_operator_v3 to 2024-04-15T15:39:00+00:00, run_after=2024-04-15T15:40:00+00:00
[2024-04-15T15:40:19.062+0000] {processor.py:176} INFO - Processing /home/airflow/.local/lib/python3.7/site-packages/airflow/example_dags/example_branch_python_dop_operator_3.py took 1.239 seconds
[2024-04-15T15:40:50.515+0000] {processor.py:154} INFO - Started process (PID=18917) to work on /home/airflow/.local/lib/python3.7/site-packages/airflow/example_dags/example_branch_python_dop_operator_3.py
[2024-04-15T15:40:50.518+0000] {processor.py:756} INFO - Processing file /home/airflow/.local/lib/python3.7/site-packages/airflow/example_dags/example_branch_python_dop_operator_3.py for tasks to queue
[2024-04-15T15:40:50.520+0000] {logging_mixin.py:120} INFO - [2024-04-15T15:40:50.519+0000] {dagbag.py:537} INFO - Filling up the DagBag from /home/airflow/.local/lib/python3.7/site-packages/airflow/example_dags/example_branch_python_dop_operator_3.py
[2024-04-15T15:40:50.567+0000] {processor.py:766} INFO - DAG(s) dict_keys(['example_branch_dop_operator_v3']) retrieved from /home/airflow/.local/lib/python3.7/site-packages/airflow/example_dags/example_branch_python_dop_operator_3.py
[2024-04-15T15:40:50.678+0000] {logging_mixin.py:120} INFO - [2024-04-15T15:40:50.678+0000] {dag.py:2585} INFO - Sync 1 DAGs
[2024-04-15T15:40:50.741+0000] {logging_mixin.py:120} INFO - [2024-04-15T15:40:50.741+0000] {dag.py:3340} INFO - Setting next_dagrun for example_branch_dop_operator_v3 to 2024-04-15T15:39:00+00:00, run_after=2024-04-15T15:40:00+00:00
[2024-04-15T15:40:50.781+0000] {processor.py:176} INFO - Processing /home/airflow/.local/lib/python3.7/site-packages/airflow/example_dags/example_branch_python_dop_operator_3.py took 0.273 seconds
[2024-04-15T15:41:21.120+0000] {processor.py:154} INFO - Started process (PID=18985) to work on /home/airflow/.local/lib/python3.7/site-packages/airflow/example_dags/example_branch_python_dop_operator_3.py
[2024-04-15T15:41:21.123+0000] {processor.py:756} INFO - Processing file /home/airflow/.local/lib/python3.7/site-packages/airflow/example_dags/example_branch_python_dop_operator_3.py for tasks to queue
[2024-04-15T15:41:21.125+0000] {logging_mixin.py:120} INFO - [2024-04-15T15:41:21.125+0000] {dagbag.py:537} INFO - Filling up the DagBag from /home/airflow/.local/lib/python3.7/site-packages/airflow/example_dags/example_branch_python_dop_operator_3.py
[2024-04-15T15:41:21.181+0000] {processor.py:766} INFO - DAG(s) dict_keys(['example_branch_dop_operator_v3']) retrieved from /home/airflow/.local/lib/python3.7/site-packages/airflow/example_dags/example_branch_python_dop_operator_3.py
[2024-04-15T15:41:21.299+0000] {logging_mixin.py:120} INFO - [2024-04-15T15:41:21.298+0000] {dag.py:2585} INFO - Sync 1 DAGs
[2024-04-15T15:41:21.371+0000] {logging_mixin.py:120} INFO - [2024-04-15T15:41:21.371+0000] {dag.py:3340} INFO - Setting next_dagrun for example_branch_dop_operator_v3 to 2024-04-15T15:40:00+00:00, run_after=2024-04-15T15:41:00+00:00
[2024-04-15T15:41:21.439+0000] {processor.py:176} INFO - Processing /home/airflow/.local/lib/python3.7/site-packages/airflow/example_dags/example_branch_python_dop_operator_3.py took 0.328 seconds
[2024-04-15T15:41:51.595+0000] {processor.py:154} INFO - Started process (PID=19062) to work on /home/airflow/.local/lib/python3.7/site-packages/airflow/example_dags/example_branch_python_dop_operator_3.py
[2024-04-15T15:41:51.599+0000] {processor.py:756} INFO - Processing file /home/airflow/.local/lib/python3.7/site-packages/airflow/example_dags/example_branch_python_dop_operator_3.py for tasks to queue
[2024-04-15T15:41:51.602+0000] {logging_mixin.py:120} INFO - [2024-04-15T15:41:51.602+0000] {dagbag.py:537} INFO - Filling up the DagBag from /home/airflow/.local/lib/python3.7/site-packages/airflow/example_dags/example_branch_python_dop_operator_3.py
[2024-04-15T15:41:51.674+0000] {processor.py:766} INFO - DAG(s) dict_keys(['example_branch_dop_operator_v3']) retrieved from /home/airflow/.local/lib/python3.7/site-packages/airflow/example_dags/example_branch_python_dop_operator_3.py
[2024-04-15T15:41:51.746+0000] {logging_mixin.py:120} INFO - [2024-04-15T15:41:51.746+0000] {dag.py:2585} INFO - Sync 1 DAGs
[2024-04-15T15:41:51.810+0000] {logging_mixin.py:120} INFO - [2024-04-15T15:41:51.810+0000] {dag.py:3340} INFO - Setting next_dagrun for example_branch_dop_operator_v3 to 2024-04-15T15:40:00+00:00, run_after=2024-04-15T15:41:00+00:00
[2024-04-15T15:41:51.850+0000] {processor.py:176} INFO - Processing /home/airflow/.local/lib/python3.7/site-packages/airflow/example_dags/example_branch_python_dop_operator_3.py took 0.265 seconds
[2024-04-15T15:42:21.924+0000] {processor.py:154} INFO - Started process (PID=19131) to work on /home/airflow/.local/lib/python3.7/site-packages/airflow/example_dags/example_branch_python_dop_operator_3.py
[2024-04-15T15:42:21.927+0000] {processor.py:756} INFO - Processing file /home/airflow/.local/lib/python3.7/site-packages/airflow/example_dags/example_branch_python_dop_operator_3.py for tasks to queue
[2024-04-15T15:42:21.929+0000] {logging_mixin.py:120} INFO - [2024-04-15T15:42:21.929+0000] {dagbag.py:537} INFO - Filling up the DagBag from /home/airflow/.local/lib/python3.7/site-packages/airflow/example_dags/example_branch_python_dop_operator_3.py
[2024-04-15T15:42:21.968+0000] {processor.py:766} INFO - DAG(s) dict_keys(['example_branch_dop_operator_v3']) retrieved from /home/airflow/.local/lib/python3.7/site-packages/airflow/example_dags/example_branch_python_dop_operator_3.py
[2024-04-15T15:42:22.049+0000] {logging_mixin.py:120} INFO - [2024-04-15T15:42:22.049+0000] {dag.py:2585} INFO - Sync 1 DAGs
[2024-04-15T15:42:22.105+0000] {logging_mixin.py:120} INFO - [2024-04-15T15:42:22.105+0000] {dag.py:3340} INFO - Setting next_dagrun for example_branch_dop_operator_v3 to 2024-04-15T15:41:00+00:00, run_after=2024-04-15T15:42:00+00:00
[2024-04-15T15:42:22.136+0000] {processor.py:176} INFO - Processing /home/airflow/.local/lib/python3.7/site-packages/airflow/example_dags/example_branch_python_dop_operator_3.py took 0.221 seconds
[2024-04-15T15:42:52.678+0000] {processor.py:154} INFO - Started process (PID=19210) to work on /home/airflow/.local/lib/python3.7/site-packages/airflow/example_dags/example_branch_python_dop_operator_3.py
[2024-04-15T15:42:52.682+0000] {processor.py:756} INFO - Processing file /home/airflow/.local/lib/python3.7/site-packages/airflow/example_dags/example_branch_python_dop_operator_3.py for tasks to queue
[2024-04-15T15:42:52.685+0000] {logging_mixin.py:120} INFO - [2024-04-15T15:42:52.684+0000] {dagbag.py:537} INFO - Filling up the DagBag from /home/airflow/.local/lib/python3.7/site-packages/airflow/example_dags/example_branch_python_dop_operator_3.py
[2024-04-15T15:42:52.738+0000] {processor.py:766} INFO - DAG(s) dict_keys(['example_branch_dop_operator_v3']) retrieved from /home/airflow/.local/lib/python3.7/site-packages/airflow/example_dags/example_branch_python_dop_operator_3.py
[2024-04-15T15:42:52.823+0000] {logging_mixin.py:120} INFO - [2024-04-15T15:42:52.823+0000] {dag.py:2585} INFO - Sync 1 DAGs
[2024-04-15T15:42:52.879+0000] {logging_mixin.py:120} INFO - [2024-04-15T15:42:52.879+0000] {dag.py:3340} INFO - Setting next_dagrun for example_branch_dop_operator_v3 to 2024-04-15T15:41:00+00:00, run_after=2024-04-15T15:42:00+00:00
[2024-04-15T15:42:52.933+0000] {processor.py:176} INFO - Processing /home/airflow/.local/lib/python3.7/site-packages/airflow/example_dags/example_branch_python_dop_operator_3.py took 0.262 seconds
[2024-04-15T15:43:23.626+0000] {processor.py:154} INFO - Started process (PID=19279) to work on /home/airflow/.local/lib/python3.7/site-packages/airflow/example_dags/example_branch_python_dop_operator_3.py
[2024-04-15T15:43:23.628+0000] {processor.py:756} INFO - Processing file /home/airflow/.local/lib/python3.7/site-packages/airflow/example_dags/example_branch_python_dop_operator_3.py for tasks to queue
[2024-04-15T15:43:23.630+0000] {logging_mixin.py:120} INFO - [2024-04-15T15:43:23.630+0000] {dagbag.py:537} INFO - Filling up the DagBag from /home/airflow/.local/lib/python3.7/site-packages/airflow/example_dags/example_branch_python_dop_operator_3.py
[2024-04-15T15:43:23.682+0000] {processor.py:766} INFO - DAG(s) dict_keys(['example_branch_dop_operator_v3']) retrieved from /home/airflow/.local/lib/python3.7/site-packages/airflow/example_dags/example_branch_python_dop_operator_3.py
[2024-04-15T15:43:23.777+0000] {logging_mixin.py:120} INFO - [2024-04-15T15:43:23.777+0000] {dag.py:2585} INFO - Sync 1 DAGs
[2024-04-15T15:43:23.836+0000] {logging_mixin.py:120} INFO - [2024-04-15T15:43:23.836+0000] {dag.py:3340} INFO - Setting next_dagrun for example_branch_dop_operator_v3 to 2024-04-15T15:42:00+00:00, run_after=2024-04-15T15:43:00+00:00
[2024-04-15T15:43:23.877+0000] {processor.py:176} INFO - Processing /home/airflow/.local/lib/python3.7/site-packages/airflow/example_dags/example_branch_python_dop_operator_3.py took 0.260 seconds
[2024-04-15T15:43:54.337+0000] {processor.py:154} INFO - Started process (PID=19357) to work on /home/airflow/.local/lib/python3.7/site-packages/airflow/example_dags/example_branch_python_dop_operator_3.py
[2024-04-15T15:43:54.341+0000] {processor.py:756} INFO - Processing file /home/airflow/.local/lib/python3.7/site-packages/airflow/example_dags/example_branch_python_dop_operator_3.py for tasks to queue
[2024-04-15T15:43:54.344+0000] {logging_mixin.py:120} INFO - [2024-04-15T15:43:54.344+0000] {dagbag.py:537} INFO - Filling up the DagBag from /home/airflow/.local/lib/python3.7/site-packages/airflow/example_dags/example_branch_python_dop_operator_3.py
[2024-04-15T15:43:54.397+0000] {processor.py:766} INFO - DAG(s) dict_keys(['example_branch_dop_operator_v3']) retrieved from /home/airflow/.local/lib/python3.7/site-packages/airflow/example_dags/example_branch_python_dop_operator_3.py
[2024-04-15T15:43:54.466+0000] {logging_mixin.py:120} INFO - [2024-04-15T15:43:54.465+0000] {dag.py:2585} INFO - Sync 1 DAGs
[2024-04-15T15:43:54.514+0000] {logging_mixin.py:120} INFO - [2024-04-15T15:43:54.513+0000] {dag.py:3340} INFO - Setting next_dagrun for example_branch_dop_operator_v3 to 2024-04-15T15:42:00+00:00, run_after=2024-04-15T15:43:00+00:00
[2024-04-15T15:43:54.559+0000] {processor.py:176} INFO - Processing /home/airflow/.local/lib/python3.7/site-packages/airflow/example_dags/example_branch_python_dop_operator_3.py took 0.234 seconds
[2024-04-15T15:44:24.825+0000] {processor.py:154} INFO - Started process (PID=19427) to work on /home/airflow/.local/lib/python3.7/site-packages/airflow/example_dags/example_branch_python_dop_operator_3.py
[2024-04-15T15:44:24.828+0000] {processor.py:756} INFO - Processing file /home/airflow/.local/lib/python3.7/site-packages/airflow/example_dags/example_branch_python_dop_operator_3.py for tasks to queue
[2024-04-15T15:44:24.831+0000] {logging_mixin.py:120} INFO - [2024-04-15T15:44:24.831+0000] {dagbag.py:537} INFO - Filling up the DagBag from /home/airflow/.local/lib/python3.7/site-packages/airflow/example_dags/example_branch_python_dop_operator_3.py
[2024-04-15T15:44:24.887+0000] {processor.py:766} INFO - DAG(s) dict_keys(['example_branch_dop_operator_v3']) retrieved from /home/airflow/.local/lib/python3.7/site-packages/airflow/example_dags/example_branch_python_dop_operator_3.py
[2024-04-15T15:44:24.984+0000] {logging_mixin.py:120} INFO - [2024-04-15T15:44:24.983+0000] {dag.py:2585} INFO - Sync 1 DAGs
[2024-04-15T15:44:25.027+0000] {logging_mixin.py:120} INFO - [2024-04-15T15:44:25.027+0000] {dag.py:3340} INFO - Setting next_dagrun for example_branch_dop_operator_v3 to 2024-04-15T15:43:00+00:00, run_after=2024-04-15T15:44:00+00:00
[2024-04-15T15:44:25.062+0000] {processor.py:176} INFO - Processing /home/airflow/.local/lib/python3.7/site-packages/airflow/example_dags/example_branch_python_dop_operator_3.py took 0.245 seconds
[2024-04-15T15:44:55.976+0000] {processor.py:154} INFO - Started process (PID=19505) to work on /home/airflow/.local/lib/python3.7/site-packages/airflow/example_dags/example_branch_python_dop_operator_3.py
[2024-04-15T15:44:55.982+0000] {processor.py:756} INFO - Processing file /home/airflow/.local/lib/python3.7/site-packages/airflow/example_dags/example_branch_python_dop_operator_3.py for tasks to queue
[2024-04-15T15:44:55.990+0000] {logging_mixin.py:120} INFO - [2024-04-15T15:44:55.989+0000] {dagbag.py:537} INFO - Filling up the DagBag from /home/airflow/.local/lib/python3.7/site-packages/airflow/example_dags/example_branch_python_dop_operator_3.py
[2024-04-15T15:44:56.081+0000] {processor.py:766} INFO - DAG(s) dict_keys(['example_branch_dop_operator_v3']) retrieved from /home/airflow/.local/lib/python3.7/site-packages/airflow/example_dags/example_branch_python_dop_operator_3.py
[2024-04-15T15:44:56.236+0000] {logging_mixin.py:120} INFO - [2024-04-15T15:44:56.235+0000] {dag.py:2585} INFO - Sync 1 DAGs
[2024-04-15T15:44:56.314+0000] {logging_mixin.py:120} INFO - [2024-04-15T15:44:56.314+0000] {dag.py:3340} INFO - Setting next_dagrun for example_branch_dop_operator_v3 to 2024-04-15T15:43:00+00:00, run_after=2024-04-15T15:44:00+00:00
[2024-04-15T15:44:56.352+0000] {processor.py:176} INFO - Processing /home/airflow/.local/lib/python3.7/site-packages/airflow/example_dags/example_branch_python_dop_operator_3.py took 0.387 seconds
[2024-04-15T15:45:27.258+0000] {processor.py:154} INFO - Started process (PID=19581) to work on /home/airflow/.local/lib/python3.7/site-packages/airflow/example_dags/example_branch_python_dop_operator_3.py
[2024-04-15T15:45:27.261+0000] {processor.py:756} INFO - Processing file /home/airflow/.local/lib/python3.7/site-packages/airflow/example_dags/example_branch_python_dop_operator_3.py for tasks to queue
[2024-04-15T15:45:27.264+0000] {logging_mixin.py:120} INFO - [2024-04-15T15:45:27.264+0000] {dagbag.py:537} INFO - Filling up the DagBag from /home/airflow/.local/lib/python3.7/site-packages/airflow/example_dags/example_branch_python_dop_operator_3.py
[2024-04-15T15:45:27.426+0000] {processor.py:766} INFO - DAG(s) dict_keys(['example_branch_dop_operator_v3']) retrieved from /home/airflow/.local/lib/python3.7/site-packages/airflow/example_dags/example_branch_python_dop_operator_3.py
[2024-04-15T15:45:27.513+0000] {logging_mixin.py:120} INFO - [2024-04-15T15:45:27.513+0000] {dag.py:2585} INFO - Sync 1 DAGs
[2024-04-15T15:45:27.565+0000] {logging_mixin.py:120} INFO - [2024-04-15T15:45:27.565+0000] {dag.py:3340} INFO - Setting next_dagrun for example_branch_dop_operator_v3 to 2024-04-15T15:44:00+00:00, run_after=2024-04-15T15:45:00+00:00
[2024-04-15T15:45:27.598+0000] {processor.py:176} INFO - Processing /home/airflow/.local/lib/python3.7/site-packages/airflow/example_dags/example_branch_python_dop_operator_3.py took 0.402 seconds
[2024-04-15T15:45:57.749+0000] {processor.py:154} INFO - Started process (PID=19652) to work on /home/airflow/.local/lib/python3.7/site-packages/airflow/example_dags/example_branch_python_dop_operator_3.py
[2024-04-15T15:45:57.751+0000] {processor.py:756} INFO - Processing file /home/airflow/.local/lib/python3.7/site-packages/airflow/example_dags/example_branch_python_dop_operator_3.py for tasks to queue
[2024-04-15T15:45:57.756+0000] {logging_mixin.py:120} INFO - [2024-04-15T15:45:57.754+0000] {dagbag.py:537} INFO - Filling up the DagBag from /home/airflow/.local/lib/python3.7/site-packages/airflow/example_dags/example_branch_python_dop_operator_3.py
[2024-04-15T15:45:57.796+0000] {processor.py:766} INFO - DAG(s) dict_keys(['example_branch_dop_operator_v3']) retrieved from /home/airflow/.local/lib/python3.7/site-packages/airflow/example_dags/example_branch_python_dop_operator_3.py
[2024-04-15T15:45:57.872+0000] {logging_mixin.py:120} INFO - [2024-04-15T15:45:57.872+0000] {dag.py:2585} INFO - Sync 1 DAGs
[2024-04-15T15:45:57.921+0000] {logging_mixin.py:120} INFO - [2024-04-15T15:45:57.920+0000] {dag.py:3340} INFO - Setting next_dagrun for example_branch_dop_operator_v3 to 2024-04-15T15:44:00+00:00, run_after=2024-04-15T15:45:00+00:00
[2024-04-15T15:45:57.952+0000] {processor.py:176} INFO - Processing /home/airflow/.local/lib/python3.7/site-packages/airflow/example_dags/example_branch_python_dop_operator_3.py took 0.212 seconds
[2024-04-15T15:46:28.399+0000] {processor.py:154} INFO - Started process (PID=19730) to work on /home/airflow/.local/lib/python3.7/site-packages/airflow/example_dags/example_branch_python_dop_operator_3.py
[2024-04-15T15:46:28.402+0000] {processor.py:756} INFO - Processing file /home/airflow/.local/lib/python3.7/site-packages/airflow/example_dags/example_branch_python_dop_operator_3.py for tasks to queue
[2024-04-15T15:46:28.404+0000] {logging_mixin.py:120} INFO - [2024-04-15T15:46:28.404+0000] {dagbag.py:537} INFO - Filling up the DagBag from /home/airflow/.local/lib/python3.7/site-packages/airflow/example_dags/example_branch_python_dop_operator_3.py
[2024-04-15T15:46:28.451+0000] {processor.py:766} INFO - DAG(s) dict_keys(['example_branch_dop_operator_v3']) retrieved from /home/airflow/.local/lib/python3.7/site-packages/airflow/example_dags/example_branch_python_dop_operator_3.py
[2024-04-15T15:46:28.516+0000] {logging_mixin.py:120} INFO - [2024-04-15T15:46:28.516+0000] {dag.py:2585} INFO - Sync 1 DAGs
[2024-04-15T15:46:28.573+0000] {logging_mixin.py:120} INFO - [2024-04-15T15:46:28.572+0000] {dag.py:3340} INFO - Setting next_dagrun for example_branch_dop_operator_v3 to 2024-04-15T15:45:00+00:00, run_after=2024-04-15T15:46:00+00:00
[2024-04-15T15:46:28.603+0000] {processor.py:176} INFO - Processing /home/airflow/.local/lib/python3.7/site-packages/airflow/example_dags/example_branch_python_dop_operator_3.py took 0.211 seconds
[2024-04-15T15:46:59.316+0000] {processor.py:154} INFO - Started process (PID=19799) to work on /home/airflow/.local/lib/python3.7/site-packages/airflow/example_dags/example_branch_python_dop_operator_3.py
[2024-04-15T15:46:59.320+0000] {processor.py:756} INFO - Processing file /home/airflow/.local/lib/python3.7/site-packages/airflow/example_dags/example_branch_python_dop_operator_3.py for tasks to queue
[2024-04-15T15:46:59.325+0000] {logging_mixin.py:120} INFO - [2024-04-15T15:46:59.324+0000] {dagbag.py:537} INFO - Filling up the DagBag from /home/airflow/.local/lib/python3.7/site-packages/airflow/example_dags/example_branch_python_dop_operator_3.py
[2024-04-15T15:46:59.390+0000] {processor.py:766} INFO - DAG(s) dict_keys(['example_branch_dop_operator_v3']) retrieved from /home/airflow/.local/lib/python3.7/site-packages/airflow/example_dags/example_branch_python_dop_operator_3.py
[2024-04-15T15:46:59.475+0000] {logging_mixin.py:120} INFO - [2024-04-15T15:46:59.475+0000] {dag.py:2585} INFO - Sync 1 DAGs
[2024-04-15T15:46:59.520+0000] {logging_mixin.py:120} INFO - [2024-04-15T15:46:59.520+0000] {dag.py:3340} INFO - Setting next_dagrun for example_branch_dop_operator_v3 to 2024-04-15T15:45:00+00:00, run_after=2024-04-15T15:46:00+00:00
[2024-04-15T15:46:59.550+0000] {processor.py:176} INFO - Processing /home/airflow/.local/lib/python3.7/site-packages/airflow/example_dags/example_branch_python_dop_operator_3.py took 0.243 seconds
[2024-04-15T15:47:29.817+0000] {processor.py:154} INFO - Started process (PID=19879) to work on /home/airflow/.local/lib/python3.7/site-packages/airflow/example_dags/example_branch_python_dop_operator_3.py
[2024-04-15T15:47:29.820+0000] {processor.py:756} INFO - Processing file /home/airflow/.local/lib/python3.7/site-packages/airflow/example_dags/example_branch_python_dop_operator_3.py for tasks to queue
[2024-04-15T15:47:29.822+0000] {logging_mixin.py:120} INFO - [2024-04-15T15:47:29.822+0000] {dagbag.py:537} INFO - Filling up the DagBag from /home/airflow/.local/lib/python3.7/site-packages/airflow/example_dags/example_branch_python_dop_operator_3.py
[2024-04-15T15:47:29.862+0000] {processor.py:766} INFO - DAG(s) dict_keys(['example_branch_dop_operator_v3']) retrieved from /home/airflow/.local/lib/python3.7/site-packages/airflow/example_dags/example_branch_python_dop_operator_3.py
[2024-04-15T15:47:29.947+0000] {logging_mixin.py:120} INFO - [2024-04-15T15:47:29.947+0000] {dag.py:2585} INFO - Sync 1 DAGs
[2024-04-15T15:47:30.001+0000] {logging_mixin.py:120} INFO - [2024-04-15T15:47:30.001+0000] {dag.py:3340} INFO - Setting next_dagrun for example_branch_dop_operator_v3 to 2024-04-15T15:46:00+00:00, run_after=2024-04-15T15:47:00+00:00
[2024-04-15T15:47:30.031+0000] {processor.py:176} INFO - Processing /home/airflow/.local/lib/python3.7/site-packages/airflow/example_dags/example_branch_python_dop_operator_3.py took 0.223 seconds
[2024-04-15T15:48:00.110+0000] {processor.py:154} INFO - Started process (PID=19948) to work on /home/airflow/.local/lib/python3.7/site-packages/airflow/example_dags/example_branch_python_dop_operator_3.py
[2024-04-15T15:48:00.115+0000] {processor.py:756} INFO - Processing file /home/airflow/.local/lib/python3.7/site-packages/airflow/example_dags/example_branch_python_dop_operator_3.py for tasks to queue
[2024-04-15T15:48:00.119+0000] {logging_mixin.py:120} INFO - [2024-04-15T15:48:00.119+0000] {dagbag.py:537} INFO - Filling up the DagBag from /home/airflow/.local/lib/python3.7/site-packages/airflow/example_dags/example_branch_python_dop_operator_3.py
[2024-04-15T15:48:00.167+0000] {processor.py:766} INFO - DAG(s) dict_keys(['example_branch_dop_operator_v3']) retrieved from /home/airflow/.local/lib/python3.7/site-packages/airflow/example_dags/example_branch_python_dop_operator_3.py
[2024-04-15T15:48:00.237+0000] {logging_mixin.py:120} INFO - [2024-04-15T15:48:00.237+0000] {dag.py:2585} INFO - Sync 1 DAGs
[2024-04-15T15:48:00.293+0000] {logging_mixin.py:120} INFO - [2024-04-15T15:48:00.292+0000] {dag.py:3340} INFO - Setting next_dagrun for example_branch_dop_operator_v3 to 2024-04-15T15:47:00+00:00, run_after=2024-04-15T15:48:00+00:00
[2024-04-15T15:48:00.326+0000] {processor.py:176} INFO - Processing /home/airflow/.local/lib/python3.7/site-packages/airflow/example_dags/example_branch_python_dop_operator_3.py took 0.225 seconds
[2024-04-15T15:48:31.132+0000] {processor.py:154} INFO - Started process (PID=20027) to work on /home/airflow/.local/lib/python3.7/site-packages/airflow/example_dags/example_branch_python_dop_operator_3.py
[2024-04-15T15:48:31.135+0000] {processor.py:756} INFO - Processing file /home/airflow/.local/lib/python3.7/site-packages/airflow/example_dags/example_branch_python_dop_operator_3.py for tasks to queue
[2024-04-15T15:48:31.139+0000] {logging_mixin.py:120} INFO - [2024-04-15T15:48:31.139+0000] {dagbag.py:537} INFO - Filling up the DagBag from /home/airflow/.local/lib/python3.7/site-packages/airflow/example_dags/example_branch_python_dop_operator_3.py
[2024-04-15T15:48:31.189+0000] {processor.py:766} INFO - DAG(s) dict_keys(['example_branch_dop_operator_v3']) retrieved from /home/airflow/.local/lib/python3.7/site-packages/airflow/example_dags/example_branch_python_dop_operator_3.py
[2024-04-15T15:48:31.270+0000] {logging_mixin.py:120} INFO - [2024-04-15T15:48:31.270+0000] {dag.py:2585} INFO - Sync 1 DAGs
[2024-04-15T15:48:31.338+0000] {logging_mixin.py:120} INFO - [2024-04-15T15:48:31.337+0000] {dag.py:3340} INFO - Setting next_dagrun for example_branch_dop_operator_v3 to 2024-04-15T15:47:00+00:00, run_after=2024-04-15T15:48:00+00:00
[2024-04-15T15:48:31.388+0000] {processor.py:176} INFO - Processing /home/airflow/.local/lib/python3.7/site-packages/airflow/example_dags/example_branch_python_dop_operator_3.py took 0.267 seconds
[2024-04-15T15:49:01.739+0000] {processor.py:154} INFO - Started process (PID=20105) to work on /home/airflow/.local/lib/python3.7/site-packages/airflow/example_dags/example_branch_python_dop_operator_3.py
[2024-04-15T15:49:01.741+0000] {processor.py:756} INFO - Processing file /home/airflow/.local/lib/python3.7/site-packages/airflow/example_dags/example_branch_python_dop_operator_3.py for tasks to queue
[2024-04-15T15:49:01.742+0000] {logging_mixin.py:120} INFO - [2024-04-15T15:49:01.742+0000] {dagbag.py:537} INFO - Filling up the DagBag from /home/airflow/.local/lib/python3.7/site-packages/airflow/example_dags/example_branch_python_dop_operator_3.py
[2024-04-15T15:49:01.797+0000] {processor.py:766} INFO - DAG(s) dict_keys(['example_branch_dop_operator_v3']) retrieved from /home/airflow/.local/lib/python3.7/site-packages/airflow/example_dags/example_branch_python_dop_operator_3.py
[2024-04-15T15:49:01.877+0000] {logging_mixin.py:120} INFO - [2024-04-15T15:49:01.877+0000] {dag.py:2585} INFO - Sync 1 DAGs
[2024-04-15T15:49:01.932+0000] {logging_mixin.py:120} INFO - [2024-04-15T15:49:01.932+0000] {dag.py:3340} INFO - Setting next_dagrun for example_branch_dop_operator_v3 to 2024-04-15T15:48:00+00:00, run_after=2024-04-15T15:49:00+00:00
[2024-04-15T15:49:01.962+0000] {processor.py:176} INFO - Processing /home/airflow/.local/lib/python3.7/site-packages/airflow/example_dags/example_branch_python_dop_operator_3.py took 0.228 seconds
[2024-04-15T15:49:32.579+0000] {processor.py:154} INFO - Started process (PID=20174) to work on /home/airflow/.local/lib/python3.7/site-packages/airflow/example_dags/example_branch_python_dop_operator_3.py
[2024-04-15T15:49:32.581+0000] {processor.py:756} INFO - Processing file /home/airflow/.local/lib/python3.7/site-packages/airflow/example_dags/example_branch_python_dop_operator_3.py for tasks to queue
[2024-04-15T15:49:32.583+0000] {logging_mixin.py:120} INFO - [2024-04-15T15:49:32.583+0000] {dagbag.py:537} INFO - Filling up the DagBag from /home/airflow/.local/lib/python3.7/site-packages/airflow/example_dags/example_branch_python_dop_operator_3.py
[2024-04-15T15:49:32.627+0000] {processor.py:766} INFO - DAG(s) dict_keys(['example_branch_dop_operator_v3']) retrieved from /home/airflow/.local/lib/python3.7/site-packages/airflow/example_dags/example_branch_python_dop_operator_3.py
[2024-04-15T15:49:32.692+0000] {logging_mixin.py:120} INFO - [2024-04-15T15:49:32.692+0000] {dag.py:2585} INFO - Sync 1 DAGs
[2024-04-15T15:49:32.736+0000] {logging_mixin.py:120} INFO - [2024-04-15T15:49:32.736+0000] {dag.py:3340} INFO - Setting next_dagrun for example_branch_dop_operator_v3 to 2024-04-15T15:48:00+00:00, run_after=2024-04-15T15:49:00+00:00
[2024-04-15T15:49:32.770+0000] {processor.py:176} INFO - Processing /home/airflow/.local/lib/python3.7/site-packages/airflow/example_dags/example_branch_python_dop_operator_3.py took 0.198 seconds
[2024-04-15T15:50:02.983+0000] {processor.py:154} INFO - Started process (PID=20251) to work on /home/airflow/.local/lib/python3.7/site-packages/airflow/example_dags/example_branch_python_dop_operator_3.py
[2024-04-15T15:50:02.985+0000] {processor.py:756} INFO - Processing file /home/airflow/.local/lib/python3.7/site-packages/airflow/example_dags/example_branch_python_dop_operator_3.py for tasks to queue
[2024-04-15T15:50:02.987+0000] {logging_mixin.py:120} INFO - [2024-04-15T15:50:02.987+0000] {dagbag.py:537} INFO - Filling up the DagBag from /home/airflow/.local/lib/python3.7/site-packages/airflow/example_dags/example_branch_python_dop_operator_3.py
[2024-04-15T15:50:03.031+0000] {processor.py:766} INFO - DAG(s) dict_keys(['example_branch_dop_operator_v3']) retrieved from /home/airflow/.local/lib/python3.7/site-packages/airflow/example_dags/example_branch_python_dop_operator_3.py
[2024-04-15T15:50:03.107+0000] {logging_mixin.py:120} INFO - [2024-04-15T15:50:03.106+0000] {dag.py:2585} INFO - Sync 1 DAGs
[2024-04-15T15:50:03.173+0000] {logging_mixin.py:120} INFO - [2024-04-15T15:50:03.172+0000] {dag.py:3340} INFO - Setting next_dagrun for example_branch_dop_operator_v3 to 2024-04-15T15:49:00+00:00, run_after=2024-04-15T15:50:00+00:00
[2024-04-15T15:50:03.217+0000] {processor.py:176} INFO - Processing /home/airflow/.local/lib/python3.7/site-packages/airflow/example_dags/example_branch_python_dop_operator_3.py took 0.241 seconds
[2024-04-15T15:50:34.265+0000] {processor.py:154} INFO - Started process (PID=20320) to work on /home/airflow/.local/lib/python3.7/site-packages/airflow/example_dags/example_branch_python_dop_operator_3.py
[2024-04-15T15:50:34.268+0000] {processor.py:756} INFO - Processing file /home/airflow/.local/lib/python3.7/site-packages/airflow/example_dags/example_branch_python_dop_operator_3.py for tasks to queue
[2024-04-15T15:50:34.269+0000] {logging_mixin.py:120} INFO - [2024-04-15T15:50:34.269+0000] {dagbag.py:537} INFO - Filling up the DagBag from /home/airflow/.local/lib/python3.7/site-packages/airflow/example_dags/example_branch_python_dop_operator_3.py
[2024-04-15T15:50:34.315+0000] {processor.py:766} INFO - DAG(s) dict_keys(['example_branch_dop_operator_v3']) retrieved from /home/airflow/.local/lib/python3.7/site-packages/airflow/example_dags/example_branch_python_dop_operator_3.py
[2024-04-15T15:50:34.390+0000] {logging_mixin.py:120} INFO - [2024-04-15T15:50:34.390+0000] {dag.py:2585} INFO - Sync 1 DAGs
[2024-04-15T15:50:34.441+0000] {logging_mixin.py:120} INFO - [2024-04-15T15:50:34.440+0000] {dag.py:3340} INFO - Setting next_dagrun for example_branch_dop_operator_v3 to 2024-04-15T15:49:00+00:00, run_after=2024-04-15T15:50:00+00:00
[2024-04-15T15:50:34.473+0000] {processor.py:176} INFO - Processing /home/airflow/.local/lib/python3.7/site-packages/airflow/example_dags/example_branch_python_dop_operator_3.py took 0.213 seconds
[2024-04-15T15:51:05.266+0000] {processor.py:154} INFO - Started process (PID=20398) to work on /home/airflow/.local/lib/python3.7/site-packages/airflow/example_dags/example_branch_python_dop_operator_3.py
[2024-04-15T15:51:05.270+0000] {processor.py:756} INFO - Processing file /home/airflow/.local/lib/python3.7/site-packages/airflow/example_dags/example_branch_python_dop_operator_3.py for tasks to queue
[2024-04-15T15:51:05.273+0000] {logging_mixin.py:120} INFO - [2024-04-15T15:51:05.272+0000] {dagbag.py:537} INFO - Filling up the DagBag from /home/airflow/.local/lib/python3.7/site-packages/airflow/example_dags/example_branch_python_dop_operator_3.py
[2024-04-15T15:51:05.327+0000] {processor.py:766} INFO - DAG(s) dict_keys(['example_branch_dop_operator_v3']) retrieved from /home/airflow/.local/lib/python3.7/site-packages/airflow/example_dags/example_branch_python_dop_operator_3.py
[2024-04-15T15:51:05.397+0000] {logging_mixin.py:120} INFO - [2024-04-15T15:51:05.397+0000] {dag.py:2585} INFO - Sync 1 DAGs
[2024-04-15T15:51:05.455+0000] {logging_mixin.py:120} INFO - [2024-04-15T15:51:05.455+0000] {dag.py:3340} INFO - Setting next_dagrun for example_branch_dop_operator_v3 to 2024-04-15T15:50:00+00:00, run_after=2024-04-15T15:51:00+00:00
[2024-04-15T15:51:05.491+0000] {processor.py:176} INFO - Processing /home/airflow/.local/lib/python3.7/site-packages/airflow/example_dags/example_branch_python_dop_operator_3.py took 0.231 seconds
[2024-04-15T15:51:35.668+0000] {processor.py:154} INFO - Started process (PID=20468) to work on /home/airflow/.local/lib/python3.7/site-packages/airflow/example_dags/example_branch_python_dop_operator_3.py
[2024-04-15T15:51:35.672+0000] {processor.py:756} INFO - Processing file /home/airflow/.local/lib/python3.7/site-packages/airflow/example_dags/example_branch_python_dop_operator_3.py for tasks to queue
[2024-04-15T15:51:35.674+0000] {logging_mixin.py:120} INFO - [2024-04-15T15:51:35.674+0000] {dagbag.py:537} INFO - Filling up the DagBag from /home/airflow/.local/lib/python3.7/site-packages/airflow/example_dags/example_branch_python_dop_operator_3.py
[2024-04-15T15:51:35.748+0000] {processor.py:766} INFO - DAG(s) dict_keys(['example_branch_dop_operator_v3']) retrieved from /home/airflow/.local/lib/python3.7/site-packages/airflow/example_dags/example_branch_python_dop_operator_3.py
[2024-04-15T15:51:35.841+0000] {logging_mixin.py:120} INFO - [2024-04-15T15:51:35.841+0000] {dag.py:2585} INFO - Sync 1 DAGs
[2024-04-15T15:51:35.915+0000] {logging_mixin.py:120} INFO - [2024-04-15T15:51:35.915+0000] {dag.py:3340} INFO - Setting next_dagrun for example_branch_dop_operator_v3 to 2024-04-15T15:50:00+00:00, run_after=2024-04-15T15:51:00+00:00
[2024-04-15T15:51:35.978+0000] {processor.py:176} INFO - Processing /home/airflow/.local/lib/python3.7/site-packages/airflow/example_dags/example_branch_python_dop_operator_3.py took 0.320 seconds
[2024-04-15T15:52:06.047+0000] {processor.py:154} INFO - Started process (PID=20547) to work on /home/airflow/.local/lib/python3.7/site-packages/airflow/example_dags/example_branch_python_dop_operator_3.py
[2024-04-15T15:52:06.049+0000] {processor.py:756} INFO - Processing file /home/airflow/.local/lib/python3.7/site-packages/airflow/example_dags/example_branch_python_dop_operator_3.py for tasks to queue
[2024-04-15T15:52:06.051+0000] {logging_mixin.py:120} INFO - [2024-04-15T15:52:06.051+0000] {dagbag.py:537} INFO - Filling up the DagBag from /home/airflow/.local/lib/python3.7/site-packages/airflow/example_dags/example_branch_python_dop_operator_3.py
[2024-04-15T15:52:06.089+0000] {processor.py:766} INFO - DAG(s) dict_keys(['example_branch_dop_operator_v3']) retrieved from /home/airflow/.local/lib/python3.7/site-packages/airflow/example_dags/example_branch_python_dop_operator_3.py
[2024-04-15T15:52:06.166+0000] {logging_mixin.py:120} INFO - [2024-04-15T15:52:06.166+0000] {dag.py:2585} INFO - Sync 1 DAGs
[2024-04-15T15:52:06.234+0000] {logging_mixin.py:120} INFO - [2024-04-15T15:52:06.234+0000] {dag.py:3340} INFO - Setting next_dagrun for example_branch_dop_operator_v3 to 2024-04-15T15:51:00+00:00, run_after=2024-04-15T15:52:00+00:00
[2024-04-15T15:52:06.278+0000] {processor.py:176} INFO - Processing /home/airflow/.local/lib/python3.7/site-packages/airflow/example_dags/example_branch_python_dop_operator_3.py took 0.236 seconds
[2024-04-15T15:52:36.886+0000] {processor.py:154} INFO - Started process (PID=20625) to work on /home/airflow/.local/lib/python3.7/site-packages/airflow/example_dags/example_branch_python_dop_operator_3.py
[2024-04-15T15:52:36.891+0000] {processor.py:756} INFO - Processing file /home/airflow/.local/lib/python3.7/site-packages/airflow/example_dags/example_branch_python_dop_operator_3.py for tasks to queue
[2024-04-15T15:52:36.897+0000] {logging_mixin.py:120} INFO - [2024-04-15T15:52:36.895+0000] {dagbag.py:537} INFO - Filling up the DagBag from /home/airflow/.local/lib/python3.7/site-packages/airflow/example_dags/example_branch_python_dop_operator_3.py
[2024-04-15T15:52:36.939+0000] {processor.py:766} INFO - DAG(s) dict_keys(['example_branch_dop_operator_v3']) retrieved from /home/airflow/.local/lib/python3.7/site-packages/airflow/example_dags/example_branch_python_dop_operator_3.py
[2024-04-15T15:52:37.035+0000] {logging_mixin.py:120} INFO - [2024-04-15T15:52:37.035+0000] {dag.py:2585} INFO - Sync 1 DAGs
[2024-04-15T15:52:37.091+0000] {logging_mixin.py:120} INFO - [2024-04-15T15:52:37.091+0000] {dag.py:3340} INFO - Setting next_dagrun for example_branch_dop_operator_v3 to 2024-04-15T15:51:00+00:00, run_after=2024-04-15T15:52:00+00:00
[2024-04-15T15:52:37.135+0000] {processor.py:176} INFO - Processing /home/airflow/.local/lib/python3.7/site-packages/airflow/example_dags/example_branch_python_dop_operator_3.py took 0.255 seconds
[2024-04-15T15:53:07.726+0000] {processor.py:154} INFO - Started process (PID=20695) to work on /home/airflow/.local/lib/python3.7/site-packages/airflow/example_dags/example_branch_python_dop_operator_3.py
[2024-04-15T15:53:07.727+0000] {processor.py:756} INFO - Processing file /home/airflow/.local/lib/python3.7/site-packages/airflow/example_dags/example_branch_python_dop_operator_3.py for tasks to queue
[2024-04-15T15:53:07.729+0000] {logging_mixin.py:120} INFO - [2024-04-15T15:53:07.729+0000] {dagbag.py:537} INFO - Filling up the DagBag from /home/airflow/.local/lib/python3.7/site-packages/airflow/example_dags/example_branch_python_dop_operator_3.py
[2024-04-15T15:53:07.770+0000] {processor.py:766} INFO - DAG(s) dict_keys(['example_branch_dop_operator_v3']) retrieved from /home/airflow/.local/lib/python3.7/site-packages/airflow/example_dags/example_branch_python_dop_operator_3.py
[2024-04-15T15:53:07.840+0000] {logging_mixin.py:120} INFO - [2024-04-15T15:53:07.840+0000] {dag.py:2585} INFO - Sync 1 DAGs
[2024-04-15T15:53:07.900+0000] {logging_mixin.py:120} INFO - [2024-04-15T15:53:07.900+0000] {dag.py:3340} INFO - Setting next_dagrun for example_branch_dop_operator_v3 to 2024-04-15T15:52:00+00:00, run_after=2024-04-15T15:53:00+00:00
[2024-04-15T15:53:07.937+0000] {processor.py:176} INFO - Processing /home/airflow/.local/lib/python3.7/site-packages/airflow/example_dags/example_branch_python_dop_operator_3.py took 0.218 seconds
[2024-04-15T15:53:38.036+0000] {processor.py:154} INFO - Started process (PID=20773) to work on /home/airflow/.local/lib/python3.7/site-packages/airflow/example_dags/example_branch_python_dop_operator_3.py
[2024-04-15T15:53:38.038+0000] {processor.py:756} INFO - Processing file /home/airflow/.local/lib/python3.7/site-packages/airflow/example_dags/example_branch_python_dop_operator_3.py for tasks to queue
[2024-04-15T15:53:38.040+0000] {logging_mixin.py:120} INFO - [2024-04-15T15:53:38.040+0000] {dagbag.py:537} INFO - Filling up the DagBag from /home/airflow/.local/lib/python3.7/site-packages/airflow/example_dags/example_branch_python_dop_operator_3.py
[2024-04-15T15:53:38.085+0000] {processor.py:766} INFO - DAG(s) dict_keys(['example_branch_dop_operator_v3']) retrieved from /home/airflow/.local/lib/python3.7/site-packages/airflow/example_dags/example_branch_python_dop_operator_3.py
[2024-04-15T15:53:38.162+0000] {logging_mixin.py:120} INFO - [2024-04-15T15:53:38.162+0000] {dag.py:2585} INFO - Sync 1 DAGs
[2024-04-15T15:53:38.215+0000] {logging_mixin.py:120} INFO - [2024-04-15T15:53:38.215+0000] {dag.py:3340} INFO - Setting next_dagrun for example_branch_dop_operator_v3 to 2024-04-15T15:52:00+00:00, run_after=2024-04-15T15:53:00+00:00
[2024-04-15T15:53:38.247+0000] {processor.py:176} INFO - Processing /home/airflow/.local/lib/python3.7/site-packages/airflow/example_dags/example_branch_python_dop_operator_3.py took 0.216 seconds
[2024-04-15T15:54:10.071+0000] {processor.py:154} INFO - Started process (PID=20843) to work on /home/airflow/.local/lib/python3.7/site-packages/airflow/example_dags/example_branch_python_dop_operator_3.py
[2024-04-15T15:54:10.074+0000] {processor.py:756} INFO - Processing file /home/airflow/.local/lib/python3.7/site-packages/airflow/example_dags/example_branch_python_dop_operator_3.py for tasks to queue
[2024-04-15T15:54:10.078+0000] {logging_mixin.py:120} INFO - [2024-04-15T15:54:10.078+0000] {dagbag.py:537} INFO - Filling up the DagBag from /home/airflow/.local/lib/python3.7/site-packages/airflow/example_dags/example_branch_python_dop_operator_3.py
[2024-04-15T15:54:10.132+0000] {processor.py:766} INFO - DAG(s) dict_keys(['example_branch_dop_operator_v3']) retrieved from /home/airflow/.local/lib/python3.7/site-packages/airflow/example_dags/example_branch_python_dop_operator_3.py
[2024-04-15T15:54:10.214+0000] {logging_mixin.py:120} INFO - [2024-04-15T15:54:10.214+0000] {dag.py:2585} INFO - Sync 1 DAGs
[2024-04-15T15:54:10.262+0000] {logging_mixin.py:120} INFO - [2024-04-15T15:54:10.262+0000] {dag.py:3340} INFO - Setting next_dagrun for example_branch_dop_operator_v3 to 2024-04-15T15:53:00+00:00, run_after=2024-04-15T15:54:00+00:00
[2024-04-15T15:54:10.293+0000] {processor.py:176} INFO - Processing /home/airflow/.local/lib/python3.7/site-packages/airflow/example_dags/example_branch_python_dop_operator_3.py took 0.229 seconds
[2024-04-15T15:54:40.636+0000] {processor.py:154} INFO - Started process (PID=20919) to work on /home/airflow/.local/lib/python3.7/site-packages/airflow/example_dags/example_branch_python_dop_operator_3.py
[2024-04-15T15:54:40.638+0000] {processor.py:756} INFO - Processing file /home/airflow/.local/lib/python3.7/site-packages/airflow/example_dags/example_branch_python_dop_operator_3.py for tasks to queue
[2024-04-15T15:54:40.640+0000] {logging_mixin.py:120} INFO - [2024-04-15T15:54:40.640+0000] {dagbag.py:537} INFO - Filling up the DagBag from /home/airflow/.local/lib/python3.7/site-packages/airflow/example_dags/example_branch_python_dop_operator_3.py
[2024-04-15T15:54:40.690+0000] {processor.py:766} INFO - DAG(s) dict_keys(['example_branch_dop_operator_v3']) retrieved from /home/airflow/.local/lib/python3.7/site-packages/airflow/example_dags/example_branch_python_dop_operator_3.py
[2024-04-15T15:54:40.754+0000] {logging_mixin.py:120} INFO - [2024-04-15T15:54:40.754+0000] {dag.py:2585} INFO - Sync 1 DAGs
[2024-04-15T15:54:40.801+0000] {logging_mixin.py:120} INFO - [2024-04-15T15:54:40.801+0000] {dag.py:3340} INFO - Setting next_dagrun for example_branch_dop_operator_v3 to 2024-04-15T15:53:00+00:00, run_after=2024-04-15T15:54:00+00:00
[2024-04-15T15:54:40.835+0000] {processor.py:176} INFO - Processing /home/airflow/.local/lib/python3.7/site-packages/airflow/example_dags/example_branch_python_dop_operator_3.py took 0.208 seconds
[2024-04-15T15:55:11.228+0000] {processor.py:154} INFO - Started process (PID=20986) to work on /home/airflow/.local/lib/python3.7/site-packages/airflow/example_dags/example_branch_python_dop_operator_3.py
[2024-04-15T15:55:11.231+0000] {processor.py:756} INFO - Processing file /home/airflow/.local/lib/python3.7/site-packages/airflow/example_dags/example_branch_python_dop_operator_3.py for tasks to queue
[2024-04-15T15:55:11.233+0000] {logging_mixin.py:120} INFO - [2024-04-15T15:55:11.233+0000] {dagbag.py:537} INFO - Filling up the DagBag from /home/airflow/.local/lib/python3.7/site-packages/airflow/example_dags/example_branch_python_dop_operator_3.py
[2024-04-15T15:55:11.280+0000] {processor.py:766} INFO - DAG(s) dict_keys(['example_branch_dop_operator_v3']) retrieved from /home/airflow/.local/lib/python3.7/site-packages/airflow/example_dags/example_branch_python_dop_operator_3.py
[2024-04-15T15:55:11.352+0000] {logging_mixin.py:120} INFO - [2024-04-15T15:55:11.352+0000] {dag.py:2585} INFO - Sync 1 DAGs
[2024-04-15T15:55:11.416+0000] {logging_mixin.py:120} INFO - [2024-04-15T15:55:11.416+0000] {dag.py:3340} INFO - Setting next_dagrun for example_branch_dop_operator_v3 to 2024-04-15T15:54:00+00:00, run_after=2024-04-15T15:55:00+00:00
[2024-04-15T15:55:11.448+0000] {processor.py:176} INFO - Processing /home/airflow/.local/lib/python3.7/site-packages/airflow/example_dags/example_branch_python_dop_operator_3.py took 0.230 seconds
[2024-04-15T15:55:41.905+0000] {processor.py:154} INFO - Started process (PID=21064) to work on /home/airflow/.local/lib/python3.7/site-packages/airflow/example_dags/example_branch_python_dop_operator_3.py
[2024-04-15T15:55:41.908+0000] {processor.py:756} INFO - Processing file /home/airflow/.local/lib/python3.7/site-packages/airflow/example_dags/example_branch_python_dop_operator_3.py for tasks to queue
[2024-04-15T15:55:41.909+0000] {logging_mixin.py:120} INFO - [2024-04-15T15:55:41.909+0000] {dagbag.py:537} INFO - Filling up the DagBag from /home/airflow/.local/lib/python3.7/site-packages/airflow/example_dags/example_branch_python_dop_operator_3.py
[2024-04-15T15:55:41.966+0000] {processor.py:766} INFO - DAG(s) dict_keys(['example_branch_dop_operator_v3']) retrieved from /home/airflow/.local/lib/python3.7/site-packages/airflow/example_dags/example_branch_python_dop_operator_3.py
[2024-04-15T15:55:42.048+0000] {logging_mixin.py:120} INFO - [2024-04-15T15:55:42.048+0000] {dag.py:2585} INFO - Sync 1 DAGs
[2024-04-15T15:55:42.108+0000] {logging_mixin.py:120} INFO - [2024-04-15T15:55:42.108+0000] {dag.py:3340} INFO - Setting next_dagrun for example_branch_dop_operator_v3 to 2024-04-15T15:54:00+00:00, run_after=2024-04-15T15:55:00+00:00
[2024-04-15T15:55:42.145+0000] {processor.py:176} INFO - Processing /home/airflow/.local/lib/python3.7/site-packages/airflow/example_dags/example_branch_python_dop_operator_3.py took 0.250 seconds
[2024-04-15T15:56:12.303+0000] {processor.py:154} INFO - Started process (PID=21142) to work on /home/airflow/.local/lib/python3.7/site-packages/airflow/example_dags/example_branch_python_dop_operator_3.py
[2024-04-15T15:56:12.307+0000] {processor.py:756} INFO - Processing file /home/airflow/.local/lib/python3.7/site-packages/airflow/example_dags/example_branch_python_dop_operator_3.py for tasks to queue
[2024-04-15T15:56:12.308+0000] {logging_mixin.py:120} INFO - [2024-04-15T15:56:12.308+0000] {dagbag.py:537} INFO - Filling up the DagBag from /home/airflow/.local/lib/python3.7/site-packages/airflow/example_dags/example_branch_python_dop_operator_3.py
[2024-04-15T15:56:12.353+0000] {processor.py:766} INFO - DAG(s) dict_keys(['example_branch_dop_operator_v3']) retrieved from /home/airflow/.local/lib/python3.7/site-packages/airflow/example_dags/example_branch_python_dop_operator_3.py
[2024-04-15T15:56:12.419+0000] {logging_mixin.py:120} INFO - [2024-04-15T15:56:12.419+0000] {dag.py:2585} INFO - Sync 1 DAGs
[2024-04-15T15:56:12.466+0000] {logging_mixin.py:120} INFO - [2024-04-15T15:56:12.466+0000] {dag.py:3340} INFO - Setting next_dagrun for example_branch_dop_operator_v3 to 2024-04-15T15:55:00+00:00, run_after=2024-04-15T15:56:00+00:00
[2024-04-15T15:56:12.502+0000] {processor.py:176} INFO - Processing /home/airflow/.local/lib/python3.7/site-packages/airflow/example_dags/example_branch_python_dop_operator_3.py took 0.210 seconds
[2024-04-15T15:56:43.387+0000] {processor.py:154} INFO - Started process (PID=21211) to work on /home/airflow/.local/lib/python3.7/site-packages/airflow/example_dags/example_branch_python_dop_operator_3.py
[2024-04-15T15:56:43.389+0000] {processor.py:756} INFO - Processing file /home/airflow/.local/lib/python3.7/site-packages/airflow/example_dags/example_branch_python_dop_operator_3.py for tasks to queue
[2024-04-15T15:56:43.391+0000] {logging_mixin.py:120} INFO - [2024-04-15T15:56:43.391+0000] {dagbag.py:537} INFO - Filling up the DagBag from /home/airflow/.local/lib/python3.7/site-packages/airflow/example_dags/example_branch_python_dop_operator_3.py
[2024-04-15T15:56:43.433+0000] {processor.py:766} INFO - DAG(s) dict_keys(['example_branch_dop_operator_v3']) retrieved from /home/airflow/.local/lib/python3.7/site-packages/airflow/example_dags/example_branch_python_dop_operator_3.py
[2024-04-15T15:56:43.501+0000] {logging_mixin.py:120} INFO - [2024-04-15T15:56:43.500+0000] {dag.py:2585} INFO - Sync 1 DAGs
[2024-04-15T15:56:43.557+0000] {logging_mixin.py:120} INFO - [2024-04-15T15:56:43.557+0000] {dag.py:3340} INFO - Setting next_dagrun for example_branch_dop_operator_v3 to 2024-04-15T15:55:00+00:00, run_after=2024-04-15T15:56:00+00:00
[2024-04-15T15:56:43.598+0000] {processor.py:176} INFO - Processing /home/airflow/.local/lib/python3.7/site-packages/airflow/example_dags/example_branch_python_dop_operator_3.py took 0.220 seconds
[2024-04-15T15:57:13.764+0000] {processor.py:154} INFO - Started process (PID=21291) to work on /home/airflow/.local/lib/python3.7/site-packages/airflow/example_dags/example_branch_python_dop_operator_3.py
[2024-04-15T15:57:13.765+0000] {processor.py:756} INFO - Processing file /home/airflow/.local/lib/python3.7/site-packages/airflow/example_dags/example_branch_python_dop_operator_3.py for tasks to queue
[2024-04-15T15:57:13.767+0000] {logging_mixin.py:120} INFO - [2024-04-15T15:57:13.767+0000] {dagbag.py:537} INFO - Filling up the DagBag from /home/airflow/.local/lib/python3.7/site-packages/airflow/example_dags/example_branch_python_dop_operator_3.py
[2024-04-15T15:57:13.806+0000] {processor.py:766} INFO - DAG(s) dict_keys(['example_branch_dop_operator_v3']) retrieved from /home/airflow/.local/lib/python3.7/site-packages/airflow/example_dags/example_branch_python_dop_operator_3.py
[2024-04-15T15:57:13.869+0000] {logging_mixin.py:120} INFO - [2024-04-15T15:57:13.869+0000] {dag.py:2585} INFO - Sync 1 DAGs
[2024-04-15T15:57:13.919+0000] {logging_mixin.py:120} INFO - [2024-04-15T15:57:13.919+0000] {dag.py:3340} INFO - Setting next_dagrun for example_branch_dop_operator_v3 to 2024-04-15T15:56:00+00:00, run_after=2024-04-15T15:57:00+00:00
[2024-04-15T15:57:13.957+0000] {processor.py:176} INFO - Processing /home/airflow/.local/lib/python3.7/site-packages/airflow/example_dags/example_branch_python_dop_operator_3.py took 0.200 seconds
[2024-04-15T15:57:44.692+0000] {processor.py:154} INFO - Started process (PID=21361) to work on /home/airflow/.local/lib/python3.7/site-packages/airflow/example_dags/example_branch_python_dop_operator_3.py
[2024-04-15T15:57:44.694+0000] {processor.py:756} INFO - Processing file /home/airflow/.local/lib/python3.7/site-packages/airflow/example_dags/example_branch_python_dop_operator_3.py for tasks to queue
[2024-04-15T15:57:44.696+0000] {logging_mixin.py:120} INFO - [2024-04-15T15:57:44.695+0000] {dagbag.py:537} INFO - Filling up the DagBag from /home/airflow/.local/lib/python3.7/site-packages/airflow/example_dags/example_branch_python_dop_operator_3.py
[2024-04-15T15:57:44.734+0000] {processor.py:766} INFO - DAG(s) dict_keys(['example_branch_dop_operator_v3']) retrieved from /home/airflow/.local/lib/python3.7/site-packages/airflow/example_dags/example_branch_python_dop_operator_3.py
[2024-04-15T15:57:44.797+0000] {logging_mixin.py:120} INFO - [2024-04-15T15:57:44.797+0000] {dag.py:2585} INFO - Sync 1 DAGs
[2024-04-15T15:57:44.854+0000] {logging_mixin.py:120} INFO - [2024-04-15T15:57:44.853+0000] {dag.py:3340} INFO - Setting next_dagrun for example_branch_dop_operator_v3 to 2024-04-15T15:56:00+00:00, run_after=2024-04-15T15:57:00+00:00
[2024-04-15T15:57:44.880+0000] {processor.py:176} INFO - Processing /home/airflow/.local/lib/python3.7/site-packages/airflow/example_dags/example_branch_python_dop_operator_3.py took 0.194 seconds
[2024-04-15T15:58:15.463+0000] {processor.py:154} INFO - Started process (PID=21439) to work on /home/airflow/.local/lib/python3.7/site-packages/airflow/example_dags/example_branch_python_dop_operator_3.py
[2024-04-15T15:58:15.466+0000] {processor.py:756} INFO - Processing file /home/airflow/.local/lib/python3.7/site-packages/airflow/example_dags/example_branch_python_dop_operator_3.py for tasks to queue
[2024-04-15T15:58:15.470+0000] {logging_mixin.py:120} INFO - [2024-04-15T15:58:15.470+0000] {dagbag.py:537} INFO - Filling up the DagBag from /home/airflow/.local/lib/python3.7/site-packages/airflow/example_dags/example_branch_python_dop_operator_3.py
[2024-04-15T15:58:15.537+0000] {processor.py:766} INFO - DAG(s) dict_keys(['example_branch_dop_operator_v3']) retrieved from /home/airflow/.local/lib/python3.7/site-packages/airflow/example_dags/example_branch_python_dop_operator_3.py
[2024-04-15T15:58:15.643+0000] {logging_mixin.py:120} INFO - [2024-04-15T15:58:15.643+0000] {dag.py:2585} INFO - Sync 1 DAGs
[2024-04-15T15:58:15.693+0000] {logging_mixin.py:120} INFO - [2024-04-15T15:58:15.692+0000] {dag.py:3340} INFO - Setting next_dagrun for example_branch_dop_operator_v3 to 2024-04-15T15:57:00+00:00, run_after=2024-04-15T15:58:00+00:00
[2024-04-15T15:58:15.730+0000] {processor.py:176} INFO - Processing /home/airflow/.local/lib/python3.7/site-packages/airflow/example_dags/example_branch_python_dop_operator_3.py took 0.298 seconds
[2024-04-15T15:58:46.449+0000] {processor.py:154} INFO - Started process (PID=21517) to work on /home/airflow/.local/lib/python3.7/site-packages/airflow/example_dags/example_branch_python_dop_operator_3.py
[2024-04-15T15:58:46.454+0000] {processor.py:756} INFO - Processing file /home/airflow/.local/lib/python3.7/site-packages/airflow/example_dags/example_branch_python_dop_operator_3.py for tasks to queue
[2024-04-15T15:58:46.456+0000] {logging_mixin.py:120} INFO - [2024-04-15T15:58:46.456+0000] {dagbag.py:537} INFO - Filling up the DagBag from /home/airflow/.local/lib/python3.7/site-packages/airflow/example_dags/example_branch_python_dop_operator_3.py
[2024-04-15T15:58:46.500+0000] {processor.py:766} INFO - DAG(s) dict_keys(['example_branch_dop_operator_v3']) retrieved from /home/airflow/.local/lib/python3.7/site-packages/airflow/example_dags/example_branch_python_dop_operator_3.py
[2024-04-15T15:58:46.578+0000] {logging_mixin.py:120} INFO - [2024-04-15T15:58:46.578+0000] {dag.py:2585} INFO - Sync 1 DAGs
[2024-04-15T15:58:46.627+0000] {logging_mixin.py:120} INFO - [2024-04-15T15:58:46.627+0000] {dag.py:3340} INFO - Setting next_dagrun for example_branch_dop_operator_v3 to 2024-04-15T15:57:00+00:00, run_after=2024-04-15T15:58:00+00:00
[2024-04-15T15:58:46.659+0000] {processor.py:176} INFO - Processing /home/airflow/.local/lib/python3.7/site-packages/airflow/example_dags/example_branch_python_dop_operator_3.py took 0.218 seconds
[2024-04-15T15:59:16.943+0000] {processor.py:154} INFO - Started process (PID=21587) to work on /home/airflow/.local/lib/python3.7/site-packages/airflow/example_dags/example_branch_python_dop_operator_3.py
[2024-04-15T15:59:16.946+0000] {processor.py:756} INFO - Processing file /home/airflow/.local/lib/python3.7/site-packages/airflow/example_dags/example_branch_python_dop_operator_3.py for tasks to queue
[2024-04-15T15:59:16.949+0000] {logging_mixin.py:120} INFO - [2024-04-15T15:59:16.948+0000] {dagbag.py:537} INFO - Filling up the DagBag from /home/airflow/.local/lib/python3.7/site-packages/airflow/example_dags/example_branch_python_dop_operator_3.py
[2024-04-15T15:59:17.006+0000] {processor.py:766} INFO - DAG(s) dict_keys(['example_branch_dop_operator_v3']) retrieved from /home/airflow/.local/lib/python3.7/site-packages/airflow/example_dags/example_branch_python_dop_operator_3.py
[2024-04-15T15:59:17.078+0000] {logging_mixin.py:120} INFO - [2024-04-15T15:59:17.078+0000] {dag.py:2585} INFO - Sync 1 DAGs
[2024-04-15T15:59:17.123+0000] {logging_mixin.py:120} INFO - [2024-04-15T15:59:17.123+0000] {dag.py:3340} INFO - Setting next_dagrun for example_branch_dop_operator_v3 to 2024-04-15T15:58:00+00:00, run_after=2024-04-15T15:59:00+00:00
[2024-04-15T15:59:17.156+0000] {processor.py:176} INFO - Processing /home/airflow/.local/lib/python3.7/site-packages/airflow/example_dags/example_branch_python_dop_operator_3.py took 0.227 seconds
[2024-04-15T15:59:47.247+0000] {processor.py:154} INFO - Started process (PID=21665) to work on /home/airflow/.local/lib/python3.7/site-packages/airflow/example_dags/example_branch_python_dop_operator_3.py
[2024-04-15T15:59:47.250+0000] {processor.py:756} INFO - Processing file /home/airflow/.local/lib/python3.7/site-packages/airflow/example_dags/example_branch_python_dop_operator_3.py for tasks to queue
[2024-04-15T15:59:47.253+0000] {logging_mixin.py:120} INFO - [2024-04-15T15:59:47.252+0000] {dagbag.py:537} INFO - Filling up the DagBag from /home/airflow/.local/lib/python3.7/site-packages/airflow/example_dags/example_branch_python_dop_operator_3.py
[2024-04-15T15:59:47.295+0000] {processor.py:766} INFO - DAG(s) dict_keys(['example_branch_dop_operator_v3']) retrieved from /home/airflow/.local/lib/python3.7/site-packages/airflow/example_dags/example_branch_python_dop_operator_3.py
[2024-04-15T15:59:47.360+0000] {logging_mixin.py:120} INFO - [2024-04-15T15:59:47.360+0000] {dag.py:2585} INFO - Sync 1 DAGs
[2024-04-15T15:59:47.417+0000] {logging_mixin.py:120} INFO - [2024-04-15T15:59:47.417+0000] {dag.py:3340} INFO - Setting next_dagrun for example_branch_dop_operator_v3 to 2024-04-15T15:58:00+00:00, run_after=2024-04-15T15:59:00+00:00
[2024-04-15T15:59:47.448+0000] {processor.py:176} INFO - Processing /home/airflow/.local/lib/python3.7/site-packages/airflow/example_dags/example_branch_python_dop_operator_3.py took 0.207 seconds
[2024-04-15T16:00:17.550+0000] {processor.py:154} INFO - Started process (PID=21734) to work on /home/airflow/.local/lib/python3.7/site-packages/airflow/example_dags/example_branch_python_dop_operator_3.py
[2024-04-15T16:00:17.553+0000] {processor.py:756} INFO - Processing file /home/airflow/.local/lib/python3.7/site-packages/airflow/example_dags/example_branch_python_dop_operator_3.py for tasks to queue
[2024-04-15T16:00:17.555+0000] {logging_mixin.py:120} INFO - [2024-04-15T16:00:17.555+0000] {dagbag.py:537} INFO - Filling up the DagBag from /home/airflow/.local/lib/python3.7/site-packages/airflow/example_dags/example_branch_python_dop_operator_3.py
[2024-04-15T16:00:17.604+0000] {processor.py:766} INFO - DAG(s) dict_keys(['example_branch_dop_operator_v3']) retrieved from /home/airflow/.local/lib/python3.7/site-packages/airflow/example_dags/example_branch_python_dop_operator_3.py
[2024-04-15T16:00:17.665+0000] {logging_mixin.py:120} INFO - [2024-04-15T16:00:17.665+0000] {dag.py:2585} INFO - Sync 1 DAGs
[2024-04-15T16:00:17.708+0000] {logging_mixin.py:120} INFO - [2024-04-15T16:00:17.708+0000] {dag.py:3340} INFO - Setting next_dagrun for example_branch_dop_operator_v3 to 2024-04-15T15:59:00+00:00, run_after=2024-04-15T16:00:00+00:00
[2024-04-15T16:00:17.742+0000] {processor.py:176} INFO - Processing /home/airflow/.local/lib/python3.7/site-packages/airflow/example_dags/example_branch_python_dop_operator_3.py took 0.198 seconds
[2024-04-15T16:00:47.977+0000] {processor.py:154} INFO - Started process (PID=21812) to work on /home/airflow/.local/lib/python3.7/site-packages/airflow/example_dags/example_branch_python_dop_operator_3.py
[2024-04-15T16:00:47.979+0000] {processor.py:756} INFO - Processing file /home/airflow/.local/lib/python3.7/site-packages/airflow/example_dags/example_branch_python_dop_operator_3.py for tasks to queue
[2024-04-15T16:00:47.981+0000] {logging_mixin.py:120} INFO - [2024-04-15T16:00:47.981+0000] {dagbag.py:537} INFO - Filling up the DagBag from /home/airflow/.local/lib/python3.7/site-packages/airflow/example_dags/example_branch_python_dop_operator_3.py
[2024-04-15T16:00:48.026+0000] {processor.py:766} INFO - DAG(s) dict_keys(['example_branch_dop_operator_v3']) retrieved from /home/airflow/.local/lib/python3.7/site-packages/airflow/example_dags/example_branch_python_dop_operator_3.py
[2024-04-15T16:00:48.094+0000] {logging_mixin.py:120} INFO - [2024-04-15T16:00:48.094+0000] {dag.py:2585} INFO - Sync 1 DAGs
[2024-04-15T16:00:48.141+0000] {logging_mixin.py:120} INFO - [2024-04-15T16:00:48.141+0000] {dag.py:3340} INFO - Setting next_dagrun for example_branch_dop_operator_v3 to 2024-04-15T15:59:00+00:00, run_after=2024-04-15T16:00:00+00:00
[2024-04-15T16:00:48.170+0000] {processor.py:176} INFO - Processing /home/airflow/.local/lib/python3.7/site-packages/airflow/example_dags/example_branch_python_dop_operator_3.py took 0.199 seconds
[2024-04-15T16:01:18.369+0000] {processor.py:154} INFO - Started process (PID=21881) to work on /home/airflow/.local/lib/python3.7/site-packages/airflow/example_dags/example_branch_python_dop_operator_3.py
[2024-04-15T16:01:18.371+0000] {processor.py:756} INFO - Processing file /home/airflow/.local/lib/python3.7/site-packages/airflow/example_dags/example_branch_python_dop_operator_3.py for tasks to queue
[2024-04-15T16:01:18.373+0000] {logging_mixin.py:120} INFO - [2024-04-15T16:01:18.373+0000] {dagbag.py:537} INFO - Filling up the DagBag from /home/airflow/.local/lib/python3.7/site-packages/airflow/example_dags/example_branch_python_dop_operator_3.py
[2024-04-15T16:01:18.414+0000] {processor.py:766} INFO - DAG(s) dict_keys(['example_branch_dop_operator_v3']) retrieved from /home/airflow/.local/lib/python3.7/site-packages/airflow/example_dags/example_branch_python_dop_operator_3.py
[2024-04-15T16:01:18.480+0000] {logging_mixin.py:120} INFO - [2024-04-15T16:01:18.480+0000] {dag.py:2585} INFO - Sync 1 DAGs
[2024-04-15T16:01:18.528+0000] {logging_mixin.py:120} INFO - [2024-04-15T16:01:18.528+0000] {dag.py:3340} INFO - Setting next_dagrun for example_branch_dop_operator_v3 to 2024-04-15T16:00:00+00:00, run_after=2024-04-15T16:01:00+00:00
[2024-04-15T16:01:18.566+0000] {processor.py:176} INFO - Processing /home/airflow/.local/lib/python3.7/site-packages/airflow/example_dags/example_branch_python_dop_operator_3.py took 0.203 seconds
[2024-04-15T16:01:49.016+0000] {processor.py:154} INFO - Started process (PID=21959) to work on /home/airflow/.local/lib/python3.7/site-packages/airflow/example_dags/example_branch_python_dop_operator_3.py
[2024-04-15T16:01:49.018+0000] {processor.py:756} INFO - Processing file /home/airflow/.local/lib/python3.7/site-packages/airflow/example_dags/example_branch_python_dop_operator_3.py for tasks to queue
[2024-04-15T16:01:49.019+0000] {logging_mixin.py:120} INFO - [2024-04-15T16:01:49.019+0000] {dagbag.py:537} INFO - Filling up the DagBag from /home/airflow/.local/lib/python3.7/site-packages/airflow/example_dags/example_branch_python_dop_operator_3.py
[2024-04-15T16:01:49.078+0000] {processor.py:766} INFO - DAG(s) dict_keys(['example_branch_dop_operator_v3']) retrieved from /home/airflow/.local/lib/python3.7/site-packages/airflow/example_dags/example_branch_python_dop_operator_3.py
[2024-04-15T16:01:49.182+0000] {logging_mixin.py:120} INFO - [2024-04-15T16:01:49.182+0000] {dag.py:2585} INFO - Sync 1 DAGs
[2024-04-15T16:01:49.234+0000] {logging_mixin.py:120} INFO - [2024-04-15T16:01:49.234+0000] {dag.py:3340} INFO - Setting next_dagrun for example_branch_dop_operator_v3 to 2024-04-15T16:00:00+00:00, run_after=2024-04-15T16:01:00+00:00
[2024-04-15T16:01:49.263+0000] {processor.py:176} INFO - Processing /home/airflow/.local/lib/python3.7/site-packages/airflow/example_dags/example_branch_python_dop_operator_3.py took 0.254 seconds
[2024-04-15T16:02:19.445+0000] {processor.py:154} INFO - Started process (PID=22027) to work on /home/airflow/.local/lib/python3.7/site-packages/airflow/example_dags/example_branch_python_dop_operator_3.py
[2024-04-15T16:02:19.449+0000] {processor.py:756} INFO - Processing file /home/airflow/.local/lib/python3.7/site-packages/airflow/example_dags/example_branch_python_dop_operator_3.py for tasks to queue
[2024-04-15T16:02:19.453+0000] {logging_mixin.py:120} INFO - [2024-04-15T16:02:19.452+0000] {dagbag.py:537} INFO - Filling up the DagBag from /home/airflow/.local/lib/python3.7/site-packages/airflow/example_dags/example_branch_python_dop_operator_3.py
[2024-04-15T16:02:19.529+0000] {processor.py:766} INFO - DAG(s) dict_keys(['example_branch_dop_operator_v3']) retrieved from /home/airflow/.local/lib/python3.7/site-packages/airflow/example_dags/example_branch_python_dop_operator_3.py
[2024-04-15T16:02:19.603+0000] {logging_mixin.py:120} INFO - [2024-04-15T16:02:19.603+0000] {dag.py:2585} INFO - Sync 1 DAGs
[2024-04-15T16:02:19.653+0000] {logging_mixin.py:120} INFO - [2024-04-15T16:02:19.653+0000] {dag.py:3340} INFO - Setting next_dagrun for example_branch_dop_operator_v3 to 2024-04-15T16:01:00+00:00, run_after=2024-04-15T16:02:00+00:00
[2024-04-15T16:02:19.684+0000] {processor.py:176} INFO - Processing /home/airflow/.local/lib/python3.7/site-packages/airflow/example_dags/example_branch_python_dop_operator_3.py took 0.253 seconds
[2024-04-15T16:02:50.388+0000] {processor.py:154} INFO - Started process (PID=22106) to work on /home/airflow/.local/lib/python3.7/site-packages/airflow/example_dags/example_branch_python_dop_operator_3.py
[2024-04-15T16:02:50.390+0000] {processor.py:756} INFO - Processing file /home/airflow/.local/lib/python3.7/site-packages/airflow/example_dags/example_branch_python_dop_operator_3.py for tasks to queue
[2024-04-15T16:02:50.392+0000] {logging_mixin.py:120} INFO - [2024-04-15T16:02:50.392+0000] {dagbag.py:537} INFO - Filling up the DagBag from /home/airflow/.local/lib/python3.7/site-packages/airflow/example_dags/example_branch_python_dop_operator_3.py
[2024-04-15T16:02:50.455+0000] {processor.py:766} INFO - DAG(s) dict_keys(['example_branch_dop_operator_v3']) retrieved from /home/airflow/.local/lib/python3.7/site-packages/airflow/example_dags/example_branch_python_dop_operator_3.py
[2024-04-15T16:02:50.554+0000] {logging_mixin.py:120} INFO - [2024-04-15T16:02:50.554+0000] {dag.py:2585} INFO - Sync 1 DAGs
[2024-04-15T16:02:50.619+0000] {logging_mixin.py:120} INFO - [2024-04-15T16:02:50.619+0000] {dag.py:3340} INFO - Setting next_dagrun for example_branch_dop_operator_v3 to 2024-04-15T16:01:00+00:00, run_after=2024-04-15T16:02:00+00:00
[2024-04-15T16:02:50.661+0000] {processor.py:176} INFO - Processing /home/airflow/.local/lib/python3.7/site-packages/airflow/example_dags/example_branch_python_dop_operator_3.py took 0.287 seconds
[2024-04-15T16:03:21.126+0000] {processor.py:154} INFO - Started process (PID=22185) to work on /home/airflow/.local/lib/python3.7/site-packages/airflow/example_dags/example_branch_python_dop_operator_3.py
[2024-04-15T16:03:21.129+0000] {processor.py:756} INFO - Processing file /home/airflow/.local/lib/python3.7/site-packages/airflow/example_dags/example_branch_python_dop_operator_3.py for tasks to queue
[2024-04-15T16:03:21.133+0000] {logging_mixin.py:120} INFO - [2024-04-15T16:03:21.133+0000] {dagbag.py:537} INFO - Filling up the DagBag from /home/airflow/.local/lib/python3.7/site-packages/airflow/example_dags/example_branch_python_dop_operator_3.py
[2024-04-15T16:03:21.216+0000] {processor.py:766} INFO - DAG(s) dict_keys(['example_branch_dop_operator_v3']) retrieved from /home/airflow/.local/lib/python3.7/site-packages/airflow/example_dags/example_branch_python_dop_operator_3.py
[2024-04-15T16:03:21.361+0000] {logging_mixin.py:120} INFO - [2024-04-15T16:03:21.360+0000] {dag.py:2585} INFO - Sync 1 DAGs
[2024-04-15T16:03:21.438+0000] {logging_mixin.py:120} INFO - [2024-04-15T16:03:21.437+0000] {dag.py:3340} INFO - Setting next_dagrun for example_branch_dop_operator_v3 to 2024-04-15T16:02:00+00:00, run_after=2024-04-15T16:03:00+00:00
[2024-04-15T16:03:21.495+0000] {processor.py:176} INFO - Processing /home/airflow/.local/lib/python3.7/site-packages/airflow/example_dags/example_branch_python_dop_operator_3.py took 0.377 seconds
[2024-04-15T16:03:52.382+0000] {processor.py:154} INFO - Started process (PID=22253) to work on /home/airflow/.local/lib/python3.7/site-packages/airflow/example_dags/example_branch_python_dop_operator_3.py
[2024-04-15T16:03:52.385+0000] {processor.py:756} INFO - Processing file /home/airflow/.local/lib/python3.7/site-packages/airflow/example_dags/example_branch_python_dop_operator_3.py for tasks to queue
[2024-04-15T16:03:52.388+0000] {logging_mixin.py:120} INFO - [2024-04-15T16:03:52.388+0000] {dagbag.py:537} INFO - Filling up the DagBag from /home/airflow/.local/lib/python3.7/site-packages/airflow/example_dags/example_branch_python_dop_operator_3.py
[2024-04-15T16:03:52.433+0000] {processor.py:766} INFO - DAG(s) dict_keys(['example_branch_dop_operator_v3']) retrieved from /home/airflow/.local/lib/python3.7/site-packages/airflow/example_dags/example_branch_python_dop_operator_3.py
[2024-04-15T16:03:52.510+0000] {logging_mixin.py:120} INFO - [2024-04-15T16:03:52.510+0000] {dag.py:2585} INFO - Sync 1 DAGs
[2024-04-15T16:03:52.568+0000] {logging_mixin.py:120} INFO - [2024-04-15T16:03:52.568+0000] {dag.py:3340} INFO - Setting next_dagrun for example_branch_dop_operator_v3 to 2024-04-15T16:02:00+00:00, run_after=2024-04-15T16:03:00+00:00
[2024-04-15T16:03:52.609+0000] {processor.py:176} INFO - Processing /home/airflow/.local/lib/python3.7/site-packages/airflow/example_dags/example_branch_python_dop_operator_3.py took 0.234 seconds
[2024-04-15T16:04:23.040+0000] {processor.py:154} INFO - Started process (PID=22329) to work on /home/airflow/.local/lib/python3.7/site-packages/airflow/example_dags/example_branch_python_dop_operator_3.py
[2024-04-15T16:04:23.043+0000] {processor.py:756} INFO - Processing file /home/airflow/.local/lib/python3.7/site-packages/airflow/example_dags/example_branch_python_dop_operator_3.py for tasks to queue
[2024-04-15T16:04:23.045+0000] {logging_mixin.py:120} INFO - [2024-04-15T16:04:23.045+0000] {dagbag.py:537} INFO - Filling up the DagBag from /home/airflow/.local/lib/python3.7/site-packages/airflow/example_dags/example_branch_python_dop_operator_3.py
[2024-04-15T16:04:23.197+0000] {processor.py:766} INFO - DAG(s) dict_keys(['example_branch_dop_operator_v3']) retrieved from /home/airflow/.local/lib/python3.7/site-packages/airflow/example_dags/example_branch_python_dop_operator_3.py
[2024-04-15T16:04:23.343+0000] {logging_mixin.py:120} INFO - [2024-04-15T16:04:23.342+0000] {dag.py:2585} INFO - Sync 1 DAGs
[2024-04-15T16:04:23.412+0000] {logging_mixin.py:120} INFO - [2024-04-15T16:04:23.412+0000] {dag.py:3340} INFO - Setting next_dagrun for example_branch_dop_operator_v3 to 2024-04-15T16:03:00+00:00, run_after=2024-04-15T16:04:00+00:00
[2024-04-15T16:04:23.444+0000] {processor.py:176} INFO - Processing /home/airflow/.local/lib/python3.7/site-packages/airflow/example_dags/example_branch_python_dop_operator_3.py took 0.415 seconds
[2024-04-15T16:04:53.706+0000] {processor.py:154} INFO - Started process (PID=22398) to work on /home/airflow/.local/lib/python3.7/site-packages/airflow/example_dags/example_branch_python_dop_operator_3.py
[2024-04-15T16:04:53.709+0000] {processor.py:756} INFO - Processing file /home/airflow/.local/lib/python3.7/site-packages/airflow/example_dags/example_branch_python_dop_operator_3.py for tasks to queue
[2024-04-15T16:04:53.712+0000] {logging_mixin.py:120} INFO - [2024-04-15T16:04:53.712+0000] {dagbag.py:537} INFO - Filling up the DagBag from /home/airflow/.local/lib/python3.7/site-packages/airflow/example_dags/example_branch_python_dop_operator_3.py
[2024-04-15T16:04:53.780+0000] {processor.py:766} INFO - DAG(s) dict_keys(['example_branch_dop_operator_v3']) retrieved from /home/airflow/.local/lib/python3.7/site-packages/airflow/example_dags/example_branch_python_dop_operator_3.py
[2024-04-15T16:04:53.873+0000] {logging_mixin.py:120} INFO - [2024-04-15T16:04:53.873+0000] {dag.py:2585} INFO - Sync 1 DAGs
[2024-04-15T16:04:53.931+0000] {logging_mixin.py:120} INFO - [2024-04-15T16:04:53.931+0000] {dag.py:3340} INFO - Setting next_dagrun for example_branch_dop_operator_v3 to 2024-04-15T16:03:00+00:00, run_after=2024-04-15T16:04:00+00:00
[2024-04-15T16:04:53.967+0000] {processor.py:176} INFO - Processing /home/airflow/.local/lib/python3.7/site-packages/airflow/example_dags/example_branch_python_dop_operator_3.py took 0.271 seconds
[2024-04-15T16:05:24.958+0000] {processor.py:154} INFO - Started process (PID=22478) to work on /home/airflow/.local/lib/python3.7/site-packages/airflow/example_dags/example_branch_python_dop_operator_3.py
[2024-04-15T16:05:24.960+0000] {processor.py:756} INFO - Processing file /home/airflow/.local/lib/python3.7/site-packages/airflow/example_dags/example_branch_python_dop_operator_3.py for tasks to queue
[2024-04-15T16:05:24.961+0000] {logging_mixin.py:120} INFO - [2024-04-15T16:05:24.961+0000] {dagbag.py:537} INFO - Filling up the DagBag from /home/airflow/.local/lib/python3.7/site-packages/airflow/example_dags/example_branch_python_dop_operator_3.py
[2024-04-15T16:05:25.010+0000] {processor.py:766} INFO - DAG(s) dict_keys(['example_branch_dop_operator_v3']) retrieved from /home/airflow/.local/lib/python3.7/site-packages/airflow/example_dags/example_branch_python_dop_operator_3.py
[2024-04-15T16:05:25.076+0000] {logging_mixin.py:120} INFO - [2024-04-15T16:05:25.076+0000] {dag.py:2585} INFO - Sync 1 DAGs
[2024-04-15T16:05:25.121+0000] {logging_mixin.py:120} INFO - [2024-04-15T16:05:25.121+0000] {dag.py:3340} INFO - Setting next_dagrun for example_branch_dop_operator_v3 to 2024-04-15T16:04:00+00:00, run_after=2024-04-15T16:05:00+00:00
[2024-04-15T16:05:25.156+0000] {processor.py:176} INFO - Processing /home/airflow/.local/lib/python3.7/site-packages/airflow/example_dags/example_branch_python_dop_operator_3.py took 0.212 seconds
[2024-04-15T16:05:55.282+0000] {processor.py:154} INFO - Started process (PID=22547) to work on /home/airflow/.local/lib/python3.7/site-packages/airflow/example_dags/example_branch_python_dop_operator_3.py
[2024-04-15T16:05:55.287+0000] {processor.py:756} INFO - Processing file /home/airflow/.local/lib/python3.7/site-packages/airflow/example_dags/example_branch_python_dop_operator_3.py for tasks to queue
[2024-04-15T16:05:55.289+0000] {logging_mixin.py:120} INFO - [2024-04-15T16:05:55.289+0000] {dagbag.py:537} INFO - Filling up the DagBag from /home/airflow/.local/lib/python3.7/site-packages/airflow/example_dags/example_branch_python_dop_operator_3.py
[2024-04-15T16:05:55.342+0000] {processor.py:766} INFO - DAG(s) dict_keys(['example_branch_dop_operator_v3']) retrieved from /home/airflow/.local/lib/python3.7/site-packages/airflow/example_dags/example_branch_python_dop_operator_3.py
[2024-04-15T16:05:55.407+0000] {logging_mixin.py:120} INFO - [2024-04-15T16:05:55.406+0000] {dag.py:2585} INFO - Sync 1 DAGs
[2024-04-15T16:05:55.457+0000] {logging_mixin.py:120} INFO - [2024-04-15T16:05:55.457+0000] {dag.py:3340} INFO - Setting next_dagrun for example_branch_dop_operator_v3 to 2024-04-15T16:04:00+00:00, run_after=2024-04-15T16:05:00+00:00
[2024-04-15T16:05:55.490+0000] {processor.py:176} INFO - Processing /home/airflow/.local/lib/python3.7/site-packages/airflow/example_dags/example_branch_python_dop_operator_3.py took 0.216 seconds
[2024-04-15T16:06:25.675+0000] {processor.py:154} INFO - Started process (PID=22624) to work on /home/airflow/.local/lib/python3.7/site-packages/airflow/example_dags/example_branch_python_dop_operator_3.py
[2024-04-15T16:06:25.679+0000] {processor.py:756} INFO - Processing file /home/airflow/.local/lib/python3.7/site-packages/airflow/example_dags/example_branch_python_dop_operator_3.py for tasks to queue
[2024-04-15T16:06:25.683+0000] {logging_mixin.py:120} INFO - [2024-04-15T16:06:25.682+0000] {dagbag.py:537} INFO - Filling up the DagBag from /home/airflow/.local/lib/python3.7/site-packages/airflow/example_dags/example_branch_python_dop_operator_3.py
[2024-04-15T16:06:25.731+0000] {processor.py:766} INFO - DAG(s) dict_keys(['example_branch_dop_operator_v3']) retrieved from /home/airflow/.local/lib/python3.7/site-packages/airflow/example_dags/example_branch_python_dop_operator_3.py
[2024-04-15T16:06:25.816+0000] {logging_mixin.py:120} INFO - [2024-04-15T16:06:25.816+0000] {dag.py:2585} INFO - Sync 1 DAGs
[2024-04-15T16:06:25.865+0000] {logging_mixin.py:120} INFO - [2024-04-15T16:06:25.865+0000] {dag.py:3340} INFO - Setting next_dagrun for example_branch_dop_operator_v3 to 2024-04-15T16:05:00+00:00, run_after=2024-04-15T16:06:00+00:00
[2024-04-15T16:06:25.892+0000] {processor.py:176} INFO - Processing /home/airflow/.local/lib/python3.7/site-packages/airflow/example_dags/example_branch_python_dop_operator_3.py took 0.228 seconds
[2024-04-15T16:06:56.259+0000] {processor.py:154} INFO - Started process (PID=22694) to work on /home/airflow/.local/lib/python3.7/site-packages/airflow/example_dags/example_branch_python_dop_operator_3.py
[2024-04-15T16:06:56.263+0000] {processor.py:756} INFO - Processing file /home/airflow/.local/lib/python3.7/site-packages/airflow/example_dags/example_branch_python_dop_operator_3.py for tasks to queue
[2024-04-15T16:06:56.266+0000] {logging_mixin.py:120} INFO - [2024-04-15T16:06:56.266+0000] {dagbag.py:537} INFO - Filling up the DagBag from /home/airflow/.local/lib/python3.7/site-packages/airflow/example_dags/example_branch_python_dop_operator_3.py
[2024-04-15T16:06:56.325+0000] {processor.py:766} INFO - DAG(s) dict_keys(['example_branch_dop_operator_v3']) retrieved from /home/airflow/.local/lib/python3.7/site-packages/airflow/example_dags/example_branch_python_dop_operator_3.py
[2024-04-15T16:06:56.407+0000] {logging_mixin.py:120} INFO - [2024-04-15T16:06:56.406+0000] {dag.py:2585} INFO - Sync 1 DAGs
[2024-04-15T16:06:56.456+0000] {logging_mixin.py:120} INFO - [2024-04-15T16:06:56.456+0000] {dag.py:3340} INFO - Setting next_dagrun for example_branch_dop_operator_v3 to 2024-04-15T16:05:00+00:00, run_after=2024-04-15T16:06:00+00:00
[2024-04-15T16:06:56.491+0000] {processor.py:176} INFO - Processing /home/airflow/.local/lib/python3.7/site-packages/airflow/example_dags/example_branch_python_dop_operator_3.py took 0.242 seconds
[2024-04-15T16:07:26.642+0000] {processor.py:154} INFO - Started process (PID=22771) to work on /home/airflow/.local/lib/python3.7/site-packages/airflow/example_dags/example_branch_python_dop_operator_3.py
[2024-04-15T16:07:26.644+0000] {processor.py:756} INFO - Processing file /home/airflow/.local/lib/python3.7/site-packages/airflow/example_dags/example_branch_python_dop_operator_3.py for tasks to queue
[2024-04-15T16:07:26.647+0000] {logging_mixin.py:120} INFO - [2024-04-15T16:07:26.647+0000] {dagbag.py:537} INFO - Filling up the DagBag from /home/airflow/.local/lib/python3.7/site-packages/airflow/example_dags/example_branch_python_dop_operator_3.py
[2024-04-15T16:07:26.688+0000] {processor.py:766} INFO - DAG(s) dict_keys(['example_branch_dop_operator_v3']) retrieved from /home/airflow/.local/lib/python3.7/site-packages/airflow/example_dags/example_branch_python_dop_operator_3.py
[2024-04-15T16:07:26.762+0000] {logging_mixin.py:120} INFO - [2024-04-15T16:07:26.761+0000] {dag.py:2585} INFO - Sync 1 DAGs
[2024-04-15T16:07:26.855+0000] {logging_mixin.py:120} INFO - [2024-04-15T16:07:26.854+0000] {dag.py:3340} INFO - Setting next_dagrun for example_branch_dop_operator_v3 to 2024-04-15T16:06:00+00:00, run_after=2024-04-15T16:07:00+00:00
[2024-04-15T16:07:26.888+0000] {processor.py:176} INFO - Processing /home/airflow/.local/lib/python3.7/site-packages/airflow/example_dags/example_branch_python_dop_operator_3.py took 0.252 seconds
[2024-04-15T16:07:57.468+0000] {processor.py:154} INFO - Started process (PID=22848) to work on /home/airflow/.local/lib/python3.7/site-packages/airflow/example_dags/example_branch_python_dop_operator_3.py
[2024-04-15T16:07:57.478+0000] {processor.py:756} INFO - Processing file /home/airflow/.local/lib/python3.7/site-packages/airflow/example_dags/example_branch_python_dop_operator_3.py for tasks to queue
[2024-04-15T16:07:57.481+0000] {logging_mixin.py:120} INFO - [2024-04-15T16:07:57.481+0000] {dagbag.py:537} INFO - Filling up the DagBag from /home/airflow/.local/lib/python3.7/site-packages/airflow/example_dags/example_branch_python_dop_operator_3.py
[2024-04-15T16:07:57.552+0000] {processor.py:766} INFO - DAG(s) dict_keys(['example_branch_dop_operator_v3']) retrieved from /home/airflow/.local/lib/python3.7/site-packages/airflow/example_dags/example_branch_python_dop_operator_3.py
[2024-04-15T16:07:57.641+0000] {logging_mixin.py:120} INFO - [2024-04-15T16:07:57.641+0000] {dag.py:2585} INFO - Sync 1 DAGs
[2024-04-15T16:07:57.708+0000] {logging_mixin.py:120} INFO - [2024-04-15T16:07:57.708+0000] {dag.py:3340} INFO - Setting next_dagrun for example_branch_dop_operator_v3 to 2024-04-15T16:06:00+00:00, run_after=2024-04-15T16:07:00+00:00
[2024-04-15T16:07:57.755+0000] {processor.py:176} INFO - Processing /home/airflow/.local/lib/python3.7/site-packages/airflow/example_dags/example_branch_python_dop_operator_3.py took 0.301 seconds
[2024-04-15T16:08:28.201+0000] {processor.py:154} INFO - Started process (PID=22918) to work on /home/airflow/.local/lib/python3.7/site-packages/airflow/example_dags/example_branch_python_dop_operator_3.py
[2024-04-15T16:08:28.212+0000] {processor.py:756} INFO - Processing file /home/airflow/.local/lib/python3.7/site-packages/airflow/example_dags/example_branch_python_dop_operator_3.py for tasks to queue
[2024-04-15T16:08:28.219+0000] {logging_mixin.py:120} INFO - [2024-04-15T16:08:28.218+0000] {dagbag.py:537} INFO - Filling up the DagBag from /home/airflow/.local/lib/python3.7/site-packages/airflow/example_dags/example_branch_python_dop_operator_3.py
[2024-04-15T16:08:28.274+0000] {processor.py:766} INFO - DAG(s) dict_keys(['example_branch_dop_operator_v3']) retrieved from /home/airflow/.local/lib/python3.7/site-packages/airflow/example_dags/example_branch_python_dop_operator_3.py
[2024-04-15T16:08:28.369+0000] {logging_mixin.py:120} INFO - [2024-04-15T16:08:28.369+0000] {dag.py:2585} INFO - Sync 1 DAGs
[2024-04-15T16:08:28.437+0000] {logging_mixin.py:120} INFO - [2024-04-15T16:08:28.437+0000] {dag.py:3340} INFO - Setting next_dagrun for example_branch_dop_operator_v3 to 2024-04-15T16:07:00+00:00, run_after=2024-04-15T16:08:00+00:00
[2024-04-15T16:08:28.480+0000] {processor.py:176} INFO - Processing /home/airflow/.local/lib/python3.7/site-packages/airflow/example_dags/example_branch_python_dop_operator_3.py took 0.292 seconds
[2024-04-15T16:08:58.546+0000] {processor.py:154} INFO - Started process (PID=22995) to work on /home/airflow/.local/lib/python3.7/site-packages/airflow/example_dags/example_branch_python_dop_operator_3.py
[2024-04-15T16:08:58.549+0000] {processor.py:756} INFO - Processing file /home/airflow/.local/lib/python3.7/site-packages/airflow/example_dags/example_branch_python_dop_operator_3.py for tasks to queue
[2024-04-15T16:08:58.552+0000] {logging_mixin.py:120} INFO - [2024-04-15T16:08:58.551+0000] {dagbag.py:537} INFO - Filling up the DagBag from /home/airflow/.local/lib/python3.7/site-packages/airflow/example_dags/example_branch_python_dop_operator_3.py
[2024-04-15T16:08:58.594+0000] {processor.py:766} INFO - DAG(s) dict_keys(['example_branch_dop_operator_v3']) retrieved from /home/airflow/.local/lib/python3.7/site-packages/airflow/example_dags/example_branch_python_dop_operator_3.py
[2024-04-15T16:08:58.676+0000] {logging_mixin.py:120} INFO - [2024-04-15T16:08:58.675+0000] {dag.py:2585} INFO - Sync 1 DAGs
[2024-04-15T16:08:58.767+0000] {logging_mixin.py:120} INFO - [2024-04-15T16:08:58.767+0000] {dag.py:3340} INFO - Setting next_dagrun for example_branch_dop_operator_v3 to 2024-04-15T16:07:00+00:00, run_after=2024-04-15T16:08:00+00:00
[2024-04-15T16:08:58.811+0000] {processor.py:176} INFO - Processing /home/airflow/.local/lib/python3.7/site-packages/airflow/example_dags/example_branch_python_dop_operator_3.py took 0.271 seconds
[2024-04-15T16:09:29.294+0000] {processor.py:154} INFO - Started process (PID=23064) to work on /home/airflow/.local/lib/python3.7/site-packages/airflow/example_dags/example_branch_python_dop_operator_3.py
[2024-04-15T16:09:29.296+0000] {processor.py:756} INFO - Processing file /home/airflow/.local/lib/python3.7/site-packages/airflow/example_dags/example_branch_python_dop_operator_3.py for tasks to queue
[2024-04-15T16:09:29.299+0000] {logging_mixin.py:120} INFO - [2024-04-15T16:09:29.299+0000] {dagbag.py:537} INFO - Filling up the DagBag from /home/airflow/.local/lib/python3.7/site-packages/airflow/example_dags/example_branch_python_dop_operator_3.py
[2024-04-15T16:09:29.344+0000] {processor.py:766} INFO - DAG(s) dict_keys(['example_branch_dop_operator_v3']) retrieved from /home/airflow/.local/lib/python3.7/site-packages/airflow/example_dags/example_branch_python_dop_operator_3.py
[2024-04-15T16:09:29.418+0000] {logging_mixin.py:120} INFO - [2024-04-15T16:09:29.418+0000] {dag.py:2585} INFO - Sync 1 DAGs
[2024-04-15T16:09:29.478+0000] {logging_mixin.py:120} INFO - [2024-04-15T16:09:29.478+0000] {dag.py:3340} INFO - Setting next_dagrun for example_branch_dop_operator_v3 to 2024-04-15T16:08:00+00:00, run_after=2024-04-15T16:09:00+00:00
[2024-04-15T16:09:29.526+0000] {processor.py:176} INFO - Processing /home/airflow/.local/lib/python3.7/site-packages/airflow/example_dags/example_branch_python_dop_operator_3.py took 0.244 seconds
[2024-04-15T16:09:59.607+0000] {processor.py:154} INFO - Started process (PID=23140) to work on /home/airflow/.local/lib/python3.7/site-packages/airflow/example_dags/example_branch_python_dop_operator_3.py
[2024-04-15T16:09:59.609+0000] {processor.py:756} INFO - Processing file /home/airflow/.local/lib/python3.7/site-packages/airflow/example_dags/example_branch_python_dop_operator_3.py for tasks to queue
[2024-04-15T16:09:59.612+0000] {logging_mixin.py:120} INFO - [2024-04-15T16:09:59.611+0000] {dagbag.py:537} INFO - Filling up the DagBag from /home/airflow/.local/lib/python3.7/site-packages/airflow/example_dags/example_branch_python_dop_operator_3.py
[2024-04-15T16:09:59.655+0000] {processor.py:766} INFO - DAG(s) dict_keys(['example_branch_dop_operator_v3']) retrieved from /home/airflow/.local/lib/python3.7/site-packages/airflow/example_dags/example_branch_python_dop_operator_3.py
[2024-04-15T16:09:59.732+0000] {logging_mixin.py:120} INFO - [2024-04-15T16:09:59.732+0000] {dag.py:2585} INFO - Sync 1 DAGs
[2024-04-15T16:09:59.781+0000] {logging_mixin.py:120} INFO - [2024-04-15T16:09:59.781+0000] {dag.py:3340} INFO - Setting next_dagrun for example_branch_dop_operator_v3 to 2024-04-15T16:08:00+00:00, run_after=2024-04-15T16:09:00+00:00
[2024-04-15T16:09:59.816+0000] {processor.py:176} INFO - Processing /home/airflow/.local/lib/python3.7/site-packages/airflow/example_dags/example_branch_python_dop_operator_3.py took 0.215 seconds
[2024-04-15T16:10:29.964+0000] {processor.py:154} INFO - Started process (PID=23209) to work on /home/airflow/.local/lib/python3.7/site-packages/airflow/example_dags/example_branch_python_dop_operator_3.py
[2024-04-15T16:10:29.966+0000] {processor.py:756} INFO - Processing file /home/airflow/.local/lib/python3.7/site-packages/airflow/example_dags/example_branch_python_dop_operator_3.py for tasks to queue
[2024-04-15T16:10:29.969+0000] {logging_mixin.py:120} INFO - [2024-04-15T16:10:29.968+0000] {dagbag.py:537} INFO - Filling up the DagBag from /home/airflow/.local/lib/python3.7/site-packages/airflow/example_dags/example_branch_python_dop_operator_3.py
[2024-04-15T16:10:30.009+0000] {processor.py:766} INFO - DAG(s) dict_keys(['example_branch_dop_operator_v3']) retrieved from /home/airflow/.local/lib/python3.7/site-packages/airflow/example_dags/example_branch_python_dop_operator_3.py
[2024-04-15T16:10:30.093+0000] {logging_mixin.py:120} INFO - [2024-04-15T16:10:30.093+0000] {dag.py:2585} INFO - Sync 1 DAGs
[2024-04-15T16:10:30.144+0000] {logging_mixin.py:120} INFO - [2024-04-15T16:10:30.144+0000] {dag.py:3340} INFO - Setting next_dagrun for example_branch_dop_operator_v3 to 2024-04-15T16:09:00+00:00, run_after=2024-04-15T16:10:00+00:00
[2024-04-15T16:10:30.182+0000] {processor.py:176} INFO - Processing /home/airflow/.local/lib/python3.7/site-packages/airflow/example_dags/example_branch_python_dop_operator_3.py took 0.224 seconds
[2024-04-15T16:11:00.442+0000] {processor.py:154} INFO - Started process (PID=23288) to work on /home/airflow/.local/lib/python3.7/site-packages/airflow/example_dags/example_branch_python_dop_operator_3.py
[2024-04-15T16:11:00.444+0000] {processor.py:756} INFO - Processing file /home/airflow/.local/lib/python3.7/site-packages/airflow/example_dags/example_branch_python_dop_operator_3.py for tasks to queue
[2024-04-15T16:11:00.447+0000] {logging_mixin.py:120} INFO - [2024-04-15T16:11:00.446+0000] {dagbag.py:537} INFO - Filling up the DagBag from /home/airflow/.local/lib/python3.7/site-packages/airflow/example_dags/example_branch_python_dop_operator_3.py
[2024-04-15T16:11:00.494+0000] {processor.py:766} INFO - DAG(s) dict_keys(['example_branch_dop_operator_v3']) retrieved from /home/airflow/.local/lib/python3.7/site-packages/airflow/example_dags/example_branch_python_dop_operator_3.py
[2024-04-15T16:11:00.565+0000] {logging_mixin.py:120} INFO - [2024-04-15T16:11:00.565+0000] {dag.py:2585} INFO - Sync 1 DAGs
[2024-04-15T16:11:00.608+0000] {logging_mixin.py:120} INFO - [2024-04-15T16:11:00.608+0000] {dag.py:3340} INFO - Setting next_dagrun for example_branch_dop_operator_v3 to 2024-04-15T16:10:00+00:00, run_after=2024-04-15T16:11:00+00:00
[2024-04-15T16:11:00.643+0000] {processor.py:176} INFO - Processing /home/airflow/.local/lib/python3.7/site-packages/airflow/example_dags/example_branch_python_dop_operator_3.py took 0.208 seconds
[2024-04-15T16:11:30.956+0000] {processor.py:154} INFO - Started process (PID=23366) to work on /home/airflow/.local/lib/python3.7/site-packages/airflow/example_dags/example_branch_python_dop_operator_3.py
[2024-04-15T16:11:30.958+0000] {processor.py:756} INFO - Processing file /home/airflow/.local/lib/python3.7/site-packages/airflow/example_dags/example_branch_python_dop_operator_3.py for tasks to queue
[2024-04-15T16:11:30.960+0000] {logging_mixin.py:120} INFO - [2024-04-15T16:11:30.960+0000] {dagbag.py:537} INFO - Filling up the DagBag from /home/airflow/.local/lib/python3.7/site-packages/airflow/example_dags/example_branch_python_dop_operator_3.py
[2024-04-15T16:11:30.999+0000] {processor.py:766} INFO - DAG(s) dict_keys(['example_branch_dop_operator_v3']) retrieved from /home/airflow/.local/lib/python3.7/site-packages/airflow/example_dags/example_branch_python_dop_operator_3.py
[2024-04-15T16:11:31.069+0000] {logging_mixin.py:120} INFO - [2024-04-15T16:11:31.069+0000] {dag.py:2585} INFO - Sync 1 DAGs
[2024-04-15T16:11:31.115+0000] {logging_mixin.py:120} INFO - [2024-04-15T16:11:31.115+0000] {dag.py:3340} INFO - Setting next_dagrun for example_branch_dop_operator_v3 to 2024-04-15T16:10:00+00:00, run_after=2024-04-15T16:11:00+00:00
[2024-04-15T16:11:31.145+0000] {processor.py:176} INFO - Processing /home/airflow/.local/lib/python3.7/site-packages/airflow/example_dags/example_branch_python_dop_operator_3.py took 0.195 seconds
[2024-04-15T16:12:01.799+0000] {processor.py:154} INFO - Started process (PID=23434) to work on /home/airflow/.local/lib/python3.7/site-packages/airflow/example_dags/example_branch_python_dop_operator_3.py
[2024-04-15T16:12:01.802+0000] {processor.py:756} INFO - Processing file /home/airflow/.local/lib/python3.7/site-packages/airflow/example_dags/example_branch_python_dop_operator_3.py for tasks to queue
[2024-04-15T16:12:01.804+0000] {logging_mixin.py:120} INFO - [2024-04-15T16:12:01.804+0000] {dagbag.py:537} INFO - Filling up the DagBag from /home/airflow/.local/lib/python3.7/site-packages/airflow/example_dags/example_branch_python_dop_operator_3.py
[2024-04-15T16:12:01.842+0000] {processor.py:766} INFO - DAG(s) dict_keys(['example_branch_dop_operator_v3']) retrieved from /home/airflow/.local/lib/python3.7/site-packages/airflow/example_dags/example_branch_python_dop_operator_3.py
[2024-04-15T16:12:01.911+0000] {logging_mixin.py:120} INFO - [2024-04-15T16:12:01.911+0000] {dag.py:2585} INFO - Sync 1 DAGs
[2024-04-15T16:12:01.959+0000] {logging_mixin.py:120} INFO - [2024-04-15T16:12:01.959+0000] {dag.py:3340} INFO - Setting next_dagrun for example_branch_dop_operator_v3 to 2024-04-15T16:11:00+00:00, run_after=2024-04-15T16:12:00+00:00
[2024-04-15T16:12:01.993+0000] {processor.py:176} INFO - Processing /home/airflow/.local/lib/python3.7/site-packages/airflow/example_dags/example_branch_python_dop_operator_3.py took 0.200 seconds
[2024-04-15T16:12:32.683+0000] {processor.py:154} INFO - Started process (PID=23513) to work on /home/airflow/.local/lib/python3.7/site-packages/airflow/example_dags/example_branch_python_dop_operator_3.py
[2024-04-15T16:12:32.685+0000] {processor.py:756} INFO - Processing file /home/airflow/.local/lib/python3.7/site-packages/airflow/example_dags/example_branch_python_dop_operator_3.py for tasks to queue
[2024-04-15T16:12:32.688+0000] {logging_mixin.py:120} INFO - [2024-04-15T16:12:32.688+0000] {dagbag.py:537} INFO - Filling up the DagBag from /home/airflow/.local/lib/python3.7/site-packages/airflow/example_dags/example_branch_python_dop_operator_3.py
[2024-04-15T16:12:32.737+0000] {processor.py:766} INFO - DAG(s) dict_keys(['example_branch_dop_operator_v3']) retrieved from /home/airflow/.local/lib/python3.7/site-packages/airflow/example_dags/example_branch_python_dop_operator_3.py
[2024-04-15T16:12:32.822+0000] {logging_mixin.py:120} INFO - [2024-04-15T16:12:32.822+0000] {dag.py:2585} INFO - Sync 1 DAGs
[2024-04-15T16:12:32.868+0000] {logging_mixin.py:120} INFO - [2024-04-15T16:12:32.868+0000] {dag.py:3340} INFO - Setting next_dagrun for example_branch_dop_operator_v3 to 2024-04-15T16:11:00+00:00, run_after=2024-04-15T16:12:00+00:00
[2024-04-15T16:12:32.907+0000] {processor.py:176} INFO - Processing /home/airflow/.local/lib/python3.7/site-packages/airflow/example_dags/example_branch_python_dop_operator_3.py took 0.233 seconds
[2024-04-15T16:13:03.675+0000] {processor.py:154} INFO - Started process (PID=23583) to work on /home/airflow/.local/lib/python3.7/site-packages/airflow/example_dags/example_branch_python_dop_operator_3.py
[2024-04-15T16:13:03.677+0000] {processor.py:756} INFO - Processing file /home/airflow/.local/lib/python3.7/site-packages/airflow/example_dags/example_branch_python_dop_operator_3.py for tasks to queue
[2024-04-15T16:13:03.679+0000] {logging_mixin.py:120} INFO - [2024-04-15T16:13:03.679+0000] {dagbag.py:537} INFO - Filling up the DagBag from /home/airflow/.local/lib/python3.7/site-packages/airflow/example_dags/example_branch_python_dop_operator_3.py
[2024-04-15T16:13:03.723+0000] {processor.py:766} INFO - DAG(s) dict_keys(['example_branch_dop_operator_v3']) retrieved from /home/airflow/.local/lib/python3.7/site-packages/airflow/example_dags/example_branch_python_dop_operator_3.py
[2024-04-15T16:13:03.787+0000] {logging_mixin.py:120} INFO - [2024-04-15T16:13:03.787+0000] {dag.py:2585} INFO - Sync 1 DAGs
[2024-04-15T16:13:03.829+0000] {logging_mixin.py:120} INFO - [2024-04-15T16:13:03.829+0000] {dag.py:3340} INFO - Setting next_dagrun for example_branch_dop_operator_v3 to 2024-04-15T16:12:00+00:00, run_after=2024-04-15T16:13:00+00:00
[2024-04-15T16:13:03.861+0000] {processor.py:176} INFO - Processing /home/airflow/.local/lib/python3.7/site-packages/airflow/example_dags/example_branch_python_dop_operator_3.py took 0.194 seconds
[2024-04-15T16:13:35.846+0000] {processor.py:154} INFO - Started process (PID=23660) to work on /home/airflow/.local/lib/python3.7/site-packages/airflow/example_dags/example_branch_python_dop_operator_3.py
[2024-04-15T16:13:35.849+0000] {processor.py:756} INFO - Processing file /home/airflow/.local/lib/python3.7/site-packages/airflow/example_dags/example_branch_python_dop_operator_3.py for tasks to queue
[2024-04-15T16:13:35.853+0000] {logging_mixin.py:120} INFO - [2024-04-15T16:13:35.852+0000] {dagbag.py:537} INFO - Filling up the DagBag from /home/airflow/.local/lib/python3.7/site-packages/airflow/example_dags/example_branch_python_dop_operator_3.py
[2024-04-15T16:13:35.930+0000] {processor.py:766} INFO - DAG(s) dict_keys(['example_branch_dop_operator_v3']) retrieved from /home/airflow/.local/lib/python3.7/site-packages/airflow/example_dags/example_branch_python_dop_operator_3.py
[2024-04-15T16:13:36.062+0000] {logging_mixin.py:120} INFO - [2024-04-15T16:13:36.061+0000] {dag.py:2585} INFO - Sync 1 DAGs
[2024-04-15T16:13:36.130+0000] {logging_mixin.py:120} INFO - [2024-04-15T16:13:36.130+0000] {dag.py:3340} INFO - Setting next_dagrun for example_branch_dop_operator_v3 to 2024-04-15T16:12:00+00:00, run_after=2024-04-15T16:13:00+00:00
[2024-04-15T16:13:36.173+0000] {processor.py:176} INFO - Processing /home/airflow/.local/lib/python3.7/site-packages/airflow/example_dags/example_branch_python_dop_operator_3.py took 0.336 seconds
[2024-04-15T16:20:26.779+0000] {processor.py:154} INFO - Started process (PID=23717) to work on /home/airflow/.local/lib/python3.7/site-packages/airflow/example_dags/example_branch_python_dop_operator_3.py
[2024-04-15T16:20:26.782+0000] {processor.py:756} INFO - Processing file /home/airflow/.local/lib/python3.7/site-packages/airflow/example_dags/example_branch_python_dop_operator_3.py for tasks to queue
[2024-04-15T16:20:26.785+0000] {logging_mixin.py:120} INFO - [2024-04-15T16:20:26.784+0000] {dagbag.py:537} INFO - Filling up the DagBag from /home/airflow/.local/lib/python3.7/site-packages/airflow/example_dags/example_branch_python_dop_operator_3.py
[2024-04-15T16:20:26.888+0000] {processor.py:766} INFO - DAG(s) dict_keys(['example_branch_dop_operator_v3']) retrieved from /home/airflow/.local/lib/python3.7/site-packages/airflow/example_dags/example_branch_python_dop_operator_3.py
[2024-04-15T16:20:26.962+0000] {logging_mixin.py:120} INFO - [2024-04-15T16:20:26.962+0000] {dag.py:2585} INFO - Sync 1 DAGs
[2024-04-15T16:20:27.008+0000] {logging_mixin.py:120} INFO - [2024-04-15T16:20:27.008+0000] {dag.py:3340} INFO - Setting next_dagrun for example_branch_dop_operator_v3 to 2024-04-15T16:19:00+00:00, run_after=2024-04-15T16:20:00+00:00
[2024-04-15T16:20:27.042+0000] {processor.py:176} INFO - Processing /home/airflow/.local/lib/python3.7/site-packages/airflow/example_dags/example_branch_python_dop_operator_3.py took 0.276 seconds
