[2024-04-15T15:40:18.734+0000] {processor.py:154} INFO - Started process (PID=18844) to work on /home/airflow/.local/lib/python3.7/site-packages/airflow/example_dags/tutorial_taskflow_api.py
[2024-04-15T15:40:18.749+0000] {processor.py:756} INFO - Processing file /home/airflow/.local/lib/python3.7/site-packages/airflow/example_dags/tutorial_taskflow_api.py for tasks to queue
[2024-04-15T15:40:18.753+0000] {logging_mixin.py:120} INFO - [2024-04-15T15:40:18.753+0000] {dagbag.py:537} INFO - Filling up the DagBag from /home/airflow/.local/lib/python3.7/site-packages/airflow/example_dags/tutorial_taskflow_api.py
[2024-04-15T15:40:18.919+0000] {processor.py:766} INFO - DAG(s) dict_keys(['tutorial_taskflow_api']) retrieved from /home/airflow/.local/lib/python3.7/site-packages/airflow/example_dags/tutorial_taskflow_api.py
[2024-04-15T15:40:19.201+0000] {logging_mixin.py:120} INFO - [2024-04-15T15:40:19.201+0000] {dag.py:2585} INFO - Sync 1 DAGs
[2024-04-15T15:40:20.000+0000] {logging_mixin.py:120} INFO - [2024-04-15T15:40:20.000+0000] {dag.py:3340} INFO - Setting next_dagrun for tutorial_taskflow_api to None, run_after=None
[2024-04-15T15:40:15.464+0000] {processor.py:176} INFO - Processing /home/airflow/.local/lib/python3.7/site-packages/airflow/example_dags/tutorial_taskflow_api.py took 1.710 seconds
[2024-04-15T15:40:45.918+0000] {processor.py:154} INFO - Started process (PID=18902) to work on /home/airflow/.local/lib/python3.7/site-packages/airflow/example_dags/tutorial_taskflow_api.py
[2024-04-15T15:40:45.921+0000] {processor.py:756} INFO - Processing file /home/airflow/.local/lib/python3.7/site-packages/airflow/example_dags/tutorial_taskflow_api.py for tasks to queue
[2024-04-15T15:40:45.923+0000] {logging_mixin.py:120} INFO - [2024-04-15T15:40:45.922+0000] {dagbag.py:537} INFO - Filling up the DagBag from /home/airflow/.local/lib/python3.7/site-packages/airflow/example_dags/tutorial_taskflow_api.py
[2024-04-15T15:40:45.960+0000] {processor.py:766} INFO - DAG(s) dict_keys(['tutorial_taskflow_api']) retrieved from /home/airflow/.local/lib/python3.7/site-packages/airflow/example_dags/tutorial_taskflow_api.py
[2024-04-15T15:40:46.039+0000] {logging_mixin.py:120} INFO - [2024-04-15T15:40:46.039+0000] {dag.py:2585} INFO - Sync 1 DAGs
[2024-04-15T15:40:46.083+0000] {logging_mixin.py:120} INFO - [2024-04-15T15:40:46.083+0000] {dag.py:3340} INFO - Setting next_dagrun for tutorial_taskflow_api to None, run_after=None
[2024-04-15T15:40:46.115+0000] {processor.py:176} INFO - Processing /home/airflow/.local/lib/python3.7/site-packages/airflow/example_dags/tutorial_taskflow_api.py took 0.204 seconds
[2024-04-15T15:41:16.474+0000] {processor.py:154} INFO - Started process (PID=18980) to work on /home/airflow/.local/lib/python3.7/site-packages/airflow/example_dags/tutorial_taskflow_api.py
[2024-04-15T15:41:16.480+0000] {processor.py:756} INFO - Processing file /home/airflow/.local/lib/python3.7/site-packages/airflow/example_dags/tutorial_taskflow_api.py for tasks to queue
[2024-04-15T15:41:16.484+0000] {logging_mixin.py:120} INFO - [2024-04-15T15:41:16.483+0000] {dagbag.py:537} INFO - Filling up the DagBag from /home/airflow/.local/lib/python3.7/site-packages/airflow/example_dags/tutorial_taskflow_api.py
[2024-04-15T15:41:16.527+0000] {processor.py:766} INFO - DAG(s) dict_keys(['tutorial_taskflow_api']) retrieved from /home/airflow/.local/lib/python3.7/site-packages/airflow/example_dags/tutorial_taskflow_api.py
[2024-04-15T15:41:16.598+0000] {logging_mixin.py:120} INFO - [2024-04-15T15:41:16.598+0000] {dag.py:2585} INFO - Sync 1 DAGs
[2024-04-15T15:41:16.656+0000] {logging_mixin.py:120} INFO - [2024-04-15T15:41:16.656+0000] {dag.py:3340} INFO - Setting next_dagrun for tutorial_taskflow_api to None, run_after=None
[2024-04-15T15:41:16.703+0000] {processor.py:176} INFO - Processing /home/airflow/.local/lib/python3.7/site-packages/airflow/example_dags/tutorial_taskflow_api.py took 0.239 seconds
[2024-04-15T15:41:46.985+0000] {processor.py:154} INFO - Started process (PID=19049) to work on /home/airflow/.local/lib/python3.7/site-packages/airflow/example_dags/tutorial_taskflow_api.py
[2024-04-15T15:41:46.989+0000] {processor.py:756} INFO - Processing file /home/airflow/.local/lib/python3.7/site-packages/airflow/example_dags/tutorial_taskflow_api.py for tasks to queue
[2024-04-15T15:41:46.991+0000] {logging_mixin.py:120} INFO - [2024-04-15T15:41:46.991+0000] {dagbag.py:537} INFO - Filling up the DagBag from /home/airflow/.local/lib/python3.7/site-packages/airflow/example_dags/tutorial_taskflow_api.py
[2024-04-15T15:41:47.034+0000] {processor.py:766} INFO - DAG(s) dict_keys(['tutorial_taskflow_api']) retrieved from /home/airflow/.local/lib/python3.7/site-packages/airflow/example_dags/tutorial_taskflow_api.py
[2024-04-15T15:41:47.109+0000] {logging_mixin.py:120} INFO - [2024-04-15T15:41:47.108+0000] {dag.py:2585} INFO - Sync 1 DAGs
[2024-04-15T15:41:47.155+0000] {logging_mixin.py:120} INFO - [2024-04-15T15:41:47.155+0000] {dag.py:3340} INFO - Setting next_dagrun for tutorial_taskflow_api to None, run_after=None
[2024-04-15T15:41:47.188+0000] {processor.py:176} INFO - Processing /home/airflow/.local/lib/python3.7/site-packages/airflow/example_dags/tutorial_taskflow_api.py took 0.211 seconds
[2024-04-15T15:42:17.328+0000] {processor.py:154} INFO - Started process (PID=19126) to work on /home/airflow/.local/lib/python3.7/site-packages/airflow/example_dags/tutorial_taskflow_api.py
[2024-04-15T15:42:17.332+0000] {processor.py:756} INFO - Processing file /home/airflow/.local/lib/python3.7/site-packages/airflow/example_dags/tutorial_taskflow_api.py for tasks to queue
[2024-04-15T15:42:17.333+0000] {logging_mixin.py:120} INFO - [2024-04-15T15:42:17.333+0000] {dagbag.py:537} INFO - Filling up the DagBag from /home/airflow/.local/lib/python3.7/site-packages/airflow/example_dags/tutorial_taskflow_api.py
[2024-04-15T15:42:17.370+0000] {processor.py:766} INFO - DAG(s) dict_keys(['tutorial_taskflow_api']) retrieved from /home/airflow/.local/lib/python3.7/site-packages/airflow/example_dags/tutorial_taskflow_api.py
[2024-04-15T15:42:17.445+0000] {logging_mixin.py:120} INFO - [2024-04-15T15:42:17.445+0000] {dag.py:2585} INFO - Sync 1 DAGs
[2024-04-15T15:42:17.486+0000] {logging_mixin.py:120} INFO - [2024-04-15T15:42:17.486+0000] {dag.py:3340} INFO - Setting next_dagrun for tutorial_taskflow_api to None, run_after=None
[2024-04-15T15:42:17.526+0000] {processor.py:176} INFO - Processing /home/airflow/.local/lib/python3.7/site-packages/airflow/example_dags/tutorial_taskflow_api.py took 0.214 seconds
[2024-04-15T15:42:47.942+0000] {processor.py:154} INFO - Started process (PID=19196) to work on /home/airflow/.local/lib/python3.7/site-packages/airflow/example_dags/tutorial_taskflow_api.py
[2024-04-15T15:42:47.944+0000] {processor.py:756} INFO - Processing file /home/airflow/.local/lib/python3.7/site-packages/airflow/example_dags/tutorial_taskflow_api.py for tasks to queue
[2024-04-15T15:42:47.946+0000] {logging_mixin.py:120} INFO - [2024-04-15T15:42:47.946+0000] {dagbag.py:537} INFO - Filling up the DagBag from /home/airflow/.local/lib/python3.7/site-packages/airflow/example_dags/tutorial_taskflow_api.py
[2024-04-15T15:42:47.985+0000] {processor.py:766} INFO - DAG(s) dict_keys(['tutorial_taskflow_api']) retrieved from /home/airflow/.local/lib/python3.7/site-packages/airflow/example_dags/tutorial_taskflow_api.py
[2024-04-15T15:42:48.069+0000] {logging_mixin.py:120} INFO - [2024-04-15T15:42:48.069+0000] {dag.py:2585} INFO - Sync 1 DAGs
[2024-04-15T15:42:48.109+0000] {logging_mixin.py:120} INFO - [2024-04-15T15:42:48.109+0000] {dag.py:3340} INFO - Setting next_dagrun for tutorial_taskflow_api to None, run_after=None
[2024-04-15T15:42:48.147+0000] {processor.py:176} INFO - Processing /home/airflow/.local/lib/python3.7/site-packages/airflow/example_dags/tutorial_taskflow_api.py took 0.212 seconds
[2024-04-15T15:43:18.792+0000] {processor.py:154} INFO - Started process (PID=19274) to work on /home/airflow/.local/lib/python3.7/site-packages/airflow/example_dags/tutorial_taskflow_api.py
[2024-04-15T15:43:18.799+0000] {processor.py:756} INFO - Processing file /home/airflow/.local/lib/python3.7/site-packages/airflow/example_dags/tutorial_taskflow_api.py for tasks to queue
[2024-04-15T15:43:18.807+0000] {logging_mixin.py:120} INFO - [2024-04-15T15:43:18.806+0000] {dagbag.py:537} INFO - Filling up the DagBag from /home/airflow/.local/lib/python3.7/site-packages/airflow/example_dags/tutorial_taskflow_api.py
[2024-04-15T15:43:18.867+0000] {processor.py:766} INFO - DAG(s) dict_keys(['tutorial_taskflow_api']) retrieved from /home/airflow/.local/lib/python3.7/site-packages/airflow/example_dags/tutorial_taskflow_api.py
[2024-04-15T15:43:19.050+0000] {logging_mixin.py:120} INFO - [2024-04-15T15:43:19.049+0000] {dag.py:2585} INFO - Sync 1 DAGs
[2024-04-15T15:43:19.181+0000] {logging_mixin.py:120} INFO - [2024-04-15T15:43:19.181+0000] {dag.py:3340} INFO - Setting next_dagrun for tutorial_taskflow_api to None, run_after=None
[2024-04-15T15:43:19.286+0000] {processor.py:176} INFO - Processing /home/airflow/.local/lib/python3.7/site-packages/airflow/example_dags/tutorial_taskflow_api.py took 0.509 seconds
[2024-04-15T15:43:49.701+0000] {processor.py:154} INFO - Started process (PID=19343) to work on /home/airflow/.local/lib/python3.7/site-packages/airflow/example_dags/tutorial_taskflow_api.py
[2024-04-15T15:43:49.703+0000] {processor.py:756} INFO - Processing file /home/airflow/.local/lib/python3.7/site-packages/airflow/example_dags/tutorial_taskflow_api.py for tasks to queue
[2024-04-15T15:43:49.704+0000] {logging_mixin.py:120} INFO - [2024-04-15T15:43:49.704+0000] {dagbag.py:537} INFO - Filling up the DagBag from /home/airflow/.local/lib/python3.7/site-packages/airflow/example_dags/tutorial_taskflow_api.py
[2024-04-15T15:43:49.741+0000] {processor.py:766} INFO - DAG(s) dict_keys(['tutorial_taskflow_api']) retrieved from /home/airflow/.local/lib/python3.7/site-packages/airflow/example_dags/tutorial_taskflow_api.py
[2024-04-15T15:43:49.807+0000] {logging_mixin.py:120} INFO - [2024-04-15T15:43:49.807+0000] {dag.py:2585} INFO - Sync 1 DAGs
[2024-04-15T15:43:49.844+0000] {logging_mixin.py:120} INFO - [2024-04-15T15:43:49.844+0000] {dag.py:3340} INFO - Setting next_dagrun for tutorial_taskflow_api to None, run_after=None
[2024-04-15T15:43:49.870+0000] {processor.py:176} INFO - Processing /home/airflow/.local/lib/python3.7/site-packages/airflow/example_dags/tutorial_taskflow_api.py took 0.176 seconds
[2024-04-15T15:44:20.209+0000] {processor.py:154} INFO - Started process (PID=19422) to work on /home/airflow/.local/lib/python3.7/site-packages/airflow/example_dags/tutorial_taskflow_api.py
[2024-04-15T15:44:20.211+0000] {processor.py:756} INFO - Processing file /home/airflow/.local/lib/python3.7/site-packages/airflow/example_dags/tutorial_taskflow_api.py for tasks to queue
[2024-04-15T15:44:20.212+0000] {logging_mixin.py:120} INFO - [2024-04-15T15:44:20.212+0000] {dagbag.py:537} INFO - Filling up the DagBag from /home/airflow/.local/lib/python3.7/site-packages/airflow/example_dags/tutorial_taskflow_api.py
[2024-04-15T15:44:20.251+0000] {processor.py:766} INFO - DAG(s) dict_keys(['tutorial_taskflow_api']) retrieved from /home/airflow/.local/lib/python3.7/site-packages/airflow/example_dags/tutorial_taskflow_api.py
[2024-04-15T15:44:20.320+0000] {logging_mixin.py:120} INFO - [2024-04-15T15:44:20.320+0000] {dag.py:2585} INFO - Sync 1 DAGs
[2024-04-15T15:44:20.357+0000] {logging_mixin.py:120} INFO - [2024-04-15T15:44:20.357+0000] {dag.py:3340} INFO - Setting next_dagrun for tutorial_taskflow_api to None, run_after=None
[2024-04-15T15:44:20.387+0000] {processor.py:176} INFO - Processing /home/airflow/.local/lib/python3.7/site-packages/airflow/example_dags/tutorial_taskflow_api.py took 0.184 seconds
[2024-04-15T15:44:51.074+0000] {processor.py:154} INFO - Started process (PID=19500) to work on /home/airflow/.local/lib/python3.7/site-packages/airflow/example_dags/tutorial_taskflow_api.py
[2024-04-15T15:44:51.076+0000] {processor.py:756} INFO - Processing file /home/airflow/.local/lib/python3.7/site-packages/airflow/example_dags/tutorial_taskflow_api.py for tasks to queue
[2024-04-15T15:44:51.078+0000] {logging_mixin.py:120} INFO - [2024-04-15T15:44:51.078+0000] {dagbag.py:537} INFO - Filling up the DagBag from /home/airflow/.local/lib/python3.7/site-packages/airflow/example_dags/tutorial_taskflow_api.py
[2024-04-15T15:44:51.134+0000] {processor.py:766} INFO - DAG(s) dict_keys(['tutorial_taskflow_api']) retrieved from /home/airflow/.local/lib/python3.7/site-packages/airflow/example_dags/tutorial_taskflow_api.py
[2024-04-15T15:44:51.235+0000] {logging_mixin.py:120} INFO - [2024-04-15T15:44:51.235+0000] {dag.py:2585} INFO - Sync 1 DAGs
[2024-04-15T15:44:51.276+0000] {logging_mixin.py:120} INFO - [2024-04-15T15:44:51.276+0000] {dag.py:3340} INFO - Setting next_dagrun for tutorial_taskflow_api to None, run_after=None
[2024-04-15T15:44:51.315+0000] {processor.py:176} INFO - Processing /home/airflow/.local/lib/python3.7/site-packages/airflow/example_dags/tutorial_taskflow_api.py took 0.247 seconds
[2024-04-15T15:45:22.192+0000] {processor.py:154} INFO - Started process (PID=19569) to work on /home/airflow/.local/lib/python3.7/site-packages/airflow/example_dags/tutorial_taskflow_api.py
[2024-04-15T15:45:22.194+0000] {processor.py:756} INFO - Processing file /home/airflow/.local/lib/python3.7/site-packages/airflow/example_dags/tutorial_taskflow_api.py for tasks to queue
[2024-04-15T15:45:22.195+0000] {logging_mixin.py:120} INFO - [2024-04-15T15:45:22.195+0000] {dagbag.py:537} INFO - Filling up the DagBag from /home/airflow/.local/lib/python3.7/site-packages/airflow/example_dags/tutorial_taskflow_api.py
[2024-04-15T15:45:22.231+0000] {processor.py:766} INFO - DAG(s) dict_keys(['tutorial_taskflow_api']) retrieved from /home/airflow/.local/lib/python3.7/site-packages/airflow/example_dags/tutorial_taskflow_api.py
[2024-04-15T15:45:22.298+0000] {logging_mixin.py:120} INFO - [2024-04-15T15:45:22.298+0000] {dag.py:2585} INFO - Sync 1 DAGs
[2024-04-15T15:45:22.343+0000] {logging_mixin.py:120} INFO - [2024-04-15T15:45:22.343+0000] {dag.py:3340} INFO - Setting next_dagrun for tutorial_taskflow_api to None, run_after=None
[2024-04-15T15:45:22.374+0000] {processor.py:176} INFO - Processing /home/airflow/.local/lib/python3.7/site-packages/airflow/example_dags/tutorial_taskflow_api.py took 0.190 seconds
[2024-04-15T15:45:53.135+0000] {processor.py:154} INFO - Started process (PID=19647) to work on /home/airflow/.local/lib/python3.7/site-packages/airflow/example_dags/tutorial_taskflow_api.py
[2024-04-15T15:45:53.138+0000] {processor.py:756} INFO - Processing file /home/airflow/.local/lib/python3.7/site-packages/airflow/example_dags/tutorial_taskflow_api.py for tasks to queue
[2024-04-15T15:45:53.141+0000] {logging_mixin.py:120} INFO - [2024-04-15T15:45:53.140+0000] {dagbag.py:537} INFO - Filling up the DagBag from /home/airflow/.local/lib/python3.7/site-packages/airflow/example_dags/tutorial_taskflow_api.py
[2024-04-15T15:45:53.193+0000] {processor.py:766} INFO - DAG(s) dict_keys(['tutorial_taskflow_api']) retrieved from /home/airflow/.local/lib/python3.7/site-packages/airflow/example_dags/tutorial_taskflow_api.py
[2024-04-15T15:45:53.301+0000] {logging_mixin.py:120} INFO - [2024-04-15T15:45:53.301+0000] {dag.py:2585} INFO - Sync 1 DAGs
[2024-04-15T15:45:53.351+0000] {logging_mixin.py:120} INFO - [2024-04-15T15:45:53.351+0000] {dag.py:3340} INFO - Setting next_dagrun for tutorial_taskflow_api to None, run_after=None
[2024-04-15T15:45:53.389+0000] {processor.py:176} INFO - Processing /home/airflow/.local/lib/python3.7/site-packages/airflow/example_dags/tutorial_taskflow_api.py took 0.266 seconds
[2024-04-15T15:46:24.262+0000] {processor.py:154} INFO - Started process (PID=19716) to work on /home/airflow/.local/lib/python3.7/site-packages/airflow/example_dags/tutorial_taskflow_api.py
[2024-04-15T15:46:24.264+0000] {processor.py:756} INFO - Processing file /home/airflow/.local/lib/python3.7/site-packages/airflow/example_dags/tutorial_taskflow_api.py for tasks to queue
[2024-04-15T15:46:24.266+0000] {logging_mixin.py:120} INFO - [2024-04-15T15:46:24.266+0000] {dagbag.py:537} INFO - Filling up the DagBag from /home/airflow/.local/lib/python3.7/site-packages/airflow/example_dags/tutorial_taskflow_api.py
[2024-04-15T15:46:24.299+0000] {processor.py:766} INFO - DAG(s) dict_keys(['tutorial_taskflow_api']) retrieved from /home/airflow/.local/lib/python3.7/site-packages/airflow/example_dags/tutorial_taskflow_api.py
[2024-04-15T15:46:24.367+0000] {logging_mixin.py:120} INFO - [2024-04-15T15:46:24.367+0000] {dag.py:2585} INFO - Sync 1 DAGs
[2024-04-15T15:46:24.404+0000] {logging_mixin.py:120} INFO - [2024-04-15T15:46:24.404+0000] {dag.py:3340} INFO - Setting next_dagrun for tutorial_taskflow_api to None, run_after=None
[2024-04-15T15:46:24.436+0000] {processor.py:176} INFO - Processing /home/airflow/.local/lib/python3.7/site-packages/airflow/example_dags/tutorial_taskflow_api.py took 0.179 seconds
[2024-04-15T15:46:54.571+0000] {processor.py:154} INFO - Started process (PID=19792) to work on /home/airflow/.local/lib/python3.7/site-packages/airflow/example_dags/tutorial_taskflow_api.py
[2024-04-15T15:46:54.574+0000] {processor.py:756} INFO - Processing file /home/airflow/.local/lib/python3.7/site-packages/airflow/example_dags/tutorial_taskflow_api.py for tasks to queue
[2024-04-15T15:46:54.576+0000] {logging_mixin.py:120} INFO - [2024-04-15T15:46:54.576+0000] {dagbag.py:537} INFO - Filling up the DagBag from /home/airflow/.local/lib/python3.7/site-packages/airflow/example_dags/tutorial_taskflow_api.py
[2024-04-15T15:46:54.619+0000] {processor.py:766} INFO - DAG(s) dict_keys(['tutorial_taskflow_api']) retrieved from /home/airflow/.local/lib/python3.7/site-packages/airflow/example_dags/tutorial_taskflow_api.py
[2024-04-15T15:46:54.709+0000] {logging_mixin.py:120} INFO - [2024-04-15T15:46:54.709+0000] {dag.py:2585} INFO - Sync 1 DAGs
[2024-04-15T15:46:54.749+0000] {logging_mixin.py:120} INFO - [2024-04-15T15:46:54.748+0000] {dag.py:3340} INFO - Setting next_dagrun for tutorial_taskflow_api to None, run_after=None
[2024-04-15T15:46:54.782+0000] {processor.py:176} INFO - Processing /home/airflow/.local/lib/python3.7/site-packages/airflow/example_dags/tutorial_taskflow_api.py took 0.218 seconds
[2024-04-15T15:47:25.247+0000] {processor.py:154} INFO - Started process (PID=19863) to work on /home/airflow/.local/lib/python3.7/site-packages/airflow/example_dags/tutorial_taskflow_api.py
[2024-04-15T15:47:25.249+0000] {processor.py:756} INFO - Processing file /home/airflow/.local/lib/python3.7/site-packages/airflow/example_dags/tutorial_taskflow_api.py for tasks to queue
[2024-04-15T15:47:25.251+0000] {logging_mixin.py:120} INFO - [2024-04-15T15:47:25.250+0000] {dagbag.py:537} INFO - Filling up the DagBag from /home/airflow/.local/lib/python3.7/site-packages/airflow/example_dags/tutorial_taskflow_api.py
[2024-04-15T15:47:25.286+0000] {processor.py:766} INFO - DAG(s) dict_keys(['tutorial_taskflow_api']) retrieved from /home/airflow/.local/lib/python3.7/site-packages/airflow/example_dags/tutorial_taskflow_api.py
[2024-04-15T15:47:25.358+0000] {logging_mixin.py:120} INFO - [2024-04-15T15:47:25.358+0000] {dag.py:2585} INFO - Sync 1 DAGs
[2024-04-15T15:47:25.400+0000] {logging_mixin.py:120} INFO - [2024-04-15T15:47:25.400+0000] {dag.py:3340} INFO - Setting next_dagrun for tutorial_taskflow_api to None, run_after=None
[2024-04-15T15:47:25.431+0000] {processor.py:176} INFO - Processing /home/airflow/.local/lib/python3.7/site-packages/airflow/example_dags/tutorial_taskflow_api.py took 0.189 seconds
[2024-04-15T15:47:55.939+0000] {processor.py:154} INFO - Started process (PID=19941) to work on /home/airflow/.local/lib/python3.7/site-packages/airflow/example_dags/tutorial_taskflow_api.py
[2024-04-15T15:47:55.941+0000] {processor.py:756} INFO - Processing file /home/airflow/.local/lib/python3.7/site-packages/airflow/example_dags/tutorial_taskflow_api.py for tasks to queue
[2024-04-15T15:47:55.943+0000] {logging_mixin.py:120} INFO - [2024-04-15T15:47:55.942+0000] {dagbag.py:537} INFO - Filling up the DagBag from /home/airflow/.local/lib/python3.7/site-packages/airflow/example_dags/tutorial_taskflow_api.py
[2024-04-15T15:47:55.976+0000] {processor.py:766} INFO - DAG(s) dict_keys(['tutorial_taskflow_api']) retrieved from /home/airflow/.local/lib/python3.7/site-packages/airflow/example_dags/tutorial_taskflow_api.py
[2024-04-15T15:47:56.046+0000] {logging_mixin.py:120} INFO - [2024-04-15T15:47:56.046+0000] {dag.py:2585} INFO - Sync 1 DAGs
[2024-04-15T15:47:56.085+0000] {logging_mixin.py:120} INFO - [2024-04-15T15:47:56.084+0000] {dag.py:3340} INFO - Setting next_dagrun for tutorial_taskflow_api to None, run_after=None
[2024-04-15T15:47:56.116+0000] {processor.py:176} INFO - Processing /home/airflow/.local/lib/python3.7/site-packages/airflow/example_dags/tutorial_taskflow_api.py took 0.183 seconds
[2024-04-15T15:48:26.265+0000] {processor.py:154} INFO - Started process (PID=20020) to work on /home/airflow/.local/lib/python3.7/site-packages/airflow/example_dags/tutorial_taskflow_api.py
[2024-04-15T15:48:26.267+0000] {processor.py:756} INFO - Processing file /home/airflow/.local/lib/python3.7/site-packages/airflow/example_dags/tutorial_taskflow_api.py for tasks to queue
[2024-04-15T15:48:26.269+0000] {logging_mixin.py:120} INFO - [2024-04-15T15:48:26.268+0000] {dagbag.py:537} INFO - Filling up the DagBag from /home/airflow/.local/lib/python3.7/site-packages/airflow/example_dags/tutorial_taskflow_api.py
[2024-04-15T15:48:26.306+0000] {processor.py:766} INFO - DAG(s) dict_keys(['tutorial_taskflow_api']) retrieved from /home/airflow/.local/lib/python3.7/site-packages/airflow/example_dags/tutorial_taskflow_api.py
[2024-04-15T15:48:26.376+0000] {logging_mixin.py:120} INFO - [2024-04-15T15:48:26.375+0000] {dag.py:2585} INFO - Sync 1 DAGs
[2024-04-15T15:48:26.415+0000] {logging_mixin.py:120} INFO - [2024-04-15T15:48:26.415+0000] {dag.py:3340} INFO - Setting next_dagrun for tutorial_taskflow_api to None, run_after=None
[2024-04-15T15:48:26.472+0000] {processor.py:176} INFO - Processing /home/airflow/.local/lib/python3.7/site-packages/airflow/example_dags/tutorial_taskflow_api.py took 0.213 seconds
[2024-04-15T15:48:57.446+0000] {processor.py:154} INFO - Started process (PID=20089) to work on /home/airflow/.local/lib/python3.7/site-packages/airflow/example_dags/tutorial_taskflow_api.py
[2024-04-15T15:48:57.453+0000] {processor.py:756} INFO - Processing file /home/airflow/.local/lib/python3.7/site-packages/airflow/example_dags/tutorial_taskflow_api.py for tasks to queue
[2024-04-15T15:48:57.457+0000] {logging_mixin.py:120} INFO - [2024-04-15T15:48:57.456+0000] {dagbag.py:537} INFO - Filling up the DagBag from /home/airflow/.local/lib/python3.7/site-packages/airflow/example_dags/tutorial_taskflow_api.py
[2024-04-15T15:48:57.498+0000] {processor.py:766} INFO - DAG(s) dict_keys(['tutorial_taskflow_api']) retrieved from /home/airflow/.local/lib/python3.7/site-packages/airflow/example_dags/tutorial_taskflow_api.py
[2024-04-15T15:48:57.567+0000] {logging_mixin.py:120} INFO - [2024-04-15T15:48:57.567+0000] {dag.py:2585} INFO - Sync 1 DAGs
[2024-04-15T15:48:57.613+0000] {logging_mixin.py:120} INFO - [2024-04-15T15:48:57.612+0000] {dag.py:3340} INFO - Setting next_dagrun for tutorial_taskflow_api to None, run_after=None
[2024-04-15T15:48:57.655+0000] {processor.py:176} INFO - Processing /home/airflow/.local/lib/python3.7/site-packages/airflow/example_dags/tutorial_taskflow_api.py took 0.245 seconds
[2024-04-15T15:49:27.713+0000] {processor.py:154} INFO - Started process (PID=20167) to work on /home/airflow/.local/lib/python3.7/site-packages/airflow/example_dags/tutorial_taskflow_api.py
[2024-04-15T15:49:27.715+0000] {processor.py:756} INFO - Processing file /home/airflow/.local/lib/python3.7/site-packages/airflow/example_dags/tutorial_taskflow_api.py for tasks to queue
[2024-04-15T15:49:27.717+0000] {logging_mixin.py:120} INFO - [2024-04-15T15:49:27.717+0000] {dagbag.py:537} INFO - Filling up the DagBag from /home/airflow/.local/lib/python3.7/site-packages/airflow/example_dags/tutorial_taskflow_api.py
[2024-04-15T15:49:27.757+0000] {processor.py:766} INFO - DAG(s) dict_keys(['tutorial_taskflow_api']) retrieved from /home/airflow/.local/lib/python3.7/site-packages/airflow/example_dags/tutorial_taskflow_api.py
[2024-04-15T15:49:27.832+0000] {logging_mixin.py:120} INFO - [2024-04-15T15:49:27.832+0000] {dag.py:2585} INFO - Sync 1 DAGs
[2024-04-15T15:49:27.876+0000] {logging_mixin.py:120} INFO - [2024-04-15T15:49:27.876+0000] {dag.py:3340} INFO - Setting next_dagrun for tutorial_taskflow_api to None, run_after=None
[2024-04-15T15:49:27.901+0000] {processor.py:176} INFO - Processing /home/airflow/.local/lib/python3.7/site-packages/airflow/example_dags/tutorial_taskflow_api.py took 0.194 seconds
[2024-04-15T15:49:58.133+0000] {processor.py:154} INFO - Started process (PID=20236) to work on /home/airflow/.local/lib/python3.7/site-packages/airflow/example_dags/tutorial_taskflow_api.py
[2024-04-15T15:49:58.136+0000] {processor.py:756} INFO - Processing file /home/airflow/.local/lib/python3.7/site-packages/airflow/example_dags/tutorial_taskflow_api.py for tasks to queue
[2024-04-15T15:49:58.139+0000] {logging_mixin.py:120} INFO - [2024-04-15T15:49:58.139+0000] {dagbag.py:537} INFO - Filling up the DagBag from /home/airflow/.local/lib/python3.7/site-packages/airflow/example_dags/tutorial_taskflow_api.py
[2024-04-15T15:49:58.188+0000] {processor.py:766} INFO - DAG(s) dict_keys(['tutorial_taskflow_api']) retrieved from /home/airflow/.local/lib/python3.7/site-packages/airflow/example_dags/tutorial_taskflow_api.py
[2024-04-15T15:49:58.258+0000] {logging_mixin.py:120} INFO - [2024-04-15T15:49:58.258+0000] {dag.py:2585} INFO - Sync 1 DAGs
[2024-04-15T15:49:58.304+0000] {logging_mixin.py:120} INFO - [2024-04-15T15:49:58.304+0000] {dag.py:3340} INFO - Setting next_dagrun for tutorial_taskflow_api to None, run_after=None
[2024-04-15T15:49:58.337+0000] {processor.py:176} INFO - Processing /home/airflow/.local/lib/python3.7/site-packages/airflow/example_dags/tutorial_taskflow_api.py took 0.212 seconds
[2024-04-15T15:50:28.426+0000] {processor.py:154} INFO - Started process (PID=20315) to work on /home/airflow/.local/lib/python3.7/site-packages/airflow/example_dags/tutorial_taskflow_api.py
[2024-04-15T15:50:28.428+0000] {processor.py:756} INFO - Processing file /home/airflow/.local/lib/python3.7/site-packages/airflow/example_dags/tutorial_taskflow_api.py for tasks to queue
[2024-04-15T15:50:28.430+0000] {logging_mixin.py:120} INFO - [2024-04-15T15:50:28.430+0000] {dagbag.py:537} INFO - Filling up the DagBag from /home/airflow/.local/lib/python3.7/site-packages/airflow/example_dags/tutorial_taskflow_api.py
[2024-04-15T15:50:28.464+0000] {processor.py:766} INFO - DAG(s) dict_keys(['tutorial_taskflow_api']) retrieved from /home/airflow/.local/lib/python3.7/site-packages/airflow/example_dags/tutorial_taskflow_api.py
[2024-04-15T15:50:28.534+0000] {logging_mixin.py:120} INFO - [2024-04-15T15:50:28.534+0000] {dag.py:2585} INFO - Sync 1 DAGs
[2024-04-15T15:50:28.575+0000] {logging_mixin.py:120} INFO - [2024-04-15T15:50:28.575+0000] {dag.py:3340} INFO - Setting next_dagrun for tutorial_taskflow_api to None, run_after=None
[2024-04-15T15:50:28.602+0000] {processor.py:176} INFO - Processing /home/airflow/.local/lib/python3.7/site-packages/airflow/example_dags/tutorial_taskflow_api.py took 0.182 seconds
[2024-04-15T15:50:59.216+0000] {processor.py:154} INFO - Started process (PID=20380) to work on /home/airflow/.local/lib/python3.7/site-packages/airflow/example_dags/tutorial_taskflow_api.py
[2024-04-15T15:50:59.218+0000] {processor.py:756} INFO - Processing file /home/airflow/.local/lib/python3.7/site-packages/airflow/example_dags/tutorial_taskflow_api.py for tasks to queue
[2024-04-15T15:50:59.220+0000] {logging_mixin.py:120} INFO - [2024-04-15T15:50:59.219+0000] {dagbag.py:537} INFO - Filling up the DagBag from /home/airflow/.local/lib/python3.7/site-packages/airflow/example_dags/tutorial_taskflow_api.py
[2024-04-15T15:50:59.253+0000] {processor.py:766} INFO - DAG(s) dict_keys(['tutorial_taskflow_api']) retrieved from /home/airflow/.local/lib/python3.7/site-packages/airflow/example_dags/tutorial_taskflow_api.py
[2024-04-15T15:50:59.321+0000] {logging_mixin.py:120} INFO - [2024-04-15T15:50:59.320+0000] {dag.py:2585} INFO - Sync 1 DAGs
[2024-04-15T15:50:59.359+0000] {logging_mixin.py:120} INFO - [2024-04-15T15:50:59.359+0000] {dag.py:3340} INFO - Setting next_dagrun for tutorial_taskflow_api to None, run_after=None
[2024-04-15T15:50:59.393+0000] {processor.py:176} INFO - Processing /home/airflow/.local/lib/python3.7/site-packages/airflow/example_dags/tutorial_taskflow_api.py took 0.183 seconds
[2024-04-15T15:51:30.087+0000] {processor.py:154} INFO - Started process (PID=20459) to work on /home/airflow/.local/lib/python3.7/site-packages/airflow/example_dags/tutorial_taskflow_api.py
[2024-04-15T15:51:30.090+0000] {processor.py:756} INFO - Processing file /home/airflow/.local/lib/python3.7/site-packages/airflow/example_dags/tutorial_taskflow_api.py for tasks to queue
[2024-04-15T15:51:30.092+0000] {logging_mixin.py:120} INFO - [2024-04-15T15:51:30.092+0000] {dagbag.py:537} INFO - Filling up the DagBag from /home/airflow/.local/lib/python3.7/site-packages/airflow/example_dags/tutorial_taskflow_api.py
[2024-04-15T15:51:30.137+0000] {processor.py:766} INFO - DAG(s) dict_keys(['tutorial_taskflow_api']) retrieved from /home/airflow/.local/lib/python3.7/site-packages/airflow/example_dags/tutorial_taskflow_api.py
[2024-04-15T15:51:30.214+0000] {logging_mixin.py:120} INFO - [2024-04-15T15:51:30.214+0000] {dag.py:2585} INFO - Sync 1 DAGs
[2024-04-15T15:51:30.262+0000] {logging_mixin.py:120} INFO - [2024-04-15T15:51:30.261+0000] {dag.py:3340} INFO - Setting next_dagrun for tutorial_taskflow_api to None, run_after=None
[2024-04-15T15:51:30.299+0000] {processor.py:176} INFO - Processing /home/airflow/.local/lib/python3.7/site-packages/airflow/example_dags/tutorial_taskflow_api.py took 0.219 seconds
[2024-04-15T15:52:00.574+0000] {processor.py:154} INFO - Started process (PID=20537) to work on /home/airflow/.local/lib/python3.7/site-packages/airflow/example_dags/tutorial_taskflow_api.py
[2024-04-15T15:52:00.576+0000] {processor.py:756} INFO - Processing file /home/airflow/.local/lib/python3.7/site-packages/airflow/example_dags/tutorial_taskflow_api.py for tasks to queue
[2024-04-15T15:52:00.578+0000] {logging_mixin.py:120} INFO - [2024-04-15T15:52:00.578+0000] {dagbag.py:537} INFO - Filling up the DagBag from /home/airflow/.local/lib/python3.7/site-packages/airflow/example_dags/tutorial_taskflow_api.py
[2024-04-15T15:52:00.614+0000] {processor.py:766} INFO - DAG(s) dict_keys(['tutorial_taskflow_api']) retrieved from /home/airflow/.local/lib/python3.7/site-packages/airflow/example_dags/tutorial_taskflow_api.py
[2024-04-15T15:52:00.684+0000] {logging_mixin.py:120} INFO - [2024-04-15T15:52:00.684+0000] {dag.py:2585} INFO - Sync 1 DAGs
[2024-04-15T15:52:00.732+0000] {logging_mixin.py:120} INFO - [2024-04-15T15:52:00.732+0000] {dag.py:3340} INFO - Setting next_dagrun for tutorial_taskflow_api to None, run_after=None
[2024-04-15T15:52:00.764+0000] {processor.py:176} INFO - Processing /home/airflow/.local/lib/python3.7/site-packages/airflow/example_dags/tutorial_taskflow_api.py took 0.196 seconds
[2024-04-15T15:52:31.235+0000] {processor.py:154} INFO - Started process (PID=20608) to work on /home/airflow/.local/lib/python3.7/site-packages/airflow/example_dags/tutorial_taskflow_api.py
[2024-04-15T15:52:31.236+0000] {processor.py:756} INFO - Processing file /home/airflow/.local/lib/python3.7/site-packages/airflow/example_dags/tutorial_taskflow_api.py for tasks to queue
[2024-04-15T15:52:31.238+0000] {logging_mixin.py:120} INFO - [2024-04-15T15:52:31.238+0000] {dagbag.py:537} INFO - Filling up the DagBag from /home/airflow/.local/lib/python3.7/site-packages/airflow/example_dags/tutorial_taskflow_api.py
[2024-04-15T15:52:31.273+0000] {processor.py:766} INFO - DAG(s) dict_keys(['tutorial_taskflow_api']) retrieved from /home/airflow/.local/lib/python3.7/site-packages/airflow/example_dags/tutorial_taskflow_api.py
[2024-04-15T15:52:31.350+0000] {logging_mixin.py:120} INFO - [2024-04-15T15:52:31.350+0000] {dag.py:2585} INFO - Sync 1 DAGs
[2024-04-15T15:52:31.425+0000] {logging_mixin.py:120} INFO - [2024-04-15T15:52:31.424+0000] {dag.py:3340} INFO - Setting next_dagrun for tutorial_taskflow_api to None, run_after=None
[2024-04-15T15:52:31.476+0000] {processor.py:176} INFO - Processing /home/airflow/.local/lib/python3.7/site-packages/airflow/example_dags/tutorial_taskflow_api.py took 0.246 seconds
[2024-04-15T15:53:02.007+0000] {processor.py:154} INFO - Started process (PID=20686) to work on /home/airflow/.local/lib/python3.7/site-packages/airflow/example_dags/tutorial_taskflow_api.py
[2024-04-15T15:53:02.010+0000] {processor.py:756} INFO - Processing file /home/airflow/.local/lib/python3.7/site-packages/airflow/example_dags/tutorial_taskflow_api.py for tasks to queue
[2024-04-15T15:53:02.012+0000] {logging_mixin.py:120} INFO - [2024-04-15T15:53:02.012+0000] {dagbag.py:537} INFO - Filling up the DagBag from /home/airflow/.local/lib/python3.7/site-packages/airflow/example_dags/tutorial_taskflow_api.py
[2024-04-15T15:53:02.047+0000] {processor.py:766} INFO - DAG(s) dict_keys(['tutorial_taskflow_api']) retrieved from /home/airflow/.local/lib/python3.7/site-packages/airflow/example_dags/tutorial_taskflow_api.py
[2024-04-15T15:53:02.116+0000] {logging_mixin.py:120} INFO - [2024-04-15T15:53:02.116+0000] {dag.py:2585} INFO - Sync 1 DAGs
[2024-04-15T15:53:02.162+0000] {logging_mixin.py:120} INFO - [2024-04-15T15:53:02.162+0000] {dag.py:3340} INFO - Setting next_dagrun for tutorial_taskflow_api to None, run_after=None
[2024-04-15T15:53:02.194+0000] {processor.py:176} INFO - Processing /home/airflow/.local/lib/python3.7/site-packages/airflow/example_dags/tutorial_taskflow_api.py took 0.196 seconds
[2024-04-15T15:53:32.336+0000] {processor.py:154} INFO - Started process (PID=20755) to work on /home/airflow/.local/lib/python3.7/site-packages/airflow/example_dags/tutorial_taskflow_api.py
[2024-04-15T15:53:32.338+0000] {processor.py:756} INFO - Processing file /home/airflow/.local/lib/python3.7/site-packages/airflow/example_dags/tutorial_taskflow_api.py for tasks to queue
[2024-04-15T15:53:32.340+0000] {logging_mixin.py:120} INFO - [2024-04-15T15:53:32.340+0000] {dagbag.py:537} INFO - Filling up the DagBag from /home/airflow/.local/lib/python3.7/site-packages/airflow/example_dags/tutorial_taskflow_api.py
[2024-04-15T15:53:32.372+0000] {processor.py:766} INFO - DAG(s) dict_keys(['tutorial_taskflow_api']) retrieved from /home/airflow/.local/lib/python3.7/site-packages/airflow/example_dags/tutorial_taskflow_api.py
[2024-04-15T15:53:32.442+0000] {logging_mixin.py:120} INFO - [2024-04-15T15:53:32.442+0000] {dag.py:2585} INFO - Sync 1 DAGs
[2024-04-15T15:53:32.479+0000] {logging_mixin.py:120} INFO - [2024-04-15T15:53:32.479+0000] {dag.py:3340} INFO - Setting next_dagrun for tutorial_taskflow_api to None, run_after=None
[2024-04-15T15:53:32.509+0000] {processor.py:176} INFO - Processing /home/airflow/.local/lib/python3.7/site-packages/airflow/example_dags/tutorial_taskflow_api.py took 0.180 seconds
[2024-04-15T15:54:02.807+0000] {processor.py:154} INFO - Started process (PID=20834) to work on /home/airflow/.local/lib/python3.7/site-packages/airflow/example_dags/tutorial_taskflow_api.py
[2024-04-15T15:54:02.810+0000] {processor.py:756} INFO - Processing file /home/airflow/.local/lib/python3.7/site-packages/airflow/example_dags/tutorial_taskflow_api.py for tasks to queue
[2024-04-15T15:54:02.813+0000] {logging_mixin.py:120} INFO - [2024-04-15T15:54:02.813+0000] {dagbag.py:537} INFO - Filling up the DagBag from /home/airflow/.local/lib/python3.7/site-packages/airflow/example_dags/tutorial_taskflow_api.py
[2024-04-15T15:54:02.851+0000] {processor.py:766} INFO - DAG(s) dict_keys(['tutorial_taskflow_api']) retrieved from /home/airflow/.local/lib/python3.7/site-packages/airflow/example_dags/tutorial_taskflow_api.py
[2024-04-15T15:54:02.963+0000] {logging_mixin.py:120} INFO - [2024-04-15T15:54:02.963+0000] {dag.py:2585} INFO - Sync 1 DAGs
[2024-04-15T15:54:03.048+0000] {logging_mixin.py:120} INFO - [2024-04-15T15:54:03.047+0000] {dag.py:3340} INFO - Setting next_dagrun for tutorial_taskflow_api to None, run_after=None
[2024-04-15T15:54:03.110+0000] {processor.py:176} INFO - Processing /home/airflow/.local/lib/python3.7/site-packages/airflow/example_dags/tutorial_taskflow_api.py took 0.311 seconds
[2024-04-15T15:54:33.311+0000] {processor.py:154} INFO - Started process (PID=20903) to work on /home/airflow/.local/lib/python3.7/site-packages/airflow/example_dags/tutorial_taskflow_api.py
[2024-04-15T15:54:33.314+0000] {processor.py:756} INFO - Processing file /home/airflow/.local/lib/python3.7/site-packages/airflow/example_dags/tutorial_taskflow_api.py for tasks to queue
[2024-04-15T15:54:33.315+0000] {logging_mixin.py:120} INFO - [2024-04-15T15:54:33.315+0000] {dagbag.py:537} INFO - Filling up the DagBag from /home/airflow/.local/lib/python3.7/site-packages/airflow/example_dags/tutorial_taskflow_api.py
[2024-04-15T15:54:33.348+0000] {processor.py:766} INFO - DAG(s) dict_keys(['tutorial_taskflow_api']) retrieved from /home/airflow/.local/lib/python3.7/site-packages/airflow/example_dags/tutorial_taskflow_api.py
[2024-04-15T15:54:33.414+0000] {logging_mixin.py:120} INFO - [2024-04-15T15:54:33.414+0000] {dag.py:2585} INFO - Sync 1 DAGs
[2024-04-15T15:54:33.451+0000] {logging_mixin.py:120} INFO - [2024-04-15T15:54:33.451+0000] {dag.py:3340} INFO - Setting next_dagrun for tutorial_taskflow_api to None, run_after=None
[2024-04-15T15:54:33.479+0000] {processor.py:176} INFO - Processing /home/airflow/.local/lib/python3.7/site-packages/airflow/example_dags/tutorial_taskflow_api.py took 0.174 seconds
[2024-04-15T15:55:03.706+0000] {processor.py:154} INFO - Started process (PID=20981) to work on /home/airflow/.local/lib/python3.7/site-packages/airflow/example_dags/tutorial_taskflow_api.py
[2024-04-15T15:55:03.709+0000] {processor.py:756} INFO - Processing file /home/airflow/.local/lib/python3.7/site-packages/airflow/example_dags/tutorial_taskflow_api.py for tasks to queue
[2024-04-15T15:55:03.710+0000] {logging_mixin.py:120} INFO - [2024-04-15T15:55:03.710+0000] {dagbag.py:537} INFO - Filling up the DagBag from /home/airflow/.local/lib/python3.7/site-packages/airflow/example_dags/tutorial_taskflow_api.py
[2024-04-15T15:55:03.745+0000] {processor.py:766} INFO - DAG(s) dict_keys(['tutorial_taskflow_api']) retrieved from /home/airflow/.local/lib/python3.7/site-packages/airflow/example_dags/tutorial_taskflow_api.py
[2024-04-15T15:55:03.816+0000] {logging_mixin.py:120} INFO - [2024-04-15T15:55:03.816+0000] {dag.py:2585} INFO - Sync 1 DAGs
[2024-04-15T15:55:03.856+0000] {logging_mixin.py:120} INFO - [2024-04-15T15:55:03.855+0000] {dag.py:3340} INFO - Setting next_dagrun for tutorial_taskflow_api to None, run_after=None
[2024-04-15T15:55:03.883+0000] {processor.py:176} INFO - Processing /home/airflow/.local/lib/python3.7/site-packages/airflow/example_dags/tutorial_taskflow_api.py took 0.183 seconds
[2024-04-15T15:55:34.075+0000] {processor.py:154} INFO - Started process (PID=21050) to work on /home/airflow/.local/lib/python3.7/site-packages/airflow/example_dags/tutorial_taskflow_api.py
[2024-04-15T15:55:34.077+0000] {processor.py:756} INFO - Processing file /home/airflow/.local/lib/python3.7/site-packages/airflow/example_dags/tutorial_taskflow_api.py for tasks to queue
[2024-04-15T15:55:34.079+0000] {logging_mixin.py:120} INFO - [2024-04-15T15:55:34.079+0000] {dagbag.py:537} INFO - Filling up the DagBag from /home/airflow/.local/lib/python3.7/site-packages/airflow/example_dags/tutorial_taskflow_api.py
[2024-04-15T15:55:34.114+0000] {processor.py:766} INFO - DAG(s) dict_keys(['tutorial_taskflow_api']) retrieved from /home/airflow/.local/lib/python3.7/site-packages/airflow/example_dags/tutorial_taskflow_api.py
[2024-04-15T15:55:34.181+0000] {logging_mixin.py:120} INFO - [2024-04-15T15:55:34.181+0000] {dag.py:2585} INFO - Sync 1 DAGs
[2024-04-15T15:55:34.241+0000] {logging_mixin.py:120} INFO - [2024-04-15T15:55:34.240+0000] {dag.py:3340} INFO - Setting next_dagrun for tutorial_taskflow_api to None, run_after=None
[2024-04-15T15:55:34.277+0000] {processor.py:176} INFO - Processing /home/airflow/.local/lib/python3.7/site-packages/airflow/example_dags/tutorial_taskflow_api.py took 0.207 seconds
[2024-04-15T15:56:04.734+0000] {processor.py:154} INFO - Started process (PID=21129) to work on /home/airflow/.local/lib/python3.7/site-packages/airflow/example_dags/tutorial_taskflow_api.py
[2024-04-15T15:56:04.736+0000] {processor.py:756} INFO - Processing file /home/airflow/.local/lib/python3.7/site-packages/airflow/example_dags/tutorial_taskflow_api.py for tasks to queue
[2024-04-15T15:56:04.738+0000] {logging_mixin.py:120} INFO - [2024-04-15T15:56:04.738+0000] {dagbag.py:537} INFO - Filling up the DagBag from /home/airflow/.local/lib/python3.7/site-packages/airflow/example_dags/tutorial_taskflow_api.py
[2024-04-15T15:56:04.772+0000] {processor.py:766} INFO - DAG(s) dict_keys(['tutorial_taskflow_api']) retrieved from /home/airflow/.local/lib/python3.7/site-packages/airflow/example_dags/tutorial_taskflow_api.py
[2024-04-15T15:56:04.839+0000] {logging_mixin.py:120} INFO - [2024-04-15T15:56:04.839+0000] {dag.py:2585} INFO - Sync 1 DAGs
[2024-04-15T15:56:04.885+0000] {logging_mixin.py:120} INFO - [2024-04-15T15:56:04.885+0000] {dag.py:3340} INFO - Setting next_dagrun for tutorial_taskflow_api to None, run_after=None
[2024-04-15T15:56:04.920+0000] {processor.py:176} INFO - Processing /home/airflow/.local/lib/python3.7/site-packages/airflow/example_dags/tutorial_taskflow_api.py took 0.192 seconds
[2024-04-15T15:56:35.863+0000] {processor.py:154} INFO - Started process (PID=21206) to work on /home/airflow/.local/lib/python3.7/site-packages/airflow/example_dags/tutorial_taskflow_api.py
[2024-04-15T15:56:35.864+0000] {processor.py:756} INFO - Processing file /home/airflow/.local/lib/python3.7/site-packages/airflow/example_dags/tutorial_taskflow_api.py for tasks to queue
[2024-04-15T15:56:35.866+0000] {logging_mixin.py:120} INFO - [2024-04-15T15:56:35.866+0000] {dagbag.py:537} INFO - Filling up the DagBag from /home/airflow/.local/lib/python3.7/site-packages/airflow/example_dags/tutorial_taskflow_api.py
[2024-04-15T15:56:35.899+0000] {processor.py:766} INFO - DAG(s) dict_keys(['tutorial_taskflow_api']) retrieved from /home/airflow/.local/lib/python3.7/site-packages/airflow/example_dags/tutorial_taskflow_api.py
[2024-04-15T15:56:35.966+0000] {logging_mixin.py:120} INFO - [2024-04-15T15:56:35.966+0000] {dag.py:2585} INFO - Sync 1 DAGs
[2024-04-15T15:56:36.005+0000] {logging_mixin.py:120} INFO - [2024-04-15T15:56:36.005+0000] {dag.py:3340} INFO - Setting next_dagrun for tutorial_taskflow_api to None, run_after=None
[2024-04-15T15:56:36.039+0000] {processor.py:176} INFO - Processing /home/airflow/.local/lib/python3.7/site-packages/airflow/example_dags/tutorial_taskflow_api.py took 0.182 seconds
[2024-04-15T15:57:06.228+0000] {processor.py:154} INFO - Started process (PID=21276) to work on /home/airflow/.local/lib/python3.7/site-packages/airflow/example_dags/tutorial_taskflow_api.py
[2024-04-15T15:57:06.230+0000] {processor.py:756} INFO - Processing file /home/airflow/.local/lib/python3.7/site-packages/airflow/example_dags/tutorial_taskflow_api.py for tasks to queue
[2024-04-15T15:57:06.232+0000] {logging_mixin.py:120} INFO - [2024-04-15T15:57:06.232+0000] {dagbag.py:537} INFO - Filling up the DagBag from /home/airflow/.local/lib/python3.7/site-packages/airflow/example_dags/tutorial_taskflow_api.py
[2024-04-15T15:57:06.267+0000] {processor.py:766} INFO - DAG(s) dict_keys(['tutorial_taskflow_api']) retrieved from /home/airflow/.local/lib/python3.7/site-packages/airflow/example_dags/tutorial_taskflow_api.py
[2024-04-15T15:57:06.343+0000] {logging_mixin.py:120} INFO - [2024-04-15T15:57:06.342+0000] {dag.py:2585} INFO - Sync 1 DAGs
[2024-04-15T15:57:06.386+0000] {logging_mixin.py:120} INFO - [2024-04-15T15:57:06.386+0000] {dag.py:3340} INFO - Setting next_dagrun for tutorial_taskflow_api to None, run_after=None
[2024-04-15T15:57:06.415+0000] {processor.py:176} INFO - Processing /home/airflow/.local/lib/python3.7/site-packages/airflow/example_dags/tutorial_taskflow_api.py took 0.192 seconds
[2024-04-15T15:57:36.908+0000] {processor.py:154} INFO - Started process (PID=21356) to work on /home/airflow/.local/lib/python3.7/site-packages/airflow/example_dags/tutorial_taskflow_api.py
[2024-04-15T15:57:36.910+0000] {processor.py:756} INFO - Processing file /home/airflow/.local/lib/python3.7/site-packages/airflow/example_dags/tutorial_taskflow_api.py for tasks to queue
[2024-04-15T15:57:36.913+0000] {logging_mixin.py:120} INFO - [2024-04-15T15:57:36.913+0000] {dagbag.py:537} INFO - Filling up the DagBag from /home/airflow/.local/lib/python3.7/site-packages/airflow/example_dags/tutorial_taskflow_api.py
[2024-04-15T15:57:36.953+0000] {processor.py:766} INFO - DAG(s) dict_keys(['tutorial_taskflow_api']) retrieved from /home/airflow/.local/lib/python3.7/site-packages/airflow/example_dags/tutorial_taskflow_api.py
[2024-04-15T15:57:37.028+0000] {logging_mixin.py:120} INFO - [2024-04-15T15:57:37.028+0000] {dag.py:2585} INFO - Sync 1 DAGs
[2024-04-15T15:57:37.101+0000] {logging_mixin.py:120} INFO - [2024-04-15T15:57:37.100+0000] {dag.py:3340} INFO - Setting next_dagrun for tutorial_taskflow_api to None, run_after=None
[2024-04-15T15:57:37.136+0000] {processor.py:176} INFO - Processing /home/airflow/.local/lib/python3.7/site-packages/airflow/example_dags/tutorial_taskflow_api.py took 0.235 seconds
[2024-04-15T15:58:07.884+0000] {processor.py:154} INFO - Started process (PID=21425) to work on /home/airflow/.local/lib/python3.7/site-packages/airflow/example_dags/tutorial_taskflow_api.py
[2024-04-15T15:58:07.886+0000] {processor.py:756} INFO - Processing file /home/airflow/.local/lib/python3.7/site-packages/airflow/example_dags/tutorial_taskflow_api.py for tasks to queue
[2024-04-15T15:58:07.888+0000] {logging_mixin.py:120} INFO - [2024-04-15T15:58:07.888+0000] {dagbag.py:537} INFO - Filling up the DagBag from /home/airflow/.local/lib/python3.7/site-packages/airflow/example_dags/tutorial_taskflow_api.py
[2024-04-15T15:58:07.928+0000] {processor.py:766} INFO - DAG(s) dict_keys(['tutorial_taskflow_api']) retrieved from /home/airflow/.local/lib/python3.7/site-packages/airflow/example_dags/tutorial_taskflow_api.py
[2024-04-15T15:58:08.010+0000] {logging_mixin.py:120} INFO - [2024-04-15T15:58:08.010+0000] {dag.py:2585} INFO - Sync 1 DAGs
[2024-04-15T15:58:08.051+0000] {logging_mixin.py:120} INFO - [2024-04-15T15:58:08.050+0000] {dag.py:3340} INFO - Setting next_dagrun for tutorial_taskflow_api to None, run_after=None
[2024-04-15T15:58:08.085+0000] {processor.py:176} INFO - Processing /home/airflow/.local/lib/python3.7/site-packages/airflow/example_dags/tutorial_taskflow_api.py took 0.207 seconds
[2024-04-15T15:58:38.401+0000] {processor.py:154} INFO - Started process (PID=21502) to work on /home/airflow/.local/lib/python3.7/site-packages/airflow/example_dags/tutorial_taskflow_api.py
[2024-04-15T15:58:38.403+0000] {processor.py:756} INFO - Processing file /home/airflow/.local/lib/python3.7/site-packages/airflow/example_dags/tutorial_taskflow_api.py for tasks to queue
[2024-04-15T15:58:38.404+0000] {logging_mixin.py:120} INFO - [2024-04-15T15:58:38.404+0000] {dagbag.py:537} INFO - Filling up the DagBag from /home/airflow/.local/lib/python3.7/site-packages/airflow/example_dags/tutorial_taskflow_api.py
[2024-04-15T15:58:38.437+0000] {processor.py:766} INFO - DAG(s) dict_keys(['tutorial_taskflow_api']) retrieved from /home/airflow/.local/lib/python3.7/site-packages/airflow/example_dags/tutorial_taskflow_api.py
[2024-04-15T15:58:38.502+0000] {logging_mixin.py:120} INFO - [2024-04-15T15:58:38.501+0000] {dag.py:2585} INFO - Sync 1 DAGs
[2024-04-15T15:58:38.552+0000] {logging_mixin.py:120} INFO - [2024-04-15T15:58:38.552+0000] {dag.py:3340} INFO - Setting next_dagrun for tutorial_taskflow_api to None, run_after=None
[2024-04-15T15:58:38.622+0000] {processor.py:176} INFO - Processing /home/airflow/.local/lib/python3.7/site-packages/airflow/example_dags/tutorial_taskflow_api.py took 0.226 seconds
[2024-04-15T15:59:09.035+0000] {processor.py:154} INFO - Started process (PID=21580) to work on /home/airflow/.local/lib/python3.7/site-packages/airflow/example_dags/tutorial_taskflow_api.py
[2024-04-15T15:59:09.039+0000] {processor.py:756} INFO - Processing file /home/airflow/.local/lib/python3.7/site-packages/airflow/example_dags/tutorial_taskflow_api.py for tasks to queue
[2024-04-15T15:59:09.041+0000] {logging_mixin.py:120} INFO - [2024-04-15T15:59:09.041+0000] {dagbag.py:537} INFO - Filling up the DagBag from /home/airflow/.local/lib/python3.7/site-packages/airflow/example_dags/tutorial_taskflow_api.py
[2024-04-15T15:59:09.091+0000] {processor.py:766} INFO - DAG(s) dict_keys(['tutorial_taskflow_api']) retrieved from /home/airflow/.local/lib/python3.7/site-packages/airflow/example_dags/tutorial_taskflow_api.py
[2024-04-15T15:59:09.171+0000] {logging_mixin.py:120} INFO - [2024-04-15T15:59:09.171+0000] {dag.py:2585} INFO - Sync 1 DAGs
[2024-04-15T15:59:09.236+0000] {logging_mixin.py:120} INFO - [2024-04-15T15:59:09.236+0000] {dag.py:3340} INFO - Setting next_dagrun for tutorial_taskflow_api to None, run_after=None
[2024-04-15T15:59:09.263+0000] {processor.py:176} INFO - Processing /home/airflow/.local/lib/python3.7/site-packages/airflow/example_dags/tutorial_taskflow_api.py took 0.235 seconds
[2024-04-15T15:59:40.237+0000] {processor.py:154} INFO - Started process (PID=21649) to work on /home/airflow/.local/lib/python3.7/site-packages/airflow/example_dags/tutorial_taskflow_api.py
[2024-04-15T15:59:40.242+0000] {processor.py:756} INFO - Processing file /home/airflow/.local/lib/python3.7/site-packages/airflow/example_dags/tutorial_taskflow_api.py for tasks to queue
[2024-04-15T15:59:40.244+0000] {logging_mixin.py:120} INFO - [2024-04-15T15:59:40.244+0000] {dagbag.py:537} INFO - Filling up the DagBag from /home/airflow/.local/lib/python3.7/site-packages/airflow/example_dags/tutorial_taskflow_api.py
[2024-04-15T15:59:40.305+0000] {processor.py:766} INFO - DAG(s) dict_keys(['tutorial_taskflow_api']) retrieved from /home/airflow/.local/lib/python3.7/site-packages/airflow/example_dags/tutorial_taskflow_api.py
[2024-04-15T15:59:40.441+0000] {logging_mixin.py:120} INFO - [2024-04-15T15:59:40.440+0000] {dag.py:2585} INFO - Sync 1 DAGs
[2024-04-15T15:59:40.512+0000] {logging_mixin.py:120} INFO - [2024-04-15T15:59:40.512+0000] {dag.py:3340} INFO - Setting next_dagrun for tutorial_taskflow_api to None, run_after=None
[2024-04-15T15:59:40.605+0000] {processor.py:176} INFO - Processing /home/airflow/.local/lib/python3.7/site-packages/airflow/example_dags/tutorial_taskflow_api.py took 0.378 seconds
[2024-04-15T16:00:10.814+0000] {processor.py:154} INFO - Started process (PID=21727) to work on /home/airflow/.local/lib/python3.7/site-packages/airflow/example_dags/tutorial_taskflow_api.py
[2024-04-15T16:00:10.816+0000] {processor.py:756} INFO - Processing file /home/airflow/.local/lib/python3.7/site-packages/airflow/example_dags/tutorial_taskflow_api.py for tasks to queue
[2024-04-15T16:00:10.817+0000] {logging_mixin.py:120} INFO - [2024-04-15T16:00:10.817+0000] {dagbag.py:537} INFO - Filling up the DagBag from /home/airflow/.local/lib/python3.7/site-packages/airflow/example_dags/tutorial_taskflow_api.py
[2024-04-15T16:00:10.853+0000] {processor.py:766} INFO - DAG(s) dict_keys(['tutorial_taskflow_api']) retrieved from /home/airflow/.local/lib/python3.7/site-packages/airflow/example_dags/tutorial_taskflow_api.py
[2024-04-15T16:00:10.924+0000] {logging_mixin.py:120} INFO - [2024-04-15T16:00:10.924+0000] {dag.py:2585} INFO - Sync 1 DAGs
[2024-04-15T16:00:10.960+0000] {logging_mixin.py:120} INFO - [2024-04-15T16:00:10.960+0000] {dag.py:3340} INFO - Setting next_dagrun for tutorial_taskflow_api to None, run_after=None
[2024-04-15T16:00:10.988+0000] {processor.py:176} INFO - Processing /home/airflow/.local/lib/python3.7/site-packages/airflow/example_dags/tutorial_taskflow_api.py took 0.179 seconds
[2024-04-15T16:00:41.214+0000] {processor.py:154} INFO - Started process (PID=21796) to work on /home/airflow/.local/lib/python3.7/site-packages/airflow/example_dags/tutorial_taskflow_api.py
[2024-04-15T16:00:41.217+0000] {processor.py:756} INFO - Processing file /home/airflow/.local/lib/python3.7/site-packages/airflow/example_dags/tutorial_taskflow_api.py for tasks to queue
[2024-04-15T16:00:41.218+0000] {logging_mixin.py:120} INFO - [2024-04-15T16:00:41.218+0000] {dagbag.py:537} INFO - Filling up the DagBag from /home/airflow/.local/lib/python3.7/site-packages/airflow/example_dags/tutorial_taskflow_api.py
[2024-04-15T16:00:41.264+0000] {processor.py:766} INFO - DAG(s) dict_keys(['tutorial_taskflow_api']) retrieved from /home/airflow/.local/lib/python3.7/site-packages/airflow/example_dags/tutorial_taskflow_api.py
[2024-04-15T16:00:41.335+0000] {logging_mixin.py:120} INFO - [2024-04-15T16:00:41.335+0000] {dag.py:2585} INFO - Sync 1 DAGs
[2024-04-15T16:00:41.384+0000] {logging_mixin.py:120} INFO - [2024-04-15T16:00:41.383+0000] {dag.py:3340} INFO - Setting next_dagrun for tutorial_taskflow_api to None, run_after=None
[2024-04-15T16:00:41.413+0000] {processor.py:176} INFO - Processing /home/airflow/.local/lib/python3.7/site-packages/airflow/example_dags/tutorial_taskflow_api.py took 0.205 seconds
[2024-04-15T16:01:11.523+0000] {processor.py:154} INFO - Started process (PID=21874) to work on /home/airflow/.local/lib/python3.7/site-packages/airflow/example_dags/tutorial_taskflow_api.py
[2024-04-15T16:01:11.526+0000] {processor.py:756} INFO - Processing file /home/airflow/.local/lib/python3.7/site-packages/airflow/example_dags/tutorial_taskflow_api.py for tasks to queue
[2024-04-15T16:01:11.528+0000] {logging_mixin.py:120} INFO - [2024-04-15T16:01:11.527+0000] {dagbag.py:537} INFO - Filling up the DagBag from /home/airflow/.local/lib/python3.7/site-packages/airflow/example_dags/tutorial_taskflow_api.py
[2024-04-15T16:01:11.561+0000] {processor.py:766} INFO - DAG(s) dict_keys(['tutorial_taskflow_api']) retrieved from /home/airflow/.local/lib/python3.7/site-packages/airflow/example_dags/tutorial_taskflow_api.py
[2024-04-15T16:01:11.656+0000] {logging_mixin.py:120} INFO - [2024-04-15T16:01:11.655+0000] {dag.py:2585} INFO - Sync 1 DAGs
[2024-04-15T16:01:11.700+0000] {logging_mixin.py:120} INFO - [2024-04-15T16:01:11.700+0000] {dag.py:3340} INFO - Setting next_dagrun for tutorial_taskflow_api to None, run_after=None
[2024-04-15T16:01:11.732+0000] {processor.py:176} INFO - Processing /home/airflow/.local/lib/python3.7/site-packages/airflow/example_dags/tutorial_taskflow_api.py took 0.217 seconds
[2024-04-15T16:01:41.897+0000] {processor.py:154} INFO - Started process (PID=21943) to work on /home/airflow/.local/lib/python3.7/site-packages/airflow/example_dags/tutorial_taskflow_api.py
[2024-04-15T16:01:41.899+0000] {processor.py:756} INFO - Processing file /home/airflow/.local/lib/python3.7/site-packages/airflow/example_dags/tutorial_taskflow_api.py for tasks to queue
[2024-04-15T16:01:41.901+0000] {logging_mixin.py:120} INFO - [2024-04-15T16:01:41.901+0000] {dagbag.py:537} INFO - Filling up the DagBag from /home/airflow/.local/lib/python3.7/site-packages/airflow/example_dags/tutorial_taskflow_api.py
[2024-04-15T16:01:41.933+0000] {processor.py:766} INFO - DAG(s) dict_keys(['tutorial_taskflow_api']) retrieved from /home/airflow/.local/lib/python3.7/site-packages/airflow/example_dags/tutorial_taskflow_api.py
[2024-04-15T16:01:42.000+0000] {logging_mixin.py:120} INFO - [2024-04-15T16:01:42.000+0000] {dag.py:2585} INFO - Sync 1 DAGs
[2024-04-15T16:01:42.057+0000] {logging_mixin.py:120} INFO - [2024-04-15T16:01:42.056+0000] {dag.py:3340} INFO - Setting next_dagrun for tutorial_taskflow_api to None, run_after=None
[2024-04-15T16:01:42.090+0000] {processor.py:176} INFO - Processing /home/airflow/.local/lib/python3.7/site-packages/airflow/example_dags/tutorial_taskflow_api.py took 0.199 seconds
[2024-04-15T16:02:12.769+0000] {processor.py:154} INFO - Started process (PID=22020) to work on /home/airflow/.local/lib/python3.7/site-packages/airflow/example_dags/tutorial_taskflow_api.py
[2024-04-15T16:02:12.774+0000] {processor.py:756} INFO - Processing file /home/airflow/.local/lib/python3.7/site-packages/airflow/example_dags/tutorial_taskflow_api.py for tasks to queue
[2024-04-15T16:02:12.777+0000] {logging_mixin.py:120} INFO - [2024-04-15T16:02:12.776+0000] {dagbag.py:537} INFO - Filling up the DagBag from /home/airflow/.local/lib/python3.7/site-packages/airflow/example_dags/tutorial_taskflow_api.py
[2024-04-15T16:02:12.821+0000] {processor.py:766} INFO - DAG(s) dict_keys(['tutorial_taskflow_api']) retrieved from /home/airflow/.local/lib/python3.7/site-packages/airflow/example_dags/tutorial_taskflow_api.py
[2024-04-15T16:02:12.905+0000] {logging_mixin.py:120} INFO - [2024-04-15T16:02:12.905+0000] {dag.py:2585} INFO - Sync 1 DAGs
[2024-04-15T16:02:12.962+0000] {logging_mixin.py:120} INFO - [2024-04-15T16:02:12.961+0000] {dag.py:3340} INFO - Setting next_dagrun for tutorial_taskflow_api to None, run_after=None
[2024-04-15T16:02:12.987+0000] {processor.py:176} INFO - Processing /home/airflow/.local/lib/python3.7/site-packages/airflow/example_dags/tutorial_taskflow_api.py took 0.230 seconds
[2024-04-15T16:02:43.530+0000] {processor.py:154} INFO - Started process (PID=22090) to work on /home/airflow/.local/lib/python3.7/site-packages/airflow/example_dags/tutorial_taskflow_api.py
[2024-04-15T16:02:43.534+0000] {processor.py:756} INFO - Processing file /home/airflow/.local/lib/python3.7/site-packages/airflow/example_dags/tutorial_taskflow_api.py for tasks to queue
[2024-04-15T16:02:43.536+0000] {logging_mixin.py:120} INFO - [2024-04-15T16:02:43.536+0000] {dagbag.py:537} INFO - Filling up the DagBag from /home/airflow/.local/lib/python3.7/site-packages/airflow/example_dags/tutorial_taskflow_api.py
[2024-04-15T16:02:43.570+0000] {processor.py:766} INFO - DAG(s) dict_keys(['tutorial_taskflow_api']) retrieved from /home/airflow/.local/lib/python3.7/site-packages/airflow/example_dags/tutorial_taskflow_api.py
[2024-04-15T16:02:43.650+0000] {logging_mixin.py:120} INFO - [2024-04-15T16:02:43.650+0000] {dag.py:2585} INFO - Sync 1 DAGs
[2024-04-15T16:02:43.699+0000] {logging_mixin.py:120} INFO - [2024-04-15T16:02:43.699+0000] {dag.py:3340} INFO - Setting next_dagrun for tutorial_taskflow_api to None, run_after=None
[2024-04-15T16:02:43.729+0000] {processor.py:176} INFO - Processing /home/airflow/.local/lib/python3.7/site-packages/airflow/example_dags/tutorial_taskflow_api.py took 0.207 seconds
[2024-04-15T16:03:14.737+0000] {processor.py:154} INFO - Started process (PID=22169) to work on /home/airflow/.local/lib/python3.7/site-packages/airflow/example_dags/tutorial_taskflow_api.py
[2024-04-15T16:03:14.739+0000] {processor.py:756} INFO - Processing file /home/airflow/.local/lib/python3.7/site-packages/airflow/example_dags/tutorial_taskflow_api.py for tasks to queue
[2024-04-15T16:03:14.741+0000] {logging_mixin.py:120} INFO - [2024-04-15T16:03:14.741+0000] {dagbag.py:537} INFO - Filling up the DagBag from /home/airflow/.local/lib/python3.7/site-packages/airflow/example_dags/tutorial_taskflow_api.py
[2024-04-15T16:03:14.774+0000] {processor.py:766} INFO - DAG(s) dict_keys(['tutorial_taskflow_api']) retrieved from /home/airflow/.local/lib/python3.7/site-packages/airflow/example_dags/tutorial_taskflow_api.py
[2024-04-15T16:03:14.840+0000] {logging_mixin.py:120} INFO - [2024-04-15T16:03:14.840+0000] {dag.py:2585} INFO - Sync 1 DAGs
[2024-04-15T16:03:14.879+0000] {logging_mixin.py:120} INFO - [2024-04-15T16:03:14.878+0000] {dag.py:3340} INFO - Setting next_dagrun for tutorial_taskflow_api to None, run_after=None
[2024-04-15T16:03:14.911+0000] {processor.py:176} INFO - Processing /home/airflow/.local/lib/python3.7/site-packages/airflow/example_dags/tutorial_taskflow_api.py took 0.179 seconds
[2024-04-15T16:03:45.072+0000] {processor.py:154} INFO - Started process (PID=22246) to work on /home/airflow/.local/lib/python3.7/site-packages/airflow/example_dags/tutorial_taskflow_api.py
[2024-04-15T16:03:45.076+0000] {processor.py:756} INFO - Processing file /home/airflow/.local/lib/python3.7/site-packages/airflow/example_dags/tutorial_taskflow_api.py for tasks to queue
[2024-04-15T16:03:45.078+0000] {logging_mixin.py:120} INFO - [2024-04-15T16:03:45.078+0000] {dagbag.py:537} INFO - Filling up the DagBag from /home/airflow/.local/lib/python3.7/site-packages/airflow/example_dags/tutorial_taskflow_api.py
[2024-04-15T16:03:45.134+0000] {processor.py:766} INFO - DAG(s) dict_keys(['tutorial_taskflow_api']) retrieved from /home/airflow/.local/lib/python3.7/site-packages/airflow/example_dags/tutorial_taskflow_api.py
[2024-04-15T16:03:45.204+0000] {logging_mixin.py:120} INFO - [2024-04-15T16:03:45.204+0000] {dag.py:2585} INFO - Sync 1 DAGs
[2024-04-15T16:03:45.284+0000] {logging_mixin.py:120} INFO - [2024-04-15T16:03:45.284+0000] {dag.py:3340} INFO - Setting next_dagrun for tutorial_taskflow_api to None, run_after=None
[2024-04-15T16:03:45.331+0000] {processor.py:176} INFO - Processing /home/airflow/.local/lib/python3.7/site-packages/airflow/example_dags/tutorial_taskflow_api.py took 0.269 seconds
[2024-04-15T16:04:16.043+0000] {processor.py:154} INFO - Started process (PID=22315) to work on /home/airflow/.local/lib/python3.7/site-packages/airflow/example_dags/tutorial_taskflow_api.py
[2024-04-15T16:04:16.045+0000] {processor.py:756} INFO - Processing file /home/airflow/.local/lib/python3.7/site-packages/airflow/example_dags/tutorial_taskflow_api.py for tasks to queue
[2024-04-15T16:04:16.046+0000] {logging_mixin.py:120} INFO - [2024-04-15T16:04:16.046+0000] {dagbag.py:537} INFO - Filling up the DagBag from /home/airflow/.local/lib/python3.7/site-packages/airflow/example_dags/tutorial_taskflow_api.py
[2024-04-15T16:04:16.081+0000] {processor.py:766} INFO - DAG(s) dict_keys(['tutorial_taskflow_api']) retrieved from /home/airflow/.local/lib/python3.7/site-packages/airflow/example_dags/tutorial_taskflow_api.py
[2024-04-15T16:04:16.158+0000] {logging_mixin.py:120} INFO - [2024-04-15T16:04:16.157+0000] {dag.py:2585} INFO - Sync 1 DAGs
[2024-04-15T16:04:16.218+0000] {logging_mixin.py:120} INFO - [2024-04-15T16:04:16.218+0000] {dag.py:3340} INFO - Setting next_dagrun for tutorial_taskflow_api to None, run_after=None
[2024-04-15T16:04:16.247+0000] {processor.py:176} INFO - Processing /home/airflow/.local/lib/python3.7/site-packages/airflow/example_dags/tutorial_taskflow_api.py took 0.209 seconds
[2024-04-15T16:04:46.994+0000] {processor.py:154} INFO - Started process (PID=22393) to work on /home/airflow/.local/lib/python3.7/site-packages/airflow/example_dags/tutorial_taskflow_api.py
[2024-04-15T16:04:46.998+0000] {processor.py:756} INFO - Processing file /home/airflow/.local/lib/python3.7/site-packages/airflow/example_dags/tutorial_taskflow_api.py for tasks to queue
[2024-04-15T16:04:47.000+0000] {logging_mixin.py:120} INFO - [2024-04-15T16:04:47.000+0000] {dagbag.py:537} INFO - Filling up the DagBag from /home/airflow/.local/lib/python3.7/site-packages/airflow/example_dags/tutorial_taskflow_api.py
[2024-04-15T16:04:47.039+0000] {processor.py:766} INFO - DAG(s) dict_keys(['tutorial_taskflow_api']) retrieved from /home/airflow/.local/lib/python3.7/site-packages/airflow/example_dags/tutorial_taskflow_api.py
[2024-04-15T16:04:47.176+0000] {logging_mixin.py:120} INFO - [2024-04-15T16:04:47.176+0000] {dag.py:2585} INFO - Sync 1 DAGs
[2024-04-15T16:04:47.230+0000] {logging_mixin.py:120} INFO - [2024-04-15T16:04:47.230+0000] {dag.py:3340} INFO - Setting next_dagrun for tutorial_taskflow_api to None, run_after=None
[2024-04-15T16:04:47.277+0000] {processor.py:176} INFO - Processing /home/airflow/.local/lib/python3.7/site-packages/airflow/example_dags/tutorial_taskflow_api.py took 0.293 seconds
[2024-04-15T16:05:18.072+0000] {processor.py:154} INFO - Started process (PID=22464) to work on /home/airflow/.local/lib/python3.7/site-packages/airflow/example_dags/tutorial_taskflow_api.py
[2024-04-15T16:05:18.074+0000] {processor.py:756} INFO - Processing file /home/airflow/.local/lib/python3.7/site-packages/airflow/example_dags/tutorial_taskflow_api.py for tasks to queue
[2024-04-15T16:05:18.075+0000] {logging_mixin.py:120} INFO - [2024-04-15T16:05:18.075+0000] {dagbag.py:537} INFO - Filling up the DagBag from /home/airflow/.local/lib/python3.7/site-packages/airflow/example_dags/tutorial_taskflow_api.py
[2024-04-15T16:05:18.132+0000] {processor.py:766} INFO - DAG(s) dict_keys(['tutorial_taskflow_api']) retrieved from /home/airflow/.local/lib/python3.7/site-packages/airflow/example_dags/tutorial_taskflow_api.py
[2024-04-15T16:05:18.211+0000] {logging_mixin.py:120} INFO - [2024-04-15T16:05:18.211+0000] {dag.py:2585} INFO - Sync 1 DAGs
[2024-04-15T16:05:18.262+0000] {logging_mixin.py:120} INFO - [2024-04-15T16:05:18.261+0000] {dag.py:3340} INFO - Setting next_dagrun for tutorial_taskflow_api to None, run_after=None
[2024-04-15T16:05:18.294+0000] {processor.py:176} INFO - Processing /home/airflow/.local/lib/python3.7/site-packages/airflow/example_dags/tutorial_taskflow_api.py took 0.228 seconds
[2024-04-15T16:05:48.520+0000] {processor.py:154} INFO - Started process (PID=22540) to work on /home/airflow/.local/lib/python3.7/site-packages/airflow/example_dags/tutorial_taskflow_api.py
[2024-04-15T16:05:48.523+0000] {processor.py:756} INFO - Processing file /home/airflow/.local/lib/python3.7/site-packages/airflow/example_dags/tutorial_taskflow_api.py for tasks to queue
[2024-04-15T16:05:48.525+0000] {logging_mixin.py:120} INFO - [2024-04-15T16:05:48.525+0000] {dagbag.py:537} INFO - Filling up the DagBag from /home/airflow/.local/lib/python3.7/site-packages/airflow/example_dags/tutorial_taskflow_api.py
[2024-04-15T16:05:48.598+0000] {processor.py:766} INFO - DAG(s) dict_keys(['tutorial_taskflow_api']) retrieved from /home/airflow/.local/lib/python3.7/site-packages/airflow/example_dags/tutorial_taskflow_api.py
[2024-04-15T16:05:48.791+0000] {logging_mixin.py:120} INFO - [2024-04-15T16:05:48.791+0000] {dag.py:2585} INFO - Sync 1 DAGs
[2024-04-15T16:05:48.862+0000] {logging_mixin.py:120} INFO - [2024-04-15T16:05:48.861+0000] {dag.py:3340} INFO - Setting next_dagrun for tutorial_taskflow_api to None, run_after=None
[2024-04-15T16:05:48.891+0000] {processor.py:176} INFO - Processing /home/airflow/.local/lib/python3.7/site-packages/airflow/example_dags/tutorial_taskflow_api.py took 0.393 seconds
[2024-04-15T16:06:19.822+0000] {processor.py:154} INFO - Started process (PID=22609) to work on /home/airflow/.local/lib/python3.7/site-packages/airflow/example_dags/tutorial_taskflow_api.py
[2024-04-15T16:06:19.825+0000] {processor.py:756} INFO - Processing file /home/airflow/.local/lib/python3.7/site-packages/airflow/example_dags/tutorial_taskflow_api.py for tasks to queue
[2024-04-15T16:06:19.828+0000] {logging_mixin.py:120} INFO - [2024-04-15T16:06:19.827+0000] {dagbag.py:537} INFO - Filling up the DagBag from /home/airflow/.local/lib/python3.7/site-packages/airflow/example_dags/tutorial_taskflow_api.py
[2024-04-15T16:06:19.945+0000] {processor.py:766} INFO - DAG(s) dict_keys(['tutorial_taskflow_api']) retrieved from /home/airflow/.local/lib/python3.7/site-packages/airflow/example_dags/tutorial_taskflow_api.py
[2024-04-15T16:06:20.014+0000] {logging_mixin.py:120} INFO - [2024-04-15T16:06:20.014+0000] {dag.py:2585} INFO - Sync 1 DAGs
[2024-04-15T16:06:20.052+0000] {logging_mixin.py:120} INFO - [2024-04-15T16:06:20.052+0000] {dag.py:3340} INFO - Setting next_dagrun for tutorial_taskflow_api to None, run_after=None
[2024-04-15T16:06:20.082+0000] {processor.py:176} INFO - Processing /home/airflow/.local/lib/python3.7/site-packages/airflow/example_dags/tutorial_taskflow_api.py took 0.266 seconds
[2024-04-15T16:06:50.639+0000] {processor.py:154} INFO - Started process (PID=22687) to work on /home/airflow/.local/lib/python3.7/site-packages/airflow/example_dags/tutorial_taskflow_api.py
[2024-04-15T16:06:50.644+0000] {processor.py:756} INFO - Processing file /home/airflow/.local/lib/python3.7/site-packages/airflow/example_dags/tutorial_taskflow_api.py for tasks to queue
[2024-04-15T16:06:50.645+0000] {logging_mixin.py:120} INFO - [2024-04-15T16:06:50.645+0000] {dagbag.py:537} INFO - Filling up the DagBag from /home/airflow/.local/lib/python3.7/site-packages/airflow/example_dags/tutorial_taskflow_api.py
[2024-04-15T16:06:50.677+0000] {processor.py:766} INFO - DAG(s) dict_keys(['tutorial_taskflow_api']) retrieved from /home/airflow/.local/lib/python3.7/site-packages/airflow/example_dags/tutorial_taskflow_api.py
[2024-04-15T16:06:50.741+0000] {logging_mixin.py:120} INFO - [2024-04-15T16:06:50.741+0000] {dag.py:2585} INFO - Sync 1 DAGs
[2024-04-15T16:06:50.778+0000] {logging_mixin.py:120} INFO - [2024-04-15T16:06:50.777+0000] {dag.py:3340} INFO - Setting next_dagrun for tutorial_taskflow_api to None, run_after=None
[2024-04-15T16:06:50.805+0000] {processor.py:176} INFO - Processing /home/airflow/.local/lib/python3.7/site-packages/airflow/example_dags/tutorial_taskflow_api.py took 0.173 seconds
[2024-04-15T16:07:21.075+0000] {processor.py:154} INFO - Started process (PID=22764) to work on /home/airflow/.local/lib/python3.7/site-packages/airflow/example_dags/tutorial_taskflow_api.py
[2024-04-15T16:07:21.078+0000] {processor.py:756} INFO - Processing file /home/airflow/.local/lib/python3.7/site-packages/airflow/example_dags/tutorial_taskflow_api.py for tasks to queue
[2024-04-15T16:07:21.080+0000] {logging_mixin.py:120} INFO - [2024-04-15T16:07:21.080+0000] {dagbag.py:537} INFO - Filling up the DagBag from /home/airflow/.local/lib/python3.7/site-packages/airflow/example_dags/tutorial_taskflow_api.py
[2024-04-15T16:07:21.122+0000] {processor.py:766} INFO - DAG(s) dict_keys(['tutorial_taskflow_api']) retrieved from /home/airflow/.local/lib/python3.7/site-packages/airflow/example_dags/tutorial_taskflow_api.py
[2024-04-15T16:07:21.196+0000] {logging_mixin.py:120} INFO - [2024-04-15T16:07:21.196+0000] {dag.py:2585} INFO - Sync 1 DAGs
[2024-04-15T16:07:21.259+0000] {logging_mixin.py:120} INFO - [2024-04-15T16:07:21.258+0000] {dag.py:3340} INFO - Setting next_dagrun for tutorial_taskflow_api to None, run_after=None
[2024-04-15T16:07:21.293+0000] {processor.py:176} INFO - Processing /home/airflow/.local/lib/python3.7/site-packages/airflow/example_dags/tutorial_taskflow_api.py took 0.223 seconds
[2024-04-15T16:07:51.584+0000] {processor.py:154} INFO - Started process (PID=22832) to work on /home/airflow/.local/lib/python3.7/site-packages/airflow/example_dags/tutorial_taskflow_api.py
[2024-04-15T16:07:51.586+0000] {processor.py:756} INFO - Processing file /home/airflow/.local/lib/python3.7/site-packages/airflow/example_dags/tutorial_taskflow_api.py for tasks to queue
[2024-04-15T16:07:51.588+0000] {logging_mixin.py:120} INFO - [2024-04-15T16:07:51.588+0000] {dagbag.py:537} INFO - Filling up the DagBag from /home/airflow/.local/lib/python3.7/site-packages/airflow/example_dags/tutorial_taskflow_api.py
[2024-04-15T16:07:51.630+0000] {processor.py:766} INFO - DAG(s) dict_keys(['tutorial_taskflow_api']) retrieved from /home/airflow/.local/lib/python3.7/site-packages/airflow/example_dags/tutorial_taskflow_api.py
[2024-04-15T16:07:51.736+0000] {logging_mixin.py:120} INFO - [2024-04-15T16:07:51.736+0000] {dag.py:2585} INFO - Sync 1 DAGs
[2024-04-15T16:07:51.808+0000] {logging_mixin.py:120} INFO - [2024-04-15T16:07:51.808+0000] {dag.py:3340} INFO - Setting next_dagrun for tutorial_taskflow_api to None, run_after=None
[2024-04-15T16:07:51.837+0000] {processor.py:176} INFO - Processing /home/airflow/.local/lib/python3.7/site-packages/airflow/example_dags/tutorial_taskflow_api.py took 0.260 seconds
[2024-04-15T16:08:22.209+0000] {processor.py:154} INFO - Started process (PID=22911) to work on /home/airflow/.local/lib/python3.7/site-packages/airflow/example_dags/tutorial_taskflow_api.py
[2024-04-15T16:08:22.211+0000] {processor.py:756} INFO - Processing file /home/airflow/.local/lib/python3.7/site-packages/airflow/example_dags/tutorial_taskflow_api.py for tasks to queue
[2024-04-15T16:08:22.213+0000] {logging_mixin.py:120} INFO - [2024-04-15T16:08:22.213+0000] {dagbag.py:537} INFO - Filling up the DagBag from /home/airflow/.local/lib/python3.7/site-packages/airflow/example_dags/tutorial_taskflow_api.py
[2024-04-15T16:08:22.250+0000] {processor.py:766} INFO - DAG(s) dict_keys(['tutorial_taskflow_api']) retrieved from /home/airflow/.local/lib/python3.7/site-packages/airflow/example_dags/tutorial_taskflow_api.py
[2024-04-15T16:08:22.326+0000] {logging_mixin.py:120} INFO - [2024-04-15T16:08:22.326+0000] {dag.py:2585} INFO - Sync 1 DAGs
[2024-04-15T16:08:22.369+0000] {logging_mixin.py:120} INFO - [2024-04-15T16:08:22.368+0000] {dag.py:3340} INFO - Setting next_dagrun for tutorial_taskflow_api to None, run_after=None
[2024-04-15T16:08:22.398+0000] {processor.py:176} INFO - Processing /home/airflow/.local/lib/python3.7/site-packages/airflow/example_dags/tutorial_taskflow_api.py took 0.198 seconds
[2024-04-15T16:08:52.535+0000] {processor.py:154} INFO - Started process (PID=22980) to work on /home/airflow/.local/lib/python3.7/site-packages/airflow/example_dags/tutorial_taskflow_api.py
[2024-04-15T16:08:52.541+0000] {processor.py:756} INFO - Processing file /home/airflow/.local/lib/python3.7/site-packages/airflow/example_dags/tutorial_taskflow_api.py for tasks to queue
[2024-04-15T16:08:52.544+0000] {logging_mixin.py:120} INFO - [2024-04-15T16:08:52.543+0000] {dagbag.py:537} INFO - Filling up the DagBag from /home/airflow/.local/lib/python3.7/site-packages/airflow/example_dags/tutorial_taskflow_api.py
[2024-04-15T16:08:52.709+0000] {processor.py:766} INFO - DAG(s) dict_keys(['tutorial_taskflow_api']) retrieved from /home/airflow/.local/lib/python3.7/site-packages/airflow/example_dags/tutorial_taskflow_api.py
[2024-04-15T16:08:52.777+0000] {logging_mixin.py:120} INFO - [2024-04-15T16:08:52.777+0000] {dag.py:2585} INFO - Sync 1 DAGs
[2024-04-15T16:08:52.817+0000] {logging_mixin.py:120} INFO - [2024-04-15T16:08:52.817+0000] {dag.py:3340} INFO - Setting next_dagrun for tutorial_taskflow_api to None, run_after=None
[2024-04-15T16:08:52.845+0000] {processor.py:176} INFO - Processing /home/airflow/.local/lib/python3.7/site-packages/airflow/example_dags/tutorial_taskflow_api.py took 0.317 seconds
[2024-04-15T16:09:23.182+0000] {processor.py:154} INFO - Started process (PID=23057) to work on /home/airflow/.local/lib/python3.7/site-packages/airflow/example_dags/tutorial_taskflow_api.py
[2024-04-15T16:09:23.185+0000] {processor.py:756} INFO - Processing file /home/airflow/.local/lib/python3.7/site-packages/airflow/example_dags/tutorial_taskflow_api.py for tasks to queue
[2024-04-15T16:09:23.187+0000] {logging_mixin.py:120} INFO - [2024-04-15T16:09:23.187+0000] {dagbag.py:537} INFO - Filling up the DagBag from /home/airflow/.local/lib/python3.7/site-packages/airflow/example_dags/tutorial_taskflow_api.py
[2024-04-15T16:09:23.229+0000] {processor.py:766} INFO - DAG(s) dict_keys(['tutorial_taskflow_api']) retrieved from /home/airflow/.local/lib/python3.7/site-packages/airflow/example_dags/tutorial_taskflow_api.py
[2024-04-15T16:09:23.330+0000] {logging_mixin.py:120} INFO - [2024-04-15T16:09:23.329+0000] {dag.py:2585} INFO - Sync 1 DAGs
[2024-04-15T16:09:23.392+0000] {logging_mixin.py:120} INFO - [2024-04-15T16:09:23.391+0000] {dag.py:3340} INFO - Setting next_dagrun for tutorial_taskflow_api to None, run_after=None
[2024-04-15T16:09:23.431+0000] {processor.py:176} INFO - Processing /home/airflow/.local/lib/python3.7/site-packages/airflow/example_dags/tutorial_taskflow_api.py took 0.257 seconds
[2024-04-15T16:09:53.794+0000] {processor.py:154} INFO - Started process (PID=23126) to work on /home/airflow/.local/lib/python3.7/site-packages/airflow/example_dags/tutorial_taskflow_api.py
[2024-04-15T16:09:53.796+0000] {processor.py:756} INFO - Processing file /home/airflow/.local/lib/python3.7/site-packages/airflow/example_dags/tutorial_taskflow_api.py for tasks to queue
[2024-04-15T16:09:53.798+0000] {logging_mixin.py:120} INFO - [2024-04-15T16:09:53.798+0000] {dagbag.py:537} INFO - Filling up the DagBag from /home/airflow/.local/lib/python3.7/site-packages/airflow/example_dags/tutorial_taskflow_api.py
[2024-04-15T16:09:53.837+0000] {processor.py:766} INFO - DAG(s) dict_keys(['tutorial_taskflow_api']) retrieved from /home/airflow/.local/lib/python3.7/site-packages/airflow/example_dags/tutorial_taskflow_api.py
[2024-04-15T16:09:53.907+0000] {logging_mixin.py:120} INFO - [2024-04-15T16:09:53.907+0000] {dag.py:2585} INFO - Sync 1 DAGs
[2024-04-15T16:09:53.947+0000] {logging_mixin.py:120} INFO - [2024-04-15T16:09:53.947+0000] {dag.py:3340} INFO - Setting next_dagrun for tutorial_taskflow_api to None, run_after=None
[2024-04-15T16:09:53.979+0000] {processor.py:176} INFO - Processing /home/airflow/.local/lib/python3.7/site-packages/airflow/example_dags/tutorial_taskflow_api.py took 0.192 seconds
[2024-04-15T16:10:24.045+0000] {processor.py:154} INFO - Started process (PID=23203) to work on /home/airflow/.local/lib/python3.7/site-packages/airflow/example_dags/tutorial_taskflow_api.py
[2024-04-15T16:10:24.051+0000] {processor.py:756} INFO - Processing file /home/airflow/.local/lib/python3.7/site-packages/airflow/example_dags/tutorial_taskflow_api.py for tasks to queue
[2024-04-15T16:10:24.054+0000] {logging_mixin.py:120} INFO - [2024-04-15T16:10:24.053+0000] {dagbag.py:537} INFO - Filling up the DagBag from /home/airflow/.local/lib/python3.7/site-packages/airflow/example_dags/tutorial_taskflow_api.py
[2024-04-15T16:10:24.104+0000] {processor.py:766} INFO - DAG(s) dict_keys(['tutorial_taskflow_api']) retrieved from /home/airflow/.local/lib/python3.7/site-packages/airflow/example_dags/tutorial_taskflow_api.py
[2024-04-15T16:10:24.202+0000] {logging_mixin.py:120} INFO - [2024-04-15T16:10:24.202+0000] {dag.py:2585} INFO - Sync 1 DAGs
[2024-04-15T16:10:24.253+0000] {logging_mixin.py:120} INFO - [2024-04-15T16:10:24.253+0000] {dag.py:3340} INFO - Setting next_dagrun for tutorial_taskflow_api to None, run_after=None
[2024-04-15T16:10:24.288+0000] {processor.py:176} INFO - Processing /home/airflow/.local/lib/python3.7/site-packages/airflow/example_dags/tutorial_taskflow_api.py took 0.255 seconds
[2024-04-15T16:10:54.770+0000] {processor.py:154} INFO - Started process (PID=23281) to work on /home/airflow/.local/lib/python3.7/site-packages/airflow/example_dags/tutorial_taskflow_api.py
[2024-04-15T16:10:54.772+0000] {processor.py:756} INFO - Processing file /home/airflow/.local/lib/python3.7/site-packages/airflow/example_dags/tutorial_taskflow_api.py for tasks to queue
[2024-04-15T16:10:54.774+0000] {logging_mixin.py:120} INFO - [2024-04-15T16:10:54.774+0000] {dagbag.py:537} INFO - Filling up the DagBag from /home/airflow/.local/lib/python3.7/site-packages/airflow/example_dags/tutorial_taskflow_api.py
[2024-04-15T16:10:54.824+0000] {processor.py:766} INFO - DAG(s) dict_keys(['tutorial_taskflow_api']) retrieved from /home/airflow/.local/lib/python3.7/site-packages/airflow/example_dags/tutorial_taskflow_api.py
[2024-04-15T16:10:54.893+0000] {logging_mixin.py:120} INFO - [2024-04-15T16:10:54.892+0000] {dag.py:2585} INFO - Sync 1 DAGs
[2024-04-15T16:10:54.932+0000] {logging_mixin.py:120} INFO - [2024-04-15T16:10:54.932+0000] {dag.py:3340} INFO - Setting next_dagrun for tutorial_taskflow_api to None, run_after=None
[2024-04-15T16:10:54.981+0000] {processor.py:176} INFO - Processing /home/airflow/.local/lib/python3.7/site-packages/airflow/example_dags/tutorial_taskflow_api.py took 0.216 seconds
[2024-04-15T16:11:25.620+0000] {processor.py:154} INFO - Started process (PID=23350) to work on /home/airflow/.local/lib/python3.7/site-packages/airflow/example_dags/tutorial_taskflow_api.py
[2024-04-15T16:11:25.623+0000] {processor.py:756} INFO - Processing file /home/airflow/.local/lib/python3.7/site-packages/airflow/example_dags/tutorial_taskflow_api.py for tasks to queue
[2024-04-15T16:11:25.626+0000] {logging_mixin.py:120} INFO - [2024-04-15T16:11:25.625+0000] {dagbag.py:537} INFO - Filling up the DagBag from /home/airflow/.local/lib/python3.7/site-packages/airflow/example_dags/tutorial_taskflow_api.py
[2024-04-15T16:11:25.661+0000] {processor.py:766} INFO - DAG(s) dict_keys(['tutorial_taskflow_api']) retrieved from /home/airflow/.local/lib/python3.7/site-packages/airflow/example_dags/tutorial_taskflow_api.py
[2024-04-15T16:11:25.782+0000] {logging_mixin.py:120} INFO - [2024-04-15T16:11:25.782+0000] {dag.py:2585} INFO - Sync 1 DAGs
[2024-04-15T16:11:25.827+0000] {logging_mixin.py:120} INFO - [2024-04-15T16:11:25.826+0000] {dag.py:3340} INFO - Setting next_dagrun for tutorial_taskflow_api to None, run_after=None
[2024-04-15T16:11:25.858+0000] {processor.py:176} INFO - Processing /home/airflow/.local/lib/python3.7/site-packages/airflow/example_dags/tutorial_taskflow_api.py took 0.246 seconds
[2024-04-15T16:11:56.098+0000] {processor.py:154} INFO - Started process (PID=23427) to work on /home/airflow/.local/lib/python3.7/site-packages/airflow/example_dags/tutorial_taskflow_api.py
[2024-04-15T16:11:56.100+0000] {processor.py:756} INFO - Processing file /home/airflow/.local/lib/python3.7/site-packages/airflow/example_dags/tutorial_taskflow_api.py for tasks to queue
[2024-04-15T16:11:56.103+0000] {logging_mixin.py:120} INFO - [2024-04-15T16:11:56.103+0000] {dagbag.py:537} INFO - Filling up the DagBag from /home/airflow/.local/lib/python3.7/site-packages/airflow/example_dags/tutorial_taskflow_api.py
[2024-04-15T16:11:56.161+0000] {processor.py:766} INFO - DAG(s) dict_keys(['tutorial_taskflow_api']) retrieved from /home/airflow/.local/lib/python3.7/site-packages/airflow/example_dags/tutorial_taskflow_api.py
[2024-04-15T16:11:56.229+0000] {logging_mixin.py:120} INFO - [2024-04-15T16:11:56.229+0000] {dag.py:2585} INFO - Sync 1 DAGs
[2024-04-15T16:11:56.269+0000] {logging_mixin.py:120} INFO - [2024-04-15T16:11:56.269+0000] {dag.py:3340} INFO - Setting next_dagrun for tutorial_taskflow_api to None, run_after=None
[2024-04-15T16:11:56.302+0000] {processor.py:176} INFO - Processing /home/airflow/.local/lib/python3.7/site-packages/airflow/example_dags/tutorial_taskflow_api.py took 0.213 seconds
[2024-04-15T16:12:26.351+0000] {processor.py:154} INFO - Started process (PID=23497) to work on /home/airflow/.local/lib/python3.7/site-packages/airflow/example_dags/tutorial_taskflow_api.py
[2024-04-15T16:12:26.353+0000] {processor.py:756} INFO - Processing file /home/airflow/.local/lib/python3.7/site-packages/airflow/example_dags/tutorial_taskflow_api.py for tasks to queue
[2024-04-15T16:12:26.355+0000] {logging_mixin.py:120} INFO - [2024-04-15T16:12:26.355+0000] {dagbag.py:537} INFO - Filling up the DagBag from /home/airflow/.local/lib/python3.7/site-packages/airflow/example_dags/tutorial_taskflow_api.py
[2024-04-15T16:12:26.394+0000] {processor.py:766} INFO - DAG(s) dict_keys(['tutorial_taskflow_api']) retrieved from /home/airflow/.local/lib/python3.7/site-packages/airflow/example_dags/tutorial_taskflow_api.py
[2024-04-15T16:12:26.472+0000] {logging_mixin.py:120} INFO - [2024-04-15T16:12:26.472+0000] {dag.py:2585} INFO - Sync 1 DAGs
[2024-04-15T16:12:26.519+0000] {logging_mixin.py:120} INFO - [2024-04-15T16:12:26.518+0000] {dag.py:3340} INFO - Setting next_dagrun for tutorial_taskflow_api to None, run_after=None
[2024-04-15T16:12:26.557+0000] {processor.py:176} INFO - Processing /home/airflow/.local/lib/python3.7/site-packages/airflow/example_dags/tutorial_taskflow_api.py took 0.211 seconds
[2024-04-15T16:12:57.117+0000] {processor.py:154} INFO - Started process (PID=23576) to work on /home/airflow/.local/lib/python3.7/site-packages/airflow/example_dags/tutorial_taskflow_api.py
[2024-04-15T16:12:57.119+0000] {processor.py:756} INFO - Processing file /home/airflow/.local/lib/python3.7/site-packages/airflow/example_dags/tutorial_taskflow_api.py for tasks to queue
[2024-04-15T16:12:57.121+0000] {logging_mixin.py:120} INFO - [2024-04-15T16:12:57.121+0000] {dagbag.py:537} INFO - Filling up the DagBag from /home/airflow/.local/lib/python3.7/site-packages/airflow/example_dags/tutorial_taskflow_api.py
[2024-04-15T16:12:57.166+0000] {processor.py:766} INFO - DAG(s) dict_keys(['tutorial_taskflow_api']) retrieved from /home/airflow/.local/lib/python3.7/site-packages/airflow/example_dags/tutorial_taskflow_api.py
[2024-04-15T16:12:57.233+0000] {logging_mixin.py:120} INFO - [2024-04-15T16:12:57.233+0000] {dag.py:2585} INFO - Sync 1 DAGs
[2024-04-15T16:12:57.277+0000] {logging_mixin.py:120} INFO - [2024-04-15T16:12:57.277+0000] {dag.py:3340} INFO - Setting next_dagrun for tutorial_taskflow_api to None, run_after=None
[2024-04-15T16:12:57.326+0000] {processor.py:176} INFO - Processing /home/airflow/.local/lib/python3.7/site-packages/airflow/example_dags/tutorial_taskflow_api.py took 0.219 seconds
[2024-04-15T16:13:30.796+0000] {processor.py:154} INFO - Started process (PID=23654) to work on /home/airflow/.local/lib/python3.7/site-packages/airflow/example_dags/tutorial_taskflow_api.py
[2024-04-15T16:13:30.815+0000] {processor.py:756} INFO - Processing file /home/airflow/.local/lib/python3.7/site-packages/airflow/example_dags/tutorial_taskflow_api.py for tasks to queue
[2024-04-15T16:13:30.835+0000] {logging_mixin.py:120} INFO - [2024-04-15T16:13:30.834+0000] {dagbag.py:537} INFO - Filling up the DagBag from /home/airflow/.local/lib/python3.7/site-packages/airflow/example_dags/tutorial_taskflow_api.py
[2024-04-15T16:13:31.516+0000] {processor.py:766} INFO - DAG(s) dict_keys(['tutorial_taskflow_api']) retrieved from /home/airflow/.local/lib/python3.7/site-packages/airflow/example_dags/tutorial_taskflow_api.py
[2024-04-15T16:13:32.647+0000] {logging_mixin.py:120} INFO - [2024-04-15T16:13:32.646+0000] {dag.py:2585} INFO - Sync 1 DAGs
[2024-04-15T16:13:33.278+0000] {logging_mixin.py:120} INFO - [2024-04-15T16:13:33.278+0000] {dag.py:3340} INFO - Setting next_dagrun for tutorial_taskflow_api to None, run_after=None
[2024-04-15T16:13:33.468+0000] {processor.py:176} INFO - Processing /home/airflow/.local/lib/python3.7/site-packages/airflow/example_dags/tutorial_taskflow_api.py took 2.881 seconds
[2024-04-15T16:20:25.883+0000] {processor.py:154} INFO - Started process (PID=23713) to work on /home/airflow/.local/lib/python3.7/site-packages/airflow/example_dags/tutorial_taskflow_api.py
[2024-04-15T16:20:25.886+0000] {processor.py:756} INFO - Processing file /home/airflow/.local/lib/python3.7/site-packages/airflow/example_dags/tutorial_taskflow_api.py for tasks to queue
[2024-04-15T16:20:25.888+0000] {logging_mixin.py:120} INFO - [2024-04-15T16:20:25.888+0000] {dagbag.py:537} INFO - Filling up the DagBag from /home/airflow/.local/lib/python3.7/site-packages/airflow/example_dags/tutorial_taskflow_api.py
[2024-04-15T16:20:25.959+0000] {processor.py:766} INFO - DAG(s) dict_keys(['tutorial_taskflow_api']) retrieved from /home/airflow/.local/lib/python3.7/site-packages/airflow/example_dags/tutorial_taskflow_api.py
[2024-04-15T16:20:26.071+0000] {logging_mixin.py:120} INFO - [2024-04-15T16:20:26.071+0000] {dag.py:2585} INFO - Sync 1 DAGs
[2024-04-15T16:20:26.150+0000] {logging_mixin.py:120} INFO - [2024-04-15T16:20:26.150+0000] {dag.py:3340} INFO - Setting next_dagrun for tutorial_taskflow_api to None, run_after=None
[2024-04-15T16:20:26.226+0000] {processor.py:176} INFO - Processing /home/airflow/.local/lib/python3.7/site-packages/airflow/example_dags/tutorial_taskflow_api.py took 0.352 seconds
