[2024-04-15T15:40:20.763+0000] {processor.py:154} INFO - Started process (PID=18851) to work on /home/airflow/.local/lib/python3.7/site-packages/airflow/example_dags/tutorial.py
[2024-04-15T15:40:20.776+0000] {processor.py:756} INFO - Processing file /home/airflow/.local/lib/python3.7/site-packages/airflow/example_dags/tutorial.py for tasks to queue
[2024-04-15T15:40:20.790+0000] {logging_mixin.py:120} INFO - [2024-04-15T15:40:20.790+0000] {dagbag.py:537} INFO - Filling up the DagBag from /home/airflow/.local/lib/python3.7/site-packages/airflow/example_dags/tutorial.py
[2024-04-15T15:40:21.026+0000] {processor.py:766} INFO - DAG(s) dict_keys(['tutorial']) retrieved from /home/airflow/.local/lib/python3.7/site-packages/airflow/example_dags/tutorial.py
[2024-04-15T15:40:22.235+0000] {logging_mixin.py:120} INFO - [2024-04-15T15:40:22.235+0000] {dag.py:2585} INFO - Sync 1 DAGs
[2024-04-15T15:40:22.878+0000] {logging_mixin.py:120} INFO - [2024-04-15T15:40:22.878+0000] {dag.py:3340} INFO - Setting next_dagrun for tutorial to 2024-04-14T15:40:22.877922+00:00, run_after=2024-04-15T15:40:22.877922+00:00
[2024-04-15T15:40:23.056+0000] {processor.py:176} INFO - Processing /home/airflow/.local/lib/python3.7/site-packages/airflow/example_dags/tutorial.py took 2.355 seconds
[2024-04-15T15:40:53.297+0000] {processor.py:154} INFO - Started process (PID=18920) to work on /home/airflow/.local/lib/python3.7/site-packages/airflow/example_dags/tutorial.py
[2024-04-15T15:40:53.300+0000] {processor.py:756} INFO - Processing file /home/airflow/.local/lib/python3.7/site-packages/airflow/example_dags/tutorial.py for tasks to queue
[2024-04-15T15:40:53.306+0000] {logging_mixin.py:120} INFO - [2024-04-15T15:40:53.305+0000] {dagbag.py:537} INFO - Filling up the DagBag from /home/airflow/.local/lib/python3.7/site-packages/airflow/example_dags/tutorial.py
[2024-04-15T15:40:53.333+0000] {processor.py:766} INFO - DAG(s) dict_keys(['tutorial']) retrieved from /home/airflow/.local/lib/python3.7/site-packages/airflow/example_dags/tutorial.py
[2024-04-15T15:40:53.404+0000] {logging_mixin.py:120} INFO - [2024-04-15T15:40:53.404+0000] {dag.py:2585} INFO - Sync 1 DAGs
[2024-04-15T15:40:53.451+0000] {logging_mixin.py:120} INFO - [2024-04-15T15:40:53.450+0000] {dag.py:3340} INFO - Setting next_dagrun for tutorial to 2024-04-14T15:40:53.450585+00:00, run_after=2024-04-15T15:40:53.450585+00:00
[2024-04-15T15:40:53.492+0000] {processor.py:176} INFO - Processing /home/airflow/.local/lib/python3.7/site-packages/airflow/example_dags/tutorial.py took 0.202 seconds
[2024-04-15T15:41:23.721+0000] {processor.py:154} INFO - Started process (PID=18990) to work on /home/airflow/.local/lib/python3.7/site-packages/airflow/example_dags/tutorial.py
[2024-04-15T15:41:23.724+0000] {processor.py:756} INFO - Processing file /home/airflow/.local/lib/python3.7/site-packages/airflow/example_dags/tutorial.py for tasks to queue
[2024-04-15T15:41:23.726+0000] {logging_mixin.py:120} INFO - [2024-04-15T15:41:23.725+0000] {dagbag.py:537} INFO - Filling up the DagBag from /home/airflow/.local/lib/python3.7/site-packages/airflow/example_dags/tutorial.py
[2024-04-15T15:41:23.759+0000] {processor.py:766} INFO - DAG(s) dict_keys(['tutorial']) retrieved from /home/airflow/.local/lib/python3.7/site-packages/airflow/example_dags/tutorial.py
[2024-04-15T15:41:23.846+0000] {logging_mixin.py:120} INFO - [2024-04-15T15:41:23.846+0000] {dag.py:2585} INFO - Sync 1 DAGs
[2024-04-15T15:41:23.905+0000] {logging_mixin.py:120} INFO - [2024-04-15T15:41:23.905+0000] {dag.py:3340} INFO - Setting next_dagrun for tutorial to 2024-04-14T15:41:23.904749+00:00, run_after=2024-04-15T15:41:23.904749+00:00
[2024-04-15T15:41:23.941+0000] {processor.py:176} INFO - Processing /home/airflow/.local/lib/python3.7/site-packages/airflow/example_dags/tutorial.py took 0.229 seconds
[2024-04-15T15:41:54.284+0000] {processor.py:154} INFO - Started process (PID=19067) to work on /home/airflow/.local/lib/python3.7/site-packages/airflow/example_dags/tutorial.py
[2024-04-15T15:41:54.286+0000] {processor.py:756} INFO - Processing file /home/airflow/.local/lib/python3.7/site-packages/airflow/example_dags/tutorial.py for tasks to queue
[2024-04-15T15:41:54.290+0000] {logging_mixin.py:120} INFO - [2024-04-15T15:41:54.290+0000] {dagbag.py:537} INFO - Filling up the DagBag from /home/airflow/.local/lib/python3.7/site-packages/airflow/example_dags/tutorial.py
[2024-04-15T15:41:54.323+0000] {processor.py:766} INFO - DAG(s) dict_keys(['tutorial']) retrieved from /home/airflow/.local/lib/python3.7/site-packages/airflow/example_dags/tutorial.py
[2024-04-15T15:41:54.394+0000] {logging_mixin.py:120} INFO - [2024-04-15T15:41:54.394+0000] {dag.py:2585} INFO - Sync 1 DAGs
[2024-04-15T15:41:54.436+0000] {logging_mixin.py:120} INFO - [2024-04-15T15:41:54.436+0000] {dag.py:3340} INFO - Setting next_dagrun for tutorial to 2024-04-14T15:41:54.436085+00:00, run_after=2024-04-15T15:41:54.436085+00:00
[2024-04-15T15:41:54.472+0000] {processor.py:176} INFO - Processing /home/airflow/.local/lib/python3.7/site-packages/airflow/example_dags/tutorial.py took 0.193 seconds
[2024-04-15T15:42:24.779+0000] {processor.py:154} INFO - Started process (PID=19136) to work on /home/airflow/.local/lib/python3.7/site-packages/airflow/example_dags/tutorial.py
[2024-04-15T15:42:24.781+0000] {processor.py:756} INFO - Processing file /home/airflow/.local/lib/python3.7/site-packages/airflow/example_dags/tutorial.py for tasks to queue
[2024-04-15T15:42:24.783+0000] {logging_mixin.py:120} INFO - [2024-04-15T15:42:24.783+0000] {dagbag.py:537} INFO - Filling up the DagBag from /home/airflow/.local/lib/python3.7/site-packages/airflow/example_dags/tutorial.py
[2024-04-15T15:42:24.814+0000] {processor.py:766} INFO - DAG(s) dict_keys(['tutorial']) retrieved from /home/airflow/.local/lib/python3.7/site-packages/airflow/example_dags/tutorial.py
[2024-04-15T15:42:24.902+0000] {logging_mixin.py:120} INFO - [2024-04-15T15:42:24.902+0000] {dag.py:2585} INFO - Sync 1 DAGs
[2024-04-15T15:42:24.951+0000] {logging_mixin.py:120} INFO - [2024-04-15T15:42:24.951+0000] {dag.py:3340} INFO - Setting next_dagrun for tutorial to 2024-04-14T15:42:24.950693+00:00, run_after=2024-04-15T15:42:24.950693+00:00
[2024-04-15T15:42:24.986+0000] {processor.py:176} INFO - Processing /home/airflow/.local/lib/python3.7/site-packages/airflow/example_dags/tutorial.py took 0.215 seconds
[2024-04-15T15:42:55.199+0000] {processor.py:154} INFO - Started process (PID=19213) to work on /home/airflow/.local/lib/python3.7/site-packages/airflow/example_dags/tutorial.py
[2024-04-15T15:42:55.201+0000] {processor.py:756} INFO - Processing file /home/airflow/.local/lib/python3.7/site-packages/airflow/example_dags/tutorial.py for tasks to queue
[2024-04-15T15:42:55.203+0000] {logging_mixin.py:120} INFO - [2024-04-15T15:42:55.203+0000] {dagbag.py:537} INFO - Filling up the DagBag from /home/airflow/.local/lib/python3.7/site-packages/airflow/example_dags/tutorial.py
[2024-04-15T15:42:55.232+0000] {processor.py:766} INFO - DAG(s) dict_keys(['tutorial']) retrieved from /home/airflow/.local/lib/python3.7/site-packages/airflow/example_dags/tutorial.py
[2024-04-15T15:42:55.300+0000] {logging_mixin.py:120} INFO - [2024-04-15T15:42:55.300+0000] {dag.py:2585} INFO - Sync 1 DAGs
[2024-04-15T15:42:55.342+0000] {logging_mixin.py:120} INFO - [2024-04-15T15:42:55.342+0000] {dag.py:3340} INFO - Setting next_dagrun for tutorial to 2024-04-14T15:42:55.341860+00:00, run_after=2024-04-15T15:42:55.341860+00:00
[2024-04-15T15:42:55.403+0000] {processor.py:176} INFO - Processing /home/airflow/.local/lib/python3.7/site-packages/airflow/example_dags/tutorial.py took 0.213 seconds
[2024-04-15T15:43:26.102+0000] {processor.py:154} INFO - Started process (PID=19282) to work on /home/airflow/.local/lib/python3.7/site-packages/airflow/example_dags/tutorial.py
[2024-04-15T15:43:26.106+0000] {processor.py:756} INFO - Processing file /home/airflow/.local/lib/python3.7/site-packages/airflow/example_dags/tutorial.py for tasks to queue
[2024-04-15T15:43:26.109+0000] {logging_mixin.py:120} INFO - [2024-04-15T15:43:26.109+0000] {dagbag.py:537} INFO - Filling up the DagBag from /home/airflow/.local/lib/python3.7/site-packages/airflow/example_dags/tutorial.py
[2024-04-15T15:43:26.155+0000] {processor.py:766} INFO - DAG(s) dict_keys(['tutorial']) retrieved from /home/airflow/.local/lib/python3.7/site-packages/airflow/example_dags/tutorial.py
[2024-04-15T15:43:26.249+0000] {logging_mixin.py:120} INFO - [2024-04-15T15:43:26.248+0000] {dag.py:2585} INFO - Sync 1 DAGs
[2024-04-15T15:43:26.301+0000] {logging_mixin.py:120} INFO - [2024-04-15T15:43:26.301+0000] {dag.py:3340} INFO - Setting next_dagrun for tutorial to 2024-04-14T15:43:26.301202+00:00, run_after=2024-04-15T15:43:26.301202+00:00
[2024-04-15T15:43:26.356+0000] {processor.py:176} INFO - Processing /home/airflow/.local/lib/python3.7/site-packages/airflow/example_dags/tutorial.py took 0.264 seconds
[2024-04-15T15:43:56.656+0000] {processor.py:154} INFO - Started process (PID=19360) to work on /home/airflow/.local/lib/python3.7/site-packages/airflow/example_dags/tutorial.py
[2024-04-15T15:43:56.658+0000] {processor.py:756} INFO - Processing file /home/airflow/.local/lib/python3.7/site-packages/airflow/example_dags/tutorial.py for tasks to queue
[2024-04-15T15:43:56.660+0000] {logging_mixin.py:120} INFO - [2024-04-15T15:43:56.660+0000] {dagbag.py:537} INFO - Filling up the DagBag from /home/airflow/.local/lib/python3.7/site-packages/airflow/example_dags/tutorial.py
[2024-04-15T15:43:56.693+0000] {processor.py:766} INFO - DAG(s) dict_keys(['tutorial']) retrieved from /home/airflow/.local/lib/python3.7/site-packages/airflow/example_dags/tutorial.py
[2024-04-15T15:43:56.781+0000] {logging_mixin.py:120} INFO - [2024-04-15T15:43:56.780+0000] {dag.py:2585} INFO - Sync 1 DAGs
[2024-04-15T15:43:56.831+0000] {logging_mixin.py:120} INFO - [2024-04-15T15:43:56.831+0000] {dag.py:3340} INFO - Setting next_dagrun for tutorial to 2024-04-14T15:43:56.830896+00:00, run_after=2024-04-15T15:43:56.830896+00:00
[2024-04-15T15:43:56.866+0000] {processor.py:176} INFO - Processing /home/airflow/.local/lib/python3.7/site-packages/airflow/example_dags/tutorial.py took 0.217 seconds
[2024-04-15T15:44:27.182+0000] {processor.py:154} INFO - Started process (PID=19438) to work on /home/airflow/.local/lib/python3.7/site-packages/airflow/example_dags/tutorial.py
[2024-04-15T15:44:27.184+0000] {processor.py:756} INFO - Processing file /home/airflow/.local/lib/python3.7/site-packages/airflow/example_dags/tutorial.py for tasks to queue
[2024-04-15T15:44:27.186+0000] {logging_mixin.py:120} INFO - [2024-04-15T15:44:27.186+0000] {dagbag.py:537} INFO - Filling up the DagBag from /home/airflow/.local/lib/python3.7/site-packages/airflow/example_dags/tutorial.py
[2024-04-15T15:44:27.215+0000] {processor.py:766} INFO - DAG(s) dict_keys(['tutorial']) retrieved from /home/airflow/.local/lib/python3.7/site-packages/airflow/example_dags/tutorial.py
[2024-04-15T15:44:27.283+0000] {logging_mixin.py:120} INFO - [2024-04-15T15:44:27.283+0000] {dag.py:2585} INFO - Sync 1 DAGs
[2024-04-15T15:44:27.331+0000] {logging_mixin.py:120} INFO - [2024-04-15T15:44:27.331+0000] {dag.py:3340} INFO - Setting next_dagrun for tutorial to 2024-04-14T15:44:27.330751+00:00, run_after=2024-04-15T15:44:27.330751+00:00
[2024-04-15T15:44:27.370+0000] {processor.py:176} INFO - Processing /home/airflow/.local/lib/python3.7/site-packages/airflow/example_dags/tutorial.py took 0.194 seconds
[2024-04-15T15:44:57.576+0000] {processor.py:154} INFO - Started process (PID=19508) to work on /home/airflow/.local/lib/python3.7/site-packages/airflow/example_dags/tutorial.py
[2024-04-15T15:44:57.578+0000] {processor.py:756} INFO - Processing file /home/airflow/.local/lib/python3.7/site-packages/airflow/example_dags/tutorial.py for tasks to queue
[2024-04-15T15:44:57.581+0000] {logging_mixin.py:120} INFO - [2024-04-15T15:44:57.581+0000] {dagbag.py:537} INFO - Filling up the DagBag from /home/airflow/.local/lib/python3.7/site-packages/airflow/example_dags/tutorial.py
[2024-04-15T15:44:57.623+0000] {processor.py:766} INFO - DAG(s) dict_keys(['tutorial']) retrieved from /home/airflow/.local/lib/python3.7/site-packages/airflow/example_dags/tutorial.py
[2024-04-15T15:44:57.727+0000] {logging_mixin.py:120} INFO - [2024-04-15T15:44:57.727+0000] {dag.py:2585} INFO - Sync 1 DAGs
[2024-04-15T15:44:57.797+0000] {logging_mixin.py:120} INFO - [2024-04-15T15:44:57.796+0000] {dag.py:3340} INFO - Setting next_dagrun for tutorial to 2024-04-14T15:44:57.796251+00:00, run_after=2024-04-15T15:44:57.796251+00:00
[2024-04-15T15:44:57.848+0000] {processor.py:176} INFO - Processing /home/airflow/.local/lib/python3.7/site-packages/airflow/example_dags/tutorial.py took 0.285 seconds
[2024-04-15T15:45:28.023+0000] {processor.py:154} INFO - Started process (PID=19586) to work on /home/airflow/.local/lib/python3.7/site-packages/airflow/example_dags/tutorial.py
[2024-04-15T15:45:28.025+0000] {processor.py:756} INFO - Processing file /home/airflow/.local/lib/python3.7/site-packages/airflow/example_dags/tutorial.py for tasks to queue
[2024-04-15T15:45:28.028+0000] {logging_mixin.py:120} INFO - [2024-04-15T15:45:28.028+0000] {dagbag.py:537} INFO - Filling up the DagBag from /home/airflow/.local/lib/python3.7/site-packages/airflow/example_dags/tutorial.py
[2024-04-15T15:45:28.054+0000] {processor.py:766} INFO - DAG(s) dict_keys(['tutorial']) retrieved from /home/airflow/.local/lib/python3.7/site-packages/airflow/example_dags/tutorial.py
[2024-04-15T15:45:28.128+0000] {logging_mixin.py:120} INFO - [2024-04-15T15:45:28.128+0000] {dag.py:2585} INFO - Sync 1 DAGs
[2024-04-15T15:45:28.176+0000] {logging_mixin.py:120} INFO - [2024-04-15T15:45:28.176+0000] {dag.py:3340} INFO - Setting next_dagrun for tutorial to 2024-04-14T15:45:28.175865+00:00, run_after=2024-04-15T15:45:28.175865+00:00
[2024-04-15T15:45:28.208+0000] {processor.py:176} INFO - Processing /home/airflow/.local/lib/python3.7/site-packages/airflow/example_dags/tutorial.py took 0.190 seconds
[2024-04-15T15:45:58.323+0000] {processor.py:154} INFO - Started process (PID=19655) to work on /home/airflow/.local/lib/python3.7/site-packages/airflow/example_dags/tutorial.py
[2024-04-15T15:45:58.325+0000] {processor.py:756} INFO - Processing file /home/airflow/.local/lib/python3.7/site-packages/airflow/example_dags/tutorial.py for tasks to queue
[2024-04-15T15:45:58.327+0000] {logging_mixin.py:120} INFO - [2024-04-15T15:45:58.327+0000] {dagbag.py:537} INFO - Filling up the DagBag from /home/airflow/.local/lib/python3.7/site-packages/airflow/example_dags/tutorial.py
[2024-04-15T15:45:58.361+0000] {processor.py:766} INFO - DAG(s) dict_keys(['tutorial']) retrieved from /home/airflow/.local/lib/python3.7/site-packages/airflow/example_dags/tutorial.py
[2024-04-15T15:45:58.442+0000] {logging_mixin.py:120} INFO - [2024-04-15T15:45:58.442+0000] {dag.py:2585} INFO - Sync 1 DAGs
[2024-04-15T15:45:58.487+0000] {logging_mixin.py:120} INFO - [2024-04-15T15:45:58.487+0000] {dag.py:3340} INFO - Setting next_dagrun for tutorial to 2024-04-14T15:45:58.486915+00:00, run_after=2024-04-15T15:45:58.486915+00:00
[2024-04-15T15:45:58.521+0000] {processor.py:176} INFO - Processing /home/airflow/.local/lib/python3.7/site-packages/airflow/example_dags/tutorial.py took 0.203 seconds
[2024-04-15T15:46:28.923+0000] {processor.py:154} INFO - Started process (PID=19733) to work on /home/airflow/.local/lib/python3.7/site-packages/airflow/example_dags/tutorial.py
[2024-04-15T15:46:28.925+0000] {processor.py:756} INFO - Processing file /home/airflow/.local/lib/python3.7/site-packages/airflow/example_dags/tutorial.py for tasks to queue
[2024-04-15T15:46:28.927+0000] {logging_mixin.py:120} INFO - [2024-04-15T15:46:28.926+0000] {dagbag.py:537} INFO - Filling up the DagBag from /home/airflow/.local/lib/python3.7/site-packages/airflow/example_dags/tutorial.py
[2024-04-15T15:46:28.956+0000] {processor.py:766} INFO - DAG(s) dict_keys(['tutorial']) retrieved from /home/airflow/.local/lib/python3.7/site-packages/airflow/example_dags/tutorial.py
[2024-04-15T15:46:29.029+0000] {logging_mixin.py:120} INFO - [2024-04-15T15:46:29.029+0000] {dag.py:2585} INFO - Sync 1 DAGs
[2024-04-15T15:46:29.070+0000] {logging_mixin.py:120} INFO - [2024-04-15T15:46:29.069+0000] {dag.py:3340} INFO - Setting next_dagrun for tutorial to 2024-04-14T15:46:29.069497+00:00, run_after=2024-04-15T15:46:29.069497+00:00
[2024-04-15T15:46:29.101+0000] {processor.py:176} INFO - Processing /home/airflow/.local/lib/python3.7/site-packages/airflow/example_dags/tutorial.py took 0.184 seconds
[2024-04-15T15:46:59.666+0000] {processor.py:154} INFO - Started process (PID=19802) to work on /home/airflow/.local/lib/python3.7/site-packages/airflow/example_dags/tutorial.py
[2024-04-15T15:46:59.668+0000] {processor.py:756} INFO - Processing file /home/airflow/.local/lib/python3.7/site-packages/airflow/example_dags/tutorial.py for tasks to queue
[2024-04-15T15:46:59.670+0000] {logging_mixin.py:120} INFO - [2024-04-15T15:46:59.670+0000] {dagbag.py:537} INFO - Filling up the DagBag from /home/airflow/.local/lib/python3.7/site-packages/airflow/example_dags/tutorial.py
[2024-04-15T15:46:59.695+0000] {processor.py:766} INFO - DAG(s) dict_keys(['tutorial']) retrieved from /home/airflow/.local/lib/python3.7/site-packages/airflow/example_dags/tutorial.py
[2024-04-15T15:46:59.765+0000] {logging_mixin.py:120} INFO - [2024-04-15T15:46:59.765+0000] {dag.py:2585} INFO - Sync 1 DAGs
[2024-04-15T15:46:59.810+0000] {logging_mixin.py:120} INFO - [2024-04-15T15:46:59.810+0000] {dag.py:3340} INFO - Setting next_dagrun for tutorial to 2024-04-14T15:46:59.809715+00:00, run_after=2024-04-15T15:46:59.809715+00:00
[2024-04-15T15:46:59.844+0000] {processor.py:176} INFO - Processing /home/airflow/.local/lib/python3.7/site-packages/airflow/example_dags/tutorial.py took 0.184 seconds
[2024-04-15T15:47:30.216+0000] {processor.py:154} INFO - Started process (PID=19882) to work on /home/airflow/.local/lib/python3.7/site-packages/airflow/example_dags/tutorial.py
[2024-04-15T15:47:30.219+0000] {processor.py:756} INFO - Processing file /home/airflow/.local/lib/python3.7/site-packages/airflow/example_dags/tutorial.py for tasks to queue
[2024-04-15T15:47:30.221+0000] {logging_mixin.py:120} INFO - [2024-04-15T15:47:30.221+0000] {dagbag.py:537} INFO - Filling up the DagBag from /home/airflow/.local/lib/python3.7/site-packages/airflow/example_dags/tutorial.py
[2024-04-15T15:47:30.249+0000] {processor.py:766} INFO - DAG(s) dict_keys(['tutorial']) retrieved from /home/airflow/.local/lib/python3.7/site-packages/airflow/example_dags/tutorial.py
[2024-04-15T15:47:30.339+0000] {logging_mixin.py:120} INFO - [2024-04-15T15:47:30.339+0000] {dag.py:2585} INFO - Sync 1 DAGs
[2024-04-15T15:47:30.389+0000] {logging_mixin.py:120} INFO - [2024-04-15T15:47:30.389+0000] {dag.py:3340} INFO - Setting next_dagrun for tutorial to 2024-04-14T15:47:30.388958+00:00, run_after=2024-04-15T15:47:30.388958+00:00
[2024-04-15T15:47:30.421+0000] {processor.py:176} INFO - Processing /home/airflow/.local/lib/python3.7/site-packages/airflow/example_dags/tutorial.py took 0.214 seconds
[2024-04-15T15:48:00.863+0000] {processor.py:154} INFO - Started process (PID=19951) to work on /home/airflow/.local/lib/python3.7/site-packages/airflow/example_dags/tutorial.py
[2024-04-15T15:48:00.866+0000] {processor.py:756} INFO - Processing file /home/airflow/.local/lib/python3.7/site-packages/airflow/example_dags/tutorial.py for tasks to queue
[2024-04-15T15:48:00.867+0000] {logging_mixin.py:120} INFO - [2024-04-15T15:48:00.867+0000] {dagbag.py:537} INFO - Filling up the DagBag from /home/airflow/.local/lib/python3.7/site-packages/airflow/example_dags/tutorial.py
[2024-04-15T15:48:00.893+0000] {processor.py:766} INFO - DAG(s) dict_keys(['tutorial']) retrieved from /home/airflow/.local/lib/python3.7/site-packages/airflow/example_dags/tutorial.py
[2024-04-15T15:48:00.958+0000] {logging_mixin.py:120} INFO - [2024-04-15T15:48:00.958+0000] {dag.py:2585} INFO - Sync 1 DAGs
[2024-04-15T15:48:01.004+0000] {logging_mixin.py:120} INFO - [2024-04-15T15:48:01.003+0000] {dag.py:3340} INFO - Setting next_dagrun for tutorial to 2024-04-14T15:48:01.003373+00:00, run_after=2024-04-15T15:48:01.003373+00:00
[2024-04-15T15:48:01.041+0000] {processor.py:176} INFO - Processing /home/airflow/.local/lib/python3.7/site-packages/airflow/example_dags/tutorial.py took 0.184 seconds
[2024-04-15T15:48:31.866+0000] {processor.py:154} INFO - Started process (PID=20030) to work on /home/airflow/.local/lib/python3.7/site-packages/airflow/example_dags/tutorial.py
[2024-04-15T15:48:31.869+0000] {processor.py:756} INFO - Processing file /home/airflow/.local/lib/python3.7/site-packages/airflow/example_dags/tutorial.py for tasks to queue
[2024-04-15T15:48:31.871+0000] {logging_mixin.py:120} INFO - [2024-04-15T15:48:31.871+0000] {dagbag.py:537} INFO - Filling up the DagBag from /home/airflow/.local/lib/python3.7/site-packages/airflow/example_dags/tutorial.py
[2024-04-15T15:48:31.914+0000] {processor.py:766} INFO - DAG(s) dict_keys(['tutorial']) retrieved from /home/airflow/.local/lib/python3.7/site-packages/airflow/example_dags/tutorial.py
[2024-04-15T15:48:32.287+0000] {logging_mixin.py:120} INFO - [2024-04-15T15:48:32.285+0000] {dag.py:2585} INFO - Sync 1 DAGs
[2024-04-15T15:48:32.444+0000] {logging_mixin.py:120} INFO - [2024-04-15T15:48:32.444+0000] {dag.py:3340} INFO - Setting next_dagrun for tutorial to 2024-04-14T15:48:32.443792+00:00, run_after=2024-04-15T15:48:32.443792+00:00
[2024-04-15T15:48:32.563+0000] {processor.py:176} INFO - Processing /home/airflow/.local/lib/python3.7/site-packages/airflow/example_dags/tutorial.py took 0.706 seconds
[2024-04-15T15:49:03.370+0000] {processor.py:154} INFO - Started process (PID=20108) to work on /home/airflow/.local/lib/python3.7/site-packages/airflow/example_dags/tutorial.py
[2024-04-15T15:49:03.380+0000] {processor.py:756} INFO - Processing file /home/airflow/.local/lib/python3.7/site-packages/airflow/example_dags/tutorial.py for tasks to queue
[2024-04-15T15:49:03.387+0000] {logging_mixin.py:120} INFO - [2024-04-15T15:49:03.387+0000] {dagbag.py:537} INFO - Filling up the DagBag from /home/airflow/.local/lib/python3.7/site-packages/airflow/example_dags/tutorial.py
[2024-04-15T15:49:03.518+0000] {processor.py:766} INFO - DAG(s) dict_keys(['tutorial']) retrieved from /home/airflow/.local/lib/python3.7/site-packages/airflow/example_dags/tutorial.py
[2024-04-15T15:49:03.601+0000] {logging_mixin.py:120} INFO - [2024-04-15T15:49:03.601+0000] {dag.py:2585} INFO - Sync 1 DAGs
[2024-04-15T15:49:03.684+0000] {logging_mixin.py:120} INFO - [2024-04-15T15:49:03.684+0000] {dag.py:3340} INFO - Setting next_dagrun for tutorial to 2024-04-14T15:49:03.683150+00:00, run_after=2024-04-15T15:49:03.683150+00:00
[2024-04-15T15:49:03.796+0000] {processor.py:176} INFO - Processing /home/airflow/.local/lib/python3.7/site-packages/airflow/example_dags/tutorial.py took 0.443 seconds
[2024-04-15T15:49:34.154+0000] {processor.py:154} INFO - Started process (PID=20177) to work on /home/airflow/.local/lib/python3.7/site-packages/airflow/example_dags/tutorial.py
[2024-04-15T15:49:34.157+0000] {processor.py:756} INFO - Processing file /home/airflow/.local/lib/python3.7/site-packages/airflow/example_dags/tutorial.py for tasks to queue
[2024-04-15T15:49:34.159+0000] {logging_mixin.py:120} INFO - [2024-04-15T15:49:34.158+0000] {dagbag.py:537} INFO - Filling up the DagBag from /home/airflow/.local/lib/python3.7/site-packages/airflow/example_dags/tutorial.py
[2024-04-15T15:49:34.187+0000] {processor.py:766} INFO - DAG(s) dict_keys(['tutorial']) retrieved from /home/airflow/.local/lib/python3.7/site-packages/airflow/example_dags/tutorial.py
[2024-04-15T15:49:34.257+0000] {logging_mixin.py:120} INFO - [2024-04-15T15:49:34.256+0000] {dag.py:2585} INFO - Sync 1 DAGs
[2024-04-15T15:49:34.293+0000] {logging_mixin.py:120} INFO - [2024-04-15T15:49:34.293+0000] {dag.py:3340} INFO - Setting next_dagrun for tutorial to 2024-04-14T15:49:34.292837+00:00, run_after=2024-04-15T15:49:34.292837+00:00
[2024-04-15T15:49:34.325+0000] {processor.py:176} INFO - Processing /home/airflow/.local/lib/python3.7/site-packages/airflow/example_dags/tutorial.py took 0.178 seconds
[2024-04-15T15:50:04.949+0000] {processor.py:154} INFO - Started process (PID=20256) to work on /home/airflow/.local/lib/python3.7/site-packages/airflow/example_dags/tutorial.py
[2024-04-15T15:50:04.953+0000] {processor.py:756} INFO - Processing file /home/airflow/.local/lib/python3.7/site-packages/airflow/example_dags/tutorial.py for tasks to queue
[2024-04-15T15:50:04.956+0000] {logging_mixin.py:120} INFO - [2024-04-15T15:50:04.955+0000] {dagbag.py:537} INFO - Filling up the DagBag from /home/airflow/.local/lib/python3.7/site-packages/airflow/example_dags/tutorial.py
[2024-04-15T15:50:04.980+0000] {processor.py:766} INFO - DAG(s) dict_keys(['tutorial']) retrieved from /home/airflow/.local/lib/python3.7/site-packages/airflow/example_dags/tutorial.py
[2024-04-15T15:50:05.043+0000] {logging_mixin.py:120} INFO - [2024-04-15T15:50:05.043+0000] {dag.py:2585} INFO - Sync 1 DAGs
[2024-04-15T15:50:05.082+0000] {logging_mixin.py:120} INFO - [2024-04-15T15:50:05.082+0000] {dag.py:3340} INFO - Setting next_dagrun for tutorial to 2024-04-14T15:50:05.081683+00:00, run_after=2024-04-15T15:50:05.081683+00:00
[2024-04-15T15:50:05.114+0000] {processor.py:176} INFO - Processing /home/airflow/.local/lib/python3.7/site-packages/airflow/example_dags/tutorial.py took 0.171 seconds
[2024-04-15T15:50:35.569+0000] {processor.py:154} INFO - Started process (PID=20325) to work on /home/airflow/.local/lib/python3.7/site-packages/airflow/example_dags/tutorial.py
[2024-04-15T15:50:35.571+0000] {processor.py:756} INFO - Processing file /home/airflow/.local/lib/python3.7/site-packages/airflow/example_dags/tutorial.py for tasks to queue
[2024-04-15T15:50:35.573+0000] {logging_mixin.py:120} INFO - [2024-04-15T15:50:35.573+0000] {dagbag.py:537} INFO - Filling up the DagBag from /home/airflow/.local/lib/python3.7/site-packages/airflow/example_dags/tutorial.py
[2024-04-15T15:50:35.599+0000] {processor.py:766} INFO - DAG(s) dict_keys(['tutorial']) retrieved from /home/airflow/.local/lib/python3.7/site-packages/airflow/example_dags/tutorial.py
[2024-04-15T15:50:35.666+0000] {logging_mixin.py:120} INFO - [2024-04-15T15:50:35.665+0000] {dag.py:2585} INFO - Sync 1 DAGs
[2024-04-15T15:50:35.713+0000] {logging_mixin.py:120} INFO - [2024-04-15T15:50:35.713+0000] {dag.py:3340} INFO - Setting next_dagrun for tutorial to 2024-04-14T15:50:35.712801+00:00, run_after=2024-04-15T15:50:35.712801+00:00
[2024-04-15T15:50:35.745+0000] {processor.py:176} INFO - Processing /home/airflow/.local/lib/python3.7/site-packages/airflow/example_dags/tutorial.py took 0.183 seconds
[2024-04-15T15:51:06.507+0000] {processor.py:154} INFO - Started process (PID=20403) to work on /home/airflow/.local/lib/python3.7/site-packages/airflow/example_dags/tutorial.py
[2024-04-15T15:51:06.510+0000] {processor.py:756} INFO - Processing file /home/airflow/.local/lib/python3.7/site-packages/airflow/example_dags/tutorial.py for tasks to queue
[2024-04-15T15:51:06.514+0000] {logging_mixin.py:120} INFO - [2024-04-15T15:51:06.513+0000] {dagbag.py:537} INFO - Filling up the DagBag from /home/airflow/.local/lib/python3.7/site-packages/airflow/example_dags/tutorial.py
[2024-04-15T15:51:06.543+0000] {processor.py:766} INFO - DAG(s) dict_keys(['tutorial']) retrieved from /home/airflow/.local/lib/python3.7/site-packages/airflow/example_dags/tutorial.py
[2024-04-15T15:51:06.621+0000] {logging_mixin.py:120} INFO - [2024-04-15T15:51:06.621+0000] {dag.py:2585} INFO - Sync 1 DAGs
[2024-04-15T15:51:06.660+0000] {logging_mixin.py:120} INFO - [2024-04-15T15:51:06.660+0000] {dag.py:3340} INFO - Setting next_dagrun for tutorial to 2024-04-14T15:51:06.659840+00:00, run_after=2024-04-15T15:51:06.659840+00:00
[2024-04-15T15:51:06.696+0000] {processor.py:176} INFO - Processing /home/airflow/.local/lib/python3.7/site-packages/airflow/example_dags/tutorial.py took 0.201 seconds
[2024-04-15T15:51:37.433+0000] {processor.py:154} INFO - Started process (PID=20482) to work on /home/airflow/.local/lib/python3.7/site-packages/airflow/example_dags/tutorial.py
[2024-04-15T15:51:37.436+0000] {processor.py:756} INFO - Processing file /home/airflow/.local/lib/python3.7/site-packages/airflow/example_dags/tutorial.py for tasks to queue
[2024-04-15T15:51:37.438+0000] {logging_mixin.py:120} INFO - [2024-04-15T15:51:37.437+0000] {dagbag.py:537} INFO - Filling up the DagBag from /home/airflow/.local/lib/python3.7/site-packages/airflow/example_dags/tutorial.py
[2024-04-15T15:51:37.471+0000] {processor.py:766} INFO - DAG(s) dict_keys(['tutorial']) retrieved from /home/airflow/.local/lib/python3.7/site-packages/airflow/example_dags/tutorial.py
[2024-04-15T15:51:37.537+0000] {logging_mixin.py:120} INFO - [2024-04-15T15:51:37.537+0000] {dag.py:2585} INFO - Sync 1 DAGs
[2024-04-15T15:51:37.581+0000] {logging_mixin.py:120} INFO - [2024-04-15T15:51:37.580+0000] {dag.py:3340} INFO - Setting next_dagrun for tutorial to 2024-04-14T15:51:37.580560+00:00, run_after=2024-04-15T15:51:37.580560+00:00
[2024-04-15T15:51:37.617+0000] {processor.py:176} INFO - Processing /home/airflow/.local/lib/python3.7/site-packages/airflow/example_dags/tutorial.py took 0.190 seconds
[2024-04-15T15:52:07.906+0000] {processor.py:154} INFO - Started process (PID=20551) to work on /home/airflow/.local/lib/python3.7/site-packages/airflow/example_dags/tutorial.py
[2024-04-15T15:52:07.909+0000] {processor.py:756} INFO - Processing file /home/airflow/.local/lib/python3.7/site-packages/airflow/example_dags/tutorial.py for tasks to queue
[2024-04-15T15:52:07.912+0000] {logging_mixin.py:120} INFO - [2024-04-15T15:52:07.911+0000] {dagbag.py:537} INFO - Filling up the DagBag from /home/airflow/.local/lib/python3.7/site-packages/airflow/example_dags/tutorial.py
[2024-04-15T15:52:07.940+0000] {processor.py:766} INFO - DAG(s) dict_keys(['tutorial']) retrieved from /home/airflow/.local/lib/python3.7/site-packages/airflow/example_dags/tutorial.py
[2024-04-15T15:52:08.003+0000] {logging_mixin.py:120} INFO - [2024-04-15T15:52:08.003+0000] {dag.py:2585} INFO - Sync 1 DAGs
[2024-04-15T15:52:08.042+0000] {logging_mixin.py:120} INFO - [2024-04-15T15:52:08.042+0000] {dag.py:3340} INFO - Setting next_dagrun for tutorial to 2024-04-14T15:52:08.042168+00:00, run_after=2024-04-15T15:52:08.042168+00:00
[2024-04-15T15:52:08.072+0000] {processor.py:176} INFO - Processing /home/airflow/.local/lib/python3.7/site-packages/airflow/example_dags/tutorial.py took 0.171 seconds
[2024-04-15T15:52:38.476+0000] {processor.py:154} INFO - Started process (PID=20629) to work on /home/airflow/.local/lib/python3.7/site-packages/airflow/example_dags/tutorial.py
[2024-04-15T15:52:38.479+0000] {processor.py:756} INFO - Processing file /home/airflow/.local/lib/python3.7/site-packages/airflow/example_dags/tutorial.py for tasks to queue
[2024-04-15T15:52:38.481+0000] {logging_mixin.py:120} INFO - [2024-04-15T15:52:38.481+0000] {dagbag.py:537} INFO - Filling up the DagBag from /home/airflow/.local/lib/python3.7/site-packages/airflow/example_dags/tutorial.py
[2024-04-15T15:52:38.507+0000] {processor.py:766} INFO - DAG(s) dict_keys(['tutorial']) retrieved from /home/airflow/.local/lib/python3.7/site-packages/airflow/example_dags/tutorial.py
[2024-04-15T15:52:38.572+0000] {logging_mixin.py:120} INFO - [2024-04-15T15:52:38.572+0000] {dag.py:2585} INFO - Sync 1 DAGs
[2024-04-15T15:52:38.613+0000] {logging_mixin.py:120} INFO - [2024-04-15T15:52:38.613+0000] {dag.py:3340} INFO - Setting next_dagrun for tutorial to 2024-04-14T15:52:38.613297+00:00, run_after=2024-04-15T15:52:38.613297+00:00
[2024-04-15T15:52:38.642+0000] {processor.py:176} INFO - Processing /home/airflow/.local/lib/python3.7/site-packages/airflow/example_dags/tutorial.py took 0.171 seconds
[2024-04-15T15:53:09.270+0000] {processor.py:154} INFO - Started process (PID=20698) to work on /home/airflow/.local/lib/python3.7/site-packages/airflow/example_dags/tutorial.py
[2024-04-15T15:53:09.273+0000] {processor.py:756} INFO - Processing file /home/airflow/.local/lib/python3.7/site-packages/airflow/example_dags/tutorial.py for tasks to queue
[2024-04-15T15:53:09.275+0000] {logging_mixin.py:120} INFO - [2024-04-15T15:53:09.275+0000] {dagbag.py:537} INFO - Filling up the DagBag from /home/airflow/.local/lib/python3.7/site-packages/airflow/example_dags/tutorial.py
[2024-04-15T15:53:09.322+0000] {processor.py:766} INFO - DAG(s) dict_keys(['tutorial']) retrieved from /home/airflow/.local/lib/python3.7/site-packages/airflow/example_dags/tutorial.py
[2024-04-15T15:53:09.414+0000] {logging_mixin.py:120} INFO - [2024-04-15T15:53:09.414+0000] {dag.py:2585} INFO - Sync 1 DAGs
[2024-04-15T15:53:09.459+0000] {logging_mixin.py:120} INFO - [2024-04-15T15:53:09.459+0000] {dag.py:3340} INFO - Setting next_dagrun for tutorial to 2024-04-14T15:53:09.458893+00:00, run_after=2024-04-15T15:53:09.458893+00:00
[2024-04-15T15:53:09.490+0000] {processor.py:176} INFO - Processing /home/airflow/.local/lib/python3.7/site-packages/airflow/example_dags/tutorial.py took 0.227 seconds
[2024-04-15T15:53:39.614+0000] {processor.py:154} INFO - Started process (PID=20777) to work on /home/airflow/.local/lib/python3.7/site-packages/airflow/example_dags/tutorial.py
[2024-04-15T15:53:39.616+0000] {processor.py:756} INFO - Processing file /home/airflow/.local/lib/python3.7/site-packages/airflow/example_dags/tutorial.py for tasks to queue
[2024-04-15T15:53:39.618+0000] {logging_mixin.py:120} INFO - [2024-04-15T15:53:39.618+0000] {dagbag.py:537} INFO - Filling up the DagBag from /home/airflow/.local/lib/python3.7/site-packages/airflow/example_dags/tutorial.py
[2024-04-15T15:53:39.650+0000] {processor.py:766} INFO - DAG(s) dict_keys(['tutorial']) retrieved from /home/airflow/.local/lib/python3.7/site-packages/airflow/example_dags/tutorial.py
[2024-04-15T15:53:39.817+0000] {logging_mixin.py:120} INFO - [2024-04-15T15:53:39.817+0000] {dag.py:2585} INFO - Sync 1 DAGs
[2024-04-15T15:53:39.869+0000] {logging_mixin.py:120} INFO - [2024-04-15T15:53:39.869+0000] {dag.py:3340} INFO - Setting next_dagrun for tutorial to 2024-04-14T15:53:39.868898+00:00, run_after=2024-04-15T15:53:39.868898+00:00
[2024-04-15T15:53:39.905+0000] {processor.py:176} INFO - Processing /home/airflow/.local/lib/python3.7/site-packages/airflow/example_dags/tutorial.py took 0.298 seconds
[2024-04-15T15:54:10.488+0000] {processor.py:154} INFO - Started process (PID=20846) to work on /home/airflow/.local/lib/python3.7/site-packages/airflow/example_dags/tutorial.py
[2024-04-15T15:54:10.490+0000] {processor.py:756} INFO - Processing file /home/airflow/.local/lib/python3.7/site-packages/airflow/example_dags/tutorial.py for tasks to queue
[2024-04-15T15:54:10.492+0000] {logging_mixin.py:120} INFO - [2024-04-15T15:54:10.492+0000] {dagbag.py:537} INFO - Filling up the DagBag from /home/airflow/.local/lib/python3.7/site-packages/airflow/example_dags/tutorial.py
[2024-04-15T15:54:10.517+0000] {processor.py:766} INFO - DAG(s) dict_keys(['tutorial']) retrieved from /home/airflow/.local/lib/python3.7/site-packages/airflow/example_dags/tutorial.py
[2024-04-15T15:54:10.597+0000] {logging_mixin.py:120} INFO - [2024-04-15T15:54:10.597+0000] {dag.py:2585} INFO - Sync 1 DAGs
[2024-04-15T15:54:10.645+0000] {logging_mixin.py:120} INFO - [2024-04-15T15:54:10.645+0000] {dag.py:3340} INFO - Setting next_dagrun for tutorial to 2024-04-14T15:54:10.644279+00:00, run_after=2024-04-15T15:54:10.644279+00:00
[2024-04-15T15:54:10.686+0000] {processor.py:176} INFO - Processing /home/airflow/.local/lib/python3.7/site-packages/airflow/example_dags/tutorial.py took 0.203 seconds
[2024-04-15T15:54:41.364+0000] {processor.py:154} INFO - Started process (PID=20924) to work on /home/airflow/.local/lib/python3.7/site-packages/airflow/example_dags/tutorial.py
[2024-04-15T15:54:41.366+0000] {processor.py:756} INFO - Processing file /home/airflow/.local/lib/python3.7/site-packages/airflow/example_dags/tutorial.py for tasks to queue
[2024-04-15T15:54:41.369+0000] {logging_mixin.py:120} INFO - [2024-04-15T15:54:41.368+0000] {dagbag.py:537} INFO - Filling up the DagBag from /home/airflow/.local/lib/python3.7/site-packages/airflow/example_dags/tutorial.py
[2024-04-15T15:54:41.398+0000] {processor.py:766} INFO - DAG(s) dict_keys(['tutorial']) retrieved from /home/airflow/.local/lib/python3.7/site-packages/airflow/example_dags/tutorial.py
[2024-04-15T15:54:41.470+0000] {logging_mixin.py:120} INFO - [2024-04-15T15:54:41.470+0000] {dag.py:2585} INFO - Sync 1 DAGs
[2024-04-15T15:54:41.524+0000] {logging_mixin.py:120} INFO - [2024-04-15T15:54:41.524+0000] {dag.py:3340} INFO - Setting next_dagrun for tutorial to 2024-04-14T15:54:41.523645+00:00, run_after=2024-04-15T15:54:41.523645+00:00
[2024-04-15T15:54:41.567+0000] {processor.py:176} INFO - Processing /home/airflow/.local/lib/python3.7/site-packages/airflow/example_dags/tutorial.py took 0.211 seconds
[2024-04-15T15:55:11.969+0000] {processor.py:154} INFO - Started process (PID=20991) to work on /home/airflow/.local/lib/python3.7/site-packages/airflow/example_dags/tutorial.py
[2024-04-15T15:55:11.971+0000] {processor.py:756} INFO - Processing file /home/airflow/.local/lib/python3.7/site-packages/airflow/example_dags/tutorial.py for tasks to queue
[2024-04-15T15:55:11.973+0000] {logging_mixin.py:120} INFO - [2024-04-15T15:55:11.972+0000] {dagbag.py:537} INFO - Filling up the DagBag from /home/airflow/.local/lib/python3.7/site-packages/airflow/example_dags/tutorial.py
[2024-04-15T15:55:11.997+0000] {processor.py:766} INFO - DAG(s) dict_keys(['tutorial']) retrieved from /home/airflow/.local/lib/python3.7/site-packages/airflow/example_dags/tutorial.py
[2024-04-15T15:55:12.142+0000] {logging_mixin.py:120} INFO - [2024-04-15T15:55:12.141+0000] {dag.py:2585} INFO - Sync 1 DAGs
[2024-04-15T15:55:12.202+0000] {logging_mixin.py:120} INFO - [2024-04-15T15:55:12.202+0000] {dag.py:3340} INFO - Setting next_dagrun for tutorial to 2024-04-14T15:55:12.202330+00:00, run_after=2024-04-15T15:55:12.202330+00:00
[2024-04-15T15:55:12.234+0000] {processor.py:176} INFO - Processing /home/airflow/.local/lib/python3.7/site-packages/airflow/example_dags/tutorial.py took 0.270 seconds
[2024-04-15T15:55:42.481+0000] {processor.py:154} INFO - Started process (PID=21068) to work on /home/airflow/.local/lib/python3.7/site-packages/airflow/example_dags/tutorial.py
[2024-04-15T15:55:42.483+0000] {processor.py:756} INFO - Processing file /home/airflow/.local/lib/python3.7/site-packages/airflow/example_dags/tutorial.py for tasks to queue
[2024-04-15T15:55:42.486+0000] {logging_mixin.py:120} INFO - [2024-04-15T15:55:42.485+0000] {dagbag.py:537} INFO - Filling up the DagBag from /home/airflow/.local/lib/python3.7/site-packages/airflow/example_dags/tutorial.py
[2024-04-15T15:55:42.516+0000] {processor.py:766} INFO - DAG(s) dict_keys(['tutorial']) retrieved from /home/airflow/.local/lib/python3.7/site-packages/airflow/example_dags/tutorial.py
[2024-04-15T15:55:42.589+0000] {logging_mixin.py:120} INFO - [2024-04-15T15:55:42.589+0000] {dag.py:2585} INFO - Sync 1 DAGs
[2024-04-15T15:55:42.628+0000] {logging_mixin.py:120} INFO - [2024-04-15T15:55:42.628+0000] {dag.py:3340} INFO - Setting next_dagrun for tutorial to 2024-04-14T15:55:42.628086+00:00, run_after=2024-04-15T15:55:42.628086+00:00
[2024-04-15T15:55:42.664+0000] {processor.py:176} INFO - Processing /home/airflow/.local/lib/python3.7/site-packages/airflow/example_dags/tutorial.py took 0.190 seconds
[2024-04-15T15:56:12.793+0000] {processor.py:154} INFO - Started process (PID=21145) to work on /home/airflow/.local/lib/python3.7/site-packages/airflow/example_dags/tutorial.py
[2024-04-15T15:56:12.795+0000] {processor.py:756} INFO - Processing file /home/airflow/.local/lib/python3.7/site-packages/airflow/example_dags/tutorial.py for tasks to queue
[2024-04-15T15:56:12.797+0000] {logging_mixin.py:120} INFO - [2024-04-15T15:56:12.797+0000] {dagbag.py:537} INFO - Filling up the DagBag from /home/airflow/.local/lib/python3.7/site-packages/airflow/example_dags/tutorial.py
[2024-04-15T15:56:12.823+0000] {processor.py:766} INFO - DAG(s) dict_keys(['tutorial']) retrieved from /home/airflow/.local/lib/python3.7/site-packages/airflow/example_dags/tutorial.py
[2024-04-15T15:56:12.899+0000] {logging_mixin.py:120} INFO - [2024-04-15T15:56:12.899+0000] {dag.py:2585} INFO - Sync 1 DAGs
[2024-04-15T15:56:12.943+0000] {logging_mixin.py:120} INFO - [2024-04-15T15:56:12.943+0000] {dag.py:3340} INFO - Setting next_dagrun for tutorial to 2024-04-14T15:56:12.943366+00:00, run_after=2024-04-15T15:56:12.943366+00:00
[2024-04-15T15:56:12.977+0000] {processor.py:176} INFO - Processing /home/airflow/.local/lib/python3.7/site-packages/airflow/example_dags/tutorial.py took 0.190 seconds
[2024-04-15T15:56:43.713+0000] {processor.py:154} INFO - Started process (PID=21214) to work on /home/airflow/.local/lib/python3.7/site-packages/airflow/example_dags/tutorial.py
[2024-04-15T15:56:43.716+0000] {processor.py:756} INFO - Processing file /home/airflow/.local/lib/python3.7/site-packages/airflow/example_dags/tutorial.py for tasks to queue
[2024-04-15T15:56:43.718+0000] {logging_mixin.py:120} INFO - [2024-04-15T15:56:43.718+0000] {dagbag.py:537} INFO - Filling up the DagBag from /home/airflow/.local/lib/python3.7/site-packages/airflow/example_dags/tutorial.py
[2024-04-15T15:56:43.743+0000] {processor.py:766} INFO - DAG(s) dict_keys(['tutorial']) retrieved from /home/airflow/.local/lib/python3.7/site-packages/airflow/example_dags/tutorial.py
[2024-04-15T15:56:43.812+0000] {logging_mixin.py:120} INFO - [2024-04-15T15:56:43.812+0000] {dag.py:2585} INFO - Sync 1 DAGs
[2024-04-15T15:56:43.854+0000] {logging_mixin.py:120} INFO - [2024-04-15T15:56:43.854+0000] {dag.py:3340} INFO - Setting next_dagrun for tutorial to 2024-04-14T15:56:43.853658+00:00, run_after=2024-04-15T15:56:43.853658+00:00
[2024-04-15T15:56:43.893+0000] {processor.py:176} INFO - Processing /home/airflow/.local/lib/python3.7/site-packages/airflow/example_dags/tutorial.py took 0.187 seconds
[2024-04-15T15:57:14.084+0000] {processor.py:154} INFO - Started process (PID=21294) to work on /home/airflow/.local/lib/python3.7/site-packages/airflow/example_dags/tutorial.py
[2024-04-15T15:57:14.087+0000] {processor.py:756} INFO - Processing file /home/airflow/.local/lib/python3.7/site-packages/airflow/example_dags/tutorial.py for tasks to queue
[2024-04-15T15:57:14.089+0000] {logging_mixin.py:120} INFO - [2024-04-15T15:57:14.089+0000] {dagbag.py:537} INFO - Filling up the DagBag from /home/airflow/.local/lib/python3.7/site-packages/airflow/example_dags/tutorial.py
[2024-04-15T15:57:14.113+0000] {processor.py:766} INFO - DAG(s) dict_keys(['tutorial']) retrieved from /home/airflow/.local/lib/python3.7/site-packages/airflow/example_dags/tutorial.py
[2024-04-15T15:57:14.176+0000] {logging_mixin.py:120} INFO - [2024-04-15T15:57:14.176+0000] {dag.py:2585} INFO - Sync 1 DAGs
[2024-04-15T15:57:14.219+0000] {logging_mixin.py:120} INFO - [2024-04-15T15:57:14.218+0000] {dag.py:3340} INFO - Setting next_dagrun for tutorial to 2024-04-14T15:57:14.218509+00:00, run_after=2024-04-15T15:57:14.218509+00:00
[2024-04-15T15:57:14.250+0000] {processor.py:176} INFO - Processing /home/airflow/.local/lib/python3.7/site-packages/airflow/example_dags/tutorial.py took 0.173 seconds
[2024-04-15T15:57:45.040+0000] {processor.py:154} INFO - Started process (PID=21364) to work on /home/airflow/.local/lib/python3.7/site-packages/airflow/example_dags/tutorial.py
[2024-04-15T15:57:45.042+0000] {processor.py:756} INFO - Processing file /home/airflow/.local/lib/python3.7/site-packages/airflow/example_dags/tutorial.py for tasks to queue
[2024-04-15T15:57:45.044+0000] {logging_mixin.py:120} INFO - [2024-04-15T15:57:45.044+0000] {dagbag.py:537} INFO - Filling up the DagBag from /home/airflow/.local/lib/python3.7/site-packages/airflow/example_dags/tutorial.py
[2024-04-15T15:57:45.080+0000] {processor.py:766} INFO - DAG(s) dict_keys(['tutorial']) retrieved from /home/airflow/.local/lib/python3.7/site-packages/airflow/example_dags/tutorial.py
[2024-04-15T15:57:45.171+0000] {logging_mixin.py:120} INFO - [2024-04-15T15:57:45.171+0000] {dag.py:2585} INFO - Sync 1 DAGs
[2024-04-15T15:57:45.225+0000] {logging_mixin.py:120} INFO - [2024-04-15T15:57:45.224+0000] {dag.py:3340} INFO - Setting next_dagrun for tutorial to 2024-04-14T15:57:45.223851+00:00, run_after=2024-04-15T15:57:45.223851+00:00
[2024-04-15T15:57:45.259+0000] {processor.py:176} INFO - Processing /home/airflow/.local/lib/python3.7/site-packages/airflow/example_dags/tutorial.py took 0.227 seconds
[2024-04-15T15:58:15.886+0000] {processor.py:154} INFO - Started process (PID=21442) to work on /home/airflow/.local/lib/python3.7/site-packages/airflow/example_dags/tutorial.py
[2024-04-15T15:58:15.891+0000] {processor.py:756} INFO - Processing file /home/airflow/.local/lib/python3.7/site-packages/airflow/example_dags/tutorial.py for tasks to queue
[2024-04-15T15:58:15.895+0000] {logging_mixin.py:120} INFO - [2024-04-15T15:58:15.895+0000] {dagbag.py:537} INFO - Filling up the DagBag from /home/airflow/.local/lib/python3.7/site-packages/airflow/example_dags/tutorial.py
[2024-04-15T15:58:15.953+0000] {processor.py:766} INFO - DAG(s) dict_keys(['tutorial']) retrieved from /home/airflow/.local/lib/python3.7/site-packages/airflow/example_dags/tutorial.py
[2024-04-15T15:58:16.045+0000] {logging_mixin.py:120} INFO - [2024-04-15T15:58:16.044+0000] {dag.py:2585} INFO - Sync 1 DAGs
[2024-04-15T15:58:16.084+0000] {logging_mixin.py:120} INFO - [2024-04-15T15:58:16.084+0000] {dag.py:3340} INFO - Setting next_dagrun for tutorial to 2024-04-14T15:58:16.083997+00:00, run_after=2024-04-15T15:58:16.083997+00:00
[2024-04-15T15:58:16.117+0000] {processor.py:176} INFO - Processing /home/airflow/.local/lib/python3.7/site-packages/airflow/example_dags/tutorial.py took 0.240 seconds
[2024-04-15T15:58:46.814+0000] {processor.py:154} INFO - Started process (PID=21520) to work on /home/airflow/.local/lib/python3.7/site-packages/airflow/example_dags/tutorial.py
[2024-04-15T15:58:46.817+0000] {processor.py:756} INFO - Processing file /home/airflow/.local/lib/python3.7/site-packages/airflow/example_dags/tutorial.py for tasks to queue
[2024-04-15T15:58:46.819+0000] {logging_mixin.py:120} INFO - [2024-04-15T15:58:46.819+0000] {dagbag.py:537} INFO - Filling up the DagBag from /home/airflow/.local/lib/python3.7/site-packages/airflow/example_dags/tutorial.py
[2024-04-15T15:58:46.852+0000] {processor.py:766} INFO - DAG(s) dict_keys(['tutorial']) retrieved from /home/airflow/.local/lib/python3.7/site-packages/airflow/example_dags/tutorial.py
[2024-04-15T15:58:46.936+0000] {logging_mixin.py:120} INFO - [2024-04-15T15:58:46.936+0000] {dag.py:2585} INFO - Sync 1 DAGs
[2024-04-15T15:58:46.978+0000] {logging_mixin.py:120} INFO - [2024-04-15T15:58:46.978+0000] {dag.py:3340} INFO - Setting next_dagrun for tutorial to 2024-04-14T15:58:46.977804+00:00, run_after=2024-04-15T15:58:46.977804+00:00
[2024-04-15T15:58:47.008+0000] {processor.py:176} INFO - Processing /home/airflow/.local/lib/python3.7/site-packages/airflow/example_dags/tutorial.py took 0.202 seconds
[2024-04-15T15:59:17.307+0000] {processor.py:154} INFO - Started process (PID=21590) to work on /home/airflow/.local/lib/python3.7/site-packages/airflow/example_dags/tutorial.py
[2024-04-15T15:59:17.309+0000] {processor.py:756} INFO - Processing file /home/airflow/.local/lib/python3.7/site-packages/airflow/example_dags/tutorial.py for tasks to queue
[2024-04-15T15:59:17.311+0000] {logging_mixin.py:120} INFO - [2024-04-15T15:59:17.310+0000] {dagbag.py:537} INFO - Filling up the DagBag from /home/airflow/.local/lib/python3.7/site-packages/airflow/example_dags/tutorial.py
[2024-04-15T15:59:17.345+0000] {processor.py:766} INFO - DAG(s) dict_keys(['tutorial']) retrieved from /home/airflow/.local/lib/python3.7/site-packages/airflow/example_dags/tutorial.py
[2024-04-15T15:59:17.428+0000] {logging_mixin.py:120} INFO - [2024-04-15T15:59:17.428+0000] {dag.py:2585} INFO - Sync 1 DAGs
[2024-04-15T15:59:17.466+0000] {logging_mixin.py:120} INFO - [2024-04-15T15:59:17.465+0000] {dag.py:3340} INFO - Setting next_dagrun for tutorial to 2024-04-14T15:59:17.465367+00:00, run_after=2024-04-15T15:59:17.465367+00:00
[2024-04-15T15:59:17.502+0000] {processor.py:176} INFO - Processing /home/airflow/.local/lib/python3.7/site-packages/airflow/example_dags/tutorial.py took 0.201 seconds
[2024-04-15T15:59:47.784+0000] {processor.py:154} INFO - Started process (PID=21668) to work on /home/airflow/.local/lib/python3.7/site-packages/airflow/example_dags/tutorial.py
[2024-04-15T15:59:47.786+0000] {processor.py:756} INFO - Processing file /home/airflow/.local/lib/python3.7/site-packages/airflow/example_dags/tutorial.py for tasks to queue
[2024-04-15T15:59:47.787+0000] {logging_mixin.py:120} INFO - [2024-04-15T15:59:47.787+0000] {dagbag.py:537} INFO - Filling up the DagBag from /home/airflow/.local/lib/python3.7/site-packages/airflow/example_dags/tutorial.py
[2024-04-15T15:59:47.816+0000] {processor.py:766} INFO - DAG(s) dict_keys(['tutorial']) retrieved from /home/airflow/.local/lib/python3.7/site-packages/airflow/example_dags/tutorial.py
[2024-04-15T15:59:47.895+0000] {logging_mixin.py:120} INFO - [2024-04-15T15:59:47.895+0000] {dag.py:2585} INFO - Sync 1 DAGs
[2024-04-15T15:59:47.943+0000] {logging_mixin.py:120} INFO - [2024-04-15T15:59:47.943+0000] {dag.py:3340} INFO - Setting next_dagrun for tutorial to 2024-04-14T15:59:47.942747+00:00, run_after=2024-04-15T15:59:47.942747+00:00
[2024-04-15T15:59:47.977+0000] {processor.py:176} INFO - Processing /home/airflow/.local/lib/python3.7/site-packages/airflow/example_dags/tutorial.py took 0.199 seconds
[2024-04-15T16:00:18.093+0000] {processor.py:154} INFO - Started process (PID=21737) to work on /home/airflow/.local/lib/python3.7/site-packages/airflow/example_dags/tutorial.py
[2024-04-15T16:00:18.097+0000] {processor.py:756} INFO - Processing file /home/airflow/.local/lib/python3.7/site-packages/airflow/example_dags/tutorial.py for tasks to queue
[2024-04-15T16:00:18.103+0000] {logging_mixin.py:120} INFO - [2024-04-15T16:00:18.101+0000] {dagbag.py:537} INFO - Filling up the DagBag from /home/airflow/.local/lib/python3.7/site-packages/airflow/example_dags/tutorial.py
[2024-04-15T16:00:18.139+0000] {processor.py:766} INFO - DAG(s) dict_keys(['tutorial']) retrieved from /home/airflow/.local/lib/python3.7/site-packages/airflow/example_dags/tutorial.py
[2024-04-15T16:00:18.205+0000] {logging_mixin.py:120} INFO - [2024-04-15T16:00:18.205+0000] {dag.py:2585} INFO - Sync 1 DAGs
[2024-04-15T16:00:18.247+0000] {logging_mixin.py:120} INFO - [2024-04-15T16:00:18.247+0000] {dag.py:3340} INFO - Setting next_dagrun for tutorial to 2024-04-14T16:00:18.246691+00:00, run_after=2024-04-15T16:00:18.246691+00:00
[2024-04-15T16:00:18.281+0000] {processor.py:176} INFO - Processing /home/airflow/.local/lib/python3.7/site-packages/airflow/example_dags/tutorial.py took 0.199 seconds
[2024-04-15T16:00:48.525+0000] {processor.py:154} INFO - Started process (PID=21815) to work on /home/airflow/.local/lib/python3.7/site-packages/airflow/example_dags/tutorial.py
[2024-04-15T16:00:48.528+0000] {processor.py:756} INFO - Processing file /home/airflow/.local/lib/python3.7/site-packages/airflow/example_dags/tutorial.py for tasks to queue
[2024-04-15T16:00:48.530+0000] {logging_mixin.py:120} INFO - [2024-04-15T16:00:48.529+0000] {dagbag.py:537} INFO - Filling up the DagBag from /home/airflow/.local/lib/python3.7/site-packages/airflow/example_dags/tutorial.py
[2024-04-15T16:00:48.554+0000] {processor.py:766} INFO - DAG(s) dict_keys(['tutorial']) retrieved from /home/airflow/.local/lib/python3.7/site-packages/airflow/example_dags/tutorial.py
[2024-04-15T16:00:48.622+0000] {logging_mixin.py:120} INFO - [2024-04-15T16:00:48.622+0000] {dag.py:2585} INFO - Sync 1 DAGs
[2024-04-15T16:00:48.664+0000] {logging_mixin.py:120} INFO - [2024-04-15T16:00:48.664+0000] {dag.py:3340} INFO - Setting next_dagrun for tutorial to 2024-04-14T16:00:48.663984+00:00, run_after=2024-04-15T16:00:48.663984+00:00
[2024-04-15T16:00:48.692+0000] {processor.py:176} INFO - Processing /home/airflow/.local/lib/python3.7/site-packages/airflow/example_dags/tutorial.py took 0.177 seconds
[2024-04-15T16:01:18.873+0000] {processor.py:154} INFO - Started process (PID=21884) to work on /home/airflow/.local/lib/python3.7/site-packages/airflow/example_dags/tutorial.py
[2024-04-15T16:01:18.875+0000] {processor.py:756} INFO - Processing file /home/airflow/.local/lib/python3.7/site-packages/airflow/example_dags/tutorial.py for tasks to queue
[2024-04-15T16:01:18.877+0000] {logging_mixin.py:120} INFO - [2024-04-15T16:01:18.877+0000] {dagbag.py:537} INFO - Filling up the DagBag from /home/airflow/.local/lib/python3.7/site-packages/airflow/example_dags/tutorial.py
[2024-04-15T16:01:18.907+0000] {processor.py:766} INFO - DAG(s) dict_keys(['tutorial']) retrieved from /home/airflow/.local/lib/python3.7/site-packages/airflow/example_dags/tutorial.py
[2024-04-15T16:01:18.972+0000] {logging_mixin.py:120} INFO - [2024-04-15T16:01:18.972+0000] {dag.py:2585} INFO - Sync 1 DAGs
[2024-04-15T16:01:19.013+0000] {logging_mixin.py:120} INFO - [2024-04-15T16:01:19.012+0000] {dag.py:3340} INFO - Setting next_dagrun for tutorial to 2024-04-14T16:01:19.012621+00:00, run_after=2024-04-15T16:01:19.012621+00:00
[2024-04-15T16:01:19.052+0000] {processor.py:176} INFO - Processing /home/airflow/.local/lib/python3.7/site-packages/airflow/example_dags/tutorial.py took 0.187 seconds
[2024-04-15T16:01:49.414+0000] {processor.py:154} INFO - Started process (PID=21962) to work on /home/airflow/.local/lib/python3.7/site-packages/airflow/example_dags/tutorial.py
[2024-04-15T16:01:49.417+0000] {processor.py:756} INFO - Processing file /home/airflow/.local/lib/python3.7/site-packages/airflow/example_dags/tutorial.py for tasks to queue
[2024-04-15T16:01:49.419+0000] {logging_mixin.py:120} INFO - [2024-04-15T16:01:49.419+0000] {dagbag.py:537} INFO - Filling up the DagBag from /home/airflow/.local/lib/python3.7/site-packages/airflow/example_dags/tutorial.py
[2024-04-15T16:01:49.446+0000] {processor.py:766} INFO - DAG(s) dict_keys(['tutorial']) retrieved from /home/airflow/.local/lib/python3.7/site-packages/airflow/example_dags/tutorial.py
[2024-04-15T16:01:49.526+0000] {logging_mixin.py:120} INFO - [2024-04-15T16:01:49.526+0000] {dag.py:2585} INFO - Sync 1 DAGs
[2024-04-15T16:01:49.589+0000] {logging_mixin.py:120} INFO - [2024-04-15T16:01:49.588+0000] {dag.py:3340} INFO - Setting next_dagrun for tutorial to 2024-04-14T16:01:49.588383+00:00, run_after=2024-04-15T16:01:49.588383+00:00
[2024-04-15T16:01:49.630+0000] {processor.py:176} INFO - Processing /home/airflow/.local/lib/python3.7/site-packages/airflow/example_dags/tutorial.py took 0.225 seconds
[2024-04-15T16:02:19.811+0000] {processor.py:154} INFO - Started process (PID=22030) to work on /home/airflow/.local/lib/python3.7/site-packages/airflow/example_dags/tutorial.py
[2024-04-15T16:02:19.823+0000] {processor.py:756} INFO - Processing file /home/airflow/.local/lib/python3.7/site-packages/airflow/example_dags/tutorial.py for tasks to queue
[2024-04-15T16:02:19.828+0000] {logging_mixin.py:120} INFO - [2024-04-15T16:02:19.827+0000] {dagbag.py:537} INFO - Filling up the DagBag from /home/airflow/.local/lib/python3.7/site-packages/airflow/example_dags/tutorial.py
[2024-04-15T16:02:19.865+0000] {processor.py:766} INFO - DAG(s) dict_keys(['tutorial']) retrieved from /home/airflow/.local/lib/python3.7/site-packages/airflow/example_dags/tutorial.py
[2024-04-15T16:02:19.956+0000] {logging_mixin.py:120} INFO - [2024-04-15T16:02:19.956+0000] {dag.py:2585} INFO - Sync 1 DAGs
[2024-04-15T16:02:20.007+0000] {logging_mixin.py:120} INFO - [2024-04-15T16:02:20.007+0000] {dag.py:3340} INFO - Setting next_dagrun for tutorial to 2024-04-14T16:02:20.007396+00:00, run_after=2024-04-15T16:02:20.007396+00:00
[2024-04-15T16:02:20.035+0000] {processor.py:176} INFO - Processing /home/airflow/.local/lib/python3.7/site-packages/airflow/example_dags/tutorial.py took 0.233 seconds
[2024-04-15T16:02:50.825+0000] {processor.py:154} INFO - Started process (PID=22109) to work on /home/airflow/.local/lib/python3.7/site-packages/airflow/example_dags/tutorial.py
[2024-04-15T16:02:50.829+0000] {processor.py:756} INFO - Processing file /home/airflow/.local/lib/python3.7/site-packages/airflow/example_dags/tutorial.py for tasks to queue
[2024-04-15T16:02:50.835+0000] {logging_mixin.py:120} INFO - [2024-04-15T16:02:50.834+0000] {dagbag.py:537} INFO - Filling up the DagBag from /home/airflow/.local/lib/python3.7/site-packages/airflow/example_dags/tutorial.py
[2024-04-15T16:02:50.871+0000] {processor.py:766} INFO - DAG(s) dict_keys(['tutorial']) retrieved from /home/airflow/.local/lib/python3.7/site-packages/airflow/example_dags/tutorial.py
[2024-04-15T16:02:50.976+0000] {logging_mixin.py:120} INFO - [2024-04-15T16:02:50.976+0000] {dag.py:2585} INFO - Sync 1 DAGs
[2024-04-15T16:02:51.044+0000] {logging_mixin.py:120} INFO - [2024-04-15T16:02:51.044+0000] {dag.py:3340} INFO - Setting next_dagrun for tutorial to 2024-04-14T16:02:51.043433+00:00, run_after=2024-04-15T16:02:51.043433+00:00
[2024-04-15T16:02:51.099+0000] {processor.py:176} INFO - Processing /home/airflow/.local/lib/python3.7/site-packages/airflow/example_dags/tutorial.py took 0.286 seconds
[2024-04-15T16:03:21.623+0000] {processor.py:154} INFO - Started process (PID=22188) to work on /home/airflow/.local/lib/python3.7/site-packages/airflow/example_dags/tutorial.py
[2024-04-15T16:03:21.626+0000] {processor.py:756} INFO - Processing file /home/airflow/.local/lib/python3.7/site-packages/airflow/example_dags/tutorial.py for tasks to queue
[2024-04-15T16:03:21.627+0000] {logging_mixin.py:120} INFO - [2024-04-15T16:03:21.627+0000] {dagbag.py:537} INFO - Filling up the DagBag from /home/airflow/.local/lib/python3.7/site-packages/airflow/example_dags/tutorial.py
[2024-04-15T16:03:21.669+0000] {processor.py:766} INFO - DAG(s) dict_keys(['tutorial']) retrieved from /home/airflow/.local/lib/python3.7/site-packages/airflow/example_dags/tutorial.py
[2024-04-15T16:03:21.746+0000] {logging_mixin.py:120} INFO - [2024-04-15T16:03:21.745+0000] {dag.py:2585} INFO - Sync 1 DAGs
[2024-04-15T16:03:21.800+0000] {logging_mixin.py:120} INFO - [2024-04-15T16:03:21.800+0000] {dag.py:3340} INFO - Setting next_dagrun for tutorial to 2024-04-14T16:03:21.800092+00:00, run_after=2024-04-15T16:03:21.800092+00:00
[2024-04-15T16:03:21.833+0000] {processor.py:176} INFO - Processing /home/airflow/.local/lib/python3.7/site-packages/airflow/example_dags/tutorial.py took 0.218 seconds
[2024-04-15T16:03:52.975+0000] {processor.py:154} INFO - Started process (PID=22256) to work on /home/airflow/.local/lib/python3.7/site-packages/airflow/example_dags/tutorial.py
[2024-04-15T16:03:52.977+0000] {processor.py:756} INFO - Processing file /home/airflow/.local/lib/python3.7/site-packages/airflow/example_dags/tutorial.py for tasks to queue
[2024-04-15T16:03:52.979+0000] {logging_mixin.py:120} INFO - [2024-04-15T16:03:52.979+0000] {dagbag.py:537} INFO - Filling up the DagBag from /home/airflow/.local/lib/python3.7/site-packages/airflow/example_dags/tutorial.py
[2024-04-15T16:03:53.009+0000] {processor.py:766} INFO - DAG(s) dict_keys(['tutorial']) retrieved from /home/airflow/.local/lib/python3.7/site-packages/airflow/example_dags/tutorial.py
[2024-04-15T16:03:53.084+0000] {logging_mixin.py:120} INFO - [2024-04-15T16:03:53.084+0000] {dag.py:2585} INFO - Sync 1 DAGs
[2024-04-15T16:03:53.135+0000] {logging_mixin.py:120} INFO - [2024-04-15T16:03:53.135+0000] {dag.py:3340} INFO - Setting next_dagrun for tutorial to 2024-04-14T16:03:53.135103+00:00, run_after=2024-04-15T16:03:53.135103+00:00
[2024-04-15T16:03:53.173+0000] {processor.py:176} INFO - Processing /home/airflow/.local/lib/python3.7/site-packages/airflow/example_dags/tutorial.py took 0.210 seconds
[2024-04-15T16:04:24.010+0000] {processor.py:154} INFO - Started process (PID=22334) to work on /home/airflow/.local/lib/python3.7/site-packages/airflow/example_dags/tutorial.py
[2024-04-15T16:04:24.012+0000] {processor.py:756} INFO - Processing file /home/airflow/.local/lib/python3.7/site-packages/airflow/example_dags/tutorial.py for tasks to queue
[2024-04-15T16:04:24.015+0000] {logging_mixin.py:120} INFO - [2024-04-15T16:04:24.014+0000] {dagbag.py:537} INFO - Filling up the DagBag from /home/airflow/.local/lib/python3.7/site-packages/airflow/example_dags/tutorial.py
[2024-04-15T16:04:24.041+0000] {processor.py:766} INFO - DAG(s) dict_keys(['tutorial']) retrieved from /home/airflow/.local/lib/python3.7/site-packages/airflow/example_dags/tutorial.py
[2024-04-15T16:04:24.118+0000] {logging_mixin.py:120} INFO - [2024-04-15T16:04:24.118+0000] {dag.py:2585} INFO - Sync 1 DAGs
[2024-04-15T16:04:24.159+0000] {logging_mixin.py:120} INFO - [2024-04-15T16:04:24.158+0000] {dag.py:3340} INFO - Setting next_dagrun for tutorial to 2024-04-14T16:04:24.158487+00:00, run_after=2024-04-15T16:04:24.158487+00:00
[2024-04-15T16:04:24.190+0000] {processor.py:176} INFO - Processing /home/airflow/.local/lib/python3.7/site-packages/airflow/example_dags/tutorial.py took 0.186 seconds
[2024-04-15T16:04:54.256+0000] {processor.py:154} INFO - Started process (PID=22402) to work on /home/airflow/.local/lib/python3.7/site-packages/airflow/example_dags/tutorial.py
[2024-04-15T16:04:54.259+0000] {processor.py:756} INFO - Processing file /home/airflow/.local/lib/python3.7/site-packages/airflow/example_dags/tutorial.py for tasks to queue
[2024-04-15T16:04:54.261+0000] {logging_mixin.py:120} INFO - [2024-04-15T16:04:54.261+0000] {dagbag.py:537} INFO - Filling up the DagBag from /home/airflow/.local/lib/python3.7/site-packages/airflow/example_dags/tutorial.py
[2024-04-15T16:04:54.286+0000] {processor.py:766} INFO - DAG(s) dict_keys(['tutorial']) retrieved from /home/airflow/.local/lib/python3.7/site-packages/airflow/example_dags/tutorial.py
[2024-04-15T16:04:54.358+0000] {logging_mixin.py:120} INFO - [2024-04-15T16:04:54.358+0000] {dag.py:2585} INFO - Sync 1 DAGs
[2024-04-15T16:04:54.396+0000] {logging_mixin.py:120} INFO - [2024-04-15T16:04:54.396+0000] {dag.py:3340} INFO - Setting next_dagrun for tutorial to 2024-04-14T16:04:54.396249+00:00, run_after=2024-04-15T16:04:54.396249+00:00
[2024-04-15T16:04:54.432+0000] {processor.py:176} INFO - Processing /home/airflow/.local/lib/python3.7/site-packages/airflow/example_dags/tutorial.py took 0.185 seconds
[2024-04-15T16:05:25.276+0000] {processor.py:154} INFO - Started process (PID=22481) to work on /home/airflow/.local/lib/python3.7/site-packages/airflow/example_dags/tutorial.py
[2024-04-15T16:05:25.280+0000] {processor.py:756} INFO - Processing file /home/airflow/.local/lib/python3.7/site-packages/airflow/example_dags/tutorial.py for tasks to queue
[2024-04-15T16:05:25.284+0000] {logging_mixin.py:120} INFO - [2024-04-15T16:05:25.284+0000] {dagbag.py:537} INFO - Filling up the DagBag from /home/airflow/.local/lib/python3.7/site-packages/airflow/example_dags/tutorial.py
[2024-04-15T16:05:25.313+0000] {processor.py:766} INFO - DAG(s) dict_keys(['tutorial']) retrieved from /home/airflow/.local/lib/python3.7/site-packages/airflow/example_dags/tutorial.py
[2024-04-15T16:05:25.394+0000] {logging_mixin.py:120} INFO - [2024-04-15T16:05:25.393+0000] {dag.py:2585} INFO - Sync 1 DAGs
[2024-04-15T16:05:25.448+0000] {logging_mixin.py:120} INFO - [2024-04-15T16:05:25.448+0000] {dag.py:3340} INFO - Setting next_dagrun for tutorial to 2024-04-14T16:05:25.447945+00:00, run_after=2024-04-15T16:05:25.447945+00:00
[2024-04-15T16:05:25.487+0000] {processor.py:176} INFO - Processing /home/airflow/.local/lib/python3.7/site-packages/airflow/example_dags/tutorial.py took 0.220 seconds
[2024-04-15T16:05:55.847+0000] {processor.py:154} INFO - Started process (PID=22550) to work on /home/airflow/.local/lib/python3.7/site-packages/airflow/example_dags/tutorial.py
[2024-04-15T16:05:55.850+0000] {processor.py:756} INFO - Processing file /home/airflow/.local/lib/python3.7/site-packages/airflow/example_dags/tutorial.py for tasks to queue
[2024-04-15T16:05:55.853+0000] {logging_mixin.py:120} INFO - [2024-04-15T16:05:55.853+0000] {dagbag.py:537} INFO - Filling up the DagBag from /home/airflow/.local/lib/python3.7/site-packages/airflow/example_dags/tutorial.py
[2024-04-15T16:05:55.892+0000] {processor.py:766} INFO - DAG(s) dict_keys(['tutorial']) retrieved from /home/airflow/.local/lib/python3.7/site-packages/airflow/example_dags/tutorial.py
[2024-04-15T16:05:55.959+0000] {logging_mixin.py:120} INFO - [2024-04-15T16:05:55.958+0000] {dag.py:2585} INFO - Sync 1 DAGs
[2024-04-15T16:05:55.998+0000] {logging_mixin.py:120} INFO - [2024-04-15T16:05:55.998+0000] {dag.py:3340} INFO - Setting next_dagrun for tutorial to 2024-04-14T16:05:55.998101+00:00, run_after=2024-04-15T16:05:55.998101+00:00
[2024-04-15T16:05:56.034+0000] {processor.py:176} INFO - Processing /home/airflow/.local/lib/python3.7/site-packages/airflow/example_dags/tutorial.py took 0.195 seconds
[2024-04-15T16:06:26.393+0000] {processor.py:154} INFO - Started process (PID=22627) to work on /home/airflow/.local/lib/python3.7/site-packages/airflow/example_dags/tutorial.py
[2024-04-15T16:06:26.395+0000] {processor.py:756} INFO - Processing file /home/airflow/.local/lib/python3.7/site-packages/airflow/example_dags/tutorial.py for tasks to queue
[2024-04-15T16:06:26.397+0000] {logging_mixin.py:120} INFO - [2024-04-15T16:06:26.397+0000] {dagbag.py:537} INFO - Filling up the DagBag from /home/airflow/.local/lib/python3.7/site-packages/airflow/example_dags/tutorial.py
[2024-04-15T16:06:26.421+0000] {processor.py:766} INFO - DAG(s) dict_keys(['tutorial']) retrieved from /home/airflow/.local/lib/python3.7/site-packages/airflow/example_dags/tutorial.py
[2024-04-15T16:06:26.490+0000] {logging_mixin.py:120} INFO - [2024-04-15T16:06:26.489+0000] {dag.py:2585} INFO - Sync 1 DAGs
[2024-04-15T16:06:26.529+0000] {logging_mixin.py:120} INFO - [2024-04-15T16:06:26.528+0000] {dag.py:3340} INFO - Setting next_dagrun for tutorial to 2024-04-14T16:06:26.528435+00:00, run_after=2024-04-15T16:06:26.528435+00:00
[2024-04-15T16:06:26.559+0000] {processor.py:176} INFO - Processing /home/airflow/.local/lib/python3.7/site-packages/airflow/example_dags/tutorial.py took 0.175 seconds
[2024-04-15T16:06:56.780+0000] {processor.py:154} INFO - Started process (PID=22706) to work on /home/airflow/.local/lib/python3.7/site-packages/airflow/example_dags/tutorial.py
[2024-04-15T16:06:56.782+0000] {processor.py:756} INFO - Processing file /home/airflow/.local/lib/python3.7/site-packages/airflow/example_dags/tutorial.py for tasks to queue
[2024-04-15T16:06:56.784+0000] {logging_mixin.py:120} INFO - [2024-04-15T16:06:56.784+0000] {dagbag.py:537} INFO - Filling up the DagBag from /home/airflow/.local/lib/python3.7/site-packages/airflow/example_dags/tutorial.py
[2024-04-15T16:06:56.809+0000] {processor.py:766} INFO - DAG(s) dict_keys(['tutorial']) retrieved from /home/airflow/.local/lib/python3.7/site-packages/airflow/example_dags/tutorial.py
[2024-04-15T16:06:56.882+0000] {logging_mixin.py:120} INFO - [2024-04-15T16:06:56.881+0000] {dag.py:2585} INFO - Sync 1 DAGs
[2024-04-15T16:06:56.918+0000] {logging_mixin.py:120} INFO - [2024-04-15T16:06:56.918+0000] {dag.py:3340} INFO - Setting next_dagrun for tutorial to 2024-04-14T16:06:56.917774+00:00, run_after=2024-04-15T16:06:56.917774+00:00
[2024-04-15T16:06:56.948+0000] {processor.py:176} INFO - Processing /home/airflow/.local/lib/python3.7/site-packages/airflow/example_dags/tutorial.py took 0.175 seconds
[2024-04-15T16:07:27.011+0000] {processor.py:154} INFO - Started process (PID=22774) to work on /home/airflow/.local/lib/python3.7/site-packages/airflow/example_dags/tutorial.py
[2024-04-15T16:07:27.013+0000] {processor.py:756} INFO - Processing file /home/airflow/.local/lib/python3.7/site-packages/airflow/example_dags/tutorial.py for tasks to queue
[2024-04-15T16:07:27.015+0000] {logging_mixin.py:120} INFO - [2024-04-15T16:07:27.015+0000] {dagbag.py:537} INFO - Filling up the DagBag from /home/airflow/.local/lib/python3.7/site-packages/airflow/example_dags/tutorial.py
[2024-04-15T16:07:27.039+0000] {processor.py:766} INFO - DAG(s) dict_keys(['tutorial']) retrieved from /home/airflow/.local/lib/python3.7/site-packages/airflow/example_dags/tutorial.py
[2024-04-15T16:07:27.138+0000] {logging_mixin.py:120} INFO - [2024-04-15T16:07:27.137+0000] {dag.py:2585} INFO - Sync 1 DAGs
[2024-04-15T16:07:27.189+0000] {logging_mixin.py:120} INFO - [2024-04-15T16:07:27.188+0000] {dag.py:3340} INFO - Setting next_dagrun for tutorial to 2024-04-14T16:07:27.188568+00:00, run_after=2024-04-15T16:07:27.188568+00:00
[2024-04-15T16:07:27.222+0000] {processor.py:176} INFO - Processing /home/airflow/.local/lib/python3.7/site-packages/airflow/example_dags/tutorial.py took 0.217 seconds
[2024-04-15T16:07:58.115+0000] {processor.py:154} INFO - Started process (PID=22851) to work on /home/airflow/.local/lib/python3.7/site-packages/airflow/example_dags/tutorial.py
[2024-04-15T16:07:58.118+0000] {processor.py:756} INFO - Processing file /home/airflow/.local/lib/python3.7/site-packages/airflow/example_dags/tutorial.py for tasks to queue
[2024-04-15T16:07:58.120+0000] {logging_mixin.py:120} INFO - [2024-04-15T16:07:58.120+0000] {dagbag.py:537} INFO - Filling up the DagBag from /home/airflow/.local/lib/python3.7/site-packages/airflow/example_dags/tutorial.py
[2024-04-15T16:07:58.159+0000] {processor.py:766} INFO - DAG(s) dict_keys(['tutorial']) retrieved from /home/airflow/.local/lib/python3.7/site-packages/airflow/example_dags/tutorial.py
[2024-04-15T16:07:58.248+0000] {logging_mixin.py:120} INFO - [2024-04-15T16:07:58.247+0000] {dag.py:2585} INFO - Sync 1 DAGs
[2024-04-15T16:07:58.313+0000] {logging_mixin.py:120} INFO - [2024-04-15T16:07:58.313+0000] {dag.py:3340} INFO - Setting next_dagrun for tutorial to 2024-04-14T16:07:58.313090+00:00, run_after=2024-04-15T16:07:58.313090+00:00
[2024-04-15T16:07:58.413+0000] {processor.py:176} INFO - Processing /home/airflow/.local/lib/python3.7/site-packages/airflow/example_dags/tutorial.py took 0.307 seconds
[2024-04-15T16:08:28.740+0000] {processor.py:154} INFO - Started process (PID=22921) to work on /home/airflow/.local/lib/python3.7/site-packages/airflow/example_dags/tutorial.py
[2024-04-15T16:08:28.743+0000] {processor.py:756} INFO - Processing file /home/airflow/.local/lib/python3.7/site-packages/airflow/example_dags/tutorial.py for tasks to queue
[2024-04-15T16:08:28.746+0000] {logging_mixin.py:120} INFO - [2024-04-15T16:08:28.746+0000] {dagbag.py:537} INFO - Filling up the DagBag from /home/airflow/.local/lib/python3.7/site-packages/airflow/example_dags/tutorial.py
[2024-04-15T16:08:28.796+0000] {processor.py:766} INFO - DAG(s) dict_keys(['tutorial']) retrieved from /home/airflow/.local/lib/python3.7/site-packages/airflow/example_dags/tutorial.py
[2024-04-15T16:08:28.954+0000] {logging_mixin.py:120} INFO - [2024-04-15T16:08:28.954+0000] {dag.py:2585} INFO - Sync 1 DAGs
[2024-04-15T16:08:29.110+0000] {logging_mixin.py:120} INFO - [2024-04-15T16:08:29.110+0000] {dag.py:3340} INFO - Setting next_dagrun for tutorial to 2024-04-14T16:08:29.110071+00:00, run_after=2024-04-15T16:08:29.110071+00:00
[2024-04-15T16:08:29.143+0000] {processor.py:176} INFO - Processing /home/airflow/.local/lib/python3.7/site-packages/airflow/example_dags/tutorial.py took 0.413 seconds
[2024-04-15T16:08:59.193+0000] {processor.py:154} INFO - Started process (PID=22998) to work on /home/airflow/.local/lib/python3.7/site-packages/airflow/example_dags/tutorial.py
[2024-04-15T16:08:59.195+0000] {processor.py:756} INFO - Processing file /home/airflow/.local/lib/python3.7/site-packages/airflow/example_dags/tutorial.py for tasks to queue
[2024-04-15T16:08:59.197+0000] {logging_mixin.py:120} INFO - [2024-04-15T16:08:59.196+0000] {dagbag.py:537} INFO - Filling up the DagBag from /home/airflow/.local/lib/python3.7/site-packages/airflow/example_dags/tutorial.py
[2024-04-15T16:08:59.220+0000] {processor.py:766} INFO - DAG(s) dict_keys(['tutorial']) retrieved from /home/airflow/.local/lib/python3.7/site-packages/airflow/example_dags/tutorial.py
[2024-04-15T16:08:59.288+0000] {logging_mixin.py:120} INFO - [2024-04-15T16:08:59.288+0000] {dag.py:2585} INFO - Sync 1 DAGs
[2024-04-15T16:08:59.333+0000] {logging_mixin.py:120} INFO - [2024-04-15T16:08:59.333+0000] {dag.py:3340} INFO - Setting next_dagrun for tutorial to 2024-04-14T16:08:59.333160+00:00, run_after=2024-04-15T16:08:59.333160+00:00
[2024-04-15T16:08:59.362+0000] {processor.py:176} INFO - Processing /home/airflow/.local/lib/python3.7/site-packages/airflow/example_dags/tutorial.py took 0.174 seconds
[2024-04-15T16:09:29.908+0000] {processor.py:154} INFO - Started process (PID=23067) to work on /home/airflow/.local/lib/python3.7/site-packages/airflow/example_dags/tutorial.py
[2024-04-15T16:09:29.910+0000] {processor.py:756} INFO - Processing file /home/airflow/.local/lib/python3.7/site-packages/airflow/example_dags/tutorial.py for tasks to queue
[2024-04-15T16:09:29.913+0000] {logging_mixin.py:120} INFO - [2024-04-15T16:09:29.912+0000] {dagbag.py:537} INFO - Filling up the DagBag from /home/airflow/.local/lib/python3.7/site-packages/airflow/example_dags/tutorial.py
[2024-04-15T16:09:29.943+0000] {processor.py:766} INFO - DAG(s) dict_keys(['tutorial']) retrieved from /home/airflow/.local/lib/python3.7/site-packages/airflow/example_dags/tutorial.py
[2024-04-15T16:09:30.044+0000] {logging_mixin.py:120} INFO - [2024-04-15T16:09:30.043+0000] {dag.py:2585} INFO - Sync 1 DAGs
[2024-04-15T16:09:30.103+0000] {logging_mixin.py:120} INFO - [2024-04-15T16:09:30.103+0000] {dag.py:3340} INFO - Setting next_dagrun for tutorial to 2024-04-14T16:09:30.102601+00:00, run_after=2024-04-15T16:09:30.102601+00:00
[2024-04-15T16:09:30.147+0000] {processor.py:176} INFO - Processing /home/airflow/.local/lib/python3.7/site-packages/airflow/example_dags/tutorial.py took 0.248 seconds
[2024-04-15T16:10:01.076+0000] {processor.py:154} INFO - Started process (PID=23145) to work on /home/airflow/.local/lib/python3.7/site-packages/airflow/example_dags/tutorial.py
[2024-04-15T16:10:01.079+0000] {processor.py:756} INFO - Processing file /home/airflow/.local/lib/python3.7/site-packages/airflow/example_dags/tutorial.py for tasks to queue
[2024-04-15T16:10:01.080+0000] {logging_mixin.py:120} INFO - [2024-04-15T16:10:01.080+0000] {dagbag.py:537} INFO - Filling up the DagBag from /home/airflow/.local/lib/python3.7/site-packages/airflow/example_dags/tutorial.py
[2024-04-15T16:10:01.113+0000] {processor.py:766} INFO - DAG(s) dict_keys(['tutorial']) retrieved from /home/airflow/.local/lib/python3.7/site-packages/airflow/example_dags/tutorial.py
[2024-04-15T16:10:01.194+0000] {logging_mixin.py:120} INFO - [2024-04-15T16:10:01.193+0000] {dag.py:2585} INFO - Sync 1 DAGs
[2024-04-15T16:10:01.239+0000] {logging_mixin.py:120} INFO - [2024-04-15T16:10:01.239+0000] {dag.py:3340} INFO - Setting next_dagrun for tutorial to 2024-04-14T16:10:01.239115+00:00, run_after=2024-04-15T16:10:01.239115+00:00
[2024-04-15T16:10:01.278+0000] {processor.py:176} INFO - Processing /home/airflow/.local/lib/python3.7/site-packages/airflow/example_dags/tutorial.py took 0.207 seconds
[2024-04-15T16:10:31.830+0000] {processor.py:154} INFO - Started process (PID=23226) to work on /home/airflow/.local/lib/python3.7/site-packages/airflow/example_dags/tutorial.py
[2024-04-15T16:10:31.833+0000] {processor.py:756} INFO - Processing file /home/airflow/.local/lib/python3.7/site-packages/airflow/example_dags/tutorial.py for tasks to queue
[2024-04-15T16:10:31.838+0000] {logging_mixin.py:120} INFO - [2024-04-15T16:10:31.838+0000] {dagbag.py:537} INFO - Filling up the DagBag from /home/airflow/.local/lib/python3.7/site-packages/airflow/example_dags/tutorial.py
[2024-04-15T16:10:31.863+0000] {processor.py:766} INFO - DAG(s) dict_keys(['tutorial']) retrieved from /home/airflow/.local/lib/python3.7/site-packages/airflow/example_dags/tutorial.py
[2024-04-15T16:10:31.947+0000] {logging_mixin.py:120} INFO - [2024-04-15T16:10:31.947+0000] {dag.py:2585} INFO - Sync 1 DAGs
[2024-04-15T16:10:31.992+0000] {logging_mixin.py:120} INFO - [2024-04-15T16:10:31.992+0000] {dag.py:3340} INFO - Setting next_dagrun for tutorial to 2024-04-14T16:10:31.991926+00:00, run_after=2024-04-15T16:10:31.991926+00:00
[2024-04-15T16:10:32.041+0000] {processor.py:176} INFO - Processing /home/airflow/.local/lib/python3.7/site-packages/airflow/example_dags/tutorial.py took 0.217 seconds
[2024-04-15T16:11:02.150+0000] {processor.py:154} INFO - Started process (PID=23293) to work on /home/airflow/.local/lib/python3.7/site-packages/airflow/example_dags/tutorial.py
[2024-04-15T16:11:02.152+0000] {processor.py:756} INFO - Processing file /home/airflow/.local/lib/python3.7/site-packages/airflow/example_dags/tutorial.py for tasks to queue
[2024-04-15T16:11:02.154+0000] {logging_mixin.py:120} INFO - [2024-04-15T16:11:02.154+0000] {dagbag.py:537} INFO - Filling up the DagBag from /home/airflow/.local/lib/python3.7/site-packages/airflow/example_dags/tutorial.py
[2024-04-15T16:11:02.178+0000] {processor.py:766} INFO - DAG(s) dict_keys(['tutorial']) retrieved from /home/airflow/.local/lib/python3.7/site-packages/airflow/example_dags/tutorial.py
[2024-04-15T16:11:02.245+0000] {logging_mixin.py:120} INFO - [2024-04-15T16:11:02.245+0000] {dag.py:2585} INFO - Sync 1 DAGs
[2024-04-15T16:11:02.289+0000] {logging_mixin.py:120} INFO - [2024-04-15T16:11:02.289+0000] {dag.py:3340} INFO - Setting next_dagrun for tutorial to 2024-04-14T16:11:02.288547+00:00, run_after=2024-04-15T16:11:02.288547+00:00
[2024-04-15T16:11:02.324+0000] {processor.py:176} INFO - Processing /home/airflow/.local/lib/python3.7/site-packages/airflow/example_dags/tutorial.py took 0.180 seconds
[2024-04-15T16:11:33.336+0000] {processor.py:154} INFO - Started process (PID=23371) to work on /home/airflow/.local/lib/python3.7/site-packages/airflow/example_dags/tutorial.py
[2024-04-15T16:11:33.339+0000] {processor.py:756} INFO - Processing file /home/airflow/.local/lib/python3.7/site-packages/airflow/example_dags/tutorial.py for tasks to queue
[2024-04-15T16:11:33.340+0000] {logging_mixin.py:120} INFO - [2024-04-15T16:11:33.340+0000] {dagbag.py:537} INFO - Filling up the DagBag from /home/airflow/.local/lib/python3.7/site-packages/airflow/example_dags/tutorial.py
[2024-04-15T16:11:33.372+0000] {processor.py:766} INFO - DAG(s) dict_keys(['tutorial']) retrieved from /home/airflow/.local/lib/python3.7/site-packages/airflow/example_dags/tutorial.py
[2024-04-15T16:11:33.438+0000] {logging_mixin.py:120} INFO - [2024-04-15T16:11:33.438+0000] {dag.py:2585} INFO - Sync 1 DAGs
[2024-04-15T16:11:33.484+0000] {logging_mixin.py:120} INFO - [2024-04-15T16:11:33.483+0000] {dag.py:3340} INFO - Setting next_dagrun for tutorial to 2024-04-14T16:11:33.483525+00:00, run_after=2024-04-15T16:11:33.483525+00:00
[2024-04-15T16:11:33.513+0000] {processor.py:176} INFO - Processing /home/airflow/.local/lib/python3.7/site-packages/airflow/example_dags/tutorial.py took 0.182 seconds
[2024-04-15T16:12:04.295+0000] {processor.py:154} INFO - Started process (PID=23439) to work on /home/airflow/.local/lib/python3.7/site-packages/airflow/example_dags/tutorial.py
[2024-04-15T16:12:04.297+0000] {processor.py:756} INFO - Processing file /home/airflow/.local/lib/python3.7/site-packages/airflow/example_dags/tutorial.py for tasks to queue
[2024-04-15T16:12:04.300+0000] {logging_mixin.py:120} INFO - [2024-04-15T16:12:04.299+0000] {dagbag.py:537} INFO - Filling up the DagBag from /home/airflow/.local/lib/python3.7/site-packages/airflow/example_dags/tutorial.py
[2024-04-15T16:12:04.327+0000] {processor.py:766} INFO - DAG(s) dict_keys(['tutorial']) retrieved from /home/airflow/.local/lib/python3.7/site-packages/airflow/example_dags/tutorial.py
[2024-04-15T16:12:04.393+0000] {logging_mixin.py:120} INFO - [2024-04-15T16:12:04.393+0000] {dag.py:2585} INFO - Sync 1 DAGs
[2024-04-15T16:12:04.437+0000] {logging_mixin.py:120} INFO - [2024-04-15T16:12:04.437+0000] {dag.py:3340} INFO - Setting next_dagrun for tutorial to 2024-04-14T16:12:04.437331+00:00, run_after=2024-04-15T16:12:04.437331+00:00
[2024-04-15T16:12:04.469+0000] {processor.py:176} INFO - Processing /home/airflow/.local/lib/python3.7/site-packages/airflow/example_dags/tutorial.py took 0.181 seconds
[2024-04-15T16:12:35.135+0000] {processor.py:154} INFO - Started process (PID=23518) to work on /home/airflow/.local/lib/python3.7/site-packages/airflow/example_dags/tutorial.py
[2024-04-15T16:12:35.139+0000] {processor.py:756} INFO - Processing file /home/airflow/.local/lib/python3.7/site-packages/airflow/example_dags/tutorial.py for tasks to queue
[2024-04-15T16:12:35.141+0000] {logging_mixin.py:120} INFO - [2024-04-15T16:12:35.141+0000] {dagbag.py:537} INFO - Filling up the DagBag from /home/airflow/.local/lib/python3.7/site-packages/airflow/example_dags/tutorial.py
[2024-04-15T16:12:35.170+0000] {processor.py:766} INFO - DAG(s) dict_keys(['tutorial']) retrieved from /home/airflow/.local/lib/python3.7/site-packages/airflow/example_dags/tutorial.py
[2024-04-15T16:12:35.245+0000] {logging_mixin.py:120} INFO - [2024-04-15T16:12:35.244+0000] {dag.py:2585} INFO - Sync 1 DAGs
[2024-04-15T16:12:35.294+0000] {logging_mixin.py:120} INFO - [2024-04-15T16:12:35.294+0000] {dag.py:3340} INFO - Setting next_dagrun for tutorial to 2024-04-14T16:12:35.293446+00:00, run_after=2024-04-15T16:12:35.293446+00:00
[2024-04-15T16:12:35.338+0000] {processor.py:176} INFO - Processing /home/airflow/.local/lib/python3.7/site-packages/airflow/example_dags/tutorial.py took 0.211 seconds
[2024-04-15T16:13:06.282+0000] {processor.py:154} INFO - Started process (PID=23597) to work on /home/airflow/.local/lib/python3.7/site-packages/airflow/example_dags/tutorial.py
[2024-04-15T16:13:06.284+0000] {processor.py:756} INFO - Processing file /home/airflow/.local/lib/python3.7/site-packages/airflow/example_dags/tutorial.py for tasks to queue
[2024-04-15T16:13:06.285+0000] {logging_mixin.py:120} INFO - [2024-04-15T16:13:06.285+0000] {dagbag.py:537} INFO - Filling up the DagBag from /home/airflow/.local/lib/python3.7/site-packages/airflow/example_dags/tutorial.py
[2024-04-15T16:13:06.322+0000] {processor.py:766} INFO - DAG(s) dict_keys(['tutorial']) retrieved from /home/airflow/.local/lib/python3.7/site-packages/airflow/example_dags/tutorial.py
[2024-04-15T16:13:06.395+0000] {logging_mixin.py:120} INFO - [2024-04-15T16:13:06.394+0000] {dag.py:2585} INFO - Sync 1 DAGs
[2024-04-15T16:13:06.449+0000] {logging_mixin.py:120} INFO - [2024-04-15T16:13:06.448+0000] {dag.py:3340} INFO - Setting next_dagrun for tutorial to 2024-04-14T16:13:06.448143+00:00, run_after=2024-04-15T16:13:06.448143+00:00
[2024-04-15T16:13:06.483+0000] {processor.py:176} INFO - Processing /home/airflow/.local/lib/python3.7/site-packages/airflow/example_dags/tutorial.py took 0.206 seconds
[2024-04-15T16:13:36.996+0000] {processor.py:154} INFO - Started process (PID=23666) to work on /home/airflow/.local/lib/python3.7/site-packages/airflow/example_dags/tutorial.py
[2024-04-15T16:13:36.998+0000] {processor.py:756} INFO - Processing file /home/airflow/.local/lib/python3.7/site-packages/airflow/example_dags/tutorial.py for tasks to queue
[2024-04-15T16:13:36.999+0000] {logging_mixin.py:120} INFO - [2024-04-15T16:13:36.999+0000] {dagbag.py:537} INFO - Filling up the DagBag from /home/airflow/.local/lib/python3.7/site-packages/airflow/example_dags/tutorial.py
[2024-04-15T16:13:37.042+0000] {processor.py:766} INFO - DAG(s) dict_keys(['tutorial']) retrieved from /home/airflow/.local/lib/python3.7/site-packages/airflow/example_dags/tutorial.py
[2024-04-15T16:13:37.217+0000] {logging_mixin.py:120} INFO - [2024-04-15T16:13:37.216+0000] {dag.py:2585} INFO - Sync 1 DAGs
[2024-04-15T16:13:37.524+0000] {logging_mixin.py:120} INFO - [2024-04-15T16:13:37.523+0000] {dag.py:3340} INFO - Setting next_dagrun for tutorial to 2024-04-14T16:13:37.520974+00:00, run_after=2024-04-15T16:13:37.520974+00:00
[2024-04-15T16:13:37.663+0000] {processor.py:176} INFO - Processing /home/airflow/.local/lib/python3.7/site-packages/airflow/example_dags/tutorial.py took 0.673 seconds
[2024-04-15T16:20:27.220+0000] {processor.py:154} INFO - Started process (PID=23720) to work on /home/airflow/.local/lib/python3.7/site-packages/airflow/example_dags/tutorial.py
[2024-04-15T16:20:27.226+0000] {processor.py:756} INFO - Processing file /home/airflow/.local/lib/python3.7/site-packages/airflow/example_dags/tutorial.py for tasks to queue
[2024-04-15T16:20:27.228+0000] {logging_mixin.py:120} INFO - [2024-04-15T16:20:27.228+0000] {dagbag.py:537} INFO - Filling up the DagBag from /home/airflow/.local/lib/python3.7/site-packages/airflow/example_dags/tutorial.py
[2024-04-15T16:20:27.283+0000] {processor.py:766} INFO - DAG(s) dict_keys(['tutorial']) retrieved from /home/airflow/.local/lib/python3.7/site-packages/airflow/example_dags/tutorial.py
[2024-04-15T16:20:27.386+0000] {logging_mixin.py:120} INFO - [2024-04-15T16:20:27.385+0000] {dag.py:2585} INFO - Sync 1 DAGs
[2024-04-15T16:20:27.463+0000] {logging_mixin.py:120} INFO - [2024-04-15T16:20:27.462+0000] {dag.py:3340} INFO - Setting next_dagrun for tutorial to 2024-04-14T16:20:27.462419+00:00, run_after=2024-04-15T16:20:27.462419+00:00
[2024-04-15T16:20:27.507+0000] {processor.py:176} INFO - Processing /home/airflow/.local/lib/python3.7/site-packages/airflow/example_dags/tutorial.py took 0.302 seconds
