[2024-03-29T04:19:44.243+0000] {taskinstance.py:1165} INFO - Dependencies all met for <TaskInstance: example_bash_operator.runme_0 scheduled__2024-03-28T00:00:00+00:00 [queued]>
[2024-03-29T04:19:44.662+0000] {taskinstance.py:1165} INFO - Dependencies all met for <TaskInstance: example_bash_operator.runme_0 scheduled__2024-03-28T00:00:00+00:00 [queued]>
[2024-03-29T04:19:44.672+0000] {taskinstance.py:1362} INFO - 
--------------------------------------------------------------------------------
[2024-03-29T04:19:44.688+0000] {taskinstance.py:1363} INFO - Starting attempt 1 of 1
[2024-03-29T04:19:44.726+0000] {taskinstance.py:1364} INFO - 
--------------------------------------------------------------------------------
[2024-03-29T04:19:46.442+0000] {taskinstance.py:1383} INFO - Executing <Task(BashOperator): runme_0> on 2024-03-28 00:00:00+00:00
[2024-03-29T04:19:46.801+0000] {standard_task_runner.py:55} INFO - Started process 4216 to run task
[2024-03-29T04:19:47.524+0000] {standard_task_runner.py:82} INFO - Running: ['***', 'tasks', 'run', 'example_bash_operator', 'runme_0', 'scheduled__2024-03-28T00:00:00+00:00', '--job-id', '34', '--raw', '--subdir', '/home/***/.local/lib/python3.7/site-packages/***/example_dags/example_bash_operator.py', '--cfg-path', '/tmp/tmp8btc6dfj']
[2024-03-29T04:19:47.737+0000] {standard_task_runner.py:83} INFO - Job 34: Subtask runme_0
[2024-03-29T04:19:53.066+0000] {task_command.py:376} INFO - Running <TaskInstance: example_bash_operator.runme_0 scheduled__2024-03-28T00:00:00+00:00 [running]> on host 0245ea477832
[2024-03-29T04:20:04.381+0000] {taskinstance.py:1592} INFO - Exporting the following env vars:
AIRFLOW_CTX_DAG_OWNER=***
AIRFLOW_CTX_DAG_ID=example_bash_operator
AIRFLOW_CTX_TASK_ID=runme_0
AIRFLOW_CTX_EXECUTION_DATE=2024-03-28T00:00:00+00:00
AIRFLOW_CTX_TRY_NUMBER=1
AIRFLOW_CTX_DAG_RUN_ID=scheduled__2024-03-28T00:00:00+00:00
[2024-03-29T04:20:04.475+0000] {subprocess.py:63} INFO - Tmp dir root location: 
 /tmp
[2024-03-29T04:20:04.585+0000] {subprocess.py:75} INFO - Running command: ['/bin/bash', '-c', 'echo "example_bash_operator__runme_0__20240328" && sleep 1']
[2024-03-29T04:20:05.663+0000] {subprocess.py:86} INFO - Output:
[2024-03-29T04:20:05.861+0000] {subprocess.py:93} INFO - example_bash_operator__runme_0__20240328
[2024-03-29T04:20:06.945+0000] {subprocess.py:97} INFO - Command exited with return code 0
[2024-03-29T04:20:08.961+0000] {taskinstance.py:1406} INFO - Marking task as SUCCESS. dag_id=example_bash_operator, task_id=runme_0, execution_date=20240328T000000, start_date=20240329T041944, end_date=20240329T042008
[2024-03-29T04:20:10.091+0000] {local_task_job.py:164} INFO - Task exited with return code 0
[2024-03-29T04:20:12.897+0000] {local_task_job.py:273} INFO - 0 downstream tasks scheduled from follow-on schedule check
