[2024-03-29T04:19:38.511+0000] {taskinstance.py:1165} INFO - Dependencies all met for <TaskInstance: example_bash_operator.runme_1 scheduled__2024-03-28T00:00:00+00:00 [queued]>
[2024-03-29T04:19:39.643+0000] {taskinstance.py:1165} INFO - Dependencies all met for <TaskInstance: example_bash_operator.runme_1 scheduled__2024-03-28T00:00:00+00:00 [queued]>
[2024-03-29T04:19:39.682+0000] {taskinstance.py:1362} INFO - 
--------------------------------------------------------------------------------
[2024-03-29T04:19:39.694+0000] {taskinstance.py:1363} INFO - Starting attempt 1 of 1
[2024-03-29T04:19:39.710+0000] {taskinstance.py:1364} INFO - 
--------------------------------------------------------------------------------
[2024-03-29T04:19:41.654+0000] {taskinstance.py:1383} INFO - Executing <Task(BashOperator): runme_1> on 2024-03-28 00:00:00+00:00
[2024-03-29T04:19:42.025+0000] {standard_task_runner.py:55} INFO - Started process 4212 to run task
[2024-03-29T04:19:42.465+0000] {standard_task_runner.py:82} INFO - Running: ['***', 'tasks', 'run', 'example_bash_operator', 'runme_1', 'scheduled__2024-03-28T00:00:00+00:00', '--job-id', '29', '--raw', '--subdir', '/home/***/.local/lib/python3.7/site-packages/***/example_dags/example_bash_operator.py', '--cfg-path', '/tmp/tmplb_q0u56']
[2024-03-29T04:19:42.531+0000] {standard_task_runner.py:83} INFO - Job 29: Subtask runme_1
[2024-03-29T04:19:49.552+0000] {task_command.py:376} INFO - Running <TaskInstance: example_bash_operator.runme_1 scheduled__2024-03-28T00:00:00+00:00 [running]> on host 0245ea477832
[2024-03-29T04:19:57.910+0000] {taskinstance.py:1592} INFO - Exporting the following env vars:
AIRFLOW_CTX_DAG_OWNER=***
AIRFLOW_CTX_DAG_ID=example_bash_operator
AIRFLOW_CTX_TASK_ID=runme_1
AIRFLOW_CTX_EXECUTION_DATE=2024-03-28T00:00:00+00:00
AIRFLOW_CTX_TRY_NUMBER=1
AIRFLOW_CTX_DAG_RUN_ID=scheduled__2024-03-28T00:00:00+00:00
[2024-03-29T04:19:58.288+0000] {subprocess.py:63} INFO - Tmp dir root location: 
 /tmp
[2024-03-29T04:19:58.328+0000] {subprocess.py:75} INFO - Running command: ['/bin/bash', '-c', 'echo "example_bash_operator__runme_1__20240328" && sleep 1']
[2024-03-29T04:20:00.004+0000] {subprocess.py:86} INFO - Output:
[2024-03-29T04:20:00.105+0000] {subprocess.py:93} INFO - example_bash_operator__runme_1__20240328
[2024-03-29T04:20:01.304+0000] {subprocess.py:97} INFO - Command exited with return code 0
[2024-03-29T04:20:02.914+0000] {taskinstance.py:1406} INFO - Marking task as SUCCESS. dag_id=example_bash_operator, task_id=runme_1, execution_date=20240328T000000, start_date=20240329T041938, end_date=20240329T042002
[2024-03-29T04:20:05.552+0000] {local_task_job.py:164} INFO - Task exited with return code 0
[2024-03-29T04:20:08.433+0000] {local_task_job.py:273} INFO - 0 downstream tasks scheduled from follow-on schedule check
