[2024-04-17T12:00:41.114+0000] {taskinstance.py:1165} INFO - Dependencies all met for <TaskInstance: parallel_dag.load_b scheduled__2024-04-16T00:00:00+00:00 [queued]>
[2024-04-17T12:00:41.181+0000] {taskinstance.py:1165} INFO - Dependencies all met for <TaskInstance: parallel_dag.load_b scheduled__2024-04-16T00:00:00+00:00 [queued]>
[2024-04-17T12:00:41.186+0000] {taskinstance.py:1362} INFO - 
--------------------------------------------------------------------------------
[2024-04-17T12:00:41.187+0000] {taskinstance.py:1363} INFO - Starting attempt 1 of 1
[2024-04-17T12:00:41.188+0000] {taskinstance.py:1364} INFO - 
--------------------------------------------------------------------------------
[2024-04-17T12:00:41.256+0000] {taskinstance.py:1383} INFO - Executing <Task(BashOperator): load_b> on 2024-04-16 00:00:00+00:00
[2024-04-17T12:00:41.306+0000] {standard_task_runner.py:55} INFO - Started process 45021 to run task
[2024-04-17T12:00:41.330+0000] {standard_task_runner.py:82} INFO - Running: ['***', 'tasks', 'run', 'parallel_dag', 'load_b', 'scheduled__2024-04-16T00:00:00+00:00', '--job-id', '293', '--raw', '--subdir', 'DAGS_FOLDER/parallel_dag.py', '--cfg-path', '/tmp/tmpuybt2wvl']
[2024-04-17T12:00:41.344+0000] {standard_task_runner.py:83} INFO - Job 293: Subtask load_b
[2024-04-17T12:00:41.731+0000] {task_command.py:376} INFO - Running <TaskInstance: parallel_dag.load_b scheduled__2024-04-16T00:00:00+00:00 [running]> on host a868c0c748e3
[2024-04-17T12:00:42.263+0000] {taskinstance.py:1592} INFO - Exporting the following env vars:
AIRFLOW_CTX_DAG_OWNER=***
AIRFLOW_CTX_DAG_ID=parallel_dag
AIRFLOW_CTX_TASK_ID=load_b
AIRFLOW_CTX_EXECUTION_DATE=2024-04-16T00:00:00+00:00
AIRFLOW_CTX_TRY_NUMBER=1
AIRFLOW_CTX_DAG_RUN_ID=scheduled__2024-04-16T00:00:00+00:00
[2024-04-17T12:00:42.270+0000] {subprocess.py:63} INFO - Tmp dir root location: 
 /tmp
[2024-04-17T12:00:42.280+0000] {subprocess.py:75} INFO - Running command: ['/bin/bash', '-c', 'sleep 1']
[2024-04-17T12:00:42.382+0000] {subprocess.py:86} INFO - Output:
[2024-04-17T12:00:43.394+0000] {subprocess.py:97} INFO - Command exited with return code 0
[2024-04-17T12:00:43.612+0000] {taskinstance.py:1406} INFO - Marking task as SUCCESS. dag_id=parallel_dag, task_id=load_b, execution_date=20240416T000000, start_date=20240417T120041, end_date=20240417T120043
[2024-04-17T12:00:43.797+0000] {local_task_job.py:164} INFO - Task exited with return code 0
[2024-04-17T12:00:43.941+0000] {local_task_job.py:273} INFO - 1 downstream tasks scheduled from follow-on schedule check
