[2024-04-10T03:46:28.350+0000] {taskinstance.py:1165} INFO - Dependencies all met for <TaskInstance: example_bash_operator.run_after_loop scheduled__2024-04-09T00:00:00+00:00 [queued]>
[2024-04-10T03:46:28.651+0000] {taskinstance.py:1165} INFO - Dependencies all met for <TaskInstance: example_bash_operator.run_after_loop scheduled__2024-04-09T00:00:00+00:00 [queued]>
[2024-04-10T03:46:28.653+0000] {taskinstance.py:1362} INFO - 
--------------------------------------------------------------------------------
[2024-04-10T03:46:28.655+0000] {taskinstance.py:1363} INFO - Starting attempt 1 of 1
[2024-04-10T03:46:28.656+0000] {taskinstance.py:1364} INFO - 
--------------------------------------------------------------------------------
[2024-04-10T03:46:28.790+0000] {taskinstance.py:1383} INFO - Executing <Task(BashOperator): run_after_loop> on 2024-04-09 00:00:00+00:00
[2024-04-10T03:46:28.820+0000] {standard_task_runner.py:55} INFO - Started process 13773 to run task
[2024-04-10T03:46:28.881+0000] {standard_task_runner.py:82} INFO - Running: ['***', 'tasks', 'run', 'example_bash_operator', 'run_after_loop', 'scheduled__2024-04-09T00:00:00+00:00', '--job-id', '181', '--raw', '--subdir', '/home/***/.local/lib/python3.7/site-packages/***/example_dags/example_bash_operator.py', '--cfg-path', '/tmp/tmpn5rn7pmf']
[2024-04-10T03:46:28.893+0000] {standard_task_runner.py:83} INFO - Job 181: Subtask run_after_loop
[2024-04-10T03:46:29.654+0000] {task_command.py:376} INFO - Running <TaskInstance: example_bash_operator.run_after_loop scheduled__2024-04-09T00:00:00+00:00 [running]> on host a868c0c748e3
[2024-04-10T03:46:30.723+0000] {taskinstance.py:1592} INFO - Exporting the following env vars:
AIRFLOW_CTX_DAG_OWNER=***
AIRFLOW_CTX_DAG_ID=example_bash_operator
AIRFLOW_CTX_TASK_ID=run_after_loop
AIRFLOW_CTX_EXECUTION_DATE=2024-04-09T00:00:00+00:00
AIRFLOW_CTX_TRY_NUMBER=1
AIRFLOW_CTX_DAG_RUN_ID=scheduled__2024-04-09T00:00:00+00:00
[2024-04-10T03:46:30.732+0000] {subprocess.py:63} INFO - Tmp dir root location: 
 /tmp
[2024-04-10T03:46:30.734+0000] {subprocess.py:75} INFO - Running command: ['/bin/bash', '-c', 'echo 1']
[2024-04-10T03:46:30.804+0000] {subprocess.py:86} INFO - Output:
[2024-04-10T03:46:30.816+0000] {subprocess.py:93} INFO - 1
[2024-04-10T03:46:30.818+0000] {subprocess.py:97} INFO - Command exited with return code 0
[2024-04-10T03:46:31.001+0000] {taskinstance.py:1406} INFO - Marking task as SUCCESS. dag_id=example_bash_operator, task_id=run_after_loop, execution_date=20240409T000000, start_date=20240410T034628, end_date=20240410T034631
[2024-04-10T03:46:31.116+0000] {local_task_job.py:164} INFO - Task exited with return code 0
[2024-04-10T03:46:31.215+0000] {local_task_job.py:273} INFO - 0 downstream tasks scheduled from follow-on schedule check
