[2024-04-10T03:46:35.987+0000] {taskinstance.py:1165} INFO - Dependencies all met for <TaskInstance: parallel_dag.transform scheduled__2024-04-09T00:00:00+00:00 [queued]>
[2024-04-10T03:46:36.027+0000] {taskinstance.py:1165} INFO - Dependencies all met for <TaskInstance: parallel_dag.transform scheduled__2024-04-09T00:00:00+00:00 [queued]>
[2024-04-10T03:46:36.029+0000] {taskinstance.py:1362} INFO - 
--------------------------------------------------------------------------------
[2024-04-10T03:46:36.030+0000] {taskinstance.py:1363} INFO - Starting attempt 1 of 1
[2024-04-10T03:46:36.031+0000] {taskinstance.py:1364} INFO - 
--------------------------------------------------------------------------------
[2024-04-10T03:46:36.063+0000] {taskinstance.py:1383} INFO - Executing <Task(BashOperator): transform> on 2024-04-09 00:00:00+00:00
[2024-04-10T03:46:36.076+0000] {standard_task_runner.py:55} INFO - Started process 13016 to run task
[2024-04-10T03:46:36.089+0000] {standard_task_runner.py:82} INFO - Running: ['***', 'tasks', 'run', 'parallel_dag', 'transform', 'scheduled__2024-04-09T00:00:00+00:00', '--job-id', '185', '--raw', '--subdir', 'DAGS_FOLDER/parallel_dag.py', '--cfg-path', '/tmp/tmp2lbcc2m2']
[2024-04-10T03:46:36.090+0000] {standard_task_runner.py:83} INFO - Job 185: Subtask transform
[2024-04-10T03:46:36.201+0000] {task_command.py:376} INFO - Running <TaskInstance: parallel_dag.transform scheduled__2024-04-09T00:00:00+00:00 [running]> on host a40666380f7f
[2024-04-10T03:46:36.362+0000] {taskinstance.py:1592} INFO - Exporting the following env vars:
AIRFLOW_CTX_DAG_OWNER=***
AIRFLOW_CTX_DAG_ID=parallel_dag
AIRFLOW_CTX_TASK_ID=transform
AIRFLOW_CTX_EXECUTION_DATE=2024-04-09T00:00:00+00:00
AIRFLOW_CTX_TRY_NUMBER=1
AIRFLOW_CTX_DAG_RUN_ID=scheduled__2024-04-09T00:00:00+00:00
[2024-04-10T03:46:36.364+0000] {subprocess.py:63} INFO - Tmp dir root location: 
 /tmp
[2024-04-10T03:46:36.367+0000] {subprocess.py:75} INFO - Running command: ['/bin/bash', '-c', 'sleep 20']
[2024-04-10T03:46:36.398+0000] {subprocess.py:86} INFO - Output:
[2024-04-10T03:46:56.411+0000] {subprocess.py:97} INFO - Command exited with return code 0
[2024-04-10T03:46:56.465+0000] {taskinstance.py:1406} INFO - Marking task as SUCCESS. dag_id=parallel_dag, task_id=transform, execution_date=20240409T000000, start_date=20240410T034635, end_date=20240410T034656
[2024-04-10T03:46:56.542+0000] {local_task_job.py:164} INFO - Task exited with return code 0
[2024-04-10T03:46:56.581+0000] {local_task_job.py:273} INFO - 0 downstream tasks scheduled from follow-on schedule check
