[2024-04-09T15:02:21.798+0000] {taskinstance.py:1165} INFO - Dependencies all met for <TaskInstance: parallel_dag.load_b scheduled__2024-04-08T00:00:00+00:00 [queued]>
[2024-04-09T15:02:21.922+0000] {taskinstance.py:1165} INFO - Dependencies all met for <TaskInstance: parallel_dag.load_b scheduled__2024-04-08T00:00:00+00:00 [queued]>
[2024-04-09T15:02:21.934+0000] {taskinstance.py:1362} INFO - 
--------------------------------------------------------------------------------
[2024-04-09T15:02:21.937+0000] {taskinstance.py:1363} INFO - Starting attempt 1 of 1
[2024-04-09T15:02:21.938+0000] {taskinstance.py:1364} INFO - 
--------------------------------------------------------------------------------
[2024-04-09T15:02:22.049+0000] {taskinstance.py:1383} INFO - Executing <Task(BashOperator): load_b> on 2024-04-08 00:00:00+00:00
[2024-04-09T15:02:22.097+0000] {standard_task_runner.py:55} INFO - Started process 10265 to run task
[2024-04-09T15:02:22.123+0000] {standard_task_runner.py:82} INFO - Running: ['***', 'tasks', 'run', 'parallel_dag', 'load_b', 'scheduled__2024-04-08T00:00:00+00:00', '--job-id', '171', '--raw', '--subdir', 'DAGS_FOLDER/parallel_dag.py', '--cfg-path', '/tmp/tmpt0thc1hv']
[2024-04-09T15:02:22.125+0000] {standard_task_runner.py:83} INFO - Job 171: Subtask load_b
[2024-04-09T15:02:22.429+0000] {task_command.py:376} INFO - Running <TaskInstance: parallel_dag.load_b scheduled__2024-04-08T00:00:00+00:00 [running]> on host a868c0c748e3
[2024-04-09T15:02:22.671+0000] {taskinstance.py:1592} INFO - Exporting the following env vars:
AIRFLOW_CTX_DAG_OWNER=***
AIRFLOW_CTX_DAG_ID=parallel_dag
AIRFLOW_CTX_TASK_ID=load_b
AIRFLOW_CTX_EXECUTION_DATE=2024-04-08T00:00:00+00:00
AIRFLOW_CTX_TRY_NUMBER=1
AIRFLOW_CTX_DAG_RUN_ID=scheduled__2024-04-08T00:00:00+00:00
[2024-04-09T15:02:22.673+0000] {subprocess.py:63} INFO - Tmp dir root location: 
 /tmp
[2024-04-09T15:02:22.677+0000] {subprocess.py:75} INFO - Running command: ['/bin/bash', '-c', 'sleep 1']
[2024-04-09T15:02:22.739+0000] {subprocess.py:86} INFO - Output:
[2024-04-09T15:02:23.757+0000] {subprocess.py:97} INFO - Command exited with return code 0
[2024-04-09T15:02:23.839+0000] {taskinstance.py:1406} INFO - Marking task as SUCCESS. dag_id=parallel_dag, task_id=load_b, execution_date=20240408T000000, start_date=20240409T150221, end_date=20240409T150223
[2024-04-09T15:02:23.921+0000] {local_task_job.py:164} INFO - Task exited with return code 0
[2024-04-09T15:02:24.018+0000] {local_task_job.py:273} INFO - 1 downstream tasks scheduled from follow-on schedule check
