[2024-03-31T13:51:12.526+0000] {processor.py:154} INFO - Started process (PID=42) to work on /opt/airflow/dags/parallel_dag.py
[2024-03-31T13:51:12.530+0000] {processor.py:756} INFO - Processing file /opt/airflow/dags/parallel_dag.py for tasks to queue
[2024-03-31T13:51:12.533+0000] {logging_mixin.py:120} INFO - [2024-03-31T13:51:12.533+0000] {dagbag.py:537} INFO - Filling up the DagBag from /opt/airflow/dags/parallel_dag.py
[2024-03-31T13:51:12.611+0000] {processor.py:766} INFO - DAG(s) dict_keys(['parallel_dag']) retrieved from /opt/airflow/dags/parallel_dag.py
[2024-03-31T13:51:12.935+0000] {logging_mixin.py:120} INFO - [2024-03-31T13:51:12.935+0000] {manager.py:507} INFO - Created Permission View: can edit on DAG:parallel_dag
[2024-03-31T13:51:12.951+0000] {logging_mixin.py:120} INFO - [2024-03-31T13:51:12.950+0000] {manager.py:507} INFO - Created Permission View: can delete on DAG:parallel_dag
[2024-03-31T13:51:12.961+0000] {logging_mixin.py:120} INFO - [2024-03-31T13:51:12.961+0000] {manager.py:507} INFO - Created Permission View: can read on DAG:parallel_dag
[2024-03-31T13:51:12.963+0000] {logging_mixin.py:120} INFO - [2024-03-31T13:51:12.962+0000] {dag.py:2585} INFO - Sync 1 DAGs
[2024-03-31T13:51:12.981+0000] {logging_mixin.py:120} INFO - [2024-03-31T13:51:12.981+0000] {dag.py:2606} INFO - Creating ORM DAG for parallel_dag
[2024-03-31T13:51:13.003+0000] {logging_mixin.py:120} INFO - [2024-03-31T13:51:13.003+0000] {dag.py:3340} INFO - Setting next_dagrun for parallel_dag to 2024-03-30T00:00:00+00:00, run_after=2024-03-31T00:00:00+00:00
[2024-03-31T13:51:13.045+0000] {processor.py:176} INFO - Processing /opt/airflow/dags/parallel_dag.py took 0.539 seconds
[2024-03-31T13:51:43.832+0000] {processor.py:154} INFO - Started process (PID=102) to work on /opt/airflow/dags/parallel_dag.py
[2024-03-31T13:51:43.867+0000] {processor.py:756} INFO - Processing file /opt/airflow/dags/parallel_dag.py for tasks to queue
[2024-03-31T13:51:43.898+0000] {logging_mixin.py:120} INFO - [2024-03-31T13:51:43.895+0000] {dagbag.py:537} INFO - Filling up the DagBag from /opt/airflow/dags/parallel_dag.py
[2024-03-31T13:51:44.389+0000] {processor.py:766} INFO - DAG(s) dict_keys(['parallel_dag']) retrieved from /opt/airflow/dags/parallel_dag.py
[2024-03-31T13:51:45.605+0000] {logging_mixin.py:120} INFO - [2024-03-31T13:51:45.604+0000] {dag.py:2585} INFO - Sync 1 DAGs
[2024-03-31T13:51:46.017+0000] {logging_mixin.py:120} INFO - [2024-03-31T13:51:46.015+0000] {dag.py:3340} INFO - Setting next_dagrun for parallel_dag to 2024-03-30T00:00:00+00:00, run_after=2024-03-31T00:00:00+00:00
[2024-03-31T13:51:46.514+0000] {processor.py:176} INFO - Processing /opt/airflow/dags/parallel_dag.py took 2.800 seconds
[2024-03-31T13:53:07.033+0000] {processor.py:154} INFO - Started process (PID=108) to work on /opt/airflow/dags/parallel_dag.py
[2024-03-31T13:53:07.038+0000] {processor.py:756} INFO - Processing file /opt/airflow/dags/parallel_dag.py for tasks to queue
[2024-03-31T13:53:07.044+0000] {logging_mixin.py:120} INFO - [2024-03-31T13:53:07.044+0000] {dagbag.py:537} INFO - Filling up the DagBag from /opt/airflow/dags/parallel_dag.py
[2024-03-31T13:53:07.085+0000] {processor.py:766} INFO - DAG(s) dict_keys(['parallel_dag']) retrieved from /opt/airflow/dags/parallel_dag.py
[2024-03-31T13:53:07.163+0000] {logging_mixin.py:120} INFO - [2024-03-31T13:53:07.163+0000] {dag.py:2585} INFO - Sync 1 DAGs
[2024-03-31T13:53:07.205+0000] {logging_mixin.py:120} INFO - [2024-03-31T13:53:07.205+0000] {dag.py:3340} INFO - Setting next_dagrun for parallel_dag to 2024-03-30T00:00:00+00:00, run_after=2024-03-31T00:00:00+00:00
[2024-03-31T13:53:07.237+0000] {processor.py:176} INFO - Processing /opt/airflow/dags/parallel_dag.py took 0.224 seconds
