[2024-03-31T13:25:27.127+0000] {processor.py:154} INFO - Started process (PID=26069) to work on /opt/airflow/dags/producer_2.py
[2024-03-31T13:25:27.129+0000] {processor.py:756} INFO - Processing file /opt/airflow/dags/producer_2.py for tasks to queue
[2024-03-31T13:25:27.131+0000] {logging_mixin.py:120} INFO - [2024-03-31T13:25:27.131+0000] {dagbag.py:537} INFO - Filling up the DagBag from /opt/airflow/dags/producer_2.py
[2024-03-31T13:25:27.207+0000] {processor.py:766} INFO - DAG(s) dict_keys(['producer']) retrieved from /opt/airflow/dags/producer_2.py
[2024-03-31T13:25:27.355+0000] {logging_mixin.py:120} INFO - [2024-03-31T13:25:27.355+0000] {dag.py:2585} INFO - Sync 1 DAGs
[2024-03-31T13:25:27.646+0000] {logging_mixin.py:120} INFO - [2024-03-31T13:25:27.646+0000] {dag.py:3340} INFO - Setting next_dagrun for producer to 2024-03-30T00:00:00+00:00, run_after=2024-03-31T00:00:00+00:00
[2024-03-31T13:25:27.710+0000] {processor.py:176} INFO - Processing /opt/airflow/dags/producer_2.py took 0.593 seconds
[2024-03-31T13:25:58.202+0000] {processor.py:154} INFO - Started process (PID=26137) to work on /opt/airflow/dags/producer_2.py
[2024-03-31T13:25:58.205+0000] {processor.py:756} INFO - Processing file /opt/airflow/dags/producer_2.py for tasks to queue
[2024-03-31T13:25:58.209+0000] {logging_mixin.py:120} INFO - [2024-03-31T13:25:58.208+0000] {dagbag.py:537} INFO - Filling up the DagBag from /opt/airflow/dags/producer_2.py
[2024-03-31T13:25:58.283+0000] {processor.py:766} INFO - DAG(s) dict_keys(['producer']) retrieved from /opt/airflow/dags/producer_2.py
[2024-03-31T13:25:58.370+0000] {logging_mixin.py:120} INFO - [2024-03-31T13:25:58.370+0000] {dag.py:2585} INFO - Sync 1 DAGs
[2024-03-31T13:25:58.425+0000] {logging_mixin.py:120} INFO - [2024-03-31T13:25:58.425+0000] {dag.py:3340} INFO - Setting next_dagrun for producer to 2024-03-30T00:00:00+00:00, run_after=2024-03-31T00:00:00+00:00
[2024-03-31T13:25:58.727+0000] {processor.py:176} INFO - Processing /opt/airflow/dags/producer_2.py took 0.534 seconds
[2024-03-31T13:26:28.851+0000] {processor.py:154} INFO - Started process (PID=26205) to work on /opt/airflow/dags/producer_2.py
[2024-03-31T13:26:28.853+0000] {processor.py:756} INFO - Processing file /opt/airflow/dags/producer_2.py for tasks to queue
[2024-03-31T13:26:28.854+0000] {logging_mixin.py:120} INFO - [2024-03-31T13:26:28.854+0000] {dagbag.py:537} INFO - Filling up the DagBag from /opt/airflow/dags/producer_2.py
[2024-03-31T13:26:28.899+0000] {processor.py:766} INFO - DAG(s) dict_keys(['producer']) retrieved from /opt/airflow/dags/producer_2.py
[2024-03-31T13:26:28.958+0000] {logging_mixin.py:120} INFO - [2024-03-31T13:26:28.958+0000] {dag.py:2585} INFO - Sync 1 DAGs
[2024-03-31T13:26:29.022+0000] {logging_mixin.py:120} INFO - [2024-03-31T13:26:29.021+0000] {dag.py:3340} INFO - Setting next_dagrun for producer to 2024-03-30T00:00:00+00:00, run_after=2024-03-31T00:00:00+00:00
[2024-03-31T13:26:29.317+0000] {processor.py:176} INFO - Processing /opt/airflow/dags/producer_2.py took 0.473 seconds
[2024-03-31T13:26:59.450+0000] {processor.py:154} INFO - Started process (PID=26265) to work on /opt/airflow/dags/producer_2.py
[2024-03-31T13:26:59.452+0000] {processor.py:756} INFO - Processing file /opt/airflow/dags/producer_2.py for tasks to queue
[2024-03-31T13:26:59.455+0000] {logging_mixin.py:120} INFO - [2024-03-31T13:26:59.455+0000] {dagbag.py:537} INFO - Filling up the DagBag from /opt/airflow/dags/producer_2.py
[2024-03-31T13:26:59.499+0000] {processor.py:766} INFO - DAG(s) dict_keys(['producer']) retrieved from /opt/airflow/dags/producer_2.py
[2024-03-31T13:26:59.661+0000] {logging_mixin.py:120} INFO - [2024-03-31T13:26:59.661+0000] {dag.py:2585} INFO - Sync 1 DAGs
[2024-03-31T13:26:59.700+0000] {logging_mixin.py:120} INFO - [2024-03-31T13:26:59.700+0000] {dag.py:3340} INFO - Setting next_dagrun for producer to 2024-03-30T00:00:00+00:00, run_after=2024-03-31T00:00:00+00:00
[2024-03-31T13:26:59.979+0000] {processor.py:176} INFO - Processing /opt/airflow/dags/producer_2.py took 0.535 seconds
[2024-03-31T13:27:30.054+0000] {processor.py:154} INFO - Started process (PID=26331) to work on /opt/airflow/dags/producer_2.py
[2024-03-31T13:27:30.058+0000] {processor.py:756} INFO - Processing file /opt/airflow/dags/producer_2.py for tasks to queue
[2024-03-31T13:27:30.061+0000] {logging_mixin.py:120} INFO - [2024-03-31T13:27:30.061+0000] {dagbag.py:537} INFO - Filling up the DagBag from /opt/airflow/dags/producer_2.py
[2024-03-31T13:27:30.118+0000] {processor.py:766} INFO - DAG(s) dict_keys(['producer']) retrieved from /opt/airflow/dags/producer_2.py
[2024-03-31T13:27:30.215+0000] {logging_mixin.py:120} INFO - [2024-03-31T13:27:30.215+0000] {dag.py:2585} INFO - Sync 1 DAGs
[2024-03-31T13:27:30.273+0000] {logging_mixin.py:120} INFO - [2024-03-31T13:27:30.272+0000] {dag.py:3340} INFO - Setting next_dagrun for producer to 2024-03-30T00:00:00+00:00, run_after=2024-03-31T00:00:00+00:00
[2024-03-31T13:27:30.329+0000] {processor.py:176} INFO - Processing /opt/airflow/dags/producer_2.py took 0.287 seconds
[2024-03-31T13:28:01.913+0000] {processor.py:154} INFO - Started process (PID=26391) to work on /opt/airflow/dags/producer_2.py
[2024-03-31T13:28:01.917+0000] {processor.py:756} INFO - Processing file /opt/airflow/dags/producer_2.py for tasks to queue
[2024-03-31T13:28:01.920+0000] {logging_mixin.py:120} INFO - [2024-03-31T13:28:01.919+0000] {dagbag.py:537} INFO - Filling up the DagBag from /opt/airflow/dags/producer_2.py
[2024-03-31T13:28:01.985+0000] {processor.py:766} INFO - DAG(s) dict_keys(['producer']) retrieved from /opt/airflow/dags/producer_2.py
[2024-03-31T13:28:02.037+0000] {logging_mixin.py:120} INFO - [2024-03-31T13:28:02.037+0000] {dag.py:2585} INFO - Sync 1 DAGs
[2024-03-31T13:28:02.084+0000] {logging_mixin.py:120} INFO - [2024-03-31T13:28:02.084+0000] {dag.py:3340} INFO - Setting next_dagrun for producer to 2024-03-30T00:00:00+00:00, run_after=2024-03-31T00:00:00+00:00
[2024-03-31T13:28:02.122+0000] {processor.py:176} INFO - Processing /opt/airflow/dags/producer_2.py took 0.218 seconds
[2024-03-31T13:28:32.279+0000] {processor.py:154} INFO - Started process (PID=26449) to work on /opt/airflow/dags/producer_2.py
[2024-03-31T13:28:32.281+0000] {processor.py:756} INFO - Processing file /opt/airflow/dags/producer_2.py for tasks to queue
[2024-03-31T13:28:32.283+0000] {logging_mixin.py:120} INFO - [2024-03-31T13:28:32.283+0000] {dagbag.py:537} INFO - Filling up the DagBag from /opt/airflow/dags/producer_2.py
[2024-03-31T13:28:32.333+0000] {processor.py:766} INFO - DAG(s) dict_keys(['producer']) retrieved from /opt/airflow/dags/producer_2.py
[2024-03-31T13:28:32.684+0000] {logging_mixin.py:120} INFO - [2024-03-31T13:28:32.684+0000] {dag.py:2585} INFO - Sync 1 DAGs
[2024-03-31T13:28:32.719+0000] {logging_mixin.py:120} INFO - [2024-03-31T13:28:32.719+0000] {dag.py:3340} INFO - Setting next_dagrun for producer to 2024-03-30T00:00:00+00:00, run_after=2024-03-31T00:00:00+00:00
[2024-03-31T13:28:32.757+0000] {processor.py:176} INFO - Processing /opt/airflow/dags/producer_2.py took 0.486 seconds
[2024-03-31T13:28:34.314+0000] {processor.py:154} INFO - Started process (PID=26453) to work on /opt/airflow/dags/producer_2.py
[2024-03-31T13:28:34.315+0000] {processor.py:756} INFO - Processing file /opt/airflow/dags/producer_2.py for tasks to queue
[2024-03-31T13:28:34.317+0000] {logging_mixin.py:120} INFO - [2024-03-31T13:28:34.317+0000] {dagbag.py:537} INFO - Filling up the DagBag from /opt/airflow/dags/producer_2.py
[2024-03-31T13:28:34.358+0000] {logging_mixin.py:120} INFO - [2024-03-31T13:28:34.355+0000] {dagbag.py:342} ERROR - Failed to import: /opt/airflow/dags/producer_2.py
Traceback (most recent call last):
  File "/home/airflow/.local/lib/python3.7/site-packages/airflow/models/dagbag.py", line 338, in parse
    loader.exec_module(new_module)
  File "<frozen importlib._bootstrap_external>", line 728, in exec_module
  File "<frozen importlib._bootstrap>", line 219, in _call_with_frames_removed
  File "/opt/airflow/dags/producer_2.py", line 17, in <module>
    @task(outlets=[my_file])
NameError: name 'my_file' is not defined
[2024-03-31T13:28:34.359+0000] {processor.py:768} WARNING - No viable dags retrieved from /opt/airflow/dags/producer_2.py
[2024-03-31T13:28:34.391+0000] {processor.py:176} INFO - Processing /opt/airflow/dags/producer_2.py took 0.083 seconds
[2024-03-31T13:29:05.289+0000] {processor.py:154} INFO - Started process (PID=26521) to work on /opt/airflow/dags/producer_2.py
[2024-03-31T13:29:05.291+0000] {processor.py:756} INFO - Processing file /opt/airflow/dags/producer_2.py for tasks to queue
[2024-03-31T13:29:05.293+0000] {logging_mixin.py:120} INFO - [2024-03-31T13:29:05.293+0000] {dagbag.py:537} INFO - Filling up the DagBag from /opt/airflow/dags/producer_2.py
[2024-03-31T13:29:05.356+0000] {logging_mixin.py:120} INFO - [2024-03-31T13:29:05.353+0000] {dagbag.py:342} ERROR - Failed to import: /opt/airflow/dags/producer_2.py
Traceback (most recent call last):
  File "/home/airflow/.local/lib/python3.7/site-packages/airflow/models/dagbag.py", line 338, in parse
    loader.exec_module(new_module)
  File "<frozen importlib._bootstrap_external>", line 728, in exec_module
  File "<frozen importlib._bootstrap>", line 219, in _call_with_frames_removed
  File "/opt/airflow/dags/producer_2.py", line 17, in <module>
    @task(outlets=[my_file])
NameError: name 'my_file' is not defined
[2024-03-31T13:29:05.367+0000] {processor.py:768} WARNING - No viable dags retrieved from /opt/airflow/dags/producer_2.py
[2024-03-31T13:29:05.397+0000] {processor.py:176} INFO - Processing /opt/airflow/dags/producer_2.py took 0.113 seconds
[2024-03-31T13:29:35.823+0000] {processor.py:154} INFO - Started process (PID=26580) to work on /opt/airflow/dags/producer_2.py
[2024-03-31T13:29:35.825+0000] {processor.py:756} INFO - Processing file /opt/airflow/dags/producer_2.py for tasks to queue
[2024-03-31T13:29:35.827+0000] {logging_mixin.py:120} INFO - [2024-03-31T13:29:35.827+0000] {dagbag.py:537} INFO - Filling up the DagBag from /opt/airflow/dags/producer_2.py
[2024-03-31T13:29:35.860+0000] {logging_mixin.py:120} INFO - [2024-03-31T13:29:35.857+0000] {dagbag.py:342} ERROR - Failed to import: /opt/airflow/dags/producer_2.py
Traceback (most recent call last):
  File "/home/airflow/.local/lib/python3.7/site-packages/airflow/models/dagbag.py", line 338, in parse
    loader.exec_module(new_module)
  File "<frozen importlib._bootstrap_external>", line 728, in exec_module
  File "<frozen importlib._bootstrap>", line 219, in _call_with_frames_removed
  File "/opt/airflow/dags/producer_2.py", line 17, in <module>
    @task(outlets=[my_file])
NameError: name 'my_file' is not defined
[2024-03-31T13:29:35.861+0000] {processor.py:768} WARNING - No viable dags retrieved from /opt/airflow/dags/producer_2.py
[2024-03-31T13:29:35.894+0000] {processor.py:176} INFO - Processing /opt/airflow/dags/producer_2.py took 0.077 seconds
[2024-03-31T13:29:59.746+0000] {processor.py:154} INFO - Started process (PID=26627) to work on /opt/airflow/dags/producer_2.py
[2024-03-31T13:29:59.749+0000] {processor.py:756} INFO - Processing file /opt/airflow/dags/producer_2.py for tasks to queue
[2024-03-31T13:29:59.752+0000] {logging_mixin.py:120} INFO - [2024-03-31T13:29:59.752+0000] {dagbag.py:537} INFO - Filling up the DagBag from /opt/airflow/dags/producer_2.py
[2024-03-31T13:29:59.819+0000] {processor.py:766} INFO - DAG(s) dict_keys(['producer']) retrieved from /opt/airflow/dags/producer_2.py
[2024-03-31T13:30:00.036+0000] {logging_mixin.py:120} INFO - [2024-03-31T13:30:00.036+0000] {dag.py:2585} INFO - Sync 1 DAGs
[2024-03-31T13:30:00.323+0000] {logging_mixin.py:120} INFO - [2024-03-31T13:30:00.322+0000] {dag.py:3340} INFO - Setting next_dagrun for producer to 2024-03-30T00:00:00+00:00, run_after=2024-03-31T00:00:00+00:00
[2024-03-31T13:30:00.382+0000] {processor.py:176} INFO - Processing /opt/airflow/dags/producer_2.py took 0.643 seconds
[2024-03-31T13:30:30.818+0000] {processor.py:154} INFO - Started process (PID=26694) to work on /opt/airflow/dags/producer_2.py
[2024-03-31T13:30:30.820+0000] {processor.py:756} INFO - Processing file /opt/airflow/dags/producer_2.py for tasks to queue
[2024-03-31T13:30:30.822+0000] {logging_mixin.py:120} INFO - [2024-03-31T13:30:30.821+0000] {dagbag.py:537} INFO - Filling up the DagBag from /opt/airflow/dags/producer_2.py
[2024-03-31T13:30:30.866+0000] {processor.py:766} INFO - DAG(s) dict_keys(['producer']) retrieved from /opt/airflow/dags/producer_2.py
[2024-03-31T13:30:30.914+0000] {logging_mixin.py:120} INFO - [2024-03-31T13:30:30.914+0000] {dag.py:2585} INFO - Sync 1 DAGs
[2024-03-31T13:30:30.960+0000] {logging_mixin.py:120} INFO - [2024-03-31T13:30:30.960+0000] {dag.py:3340} INFO - Setting next_dagrun for producer to 2024-03-30T00:00:00+00:00, run_after=2024-03-31T00:00:00+00:00
[2024-03-31T13:30:31.206+0000] {processor.py:176} INFO - Processing /opt/airflow/dags/producer_2.py took 0.395 seconds
[2024-03-31T13:31:01.417+0000] {processor.py:154} INFO - Started process (PID=26754) to work on /opt/airflow/dags/producer_2.py
[2024-03-31T13:31:01.419+0000] {processor.py:756} INFO - Processing file /opt/airflow/dags/producer_2.py for tasks to queue
[2024-03-31T13:31:01.421+0000] {logging_mixin.py:120} INFO - [2024-03-31T13:31:01.420+0000] {dagbag.py:537} INFO - Filling up the DagBag from /opt/airflow/dags/producer_2.py
[2024-03-31T13:31:01.464+0000] {processor.py:766} INFO - DAG(s) dict_keys(['producer']) retrieved from /opt/airflow/dags/producer_2.py
[2024-03-31T13:31:01.838+0000] {logging_mixin.py:120} INFO - [2024-03-31T13:31:01.838+0000] {dag.py:2585} INFO - Sync 1 DAGs
[2024-03-31T13:31:01.874+0000] {logging_mixin.py:120} INFO - [2024-03-31T13:31:01.874+0000] {dag.py:3340} INFO - Setting next_dagrun for producer to 2024-03-30T00:00:00+00:00, run_after=2024-03-31T00:00:00+00:00
[2024-03-31T13:31:01.914+0000] {processor.py:176} INFO - Processing /opt/airflow/dags/producer_2.py took 0.504 seconds
[2024-03-31T13:31:32.682+0000] {processor.py:154} INFO - Started process (PID=26821) to work on /opt/airflow/dags/producer_2.py
[2024-03-31T13:31:32.685+0000] {processor.py:756} INFO - Processing file /opt/airflow/dags/producer_2.py for tasks to queue
[2024-03-31T13:31:32.688+0000] {logging_mixin.py:120} INFO - [2024-03-31T13:31:32.687+0000] {dagbag.py:537} INFO - Filling up the DagBag from /opt/airflow/dags/producer_2.py
[2024-03-31T13:31:32.736+0000] {processor.py:766} INFO - DAG(s) dict_keys(['producer']) retrieved from /opt/airflow/dags/producer_2.py
[2024-03-31T13:31:32.871+0000] {logging_mixin.py:120} INFO - [2024-03-31T13:31:32.870+0000] {dag.py:2585} INFO - Sync 1 DAGs
[2024-03-31T13:31:33.140+0000] {logging_mixin.py:120} INFO - [2024-03-31T13:31:33.140+0000] {dag.py:3340} INFO - Setting next_dagrun for producer to 2024-03-30T00:00:00+00:00, run_after=2024-03-31T00:00:00+00:00
[2024-03-31T13:31:33.179+0000] {processor.py:176} INFO - Processing /opt/airflow/dags/producer_2.py took 0.505 seconds
[2024-03-31T13:32:03.273+0000] {processor.py:154} INFO - Started process (PID=26881) to work on /opt/airflow/dags/producer_2.py
[2024-03-31T13:32:03.277+0000] {processor.py:756} INFO - Processing file /opt/airflow/dags/producer_2.py for tasks to queue
[2024-03-31T13:32:03.279+0000] {logging_mixin.py:120} INFO - [2024-03-31T13:32:03.279+0000] {dagbag.py:537} INFO - Filling up the DagBag from /opt/airflow/dags/producer_2.py
[2024-03-31T13:32:03.333+0000] {processor.py:766} INFO - DAG(s) dict_keys(['producer']) retrieved from /opt/airflow/dags/producer_2.py
[2024-03-31T13:32:03.414+0000] {logging_mixin.py:120} INFO - [2024-03-31T13:32:03.414+0000] {dag.py:2585} INFO - Sync 1 DAGs
[2024-03-31T13:32:03.460+0000] {logging_mixin.py:120} INFO - [2024-03-31T13:32:03.459+0000] {dag.py:3340} INFO - Setting next_dagrun for producer to 2024-03-30T00:00:00+00:00, run_after=2024-03-31T00:00:00+00:00
[2024-03-31T13:32:03.716+0000] {processor.py:176} INFO - Processing /opt/airflow/dags/producer_2.py took 0.449 seconds
[2024-03-31T13:32:34.100+0000] {processor.py:154} INFO - Started process (PID=26949) to work on /opt/airflow/dags/producer_2.py
[2024-03-31T13:32:34.103+0000] {processor.py:756} INFO - Processing file /opt/airflow/dags/producer_2.py for tasks to queue
[2024-03-31T13:32:34.105+0000] {logging_mixin.py:120} INFO - [2024-03-31T13:32:34.105+0000] {dagbag.py:537} INFO - Filling up the DagBag from /opt/airflow/dags/producer_2.py
[2024-03-31T13:32:34.148+0000] {processor.py:766} INFO - DAG(s) dict_keys(['producer']) retrieved from /opt/airflow/dags/producer_2.py
[2024-03-31T13:32:34.190+0000] {logging_mixin.py:120} INFO - [2024-03-31T13:32:34.190+0000] {dag.py:2585} INFO - Sync 1 DAGs
[2024-03-31T13:32:34.243+0000] {logging_mixin.py:120} INFO - [2024-03-31T13:32:34.243+0000] {dag.py:3340} INFO - Setting next_dagrun for producer to 2024-03-30T00:00:00+00:00, run_after=2024-03-31T00:00:00+00:00
[2024-03-31T13:32:34.285+0000] {processor.py:176} INFO - Processing /opt/airflow/dags/producer_2.py took 0.192 seconds
[2024-03-31T13:33:04.427+0000] {processor.py:154} INFO - Started process (PID=27008) to work on /opt/airflow/dags/producer_2.py
[2024-03-31T13:33:04.432+0000] {processor.py:756} INFO - Processing file /opt/airflow/dags/producer_2.py for tasks to queue
[2024-03-31T13:33:04.434+0000] {logging_mixin.py:120} INFO - [2024-03-31T13:33:04.434+0000] {dagbag.py:537} INFO - Filling up the DagBag from /opt/airflow/dags/producer_2.py
[2024-03-31T13:33:04.507+0000] {processor.py:766} INFO - DAG(s) dict_keys(['producer']) retrieved from /opt/airflow/dags/producer_2.py
[2024-03-31T13:33:05.077+0000] {logging_mixin.py:120} INFO - [2024-03-31T13:33:05.076+0000] {dag.py:2585} INFO - Sync 1 DAGs
[2024-03-31T13:33:05.132+0000] {logging_mixin.py:120} INFO - [2024-03-31T13:33:05.132+0000] {dag.py:3340} INFO - Setting next_dagrun for producer to 2024-03-30T00:00:00+00:00, run_after=2024-03-31T00:00:00+00:00
[2024-03-31T13:33:05.286+0000] {processor.py:176} INFO - Processing /opt/airflow/dags/producer_2.py took 0.871 seconds
[2024-03-31T13:33:35.804+0000] {processor.py:154} INFO - Started process (PID=27068) to work on /opt/airflow/dags/producer_2.py
[2024-03-31T13:33:35.807+0000] {processor.py:756} INFO - Processing file /opt/airflow/dags/producer_2.py for tasks to queue
[2024-03-31T13:33:35.809+0000] {logging_mixin.py:120} INFO - [2024-03-31T13:33:35.809+0000] {dagbag.py:537} INFO - Filling up the DagBag from /opt/airflow/dags/producer_2.py
[2024-03-31T13:33:35.857+0000] {processor.py:766} INFO - DAG(s) dict_keys(['producer']) retrieved from /opt/airflow/dags/producer_2.py
[2024-03-31T13:33:35.938+0000] {logging_mixin.py:120} INFO - [2024-03-31T13:33:35.938+0000] {dag.py:2585} INFO - Sync 1 DAGs
[2024-03-31T13:33:35.987+0000] {logging_mixin.py:120} INFO - [2024-03-31T13:33:35.986+0000] {dag.py:3340} INFO - Setting next_dagrun for producer to 2024-03-30T00:00:00+00:00, run_after=2024-03-31T00:00:00+00:00
[2024-03-31T13:33:36.026+0000] {processor.py:176} INFO - Processing /opt/airflow/dags/producer_2.py took 0.230 seconds
[2024-03-31T13:34:06.363+0000] {processor.py:154} INFO - Started process (PID=27137) to work on /opt/airflow/dags/producer_2.py
[2024-03-31T13:34:06.365+0000] {processor.py:756} INFO - Processing file /opt/airflow/dags/producer_2.py for tasks to queue
[2024-03-31T13:34:06.367+0000] {logging_mixin.py:120} INFO - [2024-03-31T13:34:06.367+0000] {dagbag.py:537} INFO - Filling up the DagBag from /opt/airflow/dags/producer_2.py
[2024-03-31T13:34:06.423+0000] {processor.py:766} INFO - DAG(s) dict_keys(['producer']) retrieved from /opt/airflow/dags/producer_2.py
[2024-03-31T13:34:06.482+0000] {logging_mixin.py:120} INFO - [2024-03-31T13:34:06.481+0000] {dag.py:2585} INFO - Sync 1 DAGs
[2024-03-31T13:34:06.536+0000] {logging_mixin.py:120} INFO - [2024-03-31T13:34:06.535+0000] {dag.py:3340} INFO - Setting next_dagrun for producer to 2024-03-30T00:00:00+00:00, run_after=2024-03-31T00:00:00+00:00
[2024-03-31T13:34:06.579+0000] {processor.py:176} INFO - Processing /opt/airflow/dags/producer_2.py took 0.228 seconds
[2024-03-31T13:34:36.891+0000] {processor.py:154} INFO - Started process (PID=27196) to work on /opt/airflow/dags/producer_2.py
[2024-03-31T13:34:36.897+0000] {processor.py:756} INFO - Processing file /opt/airflow/dags/producer_2.py for tasks to queue
[2024-03-31T13:34:36.900+0000] {logging_mixin.py:120} INFO - [2024-03-31T13:34:36.900+0000] {dagbag.py:537} INFO - Filling up the DagBag from /opt/airflow/dags/producer_2.py
[2024-03-31T13:34:37.029+0000] {processor.py:766} INFO - DAG(s) dict_keys(['producer']) retrieved from /opt/airflow/dags/producer_2.py
[2024-03-31T13:34:37.500+0000] {logging_mixin.py:120} INFO - [2024-03-31T13:34:37.500+0000] {dag.py:2585} INFO - Sync 1 DAGs
[2024-03-31T13:34:37.538+0000] {logging_mixin.py:120} INFO - [2024-03-31T13:34:37.538+0000] {dag.py:3340} INFO - Setting next_dagrun for producer to 2024-03-30T00:00:00+00:00, run_after=2024-03-31T00:00:00+00:00
[2024-03-31T13:34:37.573+0000] {processor.py:176} INFO - Processing /opt/airflow/dags/producer_2.py took 0.691 seconds
[2024-03-31T13:35:08.072+0000] {processor.py:154} INFO - Started process (PID=27264) to work on /opt/airflow/dags/producer_2.py
[2024-03-31T13:35:08.074+0000] {processor.py:756} INFO - Processing file /opt/airflow/dags/producer_2.py for tasks to queue
[2024-03-31T13:35:08.076+0000] {logging_mixin.py:120} INFO - [2024-03-31T13:35:08.076+0000] {dagbag.py:537} INFO - Filling up the DagBag from /opt/airflow/dags/producer_2.py
[2024-03-31T13:35:08.121+0000] {processor.py:766} INFO - DAG(s) dict_keys(['producer']) retrieved from /opt/airflow/dags/producer_2.py
[2024-03-31T13:35:08.201+0000] {logging_mixin.py:120} INFO - [2024-03-31T13:35:08.201+0000] {dag.py:2585} INFO - Sync 1 DAGs
[2024-03-31T13:35:08.473+0000] {logging_mixin.py:120} INFO - [2024-03-31T13:35:08.473+0000] {dag.py:3340} INFO - Setting next_dagrun for producer to 2024-03-30T00:00:00+00:00, run_after=2024-03-31T00:00:00+00:00
[2024-03-31T13:35:08.510+0000] {processor.py:176} INFO - Processing /opt/airflow/dags/producer_2.py took 0.447 seconds
[2024-03-31T13:35:39.232+0000] {processor.py:154} INFO - Started process (PID=27323) to work on /opt/airflow/dags/producer_2.py
[2024-03-31T13:35:39.235+0000] {processor.py:756} INFO - Processing file /opt/airflow/dags/producer_2.py for tasks to queue
[2024-03-31T13:35:39.237+0000] {logging_mixin.py:120} INFO - [2024-03-31T13:35:39.237+0000] {dagbag.py:537} INFO - Filling up the DagBag from /opt/airflow/dags/producer_2.py
[2024-03-31T13:35:39.290+0000] {processor.py:766} INFO - DAG(s) dict_keys(['producer']) retrieved from /opt/airflow/dags/producer_2.py
[2024-03-31T13:35:39.338+0000] {logging_mixin.py:120} INFO - [2024-03-31T13:35:39.338+0000] {dag.py:2585} INFO - Sync 1 DAGs
[2024-03-31T13:35:39.645+0000] {logging_mixin.py:120} INFO - [2024-03-31T13:35:39.645+0000] {dag.py:3340} INFO - Setting next_dagrun for producer to 2024-03-30T00:00:00+00:00, run_after=2024-03-31T00:00:00+00:00
[2024-03-31T13:35:39.690+0000] {processor.py:176} INFO - Processing /opt/airflow/dags/producer_2.py took 0.464 seconds
[2024-03-31T13:36:10.579+0000] {processor.py:154} INFO - Started process (PID=27392) to work on /opt/airflow/dags/producer_2.py
[2024-03-31T13:36:10.585+0000] {processor.py:756} INFO - Processing file /opt/airflow/dags/producer_2.py for tasks to queue
[2024-03-31T13:36:10.588+0000] {logging_mixin.py:120} INFO - [2024-03-31T13:36:10.587+0000] {dagbag.py:537} INFO - Filling up the DagBag from /opt/airflow/dags/producer_2.py
[2024-03-31T13:36:10.635+0000] {processor.py:766} INFO - DAG(s) dict_keys(['producer']) retrieved from /opt/airflow/dags/producer_2.py
[2024-03-31T13:36:10.771+0000] {logging_mixin.py:120} INFO - [2024-03-31T13:36:10.770+0000] {dag.py:2585} INFO - Sync 1 DAGs
[2024-03-31T13:36:11.022+0000] {logging_mixin.py:120} INFO - [2024-03-31T13:36:11.021+0000] {dag.py:3340} INFO - Setting next_dagrun for producer to 2024-03-30T00:00:00+00:00, run_after=2024-03-31T00:00:00+00:00
[2024-03-31T13:36:11.064+0000] {processor.py:176} INFO - Processing /opt/airflow/dags/producer_2.py took 0.494 seconds
[2024-03-31T13:36:42.010+0000] {processor.py:154} INFO - Started process (PID=27451) to work on /opt/airflow/dags/producer_2.py
[2024-03-31T13:36:42.013+0000] {processor.py:756} INFO - Processing file /opt/airflow/dags/producer_2.py for tasks to queue
[2024-03-31T13:36:42.015+0000] {logging_mixin.py:120} INFO - [2024-03-31T13:36:42.015+0000] {dagbag.py:537} INFO - Filling up the DagBag from /opt/airflow/dags/producer_2.py
[2024-03-31T13:36:42.063+0000] {processor.py:766} INFO - DAG(s) dict_keys(['producer']) retrieved from /opt/airflow/dags/producer_2.py
[2024-03-31T13:36:42.133+0000] {logging_mixin.py:120} INFO - [2024-03-31T13:36:42.133+0000] {dag.py:2585} INFO - Sync 1 DAGs
[2024-03-31T13:36:42.178+0000] {logging_mixin.py:120} INFO - [2024-03-31T13:36:42.178+0000] {dag.py:3340} INFO - Setting next_dagrun for producer to 2024-03-30T00:00:00+00:00, run_after=2024-03-31T00:00:00+00:00
[2024-03-31T13:36:42.716+0000] {processor.py:176} INFO - Processing /opt/airflow/dags/producer_2.py took 0.712 seconds
[2024-03-31T13:37:13.183+0000] {processor.py:154} INFO - Started process (PID=27519) to work on /opt/airflow/dags/producer_2.py
[2024-03-31T13:37:13.185+0000] {processor.py:756} INFO - Processing file /opt/airflow/dags/producer_2.py for tasks to queue
[2024-03-31T13:37:13.187+0000] {logging_mixin.py:120} INFO - [2024-03-31T13:37:13.187+0000] {dagbag.py:537} INFO - Filling up the DagBag from /opt/airflow/dags/producer_2.py
[2024-03-31T13:37:13.230+0000] {processor.py:766} INFO - DAG(s) dict_keys(['producer']) retrieved from /opt/airflow/dags/producer_2.py
[2024-03-31T13:37:13.273+0000] {logging_mixin.py:120} INFO - [2024-03-31T13:37:13.273+0000] {dag.py:2585} INFO - Sync 1 DAGs
[2024-03-31T13:37:13.322+0000] {logging_mixin.py:120} INFO - [2024-03-31T13:37:13.322+0000] {dag.py:3340} INFO - Setting next_dagrun for producer to 2024-03-30T00:00:00+00:00, run_after=2024-03-31T00:00:00+00:00
[2024-03-31T13:37:13.591+0000] {processor.py:176} INFO - Processing /opt/airflow/dags/producer_2.py took 0.413 seconds
[2024-03-31T13:37:44.316+0000] {processor.py:154} INFO - Started process (PID=27577) to work on /opt/airflow/dags/producer_2.py
[2024-03-31T13:37:44.320+0000] {processor.py:756} INFO - Processing file /opt/airflow/dags/producer_2.py for tasks to queue
[2024-03-31T13:37:44.323+0000] {logging_mixin.py:120} INFO - [2024-03-31T13:37:44.322+0000] {dagbag.py:537} INFO - Filling up the DagBag from /opt/airflow/dags/producer_2.py
[2024-03-31T13:37:44.380+0000] {processor.py:766} INFO - DAG(s) dict_keys(['producer']) retrieved from /opt/airflow/dags/producer_2.py
[2024-03-31T13:37:44.826+0000] {logging_mixin.py:120} INFO - [2024-03-31T13:37:44.826+0000] {dag.py:2585} INFO - Sync 1 DAGs
[2024-03-31T13:37:44.870+0000] {logging_mixin.py:120} INFO - [2024-03-31T13:37:44.870+0000] {dag.py:3340} INFO - Setting next_dagrun for producer to 2024-03-30T00:00:00+00:00, run_after=2024-03-31T00:00:00+00:00
[2024-03-31T13:37:44.916+0000] {processor.py:176} INFO - Processing /opt/airflow/dags/producer_2.py took 0.610 seconds
[2024-03-31T13:38:15.677+0000] {processor.py:154} INFO - Started process (PID=27645) to work on /opt/airflow/dags/producer_2.py
[2024-03-31T13:38:15.679+0000] {processor.py:756} INFO - Processing file /opt/airflow/dags/producer_2.py for tasks to queue
[2024-03-31T13:38:15.681+0000] {logging_mixin.py:120} INFO - [2024-03-31T13:38:15.681+0000] {dagbag.py:537} INFO - Filling up the DagBag from /opt/airflow/dags/producer_2.py
[2024-03-31T13:38:15.729+0000] {processor.py:766} INFO - DAG(s) dict_keys(['producer']) retrieved from /opt/airflow/dags/producer_2.py
[2024-03-31T13:38:15.814+0000] {logging_mixin.py:120} INFO - [2024-03-31T13:38:15.814+0000] {dag.py:2585} INFO - Sync 1 DAGs
[2024-03-31T13:38:15.863+0000] {logging_mixin.py:120} INFO - [2024-03-31T13:38:15.863+0000] {dag.py:3340} INFO - Setting next_dagrun for producer to 2024-03-30T00:00:00+00:00, run_after=2024-03-31T00:00:00+00:00
[2024-03-31T13:38:15.909+0000] {processor.py:176} INFO - Processing /opt/airflow/dags/producer_2.py took 0.241 seconds
[2024-03-31T13:38:46.319+0000] {processor.py:154} INFO - Started process (PID=27705) to work on /opt/airflow/dags/producer_2.py
[2024-03-31T13:38:46.321+0000] {processor.py:756} INFO - Processing file /opt/airflow/dags/producer_2.py for tasks to queue
[2024-03-31T13:38:46.323+0000] {logging_mixin.py:120} INFO - [2024-03-31T13:38:46.323+0000] {dagbag.py:537} INFO - Filling up the DagBag from /opt/airflow/dags/producer_2.py
[2024-03-31T13:38:46.388+0000] {processor.py:766} INFO - DAG(s) dict_keys(['producer']) retrieved from /opt/airflow/dags/producer_2.py
[2024-03-31T13:38:46.468+0000] {logging_mixin.py:120} INFO - [2024-03-31T13:38:46.467+0000] {dag.py:2585} INFO - Sync 1 DAGs
[2024-03-31T13:38:46.552+0000] {logging_mixin.py:120} INFO - [2024-03-31T13:38:46.552+0000] {dag.py:3340} INFO - Setting next_dagrun for producer to 2024-03-30T00:00:00+00:00, run_after=2024-03-31T00:00:00+00:00
[2024-03-31T13:38:46.625+0000] {processor.py:176} INFO - Processing /opt/airflow/dags/producer_2.py took 0.317 seconds
[2024-03-31T13:39:16.717+0000] {processor.py:154} INFO - Started process (PID=27773) to work on /opt/airflow/dags/producer_2.py
[2024-03-31T13:39:16.721+0000] {processor.py:756} INFO - Processing file /opt/airflow/dags/producer_2.py for tasks to queue
[2024-03-31T13:39:16.723+0000] {logging_mixin.py:120} INFO - [2024-03-31T13:39:16.723+0000] {dagbag.py:537} INFO - Filling up the DagBag from /opt/airflow/dags/producer_2.py
[2024-03-31T13:39:16.774+0000] {processor.py:766} INFO - DAG(s) dict_keys(['producer']) retrieved from /opt/airflow/dags/producer_2.py
[2024-03-31T13:39:17.195+0000] {logging_mixin.py:120} INFO - [2024-03-31T13:39:17.194+0000] {dag.py:2585} INFO - Sync 1 DAGs
[2024-03-31T13:39:17.242+0000] {logging_mixin.py:120} INFO - [2024-03-31T13:39:17.242+0000] {dag.py:3340} INFO - Setting next_dagrun for producer to 2024-03-30T00:00:00+00:00, run_after=2024-03-31T00:00:00+00:00
[2024-03-31T13:39:17.293+0000] {processor.py:176} INFO - Processing /opt/airflow/dags/producer_2.py took 0.583 seconds
[2024-03-31T13:39:47.752+0000] {processor.py:154} INFO - Started process (PID=27832) to work on /opt/airflow/dags/producer_2.py
[2024-03-31T13:39:47.754+0000] {processor.py:756} INFO - Processing file /opt/airflow/dags/producer_2.py for tasks to queue
[2024-03-31T13:39:47.759+0000] {logging_mixin.py:120} INFO - [2024-03-31T13:39:47.759+0000] {dagbag.py:537} INFO - Filling up the DagBag from /opt/airflow/dags/producer_2.py
[2024-03-31T13:39:47.812+0000] {processor.py:766} INFO - DAG(s) dict_keys(['producer']) retrieved from /opt/airflow/dags/producer_2.py
[2024-03-31T13:39:47.915+0000] {logging_mixin.py:120} INFO - [2024-03-31T13:39:47.915+0000] {dag.py:2585} INFO - Sync 1 DAGs
[2024-03-31T13:39:48.335+0000] {logging_mixin.py:120} INFO - [2024-03-31T13:39:48.334+0000] {dag.py:3340} INFO - Setting next_dagrun for producer to 2024-03-30T00:00:00+00:00, run_after=2024-03-31T00:00:00+00:00
[2024-03-31T13:39:48.381+0000] {processor.py:176} INFO - Processing /opt/airflow/dags/producer_2.py took 0.635 seconds
[2024-03-31T13:40:18.622+0000] {processor.py:154} INFO - Started process (PID=27890) to work on /opt/airflow/dags/producer_2.py
[2024-03-31T13:40:18.625+0000] {processor.py:756} INFO - Processing file /opt/airflow/dags/producer_2.py for tasks to queue
[2024-03-31T13:40:18.628+0000] {logging_mixin.py:120} INFO - [2024-03-31T13:40:18.627+0000] {dagbag.py:537} INFO - Filling up the DagBag from /opt/airflow/dags/producer_2.py
[2024-03-31T13:40:18.691+0000] {processor.py:766} INFO - DAG(s) dict_keys(['producer']) retrieved from /opt/airflow/dags/producer_2.py
[2024-03-31T13:40:18.768+0000] {logging_mixin.py:120} INFO - [2024-03-31T13:40:18.768+0000] {dag.py:2585} INFO - Sync 1 DAGs
[2024-03-31T13:40:19.219+0000] {logging_mixin.py:120} INFO - [2024-03-31T13:40:19.219+0000] {dag.py:3340} INFO - Setting next_dagrun for producer to 2024-03-30T00:00:00+00:00, run_after=2024-03-31T00:00:00+00:00
[2024-03-31T13:40:19.269+0000] {processor.py:176} INFO - Processing /opt/airflow/dags/producer_2.py took 0.668 seconds
[2024-03-31T13:40:49.387+0000] {processor.py:154} INFO - Started process (PID=27958) to work on /opt/airflow/dags/producer_2.py
[2024-03-31T13:40:49.390+0000] {processor.py:756} INFO - Processing file /opt/airflow/dags/producer_2.py for tasks to queue
[2024-03-31T13:40:49.392+0000] {logging_mixin.py:120} INFO - [2024-03-31T13:40:49.392+0000] {dagbag.py:537} INFO - Filling up the DagBag from /opt/airflow/dags/producer_2.py
[2024-03-31T13:40:49.460+0000] {processor.py:766} INFO - DAG(s) dict_keys(['producer']) retrieved from /opt/airflow/dags/producer_2.py
[2024-03-31T13:40:49.760+0000] {logging_mixin.py:120} INFO - [2024-03-31T13:40:49.760+0000] {dag.py:2585} INFO - Sync 1 DAGs
[2024-03-31T13:40:50.297+0000] {logging_mixin.py:120} INFO - [2024-03-31T13:40:50.297+0000] {dag.py:3340} INFO - Setting next_dagrun for producer to 2024-03-30T00:00:00+00:00, run_after=2024-03-31T00:00:00+00:00
[2024-03-31T13:40:50.357+0000] {processor.py:176} INFO - Processing /opt/airflow/dags/producer_2.py took 0.980 seconds
[2024-03-31T13:41:20.758+0000] {processor.py:154} INFO - Started process (PID=28016) to work on /opt/airflow/dags/producer_2.py
[2024-03-31T13:41:20.766+0000] {processor.py:756} INFO - Processing file /opt/airflow/dags/producer_2.py for tasks to queue
[2024-03-31T13:41:20.771+0000] {logging_mixin.py:120} INFO - [2024-03-31T13:41:20.770+0000] {dagbag.py:537} INFO - Filling up the DagBag from /opt/airflow/dags/producer_2.py
[2024-03-31T13:41:20.885+0000] {processor.py:766} INFO - DAG(s) dict_keys(['producer']) retrieved from /opt/airflow/dags/producer_2.py
[2024-03-31T13:41:21.183+0000] {logging_mixin.py:120} INFO - [2024-03-31T13:41:21.182+0000] {dag.py:2585} INFO - Sync 1 DAGs
[2024-03-31T13:41:21.286+0000] {logging_mixin.py:120} INFO - [2024-03-31T13:41:21.285+0000] {dag.py:3340} INFO - Setting next_dagrun for producer to 2024-03-30T00:00:00+00:00, run_after=2024-03-31T00:00:00+00:00
[2024-03-31T13:41:21.721+0000] {processor.py:176} INFO - Processing /opt/airflow/dags/producer_2.py took 0.978 seconds
[2024-03-31T13:41:52.055+0000] {processor.py:154} INFO - Started process (PID=28075) to work on /opt/airflow/dags/producer_2.py
[2024-03-31T13:41:52.057+0000] {processor.py:756} INFO - Processing file /opt/airflow/dags/producer_2.py for tasks to queue
[2024-03-31T13:41:52.059+0000] {logging_mixin.py:120} INFO - [2024-03-31T13:41:52.058+0000] {dagbag.py:537} INFO - Filling up the DagBag from /opt/airflow/dags/producer_2.py
[2024-03-31T13:41:52.125+0000] {processor.py:766} INFO - DAG(s) dict_keys(['producer']) retrieved from /opt/airflow/dags/producer_2.py
[2024-03-31T13:41:52.188+0000] {logging_mixin.py:120} INFO - [2024-03-31T13:41:52.187+0000] {dag.py:2585} INFO - Sync 1 DAGs
[2024-03-31T13:41:52.252+0000] {logging_mixin.py:120} INFO - [2024-03-31T13:41:52.251+0000] {dag.py:3340} INFO - Setting next_dagrun for producer to 2024-03-30T00:00:00+00:00, run_after=2024-03-31T00:00:00+00:00
[2024-03-31T13:41:52.614+0000] {processor.py:176} INFO - Processing /opt/airflow/dags/producer_2.py took 0.572 seconds
[2024-03-31T13:42:22.903+0000] {processor.py:154} INFO - Started process (PID=28144) to work on /opt/airflow/dags/producer_2.py
[2024-03-31T13:42:22.917+0000] {processor.py:756} INFO - Processing file /opt/airflow/dags/producer_2.py for tasks to queue
[2024-03-31T13:42:22.927+0000] {logging_mixin.py:120} INFO - [2024-03-31T13:42:22.925+0000] {dagbag.py:537} INFO - Filling up the DagBag from /opt/airflow/dags/producer_2.py
[2024-03-31T13:42:23.037+0000] {processor.py:766} INFO - DAG(s) dict_keys(['producer']) retrieved from /opt/airflow/dags/producer_2.py
[2024-03-31T13:42:23.689+0000] {logging_mixin.py:120} INFO - [2024-03-31T13:42:23.688+0000] {dag.py:2585} INFO - Sync 1 DAGs
[2024-03-31T13:42:23.753+0000] {logging_mixin.py:120} INFO - [2024-03-31T13:42:23.753+0000] {dag.py:3340} INFO - Setting next_dagrun for producer to 2024-03-30T00:00:00+00:00, run_after=2024-03-31T00:00:00+00:00
[2024-03-31T13:42:23.819+0000] {processor.py:176} INFO - Processing /opt/airflow/dags/producer_2.py took 0.960 seconds
[2024-03-31T13:42:54.250+0000] {processor.py:154} INFO - Started process (PID=28205) to work on /opt/airflow/dags/producer_2.py
[2024-03-31T13:42:54.252+0000] {processor.py:756} INFO - Processing file /opt/airflow/dags/producer_2.py for tasks to queue
[2024-03-31T13:42:54.254+0000] {logging_mixin.py:120} INFO - [2024-03-31T13:42:54.254+0000] {dagbag.py:537} INFO - Filling up the DagBag from /opt/airflow/dags/producer_2.py
[2024-03-31T13:42:54.308+0000] {processor.py:766} INFO - DAG(s) dict_keys(['producer']) retrieved from /opt/airflow/dags/producer_2.py
[2024-03-31T13:42:54.390+0000] {logging_mixin.py:120} INFO - [2024-03-31T13:42:54.390+0000] {dag.py:2585} INFO - Sync 1 DAGs
[2024-03-31T13:42:54.444+0000] {logging_mixin.py:120} INFO - [2024-03-31T13:42:54.444+0000] {dag.py:3340} INFO - Setting next_dagrun for producer to 2024-03-30T00:00:00+00:00, run_after=2024-03-31T00:00:00+00:00
[2024-03-31T13:42:54.488+0000] {processor.py:176} INFO - Processing /opt/airflow/dags/producer_2.py took 0.250 seconds
[2024-03-31T13:43:24.722+0000] {processor.py:154} INFO - Started process (PID=28272) to work on /opt/airflow/dags/producer_2.py
[2024-03-31T13:43:24.724+0000] {processor.py:756} INFO - Processing file /opt/airflow/dags/producer_2.py for tasks to queue
[2024-03-31T13:43:24.726+0000] {logging_mixin.py:120} INFO - [2024-03-31T13:43:24.726+0000] {dagbag.py:537} INFO - Filling up the DagBag from /opt/airflow/dags/producer_2.py
[2024-03-31T13:43:24.790+0000] {processor.py:766} INFO - DAG(s) dict_keys(['producer']) retrieved from /opt/airflow/dags/producer_2.py
[2024-03-31T13:43:24.842+0000] {logging_mixin.py:120} INFO - [2024-03-31T13:43:24.841+0000] {dag.py:2585} INFO - Sync 1 DAGs
[2024-03-31T13:43:24.902+0000] {logging_mixin.py:120} INFO - [2024-03-31T13:43:24.902+0000] {dag.py:3340} INFO - Setting next_dagrun for producer to 2024-03-30T00:00:00+00:00, run_after=2024-03-31T00:00:00+00:00
[2024-03-31T13:43:24.945+0000] {processor.py:176} INFO - Processing /opt/airflow/dags/producer_2.py took 0.230 seconds
[2024-03-31T13:43:55.056+0000] {processor.py:154} INFO - Started process (PID=28331) to work on /opt/airflow/dags/producer_2.py
[2024-03-31T13:43:55.059+0000] {processor.py:756} INFO - Processing file /opt/airflow/dags/producer_2.py for tasks to queue
[2024-03-31T13:43:55.066+0000] {logging_mixin.py:120} INFO - [2024-03-31T13:43:55.064+0000] {dagbag.py:537} INFO - Filling up the DagBag from /opt/airflow/dags/producer_2.py
[2024-03-31T13:43:55.136+0000] {processor.py:766} INFO - DAG(s) dict_keys(['producer']) retrieved from /opt/airflow/dags/producer_2.py
[2024-03-31T13:43:55.571+0000] {logging_mixin.py:120} INFO - [2024-03-31T13:43:55.571+0000] {dag.py:2585} INFO - Sync 1 DAGs
[2024-03-31T13:43:55.625+0000] {logging_mixin.py:120} INFO - [2024-03-31T13:43:55.625+0000] {dag.py:3340} INFO - Setting next_dagrun for producer to 2024-03-30T00:00:00+00:00, run_after=2024-03-31T00:00:00+00:00
[2024-03-31T13:43:55.671+0000] {processor.py:176} INFO - Processing /opt/airflow/dags/producer_2.py took 0.635 seconds
[2024-03-31T13:44:25.873+0000] {processor.py:154} INFO - Started process (PID=28399) to work on /opt/airflow/dags/producer_2.py
[2024-03-31T13:44:25.876+0000] {processor.py:756} INFO - Processing file /opt/airflow/dags/producer_2.py for tasks to queue
[2024-03-31T13:44:25.880+0000] {logging_mixin.py:120} INFO - [2024-03-31T13:44:25.879+0000] {dagbag.py:537} INFO - Filling up the DagBag from /opt/airflow/dags/producer_2.py
[2024-03-31T13:44:25.941+0000] {processor.py:766} INFO - DAG(s) dict_keys(['producer']) retrieved from /opt/airflow/dags/producer_2.py
[2024-03-31T13:44:26.025+0000] {logging_mixin.py:120} INFO - [2024-03-31T13:44:26.024+0000] {dag.py:2585} INFO - Sync 1 DAGs
[2024-03-31T13:44:26.423+0000] {logging_mixin.py:120} INFO - [2024-03-31T13:44:26.422+0000] {dag.py:3340} INFO - Setting next_dagrun for producer to 2024-03-30T00:00:00+00:00, run_after=2024-03-31T00:00:00+00:00
[2024-03-31T13:44:26.482+0000] {processor.py:176} INFO - Processing /opt/airflow/dags/producer_2.py took 0.620 seconds
[2024-03-31T13:44:56.568+0000] {processor.py:154} INFO - Started process (PID=28458) to work on /opt/airflow/dags/producer_2.py
[2024-03-31T13:44:56.570+0000] {processor.py:756} INFO - Processing file /opt/airflow/dags/producer_2.py for tasks to queue
[2024-03-31T13:44:56.575+0000] {logging_mixin.py:120} INFO - [2024-03-31T13:44:56.575+0000] {dagbag.py:537} INFO - Filling up the DagBag from /opt/airflow/dags/producer_2.py
[2024-03-31T13:44:56.626+0000] {processor.py:766} INFO - DAG(s) dict_keys(['producer']) retrieved from /opt/airflow/dags/producer_2.py
[2024-03-31T13:44:56.679+0000] {logging_mixin.py:120} INFO - [2024-03-31T13:44:56.679+0000] {dag.py:2585} INFO - Sync 1 DAGs
[2024-03-31T13:44:57.030+0000] {logging_mixin.py:120} INFO - [2024-03-31T13:44:57.030+0000] {dag.py:3340} INFO - Setting next_dagrun for producer to 2024-03-30T00:00:00+00:00, run_after=2024-03-31T00:00:00+00:00
[2024-03-31T13:44:57.069+0000] {processor.py:176} INFO - Processing /opt/airflow/dags/producer_2.py took 0.507 seconds
[2024-03-31T13:45:27.473+0000] {processor.py:154} INFO - Started process (PID=28524) to work on /opt/airflow/dags/producer_2.py
[2024-03-31T13:45:27.481+0000] {processor.py:756} INFO - Processing file /opt/airflow/dags/producer_2.py for tasks to queue
[2024-03-31T13:45:27.484+0000] {logging_mixin.py:120} INFO - [2024-03-31T13:45:27.483+0000] {dagbag.py:537} INFO - Filling up the DagBag from /opt/airflow/dags/producer_2.py
[2024-03-31T13:45:27.551+0000] {processor.py:766} INFO - DAG(s) dict_keys(['producer']) retrieved from /opt/airflow/dags/producer_2.py
[2024-03-31T13:45:27.701+0000] {logging_mixin.py:120} INFO - [2024-03-31T13:45:27.701+0000] {dag.py:2585} INFO - Sync 1 DAGs
[2024-03-31T13:45:28.064+0000] {logging_mixin.py:120} INFO - [2024-03-31T13:45:28.063+0000] {dag.py:3340} INFO - Setting next_dagrun for producer to 2024-03-30T00:00:00+00:00, run_after=2024-03-31T00:00:00+00:00
[2024-03-31T13:45:28.115+0000] {processor.py:176} INFO - Processing /opt/airflow/dags/producer_2.py took 0.650 seconds
[2024-03-31T13:45:58.224+0000] {processor.py:154} INFO - Started process (PID=28585) to work on /opt/airflow/dags/producer_2.py
[2024-03-31T13:45:58.227+0000] {processor.py:756} INFO - Processing file /opt/airflow/dags/producer_2.py for tasks to queue
[2024-03-31T13:45:58.230+0000] {logging_mixin.py:120} INFO - [2024-03-31T13:45:58.229+0000] {dagbag.py:537} INFO - Filling up the DagBag from /opt/airflow/dags/producer_2.py
[2024-03-31T13:45:58.316+0000] {processor.py:766} INFO - DAG(s) dict_keys(['producer']) retrieved from /opt/airflow/dags/producer_2.py
[2024-03-31T13:45:58.415+0000] {logging_mixin.py:120} INFO - [2024-03-31T13:45:58.415+0000] {dag.py:2585} INFO - Sync 1 DAGs
[2024-03-31T13:45:58.696+0000] {logging_mixin.py:120} INFO - [2024-03-31T13:45:58.696+0000] {dag.py:3340} INFO - Setting next_dagrun for producer to 2024-03-30T00:00:00+00:00, run_after=2024-03-31T00:00:00+00:00
[2024-03-31T13:45:58.734+0000] {processor.py:176} INFO - Processing /opt/airflow/dags/producer_2.py took 0.526 seconds
[2024-03-31T13:46:29.052+0000] {processor.py:154} INFO - Started process (PID=28644) to work on /opt/airflow/dags/producer_2.py
[2024-03-31T13:46:29.063+0000] {processor.py:756} INFO - Processing file /opt/airflow/dags/producer_2.py for tasks to queue
[2024-03-31T13:46:29.069+0000] {logging_mixin.py:120} INFO - [2024-03-31T13:46:29.068+0000] {dagbag.py:537} INFO - Filling up the DagBag from /opt/airflow/dags/producer_2.py
[2024-03-31T13:46:29.163+0000] {processor.py:766} INFO - DAG(s) dict_keys(['producer']) retrieved from /opt/airflow/dags/producer_2.py
[2024-03-31T13:46:29.316+0000] {logging_mixin.py:120} INFO - [2024-03-31T13:46:29.315+0000] {dag.py:2585} INFO - Sync 1 DAGs
[2024-03-31T13:46:29.391+0000] {logging_mixin.py:120} INFO - [2024-03-31T13:46:29.390+0000] {dag.py:3340} INFO - Setting next_dagrun for producer to 2024-03-30T00:00:00+00:00, run_after=2024-03-31T00:00:00+00:00
[2024-03-31T13:46:29.747+0000] {processor.py:176} INFO - Processing /opt/airflow/dags/producer_2.py took 0.711 seconds
[2024-03-31T13:47:00.026+0000] {processor.py:154} INFO - Started process (PID=28713) to work on /opt/airflow/dags/producer_2.py
[2024-03-31T13:47:00.034+0000] {processor.py:756} INFO - Processing file /opt/airflow/dags/producer_2.py for tasks to queue
[2024-03-31T13:47:00.036+0000] {logging_mixin.py:120} INFO - [2024-03-31T13:47:00.036+0000] {dagbag.py:537} INFO - Filling up the DagBag from /opt/airflow/dags/producer_2.py
[2024-03-31T13:47:00.119+0000] {processor.py:766} INFO - DAG(s) dict_keys(['producer']) retrieved from /opt/airflow/dags/producer_2.py
[2024-03-31T13:47:00.576+0000] {logging_mixin.py:120} INFO - [2024-03-31T13:47:00.576+0000] {dag.py:2585} INFO - Sync 1 DAGs
[2024-03-31T13:47:00.622+0000] {logging_mixin.py:120} INFO - [2024-03-31T13:47:00.622+0000] {dag.py:3340} INFO - Setting next_dagrun for producer to 2024-03-30T00:00:00+00:00, run_after=2024-03-31T00:00:00+00:00
[2024-03-31T13:47:00.672+0000] {processor.py:176} INFO - Processing /opt/airflow/dags/producer_2.py took 0.660 seconds
[2024-03-31T13:47:30.934+0000] {processor.py:154} INFO - Started process (PID=28771) to work on /opt/airflow/dags/producer_2.py
[2024-03-31T13:47:30.936+0000] {processor.py:756} INFO - Processing file /opt/airflow/dags/producer_2.py for tasks to queue
[2024-03-31T13:47:30.939+0000] {logging_mixin.py:120} INFO - [2024-03-31T13:47:30.939+0000] {dagbag.py:537} INFO - Filling up the DagBag from /opt/airflow/dags/producer_2.py
[2024-03-31T13:47:31.050+0000] {processor.py:766} INFO - DAG(s) dict_keys(['producer']) retrieved from /opt/airflow/dags/producer_2.py
[2024-03-31T13:47:31.260+0000] {logging_mixin.py:120} INFO - [2024-03-31T13:47:31.259+0000] {dag.py:2585} INFO - Sync 1 DAGs
[2024-03-31T13:47:31.650+0000] {logging_mixin.py:120} INFO - [2024-03-31T13:47:31.650+0000] {dag.py:3340} INFO - Setting next_dagrun for producer to 2024-03-30T00:00:00+00:00, run_after=2024-03-31T00:00:00+00:00
[2024-03-31T13:47:31.810+0000] {processor.py:176} INFO - Processing /opt/airflow/dags/producer_2.py took 0.885 seconds
[2024-03-31T13:51:12.895+0000] {processor.py:154} INFO - Started process (PID=44) to work on /opt/airflow/dags/producer_2.py
[2024-03-31T13:51:12.898+0000] {processor.py:756} INFO - Processing file /opt/airflow/dags/producer_2.py for tasks to queue
[2024-03-31T13:51:12.900+0000] {logging_mixin.py:120} INFO - [2024-03-31T13:51:12.900+0000] {dagbag.py:537} INFO - Filling up the DagBag from /opt/airflow/dags/producer_2.py
[2024-03-31T13:51:12.955+0000] {processor.py:766} INFO - DAG(s) dict_keys(['producer']) retrieved from /opt/airflow/dags/producer_2.py
[2024-03-31T13:51:13.162+0000] {logging_mixin.py:120} INFO - [2024-03-31T13:51:13.162+0000] {dag.py:2585} INFO - Sync 1 DAGs
[2024-03-31T13:51:13.199+0000] {logging_mixin.py:120} INFO - [2024-03-31T13:51:13.199+0000] {dag.py:3340} INFO - Setting next_dagrun for producer to 2024-03-30T00:00:00+00:00, run_after=2024-03-31T00:00:00+00:00
[2024-03-31T13:51:13.240+0000] {processor.py:176} INFO - Processing /opt/airflow/dags/producer_2.py took 0.350 seconds
[2024-03-31T13:51:47.032+0000] {processor.py:154} INFO - Started process (PID=104) to work on /opt/airflow/dags/producer_2.py
[2024-03-31T13:51:47.061+0000] {processor.py:756} INFO - Processing file /opt/airflow/dags/producer_2.py for tasks to queue
[2024-03-31T13:51:47.177+0000] {logging_mixin.py:120} INFO - [2024-03-31T13:51:47.136+0000] {dagbag.py:537} INFO - Filling up the DagBag from /opt/airflow/dags/producer_2.py
[2024-03-31T13:51:47.640+0000] {processor.py:766} INFO - DAG(s) dict_keys(['producer']) retrieved from /opt/airflow/dags/producer_2.py
[2024-03-31T13:53:07.281+0000] {processor.py:154} INFO - Started process (PID=110) to work on /opt/airflow/dags/producer_2.py
[2024-03-31T13:53:07.283+0000] {processor.py:756} INFO - Processing file /opt/airflow/dags/producer_2.py for tasks to queue
[2024-03-31T13:53:07.285+0000] {logging_mixin.py:120} INFO - [2024-03-31T13:53:07.285+0000] {dagbag.py:537} INFO - Filling up the DagBag from /opt/airflow/dags/producer_2.py
[2024-03-31T13:53:07.331+0000] {processor.py:766} INFO - DAG(s) dict_keys(['producer']) retrieved from /opt/airflow/dags/producer_2.py
[2024-03-31T13:53:07.454+0000] {logging_mixin.py:120} INFO - [2024-03-31T13:53:07.454+0000] {dag.py:2585} INFO - Sync 1 DAGs
[2024-03-31T13:53:07.578+0000] {logging_mixin.py:120} INFO - [2024-03-31T13:53:07.577+0000] {dag.py:3340} INFO - Setting next_dagrun for producer to 2024-03-30T00:00:00+00:00, run_after=2024-03-31T00:00:00+00:00
[2024-03-31T13:53:07.623+0000] {processor.py:176} INFO - Processing /opt/airflow/dags/producer_2.py took 0.348 seconds
