[2024-04-05T16:09:00.930+0000] {taskinstance.py:1165} INFO - Dependencies all met for <TaskInstance: parallel_dag.load_b scheduled__2024-04-03T00:00:00+00:00 [queued]>
[2024-04-05T16:09:01.491+0000] {taskinstance.py:1165} INFO - Dependencies all met for <TaskInstance: parallel_dag.load_b scheduled__2024-04-03T00:00:00+00:00 [queued]>
[2024-04-05T16:09:01.497+0000] {taskinstance.py:1362} INFO - 
--------------------------------------------------------------------------------
[2024-04-05T16:09:01.501+0000] {taskinstance.py:1363} INFO - Starting attempt 1 of 1
[2024-04-05T16:09:01.502+0000] {taskinstance.py:1364} INFO - 
--------------------------------------------------------------------------------
[2024-04-05T16:09:01.909+0000] {taskinstance.py:1383} INFO - Executing <Task(BashOperator): load_b> on 2024-04-03 00:00:00+00:00
[2024-04-05T16:09:02.451+0000] {standard_task_runner.py:55} INFO - Started process 3239 to run task
[2024-04-05T16:09:03.393+0000] {standard_task_runner.py:82} INFO - Running: ['***', 'tasks', 'run', 'parallel_dag', 'load_b', 'scheduled__2024-04-03T00:00:00+00:00', '--job-id', '99', '--raw', '--subdir', 'DAGS_FOLDER/parallel_dag.py', '--cfg-path', '/tmp/tmpxu61fkft']
[2024-04-05T16:09:03.409+0000] {standard_task_runner.py:83} INFO - Job 99: Subtask load_b
[2024-04-05T16:09:08.598+0000] {taskinstance.py:1159} INFO - Dependencies not met for <TaskInstance: parallel_dag.load_b scheduled__2024-04-03T00:00:00+00:00 [running]>, dependency 'Task Instance State' FAILED: Task is in the 'running' state.
[2024-04-05T16:09:08.793+0000] {taskinstance.py:1159} INFO - Dependencies not met for <TaskInstance: parallel_dag.load_b scheduled__2024-04-03T00:00:00+00:00 [running]>, dependency 'Task Instance Not Running' FAILED: Task is in the running state
[2024-04-05T16:09:08.909+0000] {local_task_job.py:103} INFO - Task is not able to be run
[2024-04-05T16:09:09.614+0000] {task_command.py:376} INFO - Running <TaskInstance: parallel_dag.load_b scheduled__2024-04-03T00:00:00+00:00 [running]> on host a868c0c748e3
[2024-04-05T16:09:20.238+0000] {taskinstance.py:1592} INFO - Exporting the following env vars:
AIRFLOW_CTX_DAG_OWNER=***
AIRFLOW_CTX_DAG_ID=parallel_dag
AIRFLOW_CTX_TASK_ID=load_b
AIRFLOW_CTX_EXECUTION_DATE=2024-04-03T00:00:00+00:00
AIRFLOW_CTX_TRY_NUMBER=1
AIRFLOW_CTX_DAG_RUN_ID=scheduled__2024-04-03T00:00:00+00:00
[2024-04-05T16:09:20.258+0000] {subprocess.py:63} INFO - Tmp dir root location: 
 /tmp
[2024-04-05T16:09:20.287+0000] {subprocess.py:75} INFO - Running command: ['/bin/bash', '-c', 'sleep 1']
[2024-04-05T16:09:20.857+0000] {subprocess.py:86} INFO - Output:
[2024-04-05T16:09:22.015+0000] {subprocess.py:97} INFO - Command exited with return code 0
[2024-04-05T16:09:22.401+0000] {taskinstance.py:1406} INFO - Marking task as SUCCESS. dag_id=parallel_dag, task_id=load_b, execution_date=20240403T000000, start_date=20240405T160901, end_date=20240405T160922
[2024-04-05T16:09:22.694+0000] {local_task_job.py:164} INFO - Task exited with return code 0
[2024-04-05T16:09:26.890+0000] {local_task_job.py:273} INFO - 0 downstream tasks scheduled from follow-on schedule check
