[2024-04-08T16:08:21.533+0000] {taskinstance.py:1165} INFO - Dependencies all met for <TaskInstance: example_bash_operator.runme_1 scheduled__2024-04-07T00:00:00+00:00 [queued]>
[2024-04-08T16:08:21.714+0000] {taskinstance.py:1165} INFO - Dependencies all met for <TaskInstance: example_bash_operator.runme_1 scheduled__2024-04-07T00:00:00+00:00 [queued]>
[2024-04-08T16:08:21.715+0000] {taskinstance.py:1362} INFO - 
--------------------------------------------------------------------------------
[2024-04-08T16:08:21.717+0000] {taskinstance.py:1363} INFO - Starting attempt 1 of 1
[2024-04-08T16:08:21.717+0000] {taskinstance.py:1364} INFO - 
--------------------------------------------------------------------------------
[2024-04-08T16:08:23.095+0000] {taskinstance.py:1383} INFO - Executing <Task(BashOperator): runme_1> on 2024-04-07 00:00:00+00:00
[2024-04-08T16:08:23.191+0000] {standard_task_runner.py:55} INFO - Started process 7897 to run task
[2024-04-08T16:08:23.287+0000] {standard_task_runner.py:82} INFO - Running: ['***', 'tasks', 'run', 'example_bash_operator', 'runme_1', 'scheduled__2024-04-07T00:00:00+00:00', '--job-id', '143', '--raw', '--subdir', '/home/***/.local/lib/python3.7/site-packages/***/example_dags/example_bash_operator.py', '--cfg-path', '/tmp/tmpwc_o757w']
[2024-04-08T16:08:23.296+0000] {standard_task_runner.py:83} INFO - Job 143: Subtask runme_1
[2024-04-08T16:08:24.540+0000] {task_command.py:376} INFO - Running <TaskInstance: example_bash_operator.runme_1 scheduled__2024-04-07T00:00:00+00:00 [running]> on host a868c0c748e3
[2024-04-08T16:08:25.837+0000] {taskinstance.py:1592} INFO - Exporting the following env vars:
AIRFLOW_CTX_DAG_OWNER=***
AIRFLOW_CTX_DAG_ID=example_bash_operator
AIRFLOW_CTX_TASK_ID=runme_1
AIRFLOW_CTX_EXECUTION_DATE=2024-04-07T00:00:00+00:00
AIRFLOW_CTX_TRY_NUMBER=1
AIRFLOW_CTX_DAG_RUN_ID=scheduled__2024-04-07T00:00:00+00:00
[2024-04-08T16:08:25.892+0000] {subprocess.py:63} INFO - Tmp dir root location: 
 /tmp
[2024-04-08T16:08:25.902+0000] {subprocess.py:75} INFO - Running command: ['/bin/bash', '-c', 'echo "example_bash_operator__runme_1__20240407" && sleep 1']
[2024-04-08T16:08:26.129+0000] {subprocess.py:86} INFO - Output:
[2024-04-08T16:08:26.158+0000] {subprocess.py:93} INFO - example_bash_operator__runme_1__20240407
[2024-04-08T16:08:27.178+0000] {subprocess.py:97} INFO - Command exited with return code 0
[2024-04-08T16:08:27.434+0000] {taskinstance.py:1406} INFO - Marking task as SUCCESS. dag_id=example_bash_operator, task_id=runme_1, execution_date=20240407T000000, start_date=20240408T160821, end_date=20240408T160827
[2024-04-08T16:08:27.610+0000] {local_task_job.py:164} INFO - Task exited with return code 0
[2024-04-08T16:08:27.718+0000] {local_task_job.py:273} INFO - 0 downstream tasks scheduled from follow-on schedule check
