[2024-04-09T15:02:11.921+0000] {taskinstance.py:1165} INFO - Dependencies all met for <TaskInstance: parallel_dag.extract_b scheduled__2024-04-08T00:00:00+00:00 [queued]>
[2024-04-09T15:02:12.236+0000] {taskinstance.py:1165} INFO - Dependencies all met for <TaskInstance: parallel_dag.extract_b scheduled__2024-04-08T00:00:00+00:00 [queued]>
[2024-04-09T15:02:12.243+0000] {taskinstance.py:1362} INFO - 
--------------------------------------------------------------------------------
[2024-04-09T15:02:12.248+0000] {taskinstance.py:1363} INFO - Starting attempt 1 of 1
[2024-04-09T15:02:12.253+0000] {taskinstance.py:1364} INFO - 
--------------------------------------------------------------------------------
[2024-04-09T15:02:12.880+0000] {taskinstance.py:1383} INFO - Executing <Task(BashOperator): extract_b> on 2024-04-08 00:00:00+00:00
[2024-04-09T15:02:12.991+0000] {standard_task_runner.py:55} INFO - Started process 10244 to run task
[2024-04-09T15:02:13.029+0000] {standard_task_runner.py:82} INFO - Running: ['***', 'tasks', 'run', 'parallel_dag', 'extract_b', 'scheduled__2024-04-08T00:00:00+00:00', '--job-id', '163', '--raw', '--subdir', 'DAGS_FOLDER/parallel_dag.py', '--cfg-path', '/tmp/tmpw2ciitdd']
[2024-04-09T15:02:13.035+0000] {standard_task_runner.py:83} INFO - Job 163: Subtask extract_b
[2024-04-09T15:02:13.648+0000] {task_command.py:376} INFO - Running <TaskInstance: parallel_dag.extract_b scheduled__2024-04-08T00:00:00+00:00 [running]> on host a868c0c748e3
[2024-04-09T15:02:15.032+0000] {taskinstance.py:1592} INFO - Exporting the following env vars:
AIRFLOW_CTX_DAG_OWNER=***
AIRFLOW_CTX_DAG_ID=parallel_dag
AIRFLOW_CTX_TASK_ID=extract_b
AIRFLOW_CTX_EXECUTION_DATE=2024-04-08T00:00:00+00:00
AIRFLOW_CTX_TRY_NUMBER=1
AIRFLOW_CTX_DAG_RUN_ID=scheduled__2024-04-08T00:00:00+00:00
[2024-04-09T15:02:15.052+0000] {subprocess.py:63} INFO - Tmp dir root location: 
 /tmp
[2024-04-09T15:02:15.100+0000] {subprocess.py:75} INFO - Running command: ['/bin/bash', '-c', 'sleep 1']
[2024-04-09T15:02:15.392+0000] {subprocess.py:86} INFO - Output:
[2024-04-09T15:02:16.457+0000] {subprocess.py:97} INFO - Command exited with return code 0
[2024-04-09T15:02:16.717+0000] {taskinstance.py:1406} INFO - Marking task as SUCCESS. dag_id=parallel_dag, task_id=extract_b, execution_date=20240408T000000, start_date=20240409T150211, end_date=20240409T150216
[2024-04-09T15:02:16.955+0000] {local_task_job.py:164} INFO - Task exited with return code 0
[2024-04-09T15:02:17.614+0000] {local_task_job.py:273} INFO - 1 downstream tasks scheduled from follow-on schedule check
