[2024-04-15T15:40:35.814+0000] {processor.py:154} INFO - Started process (PID=18884) to work on /opt/airflow/dags/consumer.py
[2024-04-15T15:40:35.817+0000] {processor.py:756} INFO - Processing file /opt/airflow/dags/consumer.py for tasks to queue
[2024-04-15T15:40:35.820+0000] {logging_mixin.py:120} INFO - [2024-04-15T15:40:35.819+0000] {dagbag.py:537} INFO - Filling up the DagBag from /opt/airflow/dags/consumer.py
[2024-04-15T15:40:35.899+0000] {processor.py:766} INFO - DAG(s) dict_keys(['consumer']) retrieved from /opt/airflow/dags/consumer.py
[2024-04-15T15:40:35.974+0000] {logging_mixin.py:120} INFO - [2024-04-15T15:40:35.974+0000] {dag.py:2585} INFO - Sync 1 DAGs
[2024-04-15T15:40:36.055+0000] {logging_mixin.py:120} INFO - [2024-04-15T15:40:36.055+0000] {dag.py:3340} INFO - Setting next_dagrun for consumer to None, run_after=None
[2024-04-15T15:40:36.110+0000] {processor.py:176} INFO - Processing /opt/airflow/dags/consumer.py took 0.311 seconds
[2024-04-15T15:41:06.578+0000] {processor.py:154} INFO - Started process (PID=18952) to work on /opt/airflow/dags/consumer.py
[2024-04-15T15:41:06.585+0000] {processor.py:756} INFO - Processing file /opt/airflow/dags/consumer.py for tasks to queue
[2024-04-15T15:41:06.590+0000] {logging_mixin.py:120} INFO - [2024-04-15T15:41:06.589+0000] {dagbag.py:537} INFO - Filling up the DagBag from /opt/airflow/dags/consumer.py
[2024-04-15T15:41:06.690+0000] {processor.py:766} INFO - DAG(s) dict_keys(['consumer']) retrieved from /opt/airflow/dags/consumer.py
[2024-04-15T15:41:06.858+0000] {logging_mixin.py:120} INFO - [2024-04-15T15:41:06.857+0000] {dag.py:2585} INFO - Sync 1 DAGs
[2024-04-15T15:41:06.911+0000] {logging_mixin.py:120} INFO - [2024-04-15T15:41:06.910+0000] {dag.py:3340} INFO - Setting next_dagrun for consumer to None, run_after=None
[2024-04-15T15:41:06.997+0000] {processor.py:176} INFO - Processing /opt/airflow/dags/consumer.py took 0.435 seconds
[2024-04-15T15:41:37.307+0000] {processor.py:154} INFO - Started process (PID=19022) to work on /opt/airflow/dags/consumer.py
[2024-04-15T15:41:37.309+0000] {processor.py:756} INFO - Processing file /opt/airflow/dags/consumer.py for tasks to queue
[2024-04-15T15:41:37.311+0000] {logging_mixin.py:120} INFO - [2024-04-15T15:41:37.311+0000] {dagbag.py:537} INFO - Filling up the DagBag from /opt/airflow/dags/consumer.py
[2024-04-15T15:41:37.349+0000] {processor.py:766} INFO - DAG(s) dict_keys(['consumer']) retrieved from /opt/airflow/dags/consumer.py
[2024-04-15T15:41:37.395+0000] {logging_mixin.py:120} INFO - [2024-04-15T15:41:37.394+0000] {dag.py:2585} INFO - Sync 1 DAGs
[2024-04-15T15:41:37.441+0000] {logging_mixin.py:120} INFO - [2024-04-15T15:41:37.441+0000] {dag.py:3340} INFO - Setting next_dagrun for consumer to None, run_after=None
[2024-04-15T15:41:37.495+0000] {processor.py:176} INFO - Processing /opt/airflow/dags/consumer.py took 0.194 seconds
[2024-04-15T15:42:07.838+0000] {processor.py:154} INFO - Started process (PID=19099) to work on /opt/airflow/dags/consumer.py
[2024-04-15T15:42:07.843+0000] {processor.py:756} INFO - Processing file /opt/airflow/dags/consumer.py for tasks to queue
[2024-04-15T15:42:07.845+0000] {logging_mixin.py:120} INFO - [2024-04-15T15:42:07.844+0000] {dagbag.py:537} INFO - Filling up the DagBag from /opt/airflow/dags/consumer.py
[2024-04-15T15:42:07.901+0000] {processor.py:766} INFO - DAG(s) dict_keys(['consumer']) retrieved from /opt/airflow/dags/consumer.py
[2024-04-15T15:42:08.158+0000] {logging_mixin.py:120} INFO - [2024-04-15T15:42:08.157+0000] {dag.py:2585} INFO - Sync 1 DAGs
[2024-04-15T15:42:08.212+0000] {logging_mixin.py:120} INFO - [2024-04-15T15:42:08.212+0000] {dag.py:3340} INFO - Setting next_dagrun for consumer to None, run_after=None
[2024-04-15T15:42:08.264+0000] {processor.py:176} INFO - Processing /opt/airflow/dags/consumer.py took 0.435 seconds
[2024-04-15T15:42:38.653+0000] {processor.py:154} INFO - Started process (PID=19178) to work on /opt/airflow/dags/consumer.py
[2024-04-15T15:42:38.655+0000] {processor.py:756} INFO - Processing file /opt/airflow/dags/consumer.py for tasks to queue
[2024-04-15T15:42:38.657+0000] {logging_mixin.py:120} INFO - [2024-04-15T15:42:38.657+0000] {dagbag.py:537} INFO - Filling up the DagBag from /opt/airflow/dags/consumer.py
[2024-04-15T15:42:38.692+0000] {processor.py:766} INFO - DAG(s) dict_keys(['consumer']) retrieved from /opt/airflow/dags/consumer.py
[2024-04-15T15:42:38.733+0000] {logging_mixin.py:120} INFO - [2024-04-15T15:42:38.733+0000] {dag.py:2585} INFO - Sync 1 DAGs
[2024-04-15T15:42:38.780+0000] {logging_mixin.py:120} INFO - [2024-04-15T15:42:38.780+0000] {dag.py:3340} INFO - Setting next_dagrun for consumer to None, run_after=None
[2024-04-15T15:42:38.830+0000] {processor.py:176} INFO - Processing /opt/airflow/dags/consumer.py took 0.183 seconds
[2024-04-15T15:43:10.397+0000] {processor.py:154} INFO - Started process (PID=19247) to work on /opt/airflow/dags/consumer.py
[2024-04-15T15:43:10.402+0000] {processor.py:756} INFO - Processing file /opt/airflow/dags/consumer.py for tasks to queue
[2024-04-15T15:43:10.406+0000] {logging_mixin.py:120} INFO - [2024-04-15T15:43:10.405+0000] {dagbag.py:537} INFO - Filling up the DagBag from /opt/airflow/dags/consumer.py
[2024-04-15T15:43:10.467+0000] {processor.py:766} INFO - DAG(s) dict_keys(['consumer']) retrieved from /opt/airflow/dags/consumer.py
[2024-04-15T15:43:10.649+0000] {logging_mixin.py:120} INFO - [2024-04-15T15:43:10.649+0000] {dag.py:2585} INFO - Sync 1 DAGs
[2024-04-15T15:43:10.699+0000] {logging_mixin.py:120} INFO - [2024-04-15T15:43:10.698+0000] {dag.py:3340} INFO - Setting next_dagrun for consumer to None, run_after=None
[2024-04-15T15:43:10.793+0000] {processor.py:176} INFO - Processing /opt/airflow/dags/consumer.py took 0.403 seconds
[2024-04-15T15:43:41.046+0000] {processor.py:154} INFO - Started process (PID=19325) to work on /opt/airflow/dags/consumer.py
[2024-04-15T15:43:41.047+0000] {processor.py:756} INFO - Processing file /opt/airflow/dags/consumer.py for tasks to queue
[2024-04-15T15:43:41.049+0000] {logging_mixin.py:120} INFO - [2024-04-15T15:43:41.049+0000] {dagbag.py:537} INFO - Filling up the DagBag from /opt/airflow/dags/consumer.py
[2024-04-15T15:43:41.085+0000] {processor.py:766} INFO - DAG(s) dict_keys(['consumer']) retrieved from /opt/airflow/dags/consumer.py
[2024-04-15T15:43:41.158+0000] {logging_mixin.py:120} INFO - [2024-04-15T15:43:41.158+0000] {dag.py:2585} INFO - Sync 1 DAGs
[2024-04-15T15:43:41.209+0000] {logging_mixin.py:120} INFO - [2024-04-15T15:43:41.209+0000] {dag.py:3340} INFO - Setting next_dagrun for consumer to None, run_after=None
[2024-04-15T15:43:41.266+0000] {processor.py:176} INFO - Processing /opt/airflow/dags/consumer.py took 0.227 seconds
[2024-04-15T15:44:11.542+0000] {processor.py:154} INFO - Started process (PID=19393) to work on /opt/airflow/dags/consumer.py
[2024-04-15T15:44:11.546+0000] {processor.py:756} INFO - Processing file /opt/airflow/dags/consumer.py for tasks to queue
[2024-04-15T15:44:11.548+0000] {logging_mixin.py:120} INFO - [2024-04-15T15:44:11.548+0000] {dagbag.py:537} INFO - Filling up the DagBag from /opt/airflow/dags/consumer.py
[2024-04-15T15:44:11.601+0000] {processor.py:766} INFO - DAG(s) dict_keys(['consumer']) retrieved from /opt/airflow/dags/consumer.py
[2024-04-15T15:44:11.666+0000] {logging_mixin.py:120} INFO - [2024-04-15T15:44:11.665+0000] {dag.py:2585} INFO - Sync 1 DAGs
[2024-04-15T15:44:11.736+0000] {logging_mixin.py:120} INFO - [2024-04-15T15:44:11.736+0000] {dag.py:3340} INFO - Setting next_dagrun for consumer to None, run_after=None
[2024-04-15T15:44:11.784+0000] {processor.py:176} INFO - Processing /opt/airflow/dags/consumer.py took 0.252 seconds
[2024-04-15T15:44:42.520+0000] {processor.py:154} INFO - Started process (PID=19470) to work on /opt/airflow/dags/consumer.py
[2024-04-15T15:44:42.523+0000] {processor.py:756} INFO - Processing file /opt/airflow/dags/consumer.py for tasks to queue
[2024-04-15T15:44:42.525+0000] {logging_mixin.py:120} INFO - [2024-04-15T15:44:42.525+0000] {dagbag.py:537} INFO - Filling up the DagBag from /opt/airflow/dags/consumer.py
[2024-04-15T15:44:42.566+0000] {processor.py:766} INFO - DAG(s) dict_keys(['consumer']) retrieved from /opt/airflow/dags/consumer.py
[2024-04-15T15:44:42.727+0000] {logging_mixin.py:120} INFO - [2024-04-15T15:44:42.727+0000] {dag.py:2585} INFO - Sync 1 DAGs
[2024-04-15T15:44:42.772+0000] {logging_mixin.py:120} INFO - [2024-04-15T15:44:42.772+0000] {dag.py:3340} INFO - Setting next_dagrun for consumer to None, run_after=None
[2024-04-15T15:44:42.827+0000] {processor.py:176} INFO - Processing /opt/airflow/dags/consumer.py took 0.314 seconds
[2024-04-15T15:45:13.502+0000] {processor.py:154} INFO - Started process (PID=19539) to work on /opt/airflow/dags/consumer.py
[2024-04-15T15:45:13.505+0000] {processor.py:756} INFO - Processing file /opt/airflow/dags/consumer.py for tasks to queue
[2024-04-15T15:45:13.510+0000] {logging_mixin.py:120} INFO - [2024-04-15T15:45:13.510+0000] {dagbag.py:537} INFO - Filling up the DagBag from /opt/airflow/dags/consumer.py
[2024-04-15T15:45:13.576+0000] {processor.py:766} INFO - DAG(s) dict_keys(['consumer']) retrieved from /opt/airflow/dags/consumer.py
[2024-04-15T15:45:13.704+0000] {logging_mixin.py:120} INFO - [2024-04-15T15:45:13.703+0000] {dag.py:2585} INFO - Sync 1 DAGs
[2024-04-15T15:45:13.763+0000] {logging_mixin.py:120} INFO - [2024-04-15T15:45:13.763+0000] {dag.py:3340} INFO - Setting next_dagrun for consumer to None, run_after=None
[2024-04-15T15:45:13.833+0000] {processor.py:176} INFO - Processing /opt/airflow/dags/consumer.py took 0.343 seconds
[2024-04-15T15:45:43.923+0000] {processor.py:154} INFO - Started process (PID=19616) to work on /opt/airflow/dags/consumer.py
[2024-04-15T15:45:43.925+0000] {processor.py:756} INFO - Processing file /opt/airflow/dags/consumer.py for tasks to queue
[2024-04-15T15:45:43.927+0000] {logging_mixin.py:120} INFO - [2024-04-15T15:45:43.926+0000] {dagbag.py:537} INFO - Filling up the DagBag from /opt/airflow/dags/consumer.py
[2024-04-15T15:45:43.968+0000] {processor.py:766} INFO - DAG(s) dict_keys(['consumer']) retrieved from /opt/airflow/dags/consumer.py
[2024-04-15T15:45:44.010+0000] {logging_mixin.py:120} INFO - [2024-04-15T15:45:44.010+0000] {dag.py:2585} INFO - Sync 1 DAGs
[2024-04-15T15:45:44.058+0000] {logging_mixin.py:120} INFO - [2024-04-15T15:45:44.058+0000] {dag.py:3340} INFO - Setting next_dagrun for consumer to None, run_after=None
[2024-04-15T15:45:44.106+0000] {processor.py:176} INFO - Processing /opt/airflow/dags/consumer.py took 0.190 seconds
[2024-04-15T15:46:14.250+0000] {processor.py:154} INFO - Started process (PID=19685) to work on /opt/airflow/dags/consumer.py
[2024-04-15T15:46:14.252+0000] {processor.py:756} INFO - Processing file /opt/airflow/dags/consumer.py for tasks to queue
[2024-04-15T15:46:14.254+0000] {logging_mixin.py:120} INFO - [2024-04-15T15:46:14.254+0000] {dagbag.py:537} INFO - Filling up the DagBag from /opt/airflow/dags/consumer.py
[2024-04-15T15:46:14.290+0000] {processor.py:766} INFO - DAG(s) dict_keys(['consumer']) retrieved from /opt/airflow/dags/consumer.py
[2024-04-15T15:46:14.436+0000] {logging_mixin.py:120} INFO - [2024-04-15T15:46:14.436+0000] {dag.py:2585} INFO - Sync 1 DAGs
[2024-04-15T15:46:14.471+0000] {logging_mixin.py:120} INFO - [2024-04-15T15:46:14.470+0000] {dag.py:3340} INFO - Setting next_dagrun for consumer to None, run_after=None
[2024-04-15T15:46:14.532+0000] {processor.py:176} INFO - Processing /opt/airflow/dags/consumer.py took 0.288 seconds
[2024-04-15T15:46:44.605+0000] {processor.py:154} INFO - Started process (PID=19763) to work on /opt/airflow/dags/consumer.py
[2024-04-15T15:46:44.609+0000] {processor.py:756} INFO - Processing file /opt/airflow/dags/consumer.py for tasks to queue
[2024-04-15T15:46:44.612+0000] {logging_mixin.py:120} INFO - [2024-04-15T15:46:44.612+0000] {dagbag.py:537} INFO - Filling up the DagBag from /opt/airflow/dags/consumer.py
[2024-04-15T15:46:44.648+0000] {processor.py:766} INFO - DAG(s) dict_keys(['consumer']) retrieved from /opt/airflow/dags/consumer.py
[2024-04-15T15:46:44.713+0000] {logging_mixin.py:120} INFO - [2024-04-15T15:46:44.713+0000] {dag.py:2585} INFO - Sync 1 DAGs
[2024-04-15T15:46:44.749+0000] {logging_mixin.py:120} INFO - [2024-04-15T15:46:44.749+0000] {dag.py:3340} INFO - Setting next_dagrun for consumer to None, run_after=None
[2024-04-15T15:46:44.794+0000] {processor.py:176} INFO - Processing /opt/airflow/dags/consumer.py took 0.196 seconds
[2024-04-15T15:47:15.011+0000] {processor.py:154} INFO - Started process (PID=19843) to work on /opt/airflow/dags/consumer.py
[2024-04-15T15:47:15.014+0000] {processor.py:756} INFO - Processing file /opt/airflow/dags/consumer.py for tasks to queue
[2024-04-15T15:47:15.015+0000] {logging_mixin.py:120} INFO - [2024-04-15T15:47:15.015+0000] {dagbag.py:537} INFO - Filling up the DagBag from /opt/airflow/dags/consumer.py
[2024-04-15T15:47:15.052+0000] {processor.py:766} INFO - DAG(s) dict_keys(['consumer']) retrieved from /opt/airflow/dags/consumer.py
[2024-04-15T15:47:15.101+0000] {logging_mixin.py:120} INFO - [2024-04-15T15:47:15.100+0000] {dag.py:2585} INFO - Sync 1 DAGs
[2024-04-15T15:47:15.149+0000] {logging_mixin.py:120} INFO - [2024-04-15T15:47:15.148+0000] {dag.py:3340} INFO - Setting next_dagrun for consumer to None, run_after=None
[2024-04-15T15:47:15.195+0000] {processor.py:176} INFO - Processing /opt/airflow/dags/consumer.py took 0.189 seconds
[2024-04-15T15:47:45.693+0000] {processor.py:154} INFO - Started process (PID=19912) to work on /opt/airflow/dags/consumer.py
[2024-04-15T15:47:45.695+0000] {processor.py:756} INFO - Processing file /opt/airflow/dags/consumer.py for tasks to queue
[2024-04-15T15:47:45.698+0000] {logging_mixin.py:120} INFO - [2024-04-15T15:47:45.697+0000] {dagbag.py:537} INFO - Filling up the DagBag from /opt/airflow/dags/consumer.py
[2024-04-15T15:47:45.748+0000] {processor.py:766} INFO - DAG(s) dict_keys(['consumer']) retrieved from /opt/airflow/dags/consumer.py
[2024-04-15T15:47:45.877+0000] {logging_mixin.py:120} INFO - [2024-04-15T15:47:45.877+0000] {dag.py:2585} INFO - Sync 1 DAGs
[2024-04-15T15:47:45.914+0000] {logging_mixin.py:120} INFO - [2024-04-15T15:47:45.914+0000] {dag.py:3340} INFO - Setting next_dagrun for consumer to None, run_after=None
[2024-04-15T15:47:45.962+0000] {processor.py:176} INFO - Processing /opt/airflow/dags/consumer.py took 0.276 seconds
[2024-04-15T15:48:16.396+0000] {processor.py:154} INFO - Started process (PID=19991) to work on /opt/airflow/dags/consumer.py
[2024-04-15T15:48:16.399+0000] {processor.py:756} INFO - Processing file /opt/airflow/dags/consumer.py for tasks to queue
[2024-04-15T15:48:16.402+0000] {logging_mixin.py:120} INFO - [2024-04-15T15:48:16.401+0000] {dagbag.py:537} INFO - Filling up the DagBag from /opt/airflow/dags/consumer.py
[2024-04-15T15:48:16.478+0000] {processor.py:766} INFO - DAG(s) dict_keys(['consumer']) retrieved from /opt/airflow/dags/consumer.py
[2024-04-15T15:48:16.547+0000] {logging_mixin.py:120} INFO - [2024-04-15T15:48:16.546+0000] {dag.py:2585} INFO - Sync 1 DAGs
[2024-04-15T15:48:16.615+0000] {logging_mixin.py:120} INFO - [2024-04-15T15:48:16.615+0000] {dag.py:3340} INFO - Setting next_dagrun for consumer to None, run_after=None
[2024-04-15T15:48:16.662+0000] {processor.py:176} INFO - Processing /opt/airflow/dags/consumer.py took 0.275 seconds
[2024-04-15T15:48:47.283+0000] {processor.py:154} INFO - Started process (PID=20059) to work on /opt/airflow/dags/consumer.py
[2024-04-15T15:48:47.285+0000] {processor.py:756} INFO - Processing file /opt/airflow/dags/consumer.py for tasks to queue
[2024-04-15T15:48:47.287+0000] {logging_mixin.py:120} INFO - [2024-04-15T15:48:47.287+0000] {dagbag.py:537} INFO - Filling up the DagBag from /opt/airflow/dags/consumer.py
[2024-04-15T15:48:47.324+0000] {processor.py:766} INFO - DAG(s) dict_keys(['consumer']) retrieved from /opt/airflow/dags/consumer.py
[2024-04-15T15:48:47.461+0000] {logging_mixin.py:120} INFO - [2024-04-15T15:48:47.461+0000] {dag.py:2585} INFO - Sync 1 DAGs
[2024-04-15T15:48:47.510+0000] {logging_mixin.py:120} INFO - [2024-04-15T15:48:47.510+0000] {dag.py:3340} INFO - Setting next_dagrun for consumer to None, run_after=None
[2024-04-15T15:48:47.554+0000] {processor.py:176} INFO - Processing /opt/airflow/dags/consumer.py took 0.277 seconds
[2024-04-15T15:49:18.123+0000] {processor.py:154} INFO - Started process (PID=20137) to work on /opt/airflow/dags/consumer.py
[2024-04-15T15:49:18.126+0000] {processor.py:756} INFO - Processing file /opt/airflow/dags/consumer.py for tasks to queue
[2024-04-15T15:49:18.127+0000] {logging_mixin.py:120} INFO - [2024-04-15T15:49:18.127+0000] {dagbag.py:537} INFO - Filling up the DagBag from /opt/airflow/dags/consumer.py
[2024-04-15T15:49:18.162+0000] {processor.py:766} INFO - DAG(s) dict_keys(['consumer']) retrieved from /opt/airflow/dags/consumer.py
[2024-04-15T15:49:18.206+0000] {logging_mixin.py:120} INFO - [2024-04-15T15:49:18.206+0000] {dag.py:2585} INFO - Sync 1 DAGs
[2024-04-15T15:49:18.246+0000] {logging_mixin.py:120} INFO - [2024-04-15T15:49:18.246+0000] {dag.py:3340} INFO - Setting next_dagrun for consumer to None, run_after=None
[2024-04-15T15:49:18.287+0000] {processor.py:176} INFO - Processing /opt/airflow/dags/consumer.py took 0.169 seconds
[2024-04-15T15:49:49.174+0000] {processor.py:154} INFO - Started process (PID=20215) to work on /opt/airflow/dags/consumer.py
[2024-04-15T15:49:49.180+0000] {processor.py:756} INFO - Processing file /opt/airflow/dags/consumer.py for tasks to queue
[2024-04-15T15:49:49.185+0000] {logging_mixin.py:120} INFO - [2024-04-15T15:49:49.184+0000] {dagbag.py:537} INFO - Filling up the DagBag from /opt/airflow/dags/consumer.py
[2024-04-15T15:49:49.276+0000] {processor.py:766} INFO - DAG(s) dict_keys(['consumer']) retrieved from /opt/airflow/dags/consumer.py
[2024-04-15T15:49:49.525+0000] {logging_mixin.py:120} INFO - [2024-04-15T15:49:49.524+0000] {dag.py:2585} INFO - Sync 1 DAGs
[2024-04-15T15:49:49.590+0000] {logging_mixin.py:120} INFO - [2024-04-15T15:49:49.589+0000] {dag.py:3340} INFO - Setting next_dagrun for consumer to None, run_after=None
[2024-04-15T15:49:49.667+0000] {processor.py:176} INFO - Processing /opt/airflow/dags/consumer.py took 0.504 seconds
[2024-04-15T15:50:20.247+0000] {processor.py:154} INFO - Started process (PID=20285) to work on /opt/airflow/dags/consumer.py
[2024-04-15T15:50:20.251+0000] {processor.py:756} INFO - Processing file /opt/airflow/dags/consumer.py for tasks to queue
[2024-04-15T15:50:20.253+0000] {logging_mixin.py:120} INFO - [2024-04-15T15:50:20.253+0000] {dagbag.py:537} INFO - Filling up the DagBag from /opt/airflow/dags/consumer.py
[2024-04-15T15:50:20.304+0000] {processor.py:766} INFO - DAG(s) dict_keys(['consumer']) retrieved from /opt/airflow/dags/consumer.py
[2024-04-15T15:50:20.383+0000] {logging_mixin.py:120} INFO - [2024-04-15T15:50:20.382+0000] {dag.py:2585} INFO - Sync 1 DAGs
[2024-04-15T15:50:20.429+0000] {logging_mixin.py:120} INFO - [2024-04-15T15:50:20.428+0000] {dag.py:3340} INFO - Setting next_dagrun for consumer to None, run_after=None
[2024-04-15T15:50:20.476+0000] {processor.py:176} INFO - Processing /opt/airflow/dags/consumer.py took 0.237 seconds
[2024-04-15T15:50:50.697+0000] {processor.py:154} INFO - Started process (PID=20363) to work on /opt/airflow/dags/consumer.py
[2024-04-15T15:50:50.700+0000] {processor.py:756} INFO - Processing file /opt/airflow/dags/consumer.py for tasks to queue
[2024-04-15T15:50:50.702+0000] {logging_mixin.py:120} INFO - [2024-04-15T15:50:50.702+0000] {dagbag.py:537} INFO - Filling up the DagBag from /opt/airflow/dags/consumer.py
[2024-04-15T15:50:50.761+0000] {processor.py:766} INFO - DAG(s) dict_keys(['consumer']) retrieved from /opt/airflow/dags/consumer.py
[2024-04-15T15:50:50.820+0000] {logging_mixin.py:120} INFO - [2024-04-15T15:50:50.820+0000] {dag.py:2585} INFO - Sync 1 DAGs
[2024-04-15T15:50:50.868+0000] {logging_mixin.py:120} INFO - [2024-04-15T15:50:50.868+0000] {dag.py:3340} INFO - Setting next_dagrun for consumer to None, run_after=None
[2024-04-15T15:50:50.918+0000] {processor.py:176} INFO - Processing /opt/airflow/dags/consumer.py took 0.234 seconds
[2024-04-15T15:51:21.315+0000] {processor.py:154} INFO - Started process (PID=20432) to work on /opt/airflow/dags/consumer.py
[2024-04-15T15:51:21.318+0000] {processor.py:756} INFO - Processing file /opt/airflow/dags/consumer.py for tasks to queue
[2024-04-15T15:51:21.321+0000] {logging_mixin.py:120} INFO - [2024-04-15T15:51:21.321+0000] {dagbag.py:537} INFO - Filling up the DagBag from /opt/airflow/dags/consumer.py
[2024-04-15T15:51:21.370+0000] {processor.py:766} INFO - DAG(s) dict_keys(['consumer']) retrieved from /opt/airflow/dags/consumer.py
[2024-04-15T15:51:21.503+0000] {logging_mixin.py:120} INFO - [2024-04-15T15:51:21.503+0000] {dag.py:2585} INFO - Sync 1 DAGs
[2024-04-15T15:51:21.544+0000] {logging_mixin.py:120} INFO - [2024-04-15T15:51:21.543+0000] {dag.py:3340} INFO - Setting next_dagrun for consumer to None, run_after=None
[2024-04-15T15:51:21.588+0000] {processor.py:176} INFO - Processing /opt/airflow/dags/consumer.py took 0.281 seconds
[2024-04-15T15:51:52.295+0000] {processor.py:154} INFO - Started process (PID=20512) to work on /opt/airflow/dags/consumer.py
[2024-04-15T15:51:52.300+0000] {processor.py:756} INFO - Processing file /opt/airflow/dags/consumer.py for tasks to queue
[2024-04-15T15:51:52.304+0000] {logging_mixin.py:120} INFO - [2024-04-15T15:51:52.304+0000] {dagbag.py:537} INFO - Filling up the DagBag from /opt/airflow/dags/consumer.py
[2024-04-15T15:51:52.366+0000] {processor.py:766} INFO - DAG(s) dict_keys(['consumer']) retrieved from /opt/airflow/dags/consumer.py
[2024-04-15T15:51:52.452+0000] {logging_mixin.py:120} INFO - [2024-04-15T15:51:52.452+0000] {dag.py:2585} INFO - Sync 1 DAGs
[2024-04-15T15:51:52.497+0000] {logging_mixin.py:120} INFO - [2024-04-15T15:51:52.497+0000] {dag.py:3340} INFO - Setting next_dagrun for consumer to None, run_after=None
[2024-04-15T15:51:52.547+0000] {processor.py:176} INFO - Processing /opt/airflow/dags/consumer.py took 0.266 seconds
[2024-04-15T15:52:22.777+0000] {processor.py:154} INFO - Started process (PID=20582) to work on /opt/airflow/dags/consumer.py
[2024-04-15T15:52:22.779+0000] {processor.py:756} INFO - Processing file /opt/airflow/dags/consumer.py for tasks to queue
[2024-04-15T15:52:22.781+0000] {logging_mixin.py:120} INFO - [2024-04-15T15:52:22.781+0000] {dagbag.py:537} INFO - Filling up the DagBag from /opt/airflow/dags/consumer.py
[2024-04-15T15:52:22.823+0000] {processor.py:766} INFO - DAG(s) dict_keys(['consumer']) retrieved from /opt/airflow/dags/consumer.py
[2024-04-15T15:52:22.883+0000] {logging_mixin.py:120} INFO - [2024-04-15T15:52:22.883+0000] {dag.py:2585} INFO - Sync 1 DAGs
[2024-04-15T15:52:22.944+0000] {logging_mixin.py:120} INFO - [2024-04-15T15:52:22.944+0000] {dag.py:3340} INFO - Setting next_dagrun for consumer to None, run_after=None
[2024-04-15T15:52:23.008+0000] {processor.py:176} INFO - Processing /opt/airflow/dags/consumer.py took 0.237 seconds
[2024-04-15T15:52:53.736+0000] {processor.py:154} INFO - Started process (PID=20659) to work on /opt/airflow/dags/consumer.py
[2024-04-15T15:52:53.741+0000] {processor.py:756} INFO - Processing file /opt/airflow/dags/consumer.py for tasks to queue
[2024-04-15T15:52:53.748+0000] {logging_mixin.py:120} INFO - [2024-04-15T15:52:53.747+0000] {dagbag.py:537} INFO - Filling up the DagBag from /opt/airflow/dags/consumer.py
[2024-04-15T15:52:53.799+0000] {processor.py:766} INFO - DAG(s) dict_keys(['consumer']) retrieved from /opt/airflow/dags/consumer.py
[2024-04-15T15:52:53.935+0000] {logging_mixin.py:120} INFO - [2024-04-15T15:52:53.928+0000] {dag.py:2585} INFO - Sync 1 DAGs
[2024-04-15T15:52:53.978+0000] {logging_mixin.py:120} INFO - [2024-04-15T15:52:53.978+0000] {dag.py:3340} INFO - Setting next_dagrun for consumer to None, run_after=None
[2024-04-15T15:52:54.040+0000] {processor.py:176} INFO - Processing /opt/airflow/dags/consumer.py took 0.315 seconds
[2024-04-15T15:53:24.373+0000] {processor.py:154} INFO - Started process (PID=20736) to work on /opt/airflow/dags/consumer.py
[2024-04-15T15:53:24.377+0000] {processor.py:756} INFO - Processing file /opt/airflow/dags/consumer.py for tasks to queue
[2024-04-15T15:53:24.381+0000] {logging_mixin.py:120} INFO - [2024-04-15T15:53:24.381+0000] {dagbag.py:537} INFO - Filling up the DagBag from /opt/airflow/dags/consumer.py
[2024-04-15T15:53:24.428+0000] {processor.py:766} INFO - DAG(s) dict_keys(['consumer']) retrieved from /opt/airflow/dags/consumer.py
[2024-04-15T15:53:24.499+0000] {logging_mixin.py:120} INFO - [2024-04-15T15:53:24.499+0000] {dag.py:2585} INFO - Sync 1 DAGs
[2024-04-15T15:53:24.590+0000] {logging_mixin.py:120} INFO - [2024-04-15T15:53:24.589+0000] {dag.py:3340} INFO - Setting next_dagrun for consumer to None, run_after=None
[2024-04-15T15:53:24.646+0000] {processor.py:176} INFO - Processing /opt/airflow/dags/consumer.py took 0.285 seconds
[2024-04-15T15:53:54.813+0000] {processor.py:154} INFO - Started process (PID=20806) to work on /opt/airflow/dags/consumer.py
[2024-04-15T15:53:54.815+0000] {processor.py:756} INFO - Processing file /opt/airflow/dags/consumer.py for tasks to queue
[2024-04-15T15:53:54.817+0000] {logging_mixin.py:120} INFO - [2024-04-15T15:53:54.817+0000] {dagbag.py:537} INFO - Filling up the DagBag from /opt/airflow/dags/consumer.py
[2024-04-15T15:53:54.862+0000] {processor.py:766} INFO - DAG(s) dict_keys(['consumer']) retrieved from /opt/airflow/dags/consumer.py
[2024-04-15T15:53:54.958+0000] {logging_mixin.py:120} INFO - [2024-04-15T15:53:54.957+0000] {dag.py:2585} INFO - Sync 1 DAGs
[2024-04-15T15:53:55.086+0000] {logging_mixin.py:120} INFO - [2024-04-15T15:53:55.086+0000] {dag.py:3340} INFO - Setting next_dagrun for consumer to None, run_after=None
[2024-04-15T15:53:55.165+0000] {processor.py:176} INFO - Processing /opt/airflow/dags/consumer.py took 0.361 seconds
[2024-04-15T15:54:25.488+0000] {processor.py:154} INFO - Started process (PID=20884) to work on /opt/airflow/dags/consumer.py
[2024-04-15T15:54:25.491+0000] {processor.py:756} INFO - Processing file /opt/airflow/dags/consumer.py for tasks to queue
[2024-04-15T15:54:25.494+0000] {logging_mixin.py:120} INFO - [2024-04-15T15:54:25.493+0000] {dagbag.py:537} INFO - Filling up the DagBag from /opt/airflow/dags/consumer.py
[2024-04-15T15:54:25.549+0000] {processor.py:766} INFO - DAG(s) dict_keys(['consumer']) retrieved from /opt/airflow/dags/consumer.py
[2024-04-15T15:54:25.713+0000] {logging_mixin.py:120} INFO - [2024-04-15T15:54:25.712+0000] {dag.py:2585} INFO - Sync 1 DAGs
[2024-04-15T15:54:25.762+0000] {logging_mixin.py:120} INFO - [2024-04-15T15:54:25.762+0000] {dag.py:3340} INFO - Setting next_dagrun for consumer to None, run_after=None
[2024-04-15T15:54:25.807+0000] {processor.py:176} INFO - Processing /opt/airflow/dags/consumer.py took 0.329 seconds
[2024-04-15T15:54:56.217+0000] {processor.py:154} INFO - Started process (PID=20953) to work on /opt/airflow/dags/consumer.py
[2024-04-15T15:54:56.219+0000] {processor.py:756} INFO - Processing file /opt/airflow/dags/consumer.py for tasks to queue
[2024-04-15T15:54:56.222+0000] {logging_mixin.py:120} INFO - [2024-04-15T15:54:56.221+0000] {dagbag.py:537} INFO - Filling up the DagBag from /opt/airflow/dags/consumer.py
[2024-04-15T15:54:56.261+0000] {processor.py:766} INFO - DAG(s) dict_keys(['consumer']) retrieved from /opt/airflow/dags/consumer.py
[2024-04-15T15:54:56.333+0000] {logging_mixin.py:120} INFO - [2024-04-15T15:54:56.332+0000] {dag.py:2585} INFO - Sync 1 DAGs
[2024-04-15T15:54:56.385+0000] {logging_mixin.py:120} INFO - [2024-04-15T15:54:56.385+0000] {dag.py:3340} INFO - Setting next_dagrun for consumer to None, run_after=None
[2024-04-15T15:54:56.445+0000] {processor.py:176} INFO - Processing /opt/airflow/dags/consumer.py took 0.236 seconds
[2024-04-15T15:55:26.900+0000] {processor.py:154} INFO - Started process (PID=21031) to work on /opt/airflow/dags/consumer.py
[2024-04-15T15:55:26.902+0000] {processor.py:756} INFO - Processing file /opt/airflow/dags/consumer.py for tasks to queue
[2024-04-15T15:55:26.903+0000] {logging_mixin.py:120} INFO - [2024-04-15T15:55:26.903+0000] {dagbag.py:537} INFO - Filling up the DagBag from /opt/airflow/dags/consumer.py
[2024-04-15T15:55:26.938+0000] {processor.py:766} INFO - DAG(s) dict_keys(['consumer']) retrieved from /opt/airflow/dags/consumer.py
[2024-04-15T15:55:26.982+0000] {logging_mixin.py:120} INFO - [2024-04-15T15:55:26.982+0000] {dag.py:2585} INFO - Sync 1 DAGs
[2024-04-15T15:55:27.024+0000] {logging_mixin.py:120} INFO - [2024-04-15T15:55:27.024+0000] {dag.py:3340} INFO - Setting next_dagrun for consumer to None, run_after=None
[2024-04-15T15:55:27.089+0000] {processor.py:176} INFO - Processing /opt/airflow/dags/consumer.py took 0.195 seconds
[2024-04-15T15:55:57.552+0000] {processor.py:154} INFO - Started process (PID=21101) to work on /opt/airflow/dags/consumer.py
[2024-04-15T15:55:57.554+0000] {processor.py:756} INFO - Processing file /opt/airflow/dags/consumer.py for tasks to queue
[2024-04-15T15:55:57.556+0000] {logging_mixin.py:120} INFO - [2024-04-15T15:55:57.556+0000] {dagbag.py:537} INFO - Filling up the DagBag from /opt/airflow/dags/consumer.py
[2024-04-15T15:55:57.607+0000] {processor.py:766} INFO - DAG(s) dict_keys(['consumer']) retrieved from /opt/airflow/dags/consumer.py
[2024-04-15T15:55:57.741+0000] {logging_mixin.py:120} INFO - [2024-04-15T15:55:57.741+0000] {dag.py:2585} INFO - Sync 1 DAGs
[2024-04-15T15:55:57.778+0000] {logging_mixin.py:120} INFO - [2024-04-15T15:55:57.778+0000] {dag.py:3340} INFO - Setting next_dagrun for consumer to None, run_after=None
[2024-04-15T15:55:57.828+0000] {processor.py:176} INFO - Processing /opt/airflow/dags/consumer.py took 0.282 seconds
[2024-04-15T15:56:28.630+0000] {processor.py:154} INFO - Started process (PID=21178) to work on /opt/airflow/dags/consumer.py
[2024-04-15T15:56:28.632+0000] {processor.py:756} INFO - Processing file /opt/airflow/dags/consumer.py for tasks to queue
[2024-04-15T15:56:28.634+0000] {logging_mixin.py:120} INFO - [2024-04-15T15:56:28.634+0000] {dagbag.py:537} INFO - Filling up the DagBag from /opt/airflow/dags/consumer.py
[2024-04-15T15:56:28.674+0000] {processor.py:766} INFO - DAG(s) dict_keys(['consumer']) retrieved from /opt/airflow/dags/consumer.py
[2024-04-15T15:56:28.726+0000] {logging_mixin.py:120} INFO - [2024-04-15T15:56:28.726+0000] {dag.py:2585} INFO - Sync 1 DAGs
[2024-04-15T15:56:28.772+0000] {logging_mixin.py:120} INFO - [2024-04-15T15:56:28.772+0000] {dag.py:3340} INFO - Setting next_dagrun for consumer to None, run_after=None
[2024-04-15T15:56:28.814+0000] {processor.py:176} INFO - Processing /opt/airflow/dags/consumer.py took 0.190 seconds
[2024-04-15T15:56:59.308+0000] {processor.py:154} INFO - Started process (PID=21257) to work on /opt/airflow/dags/consumer.py
[2024-04-15T15:56:59.310+0000] {processor.py:756} INFO - Processing file /opt/airflow/dags/consumer.py for tasks to queue
[2024-04-15T15:56:59.312+0000] {logging_mixin.py:120} INFO - [2024-04-15T15:56:59.311+0000] {dagbag.py:537} INFO - Filling up the DagBag from /opt/airflow/dags/consumer.py
[2024-04-15T15:56:59.347+0000] {processor.py:766} INFO - DAG(s) dict_keys(['consumer']) retrieved from /opt/airflow/dags/consumer.py
[2024-04-15T15:56:59.498+0000] {logging_mixin.py:120} INFO - [2024-04-15T15:56:59.498+0000] {dag.py:2585} INFO - Sync 1 DAGs
[2024-04-15T15:56:59.544+0000] {logging_mixin.py:120} INFO - [2024-04-15T15:56:59.544+0000] {dag.py:3340} INFO - Setting next_dagrun for consumer to None, run_after=None
[2024-04-15T15:56:59.589+0000] {processor.py:176} INFO - Processing /opt/airflow/dags/consumer.py took 0.287 seconds
[2024-04-15T15:57:30.467+0000] {processor.py:154} INFO - Started process (PID=21328) to work on /opt/airflow/dags/consumer.py
[2024-04-15T15:57:30.469+0000] {processor.py:756} INFO - Processing file /opt/airflow/dags/consumer.py for tasks to queue
[2024-04-15T15:57:30.472+0000] {logging_mixin.py:120} INFO - [2024-04-15T15:57:30.471+0000] {dagbag.py:537} INFO - Filling up the DagBag from /opt/airflow/dags/consumer.py
[2024-04-15T15:57:30.528+0000] {processor.py:766} INFO - DAG(s) dict_keys(['consumer']) retrieved from /opt/airflow/dags/consumer.py
[2024-04-15T15:57:30.599+0000] {logging_mixin.py:120} INFO - [2024-04-15T15:57:30.599+0000] {dag.py:2585} INFO - Sync 1 DAGs
[2024-04-15T15:57:30.636+0000] {logging_mixin.py:120} INFO - [2024-04-15T15:57:30.636+0000] {dag.py:3340} INFO - Setting next_dagrun for consumer to None, run_after=None
[2024-04-15T15:57:30.686+0000] {processor.py:176} INFO - Processing /opt/airflow/dags/consumer.py took 0.229 seconds
[2024-04-15T15:58:01.268+0000] {processor.py:154} INFO - Started process (PID=21406) to work on /opt/airflow/dags/consumer.py
[2024-04-15T15:58:01.270+0000] {processor.py:756} INFO - Processing file /opt/airflow/dags/consumer.py for tasks to queue
[2024-04-15T15:58:01.272+0000] {logging_mixin.py:120} INFO - [2024-04-15T15:58:01.272+0000] {dagbag.py:537} INFO - Filling up the DagBag from /opt/airflow/dags/consumer.py
[2024-04-15T15:58:01.311+0000] {processor.py:766} INFO - DAG(s) dict_keys(['consumer']) retrieved from /opt/airflow/dags/consumer.py
[2024-04-15T15:58:01.359+0000] {logging_mixin.py:120} INFO - [2024-04-15T15:58:01.358+0000] {dag.py:2585} INFO - Sync 1 DAGs
[2024-04-15T15:58:01.399+0000] {logging_mixin.py:120} INFO - [2024-04-15T15:58:01.399+0000] {dag.py:3340} INFO - Setting next_dagrun for consumer to None, run_after=None
[2024-04-15T15:58:01.445+0000] {processor.py:176} INFO - Processing /opt/airflow/dags/consumer.py took 0.185 seconds
[2024-04-15T15:58:31.851+0000] {processor.py:154} INFO - Started process (PID=21475) to work on /opt/airflow/dags/consumer.py
[2024-04-15T15:58:31.854+0000] {processor.py:756} INFO - Processing file /opt/airflow/dags/consumer.py for tasks to queue
[2024-04-15T15:58:31.857+0000] {logging_mixin.py:120} INFO - [2024-04-15T15:58:31.856+0000] {dagbag.py:537} INFO - Filling up the DagBag from /opt/airflow/dags/consumer.py
[2024-04-15T15:58:31.900+0000] {processor.py:766} INFO - DAG(s) dict_keys(['consumer']) retrieved from /opt/airflow/dags/consumer.py
[2024-04-15T15:58:32.048+0000] {logging_mixin.py:120} INFO - [2024-04-15T15:58:32.048+0000] {dag.py:2585} INFO - Sync 1 DAGs
[2024-04-15T15:58:32.088+0000] {logging_mixin.py:120} INFO - [2024-04-15T15:58:32.088+0000] {dag.py:3340} INFO - Setting next_dagrun for consumer to None, run_after=None
[2024-04-15T15:58:32.140+0000] {processor.py:176} INFO - Processing /opt/airflow/dags/consumer.py took 0.296 seconds
[2024-04-15T15:59:02.795+0000] {processor.py:154} INFO - Started process (PID=21554) to work on /opt/airflow/dags/consumer.py
[2024-04-15T15:59:02.800+0000] {processor.py:756} INFO - Processing file /opt/airflow/dags/consumer.py for tasks to queue
[2024-04-15T15:59:02.804+0000] {logging_mixin.py:120} INFO - [2024-04-15T15:59:02.803+0000] {dagbag.py:537} INFO - Filling up the DagBag from /opt/airflow/dags/consumer.py
[2024-04-15T15:59:02.850+0000] {processor.py:766} INFO - DAG(s) dict_keys(['consumer']) retrieved from /opt/airflow/dags/consumer.py
[2024-04-15T15:59:02.943+0000] {logging_mixin.py:120} INFO - [2024-04-15T15:59:02.942+0000] {dag.py:2585} INFO - Sync 1 DAGs
[2024-04-15T15:59:03.000+0000] {logging_mixin.py:120} INFO - [2024-04-15T15:59:02.999+0000] {dag.py:3340} INFO - Setting next_dagrun for consumer to None, run_after=None
[2024-04-15T15:59:03.054+0000] {processor.py:176} INFO - Processing /opt/airflow/dags/consumer.py took 0.270 seconds
[2024-04-15T15:59:33.402+0000] {processor.py:154} INFO - Started process (PID=21632) to work on /opt/airflow/dags/consumer.py
[2024-04-15T15:59:33.405+0000] {processor.py:756} INFO - Processing file /opt/airflow/dags/consumer.py for tasks to queue
[2024-04-15T15:59:33.407+0000] {logging_mixin.py:120} INFO - [2024-04-15T15:59:33.407+0000] {dagbag.py:537} INFO - Filling up the DagBag from /opt/airflow/dags/consumer.py
[2024-04-15T15:59:33.459+0000] {processor.py:766} INFO - DAG(s) dict_keys(['consumer']) retrieved from /opt/airflow/dags/consumer.py
[2024-04-15T15:59:33.508+0000] {logging_mixin.py:120} INFO - [2024-04-15T15:59:33.508+0000] {dag.py:2585} INFO - Sync 1 DAGs
[2024-04-15T15:59:33.550+0000] {logging_mixin.py:120} INFO - [2024-04-15T15:59:33.550+0000] {dag.py:3340} INFO - Setting next_dagrun for consumer to None, run_after=None
[2024-04-15T15:59:33.619+0000] {processor.py:176} INFO - Processing /opt/airflow/dags/consumer.py took 0.244 seconds
[2024-04-15T16:00:03.768+0000] {processor.py:154} INFO - Started process (PID=21701) to work on /opt/airflow/dags/consumer.py
[2024-04-15T16:00:03.770+0000] {processor.py:756} INFO - Processing file /opt/airflow/dags/consumer.py for tasks to queue
[2024-04-15T16:00:03.773+0000] {logging_mixin.py:120} INFO - [2024-04-15T16:00:03.772+0000] {dagbag.py:537} INFO - Filling up the DagBag from /opt/airflow/dags/consumer.py
[2024-04-15T16:00:03.810+0000] {processor.py:766} INFO - DAG(s) dict_keys(['consumer']) retrieved from /opt/airflow/dags/consumer.py
[2024-04-15T16:00:03.948+0000] {logging_mixin.py:120} INFO - [2024-04-15T16:00:03.948+0000] {dag.py:2585} INFO - Sync 1 DAGs
[2024-04-15T16:00:03.982+0000] {logging_mixin.py:120} INFO - [2024-04-15T16:00:03.982+0000] {dag.py:3340} INFO - Setting next_dagrun for consumer to None, run_after=None
[2024-04-15T16:00:04.034+0000] {processor.py:176} INFO - Processing /opt/airflow/dags/consumer.py took 0.274 seconds
[2024-04-15T16:00:34.298+0000] {processor.py:154} INFO - Started process (PID=21779) to work on /opt/airflow/dags/consumer.py
[2024-04-15T16:00:34.300+0000] {processor.py:756} INFO - Processing file /opt/airflow/dags/consumer.py for tasks to queue
[2024-04-15T16:00:34.301+0000] {logging_mixin.py:120} INFO - [2024-04-15T16:00:34.301+0000] {dagbag.py:537} INFO - Filling up the DagBag from /opt/airflow/dags/consumer.py
[2024-04-15T16:00:34.340+0000] {processor.py:766} INFO - DAG(s) dict_keys(['consumer']) retrieved from /opt/airflow/dags/consumer.py
[2024-04-15T16:00:34.426+0000] {logging_mixin.py:120} INFO - [2024-04-15T16:00:34.426+0000] {dag.py:2585} INFO - Sync 1 DAGs
[2024-04-15T16:00:34.468+0000] {logging_mixin.py:120} INFO - [2024-04-15T16:00:34.468+0000] {dag.py:3340} INFO - Setting next_dagrun for consumer to None, run_after=None
[2024-04-15T16:00:34.514+0000] {processor.py:176} INFO - Processing /opt/airflow/dags/consumer.py took 0.222 seconds
[2024-04-15T16:01:05.255+0000] {processor.py:154} INFO - Started process (PID=21848) to work on /opt/airflow/dags/consumer.py
[2024-04-15T16:01:05.259+0000] {processor.py:756} INFO - Processing file /opt/airflow/dags/consumer.py for tasks to queue
[2024-04-15T16:01:05.265+0000] {logging_mixin.py:120} INFO - [2024-04-15T16:01:05.264+0000] {dagbag.py:537} INFO - Filling up the DagBag from /opt/airflow/dags/consumer.py
[2024-04-15T16:01:05.337+0000] {processor.py:766} INFO - DAG(s) dict_keys(['consumer']) retrieved from /opt/airflow/dags/consumer.py
[2024-04-15T16:01:05.454+0000] {logging_mixin.py:120} INFO - [2024-04-15T16:01:05.454+0000] {dag.py:2585} INFO - Sync 1 DAGs
[2024-04-15T16:01:05.509+0000] {logging_mixin.py:120} INFO - [2024-04-15T16:01:05.509+0000] {dag.py:3340} INFO - Setting next_dagrun for consumer to None, run_after=None
[2024-04-15T16:01:05.552+0000] {processor.py:176} INFO - Processing /opt/airflow/dags/consumer.py took 0.314 seconds
[2024-04-15T16:01:35.881+0000] {processor.py:154} INFO - Started process (PID=21925) to work on /opt/airflow/dags/consumer.py
[2024-04-15T16:01:35.887+0000] {processor.py:756} INFO - Processing file /opt/airflow/dags/consumer.py for tasks to queue
[2024-04-15T16:01:35.892+0000] {logging_mixin.py:120} INFO - [2024-04-15T16:01:35.891+0000] {dagbag.py:537} INFO - Filling up the DagBag from /opt/airflow/dags/consumer.py
[2024-04-15T16:01:35.955+0000] {processor.py:766} INFO - DAG(s) dict_keys(['consumer']) retrieved from /opt/airflow/dags/consumer.py
[2024-04-15T16:01:36.131+0000] {logging_mixin.py:120} INFO - [2024-04-15T16:01:36.130+0000] {dag.py:2585} INFO - Sync 1 DAGs
[2024-04-15T16:01:36.169+0000] {logging_mixin.py:120} INFO - [2024-04-15T16:01:36.169+0000] {dag.py:3340} INFO - Setting next_dagrun for consumer to None, run_after=None
[2024-04-15T16:01:36.217+0000] {processor.py:176} INFO - Processing /opt/airflow/dags/consumer.py took 0.347 seconds
[2024-04-15T16:02:06.552+0000] {processor.py:154} INFO - Started process (PID=21992) to work on /opt/airflow/dags/consumer.py
[2024-04-15T16:02:06.554+0000] {processor.py:756} INFO - Processing file /opt/airflow/dags/consumer.py for tasks to queue
[2024-04-15T16:02:06.556+0000] {logging_mixin.py:120} INFO - [2024-04-15T16:02:06.556+0000] {dagbag.py:537} INFO - Filling up the DagBag from /opt/airflow/dags/consumer.py
[2024-04-15T16:02:06.600+0000] {processor.py:766} INFO - DAG(s) dict_keys(['consumer']) retrieved from /opt/airflow/dags/consumer.py
[2024-04-15T16:02:06.679+0000] {logging_mixin.py:120} INFO - [2024-04-15T16:02:06.678+0000] {dag.py:2585} INFO - Sync 1 DAGs
[2024-04-15T16:02:06.730+0000] {logging_mixin.py:120} INFO - [2024-04-15T16:02:06.730+0000] {dag.py:3340} INFO - Setting next_dagrun for consumer to None, run_after=None
[2024-04-15T16:02:06.827+0000] {processor.py:176} INFO - Processing /opt/airflow/dags/consumer.py took 0.282 seconds
[2024-04-15T16:02:37.068+0000] {processor.py:154} INFO - Started process (PID=22071) to work on /opt/airflow/dags/consumer.py
[2024-04-15T16:02:37.073+0000] {processor.py:756} INFO - Processing file /opt/airflow/dags/consumer.py for tasks to queue
[2024-04-15T16:02:37.077+0000] {logging_mixin.py:120} INFO - [2024-04-15T16:02:37.077+0000] {dagbag.py:537} INFO - Filling up the DagBag from /opt/airflow/dags/consumer.py
[2024-04-15T16:02:37.149+0000] {processor.py:766} INFO - DAG(s) dict_keys(['consumer']) retrieved from /opt/airflow/dags/consumer.py
[2024-04-15T16:02:37.204+0000] {logging_mixin.py:120} INFO - [2024-04-15T16:02:37.204+0000] {dag.py:2585} INFO - Sync 1 DAGs
[2024-04-15T16:02:37.253+0000] {logging_mixin.py:120} INFO - [2024-04-15T16:02:37.253+0000] {dag.py:3340} INFO - Setting next_dagrun for consumer to None, run_after=None
[2024-04-15T16:02:37.309+0000] {processor.py:176} INFO - Processing /opt/airflow/dags/consumer.py took 0.260 seconds
[2024-04-15T16:03:07.592+0000] {processor.py:154} INFO - Started process (PID=22140) to work on /opt/airflow/dags/consumer.py
[2024-04-15T16:03:07.603+0000] {processor.py:756} INFO - Processing file /opt/airflow/dags/consumer.py for tasks to queue
[2024-04-15T16:03:07.607+0000] {logging_mixin.py:120} INFO - [2024-04-15T16:03:07.606+0000] {dagbag.py:537} INFO - Filling up the DagBag from /opt/airflow/dags/consumer.py
[2024-04-15T16:03:07.662+0000] {processor.py:766} INFO - DAG(s) dict_keys(['consumer']) retrieved from /opt/airflow/dags/consumer.py
[2024-04-15T16:03:07.817+0000] {logging_mixin.py:120} INFO - [2024-04-15T16:03:07.817+0000] {dag.py:2585} INFO - Sync 1 DAGs
[2024-04-15T16:03:07.862+0000] {logging_mixin.py:120} INFO - [2024-04-15T16:03:07.861+0000] {dag.py:3340} INFO - Setting next_dagrun for consumer to None, run_after=None
[2024-04-15T16:03:07.907+0000] {processor.py:176} INFO - Processing /opt/airflow/dags/consumer.py took 0.320 seconds
[2024-04-15T16:03:38.304+0000] {processor.py:154} INFO - Started process (PID=22219) to work on /opt/airflow/dags/consumer.py
[2024-04-15T16:03:38.306+0000] {processor.py:756} INFO - Processing file /opt/airflow/dags/consumer.py for tasks to queue
[2024-04-15T16:03:38.309+0000] {logging_mixin.py:120} INFO - [2024-04-15T16:03:38.308+0000] {dagbag.py:537} INFO - Filling up the DagBag from /opt/airflow/dags/consumer.py
[2024-04-15T16:03:38.349+0000] {processor.py:766} INFO - DAG(s) dict_keys(['consumer']) retrieved from /opt/airflow/dags/consumer.py
[2024-04-15T16:03:38.393+0000] {logging_mixin.py:120} INFO - [2024-04-15T16:03:38.392+0000] {dag.py:2585} INFO - Sync 1 DAGs
[2024-04-15T16:03:38.442+0000] {logging_mixin.py:120} INFO - [2024-04-15T16:03:38.442+0000] {dag.py:3340} INFO - Setting next_dagrun for consumer to None, run_after=None
[2024-04-15T16:03:38.539+0000] {processor.py:176} INFO - Processing /opt/airflow/dags/consumer.py took 0.241 seconds
[2024-04-15T16:04:08.935+0000] {processor.py:154} INFO - Started process (PID=22296) to work on /opt/airflow/dags/consumer.py
[2024-04-15T16:04:08.939+0000] {processor.py:756} INFO - Processing file /opt/airflow/dags/consumer.py for tasks to queue
[2024-04-15T16:04:08.941+0000] {logging_mixin.py:120} INFO - [2024-04-15T16:04:08.941+0000] {dagbag.py:537} INFO - Filling up the DagBag from /opt/airflow/dags/consumer.py
[2024-04-15T16:04:08.997+0000] {processor.py:766} INFO - DAG(s) dict_keys(['consumer']) retrieved from /opt/airflow/dags/consumer.py
[2024-04-15T16:04:09.190+0000] {logging_mixin.py:120} INFO - [2024-04-15T16:04:09.189+0000] {dag.py:2585} INFO - Sync 1 DAGs
[2024-04-15T16:04:09.255+0000] {logging_mixin.py:120} INFO - [2024-04-15T16:04:09.254+0000] {dag.py:3340} INFO - Setting next_dagrun for consumer to None, run_after=None
[2024-04-15T16:04:09.317+0000] {processor.py:176} INFO - Processing /opt/airflow/dags/consumer.py took 0.389 seconds
[2024-04-15T16:04:39.672+0000] {processor.py:154} INFO - Started process (PID=22365) to work on /opt/airflow/dags/consumer.py
[2024-04-15T16:04:39.674+0000] {processor.py:756} INFO - Processing file /opt/airflow/dags/consumer.py for tasks to queue
[2024-04-15T16:04:39.677+0000] {logging_mixin.py:120} INFO - [2024-04-15T16:04:39.676+0000] {dagbag.py:537} INFO - Filling up the DagBag from /opt/airflow/dags/consumer.py
[2024-04-15T16:04:39.711+0000] {processor.py:766} INFO - DAG(s) dict_keys(['consumer']) retrieved from /opt/airflow/dags/consumer.py
[2024-04-15T16:04:39.759+0000] {logging_mixin.py:120} INFO - [2024-04-15T16:04:39.759+0000] {dag.py:2585} INFO - Sync 1 DAGs
[2024-04-15T16:04:39.805+0000] {logging_mixin.py:120} INFO - [2024-04-15T16:04:39.805+0000] {dag.py:3340} INFO - Setting next_dagrun for consumer to None, run_after=None
[2024-04-15T16:04:39.856+0000] {processor.py:176} INFO - Processing /opt/airflow/dags/consumer.py took 0.192 seconds
[2024-04-15T16:05:10.386+0000] {processor.py:154} INFO - Started process (PID=22444) to work on /opt/airflow/dags/consumer.py
[2024-04-15T16:05:10.389+0000] {processor.py:756} INFO - Processing file /opt/airflow/dags/consumer.py for tasks to queue
[2024-04-15T16:05:10.390+0000] {logging_mixin.py:120} INFO - [2024-04-15T16:05:10.390+0000] {dagbag.py:537} INFO - Filling up the DagBag from /opt/airflow/dags/consumer.py
[2024-04-15T16:05:10.429+0000] {processor.py:766} INFO - DAG(s) dict_keys(['consumer']) retrieved from /opt/airflow/dags/consumer.py
[2024-04-15T16:05:10.550+0000] {logging_mixin.py:120} INFO - [2024-04-15T16:05:10.550+0000] {dag.py:2585} INFO - Sync 1 DAGs
[2024-04-15T16:05:10.583+0000] {logging_mixin.py:120} INFO - [2024-04-15T16:05:10.583+0000] {dag.py:3340} INFO - Setting next_dagrun for consumer to None, run_after=None
[2024-04-15T16:05:10.629+0000] {processor.py:176} INFO - Processing /opt/airflow/dags/consumer.py took 0.248 seconds
[2024-04-15T16:05:40.898+0000] {processor.py:154} INFO - Started process (PID=22512) to work on /opt/airflow/dags/consumer.py
[2024-04-15T16:05:40.901+0000] {processor.py:756} INFO - Processing file /opt/airflow/dags/consumer.py for tasks to queue
[2024-04-15T16:05:40.905+0000] {logging_mixin.py:120} INFO - [2024-04-15T16:05:40.904+0000] {dagbag.py:537} INFO - Filling up the DagBag from /opt/airflow/dags/consumer.py
[2024-04-15T16:05:40.947+0000] {processor.py:766} INFO - DAG(s) dict_keys(['consumer']) retrieved from /opt/airflow/dags/consumer.py
[2024-04-15T16:05:40.997+0000] {logging_mixin.py:120} INFO - [2024-04-15T16:05:40.996+0000] {dag.py:2585} INFO - Sync 1 DAGs
[2024-04-15T16:05:41.044+0000] {logging_mixin.py:120} INFO - [2024-04-15T16:05:41.044+0000] {dag.py:3340} INFO - Setting next_dagrun for consumer to None, run_after=None
[2024-04-15T16:05:41.101+0000] {processor.py:176} INFO - Processing /opt/airflow/dags/consumer.py took 0.211 seconds
[2024-04-15T16:06:11.452+0000] {processor.py:154} INFO - Started process (PID=22589) to work on /opt/airflow/dags/consumer.py
[2024-04-15T16:06:11.468+0000] {processor.py:756} INFO - Processing file /opt/airflow/dags/consumer.py for tasks to queue
[2024-04-15T16:06:11.472+0000] {logging_mixin.py:120} INFO - [2024-04-15T16:06:11.472+0000] {dagbag.py:537} INFO - Filling up the DagBag from /opt/airflow/dags/consumer.py
[2024-04-15T16:06:11.598+0000] {processor.py:766} INFO - DAG(s) dict_keys(['consumer']) retrieved from /opt/airflow/dags/consumer.py
[2024-04-15T16:06:11.980+0000] {logging_mixin.py:120} INFO - [2024-04-15T16:06:11.980+0000] {dag.py:2585} INFO - Sync 1 DAGs
[2024-04-15T16:06:12.052+0000] {logging_mixin.py:120} INFO - [2024-04-15T16:06:12.052+0000] {dag.py:3340} INFO - Setting next_dagrun for consumer to None, run_after=None
[2024-04-15T16:06:12.133+0000] {processor.py:176} INFO - Processing /opt/airflow/dags/consumer.py took 0.701 seconds
[2024-04-15T16:06:42.224+0000] {processor.py:154} INFO - Started process (PID=22659) to work on /opt/airflow/dags/consumer.py
[2024-04-15T16:06:42.227+0000] {processor.py:756} INFO - Processing file /opt/airflow/dags/consumer.py for tasks to queue
[2024-04-15T16:06:42.229+0000] {logging_mixin.py:120} INFO - [2024-04-15T16:06:42.229+0000] {dagbag.py:537} INFO - Filling up the DagBag from /opt/airflow/dags/consumer.py
[2024-04-15T16:06:42.268+0000] {processor.py:766} INFO - DAG(s) dict_keys(['consumer']) retrieved from /opt/airflow/dags/consumer.py
[2024-04-15T16:06:42.315+0000] {logging_mixin.py:120} INFO - [2024-04-15T16:06:42.315+0000] {dag.py:2585} INFO - Sync 1 DAGs
[2024-04-15T16:06:42.368+0000] {logging_mixin.py:120} INFO - [2024-04-15T16:06:42.367+0000] {dag.py:3340} INFO - Setting next_dagrun for consumer to None, run_after=None
[2024-04-15T16:06:42.427+0000] {processor.py:176} INFO - Processing /opt/airflow/dags/consumer.py took 0.210 seconds
[2024-04-15T16:07:13.157+0000] {processor.py:154} INFO - Started process (PID=22737) to work on /opt/airflow/dags/consumer.py
[2024-04-15T16:07:13.161+0000] {processor.py:756} INFO - Processing file /opt/airflow/dags/consumer.py for tasks to queue
[2024-04-15T16:07:13.163+0000] {logging_mixin.py:120} INFO - [2024-04-15T16:07:13.163+0000] {dagbag.py:537} INFO - Filling up the DagBag from /opt/airflow/dags/consumer.py
[2024-04-15T16:07:13.223+0000] {processor.py:766} INFO - DAG(s) dict_keys(['consumer']) retrieved from /opt/airflow/dags/consumer.py
[2024-04-15T16:07:13.522+0000] {logging_mixin.py:120} INFO - [2024-04-15T16:07:13.522+0000] {dag.py:2585} INFO - Sync 1 DAGs
[2024-04-15T16:07:13.594+0000] {logging_mixin.py:120} INFO - [2024-04-15T16:07:13.594+0000] {dag.py:3340} INFO - Setting next_dagrun for consumer to None, run_after=None
[2024-04-15T16:07:13.649+0000] {processor.py:176} INFO - Processing /opt/airflow/dags/consumer.py took 0.506 seconds
[2024-04-15T16:07:44.005+0000] {processor.py:154} INFO - Started process (PID=22811) to work on /opt/airflow/dags/consumer.py
[2024-04-15T16:07:44.007+0000] {processor.py:756} INFO - Processing file /opt/airflow/dags/consumer.py for tasks to queue
[2024-04-15T16:07:44.008+0000] {logging_mixin.py:120} INFO - [2024-04-15T16:07:44.008+0000] {dagbag.py:537} INFO - Filling up the DagBag from /opt/airflow/dags/consumer.py
[2024-04-15T16:07:44.044+0000] {processor.py:766} INFO - DAG(s) dict_keys(['consumer']) retrieved from /opt/airflow/dags/consumer.py
[2024-04-15T16:07:44.114+0000] {logging_mixin.py:120} INFO - [2024-04-15T16:07:44.114+0000] {dag.py:2585} INFO - Sync 1 DAGs
[2024-04-15T16:07:44.158+0000] {logging_mixin.py:120} INFO - [2024-04-15T16:07:44.157+0000] {dag.py:3340} INFO - Setting next_dagrun for consumer to None, run_after=None
[2024-04-15T16:07:44.222+0000] {processor.py:176} INFO - Processing /opt/airflow/dags/consumer.py took 0.222 seconds
[2024-04-15T16:08:14.372+0000] {processor.py:154} INFO - Started process (PID=22882) to work on /opt/airflow/dags/consumer.py
[2024-04-15T16:08:14.374+0000] {processor.py:756} INFO - Processing file /opt/airflow/dags/consumer.py for tasks to queue
[2024-04-15T16:08:14.377+0000] {logging_mixin.py:120} INFO - [2024-04-15T16:08:14.376+0000] {dagbag.py:537} INFO - Filling up the DagBag from /opt/airflow/dags/consumer.py
[2024-04-15T16:08:14.424+0000] {processor.py:766} INFO - DAG(s) dict_keys(['consumer']) retrieved from /opt/airflow/dags/consumer.py
[2024-04-15T16:08:14.471+0000] {logging_mixin.py:120} INFO - [2024-04-15T16:08:14.471+0000] {dag.py:2585} INFO - Sync 1 DAGs
[2024-04-15T16:08:14.523+0000] {logging_mixin.py:120} INFO - [2024-04-15T16:08:14.523+0000] {dag.py:3340} INFO - Setting next_dagrun for consumer to None, run_after=None
[2024-04-15T16:08:14.592+0000] {processor.py:176} INFO - Processing /opt/airflow/dags/consumer.py took 0.234 seconds
[2024-04-15T16:08:45.070+0000] {processor.py:154} INFO - Started process (PID=22959) to work on /opt/airflow/dags/consumer.py
[2024-04-15T16:08:45.084+0000] {processor.py:756} INFO - Processing file /opt/airflow/dags/consumer.py for tasks to queue
[2024-04-15T16:08:45.092+0000] {logging_mixin.py:120} INFO - [2024-04-15T16:08:45.091+0000] {dagbag.py:537} INFO - Filling up the DagBag from /opt/airflow/dags/consumer.py
[2024-04-15T16:08:45.153+0000] {processor.py:766} INFO - DAG(s) dict_keys(['consumer']) retrieved from /opt/airflow/dags/consumer.py
[2024-04-15T16:08:45.324+0000] {logging_mixin.py:120} INFO - [2024-04-15T16:08:45.324+0000] {dag.py:2585} INFO - Sync 1 DAGs
[2024-04-15T16:08:45.391+0000] {logging_mixin.py:120} INFO - [2024-04-15T16:08:45.391+0000] {dag.py:3340} INFO - Setting next_dagrun for consumer to None, run_after=None
[2024-04-15T16:08:45.466+0000] {processor.py:176} INFO - Processing /opt/airflow/dags/consumer.py took 0.431 seconds
[2024-04-15T16:09:16.185+0000] {processor.py:154} INFO - Started process (PID=23027) to work on /opt/airflow/dags/consumer.py
[2024-04-15T16:09:16.187+0000] {processor.py:756} INFO - Processing file /opt/airflow/dags/consumer.py for tasks to queue
[2024-04-15T16:09:16.189+0000] {logging_mixin.py:120} INFO - [2024-04-15T16:09:16.189+0000] {dagbag.py:537} INFO - Filling up the DagBag from /opt/airflow/dags/consumer.py
[2024-04-15T16:09:16.233+0000] {processor.py:766} INFO - DAG(s) dict_keys(['consumer']) retrieved from /opt/airflow/dags/consumer.py
[2024-04-15T16:09:16.285+0000] {logging_mixin.py:120} INFO - [2024-04-15T16:09:16.284+0000] {dag.py:2585} INFO - Sync 1 DAGs
[2024-04-15T16:09:16.333+0000] {logging_mixin.py:120} INFO - [2024-04-15T16:09:16.332+0000] {dag.py:3340} INFO - Setting next_dagrun for consumer to None, run_after=None
[2024-04-15T16:09:16.386+0000] {processor.py:176} INFO - Processing /opt/airflow/dags/consumer.py took 0.208 seconds
[2024-04-15T16:09:46.975+0000] {processor.py:154} INFO - Started process (PID=23105) to work on /opt/airflow/dags/consumer.py
[2024-04-15T16:09:46.978+0000] {processor.py:756} INFO - Processing file /opt/airflow/dags/consumer.py for tasks to queue
[2024-04-15T16:09:46.980+0000] {logging_mixin.py:120} INFO - [2024-04-15T16:09:46.980+0000] {dagbag.py:537} INFO - Filling up the DagBag from /opt/airflow/dags/consumer.py
[2024-04-15T16:09:47.021+0000] {processor.py:766} INFO - DAG(s) dict_keys(['consumer']) retrieved from /opt/airflow/dags/consumer.py
[2024-04-15T16:09:47.174+0000] {logging_mixin.py:120} INFO - [2024-04-15T16:09:47.173+0000] {dag.py:2585} INFO - Sync 1 DAGs
[2024-04-15T16:09:47.212+0000] {logging_mixin.py:120} INFO - [2024-04-15T16:09:47.212+0000] {dag.py:3340} INFO - Setting next_dagrun for consumer to None, run_after=None
[2024-04-15T16:09:47.261+0000] {processor.py:176} INFO - Processing /opt/airflow/dags/consumer.py took 0.291 seconds
[2024-04-15T16:10:17.410+0000] {processor.py:154} INFO - Started process (PID=23174) to work on /opt/airflow/dags/consumer.py
[2024-04-15T16:10:17.412+0000] {processor.py:756} INFO - Processing file /opt/airflow/dags/consumer.py for tasks to queue
[2024-04-15T16:10:17.414+0000] {logging_mixin.py:120} INFO - [2024-04-15T16:10:17.413+0000] {dagbag.py:537} INFO - Filling up the DagBag from /opt/airflow/dags/consumer.py
[2024-04-15T16:10:17.452+0000] {processor.py:766} INFO - DAG(s) dict_keys(['consumer']) retrieved from /opt/airflow/dags/consumer.py
[2024-04-15T16:10:17.529+0000] {logging_mixin.py:120} INFO - [2024-04-15T16:10:17.528+0000] {dag.py:2585} INFO - Sync 1 DAGs
[2024-04-15T16:10:17.569+0000] {logging_mixin.py:120} INFO - [2024-04-15T16:10:17.569+0000] {dag.py:3340} INFO - Setting next_dagrun for consumer to None, run_after=None
[2024-04-15T16:10:17.625+0000] {processor.py:176} INFO - Processing /opt/airflow/dags/consumer.py took 0.221 seconds
[2024-04-15T16:10:47.691+0000] {processor.py:154} INFO - Started process (PID=23253) to work on /opt/airflow/dags/consumer.py
[2024-04-15T16:10:47.693+0000] {processor.py:756} INFO - Processing file /opt/airflow/dags/consumer.py for tasks to queue
[2024-04-15T16:10:47.695+0000] {logging_mixin.py:120} INFO - [2024-04-15T16:10:47.695+0000] {dagbag.py:537} INFO - Filling up the DagBag from /opt/airflow/dags/consumer.py
[2024-04-15T16:10:47.734+0000] {processor.py:766} INFO - DAG(s) dict_keys(['consumer']) retrieved from /opt/airflow/dags/consumer.py
[2024-04-15T16:10:47.783+0000] {logging_mixin.py:120} INFO - [2024-04-15T16:10:47.783+0000] {dag.py:2585} INFO - Sync 1 DAGs
[2024-04-15T16:10:47.836+0000] {logging_mixin.py:120} INFO - [2024-04-15T16:10:47.836+0000] {dag.py:3340} INFO - Setting next_dagrun for consumer to None, run_after=None
[2024-04-15T16:10:47.882+0000] {processor.py:176} INFO - Processing /opt/airflow/dags/consumer.py took 0.202 seconds
[2024-04-15T16:11:18.524+0000] {processor.py:154} INFO - Started process (PID=23331) to work on /opt/airflow/dags/consumer.py
[2024-04-15T16:11:18.526+0000] {processor.py:756} INFO - Processing file /opt/airflow/dags/consumer.py for tasks to queue
[2024-04-15T16:11:18.527+0000] {logging_mixin.py:120} INFO - [2024-04-15T16:11:18.527+0000] {dagbag.py:537} INFO - Filling up the DagBag from /opt/airflow/dags/consumer.py
[2024-04-15T16:11:18.571+0000] {processor.py:766} INFO - DAG(s) dict_keys(['consumer']) retrieved from /opt/airflow/dags/consumer.py
[2024-04-15T16:11:18.726+0000] {logging_mixin.py:120} INFO - [2024-04-15T16:11:18.725+0000] {dag.py:2585} INFO - Sync 1 DAGs
[2024-04-15T16:11:18.761+0000] {logging_mixin.py:120} INFO - [2024-04-15T16:11:18.761+0000] {dag.py:3340} INFO - Setting next_dagrun for consumer to None, run_after=None
[2024-04-15T16:11:18.808+0000] {processor.py:176} INFO - Processing /opt/airflow/dags/consumer.py took 0.289 seconds
[2024-04-15T16:11:49.041+0000] {processor.py:154} INFO - Started process (PID=23400) to work on /opt/airflow/dags/consumer.py
[2024-04-15T16:11:49.044+0000] {processor.py:756} INFO - Processing file /opt/airflow/dags/consumer.py for tasks to queue
[2024-04-15T16:11:49.045+0000] {logging_mixin.py:120} INFO - [2024-04-15T16:11:49.045+0000] {dagbag.py:537} INFO - Filling up the DagBag from /opt/airflow/dags/consumer.py
[2024-04-15T16:11:49.080+0000] {processor.py:766} INFO - DAG(s) dict_keys(['consumer']) retrieved from /opt/airflow/dags/consumer.py
[2024-04-15T16:11:49.122+0000] {logging_mixin.py:120} INFO - [2024-04-15T16:11:49.122+0000] {dag.py:2585} INFO - Sync 1 DAGs
[2024-04-15T16:11:49.165+0000] {logging_mixin.py:120} INFO - [2024-04-15T16:11:49.164+0000] {dag.py:3340} INFO - Setting next_dagrun for consumer to None, run_after=None
[2024-04-15T16:11:49.208+0000] {processor.py:176} INFO - Processing /opt/airflow/dags/consumer.py took 0.175 seconds
[2024-04-15T16:12:19.409+0000] {processor.py:154} INFO - Started process (PID=23478) to work on /opt/airflow/dags/consumer.py
[2024-04-15T16:12:19.420+0000] {processor.py:756} INFO - Processing file /opt/airflow/dags/consumer.py for tasks to queue
[2024-04-15T16:12:19.425+0000] {logging_mixin.py:120} INFO - [2024-04-15T16:12:19.425+0000] {dagbag.py:537} INFO - Filling up the DagBag from /opt/airflow/dags/consumer.py
[2024-04-15T16:12:19.483+0000] {processor.py:766} INFO - DAG(s) dict_keys(['consumer']) retrieved from /opt/airflow/dags/consumer.py
[2024-04-15T16:12:19.606+0000] {logging_mixin.py:120} INFO - [2024-04-15T16:12:19.606+0000] {dag.py:2585} INFO - Sync 1 DAGs
[2024-04-15T16:12:19.669+0000] {logging_mixin.py:120} INFO - [2024-04-15T16:12:19.669+0000] {dag.py:3340} INFO - Setting next_dagrun for consumer to None, run_after=None
[2024-04-15T16:12:19.719+0000] {processor.py:176} INFO - Processing /opt/airflow/dags/consumer.py took 0.319 seconds
[2024-04-15T16:12:49.855+0000] {processor.py:154} INFO - Started process (PID=23548) to work on /opt/airflow/dags/consumer.py
[2024-04-15T16:12:49.857+0000] {processor.py:756} INFO - Processing file /opt/airflow/dags/consumer.py for tasks to queue
[2024-04-15T16:12:49.859+0000] {logging_mixin.py:120} INFO - [2024-04-15T16:12:49.858+0000] {dagbag.py:537} INFO - Filling up the DagBag from /opt/airflow/dags/consumer.py
[2024-04-15T16:12:49.896+0000] {processor.py:766} INFO - DAG(s) dict_keys(['consumer']) retrieved from /opt/airflow/dags/consumer.py
[2024-04-15T16:12:49.969+0000] {logging_mixin.py:120} INFO - [2024-04-15T16:12:49.969+0000] {dag.py:2585} INFO - Sync 1 DAGs
[2024-04-15T16:12:50.012+0000] {logging_mixin.py:120} INFO - [2024-04-15T16:12:50.012+0000] {dag.py:3340} INFO - Setting next_dagrun for consumer to None, run_after=None
[2024-04-15T16:12:50.060+0000] {processor.py:176} INFO - Processing /opt/airflow/dags/consumer.py took 0.212 seconds
[2024-04-15T16:13:20.740+0000] {processor.py:154} INFO - Started process (PID=23626) to work on /opt/airflow/dags/consumer.py
[2024-04-15T16:13:20.743+0000] {processor.py:756} INFO - Processing file /opt/airflow/dags/consumer.py for tasks to queue
[2024-04-15T16:13:20.747+0000] {logging_mixin.py:120} INFO - [2024-04-15T16:13:20.747+0000] {dagbag.py:537} INFO - Filling up the DagBag from /opt/airflow/dags/consumer.py
[2024-04-15T16:13:20.799+0000] {processor.py:766} INFO - DAG(s) dict_keys(['consumer']) retrieved from /opt/airflow/dags/consumer.py
[2024-04-15T16:13:20.854+0000] {logging_mixin.py:120} INFO - [2024-04-15T16:13:20.853+0000] {dag.py:2585} INFO - Sync 1 DAGs
[2024-04-15T16:13:20.900+0000] {logging_mixin.py:120} INFO - [2024-04-15T16:13:20.900+0000] {dag.py:3340} INFO - Setting next_dagrun for consumer to None, run_after=None
[2024-04-15T16:13:20.949+0000] {processor.py:176} INFO - Processing /opt/airflow/dags/consumer.py took 0.217 seconds
[2024-04-15T16:20:20.069+0000] {processor.py:154} INFO - Started process (PID=23692) to work on /opt/airflow/dags/consumer.py
[2024-04-15T16:20:20.081+0000] {processor.py:756} INFO - Processing file /opt/airflow/dags/consumer.py for tasks to queue
[2024-04-15T16:20:20.086+0000] {logging_mixin.py:120} INFO - [2024-04-15T16:20:20.086+0000] {dagbag.py:537} INFO - Filling up the DagBag from /opt/airflow/dags/consumer.py
[2024-04-15T16:20:20.226+0000] {processor.py:766} INFO - DAG(s) dict_keys(['consumer']) retrieved from /opt/airflow/dags/consumer.py
[2024-04-15T16:20:20.643+0000] {logging_mixin.py:120} INFO - [2024-04-15T16:20:20.643+0000] {dag.py:2585} INFO - Sync 1 DAGs
[2024-04-15T16:20:20.760+0000] {logging_mixin.py:120} INFO - [2024-04-15T16:20:20.760+0000] {dag.py:3340} INFO - Setting next_dagrun for consumer to None, run_after=None
[2024-04-15T16:20:20.854+0000] {processor.py:176} INFO - Processing /opt/airflow/dags/consumer.py took 0.799 seconds
