[2024-04-15T15:40:31.924+0000] {processor.py:154} INFO - Started process (PID=18875) to work on /opt/airflow/dags/docker_dag.py
[2024-04-15T15:40:31.929+0000] {processor.py:756} INFO - Processing file /opt/airflow/dags/docker_dag.py for tasks to queue
[2024-04-15T15:40:31.933+0000] {logging_mixin.py:120} INFO - [2024-04-15T15:40:31.933+0000] {dagbag.py:537} INFO - Filling up the DagBag from /opt/airflow/dags/docker_dag.py
[2024-04-15T15:40:31.992+0000] {processor.py:768} WARNING - No viable dags retrieved from /opt/airflow/dags/docker_dag.py
[2024-04-15T15:40:32.049+0000] {processor.py:176} INFO - Processing /opt/airflow/dags/docker_dag.py took 0.140 seconds
[2024-04-15T15:41:02.616+0000] {processor.py:154} INFO - Started process (PID=18938) to work on /opt/airflow/dags/docker_dag.py
[2024-04-15T15:41:02.625+0000] {processor.py:756} INFO - Processing file /opt/airflow/dags/docker_dag.py for tasks to queue
[2024-04-15T15:41:02.633+0000] {logging_mixin.py:120} INFO - [2024-04-15T15:41:02.632+0000] {dagbag.py:537} INFO - Filling up the DagBag from /opt/airflow/dags/docker_dag.py
[2024-04-15T15:41:02.698+0000] {processor.py:768} WARNING - No viable dags retrieved from /opt/airflow/dags/docker_dag.py
[2024-04-15T15:41:02.776+0000] {processor.py:176} INFO - Processing /opt/airflow/dags/docker_dag.py took 0.169 seconds
[2024-04-15T15:41:33.181+0000] {processor.py:154} INFO - Started process (PID=19005) to work on /opt/airflow/dags/docker_dag.py
[2024-04-15T15:41:33.183+0000] {processor.py:756} INFO - Processing file /opt/airflow/dags/docker_dag.py for tasks to queue
[2024-04-15T15:41:33.186+0000] {logging_mixin.py:120} INFO - [2024-04-15T15:41:33.186+0000] {dagbag.py:537} INFO - Filling up the DagBag from /opt/airflow/dags/docker_dag.py
[2024-04-15T15:41:33.222+0000] {processor.py:768} WARNING - No viable dags retrieved from /opt/airflow/dags/docker_dag.py
[2024-04-15T15:41:33.260+0000] {processor.py:176} INFO - Processing /opt/airflow/dags/docker_dag.py took 0.085 seconds
[2024-04-15T15:42:03.826+0000] {processor.py:154} INFO - Started process (PID=19080) to work on /opt/airflow/dags/docker_dag.py
[2024-04-15T15:42:03.828+0000] {processor.py:756} INFO - Processing file /opt/airflow/dags/docker_dag.py for tasks to queue
[2024-04-15T15:42:03.831+0000] {logging_mixin.py:120} INFO - [2024-04-15T15:42:03.831+0000] {dagbag.py:537} INFO - Filling up the DagBag from /opt/airflow/dags/docker_dag.py
[2024-04-15T15:42:03.863+0000] {processor.py:768} WARNING - No viable dags retrieved from /opt/airflow/dags/docker_dag.py
[2024-04-15T15:42:03.886+0000] {processor.py:176} INFO - Processing /opt/airflow/dags/docker_dag.py took 0.068 seconds
[2024-04-15T15:42:34.664+0000] {processor.py:154} INFO - Started process (PID=19150) to work on /opt/airflow/dags/docker_dag.py
[2024-04-15T15:42:34.667+0000] {processor.py:756} INFO - Processing file /opt/airflow/dags/docker_dag.py for tasks to queue
[2024-04-15T15:42:34.669+0000] {logging_mixin.py:120} INFO - [2024-04-15T15:42:34.669+0000] {dagbag.py:537} INFO - Filling up the DagBag from /opt/airflow/dags/docker_dag.py
[2024-04-15T15:42:34.697+0000] {processor.py:768} WARNING - No viable dags retrieved from /opt/airflow/dags/docker_dag.py
[2024-04-15T15:42:34.729+0000] {processor.py:176} INFO - Processing /opt/airflow/dags/docker_dag.py took 0.073 seconds
[2024-04-15T15:43:05.120+0000] {processor.py:154} INFO - Started process (PID=19228) to work on /opt/airflow/dags/docker_dag.py
[2024-04-15T15:43:05.124+0000] {processor.py:756} INFO - Processing file /opt/airflow/dags/docker_dag.py for tasks to queue
[2024-04-15T15:43:05.126+0000] {logging_mixin.py:120} INFO - [2024-04-15T15:43:05.126+0000] {dagbag.py:537} INFO - Filling up the DagBag from /opt/airflow/dags/docker_dag.py
[2024-04-15T15:43:05.174+0000] {processor.py:768} WARNING - No viable dags retrieved from /opt/airflow/dags/docker_dag.py
[2024-04-15T15:43:05.208+0000] {processor.py:176} INFO - Processing /opt/airflow/dags/docker_dag.py took 0.115 seconds
[2024-04-15T15:43:35.334+0000] {processor.py:154} INFO - Started process (PID=19297) to work on /opt/airflow/dags/docker_dag.py
[2024-04-15T15:43:35.337+0000] {processor.py:756} INFO - Processing file /opt/airflow/dags/docker_dag.py for tasks to queue
[2024-04-15T15:43:35.340+0000] {logging_mixin.py:120} INFO - [2024-04-15T15:43:35.340+0000] {dagbag.py:537} INFO - Filling up the DagBag from /opt/airflow/dags/docker_dag.py
[2024-04-15T15:43:35.367+0000] {processor.py:768} WARNING - No viable dags retrieved from /opt/airflow/dags/docker_dag.py
[2024-04-15T15:43:35.395+0000] {processor.py:176} INFO - Processing /opt/airflow/dags/docker_dag.py took 0.068 seconds
[2024-04-15T15:44:06.199+0000] {processor.py:154} INFO - Started process (PID=19376) to work on /opt/airflow/dags/docker_dag.py
[2024-04-15T15:44:06.201+0000] {processor.py:756} INFO - Processing file /opt/airflow/dags/docker_dag.py for tasks to queue
[2024-04-15T15:44:06.203+0000] {logging_mixin.py:120} INFO - [2024-04-15T15:44:06.203+0000] {dagbag.py:537} INFO - Filling up the DagBag from /opt/airflow/dags/docker_dag.py
[2024-04-15T15:44:06.233+0000] {processor.py:768} WARNING - No viable dags retrieved from /opt/airflow/dags/docker_dag.py
[2024-04-15T15:44:06.261+0000] {processor.py:176} INFO - Processing /opt/airflow/dags/docker_dag.py took 0.068 seconds
[2024-04-15T15:44:36.748+0000] {processor.py:154} INFO - Started process (PID=19444) to work on /opt/airflow/dags/docker_dag.py
[2024-04-15T15:44:36.752+0000] {processor.py:756} INFO - Processing file /opt/airflow/dags/docker_dag.py for tasks to queue
[2024-04-15T15:44:36.754+0000] {logging_mixin.py:120} INFO - [2024-04-15T15:44:36.754+0000] {dagbag.py:537} INFO - Filling up the DagBag from /opt/airflow/dags/docker_dag.py
[2024-04-15T15:44:36.782+0000] {processor.py:768} WARNING - No viable dags retrieved from /opt/airflow/dags/docker_dag.py
[2024-04-15T15:44:36.806+0000] {processor.py:176} INFO - Processing /opt/airflow/dags/docker_dag.py took 0.066 seconds
[2024-04-15T15:45:06.991+0000] {processor.py:154} INFO - Started process (PID=19523) to work on /opt/airflow/dags/docker_dag.py
[2024-04-15T15:45:06.996+0000] {processor.py:756} INFO - Processing file /opt/airflow/dags/docker_dag.py for tasks to queue
[2024-04-15T15:45:07.000+0000] {logging_mixin.py:120} INFO - [2024-04-15T15:45:06.999+0000] {dagbag.py:537} INFO - Filling up the DagBag from /opt/airflow/dags/docker_dag.py
[2024-04-15T15:45:07.047+0000] {processor.py:768} WARNING - No viable dags retrieved from /opt/airflow/dags/docker_dag.py
[2024-04-15T15:45:07.092+0000] {processor.py:176} INFO - Processing /opt/airflow/dags/docker_dag.py took 0.121 seconds
[2024-04-15T15:45:37.360+0000] {processor.py:154} INFO - Started process (PID=19592) to work on /opt/airflow/dags/docker_dag.py
[2024-04-15T15:45:37.363+0000] {processor.py:756} INFO - Processing file /opt/airflow/dags/docker_dag.py for tasks to queue
[2024-04-15T15:45:37.367+0000] {logging_mixin.py:120} INFO - [2024-04-15T15:45:37.367+0000] {dagbag.py:537} INFO - Filling up the DagBag from /opt/airflow/dags/docker_dag.py
[2024-04-15T15:45:37.403+0000] {processor.py:768} WARNING - No viable dags retrieved from /opt/airflow/dags/docker_dag.py
[2024-04-15T15:45:37.433+0000] {processor.py:176} INFO - Processing /opt/airflow/dags/docker_dag.py took 0.085 seconds
[2024-04-15T15:46:07.782+0000] {processor.py:154} INFO - Started process (PID=19670) to work on /opt/airflow/dags/docker_dag.py
[2024-04-15T15:46:07.784+0000] {processor.py:756} INFO - Processing file /opt/airflow/dags/docker_dag.py for tasks to queue
[2024-04-15T15:46:07.786+0000] {logging_mixin.py:120} INFO - [2024-04-15T15:46:07.786+0000] {dagbag.py:537} INFO - Filling up the DagBag from /opt/airflow/dags/docker_dag.py
[2024-04-15T15:46:07.817+0000] {processor.py:768} WARNING - No viable dags retrieved from /opt/airflow/dags/docker_dag.py
[2024-04-15T15:46:07.845+0000] {processor.py:176} INFO - Processing /opt/airflow/dags/docker_dag.py took 0.069 seconds
[2024-04-15T15:46:38.183+0000] {processor.py:154} INFO - Started process (PID=19739) to work on /opt/airflow/dags/docker_dag.py
[2024-04-15T15:46:38.186+0000] {processor.py:756} INFO - Processing file /opt/airflow/dags/docker_dag.py for tasks to queue
[2024-04-15T15:46:38.189+0000] {logging_mixin.py:120} INFO - [2024-04-15T15:46:38.189+0000] {dagbag.py:537} INFO - Filling up the DagBag from /opt/airflow/dags/docker_dag.py
[2024-04-15T15:46:38.218+0000] {processor.py:768} WARNING - No viable dags retrieved from /opt/airflow/dags/docker_dag.py
[2024-04-15T15:46:38.243+0000] {processor.py:176} INFO - Processing /opt/airflow/dags/docker_dag.py took 0.071 seconds
[2024-04-15T15:47:08.513+0000] {processor.py:154} INFO - Started process (PID=19818) to work on /opt/airflow/dags/docker_dag.py
[2024-04-15T15:47:08.515+0000] {processor.py:756} INFO - Processing file /opt/airflow/dags/docker_dag.py for tasks to queue
[2024-04-15T15:47:08.516+0000] {logging_mixin.py:120} INFO - [2024-04-15T15:47:08.516+0000] {dagbag.py:537} INFO - Filling up the DagBag from /opt/airflow/dags/docker_dag.py
[2024-04-15T15:47:08.543+0000] {processor.py:768} WARNING - No viable dags retrieved from /opt/airflow/dags/docker_dag.py
[2024-04-15T15:47:08.565+0000] {processor.py:176} INFO - Processing /opt/airflow/dags/docker_dag.py took 0.061 seconds
[2024-04-15T15:47:38.815+0000] {processor.py:154} INFO - Started process (PID=19895) to work on /opt/airflow/dags/docker_dag.py
[2024-04-15T15:47:38.819+0000] {processor.py:756} INFO - Processing file /opt/airflow/dags/docker_dag.py for tasks to queue
[2024-04-15T15:47:38.821+0000] {logging_mixin.py:120} INFO - [2024-04-15T15:47:38.821+0000] {dagbag.py:537} INFO - Filling up the DagBag from /opt/airflow/dags/docker_dag.py
[2024-04-15T15:47:38.866+0000] {processor.py:768} WARNING - No viable dags retrieved from /opt/airflow/dags/docker_dag.py
[2024-04-15T15:47:38.896+0000] {processor.py:176} INFO - Processing /opt/airflow/dags/docker_dag.py took 0.093 seconds
[2024-04-15T15:48:09.189+0000] {processor.py:154} INFO - Started process (PID=19964) to work on /opt/airflow/dags/docker_dag.py
[2024-04-15T15:48:09.192+0000] {processor.py:756} INFO - Processing file /opt/airflow/dags/docker_dag.py for tasks to queue
[2024-04-15T15:48:09.196+0000] {logging_mixin.py:120} INFO - [2024-04-15T15:48:09.195+0000] {dagbag.py:537} INFO - Filling up the DagBag from /opt/airflow/dags/docker_dag.py
[2024-04-15T15:48:09.230+0000] {processor.py:768} WARNING - No viable dags retrieved from /opt/airflow/dags/docker_dag.py
[2024-04-15T15:48:09.264+0000] {processor.py:176} INFO - Processing /opt/airflow/dags/docker_dag.py took 0.089 seconds
[2024-04-15T15:48:39.916+0000] {processor.py:154} INFO - Started process (PID=20043) to work on /opt/airflow/dags/docker_dag.py
[2024-04-15T15:48:39.920+0000] {processor.py:756} INFO - Processing file /opt/airflow/dags/docker_dag.py for tasks to queue
[2024-04-15T15:48:39.922+0000] {logging_mixin.py:120} INFO - [2024-04-15T15:48:39.922+0000] {dagbag.py:537} INFO - Filling up the DagBag from /opt/airflow/dags/docker_dag.py
[2024-04-15T15:48:39.953+0000] {processor.py:768} WARNING - No viable dags retrieved from /opt/airflow/dags/docker_dag.py
[2024-04-15T15:48:39.979+0000] {processor.py:176} INFO - Processing /opt/airflow/dags/docker_dag.py took 0.069 seconds
[2024-04-15T15:49:10.135+0000] {processor.py:154} INFO - Started process (PID=20112) to work on /opt/airflow/dags/docker_dag.py
[2024-04-15T15:49:10.140+0000] {processor.py:756} INFO - Processing file /opt/airflow/dags/docker_dag.py for tasks to queue
[2024-04-15T15:49:10.142+0000] {logging_mixin.py:120} INFO - [2024-04-15T15:49:10.142+0000] {dagbag.py:537} INFO - Filling up the DagBag from /opt/airflow/dags/docker_dag.py
[2024-04-15T15:49:10.172+0000] {processor.py:768} WARNING - No viable dags retrieved from /opt/airflow/dags/docker_dag.py
[2024-04-15T15:49:10.196+0000] {processor.py:176} INFO - Processing /opt/airflow/dags/docker_dag.py took 0.067 seconds
[2024-04-15T15:49:40.638+0000] {processor.py:154} INFO - Started process (PID=20190) to work on /opt/airflow/dags/docker_dag.py
[2024-04-15T15:49:40.640+0000] {processor.py:756} INFO - Processing file /opt/airflow/dags/docker_dag.py for tasks to queue
[2024-04-15T15:49:40.641+0000] {logging_mixin.py:120} INFO - [2024-04-15T15:49:40.641+0000] {dagbag.py:537} INFO - Filling up the DagBag from /opt/airflow/dags/docker_dag.py
[2024-04-15T15:49:40.669+0000] {processor.py:768} WARNING - No viable dags retrieved from /opt/airflow/dags/docker_dag.py
[2024-04-15T15:49:40.693+0000] {processor.py:176} INFO - Processing /opt/airflow/dags/docker_dag.py took 0.062 seconds
[2024-04-15T15:50:11.436+0000] {processor.py:154} INFO - Started process (PID=20260) to work on /opt/airflow/dags/docker_dag.py
[2024-04-15T15:50:11.439+0000] {processor.py:756} INFO - Processing file /opt/airflow/dags/docker_dag.py for tasks to queue
[2024-04-15T15:50:11.441+0000] {logging_mixin.py:120} INFO - [2024-04-15T15:50:11.441+0000] {dagbag.py:537} INFO - Filling up the DagBag from /opt/airflow/dags/docker_dag.py
[2024-04-15T15:50:11.470+0000] {processor.py:768} WARNING - No viable dags retrieved from /opt/airflow/dags/docker_dag.py
[2024-04-15T15:50:11.496+0000] {processor.py:176} INFO - Processing /opt/airflow/dags/docker_dag.py took 0.066 seconds
[2024-04-15T15:50:42.079+0000] {processor.py:154} INFO - Started process (PID=20338) to work on /opt/airflow/dags/docker_dag.py
[2024-04-15T15:50:42.082+0000] {processor.py:756} INFO - Processing file /opt/airflow/dags/docker_dag.py for tasks to queue
[2024-04-15T15:50:42.085+0000] {logging_mixin.py:120} INFO - [2024-04-15T15:50:42.085+0000] {dagbag.py:537} INFO - Filling up the DagBag from /opt/airflow/dags/docker_dag.py
[2024-04-15T15:50:42.121+0000] {processor.py:768} WARNING - No viable dags retrieved from /opt/airflow/dags/docker_dag.py
[2024-04-15T15:50:42.151+0000] {processor.py:176} INFO - Processing /opt/airflow/dags/docker_dag.py took 0.078 seconds
[2024-04-15T15:51:12.999+0000] {processor.py:154} INFO - Started process (PID=20416) to work on /opt/airflow/dags/docker_dag.py
[2024-04-15T15:51:13.003+0000] {processor.py:756} INFO - Processing file /opt/airflow/dags/docker_dag.py for tasks to queue
[2024-04-15T15:51:13.007+0000] {logging_mixin.py:120} INFO - [2024-04-15T15:51:13.007+0000] {dagbag.py:537} INFO - Filling up the DagBag from /opt/airflow/dags/docker_dag.py
[2024-04-15T15:51:13.034+0000] {processor.py:768} WARNING - No viable dags retrieved from /opt/airflow/dags/docker_dag.py
[2024-04-15T15:51:13.063+0000] {processor.py:176} INFO - Processing /opt/airflow/dags/docker_dag.py took 0.071 seconds
[2024-04-15T15:51:43.807+0000] {processor.py:154} INFO - Started process (PID=20487) to work on /opt/airflow/dags/docker_dag.py
[2024-04-15T15:51:43.812+0000] {processor.py:756} INFO - Processing file /opt/airflow/dags/docker_dag.py for tasks to queue
[2024-04-15T15:51:43.814+0000] {logging_mixin.py:120} INFO - [2024-04-15T15:51:43.814+0000] {dagbag.py:537} INFO - Filling up the DagBag from /opt/airflow/dags/docker_dag.py
[2024-04-15T15:51:43.846+0000] {processor.py:768} WARNING - No viable dags retrieved from /opt/airflow/dags/docker_dag.py
[2024-04-15T15:51:43.877+0000] {processor.py:176} INFO - Processing /opt/airflow/dags/docker_dag.py took 0.079 seconds
[2024-04-15T15:52:14.068+0000] {processor.py:154} INFO - Started process (PID=20566) to work on /opt/airflow/dags/docker_dag.py
[2024-04-15T15:52:14.071+0000] {processor.py:756} INFO - Processing file /opt/airflow/dags/docker_dag.py for tasks to queue
[2024-04-15T15:52:14.072+0000] {logging_mixin.py:120} INFO - [2024-04-15T15:52:14.072+0000] {dagbag.py:537} INFO - Filling up the DagBag from /opt/airflow/dags/docker_dag.py
[2024-04-15T15:52:14.097+0000] {processor.py:768} WARNING - No viable dags retrieved from /opt/airflow/dags/docker_dag.py
[2024-04-15T15:52:14.126+0000] {processor.py:176} INFO - Processing /opt/airflow/dags/docker_dag.py took 0.065 seconds
[2024-04-15T15:52:44.742+0000] {processor.py:154} INFO - Started process (PID=20635) to work on /opt/airflow/dags/docker_dag.py
[2024-04-15T15:52:44.746+0000] {processor.py:756} INFO - Processing file /opt/airflow/dags/docker_dag.py for tasks to queue
[2024-04-15T15:52:44.748+0000] {logging_mixin.py:120} INFO - [2024-04-15T15:52:44.748+0000] {dagbag.py:537} INFO - Filling up the DagBag from /opt/airflow/dags/docker_dag.py
[2024-04-15T15:52:44.775+0000] {processor.py:768} WARNING - No viable dags retrieved from /opt/airflow/dags/docker_dag.py
[2024-04-15T15:52:44.808+0000] {processor.py:176} INFO - Processing /opt/airflow/dags/docker_dag.py took 0.074 seconds
[2024-04-15T15:53:14.942+0000] {processor.py:154} INFO - Started process (PID=20713) to work on /opt/airflow/dags/docker_dag.py
[2024-04-15T15:53:14.945+0000] {processor.py:756} INFO - Processing file /opt/airflow/dags/docker_dag.py for tasks to queue
[2024-04-15T15:53:14.949+0000] {logging_mixin.py:120} INFO - [2024-04-15T15:53:14.949+0000] {dagbag.py:537} INFO - Filling up the DagBag from /opt/airflow/dags/docker_dag.py
[2024-04-15T15:53:14.981+0000] {processor.py:768} WARNING - No viable dags retrieved from /opt/airflow/dags/docker_dag.py
[2024-04-15T15:53:15.019+0000] {processor.py:176} INFO - Processing /opt/airflow/dags/docker_dag.py took 0.081 seconds
[2024-04-15T15:53:45.275+0000] {processor.py:154} INFO - Started process (PID=20783) to work on /opt/airflow/dags/docker_dag.py
[2024-04-15T15:53:45.277+0000] {processor.py:756} INFO - Processing file /opt/airflow/dags/docker_dag.py for tasks to queue
[2024-04-15T15:53:45.279+0000] {logging_mixin.py:120} INFO - [2024-04-15T15:53:45.278+0000] {dagbag.py:537} INFO - Filling up the DagBag from /opt/airflow/dags/docker_dag.py
[2024-04-15T15:53:45.304+0000] {processor.py:768} WARNING - No viable dags retrieved from /opt/airflow/dags/docker_dag.py
[2024-04-15T15:53:45.331+0000] {processor.py:176} INFO - Processing /opt/airflow/dags/docker_dag.py took 0.062 seconds
[2024-04-15T15:54:16.053+0000] {processor.py:154} INFO - Started process (PID=20861) to work on /opt/airflow/dags/docker_dag.py
[2024-04-15T15:54:16.056+0000] {processor.py:756} INFO - Processing file /opt/airflow/dags/docker_dag.py for tasks to queue
[2024-04-15T15:54:16.057+0000] {logging_mixin.py:120} INFO - [2024-04-15T15:54:16.057+0000] {dagbag.py:537} INFO - Filling up the DagBag from /opt/airflow/dags/docker_dag.py
[2024-04-15T15:54:16.085+0000] {processor.py:768} WARNING - No viable dags retrieved from /opt/airflow/dags/docker_dag.py
[2024-04-15T15:54:16.111+0000] {processor.py:176} INFO - Processing /opt/airflow/dags/docker_dag.py took 0.066 seconds
[2024-04-15T15:54:46.873+0000] {processor.py:154} INFO - Started process (PID=20928) to work on /opt/airflow/dags/docker_dag.py
[2024-04-15T15:54:46.875+0000] {processor.py:756} INFO - Processing file /opt/airflow/dags/docker_dag.py for tasks to queue
[2024-04-15T15:54:46.877+0000] {logging_mixin.py:120} INFO - [2024-04-15T15:54:46.876+0000] {dagbag.py:537} INFO - Filling up the DagBag from /opt/airflow/dags/docker_dag.py
[2024-04-15T15:54:46.909+0000] {processor.py:768} WARNING - No viable dags retrieved from /opt/airflow/dags/docker_dag.py
[2024-04-15T15:54:46.937+0000] {processor.py:176} INFO - Processing /opt/airflow/dags/docker_dag.py took 0.076 seconds
[2024-04-15T15:55:17.299+0000] {processor.py:154} INFO - Started process (PID=21006) to work on /opt/airflow/dags/docker_dag.py
[2024-04-15T15:55:17.302+0000] {processor.py:756} INFO - Processing file /opt/airflow/dags/docker_dag.py for tasks to queue
[2024-04-15T15:55:17.304+0000] {logging_mixin.py:120} INFO - [2024-04-15T15:55:17.304+0000] {dagbag.py:537} INFO - Filling up the DagBag from /opt/airflow/dags/docker_dag.py
[2024-04-15T15:55:17.349+0000] {processor.py:768} WARNING - No viable dags retrieved from /opt/airflow/dags/docker_dag.py
[2024-04-15T15:55:17.385+0000] {processor.py:176} INFO - Processing /opt/airflow/dags/docker_dag.py took 0.100 seconds
[2024-04-15T15:55:47.922+0000] {processor.py:154} INFO - Started process (PID=21085) to work on /opt/airflow/dags/docker_dag.py
[2024-04-15T15:55:47.924+0000] {processor.py:756} INFO - Processing file /opt/airflow/dags/docker_dag.py for tasks to queue
[2024-04-15T15:55:47.925+0000] {logging_mixin.py:120} INFO - [2024-04-15T15:55:47.925+0000] {dagbag.py:537} INFO - Filling up the DagBag from /opt/airflow/dags/docker_dag.py
[2024-04-15T15:55:47.958+0000] {processor.py:768} WARNING - No viable dags retrieved from /opt/airflow/dags/docker_dag.py
[2024-04-15T15:55:47.988+0000] {processor.py:176} INFO - Processing /opt/airflow/dags/docker_dag.py took 0.073 seconds
[2024-04-15T15:56:18.130+0000] {processor.py:154} INFO - Started process (PID=21153) to work on /opt/airflow/dags/docker_dag.py
[2024-04-15T15:56:18.132+0000] {processor.py:756} INFO - Processing file /opt/airflow/dags/docker_dag.py for tasks to queue
[2024-04-15T15:56:18.133+0000] {logging_mixin.py:120} INFO - [2024-04-15T15:56:18.133+0000] {dagbag.py:537} INFO - Filling up the DagBag from /opt/airflow/dags/docker_dag.py
[2024-04-15T15:56:18.168+0000] {processor.py:768} WARNING - No viable dags retrieved from /opt/airflow/dags/docker_dag.py
[2024-04-15T15:56:18.195+0000] {processor.py:176} INFO - Processing /opt/airflow/dags/docker_dag.py took 0.071 seconds
[2024-04-15T15:56:49.061+0000] {processor.py:154} INFO - Started process (PID=21232) to work on /opt/airflow/dags/docker_dag.py
[2024-04-15T15:56:49.064+0000] {processor.py:756} INFO - Processing file /opt/airflow/dags/docker_dag.py for tasks to queue
[2024-04-15T15:56:49.066+0000] {logging_mixin.py:120} INFO - [2024-04-15T15:56:49.066+0000] {dagbag.py:537} INFO - Filling up the DagBag from /opt/airflow/dags/docker_dag.py
[2024-04-15T15:56:49.095+0000] {processor.py:768} WARNING - No viable dags retrieved from /opt/airflow/dags/docker_dag.py
[2024-04-15T15:56:49.117+0000] {processor.py:176} INFO - Processing /opt/airflow/dags/docker_dag.py took 0.063 seconds
[2024-04-15T15:57:19.210+0000] {processor.py:154} INFO - Started process (PID=21302) to work on /opt/airflow/dags/docker_dag.py
[2024-04-15T15:57:19.214+0000] {processor.py:756} INFO - Processing file /opt/airflow/dags/docker_dag.py for tasks to queue
[2024-04-15T15:57:19.216+0000] {logging_mixin.py:120} INFO - [2024-04-15T15:57:19.216+0000] {dagbag.py:537} INFO - Filling up the DagBag from /opt/airflow/dags/docker_dag.py
[2024-04-15T15:57:19.246+0000] {processor.py:768} WARNING - No viable dags retrieved from /opt/airflow/dags/docker_dag.py
[2024-04-15T15:57:19.272+0000] {processor.py:176} INFO - Processing /opt/airflow/dags/docker_dag.py took 0.071 seconds
[2024-04-15T15:57:49.439+0000] {processor.py:154} INFO - Started process (PID=21381) to work on /opt/airflow/dags/docker_dag.py
[2024-04-15T15:57:49.441+0000] {processor.py:756} INFO - Processing file /opt/airflow/dags/docker_dag.py for tasks to queue
[2024-04-15T15:57:49.443+0000] {logging_mixin.py:120} INFO - [2024-04-15T15:57:49.443+0000] {dagbag.py:537} INFO - Filling up the DagBag from /opt/airflow/dags/docker_dag.py
[2024-04-15T15:57:49.474+0000] {processor.py:768} WARNING - No viable dags retrieved from /opt/airflow/dags/docker_dag.py
[2024-04-15T15:57:49.498+0000] {processor.py:176} INFO - Processing /opt/airflow/dags/docker_dag.py took 0.068 seconds
[2024-04-15T15:58:20.290+0000] {processor.py:154} INFO - Started process (PID=21450) to work on /opt/airflow/dags/docker_dag.py
[2024-04-15T15:58:20.292+0000] {processor.py:756} INFO - Processing file /opt/airflow/dags/docker_dag.py for tasks to queue
[2024-04-15T15:58:20.294+0000] {logging_mixin.py:120} INFO - [2024-04-15T15:58:20.294+0000] {dagbag.py:537} INFO - Filling up the DagBag from /opt/airflow/dags/docker_dag.py
[2024-04-15T15:58:20.321+0000] {processor.py:768} WARNING - No viable dags retrieved from /opt/airflow/dags/docker_dag.py
[2024-04-15T15:58:20.350+0000] {processor.py:176} INFO - Processing /opt/airflow/dags/docker_dag.py took 0.065 seconds
[2024-04-15T15:58:51.147+0000] {processor.py:154} INFO - Started process (PID=21528) to work on /opt/airflow/dags/docker_dag.py
[2024-04-15T15:58:51.149+0000] {processor.py:756} INFO - Processing file /opt/airflow/dags/docker_dag.py for tasks to queue
[2024-04-15T15:58:51.152+0000] {logging_mixin.py:120} INFO - [2024-04-15T15:58:51.151+0000] {dagbag.py:537} INFO - Filling up the DagBag from /opt/airflow/dags/docker_dag.py
[2024-04-15T15:58:51.182+0000] {processor.py:768} WARNING - No viable dags retrieved from /opt/airflow/dags/docker_dag.py
[2024-04-15T15:58:51.210+0000] {processor.py:176} INFO - Processing /opt/airflow/dags/docker_dag.py took 0.070 seconds
[2024-04-15T15:59:21.607+0000] {processor.py:154} INFO - Started process (PID=21605) to work on /opt/airflow/dags/docker_dag.py
[2024-04-15T15:59:21.609+0000] {processor.py:756} INFO - Processing file /opt/airflow/dags/docker_dag.py for tasks to queue
[2024-04-15T15:59:21.611+0000] {logging_mixin.py:120} INFO - [2024-04-15T15:59:21.610+0000] {dagbag.py:537} INFO - Filling up the DagBag from /opt/airflow/dags/docker_dag.py
[2024-04-15T15:59:21.640+0000] {processor.py:768} WARNING - No viable dags retrieved from /opt/airflow/dags/docker_dag.py
[2024-04-15T15:59:21.663+0000] {processor.py:176} INFO - Processing /opt/airflow/dags/docker_dag.py took 0.063 seconds
[2024-04-15T15:59:52.348+0000] {processor.py:154} INFO - Started process (PID=21672) to work on /opt/airflow/dags/docker_dag.py
[2024-04-15T15:59:52.350+0000] {processor.py:756} INFO - Processing file /opt/airflow/dags/docker_dag.py for tasks to queue
[2024-04-15T15:59:52.352+0000] {logging_mixin.py:120} INFO - [2024-04-15T15:59:52.352+0000] {dagbag.py:537} INFO - Filling up the DagBag from /opt/airflow/dags/docker_dag.py
[2024-04-15T15:59:52.392+0000] {processor.py:768} WARNING - No viable dags retrieved from /opt/airflow/dags/docker_dag.py
[2024-04-15T15:59:52.424+0000] {processor.py:176} INFO - Processing /opt/airflow/dags/docker_dag.py took 0.084 seconds
[2024-04-15T16:00:22.625+0000] {processor.py:154} INFO - Started process (PID=21750) to work on /opt/airflow/dags/docker_dag.py
[2024-04-15T16:00:22.632+0000] {processor.py:756} INFO - Processing file /opt/airflow/dags/docker_dag.py for tasks to queue
[2024-04-15T16:00:22.637+0000] {logging_mixin.py:120} INFO - [2024-04-15T16:00:22.637+0000] {dagbag.py:537} INFO - Filling up the DagBag from /opt/airflow/dags/docker_dag.py
[2024-04-15T16:00:22.677+0000] {processor.py:768} WARNING - No viable dags retrieved from /opt/airflow/dags/docker_dag.py
[2024-04-15T16:00:22.702+0000] {processor.py:176} INFO - Processing /opt/airflow/dags/docker_dag.py took 0.086 seconds
[2024-04-15T16:00:53.008+0000] {processor.py:154} INFO - Started process (PID=21819) to work on /opt/airflow/dags/docker_dag.py
[2024-04-15T16:00:53.010+0000] {processor.py:756} INFO - Processing file /opt/airflow/dags/docker_dag.py for tasks to queue
[2024-04-15T16:00:53.014+0000] {logging_mixin.py:120} INFO - [2024-04-15T16:00:53.014+0000] {dagbag.py:537} INFO - Filling up the DagBag from /opt/airflow/dags/docker_dag.py
[2024-04-15T16:00:53.039+0000] {processor.py:768} WARNING - No viable dags retrieved from /opt/airflow/dags/docker_dag.py
[2024-04-15T16:00:53.065+0000] {processor.py:176} INFO - Processing /opt/airflow/dags/docker_dag.py took 0.063 seconds
[2024-04-15T16:01:23.423+0000] {processor.py:154} INFO - Started process (PID=21897) to work on /opt/airflow/dags/docker_dag.py
[2024-04-15T16:01:23.425+0000] {processor.py:756} INFO - Processing file /opt/airflow/dags/docker_dag.py for tasks to queue
[2024-04-15T16:01:23.428+0000] {logging_mixin.py:120} INFO - [2024-04-15T16:01:23.428+0000] {dagbag.py:537} INFO - Filling up the DagBag from /opt/airflow/dags/docker_dag.py
[2024-04-15T16:01:23.454+0000] {processor.py:768} WARNING - No viable dags retrieved from /opt/airflow/dags/docker_dag.py
[2024-04-15T16:01:23.478+0000] {processor.py:176} INFO - Processing /opt/airflow/dags/docker_dag.py took 0.065 seconds
[2024-04-15T16:01:53.877+0000] {processor.py:154} INFO - Started process (PID=21966) to work on /opt/airflow/dags/docker_dag.py
[2024-04-15T16:01:53.880+0000] {processor.py:756} INFO - Processing file /opt/airflow/dags/docker_dag.py for tasks to queue
[2024-04-15T16:01:53.883+0000] {logging_mixin.py:120} INFO - [2024-04-15T16:01:53.882+0000] {dagbag.py:537} INFO - Filling up the DagBag from /opt/airflow/dags/docker_dag.py
[2024-04-15T16:01:53.920+0000] {processor.py:768} WARNING - No viable dags retrieved from /opt/airflow/dags/docker_dag.py
[2024-04-15T16:01:53.952+0000] {processor.py:176} INFO - Processing /opt/airflow/dags/docker_dag.py took 0.088 seconds
[2024-04-15T16:02:24.440+0000] {processor.py:154} INFO - Started process (PID=22043) to work on /opt/airflow/dags/docker_dag.py
[2024-04-15T16:02:24.445+0000] {processor.py:756} INFO - Processing file /opt/airflow/dags/docker_dag.py for tasks to queue
[2024-04-15T16:02:24.448+0000] {logging_mixin.py:120} INFO - [2024-04-15T16:02:24.447+0000] {dagbag.py:537} INFO - Filling up the DagBag from /opt/airflow/dags/docker_dag.py
[2024-04-15T16:02:24.480+0000] {processor.py:768} WARNING - No viable dags retrieved from /opt/airflow/dags/docker_dag.py
[2024-04-15T16:02:24.509+0000] {processor.py:176} INFO - Processing /opt/airflow/dags/docker_dag.py took 0.076 seconds
[2024-04-15T16:02:55.413+0000] {processor.py:154} INFO - Started process (PID=22113) to work on /opt/airflow/dags/docker_dag.py
[2024-04-15T16:02:55.417+0000] {processor.py:756} INFO - Processing file /opt/airflow/dags/docker_dag.py for tasks to queue
[2024-04-15T16:02:55.419+0000] {logging_mixin.py:120} INFO - [2024-04-15T16:02:55.419+0000] {dagbag.py:537} INFO - Filling up the DagBag from /opt/airflow/dags/docker_dag.py
[2024-04-15T16:02:55.446+0000] {processor.py:768} WARNING - No viable dags retrieved from /opt/airflow/dags/docker_dag.py
[2024-04-15T16:02:55.471+0000] {processor.py:176} INFO - Processing /opt/airflow/dags/docker_dag.py took 0.063 seconds
[2024-04-15T16:03:26.153+0000] {processor.py:154} INFO - Started process (PID=22192) to work on /opt/airflow/dags/docker_dag.py
[2024-04-15T16:03:26.157+0000] {processor.py:756} INFO - Processing file /opt/airflow/dags/docker_dag.py for tasks to queue
[2024-04-15T16:03:26.160+0000] {logging_mixin.py:120} INFO - [2024-04-15T16:03:26.160+0000] {dagbag.py:537} INFO - Filling up the DagBag from /opt/airflow/dags/docker_dag.py
[2024-04-15T16:03:26.195+0000] {processor.py:768} WARNING - No viable dags retrieved from /opt/airflow/dags/docker_dag.py
[2024-04-15T16:03:26.230+0000] {processor.py:176} INFO - Processing /opt/airflow/dags/docker_dag.py took 0.085 seconds
[2024-04-15T16:03:56.543+0000] {processor.py:154} INFO - Started process (PID=22270) to work on /opt/airflow/dags/docker_dag.py
[2024-04-15T16:03:56.547+0000] {processor.py:756} INFO - Processing file /opt/airflow/dags/docker_dag.py for tasks to queue
[2024-04-15T16:03:56.552+0000] {logging_mixin.py:120} INFO - [2024-04-15T16:03:56.551+0000] {dagbag.py:537} INFO - Filling up the DagBag from /opt/airflow/dags/docker_dag.py
[2024-04-15T16:03:56.593+0000] {processor.py:768} WARNING - No viable dags retrieved from /opt/airflow/dags/docker_dag.py
[2024-04-15T16:03:56.632+0000] {processor.py:176} INFO - Processing /opt/airflow/dags/docker_dag.py took 0.101 seconds
[2024-04-15T16:04:27.536+0000] {processor.py:154} INFO - Started process (PID=22338) to work on /opt/airflow/dags/docker_dag.py
[2024-04-15T16:04:27.537+0000] {processor.py:756} INFO - Processing file /opt/airflow/dags/docker_dag.py for tasks to queue
[2024-04-15T16:04:27.539+0000] {logging_mixin.py:120} INFO - [2024-04-15T16:04:27.539+0000] {dagbag.py:537} INFO - Filling up the DagBag from /opt/airflow/dags/docker_dag.py
[2024-04-15T16:04:27.569+0000] {processor.py:768} WARNING - No viable dags retrieved from /opt/airflow/dags/docker_dag.py
[2024-04-15T16:04:27.599+0000] {processor.py:176} INFO - Processing /opt/airflow/dags/docker_dag.py took 0.068 seconds
[2024-04-15T16:04:58.098+0000] {processor.py:154} INFO - Started process (PID=22415) to work on /opt/airflow/dags/docker_dag.py
[2024-04-15T16:04:58.102+0000] {processor.py:756} INFO - Processing file /opt/airflow/dags/docker_dag.py for tasks to queue
[2024-04-15T16:04:58.104+0000] {logging_mixin.py:120} INFO - [2024-04-15T16:04:58.104+0000] {dagbag.py:537} INFO - Filling up the DagBag from /opt/airflow/dags/docker_dag.py
[2024-04-15T16:04:58.145+0000] {processor.py:768} WARNING - No viable dags retrieved from /opt/airflow/dags/docker_dag.py
[2024-04-15T16:04:58.272+0000] {processor.py:176} INFO - Processing /opt/airflow/dags/docker_dag.py took 0.179 seconds
[2024-04-15T16:05:28.369+0000] {processor.py:154} INFO - Started process (PID=22487) to work on /opt/airflow/dags/docker_dag.py
[2024-04-15T16:05:28.372+0000] {processor.py:756} INFO - Processing file /opt/airflow/dags/docker_dag.py for tasks to queue
[2024-04-15T16:05:28.373+0000] {logging_mixin.py:120} INFO - [2024-04-15T16:05:28.373+0000] {dagbag.py:537} INFO - Filling up the DagBag from /opt/airflow/dags/docker_dag.py
[2024-04-15T16:05:28.400+0000] {processor.py:768} WARNING - No viable dags retrieved from /opt/airflow/dags/docker_dag.py
[2024-04-15T16:05:28.428+0000] {processor.py:176} INFO - Processing /opt/airflow/dags/docker_dag.py took 0.065 seconds
[2024-04-15T16:05:58.672+0000] {processor.py:154} INFO - Started process (PID=22564) to work on /opt/airflow/dags/docker_dag.py
[2024-04-15T16:05:58.674+0000] {processor.py:756} INFO - Processing file /opt/airflow/dags/docker_dag.py for tasks to queue
[2024-04-15T16:05:58.676+0000] {logging_mixin.py:120} INFO - [2024-04-15T16:05:58.676+0000] {dagbag.py:537} INFO - Filling up the DagBag from /opt/airflow/dags/docker_dag.py
[2024-04-15T16:05:58.718+0000] {processor.py:768} WARNING - No viable dags retrieved from /opt/airflow/dags/docker_dag.py
[2024-04-15T16:05:58.751+0000] {processor.py:176} INFO - Processing /opt/airflow/dags/docker_dag.py took 0.088 seconds
[2024-04-15T16:06:28.864+0000] {processor.py:154} INFO - Started process (PID=22633) to work on /opt/airflow/dags/docker_dag.py
[2024-04-15T16:06:28.866+0000] {processor.py:756} INFO - Processing file /opt/airflow/dags/docker_dag.py for tasks to queue
[2024-04-15T16:06:28.868+0000] {logging_mixin.py:120} INFO - [2024-04-15T16:06:28.868+0000] {dagbag.py:537} INFO - Filling up the DagBag from /opt/airflow/dags/docker_dag.py
[2024-04-15T16:06:28.895+0000] {processor.py:768} WARNING - No viable dags retrieved from /opt/airflow/dags/docker_dag.py
[2024-04-15T16:06:28.923+0000] {processor.py:176} INFO - Processing /opt/airflow/dags/docker_dag.py took 0.065 seconds
[2024-04-15T16:06:59.278+0000] {processor.py:154} INFO - Started process (PID=22710) to work on /opt/airflow/dags/docker_dag.py
[2024-04-15T16:06:59.281+0000] {processor.py:756} INFO - Processing file /opt/airflow/dags/docker_dag.py for tasks to queue
[2024-04-15T16:06:59.283+0000] {logging_mixin.py:120} INFO - [2024-04-15T16:06:59.283+0000] {dagbag.py:537} INFO - Filling up the DagBag from /opt/airflow/dags/docker_dag.py
[2024-04-15T16:06:59.311+0000] {processor.py:768} WARNING - No viable dags retrieved from /opt/airflow/dags/docker_dag.py
[2024-04-15T16:06:59.338+0000] {processor.py:176} INFO - Processing /opt/airflow/dags/docker_dag.py took 0.067 seconds
[2024-04-15T16:07:29.533+0000] {processor.py:154} INFO - Started process (PID=22778) to work on /opt/airflow/dags/docker_dag.py
[2024-04-15T16:07:29.535+0000] {processor.py:756} INFO - Processing file /opt/airflow/dags/docker_dag.py for tasks to queue
[2024-04-15T16:07:29.538+0000] {logging_mixin.py:120} INFO - [2024-04-15T16:07:29.538+0000] {dagbag.py:537} INFO - Filling up the DagBag from /opt/airflow/dags/docker_dag.py
[2024-04-15T16:07:29.565+0000] {processor.py:768} WARNING - No viable dags retrieved from /opt/airflow/dags/docker_dag.py
[2024-04-15T16:07:29.591+0000] {processor.py:176} INFO - Processing /opt/airflow/dags/docker_dag.py took 0.064 seconds
[2024-04-15T16:07:59.834+0000] {processor.py:154} INFO - Started process (PID=22855) to work on /opt/airflow/dags/docker_dag.py
[2024-04-15T16:07:59.837+0000] {processor.py:756} INFO - Processing file /opt/airflow/dags/docker_dag.py for tasks to queue
[2024-04-15T16:07:59.840+0000] {logging_mixin.py:120} INFO - [2024-04-15T16:07:59.840+0000] {dagbag.py:537} INFO - Filling up the DagBag from /opt/airflow/dags/docker_dag.py
[2024-04-15T16:07:59.873+0000] {processor.py:768} WARNING - No viable dags retrieved from /opt/airflow/dags/docker_dag.py
[2024-04-15T16:07:59.917+0000] {processor.py:176} INFO - Processing /opt/airflow/dags/docker_dag.py took 0.090 seconds
[2024-04-15T16:08:30.215+0000] {processor.py:154} INFO - Started process (PID=22923) to work on /opt/airflow/dags/docker_dag.py
[2024-04-15T16:08:30.220+0000] {processor.py:756} INFO - Processing file /opt/airflow/dags/docker_dag.py for tasks to queue
[2024-04-15T16:08:30.222+0000] {logging_mixin.py:120} INFO - [2024-04-15T16:08:30.222+0000] {dagbag.py:537} INFO - Filling up the DagBag from /opt/airflow/dags/docker_dag.py
[2024-04-15T16:08:30.269+0000] {processor.py:768} WARNING - No viable dags retrieved from /opt/airflow/dags/docker_dag.py
[2024-04-15T16:08:30.318+0000] {processor.py:176} INFO - Processing /opt/airflow/dags/docker_dag.py took 0.111 seconds
[2024-04-15T16:09:00.432+0000] {processor.py:154} INFO - Started process (PID=23000) to work on /opt/airflow/dags/docker_dag.py
[2024-04-15T16:09:00.435+0000] {processor.py:756} INFO - Processing file /opt/airflow/dags/docker_dag.py for tasks to queue
[2024-04-15T16:09:00.440+0000] {logging_mixin.py:120} INFO - [2024-04-15T16:09:00.440+0000] {dagbag.py:537} INFO - Filling up the DagBag from /opt/airflow/dags/docker_dag.py
[2024-04-15T16:09:00.467+0000] {processor.py:768} WARNING - No viable dags retrieved from /opt/airflow/dags/docker_dag.py
[2024-04-15T16:09:00.498+0000] {processor.py:176} INFO - Processing /opt/airflow/dags/docker_dag.py took 0.080 seconds
[2024-04-15T16:09:31.209+0000] {processor.py:154} INFO - Started process (PID=23069) to work on /opt/airflow/dags/docker_dag.py
[2024-04-15T16:09:31.212+0000] {processor.py:756} INFO - Processing file /opt/airflow/dags/docker_dag.py for tasks to queue
[2024-04-15T16:09:31.214+0000] {logging_mixin.py:120} INFO - [2024-04-15T16:09:31.214+0000] {dagbag.py:537} INFO - Filling up the DagBag from /opt/airflow/dags/docker_dag.py
[2024-04-15T16:09:31.244+0000] {processor.py:768} WARNING - No viable dags retrieved from /opt/airflow/dags/docker_dag.py
[2024-04-15T16:09:31.275+0000] {processor.py:176} INFO - Processing /opt/airflow/dags/docker_dag.py took 0.074 seconds
[2024-04-15T16:10:01.336+0000] {processor.py:154} INFO - Started process (PID=23147) to work on /opt/airflow/dags/docker_dag.py
[2024-04-15T16:10:01.338+0000] {processor.py:756} INFO - Processing file /opt/airflow/dags/docker_dag.py for tasks to queue
[2024-04-15T16:10:01.341+0000] {logging_mixin.py:120} INFO - [2024-04-15T16:10:01.341+0000] {dagbag.py:537} INFO - Filling up the DagBag from /opt/airflow/dags/docker_dag.py
[2024-04-15T16:10:01.372+0000] {processor.py:768} WARNING - No viable dags retrieved from /opt/airflow/dags/docker_dag.py
[2024-04-15T16:10:01.409+0000] {processor.py:176} INFO - Processing /opt/airflow/dags/docker_dag.py took 0.080 seconds
[2024-04-15T16:10:31.565+0000] {processor.py:154} INFO - Started process (PID=23223) to work on /opt/airflow/dags/docker_dag.py
[2024-04-15T16:10:31.567+0000] {processor.py:756} INFO - Processing file /opt/airflow/dags/docker_dag.py for tasks to queue
[2024-04-15T16:10:31.569+0000] {logging_mixin.py:120} INFO - [2024-04-15T16:10:31.569+0000] {dagbag.py:537} INFO - Filling up the DagBag from /opt/airflow/dags/docker_dag.py
[2024-04-15T16:10:31.623+0000] {processor.py:768} WARNING - No viable dags retrieved from /opt/airflow/dags/docker_dag.py
[2024-04-15T16:10:31.648+0000] {processor.py:176} INFO - Processing /opt/airflow/dags/docker_dag.py took 0.090 seconds
[2024-04-15T16:11:01.698+0000] {processor.py:154} INFO - Started process (PID=23290) to work on /opt/airflow/dags/docker_dag.py
[2024-04-15T16:11:01.701+0000] {processor.py:756} INFO - Processing file /opt/airflow/dags/docker_dag.py for tasks to queue
[2024-04-15T16:11:01.702+0000] {logging_mixin.py:120} INFO - [2024-04-15T16:11:01.702+0000] {dagbag.py:537} INFO - Filling up the DagBag from /opt/airflow/dags/docker_dag.py
[2024-04-15T16:11:01.726+0000] {processor.py:768} WARNING - No viable dags retrieved from /opt/airflow/dags/docker_dag.py
[2024-04-15T16:11:01.749+0000] {processor.py:176} INFO - Processing /opt/airflow/dags/docker_dag.py took 0.057 seconds
[2024-04-15T16:11:31.975+0000] {processor.py:154} INFO - Started process (PID=23367) to work on /opt/airflow/dags/docker_dag.py
[2024-04-15T16:11:31.977+0000] {processor.py:756} INFO - Processing file /opt/airflow/dags/docker_dag.py for tasks to queue
[2024-04-15T16:11:31.979+0000] {logging_mixin.py:120} INFO - [2024-04-15T16:11:31.978+0000] {dagbag.py:537} INFO - Filling up the DagBag from /opt/airflow/dags/docker_dag.py
[2024-04-15T16:11:32.003+0000] {processor.py:768} WARNING - No viable dags retrieved from /opt/airflow/dags/docker_dag.py
[2024-04-15T16:11:32.026+0000] {processor.py:176} INFO - Processing /opt/airflow/dags/docker_dag.py took 0.057 seconds
[2024-04-15T16:12:02.901+0000] {processor.py:154} INFO - Started process (PID=23435) to work on /opt/airflow/dags/docker_dag.py
[2024-04-15T16:12:02.904+0000] {processor.py:756} INFO - Processing file /opt/airflow/dags/docker_dag.py for tasks to queue
[2024-04-15T16:12:02.906+0000] {logging_mixin.py:120} INFO - [2024-04-15T16:12:02.906+0000] {dagbag.py:537} INFO - Filling up the DagBag from /opt/airflow/dags/docker_dag.py
[2024-04-15T16:12:02.935+0000] {processor.py:768} WARNING - No viable dags retrieved from /opt/airflow/dags/docker_dag.py
[2024-04-15T16:12:02.961+0000] {processor.py:176} INFO - Processing /opt/airflow/dags/docker_dag.py took 0.065 seconds
[2024-04-15T16:12:33.701+0000] {processor.py:154} INFO - Started process (PID=23514) to work on /opt/airflow/dags/docker_dag.py
[2024-04-15T16:12:33.704+0000] {processor.py:756} INFO - Processing file /opt/airflow/dags/docker_dag.py for tasks to queue
[2024-04-15T16:12:33.707+0000] {logging_mixin.py:120} INFO - [2024-04-15T16:12:33.706+0000] {dagbag.py:537} INFO - Filling up the DagBag from /opt/airflow/dags/docker_dag.py
[2024-04-15T16:12:33.747+0000] {processor.py:768} WARNING - No viable dags retrieved from /opt/airflow/dags/docker_dag.py
[2024-04-15T16:12:33.789+0000] {processor.py:176} INFO - Processing /opt/airflow/dags/docker_dag.py took 0.098 seconds
[2024-04-15T16:13:03.902+0000] {processor.py:154} INFO - Started process (PID=23584) to work on /opt/airflow/dags/docker_dag.py
[2024-04-15T16:13:03.904+0000] {processor.py:756} INFO - Processing file /opt/airflow/dags/docker_dag.py for tasks to queue
[2024-04-15T16:13:03.906+0000] {logging_mixin.py:120} INFO - [2024-04-15T16:13:03.906+0000] {dagbag.py:537} INFO - Filling up the DagBag from /opt/airflow/dags/docker_dag.py
[2024-04-15T16:13:03.929+0000] {processor.py:768} WARNING - No viable dags retrieved from /opt/airflow/dags/docker_dag.py
[2024-04-15T16:13:03.954+0000] {processor.py:176} INFO - Processing /opt/airflow/dags/docker_dag.py took 0.059 seconds
[2024-04-15T16:13:34.749+0000] {processor.py:154} INFO - Started process (PID=23656) to work on /opt/airflow/dags/docker_dag.py
[2024-04-15T16:13:34.753+0000] {processor.py:756} INFO - Processing file /opt/airflow/dags/docker_dag.py for tasks to queue
[2024-04-15T16:13:34.757+0000] {logging_mixin.py:120} INFO - [2024-04-15T16:13:34.756+0000] {dagbag.py:537} INFO - Filling up the DagBag from /opt/airflow/dags/docker_dag.py
[2024-04-15T16:13:34.800+0000] {processor.py:768} WARNING - No viable dags retrieved from /opt/airflow/dags/docker_dag.py
[2024-04-15T16:13:34.842+0000] {processor.py:176} INFO - Processing /opt/airflow/dags/docker_dag.py took 0.106 seconds
[2024-04-15T16:20:17.341+0000] {processor.py:154} INFO - Started process (PID=23674) to work on /opt/airflow/dags/docker_dag.py
[2024-04-15T16:20:17.347+0000] {processor.py:756} INFO - Processing file /opt/airflow/dags/docker_dag.py for tasks to queue
[2024-04-15T16:20:17.349+0000] {logging_mixin.py:120} INFO - [2024-04-15T16:20:17.348+0000] {dagbag.py:537} INFO - Filling up the DagBag from /opt/airflow/dags/docker_dag.py
[2024-04-15T16:20:17.395+0000] {processor.py:768} WARNING - No viable dags retrieved from /opt/airflow/dags/docker_dag.py
[2024-04-15T16:20:17.465+0000] {processor.py:176} INFO - Processing /opt/airflow/dags/docker_dag.py took 0.131 seconds
