[2024-04-15T15:40:35.349+0000] {processor.py:154} INFO - Started process (PID=18883) to work on /opt/airflow/dags/producer.py
[2024-04-15T15:40:35.352+0000] {processor.py:756} INFO - Processing file /opt/airflow/dags/producer.py for tasks to queue
[2024-04-15T15:40:35.359+0000] {logging_mixin.py:120} INFO - [2024-04-15T15:40:35.357+0000] {dagbag.py:537} INFO - Filling up the DagBag from /opt/airflow/dags/producer.py
[2024-04-15T15:40:35.448+0000] {processor.py:766} INFO - DAG(s) dict_keys(['producer']) retrieved from /opt/airflow/dags/producer.py
[2024-04-15T15:40:35.617+0000] {logging_mixin.py:120} INFO - [2024-04-15T15:40:35.617+0000] {dag.py:2585} INFO - Sync 1 DAGs
[2024-04-15T15:40:35.778+0000] {logging_mixin.py:120} INFO - [2024-04-15T15:40:35.777+0000] {dag.py:3340} INFO - Setting next_dagrun for producer to 2024-04-14T00:00:00+00:00, run_after=2024-04-15T00:00:00+00:00
[2024-04-15T15:40:35.854+0000] {processor.py:176} INFO - Processing /opt/airflow/dags/producer.py took 0.516 seconds
[2024-04-15T15:41:06.083+0000] {processor.py:154} INFO - Started process (PID=18951) to work on /opt/airflow/dags/producer.py
[2024-04-15T15:41:06.086+0000] {processor.py:756} INFO - Processing file /opt/airflow/dags/producer.py for tasks to queue
[2024-04-15T15:41:06.091+0000] {logging_mixin.py:120} INFO - [2024-04-15T15:41:06.090+0000] {dagbag.py:537} INFO - Filling up the DagBag from /opt/airflow/dags/producer.py
[2024-04-15T15:41:06.163+0000] {processor.py:766} INFO - DAG(s) dict_keys(['producer']) retrieved from /opt/airflow/dags/producer.py
[2024-04-15T15:41:06.522+0000] {logging_mixin.py:120} INFO - [2024-04-15T15:41:06.521+0000] {dag.py:2585} INFO - Sync 1 DAGs
[2024-04-15T15:41:06.623+0000] {logging_mixin.py:120} INFO - [2024-04-15T15:41:06.622+0000] {dag.py:3340} INFO - Setting next_dagrun for producer to 2024-04-14T00:00:00+00:00, run_after=2024-04-15T00:00:00+00:00
[2024-04-15T15:41:06.698+0000] {processor.py:176} INFO - Processing /opt/airflow/dags/producer.py took 0.626 seconds
[2024-04-15T15:41:37.070+0000] {processor.py:154} INFO - Started process (PID=19021) to work on /opt/airflow/dags/producer.py
[2024-04-15T15:41:37.072+0000] {processor.py:756} INFO - Processing file /opt/airflow/dags/producer.py for tasks to queue
[2024-04-15T15:41:37.074+0000] {logging_mixin.py:120} INFO - [2024-04-15T15:41:37.074+0000] {dagbag.py:537} INFO - Filling up the DagBag from /opt/airflow/dags/producer.py
[2024-04-15T15:41:37.122+0000] {processor.py:766} INFO - DAG(s) dict_keys(['producer']) retrieved from /opt/airflow/dags/producer.py
[2024-04-15T15:41:37.201+0000] {logging_mixin.py:120} INFO - [2024-04-15T15:41:37.201+0000] {dag.py:2585} INFO - Sync 1 DAGs
[2024-04-15T15:41:37.273+0000] {logging_mixin.py:120} INFO - [2024-04-15T15:41:37.272+0000] {dag.py:3340} INFO - Setting next_dagrun for producer to 2024-04-14T00:00:00+00:00, run_after=2024-04-15T00:00:00+00:00
[2024-04-15T15:41:37.305+0000] {processor.py:176} INFO - Processing /opt/airflow/dags/producer.py took 0.241 seconds
[2024-04-15T15:42:07.534+0000] {processor.py:154} INFO - Started process (PID=19098) to work on /opt/airflow/dags/producer.py
[2024-04-15T15:42:07.538+0000] {processor.py:756} INFO - Processing file /opt/airflow/dags/producer.py for tasks to queue
[2024-04-15T15:42:07.540+0000] {logging_mixin.py:120} INFO - [2024-04-15T15:42:07.540+0000] {dagbag.py:537} INFO - Filling up the DagBag from /opt/airflow/dags/producer.py
[2024-04-15T15:42:07.589+0000] {processor.py:766} INFO - DAG(s) dict_keys(['producer']) retrieved from /opt/airflow/dags/producer.py
[2024-04-15T15:42:07.809+0000] {logging_mixin.py:120} INFO - [2024-04-15T15:42:07.808+0000] {dag.py:2585} INFO - Sync 1 DAGs
[2024-04-15T15:42:07.873+0000] {logging_mixin.py:120} INFO - [2024-04-15T15:42:07.873+0000] {dag.py:3340} INFO - Setting next_dagrun for producer to 2024-04-14T00:00:00+00:00, run_after=2024-04-15T00:00:00+00:00
[2024-04-15T15:42:07.935+0000] {processor.py:176} INFO - Processing /opt/airflow/dags/producer.py took 0.411 seconds
[2024-04-15T15:42:38.438+0000] {processor.py:154} INFO - Started process (PID=19175) to work on /opt/airflow/dags/producer.py
[2024-04-15T15:42:38.442+0000] {processor.py:756} INFO - Processing file /opt/airflow/dags/producer.py for tasks to queue
[2024-04-15T15:42:38.444+0000] {logging_mixin.py:120} INFO - [2024-04-15T15:42:38.444+0000] {dagbag.py:537} INFO - Filling up the DagBag from /opt/airflow/dags/producer.py
[2024-04-15T15:42:38.491+0000] {processor.py:766} INFO - DAG(s) dict_keys(['producer']) retrieved from /opt/airflow/dags/producer.py
[2024-04-15T15:42:38.572+0000] {logging_mixin.py:120} INFO - [2024-04-15T15:42:38.572+0000] {dag.py:2585} INFO - Sync 1 DAGs
[2024-04-15T15:42:38.621+0000] {logging_mixin.py:120} INFO - [2024-04-15T15:42:38.621+0000] {dag.py:3340} INFO - Setting next_dagrun for producer to 2024-04-14T00:00:00+00:00, run_after=2024-04-15T00:00:00+00:00
[2024-04-15T15:42:38.668+0000] {processor.py:176} INFO - Processing /opt/airflow/dags/producer.py took 0.238 seconds
[2024-04-15T15:43:09.946+0000] {processor.py:154} INFO - Started process (PID=19246) to work on /opt/airflow/dags/producer.py
[2024-04-15T15:43:09.958+0000] {processor.py:756} INFO - Processing file /opt/airflow/dags/producer.py for tasks to queue
[2024-04-15T15:43:09.963+0000] {logging_mixin.py:120} INFO - [2024-04-15T15:43:09.963+0000] {dagbag.py:537} INFO - Filling up the DagBag from /opt/airflow/dags/producer.py
[2024-04-15T15:43:10.092+0000] {processor.py:766} INFO - DAG(s) dict_keys(['producer']) retrieved from /opt/airflow/dags/producer.py
[2024-04-15T15:43:10.375+0000] {logging_mixin.py:120} INFO - [2024-04-15T15:43:10.375+0000] {dag.py:2585} INFO - Sync 1 DAGs
[2024-04-15T15:43:10.429+0000] {logging_mixin.py:120} INFO - [2024-04-15T15:43:10.429+0000] {dag.py:3340} INFO - Setting next_dagrun for producer to 2024-04-14T00:00:00+00:00, run_after=2024-04-15T00:00:00+00:00
[2024-04-15T15:43:10.467+0000] {processor.py:176} INFO - Processing /opt/airflow/dags/producer.py took 0.540 seconds
[2024-04-15T15:43:40.807+0000] {processor.py:154} INFO - Started process (PID=19324) to work on /opt/airflow/dags/producer.py
[2024-04-15T15:43:40.809+0000] {processor.py:756} INFO - Processing file /opt/airflow/dags/producer.py for tasks to queue
[2024-04-15T15:43:40.811+0000] {logging_mixin.py:120} INFO - [2024-04-15T15:43:40.810+0000] {dagbag.py:537} INFO - Filling up the DagBag from /opt/airflow/dags/producer.py
[2024-04-15T15:43:40.855+0000] {processor.py:766} INFO - DAG(s) dict_keys(['producer']) retrieved from /opt/airflow/dags/producer.py
[2024-04-15T15:43:40.908+0000] {logging_mixin.py:120} INFO - [2024-04-15T15:43:40.908+0000] {dag.py:2585} INFO - Sync 1 DAGs
[2024-04-15T15:43:40.961+0000] {logging_mixin.py:120} INFO - [2024-04-15T15:43:40.960+0000] {dag.py:3340} INFO - Setting next_dagrun for producer to 2024-04-14T00:00:00+00:00, run_after=2024-04-15T00:00:00+00:00
[2024-04-15T15:43:40.997+0000] {processor.py:176} INFO - Processing /opt/airflow/dags/producer.py took 0.196 seconds
[2024-04-15T15:44:11.200+0000] {processor.py:154} INFO - Started process (PID=19392) to work on /opt/airflow/dags/producer.py
[2024-04-15T15:44:11.202+0000] {processor.py:756} INFO - Processing file /opt/airflow/dags/producer.py for tasks to queue
[2024-04-15T15:44:11.204+0000] {logging_mixin.py:120} INFO - [2024-04-15T15:44:11.204+0000] {dagbag.py:537} INFO - Filling up the DagBag from /opt/airflow/dags/producer.py
[2024-04-15T15:44:11.251+0000] {processor.py:766} INFO - DAG(s) dict_keys(['producer']) retrieved from /opt/airflow/dags/producer.py
[2024-04-15T15:44:11.395+0000] {logging_mixin.py:120} INFO - [2024-04-15T15:44:11.395+0000] {dag.py:2585} INFO - Sync 1 DAGs
[2024-04-15T15:44:11.435+0000] {logging_mixin.py:120} INFO - [2024-04-15T15:44:11.435+0000] {dag.py:3340} INFO - Setting next_dagrun for producer to 2024-04-14T00:00:00+00:00, run_after=2024-04-15T00:00:00+00:00
[2024-04-15T15:44:11.478+0000] {processor.py:176} INFO - Processing /opt/airflow/dags/producer.py took 0.284 seconds
[2024-04-15T15:44:42.253+0000] {processor.py:154} INFO - Started process (PID=19469) to work on /opt/airflow/dags/producer.py
[2024-04-15T15:44:42.256+0000] {processor.py:756} INFO - Processing file /opt/airflow/dags/producer.py for tasks to queue
[2024-04-15T15:44:42.260+0000] {logging_mixin.py:120} INFO - [2024-04-15T15:44:42.259+0000] {dagbag.py:537} INFO - Filling up the DagBag from /opt/airflow/dags/producer.py
[2024-04-15T15:44:42.319+0000] {processor.py:766} INFO - DAG(s) dict_keys(['producer']) retrieved from /opt/airflow/dags/producer.py
[2024-04-15T15:44:42.372+0000] {logging_mixin.py:120} INFO - [2024-04-15T15:44:42.372+0000] {dag.py:2585} INFO - Sync 1 DAGs
[2024-04-15T15:44:42.427+0000] {logging_mixin.py:120} INFO - [2024-04-15T15:44:42.427+0000] {dag.py:3340} INFO - Setting next_dagrun for producer to 2024-04-14T00:00:00+00:00, run_after=2024-04-15T00:00:00+00:00
[2024-04-15T15:44:42.470+0000] {processor.py:176} INFO - Processing /opt/airflow/dags/producer.py took 0.227 seconds
[2024-04-15T15:45:12.844+0000] {processor.py:154} INFO - Started process (PID=19537) to work on /opt/airflow/dags/producer.py
[2024-04-15T15:45:12.847+0000] {processor.py:756} INFO - Processing file /opt/airflow/dags/producer.py for tasks to queue
[2024-04-15T15:45:12.851+0000] {logging_mixin.py:120} INFO - [2024-04-15T15:45:12.850+0000] {dagbag.py:537} INFO - Filling up the DagBag from /opt/airflow/dags/producer.py
[2024-04-15T15:45:12.925+0000] {processor.py:766} INFO - DAG(s) dict_keys(['producer']) retrieved from /opt/airflow/dags/producer.py
[2024-04-15T15:45:13.266+0000] {logging_mixin.py:120} INFO - [2024-04-15T15:45:13.265+0000] {dag.py:2585} INFO - Sync 1 DAGs
[2024-04-15T15:45:13.341+0000] {logging_mixin.py:120} INFO - [2024-04-15T15:45:13.340+0000] {dag.py:3340} INFO - Setting next_dagrun for producer to 2024-04-14T00:00:00+00:00, run_after=2024-04-15T00:00:00+00:00
[2024-04-15T15:45:13.411+0000] {processor.py:176} INFO - Processing /opt/airflow/dags/producer.py took 0.583 seconds
[2024-04-15T15:45:43.661+0000] {processor.py:154} INFO - Started process (PID=19615) to work on /opt/airflow/dags/producer.py
[2024-04-15T15:45:43.663+0000] {processor.py:756} INFO - Processing file /opt/airflow/dags/producer.py for tasks to queue
[2024-04-15T15:45:43.664+0000] {logging_mixin.py:120} INFO - [2024-04-15T15:45:43.664+0000] {dagbag.py:537} INFO - Filling up the DagBag from /opt/airflow/dags/producer.py
[2024-04-15T15:45:43.702+0000] {processor.py:766} INFO - DAG(s) dict_keys(['producer']) retrieved from /opt/airflow/dags/producer.py
[2024-04-15T15:45:43.770+0000] {logging_mixin.py:120} INFO - [2024-04-15T15:45:43.770+0000] {dag.py:2585} INFO - Sync 1 DAGs
[2024-04-15T15:45:43.835+0000] {logging_mixin.py:120} INFO - [2024-04-15T15:45:43.835+0000] {dag.py:3340} INFO - Setting next_dagrun for producer to 2024-04-14T00:00:00+00:00, run_after=2024-04-15T00:00:00+00:00
[2024-04-15T15:45:43.877+0000] {processor.py:176} INFO - Processing /opt/airflow/dags/producer.py took 0.225 seconds
[2024-04-15T15:46:14.026+0000] {processor.py:154} INFO - Started process (PID=19684) to work on /opt/airflow/dags/producer.py
[2024-04-15T15:46:14.028+0000] {processor.py:756} INFO - Processing file /opt/airflow/dags/producer.py for tasks to queue
[2024-04-15T15:46:14.031+0000] {logging_mixin.py:120} INFO - [2024-04-15T15:46:14.030+0000] {dagbag.py:537} INFO - Filling up the DagBag from /opt/airflow/dags/producer.py
[2024-04-15T15:46:14.079+0000] {processor.py:766} INFO - DAG(s) dict_keys(['producer']) retrieved from /opt/airflow/dags/producer.py
[2024-04-15T15:46:14.213+0000] {logging_mixin.py:120} INFO - [2024-04-15T15:46:14.212+0000] {dag.py:2585} INFO - Sync 1 DAGs
[2024-04-15T15:46:14.270+0000] {logging_mixin.py:120} INFO - [2024-04-15T15:46:14.270+0000] {dag.py:3340} INFO - Setting next_dagrun for producer to 2024-04-14T00:00:00+00:00, run_after=2024-04-15T00:00:00+00:00
[2024-04-15T15:46:14.311+0000] {processor.py:176} INFO - Processing /opt/airflow/dags/producer.py took 0.295 seconds
[2024-04-15T15:46:44.370+0000] {processor.py:154} INFO - Started process (PID=19762) to work on /opt/airflow/dags/producer.py
[2024-04-15T15:46:44.381+0000] {processor.py:756} INFO - Processing file /opt/airflow/dags/producer.py for tasks to queue
[2024-04-15T15:46:44.386+0000] {logging_mixin.py:120} INFO - [2024-04-15T15:46:44.386+0000] {dagbag.py:537} INFO - Filling up the DagBag from /opt/airflow/dags/producer.py
[2024-04-15T15:46:44.427+0000] {processor.py:766} INFO - DAG(s) dict_keys(['producer']) retrieved from /opt/airflow/dags/producer.py
[2024-04-15T15:46:44.492+0000] {logging_mixin.py:120} INFO - [2024-04-15T15:46:44.492+0000] {dag.py:2585} INFO - Sync 1 DAGs
[2024-04-15T15:46:44.531+0000] {logging_mixin.py:120} INFO - [2024-04-15T15:46:44.530+0000] {dag.py:3340} INFO - Setting next_dagrun for producer to 2024-04-14T00:00:00+00:00, run_after=2024-04-15T00:00:00+00:00
[2024-04-15T15:46:44.560+0000] {processor.py:176} INFO - Processing /opt/airflow/dags/producer.py took 0.197 seconds
[2024-04-15T15:47:14.866+0000] {processor.py:154} INFO - Started process (PID=19840) to work on /opt/airflow/dags/producer.py
[2024-04-15T15:47:14.869+0000] {processor.py:756} INFO - Processing file /opt/airflow/dags/producer.py for tasks to queue
[2024-04-15T15:47:14.871+0000] {logging_mixin.py:120} INFO - [2024-04-15T15:47:14.871+0000] {dagbag.py:537} INFO - Filling up the DagBag from /opt/airflow/dags/producer.py
[2024-04-15T15:47:14.918+0000] {processor.py:766} INFO - DAG(s) dict_keys(['producer']) retrieved from /opt/airflow/dags/producer.py
[2024-04-15T15:47:15.060+0000] {logging_mixin.py:120} INFO - [2024-04-15T15:47:15.060+0000] {dag.py:2585} INFO - Sync 1 DAGs
[2024-04-15T15:47:15.097+0000] {logging_mixin.py:120} INFO - [2024-04-15T15:47:15.097+0000] {dag.py:3340} INFO - Setting next_dagrun for producer to 2024-04-14T00:00:00+00:00, run_after=2024-04-15T00:00:00+00:00
[2024-04-15T15:47:15.132+0000] {processor.py:176} INFO - Processing /opt/airflow/dags/producer.py took 0.273 seconds
[2024-04-15T15:47:45.345+0000] {processor.py:154} INFO - Started process (PID=19911) to work on /opt/airflow/dags/producer.py
[2024-04-15T15:47:45.349+0000] {processor.py:756} INFO - Processing file /opt/airflow/dags/producer.py for tasks to queue
[2024-04-15T15:47:45.351+0000] {logging_mixin.py:120} INFO - [2024-04-15T15:47:45.351+0000] {dagbag.py:537} INFO - Filling up the DagBag from /opt/airflow/dags/producer.py
[2024-04-15T15:47:45.420+0000] {processor.py:766} INFO - DAG(s) dict_keys(['producer']) retrieved from /opt/airflow/dags/producer.py
[2024-04-15T15:47:45.530+0000] {logging_mixin.py:120} INFO - [2024-04-15T15:47:45.529+0000] {dag.py:2585} INFO - Sync 1 DAGs
[2024-04-15T15:47:45.593+0000] {logging_mixin.py:120} INFO - [2024-04-15T15:47:45.592+0000] {dag.py:3340} INFO - Setting next_dagrun for producer to 2024-04-14T00:00:00+00:00, run_after=2024-04-15T00:00:00+00:00
[2024-04-15T15:47:45.642+0000] {processor.py:176} INFO - Processing /opt/airflow/dags/producer.py took 0.309 seconds
[2024-04-15T15:48:16.001+0000] {processor.py:154} INFO - Started process (PID=19988) to work on /opt/airflow/dags/producer.py
[2024-04-15T15:48:16.003+0000] {processor.py:756} INFO - Processing file /opt/airflow/dags/producer.py for tasks to queue
[2024-04-15T15:48:16.006+0000] {logging_mixin.py:120} INFO - [2024-04-15T15:48:16.005+0000] {dagbag.py:537} INFO - Filling up the DagBag from /opt/airflow/dags/producer.py
[2024-04-15T15:48:16.025+0000] {processor.py:766} INFO - DAG(s) dict_keys(['producer']) retrieved from /opt/airflow/dags/producer.py
[2024-04-15T15:48:16.162+0000] {logging_mixin.py:120} INFO - [2024-04-15T15:48:16.162+0000] {dag.py:2585} INFO - Sync 1 DAGs
[2024-04-15T15:48:16.201+0000] {logging_mixin.py:120} INFO - [2024-04-15T15:48:16.201+0000] {dag.py:3340} INFO - Setting next_dagrun for producer to 2024-04-14T00:00:00+00:00, run_after=2024-04-15T00:00:00+00:00
[2024-04-15T15:48:16.249+0000] {processor.py:176} INFO - Processing /opt/airflow/dags/producer.py took 0.278 seconds
[2024-04-15T15:48:47.046+0000] {processor.py:154} INFO - Started process (PID=20058) to work on /opt/airflow/dags/producer.py
[2024-04-15T15:48:47.048+0000] {processor.py:756} INFO - Processing file /opt/airflow/dags/producer.py for tasks to queue
[2024-04-15T15:48:47.050+0000] {logging_mixin.py:120} INFO - [2024-04-15T15:48:47.050+0000] {dagbag.py:537} INFO - Filling up the DagBag from /opt/airflow/dags/producer.py
[2024-04-15T15:48:47.089+0000] {processor.py:766} INFO - DAG(s) dict_keys(['producer']) retrieved from /opt/airflow/dags/producer.py
[2024-04-15T15:48:47.157+0000] {logging_mixin.py:120} INFO - [2024-04-15T15:48:47.157+0000] {dag.py:2585} INFO - Sync 1 DAGs
[2024-04-15T15:48:47.197+0000] {logging_mixin.py:120} INFO - [2024-04-15T15:48:47.197+0000] {dag.py:3340} INFO - Setting next_dagrun for producer to 2024-04-14T00:00:00+00:00, run_after=2024-04-15T00:00:00+00:00
[2024-04-15T15:48:47.237+0000] {processor.py:176} INFO - Processing /opt/airflow/dags/producer.py took 0.197 seconds
[2024-04-15T15:49:17.957+0000] {processor.py:154} INFO - Started process (PID=20136) to work on /opt/airflow/dags/producer.py
[2024-04-15T15:49:17.960+0000] {processor.py:756} INFO - Processing file /opt/airflow/dags/producer.py for tasks to queue
[2024-04-15T15:49:17.962+0000] {logging_mixin.py:120} INFO - [2024-04-15T15:49:17.962+0000] {dagbag.py:537} INFO - Filling up the DagBag from /opt/airflow/dags/producer.py
[2024-04-15T15:49:18.009+0000] {processor.py:766} INFO - DAG(s) dict_keys(['producer']) retrieved from /opt/airflow/dags/producer.py
[2024-04-15T15:49:18.172+0000] {logging_mixin.py:120} INFO - [2024-04-15T15:49:18.171+0000] {dag.py:2585} INFO - Sync 1 DAGs
[2024-04-15T15:49:18.215+0000] {logging_mixin.py:120} INFO - [2024-04-15T15:49:18.215+0000] {dag.py:3340} INFO - Setting next_dagrun for producer to 2024-04-14T00:00:00+00:00, run_after=2024-04-15T00:00:00+00:00
[2024-04-15T15:49:18.255+0000] {processor.py:176} INFO - Processing /opt/airflow/dags/producer.py took 0.308 seconds
[2024-04-15T15:49:48.823+0000] {processor.py:154} INFO - Started process (PID=20214) to work on /opt/airflow/dags/producer.py
[2024-04-15T15:49:48.828+0000] {processor.py:756} INFO - Processing file /opt/airflow/dags/producer.py for tasks to queue
[2024-04-15T15:49:48.833+0000] {logging_mixin.py:120} INFO - [2024-04-15T15:49:48.832+0000] {dagbag.py:537} INFO - Filling up the DagBag from /opt/airflow/dags/producer.py
[2024-04-15T15:49:48.941+0000] {processor.py:766} INFO - DAG(s) dict_keys(['producer']) retrieved from /opt/airflow/dags/producer.py
[2024-04-15T15:49:49.063+0000] {logging_mixin.py:120} INFO - [2024-04-15T15:49:49.063+0000] {dag.py:2585} INFO - Sync 1 DAGs
[2024-04-15T15:49:49.141+0000] {logging_mixin.py:120} INFO - [2024-04-15T15:49:49.140+0000] {dag.py:3340} INFO - Setting next_dagrun for producer to 2024-04-14T00:00:00+00:00, run_after=2024-04-15T00:00:00+00:00
[2024-04-15T15:49:49.207+0000] {processor.py:176} INFO - Processing /opt/airflow/dags/producer.py took 0.394 seconds
[2024-04-15T15:50:19.951+0000] {processor.py:154} INFO - Started process (PID=20284) to work on /opt/airflow/dags/producer.py
[2024-04-15T15:50:19.953+0000] {processor.py:756} INFO - Processing file /opt/airflow/dags/producer.py for tasks to queue
[2024-04-15T15:50:19.955+0000] {logging_mixin.py:120} INFO - [2024-04-15T15:50:19.954+0000] {dagbag.py:537} INFO - Filling up the DagBag from /opt/airflow/dags/producer.py
[2024-04-15T15:50:20.002+0000] {processor.py:766} INFO - DAG(s) dict_keys(['producer']) retrieved from /opt/airflow/dags/producer.py
[2024-04-15T15:50:20.152+0000] {logging_mixin.py:120} INFO - [2024-04-15T15:50:20.151+0000] {dag.py:2585} INFO - Sync 1 DAGs
[2024-04-15T15:50:20.198+0000] {logging_mixin.py:120} INFO - [2024-04-15T15:50:20.197+0000] {dag.py:3340} INFO - Setting next_dagrun for producer to 2024-04-14T00:00:00+00:00, run_after=2024-04-15T00:00:00+00:00
[2024-04-15T15:50:20.254+0000] {processor.py:176} INFO - Processing /opt/airflow/dags/producer.py took 0.309 seconds
[2024-04-15T15:50:50.414+0000] {processor.py:154} INFO - Started process (PID=20362) to work on /opt/airflow/dags/producer.py
[2024-04-15T15:50:50.416+0000] {processor.py:756} INFO - Processing file /opt/airflow/dags/producer.py for tasks to queue
[2024-04-15T15:50:50.418+0000] {logging_mixin.py:120} INFO - [2024-04-15T15:50:50.418+0000] {dagbag.py:537} INFO - Filling up the DagBag from /opt/airflow/dags/producer.py
[2024-04-15T15:50:50.461+0000] {processor.py:766} INFO - DAG(s) dict_keys(['producer']) retrieved from /opt/airflow/dags/producer.py
[2024-04-15T15:50:50.530+0000] {logging_mixin.py:120} INFO - [2024-04-15T15:50:50.530+0000] {dag.py:2585} INFO - Sync 1 DAGs
[2024-04-15T15:50:50.575+0000] {logging_mixin.py:120} INFO - [2024-04-15T15:50:50.574+0000] {dag.py:3340} INFO - Setting next_dagrun for producer to 2024-04-14T00:00:00+00:00, run_after=2024-04-15T00:00:00+00:00
[2024-04-15T15:50:50.621+0000] {processor.py:176} INFO - Processing /opt/airflow/dags/producer.py took 0.215 seconds
[2024-04-15T15:51:21.058+0000] {processor.py:154} INFO - Started process (PID=20431) to work on /opt/airflow/dags/producer.py
[2024-04-15T15:51:21.060+0000] {processor.py:756} INFO - Processing file /opt/airflow/dags/producer.py for tasks to queue
[2024-04-15T15:51:21.061+0000] {logging_mixin.py:120} INFO - [2024-04-15T15:51:21.061+0000] {dagbag.py:537} INFO - Filling up the DagBag from /opt/airflow/dags/producer.py
[2024-04-15T15:51:21.099+0000] {processor.py:766} INFO - DAG(s) dict_keys(['producer']) retrieved from /opt/airflow/dags/producer.py
[2024-04-15T15:51:21.229+0000] {logging_mixin.py:120} INFO - [2024-04-15T15:51:21.228+0000] {dag.py:2585} INFO - Sync 1 DAGs
[2024-04-15T15:51:21.290+0000] {logging_mixin.py:120} INFO - [2024-04-15T15:51:21.289+0000] {dag.py:3340} INFO - Setting next_dagrun for producer to 2024-04-14T00:00:00+00:00, run_after=2024-04-15T00:00:00+00:00
[2024-04-15T15:51:21.333+0000] {processor.py:176} INFO - Processing /opt/airflow/dags/producer.py took 0.282 seconds
[2024-04-15T15:51:51.919+0000] {processor.py:154} INFO - Started process (PID=20511) to work on /opt/airflow/dags/producer.py
[2024-04-15T15:51:51.922+0000] {processor.py:756} INFO - Processing file /opt/airflow/dags/producer.py for tasks to queue
[2024-04-15T15:51:51.923+0000] {logging_mixin.py:120} INFO - [2024-04-15T15:51:51.923+0000] {dagbag.py:537} INFO - Filling up the DagBag from /opt/airflow/dags/producer.py
[2024-04-15T15:51:51.970+0000] {processor.py:766} INFO - DAG(s) dict_keys(['producer']) retrieved from /opt/airflow/dags/producer.py
[2024-04-15T15:51:52.041+0000] {logging_mixin.py:120} INFO - [2024-04-15T15:51:52.041+0000] {dag.py:2585} INFO - Sync 1 DAGs
[2024-04-15T15:51:52.085+0000] {logging_mixin.py:120} INFO - [2024-04-15T15:51:52.085+0000] {dag.py:3340} INFO - Setting next_dagrun for producer to 2024-04-14T00:00:00+00:00, run_after=2024-04-15T00:00:00+00:00
[2024-04-15T15:51:52.121+0000] {processor.py:176} INFO - Processing /opt/airflow/dags/producer.py took 0.207 seconds
[2024-04-15T15:52:22.236+0000] {processor.py:154} INFO - Started process (PID=20580) to work on /opt/airflow/dags/producer.py
[2024-04-15T15:52:22.239+0000] {processor.py:756} INFO - Processing file /opt/airflow/dags/producer.py for tasks to queue
[2024-04-15T15:52:22.241+0000] {logging_mixin.py:120} INFO - [2024-04-15T15:52:22.241+0000] {dagbag.py:537} INFO - Filling up the DagBag from /opt/airflow/dags/producer.py
[2024-04-15T15:52:22.279+0000] {processor.py:766} INFO - DAG(s) dict_keys(['producer']) retrieved from /opt/airflow/dags/producer.py
[2024-04-15T15:52:22.428+0000] {logging_mixin.py:120} INFO - [2024-04-15T15:52:22.428+0000] {dag.py:2585} INFO - Sync 1 DAGs
[2024-04-15T15:52:22.477+0000] {logging_mixin.py:120} INFO - [2024-04-15T15:52:22.476+0000] {dag.py:3340} INFO - Setting next_dagrun for producer to 2024-04-14T00:00:00+00:00, run_after=2024-04-15T00:00:00+00:00
[2024-04-15T15:52:22.519+0000] {processor.py:176} INFO - Processing /opt/airflow/dags/producer.py took 0.288 seconds
[2024-04-15T15:52:53.002+0000] {processor.py:154} INFO - Started process (PID=20657) to work on /opt/airflow/dags/producer.py
[2024-04-15T15:52:53.012+0000] {processor.py:756} INFO - Processing file /opt/airflow/dags/producer.py for tasks to queue
[2024-04-15T15:52:53.018+0000] {logging_mixin.py:120} INFO - [2024-04-15T15:52:53.018+0000] {dagbag.py:537} INFO - Filling up the DagBag from /opt/airflow/dags/producer.py
[2024-04-15T15:52:53.121+0000] {processor.py:766} INFO - DAG(s) dict_keys(['producer']) retrieved from /opt/airflow/dags/producer.py
[2024-04-15T15:52:53.271+0000] {logging_mixin.py:120} INFO - [2024-04-15T15:52:53.271+0000] {dag.py:2585} INFO - Sync 1 DAGs
[2024-04-15T15:52:53.374+0000] {logging_mixin.py:120} INFO - [2024-04-15T15:52:53.373+0000] {dag.py:3340} INFO - Setting next_dagrun for producer to 2024-04-14T00:00:00+00:00, run_after=2024-04-15T00:00:00+00:00
[2024-04-15T15:52:53.438+0000] {processor.py:176} INFO - Processing /opt/airflow/dags/producer.py took 0.455 seconds
[2024-04-15T15:53:24.012+0000] {processor.py:154} INFO - Started process (PID=20733) to work on /opt/airflow/dags/producer.py
[2024-04-15T15:53:24.018+0000] {processor.py:756} INFO - Processing file /opt/airflow/dags/producer.py for tasks to queue
[2024-04-15T15:53:24.022+0000] {logging_mixin.py:120} INFO - [2024-04-15T15:53:24.022+0000] {dagbag.py:537} INFO - Filling up the DagBag from /opt/airflow/dags/producer.py
[2024-04-15T15:53:24.087+0000] {processor.py:766} INFO - DAG(s) dict_keys(['producer']) retrieved from /opt/airflow/dags/producer.py
[2024-04-15T15:53:24.240+0000] {logging_mixin.py:120} INFO - [2024-04-15T15:53:24.240+0000] {dag.py:2585} INFO - Sync 1 DAGs
[2024-04-15T15:53:24.336+0000] {logging_mixin.py:120} INFO - [2024-04-15T15:53:24.336+0000] {dag.py:3340} INFO - Setting next_dagrun for producer to 2024-04-14T00:00:00+00:00, run_after=2024-04-15T00:00:00+00:00
[2024-04-15T15:53:24.399+0000] {processor.py:176} INFO - Processing /opt/airflow/dags/producer.py took 0.401 seconds
[2024-04-15T15:53:54.797+0000] {processor.py:154} INFO - Started process (PID=20805) to work on /opt/airflow/dags/producer.py
[2024-04-15T15:53:54.800+0000] {processor.py:756} INFO - Processing file /opt/airflow/dags/producer.py for tasks to queue
[2024-04-15T15:53:54.803+0000] {logging_mixin.py:120} INFO - [2024-04-15T15:53:54.803+0000] {dagbag.py:537} INFO - Filling up the DagBag from /opt/airflow/dags/producer.py
[2024-04-15T15:53:54.856+0000] {processor.py:766} INFO - DAG(s) dict_keys(['producer']) retrieved from /opt/airflow/dags/producer.py
[2024-04-15T15:53:54.953+0000] {logging_mixin.py:120} INFO - [2024-04-15T15:53:54.949+0000] {dag.py:2585} INFO - Sync 1 DAGs
[2024-04-15T15:53:55.101+0000] {logging_mixin.py:120} INFO - [2024-04-15T15:53:55.101+0000] {dag.py:3340} INFO - Setting next_dagrun for producer to 2024-04-14T00:00:00+00:00, run_after=2024-04-15T00:00:00+00:00
[2024-04-15T15:53:55.153+0000] {processor.py:176} INFO - Processing /opt/airflow/dags/producer.py took 0.365 seconds
[2024-04-15T15:54:25.252+0000] {processor.py:154} INFO - Started process (PID=20883) to work on /opt/airflow/dags/producer.py
[2024-04-15T15:54:25.254+0000] {processor.py:756} INFO - Processing file /opt/airflow/dags/producer.py for tasks to queue
[2024-04-15T15:54:25.256+0000] {logging_mixin.py:120} INFO - [2024-04-15T15:54:25.256+0000] {dagbag.py:537} INFO - Filling up the DagBag from /opt/airflow/dags/producer.py
[2024-04-15T15:54:25.293+0000] {processor.py:766} INFO - DAG(s) dict_keys(['producer']) retrieved from /opt/airflow/dags/producer.py
[2024-04-15T15:54:25.420+0000] {logging_mixin.py:120} INFO - [2024-04-15T15:54:25.420+0000] {dag.py:2585} INFO - Sync 1 DAGs
[2024-04-15T15:54:25.462+0000] {logging_mixin.py:120} INFO - [2024-04-15T15:54:25.461+0000] {dag.py:3340} INFO - Setting next_dagrun for producer to 2024-04-14T00:00:00+00:00, run_after=2024-04-15T00:00:00+00:00
[2024-04-15T15:54:25.512+0000] {processor.py:176} INFO - Processing /opt/airflow/dags/producer.py took 0.267 seconds
[2024-04-15T15:54:56.151+0000] {processor.py:154} INFO - Started process (PID=20952) to work on /opt/airflow/dags/producer.py
[2024-04-15T15:54:56.156+0000] {processor.py:756} INFO - Processing file /opt/airflow/dags/producer.py for tasks to queue
[2024-04-15T15:54:56.158+0000] {logging_mixin.py:120} INFO - [2024-04-15T15:54:56.158+0000] {dagbag.py:537} INFO - Filling up the DagBag from /opt/airflow/dags/producer.py
[2024-04-15T15:54:56.231+0000] {processor.py:766} INFO - DAG(s) dict_keys(['producer']) retrieved from /opt/airflow/dags/producer.py
[2024-04-15T15:54:56.274+0000] {logging_mixin.py:120} INFO - [2024-04-15T15:54:56.274+0000] {dag.py:2585} INFO - Sync 1 DAGs
[2024-04-15T15:54:56.316+0000] {logging_mixin.py:120} INFO - [2024-04-15T15:54:56.316+0000] {dag.py:3340} INFO - Setting next_dagrun for producer to 2024-04-14T00:00:00+00:00, run_after=2024-04-15T00:00:00+00:00
[2024-04-15T15:54:56.351+0000] {processor.py:176} INFO - Processing /opt/airflow/dags/producer.py took 0.211 seconds
[2024-04-15T15:55:26.749+0000] {processor.py:154} INFO - Started process (PID=21030) to work on /opt/airflow/dags/producer.py
[2024-04-15T15:55:26.751+0000] {processor.py:756} INFO - Processing file /opt/airflow/dags/producer.py for tasks to queue
[2024-04-15T15:55:26.754+0000] {logging_mixin.py:120} INFO - [2024-04-15T15:55:26.754+0000] {dagbag.py:537} INFO - Filling up the DagBag from /opt/airflow/dags/producer.py
[2024-04-15T15:55:26.818+0000] {processor.py:766} INFO - DAG(s) dict_keys(['producer']) retrieved from /opt/airflow/dags/producer.py
[2024-04-15T15:55:26.976+0000] {logging_mixin.py:120} INFO - [2024-04-15T15:55:26.976+0000] {dag.py:2585} INFO - Sync 1 DAGs
[2024-04-15T15:55:27.016+0000] {logging_mixin.py:120} INFO - [2024-04-15T15:55:27.016+0000] {dag.py:3340} INFO - Setting next_dagrun for producer to 2024-04-14T00:00:00+00:00, run_after=2024-04-15T00:00:00+00:00
[2024-04-15T15:55:27.057+0000] {processor.py:176} INFO - Processing /opt/airflow/dags/producer.py took 0.316 seconds
[2024-04-15T15:55:57.276+0000] {processor.py:154} INFO - Started process (PID=21100) to work on /opt/airflow/dags/producer.py
[2024-04-15T15:55:57.278+0000] {processor.py:756} INFO - Processing file /opt/airflow/dags/producer.py for tasks to queue
[2024-04-15T15:55:57.279+0000] {logging_mixin.py:120} INFO - [2024-04-15T15:55:57.279+0000] {dagbag.py:537} INFO - Filling up the DagBag from /opt/airflow/dags/producer.py
[2024-04-15T15:55:57.319+0000] {processor.py:766} INFO - DAG(s) dict_keys(['producer']) retrieved from /opt/airflow/dags/producer.py
[2024-04-15T15:55:57.414+0000] {logging_mixin.py:120} INFO - [2024-04-15T15:55:57.414+0000] {dag.py:2585} INFO - Sync 1 DAGs
[2024-04-15T15:55:57.517+0000] {logging_mixin.py:120} INFO - [2024-04-15T15:55:57.516+0000] {dag.py:3340} INFO - Setting next_dagrun for producer to 2024-04-14T00:00:00+00:00, run_after=2024-04-15T00:00:00+00:00
[2024-04-15T15:55:57.550+0000] {processor.py:176} INFO - Processing /opt/airflow/dags/producer.py took 0.280 seconds
[2024-04-15T15:56:28.458+0000] {processor.py:154} INFO - Started process (PID=21177) to work on /opt/airflow/dags/producer.py
[2024-04-15T15:56:28.461+0000] {processor.py:756} INFO - Processing file /opt/airflow/dags/producer.py for tasks to queue
[2024-04-15T15:56:28.464+0000] {logging_mixin.py:120} INFO - [2024-04-15T15:56:28.463+0000] {dagbag.py:537} INFO - Filling up the DagBag from /opt/airflow/dags/producer.py
[2024-04-15T15:56:28.513+0000] {processor.py:766} INFO - DAG(s) dict_keys(['producer']) retrieved from /opt/airflow/dags/producer.py
[2024-04-15T15:56:28.658+0000] {logging_mixin.py:120} INFO - [2024-04-15T15:56:28.658+0000] {dag.py:2585} INFO - Sync 1 DAGs
[2024-04-15T15:56:28.699+0000] {logging_mixin.py:120} INFO - [2024-04-15T15:56:28.698+0000] {dag.py:3340} INFO - Setting next_dagrun for producer to 2024-04-14T00:00:00+00:00, run_after=2024-04-15T00:00:00+00:00
[2024-04-15T15:56:28.742+0000] {processor.py:176} INFO - Processing /opt/airflow/dags/producer.py took 0.293 seconds
[2024-04-15T15:56:59.293+0000] {processor.py:154} INFO - Started process (PID=21256) to work on /opt/airflow/dags/producer.py
[2024-04-15T15:56:59.295+0000] {processor.py:756} INFO - Processing file /opt/airflow/dags/producer.py for tasks to queue
[2024-04-15T15:56:59.297+0000] {logging_mixin.py:120} INFO - [2024-04-15T15:56:59.297+0000] {dagbag.py:537} INFO - Filling up the DagBag from /opt/airflow/dags/producer.py
[2024-04-15T15:56:59.340+0000] {processor.py:766} INFO - DAG(s) dict_keys(['producer']) retrieved from /opt/airflow/dags/producer.py
[2024-04-15T15:56:59.385+0000] {logging_mixin.py:120} INFO - [2024-04-15T15:56:59.385+0000] {dag.py:2585} INFO - Sync 1 DAGs
[2024-04-15T15:56:59.429+0000] {logging_mixin.py:120} INFO - [2024-04-15T15:56:59.428+0000] {dag.py:3340} INFO - Setting next_dagrun for producer to 2024-04-14T00:00:00+00:00, run_after=2024-04-15T00:00:00+00:00
[2024-04-15T15:56:59.464+0000] {processor.py:176} INFO - Processing /opt/airflow/dags/producer.py took 0.177 seconds
[2024-04-15T15:57:30.237+0000] {processor.py:154} INFO - Started process (PID=21327) to work on /opt/airflow/dags/producer.py
[2024-04-15T15:57:30.239+0000] {processor.py:756} INFO - Processing file /opt/airflow/dags/producer.py for tasks to queue
[2024-04-15T15:57:30.240+0000] {logging_mixin.py:120} INFO - [2024-04-15T15:57:30.240+0000] {dagbag.py:537} INFO - Filling up the DagBag from /opt/airflow/dags/producer.py
[2024-04-15T15:57:30.278+0000] {processor.py:766} INFO - DAG(s) dict_keys(['producer']) retrieved from /opt/airflow/dags/producer.py
[2024-04-15T15:57:30.399+0000] {logging_mixin.py:120} INFO - [2024-04-15T15:57:30.399+0000] {dag.py:2585} INFO - Sync 1 DAGs
[2024-04-15T15:57:30.438+0000] {logging_mixin.py:120} INFO - [2024-04-15T15:57:30.438+0000] {dag.py:3340} INFO - Setting next_dagrun for producer to 2024-04-14T00:00:00+00:00, run_after=2024-04-15T00:00:00+00:00
[2024-04-15T15:57:30.477+0000] {processor.py:176} INFO - Processing /opt/airflow/dags/producer.py took 0.246 seconds
[2024-04-15T15:58:01.001+0000] {processor.py:154} INFO - Started process (PID=21405) to work on /opt/airflow/dags/producer.py
[2024-04-15T15:58:01.003+0000] {processor.py:756} INFO - Processing file /opt/airflow/dags/producer.py for tasks to queue
[2024-04-15T15:58:01.004+0000] {logging_mixin.py:120} INFO - [2024-04-15T15:58:01.004+0000] {dagbag.py:537} INFO - Filling up the DagBag from /opt/airflow/dags/producer.py
[2024-04-15T15:58:01.054+0000] {processor.py:766} INFO - DAG(s) dict_keys(['producer']) retrieved from /opt/airflow/dags/producer.py
[2024-04-15T15:58:01.123+0000] {logging_mixin.py:120} INFO - [2024-04-15T15:58:01.122+0000] {dag.py:2585} INFO - Sync 1 DAGs
[2024-04-15T15:58:01.169+0000] {logging_mixin.py:120} INFO - [2024-04-15T15:58:01.169+0000] {dag.py:3340} INFO - Setting next_dagrun for producer to 2024-04-14T00:00:00+00:00, run_after=2024-04-15T00:00:00+00:00
[2024-04-15T15:58:01.216+0000] {processor.py:176} INFO - Processing /opt/airflow/dags/producer.py took 0.226 seconds
[2024-04-15T15:58:31.602+0000] {processor.py:154} INFO - Started process (PID=21474) to work on /opt/airflow/dags/producer.py
[2024-04-15T15:58:31.604+0000] {processor.py:756} INFO - Processing file /opt/airflow/dags/producer.py for tasks to queue
[2024-04-15T15:58:31.606+0000] {logging_mixin.py:120} INFO - [2024-04-15T15:58:31.606+0000] {dagbag.py:537} INFO - Filling up the DagBag from /opt/airflow/dags/producer.py
[2024-04-15T15:58:31.661+0000] {processor.py:766} INFO - DAG(s) dict_keys(['producer']) retrieved from /opt/airflow/dags/producer.py
[2024-04-15T15:58:31.789+0000] {logging_mixin.py:120} INFO - [2024-04-15T15:58:31.789+0000] {dag.py:2585} INFO - Sync 1 DAGs
[2024-04-15T15:58:31.829+0000] {logging_mixin.py:120} INFO - [2024-04-15T15:58:31.829+0000] {dag.py:3340} INFO - Setting next_dagrun for producer to 2024-04-14T00:00:00+00:00, run_after=2024-04-15T00:00:00+00:00
[2024-04-15T15:58:31.890+0000] {processor.py:176} INFO - Processing /opt/airflow/dags/producer.py took 0.293 seconds
[2024-04-15T15:59:02.444+0000] {processor.py:154} INFO - Started process (PID=21553) to work on /opt/airflow/dags/producer.py
[2024-04-15T15:59:02.449+0000] {processor.py:756} INFO - Processing file /opt/airflow/dags/producer.py for tasks to queue
[2024-04-15T15:59:02.450+0000] {logging_mixin.py:120} INFO - [2024-04-15T15:59:02.450+0000] {dagbag.py:537} INFO - Filling up the DagBag from /opt/airflow/dags/producer.py
[2024-04-15T15:59:02.505+0000] {processor.py:766} INFO - DAG(s) dict_keys(['producer']) retrieved from /opt/airflow/dags/producer.py
[2024-04-15T15:59:02.605+0000] {logging_mixin.py:120} INFO - [2024-04-15T15:59:02.604+0000] {dag.py:2585} INFO - Sync 1 DAGs
[2024-04-15T15:59:02.664+0000] {logging_mixin.py:120} INFO - [2024-04-15T15:59:02.664+0000] {dag.py:3340} INFO - Setting next_dagrun for producer to 2024-04-14T00:00:00+00:00, run_after=2024-04-15T00:00:00+00:00
[2024-04-15T15:59:02.727+0000] {processor.py:176} INFO - Processing /opt/airflow/dags/producer.py took 0.289 seconds
[2024-04-15T15:59:32.907+0000] {processor.py:154} INFO - Started process (PID=21631) to work on /opt/airflow/dags/producer.py
[2024-04-15T15:59:32.910+0000] {processor.py:756} INFO - Processing file /opt/airflow/dags/producer.py for tasks to queue
[2024-04-15T15:59:32.912+0000] {logging_mixin.py:120} INFO - [2024-04-15T15:59:32.912+0000] {dagbag.py:537} INFO - Filling up the DagBag from /opt/airflow/dags/producer.py
[2024-04-15T15:59:33.083+0000] {processor.py:766} INFO - DAG(s) dict_keys(['producer']) retrieved from /opt/airflow/dags/producer.py
[2024-04-15T15:59:33.300+0000] {logging_mixin.py:120} INFO - [2024-04-15T15:59:33.300+0000] {dag.py:2585} INFO - Sync 1 DAGs
[2024-04-15T15:59:33.342+0000] {logging_mixin.py:120} INFO - [2024-04-15T15:59:33.341+0000] {dag.py:3340} INFO - Setting next_dagrun for producer to 2024-04-14T00:00:00+00:00, run_after=2024-04-15T00:00:00+00:00
[2024-04-15T15:59:33.403+0000] {processor.py:176} INFO - Processing /opt/airflow/dags/producer.py took 0.502 seconds
[2024-04-15T16:00:03.474+0000] {processor.py:154} INFO - Started process (PID=21700) to work on /opt/airflow/dags/producer.py
[2024-04-15T16:00:03.478+0000] {processor.py:756} INFO - Processing file /opt/airflow/dags/producer.py for tasks to queue
[2024-04-15T16:00:03.482+0000] {logging_mixin.py:120} INFO - [2024-04-15T16:00:03.482+0000] {dagbag.py:537} INFO - Filling up the DagBag from /opt/airflow/dags/producer.py
[2024-04-15T16:00:03.536+0000] {processor.py:766} INFO - DAG(s) dict_keys(['producer']) retrieved from /opt/airflow/dags/producer.py
[2024-04-15T16:00:03.611+0000] {logging_mixin.py:120} INFO - [2024-04-15T16:00:03.611+0000] {dag.py:2585} INFO - Sync 1 DAGs
[2024-04-15T16:00:03.719+0000] {logging_mixin.py:120} INFO - [2024-04-15T16:00:03.719+0000] {dag.py:3340} INFO - Setting next_dagrun for producer to 2024-04-14T00:00:00+00:00, run_after=2024-04-15T00:00:00+00:00
[2024-04-15T16:00:03.779+0000] {processor.py:176} INFO - Processing /opt/airflow/dags/producer.py took 0.313 seconds
[2024-04-15T16:00:34.063+0000] {processor.py:154} INFO - Started process (PID=21778) to work on /opt/airflow/dags/producer.py
[2024-04-15T16:00:34.066+0000] {processor.py:756} INFO - Processing file /opt/airflow/dags/producer.py for tasks to queue
[2024-04-15T16:00:34.068+0000] {logging_mixin.py:120} INFO - [2024-04-15T16:00:34.068+0000] {dagbag.py:537} INFO - Filling up the DagBag from /opt/airflow/dags/producer.py
[2024-04-15T16:00:34.110+0000] {processor.py:766} INFO - DAG(s) dict_keys(['producer']) retrieved from /opt/airflow/dags/producer.py
[2024-04-15T16:00:34.236+0000] {logging_mixin.py:120} INFO - [2024-04-15T16:00:34.236+0000] {dag.py:2585} INFO - Sync 1 DAGs
[2024-04-15T16:00:34.277+0000] {logging_mixin.py:120} INFO - [2024-04-15T16:00:34.277+0000] {dag.py:3340} INFO - Setting next_dagrun for producer to 2024-04-14T00:00:00+00:00, run_after=2024-04-15T00:00:00+00:00
[2024-04-15T16:00:34.322+0000] {processor.py:176} INFO - Processing /opt/airflow/dags/producer.py took 0.268 seconds
[2024-04-15T16:01:04.854+0000] {processor.py:154} INFO - Started process (PID=21847) to work on /opt/airflow/dags/producer.py
[2024-04-15T16:01:04.856+0000] {processor.py:756} INFO - Processing file /opt/airflow/dags/producer.py for tasks to queue
[2024-04-15T16:01:04.858+0000] {logging_mixin.py:120} INFO - [2024-04-15T16:01:04.858+0000] {dagbag.py:537} INFO - Filling up the DagBag from /opt/airflow/dags/producer.py
[2024-04-15T16:01:04.916+0000] {processor.py:766} INFO - DAG(s) dict_keys(['producer']) retrieved from /opt/airflow/dags/producer.py
[2024-04-15T16:01:04.997+0000] {logging_mixin.py:120} INFO - [2024-04-15T16:01:04.996+0000] {dag.py:2585} INFO - Sync 1 DAGs
[2024-04-15T16:01:05.084+0000] {logging_mixin.py:120} INFO - [2024-04-15T16:01:05.083+0000] {dag.py:3340} INFO - Setting next_dagrun for producer to 2024-04-14T00:00:00+00:00, run_after=2024-04-15T00:00:00+00:00
[2024-04-15T16:01:05.149+0000] {processor.py:176} INFO - Processing /opt/airflow/dags/producer.py took 0.302 seconds
[2024-04-15T16:01:35.472+0000] {processor.py:154} INFO - Started process (PID=21923) to work on /opt/airflow/dags/producer.py
[2024-04-15T16:01:35.474+0000] {processor.py:756} INFO - Processing file /opt/airflow/dags/producer.py for tasks to queue
[2024-04-15T16:01:35.476+0000] {logging_mixin.py:120} INFO - [2024-04-15T16:01:35.476+0000] {dagbag.py:537} INFO - Filling up the DagBag from /opt/airflow/dags/producer.py
[2024-04-15T16:01:35.522+0000] {processor.py:766} INFO - DAG(s) dict_keys(['producer']) retrieved from /opt/airflow/dags/producer.py
[2024-04-15T16:01:35.698+0000] {logging_mixin.py:120} INFO - [2024-04-15T16:01:35.697+0000] {dag.py:2585} INFO - Sync 1 DAGs
[2024-04-15T16:01:35.758+0000] {logging_mixin.py:120} INFO - [2024-04-15T16:01:35.758+0000] {dag.py:3340} INFO - Setting next_dagrun for producer to 2024-04-14T00:00:00+00:00, run_after=2024-04-15T00:00:00+00:00
[2024-04-15T16:01:35.806+0000] {processor.py:176} INFO - Processing /opt/airflow/dags/producer.py took 0.339 seconds
[2024-04-15T16:02:06.168+0000] {processor.py:154} INFO - Started process (PID=21991) to work on /opt/airflow/dags/producer.py
[2024-04-15T16:02:06.170+0000] {processor.py:756} INFO - Processing file /opt/airflow/dags/producer.py for tasks to queue
[2024-04-15T16:02:06.171+0000] {logging_mixin.py:120} INFO - [2024-04-15T16:02:06.171+0000] {dagbag.py:537} INFO - Filling up the DagBag from /opt/airflow/dags/producer.py
[2024-04-15T16:02:06.232+0000] {processor.py:766} INFO - DAG(s) dict_keys(['producer']) retrieved from /opt/airflow/dags/producer.py
[2024-04-15T16:02:06.311+0000] {logging_mixin.py:120} INFO - [2024-04-15T16:02:06.310+0000] {dag.py:2585} INFO - Sync 1 DAGs
[2024-04-15T16:02:06.418+0000] {logging_mixin.py:120} INFO - [2024-04-15T16:02:06.417+0000] {dag.py:3340} INFO - Setting next_dagrun for producer to 2024-04-14T00:00:00+00:00, run_after=2024-04-15T00:00:00+00:00
[2024-04-15T16:02:06.487+0000] {processor.py:176} INFO - Processing /opt/airflow/dags/producer.py took 0.326 seconds
[2024-04-15T16:02:36.689+0000] {processor.py:154} INFO - Started process (PID=22070) to work on /opt/airflow/dags/producer.py
[2024-04-15T16:02:36.694+0000] {processor.py:756} INFO - Processing file /opt/airflow/dags/producer.py for tasks to queue
[2024-04-15T16:02:36.696+0000] {logging_mixin.py:120} INFO - [2024-04-15T16:02:36.696+0000] {dagbag.py:537} INFO - Filling up the DagBag from /opt/airflow/dags/producer.py
[2024-04-15T16:02:36.774+0000] {processor.py:766} INFO - DAG(s) dict_keys(['producer']) retrieved from /opt/airflow/dags/producer.py
[2024-04-15T16:02:36.915+0000] {logging_mixin.py:120} INFO - [2024-04-15T16:02:36.914+0000] {dag.py:2585} INFO - Sync 1 DAGs
[2024-04-15T16:02:36.994+0000] {logging_mixin.py:120} INFO - [2024-04-15T16:02:36.994+0000] {dag.py:3340} INFO - Setting next_dagrun for producer to 2024-04-14T00:00:00+00:00, run_after=2024-04-15T00:00:00+00:00
[2024-04-15T16:02:37.053+0000] {processor.py:176} INFO - Processing /opt/airflow/dags/producer.py took 0.372 seconds
[2024-04-15T16:03:07.299+0000] {processor.py:154} INFO - Started process (PID=22139) to work on /opt/airflow/dags/producer.py
[2024-04-15T16:03:07.303+0000] {processor.py:756} INFO - Processing file /opt/airflow/dags/producer.py for tasks to queue
[2024-04-15T16:03:07.309+0000] {logging_mixin.py:120} INFO - [2024-04-15T16:03:07.308+0000] {dagbag.py:537} INFO - Filling up the DagBag from /opt/airflow/dags/producer.py
[2024-04-15T16:03:07.358+0000] {processor.py:766} INFO - DAG(s) dict_keys(['producer']) retrieved from /opt/airflow/dags/producer.py
[2024-04-15T16:03:07.427+0000] {logging_mixin.py:120} INFO - [2024-04-15T16:03:07.426+0000] {dag.py:2585} INFO - Sync 1 DAGs
[2024-04-15T16:03:07.466+0000] {logging_mixin.py:120} INFO - [2024-04-15T16:03:07.466+0000] {dag.py:3340} INFO - Setting next_dagrun for producer to 2024-04-14T00:00:00+00:00, run_after=2024-04-15T00:00:00+00:00
[2024-04-15T16:03:07.523+0000] {processor.py:176} INFO - Processing /opt/airflow/dags/producer.py took 0.237 seconds
[2024-04-15T16:03:38.253+0000] {processor.py:154} INFO - Started process (PID=22218) to work on /opt/airflow/dags/producer.py
[2024-04-15T16:03:38.255+0000] {processor.py:756} INFO - Processing file /opt/airflow/dags/producer.py for tasks to queue
[2024-04-15T16:03:38.257+0000] {logging_mixin.py:120} INFO - [2024-04-15T16:03:38.257+0000] {dagbag.py:537} INFO - Filling up the DagBag from /opt/airflow/dags/producer.py
[2024-04-15T16:03:38.307+0000] {processor.py:766} INFO - DAG(s) dict_keys(['producer']) retrieved from /opt/airflow/dags/producer.py
[2024-04-15T16:03:38.448+0000] {logging_mixin.py:120} INFO - [2024-04-15T16:03:38.448+0000] {dag.py:2585} INFO - Sync 1 DAGs
[2024-04-15T16:03:38.520+0000] {logging_mixin.py:120} INFO - [2024-04-15T16:03:38.519+0000] {dag.py:3340} INFO - Setting next_dagrun for producer to 2024-04-14T00:00:00+00:00, run_after=2024-04-15T00:00:00+00:00
[2024-04-15T16:03:38.585+0000] {processor.py:176} INFO - Processing /opt/airflow/dags/producer.py took 0.337 seconds
[2024-04-15T16:04:08.694+0000] {processor.py:154} INFO - Started process (PID=22295) to work on /opt/airflow/dags/producer.py
[2024-04-15T16:04:08.699+0000] {processor.py:756} INFO - Processing file /opt/airflow/dags/producer.py for tasks to queue
[2024-04-15T16:04:08.704+0000] {logging_mixin.py:120} INFO - [2024-04-15T16:04:08.703+0000] {dagbag.py:537} INFO - Filling up the DagBag from /opt/airflow/dags/producer.py
[2024-04-15T16:04:08.783+0000] {processor.py:766} INFO - DAG(s) dict_keys(['producer']) retrieved from /opt/airflow/dags/producer.py
[2024-04-15T16:04:08.838+0000] {logging_mixin.py:120} INFO - [2024-04-15T16:04:08.838+0000] {dag.py:2585} INFO - Sync 1 DAGs
[2024-04-15T16:04:08.911+0000] {logging_mixin.py:120} INFO - [2024-04-15T16:04:08.910+0000] {dag.py:3340} INFO - Setting next_dagrun for producer to 2024-04-14T00:00:00+00:00, run_after=2024-04-15T00:00:00+00:00
[2024-04-15T16:04:08.996+0000] {processor.py:176} INFO - Processing /opt/airflow/dags/producer.py took 0.310 seconds
[2024-04-15T16:04:39.483+0000] {processor.py:154} INFO - Started process (PID=22364) to work on /opt/airflow/dags/producer.py
[2024-04-15T16:04:39.485+0000] {processor.py:756} INFO - Processing file /opt/airflow/dags/producer.py for tasks to queue
[2024-04-15T16:04:39.486+0000] {logging_mixin.py:120} INFO - [2024-04-15T16:04:39.486+0000] {dagbag.py:537} INFO - Filling up the DagBag from /opt/airflow/dags/producer.py
[2024-04-15T16:04:39.533+0000] {processor.py:766} INFO - DAG(s) dict_keys(['producer']) retrieved from /opt/airflow/dags/producer.py
[2024-04-15T16:04:39.700+0000] {logging_mixin.py:120} INFO - [2024-04-15T16:04:39.700+0000] {dag.py:2585} INFO - Sync 1 DAGs
[2024-04-15T16:04:39.750+0000] {logging_mixin.py:120} INFO - [2024-04-15T16:04:39.750+0000] {dag.py:3340} INFO - Setting next_dagrun for producer to 2024-04-14T00:00:00+00:00, run_after=2024-04-15T00:00:00+00:00
[2024-04-15T16:04:39.795+0000] {processor.py:176} INFO - Processing /opt/airflow/dags/producer.py took 0.318 seconds
[2024-04-15T16:05:10.142+0000] {processor.py:154} INFO - Started process (PID=22442) to work on /opt/airflow/dags/producer.py
[2024-04-15T16:05:10.145+0000] {processor.py:756} INFO - Processing file /opt/airflow/dags/producer.py for tasks to queue
[2024-04-15T16:05:10.147+0000] {logging_mixin.py:120} INFO - [2024-04-15T16:05:10.147+0000] {dagbag.py:537} INFO - Filling up the DagBag from /opt/airflow/dags/producer.py
[2024-04-15T16:05:10.204+0000] {processor.py:766} INFO - DAG(s) dict_keys(['producer']) retrieved from /opt/airflow/dags/producer.py
[2024-04-15T16:05:10.265+0000] {logging_mixin.py:120} INFO - [2024-04-15T16:05:10.265+0000] {dag.py:2585} INFO - Sync 1 DAGs
[2024-04-15T16:05:10.305+0000] {logging_mixin.py:120} INFO - [2024-04-15T16:05:10.305+0000] {dag.py:3340} INFO - Setting next_dagrun for producer to 2024-04-14T00:00:00+00:00, run_after=2024-04-15T00:00:00+00:00
[2024-04-15T16:05:10.337+0000] {processor.py:176} INFO - Processing /opt/airflow/dags/producer.py took 0.203 seconds
[2024-04-15T16:05:40.758+0000] {processor.py:154} INFO - Started process (PID=22511) to work on /opt/airflow/dags/producer.py
[2024-04-15T16:05:40.760+0000] {processor.py:756} INFO - Processing file /opt/airflow/dags/producer.py for tasks to queue
[2024-04-15T16:05:40.762+0000] {logging_mixin.py:120} INFO - [2024-04-15T16:05:40.762+0000] {dagbag.py:537} INFO - Filling up the DagBag from /opt/airflow/dags/producer.py
[2024-04-15T16:05:40.813+0000] {processor.py:766} INFO - DAG(s) dict_keys(['producer']) retrieved from /opt/airflow/dags/producer.py
[2024-04-15T16:05:40.982+0000] {logging_mixin.py:120} INFO - [2024-04-15T16:05:40.982+0000] {dag.py:2585} INFO - Sync 1 DAGs
[2024-04-15T16:05:41.017+0000] {logging_mixin.py:120} INFO - [2024-04-15T16:05:41.017+0000] {dag.py:3340} INFO - Setting next_dagrun for producer to 2024-04-14T00:00:00+00:00, run_after=2024-04-15T00:00:00+00:00
[2024-04-15T16:05:41.054+0000] {processor.py:176} INFO - Processing /opt/airflow/dags/producer.py took 0.304 seconds
[2024-04-15T16:06:11.196+0000] {processor.py:154} INFO - Started process (PID=22588) to work on /opt/airflow/dags/producer.py
[2024-04-15T16:06:11.200+0000] {processor.py:756} INFO - Processing file /opt/airflow/dags/producer.py for tasks to queue
[2024-04-15T16:06:11.205+0000] {logging_mixin.py:120} INFO - [2024-04-15T16:06:11.204+0000] {dagbag.py:537} INFO - Filling up the DagBag from /opt/airflow/dags/producer.py
[2024-04-15T16:06:11.389+0000] {processor.py:766} INFO - DAG(s) dict_keys(['producer']) retrieved from /opt/airflow/dags/producer.py
[2024-04-15T16:06:11.505+0000] {logging_mixin.py:120} INFO - [2024-04-15T16:06:11.505+0000] {dag.py:2585} INFO - Sync 1 DAGs
[2024-04-15T16:06:11.613+0000] {logging_mixin.py:120} INFO - [2024-04-15T16:06:11.613+0000] {dag.py:3340} INFO - Setting next_dagrun for producer to 2024-04-14T00:00:00+00:00, run_after=2024-04-15T00:00:00+00:00
[2024-04-15T16:06:11.679+0000] {processor.py:176} INFO - Processing /opt/airflow/dags/producer.py took 0.500 seconds
[2024-04-15T16:06:42.157+0000] {processor.py:154} INFO - Started process (PID=22658) to work on /opt/airflow/dags/producer.py
[2024-04-15T16:06:42.159+0000] {processor.py:756} INFO - Processing file /opt/airflow/dags/producer.py for tasks to queue
[2024-04-15T16:06:42.161+0000] {logging_mixin.py:120} INFO - [2024-04-15T16:06:42.161+0000] {dagbag.py:537} INFO - Filling up the DagBag from /opt/airflow/dags/producer.py
[2024-04-15T16:06:42.203+0000] {processor.py:766} INFO - DAG(s) dict_keys(['producer']) retrieved from /opt/airflow/dags/producer.py
[2024-04-15T16:06:42.340+0000] {logging_mixin.py:120} INFO - [2024-04-15T16:06:42.339+0000] {dag.py:2585} INFO - Sync 1 DAGs
[2024-04-15T16:06:42.387+0000] {logging_mixin.py:120} INFO - [2024-04-15T16:06:42.387+0000] {dag.py:3340} INFO - Setting next_dagrun for producer to 2024-04-14T00:00:00+00:00, run_after=2024-04-15T00:00:00+00:00
[2024-04-15T16:06:42.434+0000] {processor.py:176} INFO - Processing /opt/airflow/dags/producer.py took 0.283 seconds
[2024-04-15T16:07:13.016+0000] {processor.py:154} INFO - Started process (PID=22736) to work on /opt/airflow/dags/producer.py
[2024-04-15T16:07:13.019+0000] {processor.py:756} INFO - Processing file /opt/airflow/dags/producer.py for tasks to queue
[2024-04-15T16:07:13.022+0000] {logging_mixin.py:120} INFO - [2024-04-15T16:07:13.022+0000] {dagbag.py:537} INFO - Filling up the DagBag from /opt/airflow/dags/producer.py
[2024-04-15T16:07:13.088+0000] {processor.py:766} INFO - DAG(s) dict_keys(['producer']) retrieved from /opt/airflow/dags/producer.py
[2024-04-15T16:07:13.150+0000] {logging_mixin.py:120} INFO - [2024-04-15T16:07:13.150+0000] {dag.py:2585} INFO - Sync 1 DAGs
[2024-04-15T16:07:13.202+0000] {logging_mixin.py:120} INFO - [2024-04-15T16:07:13.202+0000] {dag.py:3340} INFO - Setting next_dagrun for producer to 2024-04-14T00:00:00+00:00, run_after=2024-04-15T00:00:00+00:00
[2024-04-15T16:07:13.243+0000] {processor.py:176} INFO - Processing /opt/airflow/dags/producer.py took 0.236 seconds
[2024-04-15T16:07:43.620+0000] {processor.py:154} INFO - Started process (PID=22804) to work on /opt/airflow/dags/producer.py
[2024-04-15T16:07:43.624+0000] {processor.py:756} INFO - Processing file /opt/airflow/dags/producer.py for tasks to queue
[2024-04-15T16:07:43.627+0000] {logging_mixin.py:120} INFO - [2024-04-15T16:07:43.627+0000] {dagbag.py:537} INFO - Filling up the DagBag from /opt/airflow/dags/producer.py
[2024-04-15T16:07:43.689+0000] {processor.py:766} INFO - DAG(s) dict_keys(['producer']) retrieved from /opt/airflow/dags/producer.py
[2024-04-15T16:07:43.859+0000] {logging_mixin.py:120} INFO - [2024-04-15T16:07:43.859+0000] {dag.py:2585} INFO - Sync 1 DAGs
[2024-04-15T16:07:43.928+0000] {logging_mixin.py:120} INFO - [2024-04-15T16:07:43.928+0000] {dag.py:3340} INFO - Setting next_dagrun for producer to 2024-04-14T00:00:00+00:00, run_after=2024-04-15T00:00:00+00:00
[2024-04-15T16:07:43.959+0000] {processor.py:176} INFO - Processing /opt/airflow/dags/producer.py took 0.349 seconds
[2024-04-15T16:08:14.129+0000] {processor.py:154} INFO - Started process (PID=22879) to work on /opt/airflow/dags/producer.py
[2024-04-15T16:08:14.135+0000] {processor.py:756} INFO - Processing file /opt/airflow/dags/producer.py for tasks to queue
[2024-04-15T16:08:14.137+0000] {logging_mixin.py:120} INFO - [2024-04-15T16:08:14.137+0000] {dagbag.py:537} INFO - Filling up the DagBag from /opt/airflow/dags/producer.py
[2024-04-15T16:08:14.181+0000] {processor.py:766} INFO - DAG(s) dict_keys(['producer']) retrieved from /opt/airflow/dags/producer.py
[2024-04-15T16:08:14.227+0000] {logging_mixin.py:120} INFO - [2024-04-15T16:08:14.226+0000] {dag.py:2585} INFO - Sync 1 DAGs
[2024-04-15T16:08:14.283+0000] {logging_mixin.py:120} INFO - [2024-04-15T16:08:14.283+0000] {dag.py:3340} INFO - Setting next_dagrun for producer to 2024-04-14T00:00:00+00:00, run_after=2024-04-15T00:00:00+00:00
[2024-04-15T16:08:14.319+0000] {processor.py:176} INFO - Processing /opt/airflow/dags/producer.py took 0.194 seconds
[2024-04-15T16:08:44.992+0000] {processor.py:154} INFO - Started process (PID=22958) to work on /opt/airflow/dags/producer.py
[2024-04-15T16:08:44.998+0000] {processor.py:756} INFO - Processing file /opt/airflow/dags/producer.py for tasks to queue
[2024-04-15T16:08:45.007+0000] {logging_mixin.py:120} INFO - [2024-04-15T16:08:45.005+0000] {dagbag.py:537} INFO - Filling up the DagBag from /opt/airflow/dags/producer.py
[2024-04-15T16:08:45.077+0000] {processor.py:766} INFO - DAG(s) dict_keys(['producer']) retrieved from /opt/airflow/dags/producer.py
[2024-04-15T16:08:45.257+0000] {logging_mixin.py:120} INFO - [2024-04-15T16:08:45.257+0000] {dag.py:2585} INFO - Sync 1 DAGs
[2024-04-15T16:08:45.300+0000] {logging_mixin.py:120} INFO - [2024-04-15T16:08:45.299+0000] {dag.py:3340} INFO - Setting next_dagrun for producer to 2024-04-14T00:00:00+00:00, run_after=2024-04-15T00:00:00+00:00
[2024-04-15T16:08:45.348+0000] {processor.py:176} INFO - Processing /opt/airflow/dags/producer.py took 0.413 seconds
[2024-04-15T16:09:16.158+0000] {processor.py:154} INFO - Started process (PID=23026) to work on /opt/airflow/dags/producer.py
[2024-04-15T16:09:16.160+0000] {processor.py:756} INFO - Processing file /opt/airflow/dags/producer.py for tasks to queue
[2024-04-15T16:09:16.163+0000] {logging_mixin.py:120} INFO - [2024-04-15T16:09:16.162+0000] {dagbag.py:537} INFO - Filling up the DagBag from /opt/airflow/dags/producer.py
[2024-04-15T16:09:16.232+0000] {processor.py:766} INFO - DAG(s) dict_keys(['producer']) retrieved from /opt/airflow/dags/producer.py
[2024-04-15T16:09:16.280+0000] {logging_mixin.py:120} INFO - [2024-04-15T16:09:16.279+0000] {dag.py:2585} INFO - Sync 1 DAGs
[2024-04-15T16:09:16.334+0000] {logging_mixin.py:120} INFO - [2024-04-15T16:09:16.334+0000] {dag.py:3340} INFO - Setting next_dagrun for producer to 2024-04-14T00:00:00+00:00, run_after=2024-04-15T00:00:00+00:00
[2024-04-15T16:09:16.374+0000] {processor.py:176} INFO - Processing /opt/airflow/dags/producer.py took 0.224 seconds
[2024-04-15T16:09:46.627+0000] {processor.py:154} INFO - Started process (PID=23104) to work on /opt/airflow/dags/producer.py
[2024-04-15T16:09:46.629+0000] {processor.py:756} INFO - Processing file /opt/airflow/dags/producer.py for tasks to queue
[2024-04-15T16:09:46.631+0000] {logging_mixin.py:120} INFO - [2024-04-15T16:09:46.631+0000] {dagbag.py:537} INFO - Filling up the DagBag from /opt/airflow/dags/producer.py
[2024-04-15T16:09:46.673+0000] {processor.py:766} INFO - DAG(s) dict_keys(['producer']) retrieved from /opt/airflow/dags/producer.py
[2024-04-15T16:09:46.832+0000] {logging_mixin.py:120} INFO - [2024-04-15T16:09:46.832+0000] {dag.py:2585} INFO - Sync 1 DAGs
[2024-04-15T16:09:46.881+0000] {logging_mixin.py:120} INFO - [2024-04-15T16:09:46.881+0000] {dag.py:3340} INFO - Setting next_dagrun for producer to 2024-04-14T00:00:00+00:00, run_after=2024-04-15T00:00:00+00:00
[2024-04-15T16:09:46.925+0000] {processor.py:176} INFO - Processing /opt/airflow/dags/producer.py took 0.305 seconds
[2024-04-15T16:10:17.148+0000] {processor.py:154} INFO - Started process (PID=23173) to work on /opt/airflow/dags/producer.py
[2024-04-15T16:10:17.158+0000] {processor.py:756} INFO - Processing file /opt/airflow/dags/producer.py for tasks to queue
[2024-04-15T16:10:17.162+0000] {logging_mixin.py:120} INFO - [2024-04-15T16:10:17.161+0000] {dagbag.py:537} INFO - Filling up the DagBag from /opt/airflow/dags/producer.py
[2024-04-15T16:10:17.221+0000] {processor.py:766} INFO - DAG(s) dict_keys(['producer']) retrieved from /opt/airflow/dags/producer.py
[2024-04-15T16:10:17.269+0000] {logging_mixin.py:120} INFO - [2024-04-15T16:10:17.269+0000] {dag.py:2585} INFO - Sync 1 DAGs
[2024-04-15T16:10:17.325+0000] {logging_mixin.py:120} INFO - [2024-04-15T16:10:17.324+0000] {dag.py:3340} INFO - Setting next_dagrun for producer to 2024-04-14T00:00:00+00:00, run_after=2024-04-15T00:00:00+00:00
[2024-04-15T16:10:17.364+0000] {processor.py:176} INFO - Processing /opt/airflow/dags/producer.py took 0.235 seconds
[2024-04-15T16:10:47.483+0000] {processor.py:154} INFO - Started process (PID=23252) to work on /opt/airflow/dags/producer.py
[2024-04-15T16:10:47.485+0000] {processor.py:756} INFO - Processing file /opt/airflow/dags/producer.py for tasks to queue
[2024-04-15T16:10:47.489+0000] {logging_mixin.py:120} INFO - [2024-04-15T16:10:47.488+0000] {dagbag.py:537} INFO - Filling up the DagBag from /opt/airflow/dags/producer.py
[2024-04-15T16:10:47.550+0000] {processor.py:766} INFO - DAG(s) dict_keys(['producer']) retrieved from /opt/airflow/dags/producer.py
[2024-04-15T16:10:47.717+0000] {logging_mixin.py:120} INFO - [2024-04-15T16:10:47.717+0000] {dag.py:2585} INFO - Sync 1 DAGs
[2024-04-15T16:10:47.760+0000] {logging_mixin.py:120} INFO - [2024-04-15T16:10:47.759+0000] {dag.py:3340} INFO - Setting next_dagrun for producer to 2024-04-14T00:00:00+00:00, run_after=2024-04-15T00:00:00+00:00
[2024-04-15T16:10:47.800+0000] {processor.py:176} INFO - Processing /opt/airflow/dags/producer.py took 0.323 seconds
[2024-04-15T16:11:18.474+0000] {processor.py:154} INFO - Started process (PID=23330) to work on /opt/airflow/dags/producer.py
[2024-04-15T16:11:18.476+0000] {processor.py:756} INFO - Processing file /opt/airflow/dags/producer.py for tasks to queue
[2024-04-15T16:11:18.478+0000] {logging_mixin.py:120} INFO - [2024-04-15T16:11:18.478+0000] {dagbag.py:537} INFO - Filling up the DagBag from /opt/airflow/dags/producer.py
[2024-04-15T16:11:18.538+0000] {processor.py:766} INFO - DAG(s) dict_keys(['producer']) retrieved from /opt/airflow/dags/producer.py
[2024-04-15T16:11:18.591+0000] {logging_mixin.py:120} INFO - [2024-04-15T16:11:18.591+0000] {dag.py:2585} INFO - Sync 1 DAGs
[2024-04-15T16:11:18.653+0000] {logging_mixin.py:120} INFO - [2024-04-15T16:11:18.652+0000] {dag.py:3340} INFO - Setting next_dagrun for producer to 2024-04-14T00:00:00+00:00, run_after=2024-04-15T00:00:00+00:00
[2024-04-15T16:11:18.680+0000] {processor.py:176} INFO - Processing /opt/airflow/dags/producer.py took 0.216 seconds
[2024-04-15T16:11:48.972+0000] {processor.py:154} INFO - Started process (PID=23399) to work on /opt/airflow/dags/producer.py
[2024-04-15T16:11:48.976+0000] {processor.py:756} INFO - Processing file /opt/airflow/dags/producer.py for tasks to queue
[2024-04-15T16:11:48.978+0000] {logging_mixin.py:120} INFO - [2024-04-15T16:11:48.978+0000] {dagbag.py:537} INFO - Filling up the DagBag from /opt/airflow/dags/producer.py
[2024-04-15T16:11:49.024+0000] {processor.py:766} INFO - DAG(s) dict_keys(['producer']) retrieved from /opt/airflow/dags/producer.py
[2024-04-15T16:11:49.151+0000] {logging_mixin.py:120} INFO - [2024-04-15T16:11:49.151+0000] {dag.py:2585} INFO - Sync 1 DAGs
[2024-04-15T16:11:49.188+0000] {logging_mixin.py:120} INFO - [2024-04-15T16:11:49.188+0000] {dag.py:3340} INFO - Setting next_dagrun for producer to 2024-04-14T00:00:00+00:00, run_after=2024-04-15T00:00:00+00:00
[2024-04-15T16:11:49.222+0000] {processor.py:176} INFO - Processing /opt/airflow/dags/producer.py took 0.259 seconds
[2024-04-15T16:12:19.302+0000] {processor.py:154} INFO - Started process (PID=23477) to work on /opt/airflow/dags/producer.py
[2024-04-15T16:12:19.308+0000] {processor.py:756} INFO - Processing file /opt/airflow/dags/producer.py for tasks to queue
[2024-04-15T16:12:19.311+0000] {logging_mixin.py:120} INFO - [2024-04-15T16:12:19.311+0000] {dagbag.py:537} INFO - Filling up the DagBag from /opt/airflow/dags/producer.py
[2024-04-15T16:12:19.360+0000] {processor.py:766} INFO - DAG(s) dict_keys(['producer']) retrieved from /opt/airflow/dags/producer.py
[2024-04-15T16:12:19.421+0000] {logging_mixin.py:120} INFO - [2024-04-15T16:12:19.420+0000] {dag.py:2585} INFO - Sync 1 DAGs
[2024-04-15T16:12:19.483+0000] {logging_mixin.py:120} INFO - [2024-04-15T16:12:19.482+0000] {dag.py:3340} INFO - Setting next_dagrun for producer to 2024-04-14T00:00:00+00:00, run_after=2024-04-15T00:00:00+00:00
[2024-04-15T16:12:19.519+0000] {processor.py:176} INFO - Processing /opt/airflow/dags/producer.py took 0.224 seconds
[2024-04-15T16:12:49.591+0000] {processor.py:154} INFO - Started process (PID=23547) to work on /opt/airflow/dags/producer.py
[2024-04-15T16:12:49.594+0000] {processor.py:756} INFO - Processing file /opt/airflow/dags/producer.py for tasks to queue
[2024-04-15T16:12:49.596+0000] {logging_mixin.py:120} INFO - [2024-04-15T16:12:49.596+0000] {dagbag.py:537} INFO - Filling up the DagBag from /opt/airflow/dags/producer.py
[2024-04-15T16:12:49.642+0000] {processor.py:766} INFO - DAG(s) dict_keys(['producer']) retrieved from /opt/airflow/dags/producer.py
[2024-04-15T16:12:49.781+0000] {logging_mixin.py:120} INFO - [2024-04-15T16:12:49.780+0000] {dag.py:2585} INFO - Sync 1 DAGs
[2024-04-15T16:12:49.833+0000] {logging_mixin.py:120} INFO - [2024-04-15T16:12:49.833+0000] {dag.py:3340} INFO - Setting next_dagrun for producer to 2024-04-14T00:00:00+00:00, run_after=2024-04-15T00:00:00+00:00
[2024-04-15T16:12:49.877+0000] {processor.py:176} INFO - Processing /opt/airflow/dags/producer.py took 0.295 seconds
[2024-04-15T16:13:20.627+0000] {processor.py:154} INFO - Started process (PID=23625) to work on /opt/airflow/dags/producer.py
[2024-04-15T16:13:20.630+0000] {processor.py:756} INFO - Processing file /opt/airflow/dags/producer.py for tasks to queue
[2024-04-15T16:13:20.632+0000] {logging_mixin.py:120} INFO - [2024-04-15T16:13:20.631+0000] {dagbag.py:537} INFO - Filling up the DagBag from /opt/airflow/dags/producer.py
[2024-04-15T16:13:20.680+0000] {processor.py:766} INFO - DAG(s) dict_keys(['producer']) retrieved from /opt/airflow/dags/producer.py
[2024-04-15T16:13:20.736+0000] {logging_mixin.py:120} INFO - [2024-04-15T16:13:20.736+0000] {dag.py:2585} INFO - Sync 1 DAGs
[2024-04-15T16:13:20.813+0000] {logging_mixin.py:120} INFO - [2024-04-15T16:13:20.813+0000] {dag.py:3340} INFO - Setting next_dagrun for producer to 2024-04-14T00:00:00+00:00, run_after=2024-04-15T00:00:00+00:00
[2024-04-15T16:13:20.845+0000] {processor.py:176} INFO - Processing /opt/airflow/dags/producer.py took 0.234 seconds
[2024-04-15T16:20:19.982+0000] {processor.py:154} INFO - Started process (PID=23691) to work on /opt/airflow/dags/producer.py
[2024-04-15T16:20:19.992+0000] {processor.py:756} INFO - Processing file /opt/airflow/dags/producer.py for tasks to queue
[2024-04-15T16:20:19.997+0000] {logging_mixin.py:120} INFO - [2024-04-15T16:20:19.997+0000] {dagbag.py:537} INFO - Filling up the DagBag from /opt/airflow/dags/producer.py
[2024-04-15T16:20:20.102+0000] {processor.py:766} INFO - DAG(s) dict_keys(['producer']) retrieved from /opt/airflow/dags/producer.py
[2024-04-15T16:20:20.642+0000] {logging_mixin.py:120} INFO - [2024-04-15T16:20:20.641+0000] {dag.py:2585} INFO - Sync 1 DAGs
[2024-04-15T16:20:20.752+0000] {logging_mixin.py:120} INFO - [2024-04-15T16:20:20.752+0000] {dag.py:3340} INFO - Setting next_dagrun for producer to 2024-04-14T00:00:00+00:00, run_after=2024-04-15T00:00:00+00:00
[2024-04-15T16:20:20.853+0000] {processor.py:176} INFO - Processing /opt/airflow/dags/producer.py took 0.892 seconds
