[2024-04-15T15:40:35.942+0000] {processor.py:154} INFO - Started process (PID=18885) to work on /opt/airflow/dags/user_processing.py
[2024-04-15T15:40:35.947+0000] {processor.py:756} INFO - Processing file /opt/airflow/dags/user_processing.py for tasks to queue
[2024-04-15T15:40:35.952+0000] {logging_mixin.py:120} INFO - [2024-04-15T15:40:35.952+0000] {dagbag.py:537} INFO - Filling up the DagBag from /opt/airflow/dags/user_processing.py
[2024-04-15T15:40:36.204+0000] {processor.py:766} INFO - DAG(s) dict_keys(['user_processing']) retrieved from /opt/airflow/dags/user_processing.py
[2024-04-15T15:40:37.284+0000] {logging_mixin.py:120} INFO - [2024-04-15T15:40:37.284+0000] {dag.py:2585} INFO - Sync 1 DAGs
[2024-04-15T15:40:37.372+0000] {logging_mixin.py:120} INFO - [2024-04-15T15:40:37.372+0000] {dag.py:3340} INFO - Setting next_dagrun for user_processing to 2024-04-15T00:00:00+00:00, run_after=2024-04-16T00:00:00+00:00
[2024-04-15T15:40:37.455+0000] {processor.py:176} INFO - Processing /opt/airflow/dags/user_processing.py took 1.530 seconds
[2024-04-15T15:41:07.933+0000] {processor.py:154} INFO - Started process (PID=18956) to work on /opt/airflow/dags/user_processing.py
[2024-04-15T15:41:07.935+0000] {processor.py:756} INFO - Processing file /opt/airflow/dags/user_processing.py for tasks to queue
[2024-04-15T15:41:07.937+0000] {logging_mixin.py:120} INFO - [2024-04-15T15:41:07.937+0000] {dagbag.py:537} INFO - Filling up the DagBag from /opt/airflow/dags/user_processing.py
[2024-04-15T15:41:08.139+0000] {processor.py:766} INFO - DAG(s) dict_keys(['user_processing']) retrieved from /opt/airflow/dags/user_processing.py
[2024-04-15T15:41:09.184+0000] {logging_mixin.py:120} INFO - [2024-04-15T15:41:09.180+0000] {dag.py:2585} INFO - Sync 1 DAGs
[2024-04-15T15:41:09.342+0000] {logging_mixin.py:120} INFO - [2024-04-15T15:41:09.335+0000] {dag.py:3340} INFO - Setting next_dagrun for user_processing to 2024-04-15T00:00:00+00:00, run_after=2024-04-16T00:00:00+00:00
[2024-04-15T15:41:09.449+0000] {processor.py:176} INFO - Processing /opt/airflow/dags/user_processing.py took 1.526 seconds
[2024-04-15T15:41:40.301+0000] {processor.py:154} INFO - Started process (PID=19038) to work on /opt/airflow/dags/user_processing.py
[2024-04-15T15:41:40.304+0000] {processor.py:756} INFO - Processing file /opt/airflow/dags/user_processing.py for tasks to queue
[2024-04-15T15:41:40.306+0000] {logging_mixin.py:120} INFO - [2024-04-15T15:41:40.306+0000] {dagbag.py:537} INFO - Filling up the DagBag from /opt/airflow/dags/user_processing.py
[2024-04-15T15:41:40.462+0000] {processor.py:766} INFO - DAG(s) dict_keys(['user_processing']) retrieved from /opt/airflow/dags/user_processing.py
[2024-04-15T15:41:41.170+0000] {logging_mixin.py:120} INFO - [2024-04-15T15:41:41.169+0000] {dag.py:2585} INFO - Sync 1 DAGs
[2024-04-15T15:41:41.211+0000] {logging_mixin.py:120} INFO - [2024-04-15T15:41:41.211+0000] {dag.py:3340} INFO - Setting next_dagrun for user_processing to 2024-04-15T00:00:00+00:00, run_after=2024-04-16T00:00:00+00:00
[2024-04-15T15:41:41.240+0000] {processor.py:176} INFO - Processing /opt/airflow/dags/user_processing.py took 0.946 seconds
[2024-04-15T15:42:11.383+0000] {processor.py:154} INFO - Started process (PID=19109) to work on /opt/airflow/dags/user_processing.py
[2024-04-15T15:42:11.386+0000] {processor.py:756} INFO - Processing file /opt/airflow/dags/user_processing.py for tasks to queue
[2024-04-15T15:42:11.388+0000] {logging_mixin.py:120} INFO - [2024-04-15T15:42:11.388+0000] {dagbag.py:537} INFO - Filling up the DagBag from /opt/airflow/dags/user_processing.py
[2024-04-15T15:42:11.542+0000] {processor.py:766} INFO - DAG(s) dict_keys(['user_processing']) retrieved from /opt/airflow/dags/user_processing.py
[2024-04-15T15:42:12.260+0000] {logging_mixin.py:120} INFO - [2024-04-15T15:42:12.259+0000] {dag.py:2585} INFO - Sync 1 DAGs
[2024-04-15T15:42:12.305+0000] {logging_mixin.py:120} INFO - [2024-04-15T15:42:12.305+0000] {dag.py:3340} INFO - Setting next_dagrun for user_processing to 2024-04-15T00:00:00+00:00, run_after=2024-04-16T00:00:00+00:00
[2024-04-15T15:42:12.335+0000] {processor.py:176} INFO - Processing /opt/airflow/dags/user_processing.py took 0.965 seconds
[2024-04-15T15:42:42.655+0000] {processor.py:154} INFO - Started process (PID=19189) to work on /opt/airflow/dags/user_processing.py
[2024-04-15T15:42:42.658+0000] {processor.py:756} INFO - Processing file /opt/airflow/dags/user_processing.py for tasks to queue
[2024-04-15T15:42:42.661+0000] {logging_mixin.py:120} INFO - [2024-04-15T15:42:42.660+0000] {dagbag.py:537} INFO - Filling up the DagBag from /opt/airflow/dags/user_processing.py
[2024-04-15T15:42:42.799+0000] {processor.py:766} INFO - DAG(s) dict_keys(['user_processing']) retrieved from /opt/airflow/dags/user_processing.py
[2024-04-15T15:42:43.548+0000] {logging_mixin.py:120} INFO - [2024-04-15T15:42:43.548+0000] {dag.py:2585} INFO - Sync 1 DAGs
[2024-04-15T15:42:43.594+0000] {logging_mixin.py:120} INFO - [2024-04-15T15:42:43.594+0000] {dag.py:3340} INFO - Setting next_dagrun for user_processing to 2024-04-15T00:00:00+00:00, run_after=2024-04-16T00:00:00+00:00
[2024-04-15T15:42:43.621+0000] {processor.py:176} INFO - Processing /opt/airflow/dags/user_processing.py took 0.974 seconds
[2024-04-15T15:43:14.138+0000] {processor.py:154} INFO - Started process (PID=19258) to work on /opt/airflow/dags/user_processing.py
[2024-04-15T15:43:14.149+0000] {processor.py:756} INFO - Processing file /opt/airflow/dags/user_processing.py for tasks to queue
[2024-04-15T15:43:14.152+0000] {logging_mixin.py:120} INFO - [2024-04-15T15:43:14.152+0000] {dagbag.py:537} INFO - Filling up the DagBag from /opt/airflow/dags/user_processing.py
[2024-04-15T15:43:14.537+0000] {processor.py:766} INFO - DAG(s) dict_keys(['user_processing']) retrieved from /opt/airflow/dags/user_processing.py
[2024-04-15T15:43:16.168+0000] {logging_mixin.py:120} INFO - [2024-04-15T15:43:16.167+0000] {dag.py:2585} INFO - Sync 1 DAGs
[2024-04-15T15:43:16.223+0000] {logging_mixin.py:120} INFO - [2024-04-15T15:43:16.223+0000] {dag.py:3340} INFO - Setting next_dagrun for user_processing to 2024-04-15T00:00:00+00:00, run_after=2024-04-16T00:00:00+00:00
[2024-04-15T15:43:16.262+0000] {processor.py:176} INFO - Processing /opt/airflow/dags/user_processing.py took 2.168 seconds
[2024-04-15T15:43:46.373+0000] {processor.py:154} INFO - Started process (PID=19338) to work on /opt/airflow/dags/user_processing.py
[2024-04-15T15:43:46.380+0000] {processor.py:756} INFO - Processing file /opt/airflow/dags/user_processing.py for tasks to queue
[2024-04-15T15:43:46.382+0000] {logging_mixin.py:120} INFO - [2024-04-15T15:43:46.382+0000] {dagbag.py:537} INFO - Filling up the DagBag from /opt/airflow/dags/user_processing.py
[2024-04-15T15:43:46.535+0000] {processor.py:766} INFO - DAG(s) dict_keys(['user_processing']) retrieved from /opt/airflow/dags/user_processing.py
[2024-04-15T15:43:47.237+0000] {logging_mixin.py:120} INFO - [2024-04-15T15:43:47.236+0000] {dag.py:2585} INFO - Sync 1 DAGs
[2024-04-15T15:43:47.280+0000] {logging_mixin.py:120} INFO - [2024-04-15T15:43:47.280+0000] {dag.py:3340} INFO - Setting next_dagrun for user_processing to 2024-04-15T00:00:00+00:00, run_after=2024-04-16T00:00:00+00:00
[2024-04-15T15:43:47.313+0000] {processor.py:176} INFO - Processing /opt/airflow/dags/user_processing.py took 0.948 seconds
[2024-04-15T15:44:17.811+0000] {processor.py:154} INFO - Started process (PID=19417) to work on /opt/airflow/dags/user_processing.py
[2024-04-15T15:44:17.813+0000] {processor.py:756} INFO - Processing file /opt/airflow/dags/user_processing.py for tasks to queue
[2024-04-15T15:44:17.815+0000] {logging_mixin.py:120} INFO - [2024-04-15T15:44:17.815+0000] {dagbag.py:537} INFO - Filling up the DagBag from /opt/airflow/dags/user_processing.py
[2024-04-15T15:44:17.953+0000] {processor.py:766} INFO - DAG(s) dict_keys(['user_processing']) retrieved from /opt/airflow/dags/user_processing.py
[2024-04-15T15:44:18.846+0000] {logging_mixin.py:120} INFO - [2024-04-15T15:44:18.846+0000] {dag.py:2585} INFO - Sync 1 DAGs
[2024-04-15T15:44:18.888+0000] {logging_mixin.py:120} INFO - [2024-04-15T15:44:18.887+0000] {dag.py:3340} INFO - Setting next_dagrun for user_processing to 2024-04-15T00:00:00+00:00, run_after=2024-04-16T00:00:00+00:00
[2024-04-15T15:44:18.917+0000] {processor.py:176} INFO - Processing /opt/airflow/dags/user_processing.py took 1.111 seconds
[2024-04-15T15:44:49.607+0000] {processor.py:154} INFO - Started process (PID=19485) to work on /opt/airflow/dags/user_processing.py
[2024-04-15T15:44:49.612+0000] {processor.py:756} INFO - Processing file /opt/airflow/dags/user_processing.py for tasks to queue
[2024-04-15T15:44:49.615+0000] {logging_mixin.py:120} INFO - [2024-04-15T15:44:49.615+0000] {dagbag.py:537} INFO - Filling up the DagBag from /opt/airflow/dags/user_processing.py
[2024-04-15T15:44:49.865+0000] {processor.py:766} INFO - DAG(s) dict_keys(['user_processing']) retrieved from /opt/airflow/dags/user_processing.py
[2024-04-15T15:44:50.805+0000] {logging_mixin.py:120} INFO - [2024-04-15T15:44:50.804+0000] {dag.py:2585} INFO - Sync 1 DAGs
[2024-04-15T15:44:50.871+0000] {logging_mixin.py:120} INFO - [2024-04-15T15:44:50.871+0000] {dag.py:3340} INFO - Setting next_dagrun for user_processing to 2024-04-15T00:00:00+00:00, run_after=2024-04-16T00:00:00+00:00
[2024-04-15T15:44:50.901+0000] {processor.py:176} INFO - Processing /opt/airflow/dags/user_processing.py took 1.314 seconds
[2024-04-15T15:45:21.061+0000] {processor.py:154} INFO - Started process (PID=19565) to work on /opt/airflow/dags/user_processing.py
[2024-04-15T15:45:21.063+0000] {processor.py:756} INFO - Processing file /opt/airflow/dags/user_processing.py for tasks to queue
[2024-04-15T15:45:21.065+0000] {logging_mixin.py:120} INFO - [2024-04-15T15:45:21.065+0000] {dagbag.py:537} INFO - Filling up the DagBag from /opt/airflow/dags/user_processing.py
[2024-04-15T15:45:21.203+0000] {processor.py:766} INFO - DAG(s) dict_keys(['user_processing']) retrieved from /opt/airflow/dags/user_processing.py
[2024-04-15T15:45:21.939+0000] {logging_mixin.py:120} INFO - [2024-04-15T15:45:21.939+0000] {dag.py:2585} INFO - Sync 1 DAGs
[2024-04-15T15:45:21.985+0000] {logging_mixin.py:120} INFO - [2024-04-15T15:45:21.984+0000] {dag.py:3340} INFO - Setting next_dagrun for user_processing to 2024-04-15T00:00:00+00:00, run_after=2024-04-16T00:00:00+00:00
[2024-04-15T15:45:22.013+0000] {processor.py:176} INFO - Processing /opt/airflow/dags/user_processing.py took 0.961 seconds
[2024-04-15T15:45:52.110+0000] {processor.py:154} INFO - Started process (PID=19643) to work on /opt/airflow/dags/user_processing.py
[2024-04-15T15:45:52.113+0000] {processor.py:756} INFO - Processing file /opt/airflow/dags/user_processing.py for tasks to queue
[2024-04-15T15:45:52.117+0000] {logging_mixin.py:120} INFO - [2024-04-15T15:45:52.116+0000] {dagbag.py:537} INFO - Filling up the DagBag from /opt/airflow/dags/user_processing.py
[2024-04-15T15:45:52.292+0000] {processor.py:766} INFO - DAG(s) dict_keys(['user_processing']) retrieved from /opt/airflow/dags/user_processing.py
[2024-04-15T15:45:52.975+0000] {logging_mixin.py:120} INFO - [2024-04-15T15:45:52.974+0000] {dag.py:2585} INFO - Sync 1 DAGs
[2024-04-15T15:45:53.017+0000] {logging_mixin.py:120} INFO - [2024-04-15T15:45:53.017+0000] {dag.py:3340} INFO - Setting next_dagrun for user_processing to 2024-04-15T00:00:00+00:00, run_after=2024-04-16T00:00:00+00:00
[2024-04-15T15:45:53.049+0000] {processor.py:176} INFO - Processing /opt/airflow/dags/user_processing.py took 0.945 seconds
[2024-04-15T15:46:23.827+0000] {processor.py:154} INFO - Started process (PID=19712) to work on /opt/airflow/dags/user_processing.py
[2024-04-15T15:46:23.830+0000] {processor.py:756} INFO - Processing file /opt/airflow/dags/user_processing.py for tasks to queue
[2024-04-15T15:46:23.832+0000] {logging_mixin.py:120} INFO - [2024-04-15T15:46:23.832+0000] {dagbag.py:537} INFO - Filling up the DagBag from /opt/airflow/dags/user_processing.py
[2024-04-15T15:46:23.986+0000] {processor.py:766} INFO - DAG(s) dict_keys(['user_processing']) retrieved from /opt/airflow/dags/user_processing.py
[2024-04-15T15:46:24.657+0000] {logging_mixin.py:120} INFO - [2024-04-15T15:46:24.656+0000] {dag.py:2585} INFO - Sync 1 DAGs
[2024-04-15T15:46:24.696+0000] {logging_mixin.py:120} INFO - [2024-04-15T15:46:24.696+0000] {dag.py:3340} INFO - Setting next_dagrun for user_processing to 2024-04-15T00:00:00+00:00, run_after=2024-04-16T00:00:00+00:00
[2024-04-15T15:46:24.722+0000] {processor.py:176} INFO - Processing /opt/airflow/dags/user_processing.py took 0.902 seconds
[2024-04-15T15:46:54.827+0000] {processor.py:154} INFO - Started process (PID=19793) to work on /opt/airflow/dags/user_processing.py
[2024-04-15T15:46:54.829+0000] {processor.py:756} INFO - Processing file /opt/airflow/dags/user_processing.py for tasks to queue
[2024-04-15T15:46:54.831+0000] {logging_mixin.py:120} INFO - [2024-04-15T15:46:54.831+0000] {dagbag.py:537} INFO - Filling up the DagBag from /opt/airflow/dags/user_processing.py
[2024-04-15T15:46:54.967+0000] {processor.py:766} INFO - DAG(s) dict_keys(['user_processing']) retrieved from /opt/airflow/dags/user_processing.py
[2024-04-15T15:46:55.853+0000] {logging_mixin.py:120} INFO - [2024-04-15T15:46:55.853+0000] {dag.py:2585} INFO - Sync 1 DAGs
[2024-04-15T15:46:55.901+0000] {logging_mixin.py:120} INFO - [2024-04-15T15:46:55.901+0000] {dag.py:3340} INFO - Setting next_dagrun for user_processing to 2024-04-15T00:00:00+00:00, run_after=2024-04-16T00:00:00+00:00
[2024-04-15T15:46:55.938+0000] {processor.py:176} INFO - Processing /opt/airflow/dags/user_processing.py took 1.118 seconds
[2024-04-15T15:47:26.266+0000] {processor.py:154} INFO - Started process (PID=19870) to work on /opt/airflow/dags/user_processing.py
[2024-04-15T15:47:26.270+0000] {processor.py:756} INFO - Processing file /opt/airflow/dags/user_processing.py for tasks to queue
[2024-04-15T15:47:26.272+0000] {logging_mixin.py:120} INFO - [2024-04-15T15:47:26.272+0000] {dagbag.py:537} INFO - Filling up the DagBag from /opt/airflow/dags/user_processing.py
[2024-04-15T15:47:26.403+0000] {processor.py:766} INFO - DAG(s) dict_keys(['user_processing']) retrieved from /opt/airflow/dags/user_processing.py
[2024-04-15T15:47:27.058+0000] {logging_mixin.py:120} INFO - [2024-04-15T15:47:27.057+0000] {dag.py:2585} INFO - Sync 1 DAGs
[2024-04-15T15:47:27.098+0000] {logging_mixin.py:120} INFO - [2024-04-15T15:47:27.097+0000] {dag.py:3340} INFO - Setting next_dagrun for user_processing to 2024-04-15T00:00:00+00:00, run_after=2024-04-16T00:00:00+00:00
[2024-04-15T15:47:27.126+0000] {processor.py:176} INFO - Processing /opt/airflow/dags/user_processing.py took 0.865 seconds
[2024-04-15T15:47:57.967+0000] {processor.py:154} INFO - Started process (PID=19942) to work on /opt/airflow/dags/user_processing.py
[2024-04-15T15:47:57.971+0000] {processor.py:756} INFO - Processing file /opt/airflow/dags/user_processing.py for tasks to queue
[2024-04-15T15:47:57.973+0000] {logging_mixin.py:120} INFO - [2024-04-15T15:47:57.973+0000] {dagbag.py:537} INFO - Filling up the DagBag from /opt/airflow/dags/user_processing.py
[2024-04-15T15:47:58.106+0000] {processor.py:766} INFO - DAG(s) dict_keys(['user_processing']) retrieved from /opt/airflow/dags/user_processing.py
[2024-04-15T15:47:58.700+0000] {logging_mixin.py:120} INFO - [2024-04-15T15:47:58.700+0000] {dag.py:2585} INFO - Sync 1 DAGs
[2024-04-15T15:47:58.737+0000] {logging_mixin.py:120} INFO - [2024-04-15T15:47:58.737+0000] {dag.py:3340} INFO - Setting next_dagrun for user_processing to 2024-04-15T00:00:00+00:00, run_after=2024-04-16T00:00:00+00:00
[2024-04-15T15:47:58.767+0000] {processor.py:176} INFO - Processing /opt/airflow/dags/user_processing.py took 0.806 seconds
[2024-04-15T15:48:29.290+0000] {processor.py:154} INFO - Started process (PID=20021) to work on /opt/airflow/dags/user_processing.py
[2024-04-15T15:48:29.294+0000] {processor.py:756} INFO - Processing file /opt/airflow/dags/user_processing.py for tasks to queue
[2024-04-15T15:48:29.296+0000] {logging_mixin.py:120} INFO - [2024-04-15T15:48:29.296+0000] {dagbag.py:537} INFO - Filling up the DagBag from /opt/airflow/dags/user_processing.py
[2024-04-15T15:48:29.433+0000] {processor.py:766} INFO - DAG(s) dict_keys(['user_processing']) retrieved from /opt/airflow/dags/user_processing.py
[2024-04-15T15:48:30.080+0000] {logging_mixin.py:120} INFO - [2024-04-15T15:48:30.079+0000] {dag.py:2585} INFO - Sync 1 DAGs
[2024-04-15T15:48:30.124+0000] {logging_mixin.py:120} INFO - [2024-04-15T15:48:30.124+0000] {dag.py:3340} INFO - Setting next_dagrun for user_processing to 2024-04-15T00:00:00+00:00, run_after=2024-04-16T00:00:00+00:00
[2024-04-15T15:48:30.158+0000] {processor.py:176} INFO - Processing /opt/airflow/dags/user_processing.py took 0.875 seconds
[2024-04-15T15:49:00.426+0000] {processor.py:154} INFO - Started process (PID=20092) to work on /opt/airflow/dags/user_processing.py
[2024-04-15T15:49:00.434+0000] {processor.py:756} INFO - Processing file /opt/airflow/dags/user_processing.py for tasks to queue
[2024-04-15T15:49:00.437+0000] {logging_mixin.py:120} INFO - [2024-04-15T15:49:00.437+0000] {dagbag.py:537} INFO - Filling up the DagBag from /opt/airflow/dags/user_processing.py
[2024-04-15T15:49:00.670+0000] {processor.py:766} INFO - DAG(s) dict_keys(['user_processing']) retrieved from /opt/airflow/dags/user_processing.py
[2024-04-15T15:49:01.285+0000] {logging_mixin.py:120} INFO - [2024-04-15T15:49:01.284+0000] {dag.py:2585} INFO - Sync 1 DAGs
[2024-04-15T15:49:01.325+0000] {logging_mixin.py:120} INFO - [2024-04-15T15:49:01.325+0000] {dag.py:3340} INFO - Setting next_dagrun for user_processing to 2024-04-15T00:00:00+00:00, run_after=2024-04-16T00:00:00+00:00
[2024-04-15T15:49:01.355+0000] {processor.py:176} INFO - Processing /opt/airflow/dags/user_processing.py took 0.945 seconds
[2024-04-15T15:49:32.013+0000] {processor.py:154} INFO - Started process (PID=20170) to work on /opt/airflow/dags/user_processing.py
[2024-04-15T15:49:32.021+0000] {processor.py:756} INFO - Processing file /opt/airflow/dags/user_processing.py for tasks to queue
[2024-04-15T15:49:32.024+0000] {logging_mixin.py:120} INFO - [2024-04-15T15:49:32.023+0000] {dagbag.py:537} INFO - Filling up the DagBag from /opt/airflow/dags/user_processing.py
[2024-04-15T15:49:32.172+0000] {processor.py:766} INFO - DAG(s) dict_keys(['user_processing']) retrieved from /opt/airflow/dags/user_processing.py
[2024-04-15T15:49:32.839+0000] {logging_mixin.py:120} INFO - [2024-04-15T15:49:32.839+0000] {dag.py:2585} INFO - Sync 1 DAGs
[2024-04-15T15:49:32.893+0000] {logging_mixin.py:120} INFO - [2024-04-15T15:49:32.893+0000] {dag.py:3340} INFO - Setting next_dagrun for user_processing to 2024-04-15T00:00:00+00:00, run_after=2024-04-16T00:00:00+00:00
[2024-04-15T15:49:32.922+0000] {processor.py:176} INFO - Processing /opt/airflow/dags/user_processing.py took 0.923 seconds
[2024-04-15T15:50:03.038+0000] {processor.py:154} INFO - Started process (PID=20252) to work on /opt/airflow/dags/user_processing.py
[2024-04-15T15:50:03.040+0000] {processor.py:756} INFO - Processing file /opt/airflow/dags/user_processing.py for tasks to queue
[2024-04-15T15:50:03.042+0000] {logging_mixin.py:120} INFO - [2024-04-15T15:50:03.042+0000] {dagbag.py:537} INFO - Filling up the DagBag from /opt/airflow/dags/user_processing.py
[2024-04-15T15:50:03.247+0000] {processor.py:766} INFO - DAG(s) dict_keys(['user_processing']) retrieved from /opt/airflow/dags/user_processing.py
[2024-04-15T15:50:04.051+0000] {logging_mixin.py:120} INFO - [2024-04-15T15:50:04.050+0000] {dag.py:2585} INFO - Sync 1 DAGs
[2024-04-15T15:50:04.088+0000] {logging_mixin.py:120} INFO - [2024-04-15T15:50:04.088+0000] {dag.py:3340} INFO - Setting next_dagrun for user_processing to 2024-04-15T00:00:00+00:00, run_after=2024-04-16T00:00:00+00:00
[2024-04-15T15:50:04.127+0000] {processor.py:176} INFO - Processing /opt/airflow/dags/user_processing.py took 1.097 seconds
[2024-04-15T15:50:34.574+0000] {processor.py:154} INFO - Started process (PID=20322) to work on /opt/airflow/dags/user_processing.py
[2024-04-15T15:50:34.578+0000] {processor.py:756} INFO - Processing file /opt/airflow/dags/user_processing.py for tasks to queue
[2024-04-15T15:50:34.580+0000] {logging_mixin.py:120} INFO - [2024-04-15T15:50:34.580+0000] {dagbag.py:537} INFO - Filling up the DagBag from /opt/airflow/dags/user_processing.py
[2024-04-15T15:50:34.762+0000] {processor.py:766} INFO - DAG(s) dict_keys(['user_processing']) retrieved from /opt/airflow/dags/user_processing.py
[2024-04-15T15:50:35.439+0000] {logging_mixin.py:120} INFO - [2024-04-15T15:50:35.439+0000] {dag.py:2585} INFO - Sync 1 DAGs
[2024-04-15T15:50:35.483+0000] {logging_mixin.py:120} INFO - [2024-04-15T15:50:35.482+0000] {dag.py:3340} INFO - Setting next_dagrun for user_processing to 2024-04-15T00:00:00+00:00, run_after=2024-04-16T00:00:00+00:00
[2024-04-15T15:50:35.512+0000] {processor.py:176} INFO - Processing /opt/airflow/dags/user_processing.py took 0.946 seconds
[2024-04-15T15:51:05.613+0000] {processor.py:154} INFO - Started process (PID=20401) to work on /opt/airflow/dags/user_processing.py
[2024-04-15T15:51:05.615+0000] {processor.py:756} INFO - Processing file /opt/airflow/dags/user_processing.py for tasks to queue
[2024-04-15T15:51:05.617+0000] {logging_mixin.py:120} INFO - [2024-04-15T15:51:05.616+0000] {dagbag.py:537} INFO - Filling up the DagBag from /opt/airflow/dags/user_processing.py
[2024-04-15T15:51:05.750+0000] {processor.py:766} INFO - DAG(s) dict_keys(['user_processing']) retrieved from /opt/airflow/dags/user_processing.py
[2024-04-15T15:51:06.375+0000] {logging_mixin.py:120} INFO - [2024-04-15T15:51:06.374+0000] {dag.py:2585} INFO - Sync 1 DAGs
[2024-04-15T15:51:06.418+0000] {logging_mixin.py:120} INFO - [2024-04-15T15:51:06.418+0000] {dag.py:3340} INFO - Setting next_dagrun for user_processing to 2024-04-15T00:00:00+00:00, run_after=2024-04-16T00:00:00+00:00
[2024-04-15T15:51:06.449+0000] {processor.py:176} INFO - Processing /opt/airflow/dags/user_processing.py took 0.841 seconds
[2024-04-15T15:51:37.430+0000] {processor.py:154} INFO - Started process (PID=20481) to work on /opt/airflow/dags/user_processing.py
[2024-04-15T15:51:37.435+0000] {processor.py:756} INFO - Processing file /opt/airflow/dags/user_processing.py for tasks to queue
[2024-04-15T15:51:37.438+0000] {logging_mixin.py:120} INFO - [2024-04-15T15:51:37.438+0000] {dagbag.py:537} INFO - Filling up the DagBag from /opt/airflow/dags/user_processing.py
[2024-04-15T15:51:37.594+0000] {processor.py:766} INFO - DAG(s) dict_keys(['user_processing']) retrieved from /opt/airflow/dags/user_processing.py
[2024-04-15T15:51:38.375+0000] {logging_mixin.py:120} INFO - [2024-04-15T15:51:38.374+0000] {dag.py:2585} INFO - Sync 1 DAGs
[2024-04-15T15:51:38.424+0000] {logging_mixin.py:120} INFO - [2024-04-15T15:51:38.424+0000] {dag.py:3340} INFO - Setting next_dagrun for user_processing to 2024-04-15T00:00:00+00:00, run_after=2024-04-16T00:00:00+00:00
[2024-04-15T15:51:38.457+0000] {processor.py:176} INFO - Processing /opt/airflow/dags/user_processing.py took 1.040 seconds
[2024-04-15T15:52:09.132+0000] {processor.py:154} INFO - Started process (PID=20553) to work on /opt/airflow/dags/user_processing.py
[2024-04-15T15:52:09.137+0000] {processor.py:756} INFO - Processing file /opt/airflow/dags/user_processing.py for tasks to queue
[2024-04-15T15:52:09.140+0000] {logging_mixin.py:120} INFO - [2024-04-15T15:52:09.139+0000] {dagbag.py:537} INFO - Filling up the DagBag from /opt/airflow/dags/user_processing.py
[2024-04-15T15:52:09.268+0000] {processor.py:766} INFO - DAG(s) dict_keys(['user_processing']) retrieved from /opt/airflow/dags/user_processing.py
[2024-04-15T15:52:09.896+0000] {logging_mixin.py:120} INFO - [2024-04-15T15:52:09.895+0000] {dag.py:2585} INFO - Sync 1 DAGs
[2024-04-15T15:52:09.943+0000] {logging_mixin.py:120} INFO - [2024-04-15T15:52:09.942+0000] {dag.py:3340} INFO - Setting next_dagrun for user_processing to 2024-04-15T00:00:00+00:00, run_after=2024-04-16T00:00:00+00:00
[2024-04-15T15:52:09.976+0000] {processor.py:176} INFO - Processing /opt/airflow/dags/user_processing.py took 0.856 seconds
[2024-04-15T15:52:40.726+0000] {processor.py:154} INFO - Started process (PID=20632) to work on /opt/airflow/dags/user_processing.py
[2024-04-15T15:52:40.730+0000] {processor.py:756} INFO - Processing file /opt/airflow/dags/user_processing.py for tasks to queue
[2024-04-15T15:52:40.734+0000] {logging_mixin.py:120} INFO - [2024-04-15T15:52:40.733+0000] {dagbag.py:537} INFO - Filling up the DagBag from /opt/airflow/dags/user_processing.py
[2024-04-15T15:52:40.895+0000] {processor.py:766} INFO - DAG(s) dict_keys(['user_processing']) retrieved from /opt/airflow/dags/user_processing.py
[2024-04-15T15:52:41.601+0000] {logging_mixin.py:120} INFO - [2024-04-15T15:52:41.600+0000] {dag.py:2585} INFO - Sync 1 DAGs
[2024-04-15T15:52:41.641+0000] {logging_mixin.py:120} INFO - [2024-04-15T15:52:41.641+0000] {dag.py:3340} INFO - Setting next_dagrun for user_processing to 2024-04-15T00:00:00+00:00, run_after=2024-04-16T00:00:00+00:00
[2024-04-15T15:52:41.668+0000] {processor.py:176} INFO - Processing /opt/airflow/dags/user_processing.py took 0.948 seconds
[2024-04-15T15:53:11.923+0000] {processor.py:154} INFO - Started process (PID=20709) to work on /opt/airflow/dags/user_processing.py
[2024-04-15T15:53:11.927+0000] {processor.py:756} INFO - Processing file /opt/airflow/dags/user_processing.py for tasks to queue
[2024-04-15T15:53:11.929+0000] {logging_mixin.py:120} INFO - [2024-04-15T15:53:11.929+0000] {dagbag.py:537} INFO - Filling up the DagBag from /opt/airflow/dags/user_processing.py
[2024-04-15T15:53:12.073+0000] {processor.py:766} INFO - DAG(s) dict_keys(['user_processing']) retrieved from /opt/airflow/dags/user_processing.py
[2024-04-15T15:53:12.803+0000] {logging_mixin.py:120} INFO - [2024-04-15T15:53:12.802+0000] {dag.py:2585} INFO - Sync 1 DAGs
[2024-04-15T15:53:12.844+0000] {logging_mixin.py:120} INFO - [2024-04-15T15:53:12.844+0000] {dag.py:3340} INFO - Setting next_dagrun for user_processing to 2024-04-15T00:00:00+00:00, run_after=2024-04-16T00:00:00+00:00
[2024-04-15T15:53:12.874+0000] {processor.py:176} INFO - Processing /opt/airflow/dags/user_processing.py took 0.958 seconds
[2024-04-15T15:53:43.235+0000] {processor.py:154} INFO - Started process (PID=20781) to work on /opt/airflow/dags/user_processing.py
[2024-04-15T15:53:43.237+0000] {processor.py:756} INFO - Processing file /opt/airflow/dags/user_processing.py for tasks to queue
[2024-04-15T15:53:43.239+0000] {logging_mixin.py:120} INFO - [2024-04-15T15:53:43.239+0000] {dagbag.py:537} INFO - Filling up the DagBag from /opt/airflow/dags/user_processing.py
[2024-04-15T15:53:43.426+0000] {processor.py:766} INFO - DAG(s) dict_keys(['user_processing']) retrieved from /opt/airflow/dags/user_processing.py
[2024-04-15T15:53:44.324+0000] {logging_mixin.py:120} INFO - [2024-04-15T15:53:44.324+0000] {dag.py:2585} INFO - Sync 1 DAGs
[2024-04-15T15:53:44.369+0000] {logging_mixin.py:120} INFO - [2024-04-15T15:53:44.369+0000] {dag.py:3340} INFO - Setting next_dagrun for user_processing to 2024-04-15T00:00:00+00:00, run_after=2024-04-16T00:00:00+00:00
[2024-04-15T15:53:44.401+0000] {processor.py:176} INFO - Processing /opt/airflow/dags/user_processing.py took 1.172 seconds
[2024-04-15T15:54:15.075+0000] {processor.py:154} INFO - Started process (PID=20859) to work on /opt/airflow/dags/user_processing.py
[2024-04-15T15:54:15.079+0000] {processor.py:756} INFO - Processing file /opt/airflow/dags/user_processing.py for tasks to queue
[2024-04-15T15:54:15.081+0000] {logging_mixin.py:120} INFO - [2024-04-15T15:54:15.081+0000] {dagbag.py:537} INFO - Filling up the DagBag from /opt/airflow/dags/user_processing.py
[2024-04-15T15:54:15.234+0000] {processor.py:766} INFO - DAG(s) dict_keys(['user_processing']) retrieved from /opt/airflow/dags/user_processing.py
[2024-04-15T15:54:15.887+0000] {logging_mixin.py:120} INFO - [2024-04-15T15:54:15.887+0000] {dag.py:2585} INFO - Sync 1 DAGs
[2024-04-15T15:54:15.935+0000] {logging_mixin.py:120} INFO - [2024-04-15T15:54:15.935+0000] {dag.py:3340} INFO - Setting next_dagrun for user_processing to 2024-04-15T00:00:00+00:00, run_after=2024-04-16T00:00:00+00:00
[2024-04-15T15:54:16.001+0000] {processor.py:176} INFO - Processing /opt/airflow/dags/user_processing.py took 0.958 seconds
[2024-04-15T15:54:46.980+0000] {processor.py:154} INFO - Started process (PID=20930) to work on /opt/airflow/dags/user_processing.py
[2024-04-15T15:54:46.982+0000] {processor.py:756} INFO - Processing file /opt/airflow/dags/user_processing.py for tasks to queue
[2024-04-15T15:54:46.985+0000] {logging_mixin.py:120} INFO - [2024-04-15T15:54:46.985+0000] {dagbag.py:537} INFO - Filling up the DagBag from /opt/airflow/dags/user_processing.py
[2024-04-15T15:54:47.134+0000] {processor.py:766} INFO - DAG(s) dict_keys(['user_processing']) retrieved from /opt/airflow/dags/user_processing.py
[2024-04-15T15:54:47.890+0000] {logging_mixin.py:120} INFO - [2024-04-15T15:54:47.889+0000] {dag.py:2585} INFO - Sync 1 DAGs
[2024-04-15T15:54:47.933+0000] {logging_mixin.py:120} INFO - [2024-04-15T15:54:47.932+0000] {dag.py:3340} INFO - Setting next_dagrun for user_processing to 2024-04-15T00:00:00+00:00, run_after=2024-04-16T00:00:00+00:00
[2024-04-15T15:54:47.964+0000] {processor.py:176} INFO - Processing /opt/airflow/dags/user_processing.py took 0.990 seconds
[2024-04-15T15:55:18.432+0000] {processor.py:154} INFO - Started process (PID=21008) to work on /opt/airflow/dags/user_processing.py
[2024-04-15T15:55:18.434+0000] {processor.py:756} INFO - Processing file /opt/airflow/dags/user_processing.py for tasks to queue
[2024-04-15T15:55:18.436+0000] {logging_mixin.py:120} INFO - [2024-04-15T15:55:18.436+0000] {dagbag.py:537} INFO - Filling up the DagBag from /opt/airflow/dags/user_processing.py
[2024-04-15T15:55:18.572+0000] {processor.py:766} INFO - DAG(s) dict_keys(['user_processing']) retrieved from /opt/airflow/dags/user_processing.py
[2024-04-15T15:55:19.206+0000] {logging_mixin.py:120} INFO - [2024-04-15T15:55:19.205+0000] {dag.py:2585} INFO - Sync 1 DAGs
[2024-04-15T15:55:19.246+0000] {logging_mixin.py:120} INFO - [2024-04-15T15:55:19.246+0000] {dag.py:3340} INFO - Setting next_dagrun for user_processing to 2024-04-15T00:00:00+00:00, run_after=2024-04-16T00:00:00+00:00
[2024-04-15T15:55:19.277+0000] {processor.py:176} INFO - Processing /opt/airflow/dags/user_processing.py took 0.849 seconds
[2024-04-15T15:55:50.061+0000] {processor.py:154} INFO - Started process (PID=21088) to work on /opt/airflow/dags/user_processing.py
[2024-04-15T15:55:50.063+0000] {processor.py:756} INFO - Processing file /opt/airflow/dags/user_processing.py for tasks to queue
[2024-04-15T15:55:50.064+0000] {logging_mixin.py:120} INFO - [2024-04-15T15:55:50.064+0000] {dagbag.py:537} INFO - Filling up the DagBag from /opt/airflow/dags/user_processing.py
[2024-04-15T15:55:50.230+0000] {processor.py:766} INFO - DAG(s) dict_keys(['user_processing']) retrieved from /opt/airflow/dags/user_processing.py
[2024-04-15T15:55:50.925+0000] {logging_mixin.py:120} INFO - [2024-04-15T15:55:50.925+0000] {dag.py:2585} INFO - Sync 1 DAGs
[2024-04-15T15:55:50.973+0000] {logging_mixin.py:120} INFO - [2024-04-15T15:55:50.973+0000] {dag.py:3340} INFO - Setting next_dagrun for user_processing to 2024-04-15T00:00:00+00:00, run_after=2024-04-16T00:00:00+00:00
[2024-04-15T15:55:51.024+0000] {processor.py:176} INFO - Processing /opt/airflow/dags/user_processing.py took 0.974 seconds
[2024-04-15T15:56:21.357+0000] {processor.py:154} INFO - Started process (PID=21156) to work on /opt/airflow/dags/user_processing.py
[2024-04-15T15:56:21.359+0000] {processor.py:756} INFO - Processing file /opt/airflow/dags/user_processing.py for tasks to queue
[2024-04-15T15:56:21.361+0000] {logging_mixin.py:120} INFO - [2024-04-15T15:56:21.361+0000] {dagbag.py:537} INFO - Filling up the DagBag from /opt/airflow/dags/user_processing.py
[2024-04-15T15:56:21.515+0000] {processor.py:766} INFO - DAG(s) dict_keys(['user_processing']) retrieved from /opt/airflow/dags/user_processing.py
[2024-04-15T15:56:22.177+0000] {logging_mixin.py:120} INFO - [2024-04-15T15:56:22.177+0000] {dag.py:2585} INFO - Sync 1 DAGs
[2024-04-15T15:56:22.233+0000] {logging_mixin.py:120} INFO - [2024-04-15T15:56:22.233+0000] {dag.py:3340} INFO - Setting next_dagrun for user_processing to 2024-04-15T00:00:00+00:00, run_after=2024-04-16T00:00:00+00:00
[2024-04-15T15:56:22.273+0000] {processor.py:176} INFO - Processing /opt/airflow/dags/user_processing.py took 0.922 seconds
[2024-04-15T15:56:53.203+0000] {processor.py:154} INFO - Started process (PID=21236) to work on /opt/airflow/dags/user_processing.py
[2024-04-15T15:56:53.207+0000] {processor.py:756} INFO - Processing file /opt/airflow/dags/user_processing.py for tasks to queue
[2024-04-15T15:56:53.208+0000] {logging_mixin.py:120} INFO - [2024-04-15T15:56:53.208+0000] {dagbag.py:537} INFO - Filling up the DagBag from /opt/airflow/dags/user_processing.py
[2024-04-15T15:56:53.339+0000] {processor.py:766} INFO - DAG(s) dict_keys(['user_processing']) retrieved from /opt/airflow/dags/user_processing.py
[2024-04-15T15:56:53.952+0000] {logging_mixin.py:120} INFO - [2024-04-15T15:56:53.952+0000] {dag.py:2585} INFO - Sync 1 DAGs
[2024-04-15T15:56:53.990+0000] {logging_mixin.py:120} INFO - [2024-04-15T15:56:53.989+0000] {dag.py:3340} INFO - Setting next_dagrun for user_processing to 2024-04-15T00:00:00+00:00, run_after=2024-04-16T00:00:00+00:00
[2024-04-15T15:56:54.018+0000] {processor.py:176} INFO - Processing /opt/airflow/dags/user_processing.py took 0.821 seconds
[2024-04-15T15:57:24.383+0000] {processor.py:154} INFO - Started process (PID=21316) to work on /opt/airflow/dags/user_processing.py
[2024-04-15T15:57:24.386+0000] {processor.py:756} INFO - Processing file /opt/airflow/dags/user_processing.py for tasks to queue
[2024-04-15T15:57:24.389+0000] {logging_mixin.py:120} INFO - [2024-04-15T15:57:24.388+0000] {dagbag.py:537} INFO - Filling up the DagBag from /opt/airflow/dags/user_processing.py
[2024-04-15T15:57:24.533+0000] {processor.py:766} INFO - DAG(s) dict_keys(['user_processing']) retrieved from /opt/airflow/dags/user_processing.py
[2024-04-15T15:57:25.147+0000] {logging_mixin.py:120} INFO - [2024-04-15T15:57:25.146+0000] {dag.py:2585} INFO - Sync 1 DAGs
[2024-04-15T15:57:25.188+0000] {logging_mixin.py:120} INFO - [2024-04-15T15:57:25.188+0000] {dag.py:3340} INFO - Setting next_dagrun for user_processing to 2024-04-15T00:00:00+00:00, run_after=2024-04-16T00:00:00+00:00
[2024-04-15T15:57:25.218+0000] {processor.py:176} INFO - Processing /opt/airflow/dags/user_processing.py took 0.843 seconds
[2024-04-15T15:57:55.673+0000] {processor.py:154} INFO - Started process (PID=21385) to work on /opt/airflow/dags/user_processing.py
[2024-04-15T15:57:55.675+0000] {processor.py:756} INFO - Processing file /opt/airflow/dags/user_processing.py for tasks to queue
[2024-04-15T15:57:55.679+0000] {logging_mixin.py:120} INFO - [2024-04-15T15:57:55.679+0000] {dagbag.py:537} INFO - Filling up the DagBag from /opt/airflow/dags/user_processing.py
[2024-04-15T15:57:55.823+0000] {processor.py:766} INFO - DAG(s) dict_keys(['user_processing']) retrieved from /opt/airflow/dags/user_processing.py
[2024-04-15T15:57:56.456+0000] {logging_mixin.py:120} INFO - [2024-04-15T15:57:56.456+0000] {dag.py:2585} INFO - Sync 1 DAGs
[2024-04-15T15:57:56.502+0000] {logging_mixin.py:120} INFO - [2024-04-15T15:57:56.502+0000] {dag.py:3340} INFO - Setting next_dagrun for user_processing to 2024-04-15T00:00:00+00:00, run_after=2024-04-16T00:00:00+00:00
[2024-04-15T15:57:56.536+0000] {processor.py:176} INFO - Processing /opt/airflow/dags/user_processing.py took 0.868 seconds
[2024-04-15T15:58:26.884+0000] {processor.py:154} INFO - Started process (PID=21467) to work on /opt/airflow/dags/user_processing.py
[2024-04-15T15:58:26.887+0000] {processor.py:756} INFO - Processing file /opt/airflow/dags/user_processing.py for tasks to queue
[2024-04-15T15:58:26.889+0000] {logging_mixin.py:120} INFO - [2024-04-15T15:58:26.888+0000] {dagbag.py:537} INFO - Filling up the DagBag from /opt/airflow/dags/user_processing.py
[2024-04-15T15:58:27.046+0000] {processor.py:766} INFO - DAG(s) dict_keys(['user_processing']) retrieved from /opt/airflow/dags/user_processing.py
[2024-04-15T15:58:27.743+0000] {logging_mixin.py:120} INFO - [2024-04-15T15:58:27.742+0000] {dag.py:2585} INFO - Sync 1 DAGs
[2024-04-15T15:58:27.787+0000] {logging_mixin.py:120} INFO - [2024-04-15T15:58:27.787+0000] {dag.py:3340} INFO - Setting next_dagrun for user_processing to 2024-04-15T00:00:00+00:00, run_after=2024-04-16T00:00:00+00:00
[2024-04-15T15:58:27.848+0000] {processor.py:176} INFO - Processing /opt/airflow/dags/user_processing.py took 0.974 seconds
[2024-04-15T15:58:58.201+0000] {processor.py:154} INFO - Started process (PID=21548) to work on /opt/airflow/dags/user_processing.py
[2024-04-15T15:58:58.202+0000] {processor.py:756} INFO - Processing file /opt/airflow/dags/user_processing.py for tasks to queue
[2024-04-15T15:58:58.204+0000] {logging_mixin.py:120} INFO - [2024-04-15T15:58:58.204+0000] {dagbag.py:537} INFO - Filling up the DagBag from /opt/airflow/dags/user_processing.py
[2024-04-15T15:58:58.363+0000] {processor.py:766} INFO - DAG(s) dict_keys(['user_processing']) retrieved from /opt/airflow/dags/user_processing.py
[2024-04-15T15:58:59.020+0000] {logging_mixin.py:120} INFO - [2024-04-15T15:58:59.019+0000] {dag.py:2585} INFO - Sync 1 DAGs
[2024-04-15T15:58:59.070+0000] {logging_mixin.py:120} INFO - [2024-04-15T15:58:59.070+0000] {dag.py:3340} INFO - Setting next_dagrun for user_processing to 2024-04-15T00:00:00+00:00, run_after=2024-04-16T00:00:00+00:00
[2024-04-15T15:58:59.097+0000] {processor.py:176} INFO - Processing /opt/airflow/dags/user_processing.py took 0.903 seconds
[2024-04-15T15:59:29.463+0000] {processor.py:154} INFO - Started process (PID=21617) to work on /opt/airflow/dags/user_processing.py
[2024-04-15T15:59:29.467+0000] {processor.py:756} INFO - Processing file /opt/airflow/dags/user_processing.py for tasks to queue
[2024-04-15T15:59:29.469+0000] {logging_mixin.py:120} INFO - [2024-04-15T15:59:29.469+0000] {dagbag.py:537} INFO - Filling up the DagBag from /opt/airflow/dags/user_processing.py
[2024-04-15T15:59:29.600+0000] {processor.py:766} INFO - DAG(s) dict_keys(['user_processing']) retrieved from /opt/airflow/dags/user_processing.py
[2024-04-15T15:59:30.215+0000] {logging_mixin.py:120} INFO - [2024-04-15T15:59:30.214+0000] {dag.py:2585} INFO - Sync 1 DAGs
[2024-04-15T15:59:30.255+0000] {logging_mixin.py:120} INFO - [2024-04-15T15:59:30.255+0000] {dag.py:3340} INFO - Setting next_dagrun for user_processing to 2024-04-15T00:00:00+00:00, run_after=2024-04-16T00:00:00+00:00
[2024-04-15T15:59:30.286+0000] {processor.py:176} INFO - Processing /opt/airflow/dags/user_processing.py took 0.830 seconds
[2024-04-15T16:00:01.099+0000] {processor.py:154} INFO - Started process (PID=21695) to work on /opt/airflow/dags/user_processing.py
[2024-04-15T16:00:01.105+0000] {processor.py:756} INFO - Processing file /opt/airflow/dags/user_processing.py for tasks to queue
[2024-04-15T16:00:01.112+0000] {logging_mixin.py:120} INFO - [2024-04-15T16:00:01.111+0000] {dagbag.py:537} INFO - Filling up the DagBag from /opt/airflow/dags/user_processing.py
[2024-04-15T16:00:01.317+0000] {processor.py:766} INFO - DAG(s) dict_keys(['user_processing']) retrieved from /opt/airflow/dags/user_processing.py
[2024-04-15T16:00:02.031+0000] {logging_mixin.py:120} INFO - [2024-04-15T16:00:02.031+0000] {dag.py:2585} INFO - Sync 1 DAGs
[2024-04-15T16:00:02.082+0000] {logging_mixin.py:120} INFO - [2024-04-15T16:00:02.082+0000] {dag.py:3340} INFO - Setting next_dagrun for user_processing to 2024-04-15T00:00:00+00:00, run_after=2024-04-16T00:00:00+00:00
[2024-04-15T16:00:02.127+0000] {processor.py:176} INFO - Processing /opt/airflow/dags/user_processing.py took 1.040 seconds
[2024-04-15T16:00:32.413+0000] {processor.py:154} INFO - Started process (PID=21774) to work on /opt/airflow/dags/user_processing.py
[2024-04-15T16:00:32.416+0000] {processor.py:756} INFO - Processing file /opt/airflow/dags/user_processing.py for tasks to queue
[2024-04-15T16:00:32.418+0000] {logging_mixin.py:120} INFO - [2024-04-15T16:00:32.417+0000] {dagbag.py:537} INFO - Filling up the DagBag from /opt/airflow/dags/user_processing.py
[2024-04-15T16:00:32.549+0000] {processor.py:766} INFO - DAG(s) dict_keys(['user_processing']) retrieved from /opt/airflow/dags/user_processing.py
[2024-04-15T16:00:33.301+0000] {logging_mixin.py:120} INFO - [2024-04-15T16:00:33.301+0000] {dag.py:2585} INFO - Sync 1 DAGs
[2024-04-15T16:00:33.394+0000] {logging_mixin.py:120} INFO - [2024-04-15T16:00:33.394+0000] {dag.py:3340} INFO - Setting next_dagrun for user_processing to 2024-04-15T00:00:00+00:00, run_after=2024-04-16T00:00:00+00:00
[2024-04-15T16:00:33.445+0000] {processor.py:176} INFO - Processing /opt/airflow/dags/user_processing.py took 1.040 seconds
[2024-04-15T16:01:04.164+0000] {processor.py:154} INFO - Started process (PID=21844) to work on /opt/airflow/dags/user_processing.py
[2024-04-15T16:01:04.167+0000] {processor.py:756} INFO - Processing file /opt/airflow/dags/user_processing.py for tasks to queue
[2024-04-15T16:01:04.169+0000] {logging_mixin.py:120} INFO - [2024-04-15T16:01:04.168+0000] {dagbag.py:537} INFO - Filling up the DagBag from /opt/airflow/dags/user_processing.py
[2024-04-15T16:01:04.340+0000] {processor.py:766} INFO - DAG(s) dict_keys(['user_processing']) retrieved from /opt/airflow/dags/user_processing.py
[2024-04-15T16:01:05.285+0000] {logging_mixin.py:120} INFO - [2024-04-15T16:01:05.284+0000] {dag.py:2585} INFO - Sync 1 DAGs
[2024-04-15T16:01:05.362+0000] {logging_mixin.py:120} INFO - [2024-04-15T16:01:05.362+0000] {dag.py:3340} INFO - Setting next_dagrun for user_processing to 2024-04-15T00:00:00+00:00, run_after=2024-04-16T00:00:00+00:00
[2024-04-15T16:01:05.437+0000] {processor.py:176} INFO - Processing /opt/airflow/dags/user_processing.py took 1.284 seconds
[2024-04-15T16:01:35.770+0000] {processor.py:154} INFO - Started process (PID=21924) to work on /opt/airflow/dags/user_processing.py
[2024-04-15T16:01:35.774+0000] {processor.py:756} INFO - Processing file /opt/airflow/dags/user_processing.py for tasks to queue
[2024-04-15T16:01:35.777+0000] {logging_mixin.py:120} INFO - [2024-04-15T16:01:35.776+0000] {dagbag.py:537} INFO - Filling up the DagBag from /opt/airflow/dags/user_processing.py
[2024-04-15T16:01:35.994+0000] {processor.py:766} INFO - DAG(s) dict_keys(['user_processing']) retrieved from /opt/airflow/dags/user_processing.py
[2024-04-15T16:01:36.827+0000] {logging_mixin.py:120} INFO - [2024-04-15T16:01:36.826+0000] {dag.py:2585} INFO - Sync 1 DAGs
[2024-04-15T16:01:36.871+0000] {logging_mixin.py:120} INFO - [2024-04-15T16:01:36.871+0000] {dag.py:3340} INFO - Setting next_dagrun for user_processing to 2024-04-15T00:00:00+00:00, run_after=2024-04-16T00:00:00+00:00
[2024-04-15T16:01:36.905+0000] {processor.py:176} INFO - Processing /opt/airflow/dags/user_processing.py took 1.144 seconds
[2024-04-15T16:02:07.251+0000] {processor.py:154} INFO - Started process (PID=21995) to work on /opt/airflow/dags/user_processing.py
[2024-04-15T16:02:07.255+0000] {processor.py:756} INFO - Processing file /opt/airflow/dags/user_processing.py for tasks to queue
[2024-04-15T16:02:07.258+0000] {logging_mixin.py:120} INFO - [2024-04-15T16:02:07.258+0000] {dagbag.py:537} INFO - Filling up the DagBag from /opt/airflow/dags/user_processing.py
[2024-04-15T16:02:07.492+0000] {processor.py:766} INFO - DAG(s) dict_keys(['user_processing']) retrieved from /opt/airflow/dags/user_processing.py
[2024-04-15T16:02:08.410+0000] {logging_mixin.py:120} INFO - [2024-04-15T16:02:08.409+0000] {dag.py:2585} INFO - Sync 1 DAGs
[2024-04-15T16:02:08.472+0000] {logging_mixin.py:120} INFO - [2024-04-15T16:02:08.472+0000] {dag.py:3340} INFO - Setting next_dagrun for user_processing to 2024-04-15T00:00:00+00:00, run_after=2024-04-16T00:00:00+00:00
[2024-04-15T16:02:10.285+0000] {processor.py:176} INFO - Processing /opt/airflow/dags/user_processing.py took 3.046 seconds
[2024-04-15T16:02:40.519+0000] {processor.py:154} INFO - Started process (PID=22076) to work on /opt/airflow/dags/user_processing.py
[2024-04-15T16:02:40.524+0000] {processor.py:756} INFO - Processing file /opt/airflow/dags/user_processing.py for tasks to queue
[2024-04-15T16:02:40.528+0000] {logging_mixin.py:120} INFO - [2024-04-15T16:02:40.528+0000] {dagbag.py:537} INFO - Filling up the DagBag from /opt/airflow/dags/user_processing.py
[2024-04-15T16:02:40.710+0000] {processor.py:766} INFO - DAG(s) dict_keys(['user_processing']) retrieved from /opt/airflow/dags/user_processing.py
[2024-04-15T16:02:41.575+0000] {logging_mixin.py:120} INFO - [2024-04-15T16:02:41.574+0000] {dag.py:2585} INFO - Sync 1 DAGs
[2024-04-15T16:02:41.624+0000] {logging_mixin.py:120} INFO - [2024-04-15T16:02:41.624+0000] {dag.py:3340} INFO - Setting next_dagrun for user_processing to 2024-04-15T00:00:00+00:00, run_after=2024-04-16T00:00:00+00:00
[2024-04-15T16:02:41.660+0000] {processor.py:176} INFO - Processing /opt/airflow/dags/user_processing.py took 1.156 seconds
[2024-04-15T16:03:11.900+0000] {processor.py:154} INFO - Started process (PID=22158) to work on /opt/airflow/dags/user_processing.py
[2024-04-15T16:03:11.901+0000] {processor.py:756} INFO - Processing file /opt/airflow/dags/user_processing.py for tasks to queue
[2024-04-15T16:03:11.903+0000] {logging_mixin.py:120} INFO - [2024-04-15T16:03:11.903+0000] {dagbag.py:537} INFO - Filling up the DagBag from /opt/airflow/dags/user_processing.py
[2024-04-15T16:03:12.042+0000] {processor.py:766} INFO - DAG(s) dict_keys(['user_processing']) retrieved from /opt/airflow/dags/user_processing.py
[2024-04-15T16:03:12.801+0000] {logging_mixin.py:120} INFO - [2024-04-15T16:03:12.800+0000] {dag.py:2585} INFO - Sync 1 DAGs
[2024-04-15T16:03:12.845+0000] {logging_mixin.py:120} INFO - [2024-04-15T16:03:12.845+0000] {dag.py:3340} INFO - Setting next_dagrun for user_processing to 2024-04-15T00:00:00+00:00, run_after=2024-04-16T00:00:00+00:00
[2024-04-15T16:03:12.874+0000] {processor.py:176} INFO - Processing /opt/airflow/dags/user_processing.py took 0.981 seconds
[2024-04-15T16:03:43.454+0000] {processor.py:154} INFO - Started process (PID=22236) to work on /opt/airflow/dags/user_processing.py
[2024-04-15T16:03:43.457+0000] {processor.py:756} INFO - Processing file /opt/airflow/dags/user_processing.py for tasks to queue
[2024-04-15T16:03:43.460+0000] {logging_mixin.py:120} INFO - [2024-04-15T16:03:43.459+0000] {dagbag.py:537} INFO - Filling up the DagBag from /opt/airflow/dags/user_processing.py
[2024-04-15T16:03:43.649+0000] {processor.py:766} INFO - DAG(s) dict_keys(['user_processing']) retrieved from /opt/airflow/dags/user_processing.py
[2024-04-15T16:03:44.602+0000] {logging_mixin.py:120} INFO - [2024-04-15T16:03:44.601+0000] {dag.py:2585} INFO - Sync 1 DAGs
[2024-04-15T16:03:44.648+0000] {logging_mixin.py:120} INFO - [2024-04-15T16:03:44.648+0000] {dag.py:3340} INFO - Setting next_dagrun for user_processing to 2024-04-15T00:00:00+00:00, run_after=2024-04-16T00:00:00+00:00
[2024-04-15T16:03:44.691+0000] {processor.py:176} INFO - Processing /opt/airflow/dags/user_processing.py took 1.244 seconds
[2024-04-15T16:04:14.805+0000] {processor.py:154} INFO - Started process (PID=22310) to work on /opt/airflow/dags/user_processing.py
[2024-04-15T16:04:14.807+0000] {processor.py:756} INFO - Processing file /opt/airflow/dags/user_processing.py for tasks to queue
[2024-04-15T16:04:14.811+0000] {logging_mixin.py:120} INFO - [2024-04-15T16:04:14.811+0000] {dagbag.py:537} INFO - Filling up the DagBag from /opt/airflow/dags/user_processing.py
[2024-04-15T16:04:14.959+0000] {processor.py:766} INFO - DAG(s) dict_keys(['user_processing']) retrieved from /opt/airflow/dags/user_processing.py
[2024-04-15T16:04:15.589+0000] {logging_mixin.py:120} INFO - [2024-04-15T16:04:15.589+0000] {dag.py:2585} INFO - Sync 1 DAGs
[2024-04-15T16:04:15.636+0000] {logging_mixin.py:120} INFO - [2024-04-15T16:04:15.636+0000] {dag.py:3340} INFO - Setting next_dagrun for user_processing to 2024-04-15T00:00:00+00:00, run_after=2024-04-16T00:00:00+00:00
[2024-04-15T16:04:15.666+0000] {processor.py:176} INFO - Processing /opt/airflow/dags/user_processing.py took 0.892 seconds
[2024-04-15T16:04:46.020+0000] {processor.py:154} INFO - Started process (PID=22388) to work on /opt/airflow/dags/user_processing.py
[2024-04-15T16:04:46.022+0000] {processor.py:756} INFO - Processing file /opt/airflow/dags/user_processing.py for tasks to queue
[2024-04-15T16:04:46.024+0000] {logging_mixin.py:120} INFO - [2024-04-15T16:04:46.023+0000] {dagbag.py:537} INFO - Filling up the DagBag from /opt/airflow/dags/user_processing.py
[2024-04-15T16:04:46.224+0000] {processor.py:766} INFO - DAG(s) dict_keys(['user_processing']) retrieved from /opt/airflow/dags/user_processing.py
[2024-04-15T16:04:47.180+0000] {logging_mixin.py:120} INFO - [2024-04-15T16:04:47.180+0000] {dag.py:2585} INFO - Sync 1 DAGs
[2024-04-15T16:04:47.232+0000] {logging_mixin.py:120} INFO - [2024-04-15T16:04:47.232+0000] {dag.py:3340} INFO - Setting next_dagrun for user_processing to 2024-04-15T00:00:00+00:00, run_after=2024-04-16T00:00:00+00:00
[2024-04-15T16:04:47.278+0000] {processor.py:176} INFO - Processing /opt/airflow/dags/user_processing.py took 1.264 seconds
[2024-04-15T16:05:17.523+0000] {processor.py:154} INFO - Started process (PID=22460) to work on /opt/airflow/dags/user_processing.py
[2024-04-15T16:05:17.526+0000] {processor.py:756} INFO - Processing file /opt/airflow/dags/user_processing.py for tasks to queue
[2024-04-15T16:05:17.527+0000] {logging_mixin.py:120} INFO - [2024-04-15T16:05:17.527+0000] {dagbag.py:537} INFO - Filling up the DagBag from /opt/airflow/dags/user_processing.py
[2024-04-15T16:05:17.678+0000] {processor.py:766} INFO - DAG(s) dict_keys(['user_processing']) retrieved from /opt/airflow/dags/user_processing.py
[2024-04-15T16:05:18.419+0000] {logging_mixin.py:120} INFO - [2024-04-15T16:05:18.418+0000] {dag.py:2585} INFO - Sync 1 DAGs
[2024-04-15T16:05:18.456+0000] {logging_mixin.py:120} INFO - [2024-04-15T16:05:18.456+0000] {dag.py:3340} INFO - Setting next_dagrun for user_processing to 2024-04-15T00:00:00+00:00, run_after=2024-04-16T00:00:00+00:00
[2024-04-15T16:05:18.485+0000] {processor.py:176} INFO - Processing /opt/airflow/dags/user_processing.py took 0.970 seconds
[2024-04-15T16:05:48.574+0000] {processor.py:154} INFO - Started process (PID=22541) to work on /opt/airflow/dags/user_processing.py
[2024-04-15T16:05:48.576+0000] {processor.py:756} INFO - Processing file /opt/airflow/dags/user_processing.py for tasks to queue
[2024-04-15T16:05:48.577+0000] {logging_mixin.py:120} INFO - [2024-04-15T16:05:48.577+0000] {dagbag.py:537} INFO - Filling up the DagBag from /opt/airflow/dags/user_processing.py
[2024-04-15T16:05:48.791+0000] {processor.py:766} INFO - DAG(s) dict_keys(['user_processing']) retrieved from /opt/airflow/dags/user_processing.py
[2024-04-15T16:05:49.570+0000] {logging_mixin.py:120} INFO - [2024-04-15T16:05:49.569+0000] {dag.py:2585} INFO - Sync 1 DAGs
[2024-04-15T16:05:49.618+0000] {logging_mixin.py:120} INFO - [2024-04-15T16:05:49.618+0000] {dag.py:3340} INFO - Setting next_dagrun for user_processing to 2024-04-15T00:00:00+00:00, run_after=2024-04-16T00:00:00+00:00
[2024-04-15T16:05:49.650+0000] {processor.py:176} INFO - Processing /opt/airflow/dags/user_processing.py took 1.082 seconds
[2024-04-15T16:06:19.820+0000] {processor.py:154} INFO - Started process (PID=22608) to work on /opt/airflow/dags/user_processing.py
[2024-04-15T16:06:19.823+0000] {processor.py:756} INFO - Processing file /opt/airflow/dags/user_processing.py for tasks to queue
[2024-04-15T16:06:19.826+0000] {logging_mixin.py:120} INFO - [2024-04-15T16:06:19.826+0000] {dagbag.py:537} INFO - Filling up the DagBag from /opt/airflow/dags/user_processing.py
[2024-04-15T16:06:20.052+0000] {processor.py:766} INFO - DAG(s) dict_keys(['user_processing']) retrieved from /opt/airflow/dags/user_processing.py
[2024-04-15T16:06:20.724+0000] {logging_mixin.py:120} INFO - [2024-04-15T16:06:20.724+0000] {dag.py:2585} INFO - Sync 1 DAGs
[2024-04-15T16:06:20.762+0000] {logging_mixin.py:120} INFO - [2024-04-15T16:06:20.761+0000] {dag.py:3340} INFO - Setting next_dagrun for user_processing to 2024-04-15T00:00:00+00:00, run_after=2024-04-16T00:00:00+00:00
[2024-04-15T16:06:20.790+0000] {processor.py:176} INFO - Processing /opt/airflow/dags/user_processing.py took 0.984 seconds
[2024-04-15T16:06:50.850+0000] {processor.py:154} INFO - Started process (PID=22688) to work on /opt/airflow/dags/user_processing.py
[2024-04-15T16:06:50.853+0000] {processor.py:756} INFO - Processing file /opt/airflow/dags/user_processing.py for tasks to queue
[2024-04-15T16:06:50.855+0000] {logging_mixin.py:120} INFO - [2024-04-15T16:06:50.855+0000] {dagbag.py:537} INFO - Filling up the DagBag from /opt/airflow/dags/user_processing.py
[2024-04-15T16:06:50.989+0000] {processor.py:766} INFO - DAG(s) dict_keys(['user_processing']) retrieved from /opt/airflow/dags/user_processing.py
[2024-04-15T16:06:51.606+0000] {logging_mixin.py:120} INFO - [2024-04-15T16:06:51.606+0000] {dag.py:2585} INFO - Sync 1 DAGs
[2024-04-15T16:06:51.647+0000] {logging_mixin.py:120} INFO - [2024-04-15T16:06:51.647+0000] {dag.py:3340} INFO - Setting next_dagrun for user_processing to 2024-04-15T00:00:00+00:00, run_after=2024-04-16T00:00:00+00:00
[2024-04-15T16:06:51.684+0000] {processor.py:176} INFO - Processing /opt/airflow/dags/user_processing.py took 0.842 seconds
[2024-04-15T16:07:22.310+0000] {processor.py:154} INFO - Started process (PID=22765) to work on /opt/airflow/dags/user_processing.py
[2024-04-15T16:07:22.313+0000] {processor.py:756} INFO - Processing file /opt/airflow/dags/user_processing.py for tasks to queue
[2024-04-15T16:07:22.315+0000] {logging_mixin.py:120} INFO - [2024-04-15T16:07:22.315+0000] {dagbag.py:537} INFO - Filling up the DagBag from /opt/airflow/dags/user_processing.py
[2024-04-15T16:07:22.444+0000] {processor.py:766} INFO - DAG(s) dict_keys(['user_processing']) retrieved from /opt/airflow/dags/user_processing.py
[2024-04-15T16:07:23.108+0000] {logging_mixin.py:120} INFO - [2024-04-15T16:07:23.108+0000] {dag.py:2585} INFO - Sync 1 DAGs
[2024-04-15T16:07:23.157+0000] {logging_mixin.py:120} INFO - [2024-04-15T16:07:23.157+0000] {dag.py:3340} INFO - Setting next_dagrun for user_processing to 2024-04-15T00:00:00+00:00, run_after=2024-04-16T00:00:00+00:00
[2024-04-15T16:07:23.185+0000] {processor.py:176} INFO - Processing /opt/airflow/dags/user_processing.py took 0.880 seconds
[2024-04-15T16:07:53.843+0000] {processor.py:154} INFO - Started process (PID=22833) to work on /opt/airflow/dags/user_processing.py
[2024-04-15T16:07:53.845+0000] {processor.py:756} INFO - Processing file /opt/airflow/dags/user_processing.py for tasks to queue
[2024-04-15T16:07:53.847+0000] {logging_mixin.py:120} INFO - [2024-04-15T16:07:53.847+0000] {dagbag.py:537} INFO - Filling up the DagBag from /opt/airflow/dags/user_processing.py
[2024-04-15T16:07:54.007+0000] {processor.py:766} INFO - DAG(s) dict_keys(['user_processing']) retrieved from /opt/airflow/dags/user_processing.py
[2024-04-15T16:07:54.762+0000] {logging_mixin.py:120} INFO - [2024-04-15T16:07:54.762+0000] {dag.py:2585} INFO - Sync 1 DAGs
[2024-04-15T16:07:54.820+0000] {logging_mixin.py:120} INFO - [2024-04-15T16:07:54.819+0000] {dag.py:3340} INFO - Setting next_dagrun for user_processing to 2024-04-15T00:00:00+00:00, run_after=2024-04-16T00:00:00+00:00
[2024-04-15T16:07:54.850+0000] {processor.py:176} INFO - Processing /opt/airflow/dags/user_processing.py took 1.014 seconds
[2024-04-15T16:08:25.240+0000] {processor.py:154} INFO - Started process (PID=22912) to work on /opt/airflow/dags/user_processing.py
[2024-04-15T16:08:25.244+0000] {processor.py:756} INFO - Processing file /opt/airflow/dags/user_processing.py for tasks to queue
[2024-04-15T16:08:25.248+0000] {logging_mixin.py:120} INFO - [2024-04-15T16:08:25.247+0000] {dagbag.py:537} INFO - Filling up the DagBag from /opt/airflow/dags/user_processing.py
[2024-04-15T16:08:25.462+0000] {processor.py:766} INFO - DAG(s) dict_keys(['user_processing']) retrieved from /opt/airflow/dags/user_processing.py
[2024-04-15T16:08:26.706+0000] {logging_mixin.py:120} INFO - [2024-04-15T16:08:26.705+0000] {dag.py:2585} INFO - Sync 1 DAGs
[2024-04-15T16:08:26.759+0000] {logging_mixin.py:120} INFO - [2024-04-15T16:08:26.759+0000] {dag.py:3340} INFO - Setting next_dagrun for user_processing to 2024-04-15T00:00:00+00:00, run_after=2024-04-16T00:00:00+00:00
[2024-04-15T16:08:26.793+0000] {processor.py:176} INFO - Processing /opt/airflow/dags/user_processing.py took 1.561 seconds
[2024-04-15T16:08:57.070+0000] {processor.py:154} INFO - Started process (PID=22991) to work on /opt/airflow/dags/user_processing.py
[2024-04-15T16:08:57.074+0000] {processor.py:756} INFO - Processing file /opt/airflow/dags/user_processing.py for tasks to queue
[2024-04-15T16:08:57.076+0000] {logging_mixin.py:120} INFO - [2024-04-15T16:08:57.075+0000] {dagbag.py:537} INFO - Filling up the DagBag from /opt/airflow/dags/user_processing.py
[2024-04-15T16:08:57.220+0000] {processor.py:766} INFO - DAG(s) dict_keys(['user_processing']) retrieved from /opt/airflow/dags/user_processing.py
[2024-04-15T16:08:57.856+0000] {logging_mixin.py:120} INFO - [2024-04-15T16:08:57.855+0000] {dag.py:2585} INFO - Sync 1 DAGs
[2024-04-15T16:08:57.895+0000] {logging_mixin.py:120} INFO - [2024-04-15T16:08:57.895+0000] {dag.py:3340} INFO - Setting next_dagrun for user_processing to 2024-04-15T00:00:00+00:00, run_after=2024-04-16T00:00:00+00:00
[2024-04-15T16:08:57.925+0000] {processor.py:176} INFO - Processing /opt/airflow/dags/user_processing.py took 0.867 seconds
[2024-04-15T16:09:28.687+0000] {processor.py:154} INFO - Started process (PID=23060) to work on /opt/airflow/dags/user_processing.py
[2024-04-15T16:09:28.689+0000] {processor.py:756} INFO - Processing file /opt/airflow/dags/user_processing.py for tasks to queue
[2024-04-15T16:09:28.690+0000] {logging_mixin.py:120} INFO - [2024-04-15T16:09:28.690+0000] {dagbag.py:537} INFO - Filling up the DagBag from /opt/airflow/dags/user_processing.py
[2024-04-15T16:09:28.871+0000] {processor.py:766} INFO - DAG(s) dict_keys(['user_processing']) retrieved from /opt/airflow/dags/user_processing.py
[2024-04-15T16:09:29.620+0000] {logging_mixin.py:120} INFO - [2024-04-15T16:09:29.619+0000] {dag.py:2585} INFO - Sync 1 DAGs
[2024-04-15T16:09:29.673+0000] {logging_mixin.py:120} INFO - [2024-04-15T16:09:29.673+0000] {dag.py:3340} INFO - Setting next_dagrun for user_processing to 2024-04-15T00:00:00+00:00, run_after=2024-04-16T00:00:00+00:00
[2024-04-15T16:09:29.708+0000] {processor.py:176} INFO - Processing /opt/airflow/dags/user_processing.py took 1.031 seconds
[2024-04-15T16:09:59.859+0000] {processor.py:154} INFO - Started process (PID=23141) to work on /opt/airflow/dags/user_processing.py
[2024-04-15T16:09:59.862+0000] {processor.py:756} INFO - Processing file /opt/airflow/dags/user_processing.py for tasks to queue
[2024-04-15T16:09:59.864+0000] {logging_mixin.py:120} INFO - [2024-04-15T16:09:59.864+0000] {dagbag.py:537} INFO - Filling up the DagBag from /opt/airflow/dags/user_processing.py
[2024-04-15T16:10:00.010+0000] {processor.py:766} INFO - DAG(s) dict_keys(['user_processing']) retrieved from /opt/airflow/dags/user_processing.py
[2024-04-15T16:10:00.706+0000] {logging_mixin.py:120} INFO - [2024-04-15T16:10:00.705+0000] {dag.py:2585} INFO - Sync 1 DAGs
[2024-04-15T16:10:00.755+0000] {logging_mixin.py:120} INFO - [2024-04-15T16:10:00.755+0000] {dag.py:3340} INFO - Setting next_dagrun for user_processing to 2024-04-15T00:00:00+00:00, run_after=2024-04-16T00:00:00+00:00
[2024-04-15T16:10:01.013+0000] {processor.py:176} INFO - Processing /opt/airflow/dags/user_processing.py took 1.159 seconds
[2024-04-15T16:10:31.257+0000] {processor.py:154} INFO - Started process (PID=23221) to work on /opt/airflow/dags/user_processing.py
[2024-04-15T16:10:31.261+0000] {processor.py:756} INFO - Processing file /opt/airflow/dags/user_processing.py for tasks to queue
[2024-04-15T16:10:31.265+0000] {logging_mixin.py:120} INFO - [2024-04-15T16:10:31.264+0000] {dagbag.py:537} INFO - Filling up the DagBag from /opt/airflow/dags/user_processing.py
[2024-04-15T16:10:31.447+0000] {processor.py:766} INFO - DAG(s) dict_keys(['user_processing']) retrieved from /opt/airflow/dags/user_processing.py
[2024-04-15T16:10:32.357+0000] {logging_mixin.py:120} INFO - [2024-04-15T16:10:32.356+0000] {dag.py:2585} INFO - Sync 1 DAGs
[2024-04-15T16:10:32.407+0000] {logging_mixin.py:120} INFO - [2024-04-15T16:10:32.407+0000] {dag.py:3340} INFO - Setting next_dagrun for user_processing to 2024-04-15T00:00:00+00:00, run_after=2024-04-16T00:00:00+00:00
[2024-04-15T16:10:32.431+0000] {processor.py:176} INFO - Processing /opt/airflow/dags/user_processing.py took 1.184 seconds
[2024-04-15T16:11:03.168+0000] {processor.py:154} INFO - Started process (PID=23294) to work on /opt/airflow/dags/user_processing.py
[2024-04-15T16:11:03.170+0000] {processor.py:756} INFO - Processing file /opt/airflow/dags/user_processing.py for tasks to queue
[2024-04-15T16:11:03.172+0000] {logging_mixin.py:120} INFO - [2024-04-15T16:11:03.172+0000] {dagbag.py:537} INFO - Filling up the DagBag from /opt/airflow/dags/user_processing.py
[2024-04-15T16:11:03.301+0000] {processor.py:766} INFO - DAG(s) dict_keys(['user_processing']) retrieved from /opt/airflow/dags/user_processing.py
[2024-04-15T16:11:03.978+0000] {logging_mixin.py:120} INFO - [2024-04-15T16:11:03.978+0000] {dag.py:2585} INFO - Sync 1 DAGs
[2024-04-15T16:11:04.016+0000] {logging_mixin.py:120} INFO - [2024-04-15T16:11:04.015+0000] {dag.py:3340} INFO - Setting next_dagrun for user_processing to 2024-04-15T00:00:00+00:00, run_after=2024-04-16T00:00:00+00:00
[2024-04-15T16:11:04.046+0000] {processor.py:176} INFO - Processing /opt/airflow/dags/user_processing.py took 0.887 seconds
[2024-04-15T16:11:34.571+0000] {processor.py:154} INFO - Started process (PID=23373) to work on /opt/airflow/dags/user_processing.py
[2024-04-15T16:11:34.573+0000] {processor.py:756} INFO - Processing file /opt/airflow/dags/user_processing.py for tasks to queue
[2024-04-15T16:11:34.575+0000] {logging_mixin.py:120} INFO - [2024-04-15T16:11:34.575+0000] {dagbag.py:537} INFO - Filling up the DagBag from /opt/airflow/dags/user_processing.py
[2024-04-15T16:11:34.698+0000] {processor.py:766} INFO - DAG(s) dict_keys(['user_processing']) retrieved from /opt/airflow/dags/user_processing.py
[2024-04-15T16:11:35.276+0000] {logging_mixin.py:120} INFO - [2024-04-15T16:11:35.275+0000] {dag.py:2585} INFO - Sync 1 DAGs
[2024-04-15T16:11:35.315+0000] {logging_mixin.py:120} INFO - [2024-04-15T16:11:35.315+0000] {dag.py:3340} INFO - Setting next_dagrun for user_processing to 2024-04-15T00:00:00+00:00, run_after=2024-04-16T00:00:00+00:00
[2024-04-15T16:11:35.343+0000] {processor.py:176} INFO - Processing /opt/airflow/dags/user_processing.py took 0.779 seconds
[2024-04-15T16:12:05.520+0000] {processor.py:154} INFO - Started process (PID=23450) to work on /opt/airflow/dags/user_processing.py
[2024-04-15T16:12:05.522+0000] {processor.py:756} INFO - Processing file /opt/airflow/dags/user_processing.py for tasks to queue
[2024-04-15T16:12:05.524+0000] {logging_mixin.py:120} INFO - [2024-04-15T16:12:05.523+0000] {dagbag.py:537} INFO - Filling up the DagBag from /opt/airflow/dags/user_processing.py
[2024-04-15T16:12:05.651+0000] {processor.py:766} INFO - DAG(s) dict_keys(['user_processing']) retrieved from /opt/airflow/dags/user_processing.py
[2024-04-15T16:12:06.300+0000] {logging_mixin.py:120} INFO - [2024-04-15T16:12:06.299+0000] {dag.py:2585} INFO - Sync 1 DAGs
[2024-04-15T16:12:06.553+0000] {logging_mixin.py:120} INFO - [2024-04-15T16:12:06.553+0000] {dag.py:3340} INFO - Setting next_dagrun for user_processing to 2024-04-15T00:00:00+00:00, run_after=2024-04-16T00:00:00+00:00
[2024-04-15T16:12:06.583+0000] {processor.py:176} INFO - Processing /opt/airflow/dags/user_processing.py took 1.068 seconds
[2024-04-15T16:12:37.433+0000] {processor.py:154} INFO - Started process (PID=23521) to work on /opt/airflow/dags/user_processing.py
[2024-04-15T16:12:37.436+0000] {processor.py:756} INFO - Processing file /opt/airflow/dags/user_processing.py for tasks to queue
[2024-04-15T16:12:37.438+0000] {logging_mixin.py:120} INFO - [2024-04-15T16:12:37.438+0000] {dagbag.py:537} INFO - Filling up the DagBag from /opt/airflow/dags/user_processing.py
[2024-04-15T16:12:37.603+0000] {processor.py:766} INFO - DAG(s) dict_keys(['user_processing']) retrieved from /opt/airflow/dags/user_processing.py
[2024-04-15T16:12:38.307+0000] {logging_mixin.py:120} INFO - [2024-04-15T16:12:38.306+0000] {dag.py:2585} INFO - Sync 1 DAGs
[2024-04-15T16:12:38.354+0000] {logging_mixin.py:120} INFO - [2024-04-15T16:12:38.354+0000] {dag.py:3340} INFO - Setting next_dagrun for user_processing to 2024-04-15T00:00:00+00:00, run_after=2024-04-16T00:00:00+00:00
[2024-04-15T16:12:38.385+0000] {processor.py:176} INFO - Processing /opt/airflow/dags/user_processing.py took 0.959 seconds
[2024-04-15T16:13:08.600+0000] {processor.py:154} INFO - Started process (PID=23601) to work on /opt/airflow/dags/user_processing.py
[2024-04-15T16:13:08.604+0000] {processor.py:756} INFO - Processing file /opt/airflow/dags/user_processing.py for tasks to queue
[2024-04-15T16:13:08.607+0000] {logging_mixin.py:120} INFO - [2024-04-15T16:13:08.606+0000] {dagbag.py:537} INFO - Filling up the DagBag from /opt/airflow/dags/user_processing.py
[2024-04-15T16:13:08.817+0000] {processor.py:766} INFO - DAG(s) dict_keys(['user_processing']) retrieved from /opt/airflow/dags/user_processing.py
[2024-04-15T16:13:09.461+0000] {logging_mixin.py:120} INFO - [2024-04-15T16:13:09.460+0000] {dag.py:2585} INFO - Sync 1 DAGs
[2024-04-15T16:13:09.500+0000] {logging_mixin.py:120} INFO - [2024-04-15T16:13:09.500+0000] {dag.py:3340} INFO - Setting next_dagrun for user_processing to 2024-04-15T00:00:00+00:00, run_after=2024-04-16T00:00:00+00:00
[2024-04-15T16:13:09.533+0000] {processor.py:176} INFO - Processing /opt/airflow/dags/user_processing.py took 0.942 seconds
[2024-04-15T16:13:39.714+0000] {processor.py:154} INFO - Started process (PID=23672) to work on /opt/airflow/dags/user_processing.py
[2024-04-15T16:13:39.716+0000] {processor.py:756} INFO - Processing file /opt/airflow/dags/user_processing.py for tasks to queue
[2024-04-15T16:13:39.717+0000] {logging_mixin.py:120} INFO - [2024-04-15T16:13:39.717+0000] {dagbag.py:537} INFO - Filling up the DagBag from /opt/airflow/dags/user_processing.py
[2024-04-15T16:13:39.863+0000] {processor.py:766} INFO - DAG(s) dict_keys(['user_processing']) retrieved from /opt/airflow/dags/user_processing.py
[2024-04-15T16:13:40.502+0000] {logging_mixin.py:120} INFO - [2024-04-15T16:13:40.502+0000] {dag.py:2585} INFO - Sync 1 DAGs
[2024-04-15T16:13:40.557+0000] {logging_mixin.py:120} INFO - [2024-04-15T16:13:40.556+0000] {dag.py:3340} INFO - Setting next_dagrun for user_processing to 2024-04-15T00:00:00+00:00, run_after=2024-04-16T00:00:00+00:00
[2024-04-15T16:13:40.612+0000] {processor.py:176} INFO - Processing /opt/airflow/dags/user_processing.py took 0.904 seconds
[2024-04-15T16:20:20.957+0000] {processor.py:154} INFO - Started process (PID=23693) to work on /opt/airflow/dags/user_processing.py
[2024-04-15T16:20:20.963+0000] {processor.py:756} INFO - Processing file /opt/airflow/dags/user_processing.py for tasks to queue
[2024-04-15T16:20:20.965+0000] {logging_mixin.py:120} INFO - [2024-04-15T16:20:20.965+0000] {dagbag.py:537} INFO - Filling up the DagBag from /opt/airflow/dags/user_processing.py
[2024-04-15T16:20:21.219+0000] {processor.py:766} INFO - DAG(s) dict_keys(['user_processing']) retrieved from /opt/airflow/dags/user_processing.py
[2024-04-15T16:20:22.597+0000] {logging_mixin.py:120} INFO - [2024-04-15T16:20:22.597+0000] {dag.py:2585} INFO - Sync 1 DAGs
[2024-04-15T16:20:22.656+0000] {logging_mixin.py:120} INFO - [2024-04-15T16:20:22.656+0000] {dag.py:3340} INFO - Setting next_dagrun for user_processing to 2024-04-15T00:00:00+00:00, run_after=2024-04-16T00:00:00+00:00
[2024-04-15T16:20:22.699+0000] {processor.py:176} INFO - Processing /opt/airflow/dags/user_processing.py took 1.752 seconds
