[2024-04-08T16:08:29.587+0000] {taskinstance.py:1165} INFO - Dependencies all met for <TaskInstance: parallel_dag.load_b scheduled__2024-04-07T00:00:00+00:00 [queued]>
[2024-04-08T16:08:29.629+0000] {taskinstance.py:1165} INFO - Dependencies all met for <TaskInstance: parallel_dag.load_b scheduled__2024-04-07T00:00:00+00:00 [queued]>
[2024-04-08T16:08:29.637+0000] {taskinstance.py:1362} INFO - 
--------------------------------------------------------------------------------
[2024-04-08T16:08:29.638+0000] {taskinstance.py:1363} INFO - Starting attempt 1 of 1
[2024-04-08T16:08:29.640+0000] {taskinstance.py:1364} INFO - 
--------------------------------------------------------------------------------
[2024-04-08T16:08:29.725+0000] {taskinstance.py:1383} INFO - Executing <Task(BashOperator): load_b> on 2024-04-07 00:00:00+00:00
[2024-04-08T16:08:29.761+0000] {standard_task_runner.py:55} INFO - Started process 7927 to run task
[2024-04-08T16:08:29.813+0000] {standard_task_runner.py:82} INFO - Running: ['***', 'tasks', 'run', 'parallel_dag', 'load_b', 'scheduled__2024-04-07T00:00:00+00:00', '--job-id', '155', '--raw', '--subdir', 'DAGS_FOLDER/parallel_dag.py', '--cfg-path', '/tmp/tmp0yazs4oq']
[2024-04-08T16:08:29.814+0000] {standard_task_runner.py:83} INFO - Job 155: Subtask load_b
[2024-04-08T16:08:30.051+0000] {task_command.py:376} INFO - Running <TaskInstance: parallel_dag.load_b scheduled__2024-04-07T00:00:00+00:00 [running]> on host a868c0c748e3
[2024-04-08T16:08:30.255+0000] {taskinstance.py:1592} INFO - Exporting the following env vars:
AIRFLOW_CTX_DAG_OWNER=***
AIRFLOW_CTX_DAG_ID=parallel_dag
AIRFLOW_CTX_TASK_ID=load_b
AIRFLOW_CTX_EXECUTION_DATE=2024-04-07T00:00:00+00:00
AIRFLOW_CTX_TRY_NUMBER=1
AIRFLOW_CTX_DAG_RUN_ID=scheduled__2024-04-07T00:00:00+00:00
[2024-04-08T16:08:30.257+0000] {subprocess.py:63} INFO - Tmp dir root location: 
 /tmp
[2024-04-08T16:08:30.259+0000] {subprocess.py:75} INFO - Running command: ['/bin/bash', '-c', 'sleep 1']
[2024-04-08T16:08:30.294+0000] {subprocess.py:86} INFO - Output:
[2024-04-08T16:08:31.304+0000] {subprocess.py:97} INFO - Command exited with return code 0
[2024-04-08T16:08:31.374+0000] {taskinstance.py:1406} INFO - Marking task as SUCCESS. dag_id=parallel_dag, task_id=load_b, execution_date=20240407T000000, start_date=20240408T160829, end_date=20240408T160831
[2024-04-08T16:08:31.444+0000] {local_task_job.py:164} INFO - Task exited with return code 0
[2024-04-08T16:08:31.488+0000] {local_task_job.py:273} INFO - 0 downstream tasks scheduled from follow-on schedule check
