[2024-03-30T21:22:09.221+0000] {taskinstance.py:1165} INFO - Dependencies all met for <TaskInstance: example_bash_operator.run_after_loop scheduled__2024-03-29T00:00:00+00:00 [queued]>
[2024-03-30T21:22:09.248+0000] {taskinstance.py:1165} INFO - Dependencies all met for <TaskInstance: example_bash_operator.run_after_loop scheduled__2024-03-29T00:00:00+00:00 [queued]>
[2024-03-30T21:22:09.249+0000] {taskinstance.py:1362} INFO - 
--------------------------------------------------------------------------------
[2024-03-30T21:22:09.254+0000] {taskinstance.py:1363} INFO - Starting attempt 1 of 1
[2024-03-30T21:22:09.255+0000] {taskinstance.py:1364} INFO - 
--------------------------------------------------------------------------------
[2024-03-30T21:22:11.702+0000] {taskinstance.py:1383} INFO - Executing <Task(BashOperator): run_after_loop> on 2024-03-29 00:00:00+00:00
[2024-03-30T21:22:11.723+0000] {standard_task_runner.py:55} INFO - Started process 8625 to run task
[2024-03-30T21:22:11.732+0000] {standard_task_runner.py:82} INFO - Running: ['***', 'tasks', 'run', 'example_bash_operator', 'run_after_loop', 'scheduled__2024-03-29T00:00:00+00:00', '--job-id', '60', '--raw', '--subdir', '/home/***/.local/lib/python3.7/site-packages/***/example_dags/example_bash_operator.py', '--cfg-path', '/tmp/tmpe0gp4q07']
[2024-03-30T21:22:11.741+0000] {standard_task_runner.py:83} INFO - Job 60: Subtask run_after_loop
[2024-03-30T21:22:11.966+0000] {task_command.py:376} INFO - Running <TaskInstance: example_bash_operator.run_after_loop scheduled__2024-03-29T00:00:00+00:00 [running]> on host 0245ea477832
[2024-03-30T21:22:12.124+0000] {taskinstance.py:1592} INFO - Exporting the following env vars:
AIRFLOW_CTX_DAG_OWNER=***
AIRFLOW_CTX_DAG_ID=example_bash_operator
AIRFLOW_CTX_TASK_ID=run_after_loop
AIRFLOW_CTX_EXECUTION_DATE=2024-03-29T00:00:00+00:00
AIRFLOW_CTX_TRY_NUMBER=1
AIRFLOW_CTX_DAG_RUN_ID=scheduled__2024-03-29T00:00:00+00:00
[2024-03-30T21:22:12.126+0000] {subprocess.py:63} INFO - Tmp dir root location: 
 /tmp
[2024-03-30T21:22:12.128+0000] {subprocess.py:75} INFO - Running command: ['/bin/bash', '-c', 'echo 1']
[2024-03-30T21:22:12.148+0000] {subprocess.py:86} INFO - Output:
[2024-03-30T21:22:12.153+0000] {subprocess.py:93} INFO - 1
[2024-03-30T21:22:12.157+0000] {subprocess.py:97} INFO - Command exited with return code 0
[2024-03-30T21:22:12.201+0000] {taskinstance.py:1406} INFO - Marking task as SUCCESS. dag_id=example_bash_operator, task_id=run_after_loop, execution_date=20240329T000000, start_date=20240330T212209, end_date=20240330T212212
[2024-03-30T21:22:12.242+0000] {local_task_job.py:164} INFO - Task exited with return code 0
[2024-03-30T21:22:12.289+0000] {local_task_job.py:273} INFO - 0 downstream tasks scheduled from follow-on schedule check
