[2024-04-08T16:08:34.384+0000] {taskinstance.py:1165} INFO - Dependencies all met for <TaskInstance: parallel_dag.transform scheduled__2024-04-07T00:00:00+00:00 [queued]>
[2024-04-08T16:08:34.402+0000] {taskinstance.py:1165} INFO - Dependencies all met for <TaskInstance: parallel_dag.transform scheduled__2024-04-07T00:00:00+00:00 [queued]>
[2024-04-08T16:08:34.403+0000] {taskinstance.py:1362} INFO - 
--------------------------------------------------------------------------------
[2024-04-08T16:08:34.404+0000] {taskinstance.py:1363} INFO - Starting attempt 1 of 1
[2024-04-08T16:08:34.405+0000] {taskinstance.py:1364} INFO - 
--------------------------------------------------------------------------------
[2024-04-08T16:08:34.427+0000] {taskinstance.py:1383} INFO - Executing <Task(BashOperator): transform> on 2024-04-07 00:00:00+00:00
[2024-04-08T16:08:34.439+0000] {standard_task_runner.py:55} INFO - Started process 7195 to run task
[2024-04-08T16:08:34.452+0000] {standard_task_runner.py:82} INFO - Running: ['***', 'tasks', 'run', 'parallel_dag', 'transform', 'scheduled__2024-04-07T00:00:00+00:00', '--job-id', '159', '--raw', '--subdir', 'DAGS_FOLDER/parallel_dag.py', '--cfg-path', '/tmp/tmp52ekl1rq']
[2024-04-08T16:08:34.453+0000] {standard_task_runner.py:83} INFO - Job 159: Subtask transform
[2024-04-08T16:08:34.565+0000] {task_command.py:376} INFO - Running <TaskInstance: parallel_dag.transform scheduled__2024-04-07T00:00:00+00:00 [running]> on host a40666380f7f
[2024-04-08T16:08:34.718+0000] {taskinstance.py:1592} INFO - Exporting the following env vars:
AIRFLOW_CTX_DAG_OWNER=***
AIRFLOW_CTX_DAG_ID=parallel_dag
AIRFLOW_CTX_TASK_ID=transform
AIRFLOW_CTX_EXECUTION_DATE=2024-04-07T00:00:00+00:00
AIRFLOW_CTX_TRY_NUMBER=1
AIRFLOW_CTX_DAG_RUN_ID=scheduled__2024-04-07T00:00:00+00:00
[2024-04-08T16:08:34.722+0000] {subprocess.py:63} INFO - Tmp dir root location: 
 /tmp
[2024-04-08T16:08:34.724+0000] {subprocess.py:75} INFO - Running command: ['/bin/bash', '-c', 'sleep 20']
[2024-04-08T16:08:34.748+0000] {subprocess.py:86} INFO - Output:
[2024-04-08T16:08:54.730+0000] {subprocess.py:97} INFO - Command exited with return code 0
[2024-04-08T16:08:54.766+0000] {taskinstance.py:1406} INFO - Marking task as SUCCESS. dag_id=parallel_dag, task_id=transform, execution_date=20240407T000000, start_date=20240408T160834, end_date=20240408T160854
[2024-04-08T16:08:54.800+0000] {local_task_job.py:164} INFO - Task exited with return code 0
[2024-04-08T16:08:54.830+0000] {local_task_job.py:273} INFO - 0 downstream tasks scheduled from follow-on schedule check
