[2024-04-13T01:04:50.116+0000] {taskinstance.py:1165} INFO - Dependencies all met for <TaskInstance: example_bash_operator.runme_1 scheduled__2024-04-12T00:00:00+00:00 [queued]>
[2024-04-13T01:04:50.660+0000] {taskinstance.py:1165} INFO - Dependencies all met for <TaskInstance: example_bash_operator.runme_1 scheduled__2024-04-12T00:00:00+00:00 [queued]>
[2024-04-13T01:04:50.672+0000] {taskinstance.py:1362} INFO - 
--------------------------------------------------------------------------------
[2024-04-13T01:04:50.673+0000] {taskinstance.py:1363} INFO - Starting attempt 1 of 1
[2024-04-13T01:04:50.674+0000] {taskinstance.py:1364} INFO - 
--------------------------------------------------------------------------------
[2024-04-13T01:04:50.907+0000] {taskinstance.py:1383} INFO - Executing <Task(BashOperator): runme_1> on 2024-04-12 00:00:00+00:00
[2024-04-13T01:04:50.942+0000] {standard_task_runner.py:55} INFO - Started process 20014 to run task
[2024-04-13T01:04:51.366+0000] {standard_task_runner.py:82} INFO - Running: ['***', 'tasks', 'run', 'example_bash_operator', 'runme_1', 'scheduled__2024-04-12T00:00:00+00:00', '--job-id', '231', '--raw', '--subdir', '/home/***/.local/lib/python3.7/site-packages/***/example_dags/example_bash_operator.py', '--cfg-path', '/tmp/tmpws9grmgs']
[2024-04-13T01:04:51.370+0000] {standard_task_runner.py:83} INFO - Job 231: Subtask runme_1
[2024-04-13T01:04:52.816+0000] {task_command.py:376} INFO - Running <TaskInstance: example_bash_operator.runme_1 scheduled__2024-04-12T00:00:00+00:00 [running]> on host a868c0c748e3
[2024-04-13T01:04:53.960+0000] {taskinstance.py:1592} INFO - Exporting the following env vars:
AIRFLOW_CTX_DAG_OWNER=***
AIRFLOW_CTX_DAG_ID=example_bash_operator
AIRFLOW_CTX_TASK_ID=runme_1
AIRFLOW_CTX_EXECUTION_DATE=2024-04-12T00:00:00+00:00
AIRFLOW_CTX_TRY_NUMBER=1
AIRFLOW_CTX_DAG_RUN_ID=scheduled__2024-04-12T00:00:00+00:00
[2024-04-13T01:04:53.994+0000] {subprocess.py:63} INFO - Tmp dir root location: 
 /tmp
[2024-04-13T01:04:54.044+0000] {subprocess.py:75} INFO - Running command: ['/bin/bash', '-c', 'echo "example_bash_operator__runme_1__20240412" && sleep 1']
[2024-04-13T01:04:54.269+0000] {subprocess.py:86} INFO - Output:
[2024-04-13T01:04:54.347+0000] {subprocess.py:93} INFO - example_bash_operator__runme_1__20240412
[2024-04-13T01:04:55.400+0000] {subprocess.py:97} INFO - Command exited with return code 0
[2024-04-13T01:04:55.935+0000] {taskinstance.py:1406} INFO - Marking task as SUCCESS. dag_id=example_bash_operator, task_id=runme_1, execution_date=20240412T000000, start_date=20240413T010450, end_date=20240413T010455
[2024-04-13T01:04:56.314+0000] {local_task_job.py:164} INFO - Task exited with return code 0
[2024-04-13T01:04:56.463+0000] {local_task_job.py:273} INFO - 0 downstream tasks scheduled from follow-on schedule check
